[2022-06-18 15:10:39,920] {taskinstance.py:851} INFO - Dependencies all met for <TaskInstance: analyze_json_data.getDate 2022-06-17T00:00:00+00:00 [queued]>
[2022-06-18 15:10:39,932] {taskinstance.py:851} INFO - Dependencies all met for <TaskInstance: analyze_json_data.getDate 2022-06-17T00:00:00+00:00 [queued]>
[2022-06-18 15:10:39,932] {taskinstance.py:1042} INFO - 
--------------------------------------------------------------------------------
[2022-06-18 15:10:39,932] {taskinstance.py:1043} INFO - Starting attempt 1 of 4
[2022-06-18 15:10:39,932] {taskinstance.py:1044} INFO - 
--------------------------------------------------------------------------------
[2022-06-18 15:10:39,939] {taskinstance.py:1063} INFO - Executing <Task(BranchPythonOperator): getDate> on 2022-06-17T00:00:00+00:00
[2022-06-18 15:10:39,943] {standard_task_runner.py:52} INFO - Started process 313 to run task
[2022-06-18 15:10:39,945] {standard_task_runner.py:76} INFO - Running: ['airflow', 'tasks', 'run', 'analyze_json_data', 'getDate', '2022-06-17T00:00:00+00:00', '--job-id', '315', '--pool', 'default_pool', '--raw', '--subdir', 'DAGS_FOLDER/dagRun.py', '--cfg-path', '/tmp/tmpo_j00ihn', '--error-file', '/tmp/tmp14yi5bm6']
[2022-06-18 15:10:39,946] {standard_task_runner.py:77} INFO - Job 315: Subtask getDate
[2022-06-18 15:10:39,975] {logging_mixin.py:104} INFO - Running <TaskInstance: analyze_json_data.getDate 2022-06-17T00:00:00+00:00 [running]> on host 1189a6233bd7
[2022-06-18 15:10:40,000] {taskinstance.py:1257} INFO - Exporting the following env vars:
AIRFLOW_CTX_DAG_OWNER=Renato_Otescu
AIRFLOW_CTX_DAG_ID=analyze_json_data
AIRFLOW_CTX_TASK_ID=getDate
AIRFLOW_CTX_EXECUTION_DATE=2022-06-17T00:00:00+00:00
AIRFLOW_CTX_DAG_RUN_ID=scheduled__2022-06-17T00:00:00+00:00
[2022-06-18 15:10:40,005] {python.py:118} INFO - Done. Returned value was: parseJsonFile
[2022-06-18 15:10:40,005] {skipmixin.py:124} INFO - Following branch parseJsonFile
[2022-06-18 15:10:40,011] {skipmixin.py:155} INFO - Skipping tasks []
[2022-06-18 15:10:40,031] {taskinstance.py:1166} INFO - Marking task as SUCCESS. dag_id=analyze_json_data, task_id=getDate, execution_date=20220617T000000, start_date=20220618T151039, end_date=20220618T151040
[2022-06-18 15:10:40,057] {taskinstance.py:1220} INFO - 1 downstream tasks scheduled from follow-on schedule check
[2022-06-18 15:10:40,076] {local_task_job.py:146} INFO - Task exited with return code 0
