[2022-04-19 15:37:12,830] {taskinstance.py:851} INFO - Dependencies all met for <TaskInstance: analyze_json_data.getLastProcessedDate 2022-04-19T15:37:11.698593+00:00 [queued]>
[2022-04-19 15:37:12,837] {taskinstance.py:851} INFO - Dependencies all met for <TaskInstance: analyze_json_data.getLastProcessedDate 2022-04-19T15:37:11.698593+00:00 [queued]>
[2022-04-19 15:37:12,837] {taskinstance.py:1042} INFO - 
--------------------------------------------------------------------------------
[2022-04-19 15:37:12,837] {taskinstance.py:1043} INFO - Starting attempt 1 of 4
[2022-04-19 15:37:12,837] {taskinstance.py:1044} INFO - 
--------------------------------------------------------------------------------
[2022-04-19 15:37:12,848] {taskinstance.py:1063} INFO - Executing <Task(PythonOperator): getLastProcessedDate> on 2022-04-19T15:37:11.698593+00:00
[2022-04-19 15:37:12,852] {standard_task_runner.py:52} INFO - Started process 576 to run task
[2022-04-19 15:37:12,855] {standard_task_runner.py:76} INFO - Running: ['airflow', 'tasks', 'run', 'analyze_json_data', 'getLastProcessedDate', '2022-04-19T15:37:11.698593+00:00', '--job-id', '271', '--pool', 'default_pool', '--raw', '--subdir', 'DAGS_FOLDER/dagRun.py', '--cfg-path', '/tmp/tmpwe4x1j90', '--error-file', '/tmp/tmpskuezoke']
[2022-04-19 15:37:12,858] {standard_task_runner.py:77} INFO - Job 271: Subtask getLastProcessedDate
[2022-04-19 15:37:12,889] {logging_mixin.py:104} INFO - Running <TaskInstance: analyze_json_data.getLastProcessedDate 2022-04-19T15:37:11.698593+00:00 [running]> on host 1189a6233bd7
[2022-04-19 15:37:12,918] {taskinstance.py:1257} INFO - Exporting the following env vars:
AIRFLOW_CTX_DAG_OWNER=Renato_Otescu
AIRFLOW_CTX_DAG_ID=analyze_json_data
AIRFLOW_CTX_TASK_ID=getLastProcessedDate
AIRFLOW_CTX_EXECUTION_DATE=2022-04-19T15:37:11.698593+00:00
AIRFLOW_CTX_DAG_RUN_ID=manual__2022-04-19T15:37:11.698593+00:00
[2022-04-19 15:37:13,346] {python.py:118} INFO - Done. Returned value was: None
[2022-04-19 15:37:13,353] {taskinstance.py:1166} INFO - Marking task as SUCCESS. dag_id=analyze_json_data, task_id=getLastProcessedDate, execution_date=20220419T153711, start_date=20220419T153712, end_date=20220419T153713
[2022-04-19 15:37:13,375] {taskinstance.py:1220} INFO - 1 downstream tasks scheduled from follow-on schedule check
[2022-04-19 15:37:13,386] {local_task_job.py:146} INFO - Task exited with return code 0
