[2022-04-16 01:52:11,906] {taskinstance.py:851} INFO - Dependencies all met for <TaskInstance: analyze_json_data.getLastProcessedDate 2022-04-11T00:00:00+00:00 [queued]>
[2022-04-16 01:52:11,920] {taskinstance.py:851} INFO - Dependencies all met for <TaskInstance: analyze_json_data.getLastProcessedDate 2022-04-11T00:00:00+00:00 [queued]>
[2022-04-16 01:52:11,921] {taskinstance.py:1042} INFO - 
--------------------------------------------------------------------------------
[2022-04-16 01:52:11,921] {taskinstance.py:1043} INFO - Starting attempt 1 of 4
[2022-04-16 01:52:11,921] {taskinstance.py:1044} INFO - 
--------------------------------------------------------------------------------
[2022-04-16 01:52:11,928] {taskinstance.py:1063} INFO - Executing <Task(PythonOperator): getLastProcessedDate> on 2022-04-11T00:00:00+00:00
[2022-04-16 01:52:11,932] {standard_task_runner.py:52} INFO - Started process 264 to run task
[2022-04-16 01:52:11,934] {standard_task_runner.py:76} INFO - Running: ['airflow', 'tasks', 'run', 'analyze_json_data', 'getLastProcessedDate', '2022-04-11T00:00:00+00:00', '--job-id', '169', '--pool', 'default_pool', '--raw', '--subdir', 'DAGS_FOLDER/dagRun.py', '--cfg-path', '/tmp/tmpqxh_delb', '--error-file', '/tmp/tmpwkc_pgex']
[2022-04-16 01:52:11,935] {standard_task_runner.py:77} INFO - Job 169: Subtask getLastProcessedDate
[2022-04-16 01:52:11,969] {logging_mixin.py:104} INFO - Running <TaskInstance: analyze_json_data.getLastProcessedDate 2022-04-11T00:00:00+00:00 [running]> on host 184ae5fa8a0d
[2022-04-16 01:52:12,001] {taskinstance.py:1257} INFO - Exporting the following env vars:
AIRFLOW_CTX_DAG_OWNER=Renato_Otescu
AIRFLOW_CTX_DAG_ID=analyze_json_data
AIRFLOW_CTX_TASK_ID=getLastProcessedDate
AIRFLOW_CTX_EXECUTION_DATE=2022-04-11T00:00:00+00:00
AIRFLOW_CTX_DAG_RUN_ID=scheduled__2022-04-11T00:00:00+00:00
[2022-04-16 01:52:13,308] {python.py:118} INFO - Done. Returned value was: None
[2022-04-16 01:52:13,314] {taskinstance.py:1166} INFO - Marking task as SUCCESS. dag_id=analyze_json_data, task_id=getLastProcessedDate, execution_date=20220411T000000, start_date=20220416T015211, end_date=20220416T015213
[2022-04-16 01:52:13,333] {taskinstance.py:1220} INFO - 1 downstream tasks scheduled from follow-on schedule check
[2022-04-16 01:52:13,348] {local_task_job.py:146} INFO - Task exited with return code 0
