[2022-04-19 15:05:10,994] {taskinstance.py:851} INFO - Dependencies all met for <TaskInstance: analyze_json_data.getLastProcessedDate 2022-04-19T15:05:10.267375+00:00 [queued]>
[2022-04-19 15:05:11,006] {taskinstance.py:851} INFO - Dependencies all met for <TaskInstance: analyze_json_data.getLastProcessedDate 2022-04-19T15:05:10.267375+00:00 [queued]>
[2022-04-19 15:05:11,006] {taskinstance.py:1042} INFO - 
--------------------------------------------------------------------------------
[2022-04-19 15:05:11,006] {taskinstance.py:1043} INFO - Starting attempt 1 of 4
[2022-04-19 15:05:11,006] {taskinstance.py:1044} INFO - 
--------------------------------------------------------------------------------
[2022-04-19 15:05:11,012] {taskinstance.py:1063} INFO - Executing <Task(PythonOperator): getLastProcessedDate> on 2022-04-19T15:05:10.267375+00:00
[2022-04-19 15:05:11,015] {standard_task_runner.py:52} INFO - Started process 7583 to run task
[2022-04-19 15:05:11,018] {standard_task_runner.py:76} INFO - Running: ['airflow', 'tasks', 'run', 'analyze_json_data', 'getLastProcessedDate', '2022-04-19T15:05:10.267375+00:00', '--job-id', '220', '--pool', 'default_pool', '--raw', '--subdir', 'DAGS_FOLDER/dagRun.py', '--cfg-path', '/tmp/tmpw2p3vdx_', '--error-file', '/tmp/tmpm6wo8r1q']
[2022-04-19 15:05:11,020] {standard_task_runner.py:77} INFO - Job 220: Subtask getLastProcessedDate
[2022-04-19 15:05:11,050] {logging_mixin.py:104} INFO - Running <TaskInstance: analyze_json_data.getLastProcessedDate 2022-04-19T15:05:10.267375+00:00 [running]> on host 79776f5a39da
[2022-04-19 15:05:11,076] {taskinstance.py:1257} INFO - Exporting the following env vars:
AIRFLOW_CTX_DAG_OWNER=Renato_Otescu
AIRFLOW_CTX_DAG_ID=analyze_json_data
AIRFLOW_CTX_TASK_ID=getLastProcessedDate
AIRFLOW_CTX_EXECUTION_DATE=2022-04-19T15:05:10.267375+00:00
AIRFLOW_CTX_DAG_RUN_ID=manual__2022-04-19T15:05:10.267375+00:00
[2022-04-19 15:05:11,492] {python.py:118} INFO - Done. Returned value was: None
[2022-04-19 15:05:11,498] {taskinstance.py:1166} INFO - Marking task as SUCCESS. dag_id=analyze_json_data, task_id=getLastProcessedDate, execution_date=20220419T150510, start_date=20220419T150510, end_date=20220419T150511
[2022-04-19 15:05:11,519] {taskinstance.py:1220} INFO - 1 downstream tasks scheduled from follow-on schedule check
[2022-04-19 15:05:11,549] {local_task_job.py:146} INFO - Task exited with return code 0
