[2022-04-16 01:52:14,951] {taskinstance.py:851} INFO - Dependencies all met for <TaskInstance: analyze_json_data.parseJsonFile 2022-04-15T00:00:00+00:00 [queued]>
[2022-04-16 01:52:14,964] {taskinstance.py:851} INFO - Dependencies all met for <TaskInstance: analyze_json_data.parseJsonFile 2022-04-15T00:00:00+00:00 [queued]>
[2022-04-16 01:52:14,964] {taskinstance.py:1042} INFO - 
--------------------------------------------------------------------------------
[2022-04-16 01:52:14,964] {taskinstance.py:1043} INFO - Starting attempt 1 of 4
[2022-04-16 01:52:14,965] {taskinstance.py:1044} INFO - 
--------------------------------------------------------------------------------
[2022-04-16 01:52:14,971] {taskinstance.py:1063} INFO - Executing <Task(BranchPythonOperator): parseJsonFile> on 2022-04-15T00:00:00+00:00
[2022-04-16 01:52:14,973] {standard_task_runner.py:52} INFO - Started process 316 to run task
[2022-04-16 01:52:14,976] {standard_task_runner.py:76} INFO - Running: ['airflow', 'tasks', 'run', 'analyze_json_data', 'parseJsonFile', '2022-04-15T00:00:00+00:00', '--job-id', '173', '--pool', 'default_pool', '--raw', '--subdir', 'DAGS_FOLDER/dagRun.py', '--cfg-path', '/tmp/tmpjo4vwb8r', '--error-file', '/tmp/tmpz6arkg0f']
[2022-04-16 01:52:14,978] {standard_task_runner.py:77} INFO - Job 173: Subtask parseJsonFile
[2022-04-16 01:52:15,007] {logging_mixin.py:104} INFO - Running <TaskInstance: analyze_json_data.parseJsonFile 2022-04-15T00:00:00+00:00 [running]> on host 184ae5fa8a0d
[2022-04-16 01:52:15,034] {taskinstance.py:1257} INFO - Exporting the following env vars:
AIRFLOW_CTX_DAG_OWNER=Renato_Otescu
AIRFLOW_CTX_DAG_ID=analyze_json_data
AIRFLOW_CTX_TASK_ID=parseJsonFile
AIRFLOW_CTX_EXECUTION_DATE=2022-04-15T00:00:00+00:00
AIRFLOW_CTX_DAG_RUN_ID=scheduled__2022-04-15T00:00:00+00:00
[2022-04-16 01:52:15,045] {s3.py:793} INFO - Downloading source S3 file from Bucket airflow-raw with path countyData.json
[2022-04-16 01:52:15,047] {base_aws.py:362} INFO - Airflow Connection: aws_conn_id=aws_default
[2022-04-16 01:52:15,047] {crypto.py:82} WARNING - empty cryptography key - values will not be stored encrypted.
[2022-04-16 01:52:15,047] {base_aws.py:171} INFO - Credentials retrieved from extra_config['s3_config_file']
[2022-04-16 01:52:15,047] {base_aws.py:81} INFO - Creating session with aws_access_key_id=AKIA2RNRZHIUSS5EYBCG region_name=None
[2022-04-16 01:52:15,056] {base_aws.py:151} INFO - role_arn is None
[2022-04-16 01:52:15,786] {base_aws.py:362} INFO - Airflow Connection: aws_conn_id=aws_default
[2022-04-16 01:52:15,787] {base_aws.py:171} INFO - Credentials retrieved from extra_config['s3_config_file']
[2022-04-16 01:52:15,787] {base_aws.py:81} INFO - Creating session with aws_access_key_id=AKIA2RNRZHIUSS5EYBCG region_name=None
[2022-04-16 01:52:15,799] {base_aws.py:151} INFO - role_arn is None
[2022-04-16 01:52:20,790] {python.py:118} INFO - Done. Returned value was: processParsedData
[2022-04-16 01:52:20,790] {skipmixin.py:124} INFO - Following branch processParsedData
[2022-04-16 01:52:20,796] {skipmixin.py:155} INFO - Skipping tasks []
[2022-04-16 01:52:20,818] {taskinstance.py:1166} INFO - Marking task as SUCCESS. dag_id=analyze_json_data, task_id=parseJsonFile, execution_date=20220415T000000, start_date=20220416T015214, end_date=20220416T015220
[2022-04-16 01:52:20,846] {taskinstance.py:1220} INFO - 1 downstream tasks scheduled from follow-on schedule check
[2022-04-16 01:52:20,870] {local_task_job.py:146} INFO - Task exited with return code 0
