[2022-05-07 14:14:02,688] {taskinstance.py:851} INFO - Dependencies all met for <TaskInstance: analyze_json_data.getDate 2022-05-06T00:00:00+00:00 [queued]>
[2022-05-07 14:14:02,695] {taskinstance.py:851} INFO - Dependencies all met for <TaskInstance: analyze_json_data.getDate 2022-05-06T00:00:00+00:00 [queued]>
[2022-05-07 14:14:02,695] {taskinstance.py:1042} INFO - 
--------------------------------------------------------------------------------
[2022-05-07 14:14:02,695] {taskinstance.py:1043} INFO - Starting attempt 1 of 4
[2022-05-07 14:14:02,695] {taskinstance.py:1044} INFO - 
--------------------------------------------------------------------------------
[2022-05-07 14:14:02,701] {taskinstance.py:1063} INFO - Executing <Task(BranchPythonOperator): getDate> on 2022-05-06T00:00:00+00:00
[2022-05-07 14:14:02,705] {standard_task_runner.py:52} INFO - Started process 312 to run task
[2022-05-07 14:14:02,708] {standard_task_runner.py:76} INFO - Running: ['airflow', 'tasks', 'run', 'analyze_json_data', 'getDate', '2022-05-06T00:00:00+00:00', '--job-id', '298', '--pool', 'default_pool', '--raw', '--subdir', 'DAGS_FOLDER/dagRun.py', '--cfg-path', '/tmp/tmpfbwch6i7', '--error-file', '/tmp/tmp38vghgae']
[2022-05-07 14:14:02,710] {standard_task_runner.py:77} INFO - Job 298: Subtask getDate
[2022-05-07 14:14:02,740] {logging_mixin.py:104} INFO - Running <TaskInstance: analyze_json_data.getDate 2022-05-06T00:00:00+00:00 [running]> on host 1189a6233bd7
[2022-05-07 14:14:02,772] {taskinstance.py:1257} INFO - Exporting the following env vars:
AIRFLOW_CTX_DAG_OWNER=Renato_Otescu
AIRFLOW_CTX_DAG_ID=analyze_json_data
AIRFLOW_CTX_TASK_ID=getDate
AIRFLOW_CTX_EXECUTION_DATE=2022-05-06T00:00:00+00:00
AIRFLOW_CTX_DAG_RUN_ID=scheduled__2022-05-06T00:00:00+00:00
[2022-05-07 14:14:02,778] {python.py:118} INFO - Done. Returned value was: parseJsonFile
[2022-05-07 14:14:02,778] {skipmixin.py:124} INFO - Following branch parseJsonFile
[2022-05-07 14:14:02,783] {skipmixin.py:155} INFO - Skipping tasks []
[2022-05-07 14:14:02,803] {taskinstance.py:1166} INFO - Marking task as SUCCESS. dag_id=analyze_json_data, task_id=getDate, execution_date=20220506T000000, start_date=20220507T141402, end_date=20220507T141402
[2022-05-07 14:14:02,829] {taskinstance.py:1220} INFO - 1 downstream tasks scheduled from follow-on schedule check
[2022-05-07 14:14:02,838] {local_task_job.py:146} INFO - Task exited with return code 0
