[2022-06-25 09:11:58,996] {taskinstance.py:851} INFO - Dependencies all met for <TaskInstance: analyze_json_data.getLastProcessedDate 2022-06-25T09:11:40.779593+00:00 [queued]>
[2022-06-25 09:11:59,008] {taskinstance.py:851} INFO - Dependencies all met for <TaskInstance: analyze_json_data.getLastProcessedDate 2022-06-25T09:11:40.779593+00:00 [queued]>
[2022-06-25 09:11:59,008] {taskinstance.py:1042} INFO - 
--------------------------------------------------------------------------------
[2022-06-25 09:11:59,008] {taskinstance.py:1043} INFO - Starting attempt 1 of 4
[2022-06-25 09:11:59,008] {taskinstance.py:1044} INFO - 
--------------------------------------------------------------------------------
[2022-06-25 09:11:59,015] {taskinstance.py:1063} INFO - Executing <Task(PythonOperator): getLastProcessedDate> on 2022-06-25T09:11:40.779593+00:00
[2022-06-25 09:11:59,019] {standard_task_runner.py:52} INFO - Started process 848 to run task
[2022-06-25 09:11:59,021] {standard_task_runner.py:76} INFO - Running: ['airflow', 'tasks', 'run', 'analyze_json_data', 'getLastProcessedDate', '2022-06-25T09:11:40.779593+00:00', '--job-id', '348', '--pool', 'default_pool', '--raw', '--subdir', 'DAGS_FOLDER/dagRun.py', '--cfg-path', '/tmp/tmp_isx_o0p', '--error-file', '/tmp/tmpfdzuxzcp']
[2022-06-25 09:11:59,023] {standard_task_runner.py:77} INFO - Job 348: Subtask getLastProcessedDate
[2022-06-25 09:11:59,051] {logging_mixin.py:104} INFO - Running <TaskInstance: analyze_json_data.getLastProcessedDate 2022-06-25T09:11:40.779593+00:00 [running]> on host bb303642214a
[2022-06-25 09:11:59,077] {taskinstance.py:1257} INFO - Exporting the following env vars:
AIRFLOW_CTX_DAG_OWNER=Renato_Otescu
AIRFLOW_CTX_DAG_ID=analyze_json_data
AIRFLOW_CTX_TASK_ID=getLastProcessedDate
AIRFLOW_CTX_EXECUTION_DATE=2022-06-25T09:11:40.779593+00:00
AIRFLOW_CTX_DAG_RUN_ID=manual__2022-06-25T09:11:40.779593+00:00
[2022-06-25 09:11:59,529] {python.py:118} INFO - Done. Returned value was: None
[2022-06-25 09:11:59,535] {taskinstance.py:1166} INFO - Marking task as SUCCESS. dag_id=analyze_json_data, task_id=getLastProcessedDate, execution_date=20220625T091140, start_date=20220625T091158, end_date=20220625T091159
[2022-06-25 09:11:59,557] {taskinstance.py:1220} INFO - 1 downstream tasks scheduled from follow-on schedule check
[2022-06-25 09:11:59,593] {local_task_job.py:146} INFO - Task exited with return code 0
