[2022-04-11 15:25:46,403] {taskinstance.py:851} INFO - Dependencies all met for <TaskInstance: analyze_json_data.getLastProcessedDate 2022-04-11T15:25:45.726543+00:00 [queued]>
[2022-04-11 15:25:46,411] {taskinstance.py:851} INFO - Dependencies all met for <TaskInstance: analyze_json_data.getLastProcessedDate 2022-04-11T15:25:45.726543+00:00 [queued]>
[2022-04-11 15:25:46,411] {taskinstance.py:1042} INFO - 
--------------------------------------------------------------------------------
[2022-04-11 15:25:46,411] {taskinstance.py:1043} INFO - Starting attempt 1 of 4
[2022-04-11 15:25:46,411] {taskinstance.py:1044} INFO - 
--------------------------------------------------------------------------------
[2022-04-11 15:25:46,423] {taskinstance.py:1063} INFO - Executing <Task(PythonOperator): getLastProcessedDate> on 2022-04-11T15:25:45.726543+00:00
[2022-04-11 15:25:46,428] {standard_task_runner.py:52} INFO - Started process 539 to run task
[2022-04-11 15:25:46,431] {standard_task_runner.py:76} INFO - Running: ['airflow', 'tasks', 'run', 'analyze_json_data', 'getLastProcessedDate', '2022-04-11T15:25:45.726543+00:00', '--job-id', '157', '--pool', 'default_pool', '--raw', '--subdir', 'DAGS_FOLDER/dagRun.py', '--cfg-path', '/tmp/tmpqc6964lw', '--error-file', '/tmp/tmpxp3b4lv_']
[2022-04-11 15:25:46,434] {standard_task_runner.py:77} INFO - Job 157: Subtask getLastProcessedDate
[2022-04-11 15:25:46,463] {logging_mixin.py:104} INFO - Running <TaskInstance: analyze_json_data.getLastProcessedDate 2022-04-11T15:25:45.726543+00:00 [running]> on host 184ae5fa8a0d
[2022-04-11 15:25:46,489] {taskinstance.py:1257} INFO - Exporting the following env vars:
AIRFLOW_CTX_DAG_OWNER=Renato_Otescu
AIRFLOW_CTX_DAG_ID=analyze_json_data
AIRFLOW_CTX_TASK_ID=getLastProcessedDate
AIRFLOW_CTX_EXECUTION_DATE=2022-04-11T15:25:45.726543+00:00
AIRFLOW_CTX_DAG_RUN_ID=manual__2022-04-11T15:25:45.726543+00:00
[2022-04-11 15:25:46,850] {python.py:118} INFO - Done. Returned value was: None
[2022-04-11 15:25:46,858] {taskinstance.py:1166} INFO - Marking task as SUCCESS. dag_id=analyze_json_data, task_id=getLastProcessedDate, execution_date=20220411T152545, start_date=20220411T152546, end_date=20220411T152546
[2022-04-11 15:25:46,878] {taskinstance.py:1220} INFO - 1 downstream tasks scheduled from follow-on schedule check
[2022-04-11 15:25:46,922] {local_task_job.py:146} INFO - Task exited with return code 0
