[2022-04-18 14:37:01,798] {taskinstance.py:851} INFO - Dependencies all met for <TaskInstance: analyze_json_data.getLastProcessedDate 2022-04-17T00:00:00+00:00 [queued]>
[2022-04-18 14:37:01,811] {taskinstance.py:851} INFO - Dependencies all met for <TaskInstance: analyze_json_data.getLastProcessedDate 2022-04-17T00:00:00+00:00 [queued]>
[2022-04-18 14:37:01,811] {taskinstance.py:1042} INFO - 
--------------------------------------------------------------------------------
[2022-04-18 14:37:01,811] {taskinstance.py:1043} INFO - Starting attempt 1 of 4
[2022-04-18 14:37:01,811] {taskinstance.py:1044} INFO - 
--------------------------------------------------------------------------------
[2022-04-18 14:37:01,817] {taskinstance.py:1063} INFO - Executing <Task(PythonOperator): getLastProcessedDate> on 2022-04-17T00:00:00+00:00
[2022-04-18 14:37:01,820] {standard_task_runner.py:52} INFO - Started process 305 to run task
[2022-04-18 14:37:01,822] {standard_task_runner.py:76} INFO - Running: ['airflow', 'tasks', 'run', 'analyze_json_data', 'getLastProcessedDate', '2022-04-17T00:00:00+00:00', '--job-id', '203', '--pool', 'default_pool', '--raw', '--subdir', 'DAGS_FOLDER/dagRun.py', '--cfg-path', '/tmp/tmpd9j572_f', '--error-file', '/tmp/tmpqm1bvyb2']
[2022-04-18 14:37:01,825] {standard_task_runner.py:77} INFO - Job 203: Subtask getLastProcessedDate
[2022-04-18 14:37:01,855] {logging_mixin.py:104} INFO - Running <TaskInstance: analyze_json_data.getLastProcessedDate 2022-04-17T00:00:00+00:00 [running]> on host 79776f5a39da
[2022-04-18 14:37:01,883] {taskinstance.py:1257} INFO - Exporting the following env vars:
AIRFLOW_CTX_DAG_OWNER=Renato_Otescu
AIRFLOW_CTX_DAG_ID=analyze_json_data
AIRFLOW_CTX_TASK_ID=getLastProcessedDate
AIRFLOW_CTX_EXECUTION_DATE=2022-04-17T00:00:00+00:00
AIRFLOW_CTX_DAG_RUN_ID=scheduled__2022-04-17T00:00:00+00:00
[2022-04-18 14:37:02,323] {python.py:118} INFO - Done. Returned value was: None
[2022-04-18 14:37:02,330] {taskinstance.py:1166} INFO - Marking task as SUCCESS. dag_id=analyze_json_data, task_id=getLastProcessedDate, execution_date=20220417T000000, start_date=20220418T143701, end_date=20220418T143702
[2022-04-18 14:37:02,351] {taskinstance.py:1220} INFO - 1 downstream tasks scheduled from follow-on schedule check
[2022-04-18 14:37:02,394] {local_task_job.py:146} INFO - Task exited with return code 0
