[2022-05-02 14:46:28,897] {taskinstance.py:851} INFO - Dependencies all met for <TaskInstance: analyze_json_data.getLastProcessedDate 2022-04-19T00:00:00+00:00 [queued]>
[2022-05-02 14:46:28,911] {taskinstance.py:851} INFO - Dependencies all met for <TaskInstance: analyze_json_data.getLastProcessedDate 2022-04-19T00:00:00+00:00 [queued]>
[2022-05-02 14:46:28,911] {taskinstance.py:1042} INFO - 
--------------------------------------------------------------------------------
[2022-05-02 14:46:28,911] {taskinstance.py:1043} INFO - Starting attempt 1 of 4
[2022-05-02 14:46:28,911] {taskinstance.py:1044} INFO - 
--------------------------------------------------------------------------------
[2022-05-02 14:46:28,960] {taskinstance.py:1063} INFO - Executing <Task(PythonOperator): getLastProcessedDate> on 2022-04-19T00:00:00+00:00
[2022-05-02 14:46:28,964] {standard_task_runner.py:52} INFO - Started process 299 to run task
[2022-05-02 14:46:28,967] {standard_task_runner.py:76} INFO - Running: ['airflow', 'tasks', 'run', 'analyze_json_data', 'getLastProcessedDate', '2022-04-19T00:00:00+00:00', '--job-id', '281', '--pool', 'default_pool', '--raw', '--subdir', 'DAGS_FOLDER/dagRun.py', '--cfg-path', '/tmp/tmpkvw8xi_7', '--error-file', '/tmp/tmpscwi9jog']
[2022-05-02 14:46:28,969] {standard_task_runner.py:77} INFO - Job 281: Subtask getLastProcessedDate
[2022-05-02 14:46:29,000] {logging_mixin.py:104} INFO - Running <TaskInstance: analyze_json_data.getLastProcessedDate 2022-04-19T00:00:00+00:00 [running]> on host 1189a6233bd7
[2022-05-02 14:46:29,032] {taskinstance.py:1257} INFO - Exporting the following env vars:
AIRFLOW_CTX_DAG_OWNER=Renato_Otescu
AIRFLOW_CTX_DAG_ID=analyze_json_data
AIRFLOW_CTX_TASK_ID=getLastProcessedDate
AIRFLOW_CTX_EXECUTION_DATE=2022-04-19T00:00:00+00:00
AIRFLOW_CTX_DAG_RUN_ID=scheduled__2022-04-19T00:00:00+00:00
[2022-05-02 14:46:29,502] {python.py:118} INFO - Done. Returned value was: None
[2022-05-02 14:46:29,509] {taskinstance.py:1166} INFO - Marking task as SUCCESS. dag_id=analyze_json_data, task_id=getLastProcessedDate, execution_date=20220419T000000, start_date=20220502T144628, end_date=20220502T144629
[2022-05-02 14:46:29,534] {taskinstance.py:1220} INFO - 1 downstream tasks scheduled from follow-on schedule check
[2022-05-02 14:46:29,578] {local_task_job.py:146} INFO - Task exited with return code 0
