[2022-06-25 08:30:29,543] {taskinstance.py:851} INFO - Dependencies all met for <TaskInstance: analyze_json_data.getLastProcessedDate 2022-06-18T00:00:00+00:00 [queued]>
[2022-06-25 08:30:29,551] {taskinstance.py:851} INFO - Dependencies all met for <TaskInstance: analyze_json_data.getLastProcessedDate 2022-06-18T00:00:00+00:00 [queued]>
[2022-06-25 08:30:29,551] {taskinstance.py:1042} INFO - 
--------------------------------------------------------------------------------
[2022-06-25 08:30:29,551] {taskinstance.py:1043} INFO - Starting attempt 1 of 4
[2022-06-25 08:30:29,551] {taskinstance.py:1044} INFO - 
--------------------------------------------------------------------------------
[2022-06-25 08:30:29,560] {taskinstance.py:1063} INFO - Executing <Task(PythonOperator): getLastProcessedDate> on 2022-06-18T00:00:00+00:00
[2022-06-25 08:30:29,564] {standard_task_runner.py:52} INFO - Started process 285 to run task
[2022-06-25 08:30:29,569] {standard_task_runner.py:76} INFO - Running: ['airflow', 'tasks', 'run', 'analyze_json_data', 'getLastProcessedDate', '2022-06-18T00:00:00+00:00', '--job-id', '333', '--pool', 'default_pool', '--raw', '--subdir', 'DAGS_FOLDER/dagRun.py', '--cfg-path', '/tmp/tmp723qlbwd', '--error-file', '/tmp/tmpwjhg8pju']
[2022-06-25 08:30:29,580] {standard_task_runner.py:77} INFO - Job 333: Subtask getLastProcessedDate
[2022-06-25 08:30:29,615] {logging_mixin.py:104} INFO - Running <TaskInstance: analyze_json_data.getLastProcessedDate 2022-06-18T00:00:00+00:00 [running]> on host 1189a6233bd7
[2022-06-25 08:30:29,645] {taskinstance.py:1257} INFO - Exporting the following env vars:
AIRFLOW_CTX_DAG_OWNER=Renato_Otescu
AIRFLOW_CTX_DAG_ID=analyze_json_data
AIRFLOW_CTX_TASK_ID=getLastProcessedDate
AIRFLOW_CTX_EXECUTION_DATE=2022-06-18T00:00:00+00:00
AIRFLOW_CTX_DAG_RUN_ID=scheduled__2022-06-18T00:00:00+00:00
[2022-06-25 08:30:30,077] {python.py:118} INFO - Done. Returned value was: None
[2022-06-25 08:30:30,083] {taskinstance.py:1166} INFO - Marking task as SUCCESS. dag_id=analyze_json_data, task_id=getLastProcessedDate, execution_date=20220618T000000, start_date=20220625T083029, end_date=20220625T083030
[2022-06-25 08:30:30,107] {taskinstance.py:1220} INFO - 1 downstream tasks scheduled from follow-on schedule check
[2022-06-25 08:30:30,140] {local_task_job.py:146} INFO - Task exited with return code 0
