[2022-04-17 14:46:49,623] {taskinstance.py:851} INFO - Dependencies all met for <TaskInstance: analyze_json_data.getDate 2022-04-17T14:46:46.987839+00:00 [queued]>
[2022-04-17 14:46:49,636] {taskinstance.py:851} INFO - Dependencies all met for <TaskInstance: analyze_json_data.getDate 2022-04-17T14:46:46.987839+00:00 [queued]>
[2022-04-17 14:46:49,636] {taskinstance.py:1042} INFO - 
--------------------------------------------------------------------------------
[2022-04-17 14:46:49,636] {taskinstance.py:1043} INFO - Starting attempt 1 of 4
[2022-04-17 14:46:49,636] {taskinstance.py:1044} INFO - 
--------------------------------------------------------------------------------
[2022-04-17 14:46:49,642] {taskinstance.py:1063} INFO - Executing <Task(BranchPythonOperator): getDate> on 2022-04-17T14:46:46.987839+00:00
[2022-04-17 14:46:49,675] {standard_task_runner.py:52} INFO - Started process 310 to run task
[2022-04-17 14:46:49,678] {standard_task_runner.py:76} INFO - Running: ['airflow', 'tasks', 'run', 'analyze_json_data', 'getDate', '2022-04-17T14:46:46.987839+00:00', '--job-id', '195', '--pool', 'default_pool', '--raw', '--subdir', 'DAGS_FOLDER/dagRun.py', '--cfg-path', '/tmp/tmpyqgyftg2', '--error-file', '/tmp/tmpu6aea0od']
[2022-04-17 14:46:49,680] {standard_task_runner.py:77} INFO - Job 195: Subtask getDate
[2022-04-17 14:46:49,710] {logging_mixin.py:104} INFO - Running <TaskInstance: analyze_json_data.getDate 2022-04-17T14:46:46.987839+00:00 [running]> on host 79776f5a39da
[2022-04-17 14:46:49,733] {taskinstance.py:1257} INFO - Exporting the following env vars:
AIRFLOW_CTX_DAG_OWNER=Renato_Otescu
AIRFLOW_CTX_DAG_ID=analyze_json_data
AIRFLOW_CTX_TASK_ID=getDate
AIRFLOW_CTX_EXECUTION_DATE=2022-04-17T14:46:46.987839+00:00
AIRFLOW_CTX_DAG_RUN_ID=manual__2022-04-17T14:46:46.987839+00:00
[2022-04-17 14:46:49,738] {python.py:118} INFO - Done. Returned value was: parseJsonFile
[2022-04-17 14:46:49,739] {skipmixin.py:124} INFO - Following branch parseJsonFile
[2022-04-17 14:46:49,743] {skipmixin.py:155} INFO - Skipping tasks []
[2022-04-17 14:46:49,761] {taskinstance.py:1166} INFO - Marking task as SUCCESS. dag_id=analyze_json_data, task_id=getDate, execution_date=20220417T144646, start_date=20220417T144649, end_date=20220417T144649
[2022-04-17 14:46:49,785] {taskinstance.py:1220} INFO - 1 downstream tasks scheduled from follow-on schedule check
[2022-04-17 14:46:49,808] {local_task_job.py:146} INFO - Task exited with return code 0
