[2022-06-18 15:10:39,905] {taskinstance.py:851} INFO - Dependencies all met for <TaskInstance: analyze_json_data.getDate 2022-05-07T00:00:00+00:00 [queued]>
[2022-06-18 15:10:39,917] {taskinstance.py:851} INFO - Dependencies all met for <TaskInstance: analyze_json_data.getDate 2022-05-07T00:00:00+00:00 [queued]>
[2022-06-18 15:10:39,918] {taskinstance.py:1042} INFO - 
--------------------------------------------------------------------------------
[2022-06-18 15:10:39,918] {taskinstance.py:1043} INFO - Starting attempt 1 of 4
[2022-06-18 15:10:39,918] {taskinstance.py:1044} INFO - 
--------------------------------------------------------------------------------
[2022-06-18 15:10:39,924] {taskinstance.py:1063} INFO - Executing <Task(BranchPythonOperator): getDate> on 2022-05-07T00:00:00+00:00
[2022-06-18 15:10:39,927] {standard_task_runner.py:52} INFO - Started process 312 to run task
[2022-06-18 15:10:39,931] {standard_task_runner.py:76} INFO - Running: ['airflow', 'tasks', 'run', 'analyze_json_data', 'getDate', '2022-05-07T00:00:00+00:00', '--job-id', '314', '--pool', 'default_pool', '--raw', '--subdir', 'DAGS_FOLDER/dagRun.py', '--cfg-path', '/tmp/tmpamhscobk', '--error-file', '/tmp/tmp_qtwqzew']
[2022-06-18 15:10:39,933] {standard_task_runner.py:77} INFO - Job 314: Subtask getDate
[2022-06-18 15:10:39,961] {logging_mixin.py:104} INFO - Running <TaskInstance: analyze_json_data.getDate 2022-05-07T00:00:00+00:00 [running]> on host 1189a6233bd7
[2022-06-18 15:10:39,992] {taskinstance.py:1257} INFO - Exporting the following env vars:
AIRFLOW_CTX_DAG_OWNER=Renato_Otescu
AIRFLOW_CTX_DAG_ID=analyze_json_data
AIRFLOW_CTX_TASK_ID=getDate
AIRFLOW_CTX_EXECUTION_DATE=2022-05-07T00:00:00+00:00
AIRFLOW_CTX_DAG_RUN_ID=scheduled__2022-05-07T00:00:00+00:00
[2022-06-18 15:10:39,998] {python.py:118} INFO - Done. Returned value was: parseJsonFile
[2022-06-18 15:10:39,999] {skipmixin.py:124} INFO - Following branch parseJsonFile
[2022-06-18 15:10:40,003] {skipmixin.py:155} INFO - Skipping tasks []
[2022-06-18 15:10:40,022] {taskinstance.py:1166} INFO - Marking task as SUCCESS. dag_id=analyze_json_data, task_id=getDate, execution_date=20220507T000000, start_date=20220618T151039, end_date=20220618T151040
[2022-06-18 15:10:40,047] {taskinstance.py:1220} INFO - 1 downstream tasks scheduled from follow-on schedule check
[2022-06-18 15:10:40,060] {local_task_job.py:146} INFO - Task exited with return code 0
