[2022-04-11 15:23:36,934] {taskinstance.py:851} INFO - Dependencies all met for <TaskInstance: analyze_json_data.getLastProcessedDate 2022-04-11T15:23:36.252209+00:00 [queued]>
[2022-04-11 15:23:36,942] {taskinstance.py:851} INFO - Dependencies all met for <TaskInstance: analyze_json_data.getLastProcessedDate 2022-04-11T15:23:36.252209+00:00 [queued]>
[2022-04-11 15:23:36,942] {taskinstance.py:1042} INFO - 
--------------------------------------------------------------------------------
[2022-04-11 15:23:36,942] {taskinstance.py:1043} INFO - Starting attempt 1 of 4
[2022-04-11 15:23:36,942] {taskinstance.py:1044} INFO - 
--------------------------------------------------------------------------------
[2022-04-11 15:23:36,953] {taskinstance.py:1063} INFO - Executing <Task(PythonOperator): getLastProcessedDate> on 2022-04-11T15:23:36.252209+00:00
[2022-04-11 15:23:36,957] {standard_task_runner.py:52} INFO - Started process 444 to run task
[2022-04-11 15:23:36,960] {standard_task_runner.py:76} INFO - Running: ['airflow', 'tasks', 'run', 'analyze_json_data', 'getLastProcessedDate', '2022-04-11T15:23:36.252209+00:00', '--job-id', '121', '--pool', 'default_pool', '--raw', '--subdir', 'DAGS_FOLDER/dagRun.py', '--cfg-path', '/tmp/tmp5u4qel9w', '--error-file', '/tmp/tmpyoflrlkz']
[2022-04-11 15:23:36,962] {standard_task_runner.py:77} INFO - Job 121: Subtask getLastProcessedDate
[2022-04-11 15:23:36,994] {logging_mixin.py:104} INFO - Running <TaskInstance: analyze_json_data.getLastProcessedDate 2022-04-11T15:23:36.252209+00:00 [running]> on host e57babf4d1d4
[2022-04-11 15:23:37,023] {taskinstance.py:1257} INFO - Exporting the following env vars:
AIRFLOW_CTX_DAG_OWNER=Renato_Otescu
AIRFLOW_CTX_DAG_ID=analyze_json_data
AIRFLOW_CTX_TASK_ID=getLastProcessedDate
AIRFLOW_CTX_EXECUTION_DATE=2022-04-11T15:23:36.252209+00:00
AIRFLOW_CTX_DAG_RUN_ID=manual__2022-04-11T15:23:36.252209+00:00
[2022-04-11 15:23:37,431] {python.py:118} INFO - Done. Returned value was: None
[2022-04-11 15:23:37,438] {taskinstance.py:1166} INFO - Marking task as SUCCESS. dag_id=analyze_json_data, task_id=getLastProcessedDate, execution_date=20220411T152336, start_date=20220411T152336, end_date=20220411T152337
[2022-04-11 15:23:37,456] {taskinstance.py:1220} INFO - 1 downstream tasks scheduled from follow-on schedule check
[2022-04-11 15:23:37,491] {local_task_job.py:146} INFO - Task exited with return code 0
