[2022-04-18 14:37:00,980] {scheduler_job.py:182} INFO - Started process (PID=170) to work on /home/airflow/.local/lib/python3.6/site-packages/airflow/example_dags/example_skip_dag.py
[2022-04-18 14:37:00,981] {scheduler_job.py:629} INFO - Processing file /home/airflow/.local/lib/python3.6/site-packages/airflow/example_dags/example_skip_dag.py for tasks to queue
[2022-04-18 14:37:00,982] {logging_mixin.py:104} INFO - [2022-04-18 14:37:00,982] {dagbag.py:448} INFO - Filling up the DagBag from /home/airflow/.local/lib/python3.6/site-packages/airflow/example_dags/example_skip_dag.py
[2022-04-18 14:37:00,988] {scheduler_job.py:639} INFO - DAG(s) dict_keys(['example_skip_dag']) retrieved from /home/airflow/.local/lib/python3.6/site-packages/airflow/example_dags/example_skip_dag.py
[2022-04-18 14:37:01,005] {logging_mixin.py:104} INFO - [2022-04-18 14:37:01,005] {dag.py:1818} INFO - Sync 1 DAGs
[2022-04-18 14:37:01,014] {logging_mixin.py:104} INFO - [2022-04-18 14:37:01,014] {dag.py:2273} INFO - Setting next_dagrun for example_skip_dag to 2022-04-16 00:00:00+00:00
[2022-04-18 14:37:01,024] {scheduler_job.py:190} INFO - Processing /home/airflow/.local/lib/python3.6/site-packages/airflow/example_dags/example_skip_dag.py took 0.045 seconds
[2022-04-18 14:37:31,079] {scheduler_job.py:182} INFO - Started process (PID=552) to work on /home/airflow/.local/lib/python3.6/site-packages/airflow/example_dags/example_skip_dag.py
[2022-04-18 14:37:31,080] {scheduler_job.py:629} INFO - Processing file /home/airflow/.local/lib/python3.6/site-packages/airflow/example_dags/example_skip_dag.py for tasks to queue
[2022-04-18 14:37:31,080] {logging_mixin.py:104} INFO - [2022-04-18 14:37:31,080] {dagbag.py:448} INFO - Filling up the DagBag from /home/airflow/.local/lib/python3.6/site-packages/airflow/example_dags/example_skip_dag.py
[2022-04-18 14:37:31,088] {scheduler_job.py:639} INFO - DAG(s) dict_keys(['example_skip_dag']) retrieved from /home/airflow/.local/lib/python3.6/site-packages/airflow/example_dags/example_skip_dag.py
[2022-04-18 14:37:31,104] {logging_mixin.py:104} INFO - [2022-04-18 14:37:31,104] {dag.py:1818} INFO - Sync 1 DAGs
[2022-04-18 14:37:31,113] {logging_mixin.py:104} INFO - [2022-04-18 14:37:31,113] {dag.py:2273} INFO - Setting next_dagrun for example_skip_dag to 2022-04-16 00:00:00+00:00
[2022-04-18 14:37:31,117] {scheduler_job.py:190} INFO - Processing /home/airflow/.local/lib/python3.6/site-packages/airflow/example_dags/example_skip_dag.py took 0.041 seconds
[2022-04-18 14:38:01,160] {scheduler_job.py:182} INFO - Started process (PID=691) to work on /home/airflow/.local/lib/python3.6/site-packages/airflow/example_dags/example_skip_dag.py
[2022-04-18 14:38:01,161] {scheduler_job.py:629} INFO - Processing file /home/airflow/.local/lib/python3.6/site-packages/airflow/example_dags/example_skip_dag.py for tasks to queue
[2022-04-18 14:38:01,161] {logging_mixin.py:104} INFO - [2022-04-18 14:38:01,161] {dagbag.py:448} INFO - Filling up the DagBag from /home/airflow/.local/lib/python3.6/site-packages/airflow/example_dags/example_skip_dag.py
[2022-04-18 14:38:01,168] {scheduler_job.py:639} INFO - DAG(s) dict_keys(['example_skip_dag']) retrieved from /home/airflow/.local/lib/python3.6/site-packages/airflow/example_dags/example_skip_dag.py
[2022-04-18 14:38:01,184] {logging_mixin.py:104} INFO - [2022-04-18 14:38:01,184] {dag.py:1818} INFO - Sync 1 DAGs
[2022-04-18 14:38:01,192] {logging_mixin.py:104} INFO - [2022-04-18 14:38:01,192] {dag.py:2273} INFO - Setting next_dagrun for example_skip_dag to 2022-04-16 00:00:00+00:00
[2022-04-18 14:38:01,197] {scheduler_job.py:190} INFO - Processing /home/airflow/.local/lib/python3.6/site-packages/airflow/example_dags/example_skip_dag.py took 0.039 seconds
[2022-04-18 14:38:31,226] {scheduler_job.py:182} INFO - Started process (PID=830) to work on /home/airflow/.local/lib/python3.6/site-packages/airflow/example_dags/example_skip_dag.py
[2022-04-18 14:38:31,227] {scheduler_job.py:629} INFO - Processing file /home/airflow/.local/lib/python3.6/site-packages/airflow/example_dags/example_skip_dag.py for tasks to queue
[2022-04-18 14:38:31,227] {logging_mixin.py:104} INFO - [2022-04-18 14:38:31,227] {dagbag.py:448} INFO - Filling up the DagBag from /home/airflow/.local/lib/python3.6/site-packages/airflow/example_dags/example_skip_dag.py
[2022-04-18 14:38:31,232] {scheduler_job.py:639} INFO - DAG(s) dict_keys(['example_skip_dag']) retrieved from /home/airflow/.local/lib/python3.6/site-packages/airflow/example_dags/example_skip_dag.py
[2022-04-18 14:38:31,246] {logging_mixin.py:104} INFO - [2022-04-18 14:38:31,246] {dag.py:1818} INFO - Sync 1 DAGs
[2022-04-18 14:38:31,256] {logging_mixin.py:104} INFO - [2022-04-18 14:38:31,256] {dag.py:2273} INFO - Setting next_dagrun for example_skip_dag to 2022-04-16 00:00:00+00:00
[2022-04-18 14:38:31,260] {scheduler_job.py:190} INFO - Processing /home/airflow/.local/lib/python3.6/site-packages/airflow/example_dags/example_skip_dag.py took 0.035 seconds
[2022-04-18 14:39:01,298] {scheduler_job.py:182} INFO - Started process (PID=969) to work on /home/airflow/.local/lib/python3.6/site-packages/airflow/example_dags/example_skip_dag.py
[2022-04-18 14:39:01,299] {scheduler_job.py:629} INFO - Processing file /home/airflow/.local/lib/python3.6/site-packages/airflow/example_dags/example_skip_dag.py for tasks to queue
[2022-04-18 14:39:01,299] {logging_mixin.py:104} INFO - [2022-04-18 14:39:01,299] {dagbag.py:448} INFO - Filling up the DagBag from /home/airflow/.local/lib/python3.6/site-packages/airflow/example_dags/example_skip_dag.py
[2022-04-18 14:39:01,307] {scheduler_job.py:639} INFO - DAG(s) dict_keys(['example_skip_dag']) retrieved from /home/airflow/.local/lib/python3.6/site-packages/airflow/example_dags/example_skip_dag.py
[2022-04-18 14:39:01,321] {logging_mixin.py:104} INFO - [2022-04-18 14:39:01,321] {dag.py:1818} INFO - Sync 1 DAGs
[2022-04-18 14:39:01,328] {logging_mixin.py:104} INFO - [2022-04-18 14:39:01,328] {dag.py:2273} INFO - Setting next_dagrun for example_skip_dag to 2022-04-16 00:00:00+00:00
[2022-04-18 14:39:01,332] {scheduler_job.py:190} INFO - Processing /home/airflow/.local/lib/python3.6/site-packages/airflow/example_dags/example_skip_dag.py took 0.035 seconds
[2022-04-18 14:39:31,376] {scheduler_job.py:182} INFO - Started process (PID=1104) to work on /home/airflow/.local/lib/python3.6/site-packages/airflow/example_dags/example_skip_dag.py
[2022-04-18 14:39:31,376] {scheduler_job.py:629} INFO - Processing file /home/airflow/.local/lib/python3.6/site-packages/airflow/example_dags/example_skip_dag.py for tasks to queue
[2022-04-18 14:39:31,377] {logging_mixin.py:104} INFO - [2022-04-18 14:39:31,377] {dagbag.py:448} INFO - Filling up the DagBag from /home/airflow/.local/lib/python3.6/site-packages/airflow/example_dags/example_skip_dag.py
[2022-04-18 14:39:31,384] {scheduler_job.py:639} INFO - DAG(s) dict_keys(['example_skip_dag']) retrieved from /home/airflow/.local/lib/python3.6/site-packages/airflow/example_dags/example_skip_dag.py
[2022-04-18 14:39:31,399] {logging_mixin.py:104} INFO - [2022-04-18 14:39:31,399] {dag.py:1818} INFO - Sync 1 DAGs
[2022-04-18 14:39:31,408] {logging_mixin.py:104} INFO - [2022-04-18 14:39:31,408] {dag.py:2273} INFO - Setting next_dagrun for example_skip_dag to 2022-04-16 00:00:00+00:00
[2022-04-18 14:39:31,412] {scheduler_job.py:190} INFO - Processing /home/airflow/.local/lib/python3.6/site-packages/airflow/example_dags/example_skip_dag.py took 0.038 seconds
[2022-04-18 14:40:01,448] {scheduler_job.py:182} INFO - Started process (PID=1239) to work on /home/airflow/.local/lib/python3.6/site-packages/airflow/example_dags/example_skip_dag.py
[2022-04-18 14:40:01,448] {scheduler_job.py:629} INFO - Processing file /home/airflow/.local/lib/python3.6/site-packages/airflow/example_dags/example_skip_dag.py for tasks to queue
[2022-04-18 14:40:01,449] {logging_mixin.py:104} INFO - [2022-04-18 14:40:01,449] {dagbag.py:448} INFO - Filling up the DagBag from /home/airflow/.local/lib/python3.6/site-packages/airflow/example_dags/example_skip_dag.py
[2022-04-18 14:40:01,456] {scheduler_job.py:639} INFO - DAG(s) dict_keys(['example_skip_dag']) retrieved from /home/airflow/.local/lib/python3.6/site-packages/airflow/example_dags/example_skip_dag.py
[2022-04-18 14:40:01,470] {logging_mixin.py:104} INFO - [2022-04-18 14:40:01,470] {dag.py:1818} INFO - Sync 1 DAGs
[2022-04-18 14:40:01,477] {logging_mixin.py:104} INFO - [2022-04-18 14:40:01,477] {dag.py:2273} INFO - Setting next_dagrun for example_skip_dag to 2022-04-16 00:00:00+00:00
[2022-04-18 14:40:01,481] {scheduler_job.py:190} INFO - Processing /home/airflow/.local/lib/python3.6/site-packages/airflow/example_dags/example_skip_dag.py took 0.035 seconds
[2022-04-18 14:40:32,201] {scheduler_job.py:182} INFO - Started process (PID=1374) to work on /home/airflow/.local/lib/python3.6/site-packages/airflow/example_dags/example_skip_dag.py
[2022-04-18 14:40:32,202] {scheduler_job.py:629} INFO - Processing file /home/airflow/.local/lib/python3.6/site-packages/airflow/example_dags/example_skip_dag.py for tasks to queue
[2022-04-18 14:40:32,202] {logging_mixin.py:104} INFO - [2022-04-18 14:40:32,202] {dagbag.py:448} INFO - Filling up the DagBag from /home/airflow/.local/lib/python3.6/site-packages/airflow/example_dags/example_skip_dag.py
[2022-04-18 14:40:32,211] {scheduler_job.py:639} INFO - DAG(s) dict_keys(['example_skip_dag']) retrieved from /home/airflow/.local/lib/python3.6/site-packages/airflow/example_dags/example_skip_dag.py
[2022-04-18 14:40:32,225] {logging_mixin.py:104} INFO - [2022-04-18 14:40:32,225] {dag.py:1818} INFO - Sync 1 DAGs
[2022-04-18 14:40:32,232] {logging_mixin.py:104} INFO - [2022-04-18 14:40:32,232] {dag.py:2273} INFO - Setting next_dagrun for example_skip_dag to 2022-04-16 00:00:00+00:00
[2022-04-18 14:40:32,236] {scheduler_job.py:190} INFO - Processing /home/airflow/.local/lib/python3.6/site-packages/airflow/example_dags/example_skip_dag.py took 0.037 seconds
[2022-04-18 14:41:02,258] {scheduler_job.py:182} INFO - Started process (PID=1509) to work on /home/airflow/.local/lib/python3.6/site-packages/airflow/example_dags/example_skip_dag.py
[2022-04-18 14:41:02,259] {scheduler_job.py:629} INFO - Processing file /home/airflow/.local/lib/python3.6/site-packages/airflow/example_dags/example_skip_dag.py for tasks to queue
[2022-04-18 14:41:02,259] {logging_mixin.py:104} INFO - [2022-04-18 14:41:02,259] {dagbag.py:448} INFO - Filling up the DagBag from /home/airflow/.local/lib/python3.6/site-packages/airflow/example_dags/example_skip_dag.py
[2022-04-18 14:41:02,265] {scheduler_job.py:639} INFO - DAG(s) dict_keys(['example_skip_dag']) retrieved from /home/airflow/.local/lib/python3.6/site-packages/airflow/example_dags/example_skip_dag.py
[2022-04-18 14:41:02,282] {logging_mixin.py:104} INFO - [2022-04-18 14:41:02,282] {dag.py:1818} INFO - Sync 1 DAGs
[2022-04-18 14:41:02,290] {logging_mixin.py:104} INFO - [2022-04-18 14:41:02,290] {dag.py:2273} INFO - Setting next_dagrun for example_skip_dag to 2022-04-16 00:00:00+00:00
[2022-04-18 14:41:02,294] {scheduler_job.py:190} INFO - Processing /home/airflow/.local/lib/python3.6/site-packages/airflow/example_dags/example_skip_dag.py took 0.039 seconds
[2022-04-18 14:41:32,940] {scheduler_job.py:182} INFO - Started process (PID=1644) to work on /home/airflow/.local/lib/python3.6/site-packages/airflow/example_dags/example_skip_dag.py
[2022-04-18 14:41:32,940] {scheduler_job.py:629} INFO - Processing file /home/airflow/.local/lib/python3.6/site-packages/airflow/example_dags/example_skip_dag.py for tasks to queue
[2022-04-18 14:41:32,941] {logging_mixin.py:104} INFO - [2022-04-18 14:41:32,941] {dagbag.py:448} INFO - Filling up the DagBag from /home/airflow/.local/lib/python3.6/site-packages/airflow/example_dags/example_skip_dag.py
[2022-04-18 14:41:32,948] {scheduler_job.py:639} INFO - DAG(s) dict_keys(['example_skip_dag']) retrieved from /home/airflow/.local/lib/python3.6/site-packages/airflow/example_dags/example_skip_dag.py
[2022-04-18 14:41:32,963] {logging_mixin.py:104} INFO - [2022-04-18 14:41:32,963] {dag.py:1818} INFO - Sync 1 DAGs
[2022-04-18 14:41:32,971] {logging_mixin.py:104} INFO - [2022-04-18 14:41:32,971] {dag.py:2273} INFO - Setting next_dagrun for example_skip_dag to 2022-04-16 00:00:00+00:00
[2022-04-18 14:41:32,974] {scheduler_job.py:190} INFO - Processing /home/airflow/.local/lib/python3.6/site-packages/airflow/example_dags/example_skip_dag.py took 0.036 seconds
[2022-04-18 14:42:03,632] {scheduler_job.py:182} INFO - Started process (PID=1779) to work on /home/airflow/.local/lib/python3.6/site-packages/airflow/example_dags/example_skip_dag.py
[2022-04-18 14:42:03,633] {scheduler_job.py:629} INFO - Processing file /home/airflow/.local/lib/python3.6/site-packages/airflow/example_dags/example_skip_dag.py for tasks to queue
[2022-04-18 14:42:03,634] {logging_mixin.py:104} INFO - [2022-04-18 14:42:03,634] {dagbag.py:448} INFO - Filling up the DagBag from /home/airflow/.local/lib/python3.6/site-packages/airflow/example_dags/example_skip_dag.py
[2022-04-18 14:42:03,642] {scheduler_job.py:639} INFO - DAG(s) dict_keys(['example_skip_dag']) retrieved from /home/airflow/.local/lib/python3.6/site-packages/airflow/example_dags/example_skip_dag.py
[2022-04-18 14:42:03,657] {logging_mixin.py:104} INFO - [2022-04-18 14:42:03,657] {dag.py:1818} INFO - Sync 1 DAGs
[2022-04-18 14:42:03,665] {logging_mixin.py:104} INFO - [2022-04-18 14:42:03,665] {dag.py:2273} INFO - Setting next_dagrun for example_skip_dag to 2022-04-16 00:00:00+00:00
[2022-04-18 14:42:03,669] {scheduler_job.py:190} INFO - Processing /home/airflow/.local/lib/python3.6/site-packages/airflow/example_dags/example_skip_dag.py took 0.039 seconds
[2022-04-18 14:42:34,319] {scheduler_job.py:182} INFO - Started process (PID=1914) to work on /home/airflow/.local/lib/python3.6/site-packages/airflow/example_dags/example_skip_dag.py
[2022-04-18 14:42:34,320] {scheduler_job.py:629} INFO - Processing file /home/airflow/.local/lib/python3.6/site-packages/airflow/example_dags/example_skip_dag.py for tasks to queue
[2022-04-18 14:42:34,320] {logging_mixin.py:104} INFO - [2022-04-18 14:42:34,320] {dagbag.py:448} INFO - Filling up the DagBag from /home/airflow/.local/lib/python3.6/site-packages/airflow/example_dags/example_skip_dag.py
[2022-04-18 14:42:34,327] {scheduler_job.py:639} INFO - DAG(s) dict_keys(['example_skip_dag']) retrieved from /home/airflow/.local/lib/python3.6/site-packages/airflow/example_dags/example_skip_dag.py
[2022-04-18 14:42:34,341] {logging_mixin.py:104} INFO - [2022-04-18 14:42:34,341] {dag.py:1818} INFO - Sync 1 DAGs
[2022-04-18 14:42:34,351] {logging_mixin.py:104} INFO - [2022-04-18 14:42:34,350] {dag.py:2273} INFO - Setting next_dagrun for example_skip_dag to 2022-04-16 00:00:00+00:00
[2022-04-18 14:42:34,354] {scheduler_job.py:190} INFO - Processing /home/airflow/.local/lib/python3.6/site-packages/airflow/example_dags/example_skip_dag.py took 0.038 seconds
[2022-04-18 14:43:05,079] {scheduler_job.py:182} INFO - Started process (PID=2049) to work on /home/airflow/.local/lib/python3.6/site-packages/airflow/example_dags/example_skip_dag.py
[2022-04-18 14:43:05,080] {scheduler_job.py:629} INFO - Processing file /home/airflow/.local/lib/python3.6/site-packages/airflow/example_dags/example_skip_dag.py for tasks to queue
[2022-04-18 14:43:05,081] {logging_mixin.py:104} INFO - [2022-04-18 14:43:05,080] {dagbag.py:448} INFO - Filling up the DagBag from /home/airflow/.local/lib/python3.6/site-packages/airflow/example_dags/example_skip_dag.py
[2022-04-18 14:43:05,087] {scheduler_job.py:639} INFO - DAG(s) dict_keys(['example_skip_dag']) retrieved from /home/airflow/.local/lib/python3.6/site-packages/airflow/example_dags/example_skip_dag.py
[2022-04-18 14:43:05,099] {logging_mixin.py:104} INFO - [2022-04-18 14:43:05,099] {dag.py:1818} INFO - Sync 1 DAGs
[2022-04-18 14:43:05,108] {logging_mixin.py:104} INFO - [2022-04-18 14:43:05,108] {dag.py:2273} INFO - Setting next_dagrun for example_skip_dag to 2022-04-16 00:00:00+00:00
[2022-04-18 14:43:05,112] {scheduler_job.py:190} INFO - Processing /home/airflow/.local/lib/python3.6/site-packages/airflow/example_dags/example_skip_dag.py took 0.035 seconds
[2022-04-18 14:43:35,835] {scheduler_job.py:182} INFO - Started process (PID=2184) to work on /home/airflow/.local/lib/python3.6/site-packages/airflow/example_dags/example_skip_dag.py
[2022-04-18 14:43:35,835] {scheduler_job.py:629} INFO - Processing file /home/airflow/.local/lib/python3.6/site-packages/airflow/example_dags/example_skip_dag.py for tasks to queue
[2022-04-18 14:43:35,836] {logging_mixin.py:104} INFO - [2022-04-18 14:43:35,836] {dagbag.py:448} INFO - Filling up the DagBag from /home/airflow/.local/lib/python3.6/site-packages/airflow/example_dags/example_skip_dag.py
[2022-04-18 14:43:35,842] {scheduler_job.py:639} INFO - DAG(s) dict_keys(['example_skip_dag']) retrieved from /home/airflow/.local/lib/python3.6/site-packages/airflow/example_dags/example_skip_dag.py
[2022-04-18 14:43:35,854] {logging_mixin.py:104} INFO - [2022-04-18 14:43:35,854] {dag.py:1818} INFO - Sync 1 DAGs
[2022-04-18 14:43:35,865] {logging_mixin.py:104} INFO - [2022-04-18 14:43:35,865] {dag.py:2273} INFO - Setting next_dagrun for example_skip_dag to 2022-04-16 00:00:00+00:00
[2022-04-18 14:43:35,869] {scheduler_job.py:190} INFO - Processing /home/airflow/.local/lib/python3.6/site-packages/airflow/example_dags/example_skip_dag.py took 0.036 seconds
[2022-04-18 14:44:06,534] {scheduler_job.py:182} INFO - Started process (PID=2319) to work on /home/airflow/.local/lib/python3.6/site-packages/airflow/example_dags/example_skip_dag.py
[2022-04-18 14:44:06,535] {scheduler_job.py:629} INFO - Processing file /home/airflow/.local/lib/python3.6/site-packages/airflow/example_dags/example_skip_dag.py for tasks to queue
[2022-04-18 14:44:06,536] {logging_mixin.py:104} INFO - [2022-04-18 14:44:06,536] {dagbag.py:448} INFO - Filling up the DagBag from /home/airflow/.local/lib/python3.6/site-packages/airflow/example_dags/example_skip_dag.py
[2022-04-18 14:44:06,543] {scheduler_job.py:639} INFO - DAG(s) dict_keys(['example_skip_dag']) retrieved from /home/airflow/.local/lib/python3.6/site-packages/airflow/example_dags/example_skip_dag.py
[2022-04-18 14:44:06,559] {logging_mixin.py:104} INFO - [2022-04-18 14:44:06,559] {dag.py:1818} INFO - Sync 1 DAGs
[2022-04-18 14:44:06,566] {logging_mixin.py:104} INFO - [2022-04-18 14:44:06,566] {dag.py:2273} INFO - Setting next_dagrun for example_skip_dag to 2022-04-16 00:00:00+00:00
[2022-04-18 14:44:06,570] {scheduler_job.py:190} INFO - Processing /home/airflow/.local/lib/python3.6/site-packages/airflow/example_dags/example_skip_dag.py took 0.038 seconds
[2022-04-18 14:44:37,213] {scheduler_job.py:182} INFO - Started process (PID=2454) to work on /home/airflow/.local/lib/python3.6/site-packages/airflow/example_dags/example_skip_dag.py
[2022-04-18 14:44:37,214] {scheduler_job.py:629} INFO - Processing file /home/airflow/.local/lib/python3.6/site-packages/airflow/example_dags/example_skip_dag.py for tasks to queue
[2022-04-18 14:44:37,214] {logging_mixin.py:104} INFO - [2022-04-18 14:44:37,214] {dagbag.py:448} INFO - Filling up the DagBag from /home/airflow/.local/lib/python3.6/site-packages/airflow/example_dags/example_skip_dag.py
[2022-04-18 14:44:37,222] {scheduler_job.py:639} INFO - DAG(s) dict_keys(['example_skip_dag']) retrieved from /home/airflow/.local/lib/python3.6/site-packages/airflow/example_dags/example_skip_dag.py
[2022-04-18 14:44:37,235] {logging_mixin.py:104} INFO - [2022-04-18 14:44:37,235] {dag.py:1818} INFO - Sync 1 DAGs
[2022-04-18 14:44:37,243] {logging_mixin.py:104} INFO - [2022-04-18 14:44:37,243] {dag.py:2273} INFO - Setting next_dagrun for example_skip_dag to 2022-04-16 00:00:00+00:00
[2022-04-18 14:44:37,247] {scheduler_job.py:190} INFO - Processing /home/airflow/.local/lib/python3.6/site-packages/airflow/example_dags/example_skip_dag.py took 0.036 seconds
[2022-04-18 14:45:07,883] {scheduler_job.py:182} INFO - Started process (PID=2589) to work on /home/airflow/.local/lib/python3.6/site-packages/airflow/example_dags/example_skip_dag.py
[2022-04-18 14:45:07,883] {scheduler_job.py:629} INFO - Processing file /home/airflow/.local/lib/python3.6/site-packages/airflow/example_dags/example_skip_dag.py for tasks to queue
[2022-04-18 14:45:07,884] {logging_mixin.py:104} INFO - [2022-04-18 14:45:07,884] {dagbag.py:448} INFO - Filling up the DagBag from /home/airflow/.local/lib/python3.6/site-packages/airflow/example_dags/example_skip_dag.py
[2022-04-18 14:45:07,891] {scheduler_job.py:639} INFO - DAG(s) dict_keys(['example_skip_dag']) retrieved from /home/airflow/.local/lib/python3.6/site-packages/airflow/example_dags/example_skip_dag.py
[2022-04-18 14:45:07,903] {logging_mixin.py:104} INFO - [2022-04-18 14:45:07,903] {dag.py:1818} INFO - Sync 1 DAGs
[2022-04-18 14:45:07,912] {logging_mixin.py:104} INFO - [2022-04-18 14:45:07,912] {dag.py:2273} INFO - Setting next_dagrun for example_skip_dag to 2022-04-16 00:00:00+00:00
[2022-04-18 14:45:07,916] {scheduler_job.py:190} INFO - Processing /home/airflow/.local/lib/python3.6/site-packages/airflow/example_dags/example_skip_dag.py took 0.036 seconds
[2022-04-18 14:45:38,566] {scheduler_job.py:182} INFO - Started process (PID=2724) to work on /home/airflow/.local/lib/python3.6/site-packages/airflow/example_dags/example_skip_dag.py
[2022-04-18 14:45:38,567] {scheduler_job.py:629} INFO - Processing file /home/airflow/.local/lib/python3.6/site-packages/airflow/example_dags/example_skip_dag.py for tasks to queue
[2022-04-18 14:45:38,567] {logging_mixin.py:104} INFO - [2022-04-18 14:45:38,567] {dagbag.py:448} INFO - Filling up the DagBag from /home/airflow/.local/lib/python3.6/site-packages/airflow/example_dags/example_skip_dag.py
[2022-04-18 14:45:38,574] {scheduler_job.py:639} INFO - DAG(s) dict_keys(['example_skip_dag']) retrieved from /home/airflow/.local/lib/python3.6/site-packages/airflow/example_dags/example_skip_dag.py
[2022-04-18 14:45:38,589] {logging_mixin.py:104} INFO - [2022-04-18 14:45:38,588] {dag.py:1818} INFO - Sync 1 DAGs
[2022-04-18 14:45:38,597] {logging_mixin.py:104} INFO - [2022-04-18 14:45:38,597] {dag.py:2273} INFO - Setting next_dagrun for example_skip_dag to 2022-04-16 00:00:00+00:00
[2022-04-18 14:45:38,601] {scheduler_job.py:190} INFO - Processing /home/airflow/.local/lib/python3.6/site-packages/airflow/example_dags/example_skip_dag.py took 0.037 seconds
[2022-04-18 14:46:09,335] {scheduler_job.py:182} INFO - Started process (PID=2859) to work on /home/airflow/.local/lib/python3.6/site-packages/airflow/example_dags/example_skip_dag.py
[2022-04-18 14:46:09,336] {scheduler_job.py:629} INFO - Processing file /home/airflow/.local/lib/python3.6/site-packages/airflow/example_dags/example_skip_dag.py for tasks to queue
[2022-04-18 14:46:09,337] {logging_mixin.py:104} INFO - [2022-04-18 14:46:09,337] {dagbag.py:448} INFO - Filling up the DagBag from /home/airflow/.local/lib/python3.6/site-packages/airflow/example_dags/example_skip_dag.py
[2022-04-18 14:46:09,343] {scheduler_job.py:639} INFO - DAG(s) dict_keys(['example_skip_dag']) retrieved from /home/airflow/.local/lib/python3.6/site-packages/airflow/example_dags/example_skip_dag.py
[2022-04-18 14:46:09,357] {logging_mixin.py:104} INFO - [2022-04-18 14:46:09,357] {dag.py:1818} INFO - Sync 1 DAGs
[2022-04-18 14:46:09,368] {logging_mixin.py:104} INFO - [2022-04-18 14:46:09,368] {dag.py:2273} INFO - Setting next_dagrun for example_skip_dag to 2022-04-16 00:00:00+00:00
[2022-04-18 14:46:09,372] {scheduler_job.py:190} INFO - Processing /home/airflow/.local/lib/python3.6/site-packages/airflow/example_dags/example_skip_dag.py took 0.039 seconds
[2022-04-18 14:46:39,989] {scheduler_job.py:182} INFO - Started process (PID=2994) to work on /home/airflow/.local/lib/python3.6/site-packages/airflow/example_dags/example_skip_dag.py
[2022-04-18 14:46:39,989] {scheduler_job.py:629} INFO - Processing file /home/airflow/.local/lib/python3.6/site-packages/airflow/example_dags/example_skip_dag.py for tasks to queue
[2022-04-18 14:46:39,990] {logging_mixin.py:104} INFO - [2022-04-18 14:46:39,990] {dagbag.py:448} INFO - Filling up the DagBag from /home/airflow/.local/lib/python3.6/site-packages/airflow/example_dags/example_skip_dag.py
[2022-04-18 14:46:39,998] {scheduler_job.py:639} INFO - DAG(s) dict_keys(['example_skip_dag']) retrieved from /home/airflow/.local/lib/python3.6/site-packages/airflow/example_dags/example_skip_dag.py
[2022-04-18 14:46:40,013] {logging_mixin.py:104} INFO - [2022-04-18 14:46:40,013] {dag.py:1818} INFO - Sync 1 DAGs
[2022-04-18 14:46:40,021] {logging_mixin.py:104} INFO - [2022-04-18 14:46:40,021] {dag.py:2273} INFO - Setting next_dagrun for example_skip_dag to 2022-04-16 00:00:00+00:00
[2022-04-18 14:46:40,025] {scheduler_job.py:190} INFO - Processing /home/airflow/.local/lib/python3.6/site-packages/airflow/example_dags/example_skip_dag.py took 0.038 seconds
[2022-04-18 14:47:10,702] {scheduler_job.py:182} INFO - Started process (PID=3129) to work on /home/airflow/.local/lib/python3.6/site-packages/airflow/example_dags/example_skip_dag.py
[2022-04-18 14:47:10,703] {scheduler_job.py:629} INFO - Processing file /home/airflow/.local/lib/python3.6/site-packages/airflow/example_dags/example_skip_dag.py for tasks to queue
[2022-04-18 14:47:10,703] {logging_mixin.py:104} INFO - [2022-04-18 14:47:10,703] {dagbag.py:448} INFO - Filling up the DagBag from /home/airflow/.local/lib/python3.6/site-packages/airflow/example_dags/example_skip_dag.py
[2022-04-18 14:47:10,710] {scheduler_job.py:639} INFO - DAG(s) dict_keys(['example_skip_dag']) retrieved from /home/airflow/.local/lib/python3.6/site-packages/airflow/example_dags/example_skip_dag.py
[2022-04-18 14:47:10,726] {logging_mixin.py:104} INFO - [2022-04-18 14:47:10,725] {dag.py:1818} INFO - Sync 1 DAGs
[2022-04-18 14:47:10,734] {logging_mixin.py:104} INFO - [2022-04-18 14:47:10,734] {dag.py:2273} INFO - Setting next_dagrun for example_skip_dag to 2022-04-16 00:00:00+00:00
[2022-04-18 14:47:10,737] {scheduler_job.py:190} INFO - Processing /home/airflow/.local/lib/python3.6/site-packages/airflow/example_dags/example_skip_dag.py took 0.038 seconds
[2022-04-18 14:47:41,378] {scheduler_job.py:182} INFO - Started process (PID=3264) to work on /home/airflow/.local/lib/python3.6/site-packages/airflow/example_dags/example_skip_dag.py
[2022-04-18 14:47:41,379] {scheduler_job.py:629} INFO - Processing file /home/airflow/.local/lib/python3.6/site-packages/airflow/example_dags/example_skip_dag.py for tasks to queue
[2022-04-18 14:47:41,379] {logging_mixin.py:104} INFO - [2022-04-18 14:47:41,379] {dagbag.py:448} INFO - Filling up the DagBag from /home/airflow/.local/lib/python3.6/site-packages/airflow/example_dags/example_skip_dag.py
[2022-04-18 14:47:41,387] {scheduler_job.py:639} INFO - DAG(s) dict_keys(['example_skip_dag']) retrieved from /home/airflow/.local/lib/python3.6/site-packages/airflow/example_dags/example_skip_dag.py
[2022-04-18 14:47:41,402] {logging_mixin.py:104} INFO - [2022-04-18 14:47:41,402] {dag.py:1818} INFO - Sync 1 DAGs
[2022-04-18 14:47:41,409] {logging_mixin.py:104} INFO - [2022-04-18 14:47:41,409] {dag.py:2273} INFO - Setting next_dagrun for example_skip_dag to 2022-04-16 00:00:00+00:00
[2022-04-18 14:47:41,414] {scheduler_job.py:190} INFO - Processing /home/airflow/.local/lib/python3.6/site-packages/airflow/example_dags/example_skip_dag.py took 0.038 seconds
[2022-04-18 14:48:12,113] {scheduler_job.py:182} INFO - Started process (PID=3399) to work on /home/airflow/.local/lib/python3.6/site-packages/airflow/example_dags/example_skip_dag.py
[2022-04-18 14:48:12,114] {scheduler_job.py:629} INFO - Processing file /home/airflow/.local/lib/python3.6/site-packages/airflow/example_dags/example_skip_dag.py for tasks to queue
[2022-04-18 14:48:12,114] {logging_mixin.py:104} INFO - [2022-04-18 14:48:12,114] {dagbag.py:448} INFO - Filling up the DagBag from /home/airflow/.local/lib/python3.6/site-packages/airflow/example_dags/example_skip_dag.py
[2022-04-18 14:48:12,122] {scheduler_job.py:639} INFO - DAG(s) dict_keys(['example_skip_dag']) retrieved from /home/airflow/.local/lib/python3.6/site-packages/airflow/example_dags/example_skip_dag.py
[2022-04-18 14:48:12,136] {logging_mixin.py:104} INFO - [2022-04-18 14:48:12,136] {dag.py:1818} INFO - Sync 1 DAGs
[2022-04-18 14:48:12,143] {logging_mixin.py:104} INFO - [2022-04-18 14:48:12,143] {dag.py:2273} INFO - Setting next_dagrun for example_skip_dag to 2022-04-16 00:00:00+00:00
[2022-04-18 14:48:12,147] {scheduler_job.py:190} INFO - Processing /home/airflow/.local/lib/python3.6/site-packages/airflow/example_dags/example_skip_dag.py took 0.036 seconds
[2022-04-18 14:48:42,165] {scheduler_job.py:182} INFO - Started process (PID=3534) to work on /home/airflow/.local/lib/python3.6/site-packages/airflow/example_dags/example_skip_dag.py
[2022-04-18 14:48:42,166] {scheduler_job.py:629} INFO - Processing file /home/airflow/.local/lib/python3.6/site-packages/airflow/example_dags/example_skip_dag.py for tasks to queue
[2022-04-18 14:48:42,167] {logging_mixin.py:104} INFO - [2022-04-18 14:48:42,166] {dagbag.py:448} INFO - Filling up the DagBag from /home/airflow/.local/lib/python3.6/site-packages/airflow/example_dags/example_skip_dag.py
[2022-04-18 14:48:42,174] {scheduler_job.py:639} INFO - DAG(s) dict_keys(['example_skip_dag']) retrieved from /home/airflow/.local/lib/python3.6/site-packages/airflow/example_dags/example_skip_dag.py
[2022-04-18 14:48:42,190] {logging_mixin.py:104} INFO - [2022-04-18 14:48:42,190] {dag.py:1818} INFO - Sync 1 DAGs
[2022-04-18 14:48:42,197] {logging_mixin.py:104} INFO - [2022-04-18 14:48:42,197] {dag.py:2273} INFO - Setting next_dagrun for example_skip_dag to 2022-04-16 00:00:00+00:00
[2022-04-18 14:48:42,201] {scheduler_job.py:190} INFO - Processing /home/airflow/.local/lib/python3.6/site-packages/airflow/example_dags/example_skip_dag.py took 0.039 seconds
[2022-04-18 14:49:12,253] {scheduler_job.py:182} INFO - Started process (PID=3669) to work on /home/airflow/.local/lib/python3.6/site-packages/airflow/example_dags/example_skip_dag.py
[2022-04-18 14:49:12,254] {scheduler_job.py:629} INFO - Processing file /home/airflow/.local/lib/python3.6/site-packages/airflow/example_dags/example_skip_dag.py for tasks to queue
[2022-04-18 14:49:12,254] {logging_mixin.py:104} INFO - [2022-04-18 14:49:12,254] {dagbag.py:448} INFO - Filling up the DagBag from /home/airflow/.local/lib/python3.6/site-packages/airflow/example_dags/example_skip_dag.py
[2022-04-18 14:49:12,261] {scheduler_job.py:639} INFO - DAG(s) dict_keys(['example_skip_dag']) retrieved from /home/airflow/.local/lib/python3.6/site-packages/airflow/example_dags/example_skip_dag.py
[2022-04-18 14:49:12,276] {logging_mixin.py:104} INFO - [2022-04-18 14:49:12,276] {dag.py:1818} INFO - Sync 1 DAGs
[2022-04-18 14:49:12,285] {logging_mixin.py:104} INFO - [2022-04-18 14:49:12,285] {dag.py:2273} INFO - Setting next_dagrun for example_skip_dag to 2022-04-16 00:00:00+00:00
[2022-04-18 14:49:12,290] {scheduler_job.py:190} INFO - Processing /home/airflow/.local/lib/python3.6/site-packages/airflow/example_dags/example_skip_dag.py took 0.040 seconds
[2022-04-18 14:49:42,354] {scheduler_job.py:182} INFO - Started process (PID=3804) to work on /home/airflow/.local/lib/python3.6/site-packages/airflow/example_dags/example_skip_dag.py
[2022-04-18 14:49:42,355] {scheduler_job.py:629} INFO - Processing file /home/airflow/.local/lib/python3.6/site-packages/airflow/example_dags/example_skip_dag.py for tasks to queue
[2022-04-18 14:49:42,356] {logging_mixin.py:104} INFO - [2022-04-18 14:49:42,356] {dagbag.py:448} INFO - Filling up the DagBag from /home/airflow/.local/lib/python3.6/site-packages/airflow/example_dags/example_skip_dag.py
[2022-04-18 14:49:42,362] {scheduler_job.py:639} INFO - DAG(s) dict_keys(['example_skip_dag']) retrieved from /home/airflow/.local/lib/python3.6/site-packages/airflow/example_dags/example_skip_dag.py
[2022-04-18 14:49:42,374] {logging_mixin.py:104} INFO - [2022-04-18 14:49:42,373] {dag.py:1818} INFO - Sync 1 DAGs
[2022-04-18 14:49:42,383] {logging_mixin.py:104} INFO - [2022-04-18 14:49:42,383] {dag.py:2273} INFO - Setting next_dagrun for example_skip_dag to 2022-04-16 00:00:00+00:00
[2022-04-18 14:49:42,387] {scheduler_job.py:190} INFO - Processing /home/airflow/.local/lib/python3.6/site-packages/airflow/example_dags/example_skip_dag.py took 0.035 seconds
[2022-04-18 14:50:12,519] {scheduler_job.py:182} INFO - Started process (PID=3939) to work on /home/airflow/.local/lib/python3.6/site-packages/airflow/example_dags/example_skip_dag.py
[2022-04-18 14:50:12,520] {scheduler_job.py:629} INFO - Processing file /home/airflow/.local/lib/python3.6/site-packages/airflow/example_dags/example_skip_dag.py for tasks to queue
[2022-04-18 14:50:12,520] {logging_mixin.py:104} INFO - [2022-04-18 14:50:12,520] {dagbag.py:448} INFO - Filling up the DagBag from /home/airflow/.local/lib/python3.6/site-packages/airflow/example_dags/example_skip_dag.py
[2022-04-18 14:50:12,527] {scheduler_job.py:639} INFO - DAG(s) dict_keys(['example_skip_dag']) retrieved from /home/airflow/.local/lib/python3.6/site-packages/airflow/example_dags/example_skip_dag.py
[2022-04-18 14:50:12,543] {logging_mixin.py:104} INFO - [2022-04-18 14:50:12,543] {dag.py:1818} INFO - Sync 1 DAGs
[2022-04-18 14:50:12,551] {logging_mixin.py:104} INFO - [2022-04-18 14:50:12,551] {dag.py:2273} INFO - Setting next_dagrun for example_skip_dag to 2022-04-16 00:00:00+00:00
[2022-04-18 14:50:12,554] {scheduler_job.py:190} INFO - Processing /home/airflow/.local/lib/python3.6/site-packages/airflow/example_dags/example_skip_dag.py took 0.038 seconds
[2022-04-18 14:50:42,587] {scheduler_job.py:182} INFO - Started process (PID=4074) to work on /home/airflow/.local/lib/python3.6/site-packages/airflow/example_dags/example_skip_dag.py
[2022-04-18 14:50:42,588] {scheduler_job.py:629} INFO - Processing file /home/airflow/.local/lib/python3.6/site-packages/airflow/example_dags/example_skip_dag.py for tasks to queue
[2022-04-18 14:50:42,588] {logging_mixin.py:104} INFO - [2022-04-18 14:50:42,588] {dagbag.py:448} INFO - Filling up the DagBag from /home/airflow/.local/lib/python3.6/site-packages/airflow/example_dags/example_skip_dag.py
[2022-04-18 14:50:42,598] {scheduler_job.py:639} INFO - DAG(s) dict_keys(['example_skip_dag']) retrieved from /home/airflow/.local/lib/python3.6/site-packages/airflow/example_dags/example_skip_dag.py
[2022-04-18 14:50:42,609] {logging_mixin.py:104} INFO - [2022-04-18 14:50:42,609] {dag.py:1818} INFO - Sync 1 DAGs
[2022-04-18 14:50:42,616] {logging_mixin.py:104} INFO - [2022-04-18 14:50:42,616] {dag.py:2273} INFO - Setting next_dagrun for example_skip_dag to 2022-04-16 00:00:00+00:00
[2022-04-18 14:50:42,620] {scheduler_job.py:190} INFO - Processing /home/airflow/.local/lib/python3.6/site-packages/airflow/example_dags/example_skip_dag.py took 0.035 seconds
[2022-04-18 14:51:13,378] {scheduler_job.py:182} INFO - Started process (PID=4209) to work on /home/airflow/.local/lib/python3.6/site-packages/airflow/example_dags/example_skip_dag.py
[2022-04-18 14:51:13,379] {scheduler_job.py:629} INFO - Processing file /home/airflow/.local/lib/python3.6/site-packages/airflow/example_dags/example_skip_dag.py for tasks to queue
[2022-04-18 14:51:13,380] {logging_mixin.py:104} INFO - [2022-04-18 14:51:13,379] {dagbag.py:448} INFO - Filling up the DagBag from /home/airflow/.local/lib/python3.6/site-packages/airflow/example_dags/example_skip_dag.py
[2022-04-18 14:51:13,387] {scheduler_job.py:639} INFO - DAG(s) dict_keys(['example_skip_dag']) retrieved from /home/airflow/.local/lib/python3.6/site-packages/airflow/example_dags/example_skip_dag.py
[2022-04-18 14:51:13,402] {logging_mixin.py:104} INFO - [2022-04-18 14:51:13,402] {dag.py:1818} INFO - Sync 1 DAGs
[2022-04-18 14:51:13,409] {logging_mixin.py:104} INFO - [2022-04-18 14:51:13,409] {dag.py:2273} INFO - Setting next_dagrun for example_skip_dag to 2022-04-16 00:00:00+00:00
[2022-04-18 14:51:13,413] {scheduler_job.py:190} INFO - Processing /home/airflow/.local/lib/python3.6/site-packages/airflow/example_dags/example_skip_dag.py took 0.037 seconds
[2022-04-18 14:51:44,073] {scheduler_job.py:182} INFO - Started process (PID=4344) to work on /home/airflow/.local/lib/python3.6/site-packages/airflow/example_dags/example_skip_dag.py
[2022-04-18 14:51:44,074] {scheduler_job.py:629} INFO - Processing file /home/airflow/.local/lib/python3.6/site-packages/airflow/example_dags/example_skip_dag.py for tasks to queue
[2022-04-18 14:51:44,075] {logging_mixin.py:104} INFO - [2022-04-18 14:51:44,074] {dagbag.py:448} INFO - Filling up the DagBag from /home/airflow/.local/lib/python3.6/site-packages/airflow/example_dags/example_skip_dag.py
[2022-04-18 14:51:44,082] {scheduler_job.py:639} INFO - DAG(s) dict_keys(['example_skip_dag']) retrieved from /home/airflow/.local/lib/python3.6/site-packages/airflow/example_dags/example_skip_dag.py
[2022-04-18 14:51:44,098] {logging_mixin.py:104} INFO - [2022-04-18 14:51:44,098] {dag.py:1818} INFO - Sync 1 DAGs
[2022-04-18 14:51:44,107] {logging_mixin.py:104} INFO - [2022-04-18 14:51:44,107] {dag.py:2273} INFO - Setting next_dagrun for example_skip_dag to 2022-04-16 00:00:00+00:00
[2022-04-18 14:51:44,111] {scheduler_job.py:190} INFO - Processing /home/airflow/.local/lib/python3.6/site-packages/airflow/example_dags/example_skip_dag.py took 0.040 seconds
[2022-04-18 14:52:14,824] {scheduler_job.py:182} INFO - Started process (PID=4479) to work on /home/airflow/.local/lib/python3.6/site-packages/airflow/example_dags/example_skip_dag.py
[2022-04-18 14:52:14,824] {scheduler_job.py:629} INFO - Processing file /home/airflow/.local/lib/python3.6/site-packages/airflow/example_dags/example_skip_dag.py for tasks to queue
[2022-04-18 14:52:14,825] {logging_mixin.py:104} INFO - [2022-04-18 14:52:14,825] {dagbag.py:448} INFO - Filling up the DagBag from /home/airflow/.local/lib/python3.6/site-packages/airflow/example_dags/example_skip_dag.py
[2022-04-18 14:52:14,831] {scheduler_job.py:639} INFO - DAG(s) dict_keys(['example_skip_dag']) retrieved from /home/airflow/.local/lib/python3.6/site-packages/airflow/example_dags/example_skip_dag.py
[2022-04-18 14:52:14,843] {logging_mixin.py:104} INFO - [2022-04-18 14:52:14,843] {dag.py:1818} INFO - Sync 1 DAGs
[2022-04-18 14:52:14,852] {logging_mixin.py:104} INFO - [2022-04-18 14:52:14,852] {dag.py:2273} INFO - Setting next_dagrun for example_skip_dag to 2022-04-16 00:00:00+00:00
[2022-04-18 14:52:14,856] {scheduler_job.py:190} INFO - Processing /home/airflow/.local/lib/python3.6/site-packages/airflow/example_dags/example_skip_dag.py took 0.034 seconds
[2022-04-18 14:52:45,478] {scheduler_job.py:182} INFO - Started process (PID=4614) to work on /home/airflow/.local/lib/python3.6/site-packages/airflow/example_dags/example_skip_dag.py
[2022-04-18 14:52:45,479] {scheduler_job.py:629} INFO - Processing file /home/airflow/.local/lib/python3.6/site-packages/airflow/example_dags/example_skip_dag.py for tasks to queue
[2022-04-18 14:52:45,479] {logging_mixin.py:104} INFO - [2022-04-18 14:52:45,479] {dagbag.py:448} INFO - Filling up the DagBag from /home/airflow/.local/lib/python3.6/site-packages/airflow/example_dags/example_skip_dag.py
[2022-04-18 14:52:45,487] {scheduler_job.py:639} INFO - DAG(s) dict_keys(['example_skip_dag']) retrieved from /home/airflow/.local/lib/python3.6/site-packages/airflow/example_dags/example_skip_dag.py
[2022-04-18 14:52:45,503] {logging_mixin.py:104} INFO - [2022-04-18 14:52:45,503] {dag.py:1818} INFO - Sync 1 DAGs
[2022-04-18 14:52:45,511] {logging_mixin.py:104} INFO - [2022-04-18 14:52:45,511] {dag.py:2273} INFO - Setting next_dagrun for example_skip_dag to 2022-04-16 00:00:00+00:00
[2022-04-18 14:52:45,514] {scheduler_job.py:190} INFO - Processing /home/airflow/.local/lib/python3.6/site-packages/airflow/example_dags/example_skip_dag.py took 0.039 seconds
[2022-04-18 14:53:16,155] {scheduler_job.py:182} INFO - Started process (PID=4749) to work on /home/airflow/.local/lib/python3.6/site-packages/airflow/example_dags/example_skip_dag.py
[2022-04-18 14:53:16,155] {scheduler_job.py:629} INFO - Processing file /home/airflow/.local/lib/python3.6/site-packages/airflow/example_dags/example_skip_dag.py for tasks to queue
[2022-04-18 14:53:16,156] {logging_mixin.py:104} INFO - [2022-04-18 14:53:16,156] {dagbag.py:448} INFO - Filling up the DagBag from /home/airflow/.local/lib/python3.6/site-packages/airflow/example_dags/example_skip_dag.py
[2022-04-18 14:53:16,163] {scheduler_job.py:639} INFO - DAG(s) dict_keys(['example_skip_dag']) retrieved from /home/airflow/.local/lib/python3.6/site-packages/airflow/example_dags/example_skip_dag.py
[2022-04-18 14:53:16,181] {logging_mixin.py:104} INFO - [2022-04-18 14:53:16,181] {dag.py:1818} INFO - Sync 1 DAGs
[2022-04-18 14:53:16,192] {logging_mixin.py:104} INFO - [2022-04-18 14:53:16,192] {dag.py:2273} INFO - Setting next_dagrun for example_skip_dag to 2022-04-16 00:00:00+00:00
[2022-04-18 14:53:16,197] {scheduler_job.py:190} INFO - Processing /home/airflow/.local/lib/python3.6/site-packages/airflow/example_dags/example_skip_dag.py took 0.045 seconds
[2022-04-18 14:53:46,837] {scheduler_job.py:182} INFO - Started process (PID=4884) to work on /home/airflow/.local/lib/python3.6/site-packages/airflow/example_dags/example_skip_dag.py
[2022-04-18 14:53:46,838] {scheduler_job.py:629} INFO - Processing file /home/airflow/.local/lib/python3.6/site-packages/airflow/example_dags/example_skip_dag.py for tasks to queue
[2022-04-18 14:53:46,838] {logging_mixin.py:104} INFO - [2022-04-18 14:53:46,838] {dagbag.py:448} INFO - Filling up the DagBag from /home/airflow/.local/lib/python3.6/site-packages/airflow/example_dags/example_skip_dag.py
[2022-04-18 14:53:46,846] {scheduler_job.py:639} INFO - DAG(s) dict_keys(['example_skip_dag']) retrieved from /home/airflow/.local/lib/python3.6/site-packages/airflow/example_dags/example_skip_dag.py
[2022-04-18 14:53:46,862] {logging_mixin.py:104} INFO - [2022-04-18 14:53:46,862] {dag.py:1818} INFO - Sync 1 DAGs
[2022-04-18 14:53:46,869] {logging_mixin.py:104} INFO - [2022-04-18 14:53:46,869] {dag.py:2273} INFO - Setting next_dagrun for example_skip_dag to 2022-04-16 00:00:00+00:00
[2022-04-18 14:53:46,873] {scheduler_job.py:190} INFO - Processing /home/airflow/.local/lib/python3.6/site-packages/airflow/example_dags/example_skip_dag.py took 0.039 seconds
[2022-04-18 14:54:17,568] {scheduler_job.py:182} INFO - Started process (PID=5019) to work on /home/airflow/.local/lib/python3.6/site-packages/airflow/example_dags/example_skip_dag.py
[2022-04-18 14:54:17,568] {scheduler_job.py:629} INFO - Processing file /home/airflow/.local/lib/python3.6/site-packages/airflow/example_dags/example_skip_dag.py for tasks to queue
[2022-04-18 14:54:17,569] {logging_mixin.py:104} INFO - [2022-04-18 14:54:17,569] {dagbag.py:448} INFO - Filling up the DagBag from /home/airflow/.local/lib/python3.6/site-packages/airflow/example_dags/example_skip_dag.py
[2022-04-18 14:54:17,575] {scheduler_job.py:639} INFO - DAG(s) dict_keys(['example_skip_dag']) retrieved from /home/airflow/.local/lib/python3.6/site-packages/airflow/example_dags/example_skip_dag.py
[2022-04-18 14:54:17,589] {logging_mixin.py:104} INFO - [2022-04-18 14:54:17,589] {dag.py:1818} INFO - Sync 1 DAGs
[2022-04-18 14:54:17,597] {logging_mixin.py:104} INFO - [2022-04-18 14:54:17,597] {dag.py:2273} INFO - Setting next_dagrun for example_skip_dag to 2022-04-16 00:00:00+00:00
[2022-04-18 14:54:17,601] {scheduler_job.py:190} INFO - Processing /home/airflow/.local/lib/python3.6/site-packages/airflow/example_dags/example_skip_dag.py took 0.036 seconds
[2022-04-18 14:54:48,262] {scheduler_job.py:182} INFO - Started process (PID=5154) to work on /home/airflow/.local/lib/python3.6/site-packages/airflow/example_dags/example_skip_dag.py
[2022-04-18 14:54:48,263] {scheduler_job.py:629} INFO - Processing file /home/airflow/.local/lib/python3.6/site-packages/airflow/example_dags/example_skip_dag.py for tasks to queue
[2022-04-18 14:54:48,263] {logging_mixin.py:104} INFO - [2022-04-18 14:54:48,263] {dagbag.py:448} INFO - Filling up the DagBag from /home/airflow/.local/lib/python3.6/site-packages/airflow/example_dags/example_skip_dag.py
[2022-04-18 14:54:48,271] {scheduler_job.py:639} INFO - DAG(s) dict_keys(['example_skip_dag']) retrieved from /home/airflow/.local/lib/python3.6/site-packages/airflow/example_dags/example_skip_dag.py
[2022-04-18 14:54:48,287] {logging_mixin.py:104} INFO - [2022-04-18 14:54:48,287] {dag.py:1818} INFO - Sync 1 DAGs
[2022-04-18 14:54:48,295] {logging_mixin.py:104} INFO - [2022-04-18 14:54:48,295] {dag.py:2273} INFO - Setting next_dagrun for example_skip_dag to 2022-04-16 00:00:00+00:00
[2022-04-18 14:54:48,299] {scheduler_job.py:190} INFO - Processing /home/airflow/.local/lib/python3.6/site-packages/airflow/example_dags/example_skip_dag.py took 0.040 seconds
[2022-04-18 14:55:18,936] {scheduler_job.py:182} INFO - Started process (PID=5289) to work on /home/airflow/.local/lib/python3.6/site-packages/airflow/example_dags/example_skip_dag.py
[2022-04-18 14:55:18,937] {scheduler_job.py:629} INFO - Processing file /home/airflow/.local/lib/python3.6/site-packages/airflow/example_dags/example_skip_dag.py for tasks to queue
[2022-04-18 14:55:18,938] {logging_mixin.py:104} INFO - [2022-04-18 14:55:18,938] {dagbag.py:448} INFO - Filling up the DagBag from /home/airflow/.local/lib/python3.6/site-packages/airflow/example_dags/example_skip_dag.py
[2022-04-18 14:55:18,946] {scheduler_job.py:639} INFO - DAG(s) dict_keys(['example_skip_dag']) retrieved from /home/airflow/.local/lib/python3.6/site-packages/airflow/example_dags/example_skip_dag.py
[2022-04-18 14:55:18,961] {logging_mixin.py:104} INFO - [2022-04-18 14:55:18,961] {dag.py:1818} INFO - Sync 1 DAGs
[2022-04-18 14:55:18,970] {logging_mixin.py:104} INFO - [2022-04-18 14:55:18,970] {dag.py:2273} INFO - Setting next_dagrun for example_skip_dag to 2022-04-16 00:00:00+00:00
[2022-04-18 14:55:18,974] {scheduler_job.py:190} INFO - Processing /home/airflow/.local/lib/python3.6/site-packages/airflow/example_dags/example_skip_dag.py took 0.040 seconds
[2022-04-18 14:55:49,687] {scheduler_job.py:182} INFO - Started process (PID=5424) to work on /home/airflow/.local/lib/python3.6/site-packages/airflow/example_dags/example_skip_dag.py
[2022-04-18 14:55:49,688] {scheduler_job.py:629} INFO - Processing file /home/airflow/.local/lib/python3.6/site-packages/airflow/example_dags/example_skip_dag.py for tasks to queue
[2022-04-18 14:55:49,688] {logging_mixin.py:104} INFO - [2022-04-18 14:55:49,688] {dagbag.py:448} INFO - Filling up the DagBag from /home/airflow/.local/lib/python3.6/site-packages/airflow/example_dags/example_skip_dag.py
[2022-04-18 14:55:49,693] {scheduler_job.py:639} INFO - DAG(s) dict_keys(['example_skip_dag']) retrieved from /home/airflow/.local/lib/python3.6/site-packages/airflow/example_dags/example_skip_dag.py
[2022-04-18 14:55:49,708] {logging_mixin.py:104} INFO - [2022-04-18 14:55:49,708] {dag.py:1818} INFO - Sync 1 DAGs
[2022-04-18 14:55:49,717] {logging_mixin.py:104} INFO - [2022-04-18 14:55:49,717] {dag.py:2273} INFO - Setting next_dagrun for example_skip_dag to 2022-04-16 00:00:00+00:00
[2022-04-18 14:55:49,721] {scheduler_job.py:190} INFO - Processing /home/airflow/.local/lib/python3.6/site-packages/airflow/example_dags/example_skip_dag.py took 0.035 seconds
[2022-04-18 14:56:20,376] {scheduler_job.py:182} INFO - Started process (PID=5559) to work on /home/airflow/.local/lib/python3.6/site-packages/airflow/example_dags/example_skip_dag.py
[2022-04-18 14:56:20,377] {scheduler_job.py:629} INFO - Processing file /home/airflow/.local/lib/python3.6/site-packages/airflow/example_dags/example_skip_dag.py for tasks to queue
[2022-04-18 14:56:20,378] {logging_mixin.py:104} INFO - [2022-04-18 14:56:20,377] {dagbag.py:448} INFO - Filling up the DagBag from /home/airflow/.local/lib/python3.6/site-packages/airflow/example_dags/example_skip_dag.py
[2022-04-18 14:56:20,384] {scheduler_job.py:639} INFO - DAG(s) dict_keys(['example_skip_dag']) retrieved from /home/airflow/.local/lib/python3.6/site-packages/airflow/example_dags/example_skip_dag.py
[2022-04-18 14:56:20,397] {logging_mixin.py:104} INFO - [2022-04-18 14:56:20,397] {dag.py:1818} INFO - Sync 1 DAGs
[2022-04-18 14:56:20,405] {logging_mixin.py:104} INFO - [2022-04-18 14:56:20,405] {dag.py:2273} INFO - Setting next_dagrun for example_skip_dag to 2022-04-16 00:00:00+00:00
[2022-04-18 14:56:20,409] {scheduler_job.py:190} INFO - Processing /home/airflow/.local/lib/python3.6/site-packages/airflow/example_dags/example_skip_dag.py took 0.036 seconds
[2022-04-18 14:56:51,054] {scheduler_job.py:182} INFO - Started process (PID=5694) to work on /home/airflow/.local/lib/python3.6/site-packages/airflow/example_dags/example_skip_dag.py
[2022-04-18 14:56:51,055] {scheduler_job.py:629} INFO - Processing file /home/airflow/.local/lib/python3.6/site-packages/airflow/example_dags/example_skip_dag.py for tasks to queue
[2022-04-18 14:56:51,055] {logging_mixin.py:104} INFO - [2022-04-18 14:56:51,055] {dagbag.py:448} INFO - Filling up the DagBag from /home/airflow/.local/lib/python3.6/site-packages/airflow/example_dags/example_skip_dag.py
[2022-04-18 14:56:51,062] {scheduler_job.py:639} INFO - DAG(s) dict_keys(['example_skip_dag']) retrieved from /home/airflow/.local/lib/python3.6/site-packages/airflow/example_dags/example_skip_dag.py
[2022-04-18 14:56:51,079] {logging_mixin.py:104} INFO - [2022-04-18 14:56:51,079] {dag.py:1818} INFO - Sync 1 DAGs
[2022-04-18 14:56:51,086] {logging_mixin.py:104} INFO - [2022-04-18 14:56:51,086] {dag.py:2273} INFO - Setting next_dagrun for example_skip_dag to 2022-04-16 00:00:00+00:00
[2022-04-18 14:56:51,090] {scheduler_job.py:190} INFO - Processing /home/airflow/.local/lib/python3.6/site-packages/airflow/example_dags/example_skip_dag.py took 0.038 seconds
[2022-04-18 14:57:21,745] {scheduler_job.py:182} INFO - Started process (PID=5829) to work on /home/airflow/.local/lib/python3.6/site-packages/airflow/example_dags/example_skip_dag.py
[2022-04-18 14:57:21,746] {scheduler_job.py:629} INFO - Processing file /home/airflow/.local/lib/python3.6/site-packages/airflow/example_dags/example_skip_dag.py for tasks to queue
[2022-04-18 14:57:21,747] {logging_mixin.py:104} INFO - [2022-04-18 14:57:21,747] {dagbag.py:448} INFO - Filling up the DagBag from /home/airflow/.local/lib/python3.6/site-packages/airflow/example_dags/example_skip_dag.py
[2022-04-18 14:57:21,754] {scheduler_job.py:639} INFO - DAG(s) dict_keys(['example_skip_dag']) retrieved from /home/airflow/.local/lib/python3.6/site-packages/airflow/example_dags/example_skip_dag.py
[2022-04-18 14:57:21,770] {logging_mixin.py:104} INFO - [2022-04-18 14:57:21,770] {dag.py:1818} INFO - Sync 1 DAGs
[2022-04-18 14:57:21,778] {logging_mixin.py:104} INFO - [2022-04-18 14:57:21,778] {dag.py:2273} INFO - Setting next_dagrun for example_skip_dag to 2022-04-16 00:00:00+00:00
[2022-04-18 14:57:21,782] {scheduler_job.py:190} INFO - Processing /home/airflow/.local/lib/python3.6/site-packages/airflow/example_dags/example_skip_dag.py took 0.039 seconds
[2022-04-18 14:57:52,483] {scheduler_job.py:182} INFO - Started process (PID=5964) to work on /home/airflow/.local/lib/python3.6/site-packages/airflow/example_dags/example_skip_dag.py
[2022-04-18 14:57:52,484] {scheduler_job.py:629} INFO - Processing file /home/airflow/.local/lib/python3.6/site-packages/airflow/example_dags/example_skip_dag.py for tasks to queue
[2022-04-18 14:57:52,484] {logging_mixin.py:104} INFO - [2022-04-18 14:57:52,484] {dagbag.py:448} INFO - Filling up the DagBag from /home/airflow/.local/lib/python3.6/site-packages/airflow/example_dags/example_skip_dag.py
[2022-04-18 14:57:52,491] {scheduler_job.py:639} INFO - DAG(s) dict_keys(['example_skip_dag']) retrieved from /home/airflow/.local/lib/python3.6/site-packages/airflow/example_dags/example_skip_dag.py
[2022-04-18 14:57:52,506] {logging_mixin.py:104} INFO - [2022-04-18 14:57:52,506] {dag.py:1818} INFO - Sync 1 DAGs
[2022-04-18 14:57:52,516] {logging_mixin.py:104} INFO - [2022-04-18 14:57:52,516] {dag.py:2273} INFO - Setting next_dagrun for example_skip_dag to 2022-04-16 00:00:00+00:00
[2022-04-18 14:57:52,519] {scheduler_job.py:190} INFO - Processing /home/airflow/.local/lib/python3.6/site-packages/airflow/example_dags/example_skip_dag.py took 0.039 seconds
[2022-04-18 14:58:23,210] {scheduler_job.py:182} INFO - Started process (PID=6099) to work on /home/airflow/.local/lib/python3.6/site-packages/airflow/example_dags/example_skip_dag.py
[2022-04-18 14:58:23,210] {scheduler_job.py:629} INFO - Processing file /home/airflow/.local/lib/python3.6/site-packages/airflow/example_dags/example_skip_dag.py for tasks to queue
[2022-04-18 14:58:23,211] {logging_mixin.py:104} INFO - [2022-04-18 14:58:23,211] {dagbag.py:448} INFO - Filling up the DagBag from /home/airflow/.local/lib/python3.6/site-packages/airflow/example_dags/example_skip_dag.py
[2022-04-18 14:58:23,218] {scheduler_job.py:639} INFO - DAG(s) dict_keys(['example_skip_dag']) retrieved from /home/airflow/.local/lib/python3.6/site-packages/airflow/example_dags/example_skip_dag.py
[2022-04-18 14:58:23,235] {logging_mixin.py:104} INFO - [2022-04-18 14:58:23,235] {dag.py:1818} INFO - Sync 1 DAGs
[2022-04-18 14:58:23,243] {logging_mixin.py:104} INFO - [2022-04-18 14:58:23,243] {dag.py:2273} INFO - Setting next_dagrun for example_skip_dag to 2022-04-16 00:00:00+00:00
[2022-04-18 14:58:23,247] {scheduler_job.py:190} INFO - Processing /home/airflow/.local/lib/python3.6/site-packages/airflow/example_dags/example_skip_dag.py took 0.039 seconds
[2022-04-18 14:58:53,908] {scheduler_job.py:182} INFO - Started process (PID=6234) to work on /home/airflow/.local/lib/python3.6/site-packages/airflow/example_dags/example_skip_dag.py
[2022-04-18 14:58:53,909] {scheduler_job.py:629} INFO - Processing file /home/airflow/.local/lib/python3.6/site-packages/airflow/example_dags/example_skip_dag.py for tasks to queue
[2022-04-18 14:58:53,910] {logging_mixin.py:104} INFO - [2022-04-18 14:58:53,910] {dagbag.py:448} INFO - Filling up the DagBag from /home/airflow/.local/lib/python3.6/site-packages/airflow/example_dags/example_skip_dag.py
[2022-04-18 14:58:53,919] {scheduler_job.py:639} INFO - DAG(s) dict_keys(['example_skip_dag']) retrieved from /home/airflow/.local/lib/python3.6/site-packages/airflow/example_dags/example_skip_dag.py
[2022-04-18 14:58:53,934] {logging_mixin.py:104} INFO - [2022-04-18 14:58:53,934] {dag.py:1818} INFO - Sync 1 DAGs
[2022-04-18 14:58:53,942] {logging_mixin.py:104} INFO - [2022-04-18 14:58:53,942] {dag.py:2273} INFO - Setting next_dagrun for example_skip_dag to 2022-04-16 00:00:00+00:00
[2022-04-18 14:58:53,945] {scheduler_job.py:190} INFO - Processing /home/airflow/.local/lib/python3.6/site-packages/airflow/example_dags/example_skip_dag.py took 0.039 seconds
[2022-04-18 14:59:24,574] {scheduler_job.py:182} INFO - Started process (PID=6369) to work on /home/airflow/.local/lib/python3.6/site-packages/airflow/example_dags/example_skip_dag.py
[2022-04-18 14:59:24,575] {scheduler_job.py:629} INFO - Processing file /home/airflow/.local/lib/python3.6/site-packages/airflow/example_dags/example_skip_dag.py for tasks to queue
[2022-04-18 14:59:24,576] {logging_mixin.py:104} INFO - [2022-04-18 14:59:24,576] {dagbag.py:448} INFO - Filling up the DagBag from /home/airflow/.local/lib/python3.6/site-packages/airflow/example_dags/example_skip_dag.py
[2022-04-18 14:59:24,583] {scheduler_job.py:639} INFO - DAG(s) dict_keys(['example_skip_dag']) retrieved from /home/airflow/.local/lib/python3.6/site-packages/airflow/example_dags/example_skip_dag.py
[2022-04-18 14:59:24,598] {logging_mixin.py:104} INFO - [2022-04-18 14:59:24,598] {dag.py:1818} INFO - Sync 1 DAGs
[2022-04-18 14:59:24,606] {logging_mixin.py:104} INFO - [2022-04-18 14:59:24,606] {dag.py:2273} INFO - Setting next_dagrun for example_skip_dag to 2022-04-16 00:00:00+00:00
[2022-04-18 14:59:24,610] {scheduler_job.py:190} INFO - Processing /home/airflow/.local/lib/python3.6/site-packages/airflow/example_dags/example_skip_dag.py took 0.037 seconds
[2022-04-18 14:59:55,247] {scheduler_job.py:182} INFO - Started process (PID=6504) to work on /home/airflow/.local/lib/python3.6/site-packages/airflow/example_dags/example_skip_dag.py
[2022-04-18 14:59:55,248] {scheduler_job.py:629} INFO - Processing file /home/airflow/.local/lib/python3.6/site-packages/airflow/example_dags/example_skip_dag.py for tasks to queue
[2022-04-18 14:59:55,249] {logging_mixin.py:104} INFO - [2022-04-18 14:59:55,249] {dagbag.py:448} INFO - Filling up the DagBag from /home/airflow/.local/lib/python3.6/site-packages/airflow/example_dags/example_skip_dag.py
[2022-04-18 14:59:55,255] {scheduler_job.py:639} INFO - DAG(s) dict_keys(['example_skip_dag']) retrieved from /home/airflow/.local/lib/python3.6/site-packages/airflow/example_dags/example_skip_dag.py
[2022-04-18 14:59:55,271] {logging_mixin.py:104} INFO - [2022-04-18 14:59:55,271] {dag.py:1818} INFO - Sync 1 DAGs
[2022-04-18 14:59:55,278] {logging_mixin.py:104} INFO - [2022-04-18 14:59:55,278] {dag.py:2273} INFO - Setting next_dagrun for example_skip_dag to 2022-04-16 00:00:00+00:00
[2022-04-18 14:59:55,282] {scheduler_job.py:190} INFO - Processing /home/airflow/.local/lib/python3.6/site-packages/airflow/example_dags/example_skip_dag.py took 0.037 seconds
[2022-04-18 15:00:25,945] {scheduler_job.py:182} INFO - Started process (PID=6639) to work on /home/airflow/.local/lib/python3.6/site-packages/airflow/example_dags/example_skip_dag.py
[2022-04-18 15:00:25,945] {scheduler_job.py:629} INFO - Processing file /home/airflow/.local/lib/python3.6/site-packages/airflow/example_dags/example_skip_dag.py for tasks to queue
[2022-04-18 15:00:25,946] {logging_mixin.py:104} INFO - [2022-04-18 15:00:25,946] {dagbag.py:448} INFO - Filling up the DagBag from /home/airflow/.local/lib/python3.6/site-packages/airflow/example_dags/example_skip_dag.py
[2022-04-18 15:00:25,954] {scheduler_job.py:639} INFO - DAG(s) dict_keys(['example_skip_dag']) retrieved from /home/airflow/.local/lib/python3.6/site-packages/airflow/example_dags/example_skip_dag.py
[2022-04-18 15:00:25,968] {logging_mixin.py:104} INFO - [2022-04-18 15:00:25,968] {dag.py:1818} INFO - Sync 1 DAGs
[2022-04-18 15:00:25,977] {logging_mixin.py:104} INFO - [2022-04-18 15:00:25,977] {dag.py:2273} INFO - Setting next_dagrun for example_skip_dag to 2022-04-16 00:00:00+00:00
[2022-04-18 15:00:25,980] {scheduler_job.py:190} INFO - Processing /home/airflow/.local/lib/python3.6/site-packages/airflow/example_dags/example_skip_dag.py took 0.038 seconds
[2022-04-18 15:00:56,610] {scheduler_job.py:182} INFO - Started process (PID=6774) to work on /home/airflow/.local/lib/python3.6/site-packages/airflow/example_dags/example_skip_dag.py
[2022-04-18 15:00:56,611] {scheduler_job.py:629} INFO - Processing file /home/airflow/.local/lib/python3.6/site-packages/airflow/example_dags/example_skip_dag.py for tasks to queue
[2022-04-18 15:00:56,612] {logging_mixin.py:104} INFO - [2022-04-18 15:00:56,612] {dagbag.py:448} INFO - Filling up the DagBag from /home/airflow/.local/lib/python3.6/site-packages/airflow/example_dags/example_skip_dag.py
[2022-04-18 15:00:56,619] {scheduler_job.py:639} INFO - DAG(s) dict_keys(['example_skip_dag']) retrieved from /home/airflow/.local/lib/python3.6/site-packages/airflow/example_dags/example_skip_dag.py
[2022-04-18 15:00:56,635] {logging_mixin.py:104} INFO - [2022-04-18 15:00:56,635] {dag.py:1818} INFO - Sync 1 DAGs
[2022-04-18 15:00:56,642] {logging_mixin.py:104} INFO - [2022-04-18 15:00:56,642] {dag.py:2273} INFO - Setting next_dagrun for example_skip_dag to 2022-04-16 00:00:00+00:00
[2022-04-18 15:00:56,646] {scheduler_job.py:190} INFO - Processing /home/airflow/.local/lib/python3.6/site-packages/airflow/example_dags/example_skip_dag.py took 0.038 seconds
[2022-04-18 15:01:27,294] {scheduler_job.py:182} INFO - Started process (PID=6909) to work on /home/airflow/.local/lib/python3.6/site-packages/airflow/example_dags/example_skip_dag.py
[2022-04-18 15:01:27,295] {scheduler_job.py:629} INFO - Processing file /home/airflow/.local/lib/python3.6/site-packages/airflow/example_dags/example_skip_dag.py for tasks to queue
[2022-04-18 15:01:27,296] {logging_mixin.py:104} INFO - [2022-04-18 15:01:27,295] {dagbag.py:448} INFO - Filling up the DagBag from /home/airflow/.local/lib/python3.6/site-packages/airflow/example_dags/example_skip_dag.py
[2022-04-18 15:01:27,303] {scheduler_job.py:639} INFO - DAG(s) dict_keys(['example_skip_dag']) retrieved from /home/airflow/.local/lib/python3.6/site-packages/airflow/example_dags/example_skip_dag.py
[2022-04-18 15:01:27,319] {logging_mixin.py:104} INFO - [2022-04-18 15:01:27,319] {dag.py:1818} INFO - Sync 1 DAGs
[2022-04-18 15:01:27,328] {logging_mixin.py:104} INFO - [2022-04-18 15:01:27,328] {dag.py:2273} INFO - Setting next_dagrun for example_skip_dag to 2022-04-16 00:00:00+00:00
[2022-04-18 15:01:27,333] {scheduler_job.py:190} INFO - Processing /home/airflow/.local/lib/python3.6/site-packages/airflow/example_dags/example_skip_dag.py took 0.042 seconds
[2022-04-18 15:01:57,981] {scheduler_job.py:182} INFO - Started process (PID=7044) to work on /home/airflow/.local/lib/python3.6/site-packages/airflow/example_dags/example_skip_dag.py
[2022-04-18 15:01:57,981] {scheduler_job.py:629} INFO - Processing file /home/airflow/.local/lib/python3.6/site-packages/airflow/example_dags/example_skip_dag.py for tasks to queue
[2022-04-18 15:01:57,982] {logging_mixin.py:104} INFO - [2022-04-18 15:01:57,982] {dagbag.py:448} INFO - Filling up the DagBag from /home/airflow/.local/lib/python3.6/site-packages/airflow/example_dags/example_skip_dag.py
[2022-04-18 15:01:57,990] {scheduler_job.py:639} INFO - DAG(s) dict_keys(['example_skip_dag']) retrieved from /home/airflow/.local/lib/python3.6/site-packages/airflow/example_dags/example_skip_dag.py
[2022-04-18 15:01:58,002] {logging_mixin.py:104} INFO - [2022-04-18 15:01:58,002] {dag.py:1818} INFO - Sync 1 DAGs
[2022-04-18 15:01:58,011] {logging_mixin.py:104} INFO - [2022-04-18 15:01:58,011] {dag.py:2273} INFO - Setting next_dagrun for example_skip_dag to 2022-04-16 00:00:00+00:00
[2022-04-18 15:01:58,015] {scheduler_job.py:190} INFO - Processing /home/airflow/.local/lib/python3.6/site-packages/airflow/example_dags/example_skip_dag.py took 0.037 seconds
[2022-04-18 15:02:28,745] {scheduler_job.py:182} INFO - Started process (PID=7179) to work on /home/airflow/.local/lib/python3.6/site-packages/airflow/example_dags/example_skip_dag.py
[2022-04-18 15:02:28,745] {scheduler_job.py:629} INFO - Processing file /home/airflow/.local/lib/python3.6/site-packages/airflow/example_dags/example_skip_dag.py for tasks to queue
[2022-04-18 15:02:28,746] {logging_mixin.py:104} INFO - [2022-04-18 15:02:28,746] {dagbag.py:448} INFO - Filling up the DagBag from /home/airflow/.local/lib/python3.6/site-packages/airflow/example_dags/example_skip_dag.py
[2022-04-18 15:02:28,753] {scheduler_job.py:639} INFO - DAG(s) dict_keys(['example_skip_dag']) retrieved from /home/airflow/.local/lib/python3.6/site-packages/airflow/example_dags/example_skip_dag.py
[2022-04-18 15:02:28,764] {logging_mixin.py:104} INFO - [2022-04-18 15:02:28,764] {dag.py:1818} INFO - Sync 1 DAGs
[2022-04-18 15:02:28,773] {logging_mixin.py:104} INFO - [2022-04-18 15:02:28,773] {dag.py:2273} INFO - Setting next_dagrun for example_skip_dag to 2022-04-16 00:00:00+00:00
[2022-04-18 15:02:28,777] {scheduler_job.py:190} INFO - Processing /home/airflow/.local/lib/python3.6/site-packages/airflow/example_dags/example_skip_dag.py took 0.034 seconds
[2022-04-18 15:02:59,421] {scheduler_job.py:182} INFO - Started process (PID=7314) to work on /home/airflow/.local/lib/python3.6/site-packages/airflow/example_dags/example_skip_dag.py
[2022-04-18 15:02:59,422] {scheduler_job.py:629} INFO - Processing file /home/airflow/.local/lib/python3.6/site-packages/airflow/example_dags/example_skip_dag.py for tasks to queue
[2022-04-18 15:02:59,423] {logging_mixin.py:104} INFO - [2022-04-18 15:02:59,423] {dagbag.py:448} INFO - Filling up the DagBag from /home/airflow/.local/lib/python3.6/site-packages/airflow/example_dags/example_skip_dag.py
[2022-04-18 15:02:59,429] {scheduler_job.py:639} INFO - DAG(s) dict_keys(['example_skip_dag']) retrieved from /home/airflow/.local/lib/python3.6/site-packages/airflow/example_dags/example_skip_dag.py
[2022-04-18 15:02:59,444] {logging_mixin.py:104} INFO - [2022-04-18 15:02:59,444] {dag.py:1818} INFO - Sync 1 DAGs
[2022-04-18 15:02:59,452] {logging_mixin.py:104} INFO - [2022-04-18 15:02:59,452] {dag.py:2273} INFO - Setting next_dagrun for example_skip_dag to 2022-04-16 00:00:00+00:00
[2022-04-18 15:02:59,456] {scheduler_job.py:190} INFO - Processing /home/airflow/.local/lib/python3.6/site-packages/airflow/example_dags/example_skip_dag.py took 0.037 seconds
[2022-04-18 15:03:30,103] {scheduler_job.py:182} INFO - Started process (PID=7449) to work on /home/airflow/.local/lib/python3.6/site-packages/airflow/example_dags/example_skip_dag.py
[2022-04-18 15:03:30,104] {scheduler_job.py:629} INFO - Processing file /home/airflow/.local/lib/python3.6/site-packages/airflow/example_dags/example_skip_dag.py for tasks to queue
[2022-04-18 15:03:30,105] {logging_mixin.py:104} INFO - [2022-04-18 15:03:30,105] {dagbag.py:448} INFO - Filling up the DagBag from /home/airflow/.local/lib/python3.6/site-packages/airflow/example_dags/example_skip_dag.py
[2022-04-18 15:03:30,111] {scheduler_job.py:639} INFO - DAG(s) dict_keys(['example_skip_dag']) retrieved from /home/airflow/.local/lib/python3.6/site-packages/airflow/example_dags/example_skip_dag.py
[2022-04-18 15:03:30,124] {logging_mixin.py:104} INFO - [2022-04-18 15:03:30,124] {dag.py:1818} INFO - Sync 1 DAGs
[2022-04-18 15:03:30,131] {logging_mixin.py:104} INFO - [2022-04-18 15:03:30,131] {dag.py:2273} INFO - Setting next_dagrun for example_skip_dag to 2022-04-16 00:00:00+00:00
[2022-04-18 15:03:30,135] {scheduler_job.py:190} INFO - Processing /home/airflow/.local/lib/python3.6/site-packages/airflow/example_dags/example_skip_dag.py took 0.034 seconds
[2022-04-18 15:04:00,786] {scheduler_job.py:182} INFO - Started process (PID=7584) to work on /home/airflow/.local/lib/python3.6/site-packages/airflow/example_dags/example_skip_dag.py
[2022-04-18 15:04:00,786] {scheduler_job.py:629} INFO - Processing file /home/airflow/.local/lib/python3.6/site-packages/airflow/example_dags/example_skip_dag.py for tasks to queue
[2022-04-18 15:04:00,787] {logging_mixin.py:104} INFO - [2022-04-18 15:04:00,787] {dagbag.py:448} INFO - Filling up the DagBag from /home/airflow/.local/lib/python3.6/site-packages/airflow/example_dags/example_skip_dag.py
[2022-04-18 15:04:00,794] {scheduler_job.py:639} INFO - DAG(s) dict_keys(['example_skip_dag']) retrieved from /home/airflow/.local/lib/python3.6/site-packages/airflow/example_dags/example_skip_dag.py
[2022-04-18 15:04:00,805] {logging_mixin.py:104} INFO - [2022-04-18 15:04:00,805] {dag.py:1818} INFO - Sync 1 DAGs
[2022-04-18 15:04:00,814] {logging_mixin.py:104} INFO - [2022-04-18 15:04:00,814] {dag.py:2273} INFO - Setting next_dagrun for example_skip_dag to 2022-04-16 00:00:00+00:00
[2022-04-18 15:04:00,818] {scheduler_job.py:190} INFO - Processing /home/airflow/.local/lib/python3.6/site-packages/airflow/example_dags/example_skip_dag.py took 0.035 seconds
[2022-04-18 15:04:31,452] {scheduler_job.py:182} INFO - Started process (PID=7719) to work on /home/airflow/.local/lib/python3.6/site-packages/airflow/example_dags/example_skip_dag.py
[2022-04-18 15:04:31,453] {scheduler_job.py:629} INFO - Processing file /home/airflow/.local/lib/python3.6/site-packages/airflow/example_dags/example_skip_dag.py for tasks to queue
[2022-04-18 15:04:31,453] {logging_mixin.py:104} INFO - [2022-04-18 15:04:31,453] {dagbag.py:448} INFO - Filling up the DagBag from /home/airflow/.local/lib/python3.6/site-packages/airflow/example_dags/example_skip_dag.py
[2022-04-18 15:04:31,460] {scheduler_job.py:639} INFO - DAG(s) dict_keys(['example_skip_dag']) retrieved from /home/airflow/.local/lib/python3.6/site-packages/airflow/example_dags/example_skip_dag.py
[2022-04-18 15:04:31,472] {logging_mixin.py:104} INFO - [2022-04-18 15:04:31,472] {dag.py:1818} INFO - Sync 1 DAGs
[2022-04-18 15:04:31,481] {logging_mixin.py:104} INFO - [2022-04-18 15:04:31,481] {dag.py:2273} INFO - Setting next_dagrun for example_skip_dag to 2022-04-16 00:00:00+00:00
[2022-04-18 15:04:31,485] {scheduler_job.py:190} INFO - Processing /home/airflow/.local/lib/python3.6/site-packages/airflow/example_dags/example_skip_dag.py took 0.036 seconds
[2022-04-18 15:05:02,181] {scheduler_job.py:182} INFO - Started process (PID=7854) to work on /home/airflow/.local/lib/python3.6/site-packages/airflow/example_dags/example_skip_dag.py
[2022-04-18 15:05:02,182] {scheduler_job.py:629} INFO - Processing file /home/airflow/.local/lib/python3.6/site-packages/airflow/example_dags/example_skip_dag.py for tasks to queue
[2022-04-18 15:05:02,182] {logging_mixin.py:104} INFO - [2022-04-18 15:05:02,182] {dagbag.py:448} INFO - Filling up the DagBag from /home/airflow/.local/lib/python3.6/site-packages/airflow/example_dags/example_skip_dag.py
[2022-04-18 15:05:02,190] {scheduler_job.py:639} INFO - DAG(s) dict_keys(['example_skip_dag']) retrieved from /home/airflow/.local/lib/python3.6/site-packages/airflow/example_dags/example_skip_dag.py
[2022-04-18 15:05:02,207] {logging_mixin.py:104} INFO - [2022-04-18 15:05:02,206] {dag.py:1818} INFO - Sync 1 DAGs
[2022-04-18 15:05:02,214] {logging_mixin.py:104} INFO - [2022-04-18 15:05:02,214] {dag.py:2273} INFO - Setting next_dagrun for example_skip_dag to 2022-04-16 00:00:00+00:00
[2022-04-18 15:05:02,218] {scheduler_job.py:190} INFO - Processing /home/airflow/.local/lib/python3.6/site-packages/airflow/example_dags/example_skip_dag.py took 0.040 seconds
[2022-04-18 15:05:32,875] {scheduler_job.py:182} INFO - Started process (PID=7989) to work on /home/airflow/.local/lib/python3.6/site-packages/airflow/example_dags/example_skip_dag.py
[2022-04-18 15:05:32,876] {scheduler_job.py:629} INFO - Processing file /home/airflow/.local/lib/python3.6/site-packages/airflow/example_dags/example_skip_dag.py for tasks to queue
[2022-04-18 15:05:32,877] {logging_mixin.py:104} INFO - [2022-04-18 15:05:32,877] {dagbag.py:448} INFO - Filling up the DagBag from /home/airflow/.local/lib/python3.6/site-packages/airflow/example_dags/example_skip_dag.py
[2022-04-18 15:05:32,883] {scheduler_job.py:639} INFO - DAG(s) dict_keys(['example_skip_dag']) retrieved from /home/airflow/.local/lib/python3.6/site-packages/airflow/example_dags/example_skip_dag.py
[2022-04-18 15:05:32,896] {logging_mixin.py:104} INFO - [2022-04-18 15:05:32,896] {dag.py:1818} INFO - Sync 1 DAGs
[2022-04-18 15:05:32,904] {logging_mixin.py:104} INFO - [2022-04-18 15:05:32,904] {dag.py:2273} INFO - Setting next_dagrun for example_skip_dag to 2022-04-16 00:00:00+00:00
[2022-04-18 15:05:32,907] {scheduler_job.py:190} INFO - Processing /home/airflow/.local/lib/python3.6/site-packages/airflow/example_dags/example_skip_dag.py took 0.034 seconds
[2022-04-18 15:06:03,566] {scheduler_job.py:182} INFO - Started process (PID=8124) to work on /home/airflow/.local/lib/python3.6/site-packages/airflow/example_dags/example_skip_dag.py
[2022-04-18 15:06:03,567] {scheduler_job.py:629} INFO - Processing file /home/airflow/.local/lib/python3.6/site-packages/airflow/example_dags/example_skip_dag.py for tasks to queue
[2022-04-18 15:06:03,568] {logging_mixin.py:104} INFO - [2022-04-18 15:06:03,568] {dagbag.py:448} INFO - Filling up the DagBag from /home/airflow/.local/lib/python3.6/site-packages/airflow/example_dags/example_skip_dag.py
[2022-04-18 15:06:03,575] {scheduler_job.py:639} INFO - DAG(s) dict_keys(['example_skip_dag']) retrieved from /home/airflow/.local/lib/python3.6/site-packages/airflow/example_dags/example_skip_dag.py
[2022-04-18 15:06:03,593] {logging_mixin.py:104} INFO - [2022-04-18 15:06:03,593] {dag.py:1818} INFO - Sync 1 DAGs
[2022-04-18 15:06:03,601] {logging_mixin.py:104} INFO - [2022-04-18 15:06:03,601] {dag.py:2273} INFO - Setting next_dagrun for example_skip_dag to 2022-04-16 00:00:00+00:00
[2022-04-18 15:06:03,605] {scheduler_job.py:190} INFO - Processing /home/airflow/.local/lib/python3.6/site-packages/airflow/example_dags/example_skip_dag.py took 0.042 seconds
[2022-04-18 15:06:34,247] {scheduler_job.py:182} INFO - Started process (PID=8259) to work on /home/airflow/.local/lib/python3.6/site-packages/airflow/example_dags/example_skip_dag.py
[2022-04-18 15:06:34,248] {scheduler_job.py:629} INFO - Processing file /home/airflow/.local/lib/python3.6/site-packages/airflow/example_dags/example_skip_dag.py for tasks to queue
[2022-04-18 15:06:34,249] {logging_mixin.py:104} INFO - [2022-04-18 15:06:34,249] {dagbag.py:448} INFO - Filling up the DagBag from /home/airflow/.local/lib/python3.6/site-packages/airflow/example_dags/example_skip_dag.py
[2022-04-18 15:06:34,258] {scheduler_job.py:639} INFO - DAG(s) dict_keys(['example_skip_dag']) retrieved from /home/airflow/.local/lib/python3.6/site-packages/airflow/example_dags/example_skip_dag.py
[2022-04-18 15:06:34,268] {logging_mixin.py:104} INFO - [2022-04-18 15:06:34,268] {dag.py:1818} INFO - Sync 1 DAGs
[2022-04-18 15:06:34,278] {logging_mixin.py:104} INFO - [2022-04-18 15:06:34,278] {dag.py:2273} INFO - Setting next_dagrun for example_skip_dag to 2022-04-16 00:00:00+00:00
[2022-04-18 15:06:34,281] {scheduler_job.py:190} INFO - Processing /home/airflow/.local/lib/python3.6/site-packages/airflow/example_dags/example_skip_dag.py took 0.037 seconds
