[2022-04-18 14:37:01,264] {scheduler_job.py:182} INFO - Started process (PID=212) to work on /home/airflow/.local/lib/python3.6/site-packages/airflow/example_dags/example_trigger_target_dag.py
[2022-04-18 14:37:01,264] {scheduler_job.py:629} INFO - Processing file /home/airflow/.local/lib/python3.6/site-packages/airflow/example_dags/example_trigger_target_dag.py for tasks to queue
[2022-04-18 14:37:01,265] {logging_mixin.py:104} INFO - [2022-04-18 14:37:01,265] {dagbag.py:448} INFO - Filling up the DagBag from /home/airflow/.local/lib/python3.6/site-packages/airflow/example_dags/example_trigger_target_dag.py
[2022-04-18 14:37:01,272] {scheduler_job.py:639} INFO - DAG(s) dict_keys(['example_trigger_target_dag']) retrieved from /home/airflow/.local/lib/python3.6/site-packages/airflow/example_dags/example_trigger_target_dag.py
[2022-04-18 14:37:01,287] {logging_mixin.py:104} INFO - [2022-04-18 14:37:01,287] {dag.py:1818} INFO - Sync 1 DAGs
[2022-04-18 14:37:01,294] {logging_mixin.py:104} INFO - [2022-04-18 14:37:01,294] {dag.py:2273} INFO - Setting next_dagrun for example_trigger_target_dag to None
[2022-04-18 14:37:01,299] {scheduler_job.py:190} INFO - Processing /home/airflow/.local/lib/python3.6/site-packages/airflow/example_dags/example_trigger_target_dag.py took 0.037 seconds
[2022-04-18 14:37:31,335] {scheduler_job.py:182} INFO - Started process (PID=592) to work on /home/airflow/.local/lib/python3.6/site-packages/airflow/example_dags/example_trigger_target_dag.py
[2022-04-18 14:37:31,335] {scheduler_job.py:629} INFO - Processing file /home/airflow/.local/lib/python3.6/site-packages/airflow/example_dags/example_trigger_target_dag.py for tasks to queue
[2022-04-18 14:37:31,336] {logging_mixin.py:104} INFO - [2022-04-18 14:37:31,336] {dagbag.py:448} INFO - Filling up the DagBag from /home/airflow/.local/lib/python3.6/site-packages/airflow/example_dags/example_trigger_target_dag.py
[2022-04-18 14:37:31,343] {scheduler_job.py:639} INFO - DAG(s) dict_keys(['example_trigger_target_dag']) retrieved from /home/airflow/.local/lib/python3.6/site-packages/airflow/example_dags/example_trigger_target_dag.py
[2022-04-18 14:37:31,357] {logging_mixin.py:104} INFO - [2022-04-18 14:37:31,357] {dag.py:1818} INFO - Sync 1 DAGs
[2022-04-18 14:37:31,365] {logging_mixin.py:104} INFO - [2022-04-18 14:37:31,365] {dag.py:2273} INFO - Setting next_dagrun for example_trigger_target_dag to None
[2022-04-18 14:37:31,369] {scheduler_job.py:190} INFO - Processing /home/airflow/.local/lib/python3.6/site-packages/airflow/example_dags/example_trigger_target_dag.py took 0.037 seconds
[2022-04-18 14:38:01,389] {scheduler_job.py:182} INFO - Started process (PID=729) to work on /home/airflow/.local/lib/python3.6/site-packages/airflow/example_dags/example_trigger_target_dag.py
[2022-04-18 14:38:01,390] {scheduler_job.py:629} INFO - Processing file /home/airflow/.local/lib/python3.6/site-packages/airflow/example_dags/example_trigger_target_dag.py for tasks to queue
[2022-04-18 14:38:01,391] {logging_mixin.py:104} INFO - [2022-04-18 14:38:01,390] {dagbag.py:448} INFO - Filling up the DagBag from /home/airflow/.local/lib/python3.6/site-packages/airflow/example_dags/example_trigger_target_dag.py
[2022-04-18 14:38:01,399] {scheduler_job.py:639} INFO - DAG(s) dict_keys(['example_trigger_target_dag']) retrieved from /home/airflow/.local/lib/python3.6/site-packages/airflow/example_dags/example_trigger_target_dag.py
[2022-04-18 14:38:01,414] {logging_mixin.py:104} INFO - [2022-04-18 14:38:01,414] {dag.py:1818} INFO - Sync 1 DAGs
[2022-04-18 14:38:01,424] {logging_mixin.py:104} INFO - [2022-04-18 14:38:01,424] {dag.py:2273} INFO - Setting next_dagrun for example_trigger_target_dag to None
[2022-04-18 14:38:01,429] {scheduler_job.py:190} INFO - Processing /home/airflow/.local/lib/python3.6/site-packages/airflow/example_dags/example_trigger_target_dag.py took 0.042 seconds
[2022-04-18 14:38:31,475] {scheduler_job.py:182} INFO - Started process (PID=868) to work on /home/airflow/.local/lib/python3.6/site-packages/airflow/example_dags/example_trigger_target_dag.py
[2022-04-18 14:38:31,476] {scheduler_job.py:629} INFO - Processing file /home/airflow/.local/lib/python3.6/site-packages/airflow/example_dags/example_trigger_target_dag.py for tasks to queue
[2022-04-18 14:38:31,477] {logging_mixin.py:104} INFO - [2022-04-18 14:38:31,477] {dagbag.py:448} INFO - Filling up the DagBag from /home/airflow/.local/lib/python3.6/site-packages/airflow/example_dags/example_trigger_target_dag.py
[2022-04-18 14:38:31,486] {scheduler_job.py:639} INFO - DAG(s) dict_keys(['example_trigger_target_dag']) retrieved from /home/airflow/.local/lib/python3.6/site-packages/airflow/example_dags/example_trigger_target_dag.py
[2022-04-18 14:38:31,500] {logging_mixin.py:104} INFO - [2022-04-18 14:38:31,500] {dag.py:1818} INFO - Sync 1 DAGs
[2022-04-18 14:38:31,509] {logging_mixin.py:104} INFO - [2022-04-18 14:38:31,509] {dag.py:2273} INFO - Setting next_dagrun for example_trigger_target_dag to None
[2022-04-18 14:38:31,512] {scheduler_job.py:190} INFO - Processing /home/airflow/.local/lib/python3.6/site-packages/airflow/example_dags/example_trigger_target_dag.py took 0.039 seconds
[2022-04-18 14:39:01,543] {scheduler_job.py:182} INFO - Started process (PID=1007) to work on /home/airflow/.local/lib/python3.6/site-packages/airflow/example_dags/example_trigger_target_dag.py
[2022-04-18 14:39:01,544] {scheduler_job.py:629} INFO - Processing file /home/airflow/.local/lib/python3.6/site-packages/airflow/example_dags/example_trigger_target_dag.py for tasks to queue
[2022-04-18 14:39:01,544] {logging_mixin.py:104} INFO - [2022-04-18 14:39:01,544] {dagbag.py:448} INFO - Filling up the DagBag from /home/airflow/.local/lib/python3.6/site-packages/airflow/example_dags/example_trigger_target_dag.py
[2022-04-18 14:39:01,552] {scheduler_job.py:639} INFO - DAG(s) dict_keys(['example_trigger_target_dag']) retrieved from /home/airflow/.local/lib/python3.6/site-packages/airflow/example_dags/example_trigger_target_dag.py
[2022-04-18 14:39:01,566] {logging_mixin.py:104} INFO - [2022-04-18 14:39:01,566] {dag.py:1818} INFO - Sync 1 DAGs
[2022-04-18 14:39:01,576] {logging_mixin.py:104} INFO - [2022-04-18 14:39:01,576] {dag.py:2273} INFO - Setting next_dagrun for example_trigger_target_dag to None
[2022-04-18 14:39:01,580] {scheduler_job.py:190} INFO - Processing /home/airflow/.local/lib/python3.6/site-packages/airflow/example_dags/example_trigger_target_dag.py took 0.039 seconds
[2022-04-18 14:39:31,630] {scheduler_job.py:182} INFO - Started process (PID=1142) to work on /home/airflow/.local/lib/python3.6/site-packages/airflow/example_dags/example_trigger_target_dag.py
[2022-04-18 14:39:31,631] {scheduler_job.py:629} INFO - Processing file /home/airflow/.local/lib/python3.6/site-packages/airflow/example_dags/example_trigger_target_dag.py for tasks to queue
[2022-04-18 14:39:31,631] {logging_mixin.py:104} INFO - [2022-04-18 14:39:31,631] {dagbag.py:448} INFO - Filling up the DagBag from /home/airflow/.local/lib/python3.6/site-packages/airflow/example_dags/example_trigger_target_dag.py
[2022-04-18 14:39:31,640] {scheduler_job.py:639} INFO - DAG(s) dict_keys(['example_trigger_target_dag']) retrieved from /home/airflow/.local/lib/python3.6/site-packages/airflow/example_dags/example_trigger_target_dag.py
[2022-04-18 14:39:31,655] {logging_mixin.py:104} INFO - [2022-04-18 14:39:31,655] {dag.py:1818} INFO - Sync 1 DAGs
[2022-04-18 14:39:31,663] {logging_mixin.py:104} INFO - [2022-04-18 14:39:31,663] {dag.py:2273} INFO - Setting next_dagrun for example_trigger_target_dag to None
[2022-04-18 14:39:31,666] {scheduler_job.py:190} INFO - Processing /home/airflow/.local/lib/python3.6/site-packages/airflow/example_dags/example_trigger_target_dag.py took 0.039 seconds
[2022-04-18 14:40:01,689] {scheduler_job.py:182} INFO - Started process (PID=1277) to work on /home/airflow/.local/lib/python3.6/site-packages/airflow/example_dags/example_trigger_target_dag.py
[2022-04-18 14:40:01,690] {scheduler_job.py:629} INFO - Processing file /home/airflow/.local/lib/python3.6/site-packages/airflow/example_dags/example_trigger_target_dag.py for tasks to queue
[2022-04-18 14:40:01,690] {logging_mixin.py:104} INFO - [2022-04-18 14:40:01,690] {dagbag.py:448} INFO - Filling up the DagBag from /home/airflow/.local/lib/python3.6/site-packages/airflow/example_dags/example_trigger_target_dag.py
[2022-04-18 14:40:01,698] {scheduler_job.py:639} INFO - DAG(s) dict_keys(['example_trigger_target_dag']) retrieved from /home/airflow/.local/lib/python3.6/site-packages/airflow/example_dags/example_trigger_target_dag.py
[2022-04-18 14:40:01,710] {logging_mixin.py:104} INFO - [2022-04-18 14:40:01,710] {dag.py:1818} INFO - Sync 1 DAGs
[2022-04-18 14:40:01,719] {logging_mixin.py:104} INFO - [2022-04-18 14:40:01,719] {dag.py:2273} INFO - Setting next_dagrun for example_trigger_target_dag to None
[2022-04-18 14:40:01,723] {scheduler_job.py:190} INFO - Processing /home/airflow/.local/lib/python3.6/site-packages/airflow/example_dags/example_trigger_target_dag.py took 0.036 seconds
[2022-04-18 14:40:32,405] {scheduler_job.py:182} INFO - Started process (PID=1406) to work on /home/airflow/.local/lib/python3.6/site-packages/airflow/example_dags/example_trigger_target_dag.py
[2022-04-18 14:40:32,406] {scheduler_job.py:629} INFO - Processing file /home/airflow/.local/lib/python3.6/site-packages/airflow/example_dags/example_trigger_target_dag.py for tasks to queue
[2022-04-18 14:40:32,406] {logging_mixin.py:104} INFO - [2022-04-18 14:40:32,406] {dagbag.py:448} INFO - Filling up the DagBag from /home/airflow/.local/lib/python3.6/site-packages/airflow/example_dags/example_trigger_target_dag.py
[2022-04-18 14:40:32,416] {scheduler_job.py:639} INFO - DAG(s) dict_keys(['example_trigger_target_dag']) retrieved from /home/airflow/.local/lib/python3.6/site-packages/airflow/example_dags/example_trigger_target_dag.py
[2022-04-18 14:40:32,427] {logging_mixin.py:104} INFO - [2022-04-18 14:40:32,427] {dag.py:1818} INFO - Sync 1 DAGs
[2022-04-18 14:40:32,435] {logging_mixin.py:104} INFO - [2022-04-18 14:40:32,435] {dag.py:2273} INFO - Setting next_dagrun for example_trigger_target_dag to None
[2022-04-18 14:40:32,439] {scheduler_job.py:190} INFO - Processing /home/airflow/.local/lib/python3.6/site-packages/airflow/example_dags/example_trigger_target_dag.py took 0.036 seconds
[2022-04-18 14:41:03,416] {scheduler_job.py:182} INFO - Started process (PID=1543) to work on /home/airflow/.local/lib/python3.6/site-packages/airflow/example_dags/example_trigger_target_dag.py
[2022-04-18 14:41:03,417] {scheduler_job.py:629} INFO - Processing file /home/airflow/.local/lib/python3.6/site-packages/airflow/example_dags/example_trigger_target_dag.py for tasks to queue
[2022-04-18 14:41:03,417] {logging_mixin.py:104} INFO - [2022-04-18 14:41:03,417] {dagbag.py:448} INFO - Filling up the DagBag from /home/airflow/.local/lib/python3.6/site-packages/airflow/example_dags/example_trigger_target_dag.py
[2022-04-18 14:41:03,425] {scheduler_job.py:639} INFO - DAG(s) dict_keys(['example_trigger_target_dag']) retrieved from /home/airflow/.local/lib/python3.6/site-packages/airflow/example_dags/example_trigger_target_dag.py
[2022-04-18 14:41:03,439] {logging_mixin.py:104} INFO - [2022-04-18 14:41:03,439] {dag.py:1818} INFO - Sync 1 DAGs
[2022-04-18 14:41:03,447] {logging_mixin.py:104} INFO - [2022-04-18 14:41:03,447] {dag.py:2273} INFO - Setting next_dagrun for example_trigger_target_dag to None
[2022-04-18 14:41:03,452] {scheduler_job.py:190} INFO - Processing /home/airflow/.local/lib/python3.6/site-packages/airflow/example_dags/example_trigger_target_dag.py took 0.038 seconds
[2022-04-18 14:41:34,090] {scheduler_job.py:182} INFO - Started process (PID=1677) to work on /home/airflow/.local/lib/python3.6/site-packages/airflow/example_dags/example_trigger_target_dag.py
[2022-04-18 14:41:34,090] {scheduler_job.py:629} INFO - Processing file /home/airflow/.local/lib/python3.6/site-packages/airflow/example_dags/example_trigger_target_dag.py for tasks to queue
[2022-04-18 14:41:34,091] {logging_mixin.py:104} INFO - [2022-04-18 14:41:34,091] {dagbag.py:448} INFO - Filling up the DagBag from /home/airflow/.local/lib/python3.6/site-packages/airflow/example_dags/example_trigger_target_dag.py
[2022-04-18 14:41:34,098] {scheduler_job.py:639} INFO - DAG(s) dict_keys(['example_trigger_target_dag']) retrieved from /home/airflow/.local/lib/python3.6/site-packages/airflow/example_dags/example_trigger_target_dag.py
[2022-04-18 14:41:34,110] {logging_mixin.py:104} INFO - [2022-04-18 14:41:34,110] {dag.py:1818} INFO - Sync 1 DAGs
[2022-04-18 14:41:34,118] {logging_mixin.py:104} INFO - [2022-04-18 14:41:34,118] {dag.py:2273} INFO - Setting next_dagrun for example_trigger_target_dag to None
[2022-04-18 14:41:34,121] {scheduler_job.py:190} INFO - Processing /home/airflow/.local/lib/python3.6/site-packages/airflow/example_dags/example_trigger_target_dag.py took 0.034 seconds
[2022-04-18 14:42:04,784] {scheduler_job.py:182} INFO - Started process (PID=1812) to work on /home/airflow/.local/lib/python3.6/site-packages/airflow/example_dags/example_trigger_target_dag.py
[2022-04-18 14:42:04,785] {scheduler_job.py:629} INFO - Processing file /home/airflow/.local/lib/python3.6/site-packages/airflow/example_dags/example_trigger_target_dag.py for tasks to queue
[2022-04-18 14:42:04,786] {logging_mixin.py:104} INFO - [2022-04-18 14:42:04,786] {dagbag.py:448} INFO - Filling up the DagBag from /home/airflow/.local/lib/python3.6/site-packages/airflow/example_dags/example_trigger_target_dag.py
[2022-04-18 14:42:04,792] {scheduler_job.py:639} INFO - DAG(s) dict_keys(['example_trigger_target_dag']) retrieved from /home/airflow/.local/lib/python3.6/site-packages/airflow/example_dags/example_trigger_target_dag.py
[2022-04-18 14:42:04,806] {logging_mixin.py:104} INFO - [2022-04-18 14:42:04,806] {dag.py:1818} INFO - Sync 1 DAGs
[2022-04-18 14:42:04,814] {logging_mixin.py:104} INFO - [2022-04-18 14:42:04,814] {dag.py:2273} INFO - Setting next_dagrun for example_trigger_target_dag to None
[2022-04-18 14:42:04,817] {scheduler_job.py:190} INFO - Processing /home/airflow/.local/lib/python3.6/site-packages/airflow/example_dags/example_trigger_target_dag.py took 0.035 seconds
[2022-04-18 14:42:35,481] {scheduler_job.py:182} INFO - Started process (PID=1947) to work on /home/airflow/.local/lib/python3.6/site-packages/airflow/example_dags/example_trigger_target_dag.py
[2022-04-18 14:42:35,482] {scheduler_job.py:629} INFO - Processing file /home/airflow/.local/lib/python3.6/site-packages/airflow/example_dags/example_trigger_target_dag.py for tasks to queue
[2022-04-18 14:42:35,483] {logging_mixin.py:104} INFO - [2022-04-18 14:42:35,483] {dagbag.py:448} INFO - Filling up the DagBag from /home/airflow/.local/lib/python3.6/site-packages/airflow/example_dags/example_trigger_target_dag.py
[2022-04-18 14:42:35,489] {scheduler_job.py:639} INFO - DAG(s) dict_keys(['example_trigger_target_dag']) retrieved from /home/airflow/.local/lib/python3.6/site-packages/airflow/example_dags/example_trigger_target_dag.py
[2022-04-18 14:42:35,504] {logging_mixin.py:104} INFO - [2022-04-18 14:42:35,503] {dag.py:1818} INFO - Sync 1 DAGs
[2022-04-18 14:42:35,511] {logging_mixin.py:104} INFO - [2022-04-18 14:42:35,511] {dag.py:2273} INFO - Setting next_dagrun for example_trigger_target_dag to None
[2022-04-18 14:42:35,515] {scheduler_job.py:190} INFO - Processing /home/airflow/.local/lib/python3.6/site-packages/airflow/example_dags/example_trigger_target_dag.py took 0.036 seconds
[2022-04-18 14:43:06,238] {scheduler_job.py:182} INFO - Started process (PID=2081) to work on /home/airflow/.local/lib/python3.6/site-packages/airflow/example_dags/example_trigger_target_dag.py
[2022-04-18 14:43:06,239] {scheduler_job.py:629} INFO - Processing file /home/airflow/.local/lib/python3.6/site-packages/airflow/example_dags/example_trigger_target_dag.py for tasks to queue
[2022-04-18 14:43:06,239] {logging_mixin.py:104} INFO - [2022-04-18 14:43:06,239] {dagbag.py:448} INFO - Filling up the DagBag from /home/airflow/.local/lib/python3.6/site-packages/airflow/example_dags/example_trigger_target_dag.py
[2022-04-18 14:43:06,247] {scheduler_job.py:639} INFO - DAG(s) dict_keys(['example_trigger_target_dag']) retrieved from /home/airflow/.local/lib/python3.6/site-packages/airflow/example_dags/example_trigger_target_dag.py
[2022-04-18 14:43:06,261] {logging_mixin.py:104} INFO - [2022-04-18 14:43:06,261] {dag.py:1818} INFO - Sync 1 DAGs
[2022-04-18 14:43:06,270] {logging_mixin.py:104} INFO - [2022-04-18 14:43:06,269] {dag.py:2273} INFO - Setting next_dagrun for example_trigger_target_dag to None
[2022-04-18 14:43:06,276] {scheduler_job.py:190} INFO - Processing /home/airflow/.local/lib/python3.6/site-packages/airflow/example_dags/example_trigger_target_dag.py took 0.040 seconds
[2022-04-18 14:43:36,989] {scheduler_job.py:182} INFO - Started process (PID=2217) to work on /home/airflow/.local/lib/python3.6/site-packages/airflow/example_dags/example_trigger_target_dag.py
[2022-04-18 14:43:36,990] {scheduler_job.py:629} INFO - Processing file /home/airflow/.local/lib/python3.6/site-packages/airflow/example_dags/example_trigger_target_dag.py for tasks to queue
[2022-04-18 14:43:36,990] {logging_mixin.py:104} INFO - [2022-04-18 14:43:36,990] {dagbag.py:448} INFO - Filling up the DagBag from /home/airflow/.local/lib/python3.6/site-packages/airflow/example_dags/example_trigger_target_dag.py
[2022-04-18 14:43:36,997] {scheduler_job.py:639} INFO - DAG(s) dict_keys(['example_trigger_target_dag']) retrieved from /home/airflow/.local/lib/python3.6/site-packages/airflow/example_dags/example_trigger_target_dag.py
[2022-04-18 14:43:37,011] {logging_mixin.py:104} INFO - [2022-04-18 14:43:37,011] {dag.py:1818} INFO - Sync 1 DAGs
[2022-04-18 14:43:37,020] {logging_mixin.py:104} INFO - [2022-04-18 14:43:37,020] {dag.py:2273} INFO - Setting next_dagrun for example_trigger_target_dag to None
[2022-04-18 14:43:37,024] {scheduler_job.py:190} INFO - Processing /home/airflow/.local/lib/python3.6/site-packages/airflow/example_dags/example_trigger_target_dag.py took 0.037 seconds
[2022-04-18 14:44:07,683] {scheduler_job.py:182} INFO - Started process (PID=2352) to work on /home/airflow/.local/lib/python3.6/site-packages/airflow/example_dags/example_trigger_target_dag.py
[2022-04-18 14:44:07,683] {scheduler_job.py:629} INFO - Processing file /home/airflow/.local/lib/python3.6/site-packages/airflow/example_dags/example_trigger_target_dag.py for tasks to queue
[2022-04-18 14:44:07,684] {logging_mixin.py:104} INFO - [2022-04-18 14:44:07,684] {dagbag.py:448} INFO - Filling up the DagBag from /home/airflow/.local/lib/python3.6/site-packages/airflow/example_dags/example_trigger_target_dag.py
[2022-04-18 14:44:07,692] {scheduler_job.py:639} INFO - DAG(s) dict_keys(['example_trigger_target_dag']) retrieved from /home/airflow/.local/lib/python3.6/site-packages/airflow/example_dags/example_trigger_target_dag.py
[2022-04-18 14:44:07,705] {logging_mixin.py:104} INFO - [2022-04-18 14:44:07,705] {dag.py:1818} INFO - Sync 1 DAGs
[2022-04-18 14:44:07,713] {logging_mixin.py:104} INFO - [2022-04-18 14:44:07,712] {dag.py:2273} INFO - Setting next_dagrun for example_trigger_target_dag to None
[2022-04-18 14:44:07,716] {scheduler_job.py:190} INFO - Processing /home/airflow/.local/lib/python3.6/site-packages/airflow/example_dags/example_trigger_target_dag.py took 0.036 seconds
[2022-04-18 14:44:38,361] {scheduler_job.py:182} INFO - Started process (PID=2487) to work on /home/airflow/.local/lib/python3.6/site-packages/airflow/example_dags/example_trigger_target_dag.py
[2022-04-18 14:44:38,361] {scheduler_job.py:629} INFO - Processing file /home/airflow/.local/lib/python3.6/site-packages/airflow/example_dags/example_trigger_target_dag.py for tasks to queue
[2022-04-18 14:44:38,362] {logging_mixin.py:104} INFO - [2022-04-18 14:44:38,362] {dagbag.py:448} INFO - Filling up the DagBag from /home/airflow/.local/lib/python3.6/site-packages/airflow/example_dags/example_trigger_target_dag.py
[2022-04-18 14:44:38,371] {scheduler_job.py:639} INFO - DAG(s) dict_keys(['example_trigger_target_dag']) retrieved from /home/airflow/.local/lib/python3.6/site-packages/airflow/example_dags/example_trigger_target_dag.py
[2022-04-18 14:44:38,386] {logging_mixin.py:104} INFO - [2022-04-18 14:44:38,386] {dag.py:1818} INFO - Sync 1 DAGs
[2022-04-18 14:44:38,393] {logging_mixin.py:104} INFO - [2022-04-18 14:44:38,393] {dag.py:2273} INFO - Setting next_dagrun for example_trigger_target_dag to None
[2022-04-18 14:44:38,397] {scheduler_job.py:190} INFO - Processing /home/airflow/.local/lib/python3.6/site-packages/airflow/example_dags/example_trigger_target_dag.py took 0.039 seconds
[2022-04-18 14:45:09,029] {scheduler_job.py:182} INFO - Started process (PID=2622) to work on /home/airflow/.local/lib/python3.6/site-packages/airflow/example_dags/example_trigger_target_dag.py
[2022-04-18 14:45:09,030] {scheduler_job.py:629} INFO - Processing file /home/airflow/.local/lib/python3.6/site-packages/airflow/example_dags/example_trigger_target_dag.py for tasks to queue
[2022-04-18 14:45:09,030] {logging_mixin.py:104} INFO - [2022-04-18 14:45:09,030] {dagbag.py:448} INFO - Filling up the DagBag from /home/airflow/.local/lib/python3.6/site-packages/airflow/example_dags/example_trigger_target_dag.py
[2022-04-18 14:45:09,036] {scheduler_job.py:639} INFO - DAG(s) dict_keys(['example_trigger_target_dag']) retrieved from /home/airflow/.local/lib/python3.6/site-packages/airflow/example_dags/example_trigger_target_dag.py
[2022-04-18 14:45:09,050] {logging_mixin.py:104} INFO - [2022-04-18 14:45:09,050] {dag.py:1818} INFO - Sync 1 DAGs
[2022-04-18 14:45:09,058] {logging_mixin.py:104} INFO - [2022-04-18 14:45:09,058] {dag.py:2273} INFO - Setting next_dagrun for example_trigger_target_dag to None
[2022-04-18 14:45:09,062] {scheduler_job.py:190} INFO - Processing /home/airflow/.local/lib/python3.6/site-packages/airflow/example_dags/example_trigger_target_dag.py took 0.034 seconds
[2022-04-18 14:45:39,721] {scheduler_job.py:182} INFO - Started process (PID=2757) to work on /home/airflow/.local/lib/python3.6/site-packages/airflow/example_dags/example_trigger_target_dag.py
[2022-04-18 14:45:39,722] {scheduler_job.py:629} INFO - Processing file /home/airflow/.local/lib/python3.6/site-packages/airflow/example_dags/example_trigger_target_dag.py for tasks to queue
[2022-04-18 14:45:39,722] {logging_mixin.py:104} INFO - [2022-04-18 14:45:39,722] {dagbag.py:448} INFO - Filling up the DagBag from /home/airflow/.local/lib/python3.6/site-packages/airflow/example_dags/example_trigger_target_dag.py
[2022-04-18 14:45:39,730] {scheduler_job.py:639} INFO - DAG(s) dict_keys(['example_trigger_target_dag']) retrieved from /home/airflow/.local/lib/python3.6/site-packages/airflow/example_dags/example_trigger_target_dag.py
[2022-04-18 14:45:39,746] {logging_mixin.py:104} INFO - [2022-04-18 14:45:39,745] {dag.py:1818} INFO - Sync 1 DAGs
[2022-04-18 14:45:39,756] {logging_mixin.py:104} INFO - [2022-04-18 14:45:39,756] {dag.py:2273} INFO - Setting next_dagrun for example_trigger_target_dag to None
[2022-04-18 14:45:39,760] {scheduler_job.py:190} INFO - Processing /home/airflow/.local/lib/python3.6/site-packages/airflow/example_dags/example_trigger_target_dag.py took 0.041 seconds
[2022-04-18 14:46:10,481] {scheduler_job.py:182} INFO - Started process (PID=2892) to work on /home/airflow/.local/lib/python3.6/site-packages/airflow/example_dags/example_trigger_target_dag.py
[2022-04-18 14:46:10,482] {scheduler_job.py:629} INFO - Processing file /home/airflow/.local/lib/python3.6/site-packages/airflow/example_dags/example_trigger_target_dag.py for tasks to queue
[2022-04-18 14:46:10,482] {logging_mixin.py:104} INFO - [2022-04-18 14:46:10,482] {dagbag.py:448} INFO - Filling up the DagBag from /home/airflow/.local/lib/python3.6/site-packages/airflow/example_dags/example_trigger_target_dag.py
[2022-04-18 14:46:10,490] {scheduler_job.py:639} INFO - DAG(s) dict_keys(['example_trigger_target_dag']) retrieved from /home/airflow/.local/lib/python3.6/site-packages/airflow/example_dags/example_trigger_target_dag.py
[2022-04-18 14:46:10,503] {logging_mixin.py:104} INFO - [2022-04-18 14:46:10,502] {dag.py:1818} INFO - Sync 1 DAGs
[2022-04-18 14:46:10,512] {logging_mixin.py:104} INFO - [2022-04-18 14:46:10,512] {dag.py:2273} INFO - Setting next_dagrun for example_trigger_target_dag to None
[2022-04-18 14:46:10,515] {scheduler_job.py:190} INFO - Processing /home/airflow/.local/lib/python3.6/site-packages/airflow/example_dags/example_trigger_target_dag.py took 0.036 seconds
[2022-04-18 14:46:41,142] {scheduler_job.py:182} INFO - Started process (PID=3027) to work on /home/airflow/.local/lib/python3.6/site-packages/airflow/example_dags/example_trigger_target_dag.py
[2022-04-18 14:46:41,143] {scheduler_job.py:629} INFO - Processing file /home/airflow/.local/lib/python3.6/site-packages/airflow/example_dags/example_trigger_target_dag.py for tasks to queue
[2022-04-18 14:46:41,143] {logging_mixin.py:104} INFO - [2022-04-18 14:46:41,143] {dagbag.py:448} INFO - Filling up the DagBag from /home/airflow/.local/lib/python3.6/site-packages/airflow/example_dags/example_trigger_target_dag.py
[2022-04-18 14:46:41,151] {scheduler_job.py:639} INFO - DAG(s) dict_keys(['example_trigger_target_dag']) retrieved from /home/airflow/.local/lib/python3.6/site-packages/airflow/example_dags/example_trigger_target_dag.py
[2022-04-18 14:46:41,166] {logging_mixin.py:104} INFO - [2022-04-18 14:46:41,166] {dag.py:1818} INFO - Sync 1 DAGs
[2022-04-18 14:46:41,173] {logging_mixin.py:104} INFO - [2022-04-18 14:46:41,173] {dag.py:2273} INFO - Setting next_dagrun for example_trigger_target_dag to None
[2022-04-18 14:46:41,177] {scheduler_job.py:190} INFO - Processing /home/airflow/.local/lib/python3.6/site-packages/airflow/example_dags/example_trigger_target_dag.py took 0.037 seconds
[2022-04-18 14:47:11,857] {scheduler_job.py:182} INFO - Started process (PID=3162) to work on /home/airflow/.local/lib/python3.6/site-packages/airflow/example_dags/example_trigger_target_dag.py
[2022-04-18 14:47:11,858] {scheduler_job.py:629} INFO - Processing file /home/airflow/.local/lib/python3.6/site-packages/airflow/example_dags/example_trigger_target_dag.py for tasks to queue
[2022-04-18 14:47:11,858] {logging_mixin.py:104} INFO - [2022-04-18 14:47:11,858] {dagbag.py:448} INFO - Filling up the DagBag from /home/airflow/.local/lib/python3.6/site-packages/airflow/example_dags/example_trigger_target_dag.py
[2022-04-18 14:47:11,865] {scheduler_job.py:639} INFO - DAG(s) dict_keys(['example_trigger_target_dag']) retrieved from /home/airflow/.local/lib/python3.6/site-packages/airflow/example_dags/example_trigger_target_dag.py
[2022-04-18 14:47:11,877] {logging_mixin.py:104} INFO - [2022-04-18 14:47:11,877] {dag.py:1818} INFO - Sync 1 DAGs
[2022-04-18 14:47:11,887] {logging_mixin.py:104} INFO - [2022-04-18 14:47:11,887] {dag.py:2273} INFO - Setting next_dagrun for example_trigger_target_dag to None
[2022-04-18 14:47:11,890] {scheduler_job.py:190} INFO - Processing /home/airflow/.local/lib/python3.6/site-packages/airflow/example_dags/example_trigger_target_dag.py took 0.036 seconds
[2022-04-18 14:47:42,531] {scheduler_job.py:182} INFO - Started process (PID=3296) to work on /home/airflow/.local/lib/python3.6/site-packages/airflow/example_dags/example_trigger_target_dag.py
[2022-04-18 14:47:42,532] {scheduler_job.py:629} INFO - Processing file /home/airflow/.local/lib/python3.6/site-packages/airflow/example_dags/example_trigger_target_dag.py for tasks to queue
[2022-04-18 14:47:42,533] {logging_mixin.py:104} INFO - [2022-04-18 14:47:42,533] {dagbag.py:448} INFO - Filling up the DagBag from /home/airflow/.local/lib/python3.6/site-packages/airflow/example_dags/example_trigger_target_dag.py
[2022-04-18 14:47:42,540] {scheduler_job.py:639} INFO - DAG(s) dict_keys(['example_trigger_target_dag']) retrieved from /home/airflow/.local/lib/python3.6/site-packages/airflow/example_dags/example_trigger_target_dag.py
[2022-04-18 14:47:42,554] {logging_mixin.py:104} INFO - [2022-04-18 14:47:42,554] {dag.py:1818} INFO - Sync 1 DAGs
[2022-04-18 14:47:42,561] {logging_mixin.py:104} INFO - [2022-04-18 14:47:42,561] {dag.py:2273} INFO - Setting next_dagrun for example_trigger_target_dag to None
[2022-04-18 14:47:42,565] {scheduler_job.py:190} INFO - Processing /home/airflow/.local/lib/python3.6/site-packages/airflow/example_dags/example_trigger_target_dag.py took 0.036 seconds
[2022-04-18 14:48:13,273] {scheduler_job.py:182} INFO - Started process (PID=3431) to work on /home/airflow/.local/lib/python3.6/site-packages/airflow/example_dags/example_trigger_target_dag.py
[2022-04-18 14:48:13,275] {scheduler_job.py:629} INFO - Processing file /home/airflow/.local/lib/python3.6/site-packages/airflow/example_dags/example_trigger_target_dag.py for tasks to queue
[2022-04-18 14:48:13,275] {logging_mixin.py:104} INFO - [2022-04-18 14:48:13,275] {dagbag.py:448} INFO - Filling up the DagBag from /home/airflow/.local/lib/python3.6/site-packages/airflow/example_dags/example_trigger_target_dag.py
[2022-04-18 14:48:13,283] {scheduler_job.py:639} INFO - DAG(s) dict_keys(['example_trigger_target_dag']) retrieved from /home/airflow/.local/lib/python3.6/site-packages/airflow/example_dags/example_trigger_target_dag.py
[2022-04-18 14:48:13,295] {logging_mixin.py:104} INFO - [2022-04-18 14:48:13,295] {dag.py:1818} INFO - Sync 1 DAGs
[2022-04-18 14:48:13,303] {logging_mixin.py:104} INFO - [2022-04-18 14:48:13,303] {dag.py:2273} INFO - Setting next_dagrun for example_trigger_target_dag to None
[2022-04-18 14:48:13,307] {scheduler_job.py:190} INFO - Processing /home/airflow/.local/lib/python3.6/site-packages/airflow/example_dags/example_trigger_target_dag.py took 0.036 seconds
[2022-04-18 14:48:43,368] {scheduler_job.py:182} INFO - Started process (PID=3564) to work on /home/airflow/.local/lib/python3.6/site-packages/airflow/example_dags/example_trigger_target_dag.py
[2022-04-18 14:48:43,369] {scheduler_job.py:629} INFO - Processing file /home/airflow/.local/lib/python3.6/site-packages/airflow/example_dags/example_trigger_target_dag.py for tasks to queue
[2022-04-18 14:48:43,369] {logging_mixin.py:104} INFO - [2022-04-18 14:48:43,369] {dagbag.py:448} INFO - Filling up the DagBag from /home/airflow/.local/lib/python3.6/site-packages/airflow/example_dags/example_trigger_target_dag.py
[2022-04-18 14:48:43,378] {scheduler_job.py:639} INFO - DAG(s) dict_keys(['example_trigger_target_dag']) retrieved from /home/airflow/.local/lib/python3.6/site-packages/airflow/example_dags/example_trigger_target_dag.py
[2022-04-18 14:48:43,393] {logging_mixin.py:104} INFO - [2022-04-18 14:48:43,393] {dag.py:1818} INFO - Sync 1 DAGs
[2022-04-18 14:48:43,400] {logging_mixin.py:104} INFO - [2022-04-18 14:48:43,400] {dag.py:2273} INFO - Setting next_dagrun for example_trigger_target_dag to None
[2022-04-18 14:48:43,404] {scheduler_job.py:190} INFO - Processing /home/airflow/.local/lib/python3.6/site-packages/airflow/example_dags/example_trigger_target_dag.py took 0.038 seconds
[2022-04-18 14:49:13,454] {scheduler_job.py:182} INFO - Started process (PID=3699) to work on /home/airflow/.local/lib/python3.6/site-packages/airflow/example_dags/example_trigger_target_dag.py
[2022-04-18 14:49:13,454] {scheduler_job.py:629} INFO - Processing file /home/airflow/.local/lib/python3.6/site-packages/airflow/example_dags/example_trigger_target_dag.py for tasks to queue
[2022-04-18 14:49:13,455] {logging_mixin.py:104} INFO - [2022-04-18 14:49:13,455] {dagbag.py:448} INFO - Filling up the DagBag from /home/airflow/.local/lib/python3.6/site-packages/airflow/example_dags/example_trigger_target_dag.py
[2022-04-18 14:49:13,462] {scheduler_job.py:639} INFO - DAG(s) dict_keys(['example_trigger_target_dag']) retrieved from /home/airflow/.local/lib/python3.6/site-packages/airflow/example_dags/example_trigger_target_dag.py
[2022-04-18 14:49:13,477] {logging_mixin.py:104} INFO - [2022-04-18 14:49:13,477] {dag.py:1818} INFO - Sync 1 DAGs
[2022-04-18 14:49:13,486] {logging_mixin.py:104} INFO - [2022-04-18 14:49:13,486] {dag.py:2273} INFO - Setting next_dagrun for example_trigger_target_dag to None
[2022-04-18 14:49:13,490] {scheduler_job.py:190} INFO - Processing /home/airflow/.local/lib/python3.6/site-packages/airflow/example_dags/example_trigger_target_dag.py took 0.038 seconds
[2022-04-18 14:49:43,514] {scheduler_job.py:182} INFO - Started process (PID=3832) to work on /home/airflow/.local/lib/python3.6/site-packages/airflow/example_dags/example_trigger_target_dag.py
[2022-04-18 14:49:43,514] {scheduler_job.py:629} INFO - Processing file /home/airflow/.local/lib/python3.6/site-packages/airflow/example_dags/example_trigger_target_dag.py for tasks to queue
[2022-04-18 14:49:43,515] {logging_mixin.py:104} INFO - [2022-04-18 14:49:43,515] {dagbag.py:448} INFO - Filling up the DagBag from /home/airflow/.local/lib/python3.6/site-packages/airflow/example_dags/example_trigger_target_dag.py
[2022-04-18 14:49:43,523] {scheduler_job.py:639} INFO - DAG(s) dict_keys(['example_trigger_target_dag']) retrieved from /home/airflow/.local/lib/python3.6/site-packages/airflow/example_dags/example_trigger_target_dag.py
[2022-04-18 14:49:43,535] {logging_mixin.py:104} INFO - [2022-04-18 14:49:43,534] {dag.py:1818} INFO - Sync 1 DAGs
[2022-04-18 14:49:43,545] {logging_mixin.py:104} INFO - [2022-04-18 14:49:43,545] {dag.py:2273} INFO - Setting next_dagrun for example_trigger_target_dag to None
[2022-04-18 14:49:43,551] {scheduler_job.py:190} INFO - Processing /home/airflow/.local/lib/python3.6/site-packages/airflow/example_dags/example_trigger_target_dag.py took 0.040 seconds
[2022-04-18 14:50:13,619] {scheduler_job.py:182} INFO - Started process (PID=3962) to work on /home/airflow/.local/lib/python3.6/site-packages/airflow/example_dags/example_trigger_target_dag.py
[2022-04-18 14:50:13,620] {scheduler_job.py:629} INFO - Processing file /home/airflow/.local/lib/python3.6/site-packages/airflow/example_dags/example_trigger_target_dag.py for tasks to queue
[2022-04-18 14:50:13,621] {logging_mixin.py:104} INFO - [2022-04-18 14:50:13,621] {dagbag.py:448} INFO - Filling up the DagBag from /home/airflow/.local/lib/python3.6/site-packages/airflow/example_dags/example_trigger_target_dag.py
[2022-04-18 14:50:13,628] {scheduler_job.py:639} INFO - DAG(s) dict_keys(['example_trigger_target_dag']) retrieved from /home/airflow/.local/lib/python3.6/site-packages/airflow/example_dags/example_trigger_target_dag.py
[2022-04-18 14:50:13,641] {logging_mixin.py:104} INFO - [2022-04-18 14:50:13,641] {dag.py:1818} INFO - Sync 1 DAGs
[2022-04-18 14:50:13,650] {logging_mixin.py:104} INFO - [2022-04-18 14:50:13,650] {dag.py:2273} INFO - Setting next_dagrun for example_trigger_target_dag to None
[2022-04-18 14:50:13,654] {scheduler_job.py:190} INFO - Processing /home/airflow/.local/lib/python3.6/site-packages/airflow/example_dags/example_trigger_target_dag.py took 0.037 seconds
[2022-04-18 14:50:43,684] {scheduler_job.py:182} INFO - Started process (PID=4097) to work on /home/airflow/.local/lib/python3.6/site-packages/airflow/example_dags/example_trigger_target_dag.py
[2022-04-18 14:50:43,685] {scheduler_job.py:629} INFO - Processing file /home/airflow/.local/lib/python3.6/site-packages/airflow/example_dags/example_trigger_target_dag.py for tasks to queue
[2022-04-18 14:50:43,685] {logging_mixin.py:104} INFO - [2022-04-18 14:50:43,685] {dagbag.py:448} INFO - Filling up the DagBag from /home/airflow/.local/lib/python3.6/site-packages/airflow/example_dags/example_trigger_target_dag.py
[2022-04-18 14:50:43,694] {scheduler_job.py:639} INFO - DAG(s) dict_keys(['example_trigger_target_dag']) retrieved from /home/airflow/.local/lib/python3.6/site-packages/airflow/example_dags/example_trigger_target_dag.py
[2022-04-18 14:50:43,704] {logging_mixin.py:104} INFO - [2022-04-18 14:50:43,704] {dag.py:1818} INFO - Sync 1 DAGs
[2022-04-18 14:50:43,714] {logging_mixin.py:104} INFO - [2022-04-18 14:50:43,713] {dag.py:2273} INFO - Setting next_dagrun for example_trigger_target_dag to None
[2022-04-18 14:50:43,717] {scheduler_job.py:190} INFO - Processing /home/airflow/.local/lib/python3.6/site-packages/airflow/example_dags/example_trigger_target_dag.py took 0.035 seconds
[2022-04-18 14:51:14,533] {scheduler_job.py:182} INFO - Started process (PID=4242) to work on /home/airflow/.local/lib/python3.6/site-packages/airflow/example_dags/example_trigger_target_dag.py
[2022-04-18 14:51:14,534] {scheduler_job.py:629} INFO - Processing file /home/airflow/.local/lib/python3.6/site-packages/airflow/example_dags/example_trigger_target_dag.py for tasks to queue
[2022-04-18 14:51:14,535] {logging_mixin.py:104} INFO - [2022-04-18 14:51:14,535] {dagbag.py:448} INFO - Filling up the DagBag from /home/airflow/.local/lib/python3.6/site-packages/airflow/example_dags/example_trigger_target_dag.py
[2022-04-18 14:51:14,543] {scheduler_job.py:639} INFO - DAG(s) dict_keys(['example_trigger_target_dag']) retrieved from /home/airflow/.local/lib/python3.6/site-packages/airflow/example_dags/example_trigger_target_dag.py
[2022-04-18 14:51:14,557] {logging_mixin.py:104} INFO - [2022-04-18 14:51:14,557] {dag.py:1818} INFO - Sync 1 DAGs
[2022-04-18 14:51:14,565] {logging_mixin.py:104} INFO - [2022-04-18 14:51:14,565] {dag.py:2273} INFO - Setting next_dagrun for example_trigger_target_dag to None
[2022-04-18 14:51:14,568] {scheduler_job.py:190} INFO - Processing /home/airflow/.local/lib/python3.6/site-packages/airflow/example_dags/example_trigger_target_dag.py took 0.038 seconds
[2022-04-18 14:51:45,226] {scheduler_job.py:182} INFO - Started process (PID=4376) to work on /home/airflow/.local/lib/python3.6/site-packages/airflow/example_dags/example_trigger_target_dag.py
[2022-04-18 14:51:45,227] {scheduler_job.py:629} INFO - Processing file /home/airflow/.local/lib/python3.6/site-packages/airflow/example_dags/example_trigger_target_dag.py for tasks to queue
[2022-04-18 14:51:45,228] {logging_mixin.py:104} INFO - [2022-04-18 14:51:45,228] {dagbag.py:448} INFO - Filling up the DagBag from /home/airflow/.local/lib/python3.6/site-packages/airflow/example_dags/example_trigger_target_dag.py
[2022-04-18 14:51:45,236] {scheduler_job.py:639} INFO - DAG(s) dict_keys(['example_trigger_target_dag']) retrieved from /home/airflow/.local/lib/python3.6/site-packages/airflow/example_dags/example_trigger_target_dag.py
[2022-04-18 14:51:45,250] {logging_mixin.py:104} INFO - [2022-04-18 14:51:45,250] {dag.py:1818} INFO - Sync 1 DAGs
[2022-04-18 14:51:45,260] {logging_mixin.py:104} INFO - [2022-04-18 14:51:45,259] {dag.py:2273} INFO - Setting next_dagrun for example_trigger_target_dag to None
[2022-04-18 14:51:45,263] {scheduler_job.py:190} INFO - Processing /home/airflow/.local/lib/python3.6/site-packages/airflow/example_dags/example_trigger_target_dag.py took 0.040 seconds
[2022-04-18 14:52:15,972] {scheduler_job.py:182} INFO - Started process (PID=4512) to work on /home/airflow/.local/lib/python3.6/site-packages/airflow/example_dags/example_trigger_target_dag.py
[2022-04-18 14:52:15,972] {scheduler_job.py:629} INFO - Processing file /home/airflow/.local/lib/python3.6/site-packages/airflow/example_dags/example_trigger_target_dag.py for tasks to queue
[2022-04-18 14:52:15,973] {logging_mixin.py:104} INFO - [2022-04-18 14:52:15,973] {dagbag.py:448} INFO - Filling up the DagBag from /home/airflow/.local/lib/python3.6/site-packages/airflow/example_dags/example_trigger_target_dag.py
[2022-04-18 14:52:15,980] {scheduler_job.py:639} INFO - DAG(s) dict_keys(['example_trigger_target_dag']) retrieved from /home/airflow/.local/lib/python3.6/site-packages/airflow/example_dags/example_trigger_target_dag.py
[2022-04-18 14:52:15,993] {logging_mixin.py:104} INFO - [2022-04-18 14:52:15,993] {dag.py:1818} INFO - Sync 1 DAGs
[2022-04-18 14:52:16,001] {logging_mixin.py:104} INFO - [2022-04-18 14:52:16,001] {dag.py:2273} INFO - Setting next_dagrun for example_trigger_target_dag to None
[2022-04-18 14:52:16,004] {scheduler_job.py:190} INFO - Processing /home/airflow/.local/lib/python3.6/site-packages/airflow/example_dags/example_trigger_target_dag.py took 0.035 seconds
[2022-04-18 14:52:46,628] {scheduler_job.py:182} INFO - Started process (PID=4647) to work on /home/airflow/.local/lib/python3.6/site-packages/airflow/example_dags/example_trigger_target_dag.py
[2022-04-18 14:52:46,629] {scheduler_job.py:629} INFO - Processing file /home/airflow/.local/lib/python3.6/site-packages/airflow/example_dags/example_trigger_target_dag.py for tasks to queue
[2022-04-18 14:52:46,630] {logging_mixin.py:104} INFO - [2022-04-18 14:52:46,630] {dagbag.py:448} INFO - Filling up the DagBag from /home/airflow/.local/lib/python3.6/site-packages/airflow/example_dags/example_trigger_target_dag.py
[2022-04-18 14:52:46,636] {scheduler_job.py:639} INFO - DAG(s) dict_keys(['example_trigger_target_dag']) retrieved from /home/airflow/.local/lib/python3.6/site-packages/airflow/example_dags/example_trigger_target_dag.py
[2022-04-18 14:52:46,651] {logging_mixin.py:104} INFO - [2022-04-18 14:52:46,651] {dag.py:1818} INFO - Sync 1 DAGs
[2022-04-18 14:52:46,663] {logging_mixin.py:104} INFO - [2022-04-18 14:52:46,663] {dag.py:2273} INFO - Setting next_dagrun for example_trigger_target_dag to None
[2022-04-18 14:52:46,667] {scheduler_job.py:190} INFO - Processing /home/airflow/.local/lib/python3.6/site-packages/airflow/example_dags/example_trigger_target_dag.py took 0.041 seconds
[2022-04-18 14:53:17,317] {scheduler_job.py:182} INFO - Started process (PID=4782) to work on /home/airflow/.local/lib/python3.6/site-packages/airflow/example_dags/example_trigger_target_dag.py
[2022-04-18 14:53:17,318] {scheduler_job.py:629} INFO - Processing file /home/airflow/.local/lib/python3.6/site-packages/airflow/example_dags/example_trigger_target_dag.py for tasks to queue
[2022-04-18 14:53:17,319] {logging_mixin.py:104} INFO - [2022-04-18 14:53:17,319] {dagbag.py:448} INFO - Filling up the DagBag from /home/airflow/.local/lib/python3.6/site-packages/airflow/example_dags/example_trigger_target_dag.py
[2022-04-18 14:53:17,325] {scheduler_job.py:639} INFO - DAG(s) dict_keys(['example_trigger_target_dag']) retrieved from /home/airflow/.local/lib/python3.6/site-packages/airflow/example_dags/example_trigger_target_dag.py
[2022-04-18 14:53:17,339] {logging_mixin.py:104} INFO - [2022-04-18 14:53:17,339] {dag.py:1818} INFO - Sync 1 DAGs
[2022-04-18 14:53:17,347] {logging_mixin.py:104} INFO - [2022-04-18 14:53:17,347] {dag.py:2273} INFO - Setting next_dagrun for example_trigger_target_dag to None
[2022-04-18 14:53:17,350] {scheduler_job.py:190} INFO - Processing /home/airflow/.local/lib/python3.6/site-packages/airflow/example_dags/example_trigger_target_dag.py took 0.036 seconds
[2022-04-18 14:53:47,996] {scheduler_job.py:182} INFO - Started process (PID=4917) to work on /home/airflow/.local/lib/python3.6/site-packages/airflow/example_dags/example_trigger_target_dag.py
[2022-04-18 14:53:47,997] {scheduler_job.py:629} INFO - Processing file /home/airflow/.local/lib/python3.6/site-packages/airflow/example_dags/example_trigger_target_dag.py for tasks to queue
[2022-04-18 14:53:47,998] {logging_mixin.py:104} INFO - [2022-04-18 14:53:47,997] {dagbag.py:448} INFO - Filling up the DagBag from /home/airflow/.local/lib/python3.6/site-packages/airflow/example_dags/example_trigger_target_dag.py
[2022-04-18 14:53:48,004] {scheduler_job.py:639} INFO - DAG(s) dict_keys(['example_trigger_target_dag']) retrieved from /home/airflow/.local/lib/python3.6/site-packages/airflow/example_dags/example_trigger_target_dag.py
[2022-04-18 14:53:48,015] {logging_mixin.py:104} INFO - [2022-04-18 14:53:48,014] {dag.py:1818} INFO - Sync 1 DAGs
[2022-04-18 14:53:48,022] {logging_mixin.py:104} INFO - [2022-04-18 14:53:48,022] {dag.py:2273} INFO - Setting next_dagrun for example_trigger_target_dag to None
[2022-04-18 14:53:48,025] {scheduler_job.py:190} INFO - Processing /home/airflow/.local/lib/python3.6/site-packages/airflow/example_dags/example_trigger_target_dag.py took 0.031 seconds
[2022-04-18 14:54:18,718] {scheduler_job.py:182} INFO - Started process (PID=5052) to work on /home/airflow/.local/lib/python3.6/site-packages/airflow/example_dags/example_trigger_target_dag.py
[2022-04-18 14:54:18,719] {scheduler_job.py:629} INFO - Processing file /home/airflow/.local/lib/python3.6/site-packages/airflow/example_dags/example_trigger_target_dag.py for tasks to queue
[2022-04-18 14:54:18,720] {logging_mixin.py:104} INFO - [2022-04-18 14:54:18,720] {dagbag.py:448} INFO - Filling up the DagBag from /home/airflow/.local/lib/python3.6/site-packages/airflow/example_dags/example_trigger_target_dag.py
[2022-04-18 14:54:18,728] {scheduler_job.py:639} INFO - DAG(s) dict_keys(['example_trigger_target_dag']) retrieved from /home/airflow/.local/lib/python3.6/site-packages/airflow/example_dags/example_trigger_target_dag.py
[2022-04-18 14:54:18,764] {logging_mixin.py:104} INFO - [2022-04-18 14:54:18,764] {dag.py:1818} INFO - Sync 1 DAGs
[2022-04-18 14:54:18,774] {logging_mixin.py:104} INFO - [2022-04-18 14:54:18,774] {dag.py:2273} INFO - Setting next_dagrun for example_trigger_target_dag to None
[2022-04-18 14:54:18,781] {scheduler_job.py:190} INFO - Processing /home/airflow/.local/lib/python3.6/site-packages/airflow/example_dags/example_trigger_target_dag.py took 0.065 seconds
[2022-04-18 14:54:49,414] {scheduler_job.py:182} INFO - Started process (PID=5187) to work on /home/airflow/.local/lib/python3.6/site-packages/airflow/example_dags/example_trigger_target_dag.py
[2022-04-18 14:54:49,415] {scheduler_job.py:629} INFO - Processing file /home/airflow/.local/lib/python3.6/site-packages/airflow/example_dags/example_trigger_target_dag.py for tasks to queue
[2022-04-18 14:54:49,415] {logging_mixin.py:104} INFO - [2022-04-18 14:54:49,415] {dagbag.py:448} INFO - Filling up the DagBag from /home/airflow/.local/lib/python3.6/site-packages/airflow/example_dags/example_trigger_target_dag.py
[2022-04-18 14:54:49,423] {scheduler_job.py:639} INFO - DAG(s) dict_keys(['example_trigger_target_dag']) retrieved from /home/airflow/.local/lib/python3.6/site-packages/airflow/example_dags/example_trigger_target_dag.py
[2022-04-18 14:54:49,437] {logging_mixin.py:104} INFO - [2022-04-18 14:54:49,437] {dag.py:1818} INFO - Sync 1 DAGs
[2022-04-18 14:54:49,448] {logging_mixin.py:104} INFO - [2022-04-18 14:54:49,448] {dag.py:2273} INFO - Setting next_dagrun for example_trigger_target_dag to None
[2022-04-18 14:54:49,453] {scheduler_job.py:190} INFO - Processing /home/airflow/.local/lib/python3.6/site-packages/airflow/example_dags/example_trigger_target_dag.py took 0.041 seconds
[2022-04-18 14:55:20,089] {scheduler_job.py:182} INFO - Started process (PID=5322) to work on /home/airflow/.local/lib/python3.6/site-packages/airflow/example_dags/example_trigger_target_dag.py
[2022-04-18 14:55:20,090] {scheduler_job.py:629} INFO - Processing file /home/airflow/.local/lib/python3.6/site-packages/airflow/example_dags/example_trigger_target_dag.py for tasks to queue
[2022-04-18 14:55:20,091] {logging_mixin.py:104} INFO - [2022-04-18 14:55:20,091] {dagbag.py:448} INFO - Filling up the DagBag from /home/airflow/.local/lib/python3.6/site-packages/airflow/example_dags/example_trigger_target_dag.py
[2022-04-18 14:55:20,099] {scheduler_job.py:639} INFO - DAG(s) dict_keys(['example_trigger_target_dag']) retrieved from /home/airflow/.local/lib/python3.6/site-packages/airflow/example_dags/example_trigger_target_dag.py
[2022-04-18 14:55:20,114] {logging_mixin.py:104} INFO - [2022-04-18 14:55:20,114] {dag.py:1818} INFO - Sync 1 DAGs
[2022-04-18 14:55:20,121] {logging_mixin.py:104} INFO - [2022-04-18 14:55:20,121] {dag.py:2273} INFO - Setting next_dagrun for example_trigger_target_dag to None
[2022-04-18 14:55:20,125] {scheduler_job.py:190} INFO - Processing /home/airflow/.local/lib/python3.6/site-packages/airflow/example_dags/example_trigger_target_dag.py took 0.039 seconds
[2022-04-18 14:55:50,832] {scheduler_job.py:182} INFO - Started process (PID=5457) to work on /home/airflow/.local/lib/python3.6/site-packages/airflow/example_dags/example_trigger_target_dag.py
[2022-04-18 14:55:50,833] {scheduler_job.py:629} INFO - Processing file /home/airflow/.local/lib/python3.6/site-packages/airflow/example_dags/example_trigger_target_dag.py for tasks to queue
[2022-04-18 14:55:50,833] {logging_mixin.py:104} INFO - [2022-04-18 14:55:50,833] {dagbag.py:448} INFO - Filling up the DagBag from /home/airflow/.local/lib/python3.6/site-packages/airflow/example_dags/example_trigger_target_dag.py
[2022-04-18 14:55:50,844] {scheduler_job.py:639} INFO - DAG(s) dict_keys(['example_trigger_target_dag']) retrieved from /home/airflow/.local/lib/python3.6/site-packages/airflow/example_dags/example_trigger_target_dag.py
[2022-04-18 14:55:50,859] {logging_mixin.py:104} INFO - [2022-04-18 14:55:50,859] {dag.py:1818} INFO - Sync 1 DAGs
[2022-04-18 14:55:50,867] {logging_mixin.py:104} INFO - [2022-04-18 14:55:50,867] {dag.py:2273} INFO - Setting next_dagrun for example_trigger_target_dag to None
[2022-04-18 14:55:50,871] {scheduler_job.py:190} INFO - Processing /home/airflow/.local/lib/python3.6/site-packages/airflow/example_dags/example_trigger_target_dag.py took 0.040 seconds
[2022-04-18 14:56:21,523] {scheduler_job.py:182} INFO - Started process (PID=5592) to work on /home/airflow/.local/lib/python3.6/site-packages/airflow/example_dags/example_trigger_target_dag.py
[2022-04-18 14:56:21,525] {scheduler_job.py:629} INFO - Processing file /home/airflow/.local/lib/python3.6/site-packages/airflow/example_dags/example_trigger_target_dag.py for tasks to queue
[2022-04-18 14:56:21,525] {logging_mixin.py:104} INFO - [2022-04-18 14:56:21,525] {dagbag.py:448} INFO - Filling up the DagBag from /home/airflow/.local/lib/python3.6/site-packages/airflow/example_dags/example_trigger_target_dag.py
[2022-04-18 14:56:21,532] {scheduler_job.py:639} INFO - DAG(s) dict_keys(['example_trigger_target_dag']) retrieved from /home/airflow/.local/lib/python3.6/site-packages/airflow/example_dags/example_trigger_target_dag.py
[2022-04-18 14:56:21,547] {logging_mixin.py:104} INFO - [2022-04-18 14:56:21,547] {dag.py:1818} INFO - Sync 1 DAGs
[2022-04-18 14:56:21,556] {logging_mixin.py:104} INFO - [2022-04-18 14:56:21,556] {dag.py:2273} INFO - Setting next_dagrun for example_trigger_target_dag to None
[2022-04-18 14:56:21,560] {scheduler_job.py:190} INFO - Processing /home/airflow/.local/lib/python3.6/site-packages/airflow/example_dags/example_trigger_target_dag.py took 0.039 seconds
[2022-04-18 14:56:52,204] {scheduler_job.py:182} INFO - Started process (PID=5727) to work on /home/airflow/.local/lib/python3.6/site-packages/airflow/example_dags/example_trigger_target_dag.py
[2022-04-18 14:56:52,205] {scheduler_job.py:629} INFO - Processing file /home/airflow/.local/lib/python3.6/site-packages/airflow/example_dags/example_trigger_target_dag.py for tasks to queue
[2022-04-18 14:56:52,205] {logging_mixin.py:104} INFO - [2022-04-18 14:56:52,205] {dagbag.py:448} INFO - Filling up the DagBag from /home/airflow/.local/lib/python3.6/site-packages/airflow/example_dags/example_trigger_target_dag.py
[2022-04-18 14:56:52,213] {scheduler_job.py:639} INFO - DAG(s) dict_keys(['example_trigger_target_dag']) retrieved from /home/airflow/.local/lib/python3.6/site-packages/airflow/example_dags/example_trigger_target_dag.py
[2022-04-18 14:56:52,228] {logging_mixin.py:104} INFO - [2022-04-18 14:56:52,228] {dag.py:1818} INFO - Sync 1 DAGs
[2022-04-18 14:56:52,237] {logging_mixin.py:104} INFO - [2022-04-18 14:56:52,237] {dag.py:2273} INFO - Setting next_dagrun for example_trigger_target_dag to None
[2022-04-18 14:56:52,240] {scheduler_job.py:190} INFO - Processing /home/airflow/.local/lib/python3.6/site-packages/airflow/example_dags/example_trigger_target_dag.py took 0.039 seconds
[2022-04-18 14:57:22,911] {scheduler_job.py:182} INFO - Started process (PID=5862) to work on /home/airflow/.local/lib/python3.6/site-packages/airflow/example_dags/example_trigger_target_dag.py
[2022-04-18 14:57:22,912] {scheduler_job.py:629} INFO - Processing file /home/airflow/.local/lib/python3.6/site-packages/airflow/example_dags/example_trigger_target_dag.py for tasks to queue
[2022-04-18 14:57:22,912] {logging_mixin.py:104} INFO - [2022-04-18 14:57:22,912] {dagbag.py:448} INFO - Filling up the DagBag from /home/airflow/.local/lib/python3.6/site-packages/airflow/example_dags/example_trigger_target_dag.py
[2022-04-18 14:57:22,919] {scheduler_job.py:639} INFO - DAG(s) dict_keys(['example_trigger_target_dag']) retrieved from /home/airflow/.local/lib/python3.6/site-packages/airflow/example_dags/example_trigger_target_dag.py
[2022-04-18 14:57:22,929] {logging_mixin.py:104} INFO - [2022-04-18 14:57:22,929] {dag.py:1818} INFO - Sync 1 DAGs
[2022-04-18 14:57:22,936] {logging_mixin.py:104} INFO - [2022-04-18 14:57:22,936] {dag.py:2273} INFO - Setting next_dagrun for example_trigger_target_dag to None
[2022-04-18 14:57:22,940] {scheduler_job.py:190} INFO - Processing /home/airflow/.local/lib/python3.6/site-packages/airflow/example_dags/example_trigger_target_dag.py took 0.032 seconds
[2022-04-18 14:57:53,629] {scheduler_job.py:182} INFO - Started process (PID=5997) to work on /home/airflow/.local/lib/python3.6/site-packages/airflow/example_dags/example_trigger_target_dag.py
[2022-04-18 14:57:53,629] {scheduler_job.py:629} INFO - Processing file /home/airflow/.local/lib/python3.6/site-packages/airflow/example_dags/example_trigger_target_dag.py for tasks to queue
[2022-04-18 14:57:53,630] {logging_mixin.py:104} INFO - [2022-04-18 14:57:53,630] {dagbag.py:448} INFO - Filling up the DagBag from /home/airflow/.local/lib/python3.6/site-packages/airflow/example_dags/example_trigger_target_dag.py
[2022-04-18 14:57:53,637] {scheduler_job.py:639} INFO - DAG(s) dict_keys(['example_trigger_target_dag']) retrieved from /home/airflow/.local/lib/python3.6/site-packages/airflow/example_dags/example_trigger_target_dag.py
[2022-04-18 14:57:53,650] {logging_mixin.py:104} INFO - [2022-04-18 14:57:53,650] {dag.py:1818} INFO - Sync 1 DAGs
[2022-04-18 14:57:53,659] {logging_mixin.py:104} INFO - [2022-04-18 14:57:53,659] {dag.py:2273} INFO - Setting next_dagrun for example_trigger_target_dag to None
[2022-04-18 14:57:53,663] {scheduler_job.py:190} INFO - Processing /home/airflow/.local/lib/python3.6/site-packages/airflow/example_dags/example_trigger_target_dag.py took 0.036 seconds
[2022-04-18 14:58:24,369] {scheduler_job.py:182} INFO - Started process (PID=6132) to work on /home/airflow/.local/lib/python3.6/site-packages/airflow/example_dags/example_trigger_target_dag.py
[2022-04-18 14:58:24,370] {scheduler_job.py:629} INFO - Processing file /home/airflow/.local/lib/python3.6/site-packages/airflow/example_dags/example_trigger_target_dag.py for tasks to queue
[2022-04-18 14:58:24,370] {logging_mixin.py:104} INFO - [2022-04-18 14:58:24,370] {dagbag.py:448} INFO - Filling up the DagBag from /home/airflow/.local/lib/python3.6/site-packages/airflow/example_dags/example_trigger_target_dag.py
[2022-04-18 14:58:24,377] {scheduler_job.py:639} INFO - DAG(s) dict_keys(['example_trigger_target_dag']) retrieved from /home/airflow/.local/lib/python3.6/site-packages/airflow/example_dags/example_trigger_target_dag.py
[2022-04-18 14:58:24,391] {logging_mixin.py:104} INFO - [2022-04-18 14:58:24,391] {dag.py:1818} INFO - Sync 1 DAGs
[2022-04-18 14:58:24,400] {logging_mixin.py:104} INFO - [2022-04-18 14:58:24,400] {dag.py:2273} INFO - Setting next_dagrun for example_trigger_target_dag to None
[2022-04-18 14:58:24,404] {scheduler_job.py:190} INFO - Processing /home/airflow/.local/lib/python3.6/site-packages/airflow/example_dags/example_trigger_target_dag.py took 0.037 seconds
[2022-04-18 14:58:55,054] {scheduler_job.py:182} INFO - Started process (PID=6267) to work on /home/airflow/.local/lib/python3.6/site-packages/airflow/example_dags/example_trigger_target_dag.py
[2022-04-18 14:58:55,054] {scheduler_job.py:629} INFO - Processing file /home/airflow/.local/lib/python3.6/site-packages/airflow/example_dags/example_trigger_target_dag.py for tasks to queue
[2022-04-18 14:58:55,055] {logging_mixin.py:104} INFO - [2022-04-18 14:58:55,055] {dagbag.py:448} INFO - Filling up the DagBag from /home/airflow/.local/lib/python3.6/site-packages/airflow/example_dags/example_trigger_target_dag.py
[2022-04-18 14:58:55,062] {scheduler_job.py:639} INFO - DAG(s) dict_keys(['example_trigger_target_dag']) retrieved from /home/airflow/.local/lib/python3.6/site-packages/airflow/example_dags/example_trigger_target_dag.py
[2022-04-18 14:58:55,076] {logging_mixin.py:104} INFO - [2022-04-18 14:58:55,076] {dag.py:1818} INFO - Sync 1 DAGs
[2022-04-18 14:58:55,085] {logging_mixin.py:104} INFO - [2022-04-18 14:58:55,085] {dag.py:2273} INFO - Setting next_dagrun for example_trigger_target_dag to None
[2022-04-18 14:58:55,089] {scheduler_job.py:190} INFO - Processing /home/airflow/.local/lib/python3.6/site-packages/airflow/example_dags/example_trigger_target_dag.py took 0.037 seconds
[2022-04-18 14:59:25,724] {scheduler_job.py:182} INFO - Started process (PID=6402) to work on /home/airflow/.local/lib/python3.6/site-packages/airflow/example_dags/example_trigger_target_dag.py
[2022-04-18 14:59:25,725] {scheduler_job.py:629} INFO - Processing file /home/airflow/.local/lib/python3.6/site-packages/airflow/example_dags/example_trigger_target_dag.py for tasks to queue
[2022-04-18 14:59:25,725] {logging_mixin.py:104} INFO - [2022-04-18 14:59:25,725] {dagbag.py:448} INFO - Filling up the DagBag from /home/airflow/.local/lib/python3.6/site-packages/airflow/example_dags/example_trigger_target_dag.py
[2022-04-18 14:59:25,730] {scheduler_job.py:639} INFO - DAG(s) dict_keys(['example_trigger_target_dag']) retrieved from /home/airflow/.local/lib/python3.6/site-packages/airflow/example_dags/example_trigger_target_dag.py
[2022-04-18 14:59:25,741] {logging_mixin.py:104} INFO - [2022-04-18 14:59:25,741] {dag.py:1818} INFO - Sync 1 DAGs
[2022-04-18 14:59:25,748] {logging_mixin.py:104} INFO - [2022-04-18 14:59:25,748] {dag.py:2273} INFO - Setting next_dagrun for example_trigger_target_dag to None
[2022-04-18 14:59:25,752] {scheduler_job.py:190} INFO - Processing /home/airflow/.local/lib/python3.6/site-packages/airflow/example_dags/example_trigger_target_dag.py took 0.031 seconds
[2022-04-18 14:59:56,403] {scheduler_job.py:182} INFO - Started process (PID=6537) to work on /home/airflow/.local/lib/python3.6/site-packages/airflow/example_dags/example_trigger_target_dag.py
[2022-04-18 14:59:56,404] {scheduler_job.py:629} INFO - Processing file /home/airflow/.local/lib/python3.6/site-packages/airflow/example_dags/example_trigger_target_dag.py for tasks to queue
[2022-04-18 14:59:56,405] {logging_mixin.py:104} INFO - [2022-04-18 14:59:56,405] {dagbag.py:448} INFO - Filling up the DagBag from /home/airflow/.local/lib/python3.6/site-packages/airflow/example_dags/example_trigger_target_dag.py
[2022-04-18 14:59:56,413] {scheduler_job.py:639} INFO - DAG(s) dict_keys(['example_trigger_target_dag']) retrieved from /home/airflow/.local/lib/python3.6/site-packages/airflow/example_dags/example_trigger_target_dag.py
[2022-04-18 14:59:56,426] {logging_mixin.py:104} INFO - [2022-04-18 14:59:56,426] {dag.py:1818} INFO - Sync 1 DAGs
[2022-04-18 14:59:56,435] {logging_mixin.py:104} INFO - [2022-04-18 14:59:56,435] {dag.py:2273} INFO - Setting next_dagrun for example_trigger_target_dag to None
[2022-04-18 14:59:56,439] {scheduler_job.py:190} INFO - Processing /home/airflow/.local/lib/python3.6/site-packages/airflow/example_dags/example_trigger_target_dag.py took 0.037 seconds
[2022-04-18 15:00:27,099] {scheduler_job.py:182} INFO - Started process (PID=6672) to work on /home/airflow/.local/lib/python3.6/site-packages/airflow/example_dags/example_trigger_target_dag.py
[2022-04-18 15:00:27,099] {scheduler_job.py:629} INFO - Processing file /home/airflow/.local/lib/python3.6/site-packages/airflow/example_dags/example_trigger_target_dag.py for tasks to queue
[2022-04-18 15:00:27,100] {logging_mixin.py:104} INFO - [2022-04-18 15:00:27,100] {dagbag.py:448} INFO - Filling up the DagBag from /home/airflow/.local/lib/python3.6/site-packages/airflow/example_dags/example_trigger_target_dag.py
[2022-04-18 15:00:27,106] {scheduler_job.py:639} INFO - DAG(s) dict_keys(['example_trigger_target_dag']) retrieved from /home/airflow/.local/lib/python3.6/site-packages/airflow/example_dags/example_trigger_target_dag.py
[2022-04-18 15:00:27,119] {logging_mixin.py:104} INFO - [2022-04-18 15:00:27,119] {dag.py:1818} INFO - Sync 1 DAGs
[2022-04-18 15:00:27,129] {logging_mixin.py:104} INFO - [2022-04-18 15:00:27,129] {dag.py:2273} INFO - Setting next_dagrun for example_trigger_target_dag to None
[2022-04-18 15:00:27,132] {scheduler_job.py:190} INFO - Processing /home/airflow/.local/lib/python3.6/site-packages/airflow/example_dags/example_trigger_target_dag.py took 0.037 seconds
[2022-04-18 15:00:57,762] {scheduler_job.py:182} INFO - Started process (PID=6807) to work on /home/airflow/.local/lib/python3.6/site-packages/airflow/example_dags/example_trigger_target_dag.py
[2022-04-18 15:00:57,763] {scheduler_job.py:629} INFO - Processing file /home/airflow/.local/lib/python3.6/site-packages/airflow/example_dags/example_trigger_target_dag.py for tasks to queue
[2022-04-18 15:00:57,764] {logging_mixin.py:104} INFO - [2022-04-18 15:00:57,763] {dagbag.py:448} INFO - Filling up the DagBag from /home/airflow/.local/lib/python3.6/site-packages/airflow/example_dags/example_trigger_target_dag.py
[2022-04-18 15:00:57,769] {scheduler_job.py:639} INFO - DAG(s) dict_keys(['example_trigger_target_dag']) retrieved from /home/airflow/.local/lib/python3.6/site-packages/airflow/example_dags/example_trigger_target_dag.py
[2022-04-18 15:00:57,783] {logging_mixin.py:104} INFO - [2022-04-18 15:00:57,783] {dag.py:1818} INFO - Sync 1 DAGs
[2022-04-18 15:00:57,792] {logging_mixin.py:104} INFO - [2022-04-18 15:00:57,792] {dag.py:2273} INFO - Setting next_dagrun for example_trigger_target_dag to None
[2022-04-18 15:00:57,796] {scheduler_job.py:190} INFO - Processing /home/airflow/.local/lib/python3.6/site-packages/airflow/example_dags/example_trigger_target_dag.py took 0.036 seconds
[2022-04-18 15:01:28,445] {scheduler_job.py:182} INFO - Started process (PID=6942) to work on /home/airflow/.local/lib/python3.6/site-packages/airflow/example_dags/example_trigger_target_dag.py
[2022-04-18 15:01:28,446] {scheduler_job.py:629} INFO - Processing file /home/airflow/.local/lib/python3.6/site-packages/airflow/example_dags/example_trigger_target_dag.py for tasks to queue
[2022-04-18 15:01:28,447] {logging_mixin.py:104} INFO - [2022-04-18 15:01:28,447] {dagbag.py:448} INFO - Filling up the DagBag from /home/airflow/.local/lib/python3.6/site-packages/airflow/example_dags/example_trigger_target_dag.py
[2022-04-18 15:01:28,454] {scheduler_job.py:639} INFO - DAG(s) dict_keys(['example_trigger_target_dag']) retrieved from /home/airflow/.local/lib/python3.6/site-packages/airflow/example_dags/example_trigger_target_dag.py
[2022-04-18 15:01:28,469] {logging_mixin.py:104} INFO - [2022-04-18 15:01:28,469] {dag.py:1818} INFO - Sync 1 DAGs
[2022-04-18 15:01:28,476] {logging_mixin.py:104} INFO - [2022-04-18 15:01:28,476] {dag.py:2273} INFO - Setting next_dagrun for example_trigger_target_dag to None
[2022-04-18 15:01:28,480] {scheduler_job.py:190} INFO - Processing /home/airflow/.local/lib/python3.6/site-packages/airflow/example_dags/example_trigger_target_dag.py took 0.036 seconds
[2022-04-18 15:01:59,140] {scheduler_job.py:182} INFO - Started process (PID=7077) to work on /home/airflow/.local/lib/python3.6/site-packages/airflow/example_dags/example_trigger_target_dag.py
[2022-04-18 15:01:59,141] {scheduler_job.py:629} INFO - Processing file /home/airflow/.local/lib/python3.6/site-packages/airflow/example_dags/example_trigger_target_dag.py for tasks to queue
[2022-04-18 15:01:59,141] {logging_mixin.py:104} INFO - [2022-04-18 15:01:59,141] {dagbag.py:448} INFO - Filling up the DagBag from /home/airflow/.local/lib/python3.6/site-packages/airflow/example_dags/example_trigger_target_dag.py
[2022-04-18 15:01:59,148] {scheduler_job.py:639} INFO - DAG(s) dict_keys(['example_trigger_target_dag']) retrieved from /home/airflow/.local/lib/python3.6/site-packages/airflow/example_dags/example_trigger_target_dag.py
[2022-04-18 15:01:59,167] {logging_mixin.py:104} INFO - [2022-04-18 15:01:59,167] {dag.py:1818} INFO - Sync 1 DAGs
[2022-04-18 15:01:59,178] {logging_mixin.py:104} INFO - [2022-04-18 15:01:59,177] {dag.py:2273} INFO - Setting next_dagrun for example_trigger_target_dag to None
[2022-04-18 15:01:59,184] {scheduler_job.py:190} INFO - Processing /home/airflow/.local/lib/python3.6/site-packages/airflow/example_dags/example_trigger_target_dag.py took 0.046 seconds
[2022-04-18 15:02:29,893] {scheduler_job.py:182} INFO - Started process (PID=7212) to work on /home/airflow/.local/lib/python3.6/site-packages/airflow/example_dags/example_trigger_target_dag.py
[2022-04-18 15:02:29,894] {scheduler_job.py:629} INFO - Processing file /home/airflow/.local/lib/python3.6/site-packages/airflow/example_dags/example_trigger_target_dag.py for tasks to queue
[2022-04-18 15:02:29,894] {logging_mixin.py:104} INFO - [2022-04-18 15:02:29,894] {dagbag.py:448} INFO - Filling up the DagBag from /home/airflow/.local/lib/python3.6/site-packages/airflow/example_dags/example_trigger_target_dag.py
[2022-04-18 15:02:29,901] {scheduler_job.py:639} INFO - DAG(s) dict_keys(['example_trigger_target_dag']) retrieved from /home/airflow/.local/lib/python3.6/site-packages/airflow/example_dags/example_trigger_target_dag.py
[2022-04-18 15:02:29,914] {logging_mixin.py:104} INFO - [2022-04-18 15:02:29,914] {dag.py:1818} INFO - Sync 1 DAGs
[2022-04-18 15:02:29,922] {logging_mixin.py:104} INFO - [2022-04-18 15:02:29,922] {dag.py:2273} INFO - Setting next_dagrun for example_trigger_target_dag to None
[2022-04-18 15:02:29,926] {scheduler_job.py:190} INFO - Processing /home/airflow/.local/lib/python3.6/site-packages/airflow/example_dags/example_trigger_target_dag.py took 0.035 seconds
[2022-04-18 15:03:00,573] {scheduler_job.py:182} INFO - Started process (PID=7347) to work on /home/airflow/.local/lib/python3.6/site-packages/airflow/example_dags/example_trigger_target_dag.py
[2022-04-18 15:03:00,574] {scheduler_job.py:629} INFO - Processing file /home/airflow/.local/lib/python3.6/site-packages/airflow/example_dags/example_trigger_target_dag.py for tasks to queue
[2022-04-18 15:03:00,574] {logging_mixin.py:104} INFO - [2022-04-18 15:03:00,574] {dagbag.py:448} INFO - Filling up the DagBag from /home/airflow/.local/lib/python3.6/site-packages/airflow/example_dags/example_trigger_target_dag.py
[2022-04-18 15:03:00,584] {scheduler_job.py:639} INFO - DAG(s) dict_keys(['example_trigger_target_dag']) retrieved from /home/airflow/.local/lib/python3.6/site-packages/airflow/example_dags/example_trigger_target_dag.py
[2022-04-18 15:03:00,595] {logging_mixin.py:104} INFO - [2022-04-18 15:03:00,594] {dag.py:1818} INFO - Sync 1 DAGs
[2022-04-18 15:03:00,604] {logging_mixin.py:104} INFO - [2022-04-18 15:03:00,604] {dag.py:2273} INFO - Setting next_dagrun for example_trigger_target_dag to None
[2022-04-18 15:03:00,607] {scheduler_job.py:190} INFO - Processing /home/airflow/.local/lib/python3.6/site-packages/airflow/example_dags/example_trigger_target_dag.py took 0.036 seconds
[2022-04-18 15:03:31,253] {scheduler_job.py:182} INFO - Started process (PID=7482) to work on /home/airflow/.local/lib/python3.6/site-packages/airflow/example_dags/example_trigger_target_dag.py
[2022-04-18 15:03:31,255] {scheduler_job.py:629} INFO - Processing file /home/airflow/.local/lib/python3.6/site-packages/airflow/example_dags/example_trigger_target_dag.py for tasks to queue
[2022-04-18 15:03:31,255] {logging_mixin.py:104} INFO - [2022-04-18 15:03:31,255] {dagbag.py:448} INFO - Filling up the DagBag from /home/airflow/.local/lib/python3.6/site-packages/airflow/example_dags/example_trigger_target_dag.py
[2022-04-18 15:03:31,261] {scheduler_job.py:639} INFO - DAG(s) dict_keys(['example_trigger_target_dag']) retrieved from /home/airflow/.local/lib/python3.6/site-packages/airflow/example_dags/example_trigger_target_dag.py
[2022-04-18 15:03:31,274] {logging_mixin.py:104} INFO - [2022-04-18 15:03:31,274] {dag.py:1818} INFO - Sync 1 DAGs
[2022-04-18 15:03:31,284] {logging_mixin.py:104} INFO - [2022-04-18 15:03:31,284] {dag.py:2273} INFO - Setting next_dagrun for example_trigger_target_dag to None
[2022-04-18 15:03:31,288] {scheduler_job.py:190} INFO - Processing /home/airflow/.local/lib/python3.6/site-packages/airflow/example_dags/example_trigger_target_dag.py took 0.037 seconds
[2022-04-18 15:04:01,929] {scheduler_job.py:182} INFO - Started process (PID=7617) to work on /home/airflow/.local/lib/python3.6/site-packages/airflow/example_dags/example_trigger_target_dag.py
[2022-04-18 15:04:01,930] {scheduler_job.py:629} INFO - Processing file /home/airflow/.local/lib/python3.6/site-packages/airflow/example_dags/example_trigger_target_dag.py for tasks to queue
[2022-04-18 15:04:01,930] {logging_mixin.py:104} INFO - [2022-04-18 15:04:01,930] {dagbag.py:448} INFO - Filling up the DagBag from /home/airflow/.local/lib/python3.6/site-packages/airflow/example_dags/example_trigger_target_dag.py
[2022-04-18 15:04:01,936] {scheduler_job.py:639} INFO - DAG(s) dict_keys(['example_trigger_target_dag']) retrieved from /home/airflow/.local/lib/python3.6/site-packages/airflow/example_dags/example_trigger_target_dag.py
[2022-04-18 15:04:01,950] {logging_mixin.py:104} INFO - [2022-04-18 15:04:01,950] {dag.py:1818} INFO - Sync 1 DAGs
[2022-04-18 15:04:01,957] {logging_mixin.py:104} INFO - [2022-04-18 15:04:01,957] {dag.py:2273} INFO - Setting next_dagrun for example_trigger_target_dag to None
[2022-04-18 15:04:01,961] {scheduler_job.py:190} INFO - Processing /home/airflow/.local/lib/python3.6/site-packages/airflow/example_dags/example_trigger_target_dag.py took 0.034 seconds
[2022-04-18 15:04:32,611] {scheduler_job.py:182} INFO - Started process (PID=7752) to work on /home/airflow/.local/lib/python3.6/site-packages/airflow/example_dags/example_trigger_target_dag.py
[2022-04-18 15:04:32,612] {scheduler_job.py:629} INFO - Processing file /home/airflow/.local/lib/python3.6/site-packages/airflow/example_dags/example_trigger_target_dag.py for tasks to queue
[2022-04-18 15:04:32,612] {logging_mixin.py:104} INFO - [2022-04-18 15:04:32,612] {dagbag.py:448} INFO - Filling up the DagBag from /home/airflow/.local/lib/python3.6/site-packages/airflow/example_dags/example_trigger_target_dag.py
[2022-04-18 15:04:32,620] {scheduler_job.py:639} INFO - DAG(s) dict_keys(['example_trigger_target_dag']) retrieved from /home/airflow/.local/lib/python3.6/site-packages/airflow/example_dags/example_trigger_target_dag.py
[2022-04-18 15:04:32,636] {logging_mixin.py:104} INFO - [2022-04-18 15:04:32,635] {dag.py:1818} INFO - Sync 1 DAGs
[2022-04-18 15:04:32,646] {logging_mixin.py:104} INFO - [2022-04-18 15:04:32,646] {dag.py:2273} INFO - Setting next_dagrun for example_trigger_target_dag to None
[2022-04-18 15:04:32,651] {scheduler_job.py:190} INFO - Processing /home/airflow/.local/lib/python3.6/site-packages/airflow/example_dags/example_trigger_target_dag.py took 0.042 seconds
[2022-04-18 15:05:03,337] {scheduler_job.py:182} INFO - Started process (PID=7887) to work on /home/airflow/.local/lib/python3.6/site-packages/airflow/example_dags/example_trigger_target_dag.py
[2022-04-18 15:05:03,338] {scheduler_job.py:629} INFO - Processing file /home/airflow/.local/lib/python3.6/site-packages/airflow/example_dags/example_trigger_target_dag.py for tasks to queue
[2022-04-18 15:05:03,339] {logging_mixin.py:104} INFO - [2022-04-18 15:05:03,339] {dagbag.py:448} INFO - Filling up the DagBag from /home/airflow/.local/lib/python3.6/site-packages/airflow/example_dags/example_trigger_target_dag.py
[2022-04-18 15:05:03,346] {scheduler_job.py:639} INFO - DAG(s) dict_keys(['example_trigger_target_dag']) retrieved from /home/airflow/.local/lib/python3.6/site-packages/airflow/example_dags/example_trigger_target_dag.py
[2022-04-18 15:05:03,359] {logging_mixin.py:104} INFO - [2022-04-18 15:05:03,359] {dag.py:1818} INFO - Sync 1 DAGs
[2022-04-18 15:05:03,367] {logging_mixin.py:104} INFO - [2022-04-18 15:05:03,367] {dag.py:2273} INFO - Setting next_dagrun for example_trigger_target_dag to None
[2022-04-18 15:05:03,371] {scheduler_job.py:190} INFO - Processing /home/airflow/.local/lib/python3.6/site-packages/airflow/example_dags/example_trigger_target_dag.py took 0.036 seconds
[2022-04-18 15:05:34,026] {scheduler_job.py:182} INFO - Started process (PID=8022) to work on /home/airflow/.local/lib/python3.6/site-packages/airflow/example_dags/example_trigger_target_dag.py
[2022-04-18 15:05:34,026] {scheduler_job.py:629} INFO - Processing file /home/airflow/.local/lib/python3.6/site-packages/airflow/example_dags/example_trigger_target_dag.py for tasks to queue
[2022-04-18 15:05:34,027] {logging_mixin.py:104} INFO - [2022-04-18 15:05:34,027] {dagbag.py:448} INFO - Filling up the DagBag from /home/airflow/.local/lib/python3.6/site-packages/airflow/example_dags/example_trigger_target_dag.py
[2022-04-18 15:05:34,037] {scheduler_job.py:639} INFO - DAG(s) dict_keys(['example_trigger_target_dag']) retrieved from /home/airflow/.local/lib/python3.6/site-packages/airflow/example_dags/example_trigger_target_dag.py
[2022-04-18 15:05:34,051] {logging_mixin.py:104} INFO - [2022-04-18 15:05:34,050] {dag.py:1818} INFO - Sync 1 DAGs
[2022-04-18 15:05:34,059] {logging_mixin.py:104} INFO - [2022-04-18 15:05:34,059] {dag.py:2273} INFO - Setting next_dagrun for example_trigger_target_dag to None
[2022-04-18 15:05:34,063] {scheduler_job.py:190} INFO - Processing /home/airflow/.local/lib/python3.6/site-packages/airflow/example_dags/example_trigger_target_dag.py took 0.039 seconds
[2022-04-18 15:06:04,722] {scheduler_job.py:182} INFO - Started process (PID=8157) to work on /home/airflow/.local/lib/python3.6/site-packages/airflow/example_dags/example_trigger_target_dag.py
[2022-04-18 15:06:04,723] {scheduler_job.py:629} INFO - Processing file /home/airflow/.local/lib/python3.6/site-packages/airflow/example_dags/example_trigger_target_dag.py for tasks to queue
[2022-04-18 15:06:04,723] {logging_mixin.py:104} INFO - [2022-04-18 15:06:04,723] {dagbag.py:448} INFO - Filling up the DagBag from /home/airflow/.local/lib/python3.6/site-packages/airflow/example_dags/example_trigger_target_dag.py
[2022-04-18 15:06:04,731] {scheduler_job.py:639} INFO - DAG(s) dict_keys(['example_trigger_target_dag']) retrieved from /home/airflow/.local/lib/python3.6/site-packages/airflow/example_dags/example_trigger_target_dag.py
[2022-04-18 15:06:04,745] {logging_mixin.py:104} INFO - [2022-04-18 15:06:04,745] {dag.py:1818} INFO - Sync 1 DAGs
[2022-04-18 15:06:04,753] {logging_mixin.py:104} INFO - [2022-04-18 15:06:04,753] {dag.py:2273} INFO - Setting next_dagrun for example_trigger_target_dag to None
[2022-04-18 15:06:04,757] {scheduler_job.py:190} INFO - Processing /home/airflow/.local/lib/python3.6/site-packages/airflow/example_dags/example_trigger_target_dag.py took 0.037 seconds
[2022-04-18 15:06:35,405] {scheduler_job.py:182} INFO - Started process (PID=8292) to work on /home/airflow/.local/lib/python3.6/site-packages/airflow/example_dags/example_trigger_target_dag.py
[2022-04-18 15:06:35,406] {scheduler_job.py:629} INFO - Processing file /home/airflow/.local/lib/python3.6/site-packages/airflow/example_dags/example_trigger_target_dag.py for tasks to queue
[2022-04-18 15:06:35,407] {logging_mixin.py:104} INFO - [2022-04-18 15:06:35,407] {dagbag.py:448} INFO - Filling up the DagBag from /home/airflow/.local/lib/python3.6/site-packages/airflow/example_dags/example_trigger_target_dag.py
[2022-04-18 15:06:35,415] {scheduler_job.py:639} INFO - DAG(s) dict_keys(['example_trigger_target_dag']) retrieved from /home/airflow/.local/lib/python3.6/site-packages/airflow/example_dags/example_trigger_target_dag.py
[2022-04-18 15:06:35,430] {logging_mixin.py:104} INFO - [2022-04-18 15:06:35,430] {dag.py:1818} INFO - Sync 1 DAGs
[2022-04-18 15:06:35,437] {logging_mixin.py:104} INFO - [2022-04-18 15:06:35,437] {dag.py:2273} INFO - Setting next_dagrun for example_trigger_target_dag to None
[2022-04-18 15:06:35,441] {scheduler_job.py:190} INFO - Processing /home/airflow/.local/lib/python3.6/site-packages/airflow/example_dags/example_trigger_target_dag.py took 0.038 seconds
