[2022-04-18 14:37:01,599] {scheduler_job.py:182} INFO - Started process (PID=275) to work on /home/airflow/.local/lib/python3.6/site-packages/airflow/example_dags/example_branch_operator.py
[2022-04-18 14:37:01,600] {scheduler_job.py:629} INFO - Processing file /home/airflow/.local/lib/python3.6/site-packages/airflow/example_dags/example_branch_operator.py for tasks to queue
[2022-04-18 14:37:01,600] {logging_mixin.py:104} INFO - [2022-04-18 14:37:01,600] {dagbag.py:448} INFO - Filling up the DagBag from /home/airflow/.local/lib/python3.6/site-packages/airflow/example_dags/example_branch_operator.py
[2022-04-18 14:37:01,610] {scheduler_job.py:639} INFO - DAG(s) dict_keys(['example_branch_operator']) retrieved from /home/airflow/.local/lib/python3.6/site-packages/airflow/example_dags/example_branch_operator.py
[2022-04-18 14:37:01,623] {logging_mixin.py:104} INFO - [2022-04-18 14:37:01,623] {dag.py:1818} INFO - Sync 1 DAGs
[2022-04-18 14:37:01,638] {logging_mixin.py:104} INFO - [2022-04-18 14:37:01,638] {dag.py:2273} INFO - Setting next_dagrun for example_branch_operator to 2022-04-16 00:00:00+00:00
[2022-04-18 14:37:01,645] {scheduler_job.py:190} INFO - Processing /home/airflow/.local/lib/python3.6/site-packages/airflow/example_dags/example_branch_operator.py took 0.047 seconds
[2022-04-18 14:37:31,660] {scheduler_job.py:182} INFO - Started process (PID=650) to work on /home/airflow/.local/lib/python3.6/site-packages/airflow/example_dags/example_branch_operator.py
[2022-04-18 14:37:31,661] {scheduler_job.py:629} INFO - Processing file /home/airflow/.local/lib/python3.6/site-packages/airflow/example_dags/example_branch_operator.py for tasks to queue
[2022-04-18 14:37:31,661] {logging_mixin.py:104} INFO - [2022-04-18 14:37:31,661] {dagbag.py:448} INFO - Filling up the DagBag from /home/airflow/.local/lib/python3.6/site-packages/airflow/example_dags/example_branch_operator.py
[2022-04-18 14:37:31,673] {scheduler_job.py:639} INFO - DAG(s) dict_keys(['example_branch_operator']) retrieved from /home/airflow/.local/lib/python3.6/site-packages/airflow/example_dags/example_branch_operator.py
[2022-04-18 14:37:31,689] {logging_mixin.py:104} INFO - [2022-04-18 14:37:31,689] {dag.py:1818} INFO - Sync 1 DAGs
[2022-04-18 14:37:31,700] {logging_mixin.py:104} INFO - [2022-04-18 14:37:31,700] {dag.py:2273} INFO - Setting next_dagrun for example_branch_operator to 2022-04-16 00:00:00+00:00
[2022-04-18 14:37:31,704] {scheduler_job.py:190} INFO - Processing /home/airflow/.local/lib/python3.6/site-packages/airflow/example_dags/example_branch_operator.py took 0.046 seconds
[2022-04-18 14:38:01,734] {scheduler_job.py:182} INFO - Started process (PID=789) to work on /home/airflow/.local/lib/python3.6/site-packages/airflow/example_dags/example_branch_operator.py
[2022-04-18 14:38:01,734] {scheduler_job.py:629} INFO - Processing file /home/airflow/.local/lib/python3.6/site-packages/airflow/example_dags/example_branch_operator.py for tasks to queue
[2022-04-18 14:38:01,735] {logging_mixin.py:104} INFO - [2022-04-18 14:38:01,735] {dagbag.py:448} INFO - Filling up the DagBag from /home/airflow/.local/lib/python3.6/site-packages/airflow/example_dags/example_branch_operator.py
[2022-04-18 14:38:01,744] {scheduler_job.py:639} INFO - DAG(s) dict_keys(['example_branch_operator']) retrieved from /home/airflow/.local/lib/python3.6/site-packages/airflow/example_dags/example_branch_operator.py
[2022-04-18 14:38:01,756] {logging_mixin.py:104} INFO - [2022-04-18 14:38:01,756] {dag.py:1818} INFO - Sync 1 DAGs
[2022-04-18 14:38:01,769] {logging_mixin.py:104} INFO - [2022-04-18 14:38:01,769] {dag.py:2273} INFO - Setting next_dagrun for example_branch_operator to 2022-04-16 00:00:00+00:00
[2022-04-18 14:38:01,774] {scheduler_job.py:190} INFO - Processing /home/airflow/.local/lib/python3.6/site-packages/airflow/example_dags/example_branch_operator.py took 0.043 seconds
[2022-04-18 14:38:31,826] {scheduler_job.py:182} INFO - Started process (PID=928) to work on /home/airflow/.local/lib/python3.6/site-packages/airflow/example_dags/example_branch_operator.py
[2022-04-18 14:38:31,827] {scheduler_job.py:629} INFO - Processing file /home/airflow/.local/lib/python3.6/site-packages/airflow/example_dags/example_branch_operator.py for tasks to queue
[2022-04-18 14:38:31,828] {logging_mixin.py:104} INFO - [2022-04-18 14:38:31,828] {dagbag.py:448} INFO - Filling up the DagBag from /home/airflow/.local/lib/python3.6/site-packages/airflow/example_dags/example_branch_operator.py
[2022-04-18 14:38:31,838] {scheduler_job.py:639} INFO - DAG(s) dict_keys(['example_branch_operator']) retrieved from /home/airflow/.local/lib/python3.6/site-packages/airflow/example_dags/example_branch_operator.py
[2022-04-18 14:38:31,852] {logging_mixin.py:104} INFO - [2022-04-18 14:38:31,852] {dag.py:1818} INFO - Sync 1 DAGs
[2022-04-18 14:38:31,865] {logging_mixin.py:104} INFO - [2022-04-18 14:38:31,864] {dag.py:2273} INFO - Setting next_dagrun for example_branch_operator to 2022-04-16 00:00:00+00:00
[2022-04-18 14:38:31,868] {scheduler_job.py:190} INFO - Processing /home/airflow/.local/lib/python3.6/site-packages/airflow/example_dags/example_branch_operator.py took 0.044 seconds
[2022-04-18 14:39:01,881] {scheduler_job.py:182} INFO - Started process (PID=1064) to work on /home/airflow/.local/lib/python3.6/site-packages/airflow/example_dags/example_branch_operator.py
[2022-04-18 14:39:01,881] {scheduler_job.py:629} INFO - Processing file /home/airflow/.local/lib/python3.6/site-packages/airflow/example_dags/example_branch_operator.py for tasks to queue
[2022-04-18 14:39:01,882] {logging_mixin.py:104} INFO - [2022-04-18 14:39:01,882] {dagbag.py:448} INFO - Filling up the DagBag from /home/airflow/.local/lib/python3.6/site-packages/airflow/example_dags/example_branch_operator.py
[2022-04-18 14:39:01,893] {scheduler_job.py:639} INFO - DAG(s) dict_keys(['example_branch_operator']) retrieved from /home/airflow/.local/lib/python3.6/site-packages/airflow/example_dags/example_branch_operator.py
[2022-04-18 14:39:01,907] {logging_mixin.py:104} INFO - [2022-04-18 14:39:01,907] {dag.py:1818} INFO - Sync 1 DAGs
[2022-04-18 14:39:01,918] {logging_mixin.py:104} INFO - [2022-04-18 14:39:01,918] {dag.py:2273} INFO - Setting next_dagrun for example_branch_operator to 2022-04-16 00:00:00+00:00
[2022-04-18 14:39:01,922] {scheduler_job.py:190} INFO - Processing /home/airflow/.local/lib/python3.6/site-packages/airflow/example_dags/example_branch_operator.py took 0.043 seconds
[2022-04-18 14:39:31,937] {scheduler_job.py:182} INFO - Started process (PID=1199) to work on /home/airflow/.local/lib/python3.6/site-packages/airflow/example_dags/example_branch_operator.py
[2022-04-18 14:39:31,938] {scheduler_job.py:629} INFO - Processing file /home/airflow/.local/lib/python3.6/site-packages/airflow/example_dags/example_branch_operator.py for tasks to queue
[2022-04-18 14:39:31,938] {logging_mixin.py:104} INFO - [2022-04-18 14:39:31,938] {dagbag.py:448} INFO - Filling up the DagBag from /home/airflow/.local/lib/python3.6/site-packages/airflow/example_dags/example_branch_operator.py
[2022-04-18 14:39:31,948] {scheduler_job.py:639} INFO - DAG(s) dict_keys(['example_branch_operator']) retrieved from /home/airflow/.local/lib/python3.6/site-packages/airflow/example_dags/example_branch_operator.py
[2022-04-18 14:39:31,961] {logging_mixin.py:104} INFO - [2022-04-18 14:39:31,961] {dag.py:1818} INFO - Sync 1 DAGs
[2022-04-18 14:39:31,972] {logging_mixin.py:104} INFO - [2022-04-18 14:39:31,972] {dag.py:2273} INFO - Setting next_dagrun for example_branch_operator to 2022-04-16 00:00:00+00:00
[2022-04-18 14:39:31,976] {scheduler_job.py:190} INFO - Processing /home/airflow/.local/lib/python3.6/site-packages/airflow/example_dags/example_branch_operator.py took 0.040 seconds
[2022-04-18 14:40:03,009] {scheduler_job.py:182} INFO - Started process (PID=1342) to work on /home/airflow/.local/lib/python3.6/site-packages/airflow/example_dags/example_branch_operator.py
[2022-04-18 14:40:03,010] {scheduler_job.py:629} INFO - Processing file /home/airflow/.local/lib/python3.6/site-packages/airflow/example_dags/example_branch_operator.py for tasks to queue
[2022-04-18 14:40:03,011] {logging_mixin.py:104} INFO - [2022-04-18 14:40:03,011] {dagbag.py:448} INFO - Filling up the DagBag from /home/airflow/.local/lib/python3.6/site-packages/airflow/example_dags/example_branch_operator.py
[2022-04-18 14:40:03,022] {scheduler_job.py:639} INFO - DAG(s) dict_keys(['example_branch_operator']) retrieved from /home/airflow/.local/lib/python3.6/site-packages/airflow/example_dags/example_branch_operator.py
[2022-04-18 14:40:03,038] {logging_mixin.py:104} INFO - [2022-04-18 14:40:03,038] {dag.py:1818} INFO - Sync 1 DAGs
[2022-04-18 14:40:03,051] {logging_mixin.py:104} INFO - [2022-04-18 14:40:03,051] {dag.py:2273} INFO - Setting next_dagrun for example_branch_operator to 2022-04-16 00:00:00+00:00
[2022-04-18 14:40:03,055] {scheduler_job.py:190} INFO - Processing /home/airflow/.local/lib/python3.6/site-packages/airflow/example_dags/example_branch_operator.py took 0.048 seconds
[2022-04-18 14:40:33,798] {scheduler_job.py:182} INFO - Started process (PID=1477) to work on /home/airflow/.local/lib/python3.6/site-packages/airflow/example_dags/example_branch_operator.py
[2022-04-18 14:40:33,799] {scheduler_job.py:629} INFO - Processing file /home/airflow/.local/lib/python3.6/site-packages/airflow/example_dags/example_branch_operator.py for tasks to queue
[2022-04-18 14:40:33,799] {logging_mixin.py:104} INFO - [2022-04-18 14:40:33,799] {dagbag.py:448} INFO - Filling up the DagBag from /home/airflow/.local/lib/python3.6/site-packages/airflow/example_dags/example_branch_operator.py
[2022-04-18 14:40:33,810] {scheduler_job.py:639} INFO - DAG(s) dict_keys(['example_branch_operator']) retrieved from /home/airflow/.local/lib/python3.6/site-packages/airflow/example_dags/example_branch_operator.py
[2022-04-18 14:40:33,826] {logging_mixin.py:104} INFO - [2022-04-18 14:40:33,826] {dag.py:1818} INFO - Sync 1 DAGs
[2022-04-18 14:40:33,837] {logging_mixin.py:104} INFO - [2022-04-18 14:40:33,837] {dag.py:2273} INFO - Setting next_dagrun for example_branch_operator to 2022-04-16 00:00:00+00:00
[2022-04-18 14:40:33,841] {scheduler_job.py:190} INFO - Processing /home/airflow/.local/lib/python3.6/site-packages/airflow/example_dags/example_branch_operator.py took 0.046 seconds
[2022-04-18 14:41:04,758] {scheduler_job.py:182} INFO - Started process (PID=1614) to work on /home/airflow/.local/lib/python3.6/site-packages/airflow/example_dags/example_branch_operator.py
[2022-04-18 14:41:04,759] {scheduler_job.py:629} INFO - Processing file /home/airflow/.local/lib/python3.6/site-packages/airflow/example_dags/example_branch_operator.py for tasks to queue
[2022-04-18 14:41:04,760] {logging_mixin.py:104} INFO - [2022-04-18 14:41:04,760] {dagbag.py:448} INFO - Filling up the DagBag from /home/airflow/.local/lib/python3.6/site-packages/airflow/example_dags/example_branch_operator.py
[2022-04-18 14:41:04,769] {scheduler_job.py:639} INFO - DAG(s) dict_keys(['example_branch_operator']) retrieved from /home/airflow/.local/lib/python3.6/site-packages/airflow/example_dags/example_branch_operator.py
[2022-04-18 14:41:04,783] {logging_mixin.py:104} INFO - [2022-04-18 14:41:04,783] {dag.py:1818} INFO - Sync 1 DAGs
[2022-04-18 14:41:04,794] {logging_mixin.py:104} INFO - [2022-04-18 14:41:04,794] {dag.py:2273} INFO - Setting next_dagrun for example_branch_operator to 2022-04-16 00:00:00+00:00
[2022-04-18 14:41:04,798] {scheduler_job.py:190} INFO - Processing /home/airflow/.local/lib/python3.6/site-packages/airflow/example_dags/example_branch_operator.py took 0.042 seconds
[2022-04-18 14:41:35,421] {scheduler_job.py:182} INFO - Started process (PID=1749) to work on /home/airflow/.local/lib/python3.6/site-packages/airflow/example_dags/example_branch_operator.py
[2022-04-18 14:41:35,422] {scheduler_job.py:629} INFO - Processing file /home/airflow/.local/lib/python3.6/site-packages/airflow/example_dags/example_branch_operator.py for tasks to queue
[2022-04-18 14:41:35,422] {logging_mixin.py:104} INFO - [2022-04-18 14:41:35,422] {dagbag.py:448} INFO - Filling up the DagBag from /home/airflow/.local/lib/python3.6/site-packages/airflow/example_dags/example_branch_operator.py
[2022-04-18 14:41:35,433] {scheduler_job.py:639} INFO - DAG(s) dict_keys(['example_branch_operator']) retrieved from /home/airflow/.local/lib/python3.6/site-packages/airflow/example_dags/example_branch_operator.py
[2022-04-18 14:41:35,448] {logging_mixin.py:104} INFO - [2022-04-18 14:41:35,448] {dag.py:1818} INFO - Sync 1 DAGs
[2022-04-18 14:41:35,460] {logging_mixin.py:104} INFO - [2022-04-18 14:41:35,460] {dag.py:2273} INFO - Setting next_dagrun for example_branch_operator to 2022-04-16 00:00:00+00:00
[2022-04-18 14:41:35,464] {scheduler_job.py:190} INFO - Processing /home/airflow/.local/lib/python3.6/site-packages/airflow/example_dags/example_branch_operator.py took 0.045 seconds
[2022-04-18 14:42:06,121] {scheduler_job.py:182} INFO - Started process (PID=1882) to work on /home/airflow/.local/lib/python3.6/site-packages/airflow/example_dags/example_branch_operator.py
[2022-04-18 14:42:06,122] {scheduler_job.py:629} INFO - Processing file /home/airflow/.local/lib/python3.6/site-packages/airflow/example_dags/example_branch_operator.py for tasks to queue
[2022-04-18 14:42:06,123] {logging_mixin.py:104} INFO - [2022-04-18 14:42:06,123] {dagbag.py:448} INFO - Filling up the DagBag from /home/airflow/.local/lib/python3.6/site-packages/airflow/example_dags/example_branch_operator.py
[2022-04-18 14:42:06,131] {scheduler_job.py:639} INFO - DAG(s) dict_keys(['example_branch_operator']) retrieved from /home/airflow/.local/lib/python3.6/site-packages/airflow/example_dags/example_branch_operator.py
[2022-04-18 14:42:06,146] {logging_mixin.py:104} INFO - [2022-04-18 14:42:06,146] {dag.py:1818} INFO - Sync 1 DAGs
[2022-04-18 14:42:06,157] {logging_mixin.py:104} INFO - [2022-04-18 14:42:06,157] {dag.py:2273} INFO - Setting next_dagrun for example_branch_operator to 2022-04-16 00:00:00+00:00
[2022-04-18 14:42:06,161] {scheduler_job.py:190} INFO - Processing /home/airflow/.local/lib/python3.6/site-packages/airflow/example_dags/example_branch_operator.py took 0.042 seconds
[2022-04-18 14:42:36,884] {scheduler_job.py:182} INFO - Started process (PID=2017) to work on /home/airflow/.local/lib/python3.6/site-packages/airflow/example_dags/example_branch_operator.py
[2022-04-18 14:42:36,885] {scheduler_job.py:629} INFO - Processing file /home/airflow/.local/lib/python3.6/site-packages/airflow/example_dags/example_branch_operator.py for tasks to queue
[2022-04-18 14:42:36,885] {logging_mixin.py:104} INFO - [2022-04-18 14:42:36,885] {dagbag.py:448} INFO - Filling up the DagBag from /home/airflow/.local/lib/python3.6/site-packages/airflow/example_dags/example_branch_operator.py
[2022-04-18 14:42:36,895] {scheduler_job.py:639} INFO - DAG(s) dict_keys(['example_branch_operator']) retrieved from /home/airflow/.local/lib/python3.6/site-packages/airflow/example_dags/example_branch_operator.py
[2022-04-18 14:42:36,908] {logging_mixin.py:104} INFO - [2022-04-18 14:42:36,908] {dag.py:1818} INFO - Sync 1 DAGs
[2022-04-18 14:42:36,920] {logging_mixin.py:104} INFO - [2022-04-18 14:42:36,920] {dag.py:2273} INFO - Setting next_dagrun for example_branch_operator to 2022-04-16 00:00:00+00:00
[2022-04-18 14:42:36,924] {scheduler_job.py:190} INFO - Processing /home/airflow/.local/lib/python3.6/site-packages/airflow/example_dags/example_branch_operator.py took 0.042 seconds
[2022-04-18 14:43:07,637] {scheduler_job.py:182} INFO - Started process (PID=2152) to work on /home/airflow/.local/lib/python3.6/site-packages/airflow/example_dags/example_branch_operator.py
[2022-04-18 14:43:07,638] {scheduler_job.py:629} INFO - Processing file /home/airflow/.local/lib/python3.6/site-packages/airflow/example_dags/example_branch_operator.py for tasks to queue
[2022-04-18 14:43:07,639] {logging_mixin.py:104} INFO - [2022-04-18 14:43:07,639] {dagbag.py:448} INFO - Filling up the DagBag from /home/airflow/.local/lib/python3.6/site-packages/airflow/example_dags/example_branch_operator.py
[2022-04-18 14:43:07,647] {scheduler_job.py:639} INFO - DAG(s) dict_keys(['example_branch_operator']) retrieved from /home/airflow/.local/lib/python3.6/site-packages/airflow/example_dags/example_branch_operator.py
[2022-04-18 14:43:07,662] {logging_mixin.py:104} INFO - [2022-04-18 14:43:07,662] {dag.py:1818} INFO - Sync 1 DAGs
[2022-04-18 14:43:07,675] {logging_mixin.py:104} INFO - [2022-04-18 14:43:07,675] {dag.py:2273} INFO - Setting next_dagrun for example_branch_operator to 2022-04-16 00:00:00+00:00
[2022-04-18 14:43:07,679] {scheduler_job.py:190} INFO - Processing /home/airflow/.local/lib/python3.6/site-packages/airflow/example_dags/example_branch_operator.py took 0.044 seconds
[2022-04-18 14:43:38,329] {scheduler_job.py:182} INFO - Started process (PID=2287) to work on /home/airflow/.local/lib/python3.6/site-packages/airflow/example_dags/example_branch_operator.py
[2022-04-18 14:43:38,330] {scheduler_job.py:629} INFO - Processing file /home/airflow/.local/lib/python3.6/site-packages/airflow/example_dags/example_branch_operator.py for tasks to queue
[2022-04-18 14:43:38,331] {logging_mixin.py:104} INFO - [2022-04-18 14:43:38,331] {dagbag.py:448} INFO - Filling up the DagBag from /home/airflow/.local/lib/python3.6/site-packages/airflow/example_dags/example_branch_operator.py
[2022-04-18 14:43:38,340] {scheduler_job.py:639} INFO - DAG(s) dict_keys(['example_branch_operator']) retrieved from /home/airflow/.local/lib/python3.6/site-packages/airflow/example_dags/example_branch_operator.py
[2022-04-18 14:43:38,355] {logging_mixin.py:104} INFO - [2022-04-18 14:43:38,355] {dag.py:1818} INFO - Sync 1 DAGs
[2022-04-18 14:43:38,368] {logging_mixin.py:104} INFO - [2022-04-18 14:43:38,368] {dag.py:2273} INFO - Setting next_dagrun for example_branch_operator to 2022-04-16 00:00:00+00:00
[2022-04-18 14:43:38,372] {scheduler_job.py:190} INFO - Processing /home/airflow/.local/lib/python3.6/site-packages/airflow/example_dags/example_branch_operator.py took 0.045 seconds
[2022-04-18 14:44:09,017] {scheduler_job.py:182} INFO - Started process (PID=2424) to work on /home/airflow/.local/lib/python3.6/site-packages/airflow/example_dags/example_branch_operator.py
[2022-04-18 14:44:09,018] {scheduler_job.py:629} INFO - Processing file /home/airflow/.local/lib/python3.6/site-packages/airflow/example_dags/example_branch_operator.py for tasks to queue
[2022-04-18 14:44:09,019] {logging_mixin.py:104} INFO - [2022-04-18 14:44:09,018] {dagbag.py:448} INFO - Filling up the DagBag from /home/airflow/.local/lib/python3.6/site-packages/airflow/example_dags/example_branch_operator.py
[2022-04-18 14:44:09,029] {scheduler_job.py:639} INFO - DAG(s) dict_keys(['example_branch_operator']) retrieved from /home/airflow/.local/lib/python3.6/site-packages/airflow/example_dags/example_branch_operator.py
[2022-04-18 14:44:09,045] {logging_mixin.py:104} INFO - [2022-04-18 14:44:09,045] {dag.py:1818} INFO - Sync 1 DAGs
[2022-04-18 14:44:09,057] {logging_mixin.py:104} INFO - [2022-04-18 14:44:09,057] {dag.py:2273} INFO - Setting next_dagrun for example_branch_operator to 2022-04-16 00:00:00+00:00
[2022-04-18 14:44:09,061] {scheduler_job.py:190} INFO - Processing /home/airflow/.local/lib/python3.6/site-packages/airflow/example_dags/example_branch_operator.py took 0.046 seconds
[2022-04-18 14:44:39,695] {scheduler_job.py:182} INFO - Started process (PID=2558) to work on /home/airflow/.local/lib/python3.6/site-packages/airflow/example_dags/example_branch_operator.py
[2022-04-18 14:44:39,696] {scheduler_job.py:629} INFO - Processing file /home/airflow/.local/lib/python3.6/site-packages/airflow/example_dags/example_branch_operator.py for tasks to queue
[2022-04-18 14:44:39,696] {logging_mixin.py:104} INFO - [2022-04-18 14:44:39,696] {dagbag.py:448} INFO - Filling up the DagBag from /home/airflow/.local/lib/python3.6/site-packages/airflow/example_dags/example_branch_operator.py
[2022-04-18 14:44:39,706] {scheduler_job.py:639} INFO - DAG(s) dict_keys(['example_branch_operator']) retrieved from /home/airflow/.local/lib/python3.6/site-packages/airflow/example_dags/example_branch_operator.py
[2022-04-18 14:44:39,722] {logging_mixin.py:104} INFO - [2022-04-18 14:44:39,722] {dag.py:1818} INFO - Sync 1 DAGs
[2022-04-18 14:44:39,733] {logging_mixin.py:104} INFO - [2022-04-18 14:44:39,733] {dag.py:2273} INFO - Setting next_dagrun for example_branch_operator to 2022-04-16 00:00:00+00:00
[2022-04-18 14:44:39,737] {scheduler_job.py:190} INFO - Processing /home/airflow/.local/lib/python3.6/site-packages/airflow/example_dags/example_branch_operator.py took 0.043 seconds
[2022-04-18 14:45:10,369] {scheduler_job.py:182} INFO - Started process (PID=2692) to work on /home/airflow/.local/lib/python3.6/site-packages/airflow/example_dags/example_branch_operator.py
[2022-04-18 14:45:10,370] {scheduler_job.py:629} INFO - Processing file /home/airflow/.local/lib/python3.6/site-packages/airflow/example_dags/example_branch_operator.py for tasks to queue
[2022-04-18 14:45:10,371] {logging_mixin.py:104} INFO - [2022-04-18 14:45:10,371] {dagbag.py:448} INFO - Filling up the DagBag from /home/airflow/.local/lib/python3.6/site-packages/airflow/example_dags/example_branch_operator.py
[2022-04-18 14:45:10,381] {scheduler_job.py:639} INFO - DAG(s) dict_keys(['example_branch_operator']) retrieved from /home/airflow/.local/lib/python3.6/site-packages/airflow/example_dags/example_branch_operator.py
[2022-04-18 14:45:10,393] {logging_mixin.py:104} INFO - [2022-04-18 14:45:10,393] {dag.py:1818} INFO - Sync 1 DAGs
[2022-04-18 14:45:10,405] {logging_mixin.py:104} INFO - [2022-04-18 14:45:10,405] {dag.py:2273} INFO - Setting next_dagrun for example_branch_operator to 2022-04-16 00:00:00+00:00
[2022-04-18 14:45:10,409] {scheduler_job.py:190} INFO - Processing /home/airflow/.local/lib/python3.6/site-packages/airflow/example_dags/example_branch_operator.py took 0.042 seconds
[2022-04-18 14:45:41,135] {scheduler_job.py:182} INFO - Started process (PID=2829) to work on /home/airflow/.local/lib/python3.6/site-packages/airflow/example_dags/example_branch_operator.py
[2022-04-18 14:45:41,136] {scheduler_job.py:629} INFO - Processing file /home/airflow/.local/lib/python3.6/site-packages/airflow/example_dags/example_branch_operator.py for tasks to queue
[2022-04-18 14:45:41,136] {logging_mixin.py:104} INFO - [2022-04-18 14:45:41,136] {dagbag.py:448} INFO - Filling up the DagBag from /home/airflow/.local/lib/python3.6/site-packages/airflow/example_dags/example_branch_operator.py
[2022-04-18 14:45:41,147] {scheduler_job.py:639} INFO - DAG(s) dict_keys(['example_branch_operator']) retrieved from /home/airflow/.local/lib/python3.6/site-packages/airflow/example_dags/example_branch_operator.py
[2022-04-18 14:45:41,163] {logging_mixin.py:104} INFO - [2022-04-18 14:45:41,162] {dag.py:1818} INFO - Sync 1 DAGs
[2022-04-18 14:45:41,174] {logging_mixin.py:104} INFO - [2022-04-18 14:45:41,174] {dag.py:2273} INFO - Setting next_dagrun for example_branch_operator to 2022-04-16 00:00:00+00:00
[2022-04-18 14:45:41,178] {scheduler_job.py:190} INFO - Processing /home/airflow/.local/lib/python3.6/site-packages/airflow/example_dags/example_branch_operator.py took 0.045 seconds
[2022-04-18 14:46:11,797] {scheduler_job.py:182} INFO - Started process (PID=2962) to work on /home/airflow/.local/lib/python3.6/site-packages/airflow/example_dags/example_branch_operator.py
[2022-04-18 14:46:11,798] {scheduler_job.py:629} INFO - Processing file /home/airflow/.local/lib/python3.6/site-packages/airflow/example_dags/example_branch_operator.py for tasks to queue
[2022-04-18 14:46:11,798] {logging_mixin.py:104} INFO - [2022-04-18 14:46:11,798] {dagbag.py:448} INFO - Filling up the DagBag from /home/airflow/.local/lib/python3.6/site-packages/airflow/example_dags/example_branch_operator.py
[2022-04-18 14:46:11,809] {scheduler_job.py:639} INFO - DAG(s) dict_keys(['example_branch_operator']) retrieved from /home/airflow/.local/lib/python3.6/site-packages/airflow/example_dags/example_branch_operator.py
[2022-04-18 14:46:11,823] {logging_mixin.py:104} INFO - [2022-04-18 14:46:11,823] {dag.py:1818} INFO - Sync 1 DAGs
[2022-04-18 14:46:11,834] {logging_mixin.py:104} INFO - [2022-04-18 14:46:11,834] {dag.py:2273} INFO - Setting next_dagrun for example_branch_operator to 2022-04-16 00:00:00+00:00
[2022-04-18 14:46:11,838] {scheduler_job.py:190} INFO - Processing /home/airflow/.local/lib/python3.6/site-packages/airflow/example_dags/example_branch_operator.py took 0.042 seconds
[2022-04-18 14:46:42,482] {scheduler_job.py:182} INFO - Started process (PID=3097) to work on /home/airflow/.local/lib/python3.6/site-packages/airflow/example_dags/example_branch_operator.py
[2022-04-18 14:46:42,483] {scheduler_job.py:629} INFO - Processing file /home/airflow/.local/lib/python3.6/site-packages/airflow/example_dags/example_branch_operator.py for tasks to queue
[2022-04-18 14:46:42,483] {logging_mixin.py:104} INFO - [2022-04-18 14:46:42,483] {dagbag.py:448} INFO - Filling up the DagBag from /home/airflow/.local/lib/python3.6/site-packages/airflow/example_dags/example_branch_operator.py
[2022-04-18 14:46:42,495] {scheduler_job.py:639} INFO - DAG(s) dict_keys(['example_branch_operator']) retrieved from /home/airflow/.local/lib/python3.6/site-packages/airflow/example_dags/example_branch_operator.py
[2022-04-18 14:46:42,512] {logging_mixin.py:104} INFO - [2022-04-18 14:46:42,511] {dag.py:1818} INFO - Sync 1 DAGs
[2022-04-18 14:46:42,523] {logging_mixin.py:104} INFO - [2022-04-18 14:46:42,523] {dag.py:2273} INFO - Setting next_dagrun for example_branch_operator to 2022-04-16 00:00:00+00:00
[2022-04-18 14:46:42,527] {scheduler_job.py:190} INFO - Processing /home/airflow/.local/lib/python3.6/site-packages/airflow/example_dags/example_branch_operator.py took 0.047 seconds
[2022-04-18 14:47:13,190] {scheduler_job.py:182} INFO - Started process (PID=3232) to work on /home/airflow/.local/lib/python3.6/site-packages/airflow/example_dags/example_branch_operator.py
[2022-04-18 14:47:13,191] {scheduler_job.py:629} INFO - Processing file /home/airflow/.local/lib/python3.6/site-packages/airflow/example_dags/example_branch_operator.py for tasks to queue
[2022-04-18 14:47:13,191] {logging_mixin.py:104} INFO - [2022-04-18 14:47:13,191] {dagbag.py:448} INFO - Filling up the DagBag from /home/airflow/.local/lib/python3.6/site-packages/airflow/example_dags/example_branch_operator.py
[2022-04-18 14:47:13,201] {scheduler_job.py:639} INFO - DAG(s) dict_keys(['example_branch_operator']) retrieved from /home/airflow/.local/lib/python3.6/site-packages/airflow/example_dags/example_branch_operator.py
[2022-04-18 14:47:13,212] {logging_mixin.py:104} INFO - [2022-04-18 14:47:13,212] {dag.py:1818} INFO - Sync 1 DAGs
[2022-04-18 14:47:13,223] {logging_mixin.py:104} INFO - [2022-04-18 14:47:13,223] {dag.py:2273} INFO - Setting next_dagrun for example_branch_operator to 2022-04-16 00:00:00+00:00
[2022-04-18 14:47:13,227] {scheduler_job.py:190} INFO - Processing /home/airflow/.local/lib/python3.6/site-packages/airflow/example_dags/example_branch_operator.py took 0.040 seconds
[2022-04-18 14:47:43,889] {scheduler_job.py:182} INFO - Started process (PID=3367) to work on /home/airflow/.local/lib/python3.6/site-packages/airflow/example_dags/example_branch_operator.py
[2022-04-18 14:47:43,890] {scheduler_job.py:629} INFO - Processing file /home/airflow/.local/lib/python3.6/site-packages/airflow/example_dags/example_branch_operator.py for tasks to queue
[2022-04-18 14:47:43,890] {logging_mixin.py:104} INFO - [2022-04-18 14:47:43,890] {dagbag.py:448} INFO - Filling up the DagBag from /home/airflow/.local/lib/python3.6/site-packages/airflow/example_dags/example_branch_operator.py
[2022-04-18 14:47:43,902] {scheduler_job.py:639} INFO - DAG(s) dict_keys(['example_branch_operator']) retrieved from /home/airflow/.local/lib/python3.6/site-packages/airflow/example_dags/example_branch_operator.py
[2022-04-18 14:47:43,916] {logging_mixin.py:104} INFO - [2022-04-18 14:47:43,916] {dag.py:1818} INFO - Sync 1 DAGs
[2022-04-18 14:47:43,929] {logging_mixin.py:104} INFO - [2022-04-18 14:47:43,929] {dag.py:2273} INFO - Setting next_dagrun for example_branch_operator to 2022-04-16 00:00:00+00:00
[2022-04-18 14:47:43,934] {scheduler_job.py:190} INFO - Processing /home/airflow/.local/lib/python3.6/site-packages/airflow/example_dags/example_branch_operator.py took 0.047 seconds
[2022-04-18 14:48:14,686] {scheduler_job.py:182} INFO - Started process (PID=3502) to work on /home/airflow/.local/lib/python3.6/site-packages/airflow/example_dags/example_branch_operator.py
[2022-04-18 14:48:14,687] {scheduler_job.py:629} INFO - Processing file /home/airflow/.local/lib/python3.6/site-packages/airflow/example_dags/example_branch_operator.py for tasks to queue
[2022-04-18 14:48:14,688] {logging_mixin.py:104} INFO - [2022-04-18 14:48:14,688] {dagbag.py:448} INFO - Filling up the DagBag from /home/airflow/.local/lib/python3.6/site-packages/airflow/example_dags/example_branch_operator.py
[2022-04-18 14:48:14,699] {scheduler_job.py:639} INFO - DAG(s) dict_keys(['example_branch_operator']) retrieved from /home/airflow/.local/lib/python3.6/site-packages/airflow/example_dags/example_branch_operator.py
[2022-04-18 14:48:14,716] {logging_mixin.py:104} INFO - [2022-04-18 14:48:14,716] {dag.py:1818} INFO - Sync 1 DAGs
[2022-04-18 14:48:14,728] {logging_mixin.py:104} INFO - [2022-04-18 14:48:14,728] {dag.py:2273} INFO - Setting next_dagrun for example_branch_operator to 2022-04-16 00:00:00+00:00
[2022-04-18 14:48:14,732] {scheduler_job.py:190} INFO - Processing /home/airflow/.local/lib/python3.6/site-packages/airflow/example_dags/example_branch_operator.py took 0.049 seconds
[2022-04-18 14:48:44,765] {scheduler_job.py:182} INFO - Started process (PID=3629) to work on /home/airflow/.local/lib/python3.6/site-packages/airflow/example_dags/example_branch_operator.py
[2022-04-18 14:48:44,765] {scheduler_job.py:629} INFO - Processing file /home/airflow/.local/lib/python3.6/site-packages/airflow/example_dags/example_branch_operator.py for tasks to queue
[2022-04-18 14:48:44,766] {logging_mixin.py:104} INFO - [2022-04-18 14:48:44,766] {dagbag.py:448} INFO - Filling up the DagBag from /home/airflow/.local/lib/python3.6/site-packages/airflow/example_dags/example_branch_operator.py
[2022-04-18 14:48:44,776] {scheduler_job.py:639} INFO - DAG(s) dict_keys(['example_branch_operator']) retrieved from /home/airflow/.local/lib/python3.6/site-packages/airflow/example_dags/example_branch_operator.py
[2022-04-18 14:48:44,790] {logging_mixin.py:104} INFO - [2022-04-18 14:48:44,790] {dag.py:1818} INFO - Sync 1 DAGs
[2022-04-18 14:48:44,801] {logging_mixin.py:104} INFO - [2022-04-18 14:48:44,801] {dag.py:2273} INFO - Setting next_dagrun for example_branch_operator to 2022-04-16 00:00:00+00:00
[2022-04-18 14:48:44,805] {scheduler_job.py:190} INFO - Processing /home/airflow/.local/lib/python3.6/site-packages/airflow/example_dags/example_branch_operator.py took 0.043 seconds
[2022-04-18 14:49:14,864] {scheduler_job.py:182} INFO - Started process (PID=3764) to work on /home/airflow/.local/lib/python3.6/site-packages/airflow/example_dags/example_branch_operator.py
[2022-04-18 14:49:14,865] {scheduler_job.py:629} INFO - Processing file /home/airflow/.local/lib/python3.6/site-packages/airflow/example_dags/example_branch_operator.py for tasks to queue
[2022-04-18 14:49:14,865] {logging_mixin.py:104} INFO - [2022-04-18 14:49:14,865] {dagbag.py:448} INFO - Filling up the DagBag from /home/airflow/.local/lib/python3.6/site-packages/airflow/example_dags/example_branch_operator.py
[2022-04-18 14:49:14,875] {scheduler_job.py:639} INFO - DAG(s) dict_keys(['example_branch_operator']) retrieved from /home/airflow/.local/lib/python3.6/site-packages/airflow/example_dags/example_branch_operator.py
[2022-04-18 14:49:14,889] {logging_mixin.py:104} INFO - [2022-04-18 14:49:14,889] {dag.py:1818} INFO - Sync 1 DAGs
[2022-04-18 14:49:14,905] {logging_mixin.py:104} INFO - [2022-04-18 14:49:14,905] {dag.py:2273} INFO - Setting next_dagrun for example_branch_operator to 2022-04-16 00:00:00+00:00
[2022-04-18 14:49:14,909] {scheduler_job.py:190} INFO - Processing /home/airflow/.local/lib/python3.6/site-packages/airflow/example_dags/example_branch_operator.py took 0.046 seconds
[2022-04-18 14:49:45,057] {scheduler_job.py:182} INFO - Started process (PID=3907) to work on /home/airflow/.local/lib/python3.6/site-packages/airflow/example_dags/example_branch_operator.py
[2022-04-18 14:49:45,058] {scheduler_job.py:629} INFO - Processing file /home/airflow/.local/lib/python3.6/site-packages/airflow/example_dags/example_branch_operator.py for tasks to queue
[2022-04-18 14:49:45,059] {logging_mixin.py:104} INFO - [2022-04-18 14:49:45,059] {dagbag.py:448} INFO - Filling up the DagBag from /home/airflow/.local/lib/python3.6/site-packages/airflow/example_dags/example_branch_operator.py
[2022-04-18 14:49:45,071] {scheduler_job.py:639} INFO - DAG(s) dict_keys(['example_branch_operator']) retrieved from /home/airflow/.local/lib/python3.6/site-packages/airflow/example_dags/example_branch_operator.py
[2022-04-18 14:49:45,086] {logging_mixin.py:104} INFO - [2022-04-18 14:49:45,086] {dag.py:1818} INFO - Sync 1 DAGs
[2022-04-18 14:49:45,097] {logging_mixin.py:104} INFO - [2022-04-18 14:49:45,097] {dag.py:2273} INFO - Setting next_dagrun for example_branch_operator to 2022-04-16 00:00:00+00:00
[2022-04-18 14:49:45,101] {scheduler_job.py:190} INFO - Processing /home/airflow/.local/lib/python3.6/site-packages/airflow/example_dags/example_branch_operator.py took 0.045 seconds
[2022-04-18 14:50:15,129] {scheduler_job.py:182} INFO - Started process (PID=4042) to work on /home/airflow/.local/lib/python3.6/site-packages/airflow/example_dags/example_branch_operator.py
[2022-04-18 14:50:15,129] {scheduler_job.py:629} INFO - Processing file /home/airflow/.local/lib/python3.6/site-packages/airflow/example_dags/example_branch_operator.py for tasks to queue
[2022-04-18 14:50:15,129] {logging_mixin.py:104} INFO - [2022-04-18 14:50:15,129] {dagbag.py:448} INFO - Filling up the DagBag from /home/airflow/.local/lib/python3.6/site-packages/airflow/example_dags/example_branch_operator.py
[2022-04-18 14:50:15,142] {scheduler_job.py:639} INFO - DAG(s) dict_keys(['example_branch_operator']) retrieved from /home/airflow/.local/lib/python3.6/site-packages/airflow/example_dags/example_branch_operator.py
[2022-04-18 14:50:15,156] {logging_mixin.py:104} INFO - [2022-04-18 14:50:15,155] {dag.py:1818} INFO - Sync 1 DAGs
[2022-04-18 14:50:15,168] {logging_mixin.py:104} INFO - [2022-04-18 14:50:15,168] {dag.py:2273} INFO - Setting next_dagrun for example_branch_operator to 2022-04-16 00:00:00+00:00
[2022-04-18 14:50:15,172] {scheduler_job.py:190} INFO - Processing /home/airflow/.local/lib/python3.6/site-packages/airflow/example_dags/example_branch_operator.py took 0.045 seconds
[2022-04-18 14:50:45,193] {scheduler_job.py:182} INFO - Started process (PID=4177) to work on /home/airflow/.local/lib/python3.6/site-packages/airflow/example_dags/example_branch_operator.py
[2022-04-18 14:50:45,194] {scheduler_job.py:629} INFO - Processing file /home/airflow/.local/lib/python3.6/site-packages/airflow/example_dags/example_branch_operator.py for tasks to queue
[2022-04-18 14:50:45,194] {logging_mixin.py:104} INFO - [2022-04-18 14:50:45,194] {dagbag.py:448} INFO - Filling up the DagBag from /home/airflow/.local/lib/python3.6/site-packages/airflow/example_dags/example_branch_operator.py
[2022-04-18 14:50:45,205] {scheduler_job.py:639} INFO - DAG(s) dict_keys(['example_branch_operator']) retrieved from /home/airflow/.local/lib/python3.6/site-packages/airflow/example_dags/example_branch_operator.py
[2022-04-18 14:50:45,218] {logging_mixin.py:104} INFO - [2022-04-18 14:50:45,218] {dag.py:1818} INFO - Sync 1 DAGs
[2022-04-18 14:50:45,229] {logging_mixin.py:104} INFO - [2022-04-18 14:50:45,229] {dag.py:2273} INFO - Setting next_dagrun for example_branch_operator to 2022-04-16 00:00:00+00:00
[2022-04-18 14:50:45,233] {scheduler_job.py:190} INFO - Processing /home/airflow/.local/lib/python3.6/site-packages/airflow/example_dags/example_branch_operator.py took 0.042 seconds
[2022-04-18 14:51:15,872] {scheduler_job.py:182} INFO - Started process (PID=4312) to work on /home/airflow/.local/lib/python3.6/site-packages/airflow/example_dags/example_branch_operator.py
[2022-04-18 14:51:15,874] {scheduler_job.py:629} INFO - Processing file /home/airflow/.local/lib/python3.6/site-packages/airflow/example_dags/example_branch_operator.py for tasks to queue
[2022-04-18 14:51:15,874] {logging_mixin.py:104} INFO - [2022-04-18 14:51:15,874] {dagbag.py:448} INFO - Filling up the DagBag from /home/airflow/.local/lib/python3.6/site-packages/airflow/example_dags/example_branch_operator.py
[2022-04-18 14:51:15,884] {scheduler_job.py:639} INFO - DAG(s) dict_keys(['example_branch_operator']) retrieved from /home/airflow/.local/lib/python3.6/site-packages/airflow/example_dags/example_branch_operator.py
[2022-04-18 14:51:15,898] {logging_mixin.py:104} INFO - [2022-04-18 14:51:15,898] {dag.py:1818} INFO - Sync 1 DAGs
[2022-04-18 14:51:15,911] {logging_mixin.py:104} INFO - [2022-04-18 14:51:15,911] {dag.py:2273} INFO - Setting next_dagrun for example_branch_operator to 2022-04-16 00:00:00+00:00
[2022-04-18 14:51:15,916] {scheduler_job.py:190} INFO - Processing /home/airflow/.local/lib/python3.6/site-packages/airflow/example_dags/example_branch_operator.py took 0.046 seconds
[2022-04-18 14:51:46,616] {scheduler_job.py:182} INFO - Started process (PID=4447) to work on /home/airflow/.local/lib/python3.6/site-packages/airflow/example_dags/example_branch_operator.py
[2022-04-18 14:51:46,617] {scheduler_job.py:629} INFO - Processing file /home/airflow/.local/lib/python3.6/site-packages/airflow/example_dags/example_branch_operator.py for tasks to queue
[2022-04-18 14:51:46,618] {logging_mixin.py:104} INFO - [2022-04-18 14:51:46,617] {dagbag.py:448} INFO - Filling up the DagBag from /home/airflow/.local/lib/python3.6/site-packages/airflow/example_dags/example_branch_operator.py
[2022-04-18 14:51:46,628] {scheduler_job.py:639} INFO - DAG(s) dict_keys(['example_branch_operator']) retrieved from /home/airflow/.local/lib/python3.6/site-packages/airflow/example_dags/example_branch_operator.py
[2022-04-18 14:51:46,645] {logging_mixin.py:104} INFO - [2022-04-18 14:51:46,645] {dag.py:1818} INFO - Sync 1 DAGs
[2022-04-18 14:51:46,658] {logging_mixin.py:104} INFO - [2022-04-18 14:51:46,658] {dag.py:2273} INFO - Setting next_dagrun for example_branch_operator to 2022-04-16 00:00:00+00:00
[2022-04-18 14:51:46,662] {scheduler_job.py:190} INFO - Processing /home/airflow/.local/lib/python3.6/site-packages/airflow/example_dags/example_branch_operator.py took 0.048 seconds
[2022-04-18 14:52:17,295] {scheduler_job.py:182} INFO - Started process (PID=4582) to work on /home/airflow/.local/lib/python3.6/site-packages/airflow/example_dags/example_branch_operator.py
[2022-04-18 14:52:17,296] {scheduler_job.py:629} INFO - Processing file /home/airflow/.local/lib/python3.6/site-packages/airflow/example_dags/example_branch_operator.py for tasks to queue
[2022-04-18 14:52:17,296] {logging_mixin.py:104} INFO - [2022-04-18 14:52:17,296] {dagbag.py:448} INFO - Filling up the DagBag from /home/airflow/.local/lib/python3.6/site-packages/airflow/example_dags/example_branch_operator.py
[2022-04-18 14:52:17,307] {scheduler_job.py:639} INFO - DAG(s) dict_keys(['example_branch_operator']) retrieved from /home/airflow/.local/lib/python3.6/site-packages/airflow/example_dags/example_branch_operator.py
[2022-04-18 14:52:17,320] {logging_mixin.py:104} INFO - [2022-04-18 14:52:17,320] {dag.py:1818} INFO - Sync 1 DAGs
[2022-04-18 14:52:17,331] {logging_mixin.py:104} INFO - [2022-04-18 14:52:17,331] {dag.py:2273} INFO - Setting next_dagrun for example_branch_operator to 2022-04-16 00:00:00+00:00
[2022-04-18 14:52:17,334] {scheduler_job.py:190} INFO - Processing /home/airflow/.local/lib/python3.6/site-packages/airflow/example_dags/example_branch_operator.py took 0.041 seconds
[2022-04-18 14:52:47,973] {scheduler_job.py:182} INFO - Started process (PID=4717) to work on /home/airflow/.local/lib/python3.6/site-packages/airflow/example_dags/example_branch_operator.py
[2022-04-18 14:52:47,974] {scheduler_job.py:629} INFO - Processing file /home/airflow/.local/lib/python3.6/site-packages/airflow/example_dags/example_branch_operator.py for tasks to queue
[2022-04-18 14:52:47,974] {logging_mixin.py:104} INFO - [2022-04-18 14:52:47,974] {dagbag.py:448} INFO - Filling up the DagBag from /home/airflow/.local/lib/python3.6/site-packages/airflow/example_dags/example_branch_operator.py
[2022-04-18 14:52:47,984] {scheduler_job.py:639} INFO - DAG(s) dict_keys(['example_branch_operator']) retrieved from /home/airflow/.local/lib/python3.6/site-packages/airflow/example_dags/example_branch_operator.py
[2022-04-18 14:52:47,997] {logging_mixin.py:104} INFO - [2022-04-18 14:52:47,997] {dag.py:1818} INFO - Sync 1 DAGs
[2022-04-18 14:52:48,008] {logging_mixin.py:104} INFO - [2022-04-18 14:52:48,008] {dag.py:2273} INFO - Setting next_dagrun for example_branch_operator to 2022-04-16 00:00:00+00:00
[2022-04-18 14:52:48,012] {scheduler_job.py:190} INFO - Processing /home/airflow/.local/lib/python3.6/site-packages/airflow/example_dags/example_branch_operator.py took 0.041 seconds
[2022-04-18 14:53:18,652] {scheduler_job.py:182} INFO - Started process (PID=4852) to work on /home/airflow/.local/lib/python3.6/site-packages/airflow/example_dags/example_branch_operator.py
[2022-04-18 14:53:18,653] {scheduler_job.py:629} INFO - Processing file /home/airflow/.local/lib/python3.6/site-packages/airflow/example_dags/example_branch_operator.py for tasks to queue
[2022-04-18 14:53:18,653] {logging_mixin.py:104} INFO - [2022-04-18 14:53:18,653] {dagbag.py:448} INFO - Filling up the DagBag from /home/airflow/.local/lib/python3.6/site-packages/airflow/example_dags/example_branch_operator.py
[2022-04-18 14:53:18,663] {scheduler_job.py:639} INFO - DAG(s) dict_keys(['example_branch_operator']) retrieved from /home/airflow/.local/lib/python3.6/site-packages/airflow/example_dags/example_branch_operator.py
[2022-04-18 14:53:18,676] {logging_mixin.py:104} INFO - [2022-04-18 14:53:18,675] {dag.py:1818} INFO - Sync 1 DAGs
[2022-04-18 14:53:18,687] {logging_mixin.py:104} INFO - [2022-04-18 14:53:18,687] {dag.py:2273} INFO - Setting next_dagrun for example_branch_operator to 2022-04-16 00:00:00+00:00
[2022-04-18 14:53:18,691] {scheduler_job.py:190} INFO - Processing /home/airflow/.local/lib/python3.6/site-packages/airflow/example_dags/example_branch_operator.py took 0.041 seconds
[2022-04-18 14:53:49,391] {scheduler_job.py:182} INFO - Started process (PID=4987) to work on /home/airflow/.local/lib/python3.6/site-packages/airflow/example_dags/example_branch_operator.py
[2022-04-18 14:53:49,392] {scheduler_job.py:629} INFO - Processing file /home/airflow/.local/lib/python3.6/site-packages/airflow/example_dags/example_branch_operator.py for tasks to queue
[2022-04-18 14:53:49,393] {logging_mixin.py:104} INFO - [2022-04-18 14:53:49,393] {dagbag.py:448} INFO - Filling up the DagBag from /home/airflow/.local/lib/python3.6/site-packages/airflow/example_dags/example_branch_operator.py
[2022-04-18 14:53:49,402] {scheduler_job.py:639} INFO - DAG(s) dict_keys(['example_branch_operator']) retrieved from /home/airflow/.local/lib/python3.6/site-packages/airflow/example_dags/example_branch_operator.py
[2022-04-18 14:53:49,417] {logging_mixin.py:104} INFO - [2022-04-18 14:53:49,417] {dag.py:1818} INFO - Sync 1 DAGs
[2022-04-18 14:53:49,428] {logging_mixin.py:104} INFO - [2022-04-18 14:53:49,428] {dag.py:2273} INFO - Setting next_dagrun for example_branch_operator to 2022-04-16 00:00:00+00:00
[2022-04-18 14:53:49,431] {scheduler_job.py:190} INFO - Processing /home/airflow/.local/lib/python3.6/site-packages/airflow/example_dags/example_branch_operator.py took 0.043 seconds
[2022-04-18 14:54:20,079] {scheduler_job.py:182} INFO - Started process (PID=5122) to work on /home/airflow/.local/lib/python3.6/site-packages/airflow/example_dags/example_branch_operator.py
[2022-04-18 14:54:20,080] {scheduler_job.py:629} INFO - Processing file /home/airflow/.local/lib/python3.6/site-packages/airflow/example_dags/example_branch_operator.py for tasks to queue
[2022-04-18 14:54:20,081] {logging_mixin.py:104} INFO - [2022-04-18 14:54:20,080] {dagbag.py:448} INFO - Filling up the DagBag from /home/airflow/.local/lib/python3.6/site-packages/airflow/example_dags/example_branch_operator.py
[2022-04-18 14:54:20,089] {scheduler_job.py:639} INFO - DAG(s) dict_keys(['example_branch_operator']) retrieved from /home/airflow/.local/lib/python3.6/site-packages/airflow/example_dags/example_branch_operator.py
[2022-04-18 14:54:20,100] {logging_mixin.py:104} INFO - [2022-04-18 14:54:20,100] {dag.py:1818} INFO - Sync 1 DAGs
[2022-04-18 14:54:20,113] {logging_mixin.py:104} INFO - [2022-04-18 14:54:20,113] {dag.py:2273} INFO - Setting next_dagrun for example_branch_operator to 2022-04-16 00:00:00+00:00
[2022-04-18 14:54:20,117] {scheduler_job.py:190} INFO - Processing /home/airflow/.local/lib/python3.6/site-packages/airflow/example_dags/example_branch_operator.py took 0.041 seconds
[2022-04-18 14:54:50,748] {scheduler_job.py:182} INFO - Started process (PID=5257) to work on /home/airflow/.local/lib/python3.6/site-packages/airflow/example_dags/example_branch_operator.py
[2022-04-18 14:54:50,749] {scheduler_job.py:629} INFO - Processing file /home/airflow/.local/lib/python3.6/site-packages/airflow/example_dags/example_branch_operator.py for tasks to queue
[2022-04-18 14:54:50,749] {logging_mixin.py:104} INFO - [2022-04-18 14:54:50,749] {dagbag.py:448} INFO - Filling up the DagBag from /home/airflow/.local/lib/python3.6/site-packages/airflow/example_dags/example_branch_operator.py
[2022-04-18 14:54:50,760] {scheduler_job.py:639} INFO - DAG(s) dict_keys(['example_branch_operator']) retrieved from /home/airflow/.local/lib/python3.6/site-packages/airflow/example_dags/example_branch_operator.py
[2022-04-18 14:54:50,773] {logging_mixin.py:104} INFO - [2022-04-18 14:54:50,773] {dag.py:1818} INFO - Sync 1 DAGs
[2022-04-18 14:54:50,787] {logging_mixin.py:104} INFO - [2022-04-18 14:54:50,787] {dag.py:2273} INFO - Setting next_dagrun for example_branch_operator to 2022-04-16 00:00:00+00:00
[2022-04-18 14:54:50,791] {scheduler_job.py:190} INFO - Processing /home/airflow/.local/lib/python3.6/site-packages/airflow/example_dags/example_branch_operator.py took 0.045 seconds
[2022-04-18 14:55:21,504] {scheduler_job.py:182} INFO - Started process (PID=5392) to work on /home/airflow/.local/lib/python3.6/site-packages/airflow/example_dags/example_branch_operator.py
[2022-04-18 14:55:21,505] {scheduler_job.py:629} INFO - Processing file /home/airflow/.local/lib/python3.6/site-packages/airflow/example_dags/example_branch_operator.py for tasks to queue
[2022-04-18 14:55:21,505] {logging_mixin.py:104} INFO - [2022-04-18 14:55:21,505] {dagbag.py:448} INFO - Filling up the DagBag from /home/airflow/.local/lib/python3.6/site-packages/airflow/example_dags/example_branch_operator.py
[2022-04-18 14:55:21,514] {scheduler_job.py:639} INFO - DAG(s) dict_keys(['example_branch_operator']) retrieved from /home/airflow/.local/lib/python3.6/site-packages/airflow/example_dags/example_branch_operator.py
[2022-04-18 14:55:21,525] {logging_mixin.py:104} INFO - [2022-04-18 14:55:21,525] {dag.py:1818} INFO - Sync 1 DAGs
[2022-04-18 14:55:21,539] {logging_mixin.py:104} INFO - [2022-04-18 14:55:21,539] {dag.py:2273} INFO - Setting next_dagrun for example_branch_operator to 2022-04-16 00:00:00+00:00
[2022-04-18 14:55:21,543] {scheduler_job.py:190} INFO - Processing /home/airflow/.local/lib/python3.6/site-packages/airflow/example_dags/example_branch_operator.py took 0.040 seconds
[2022-04-18 14:55:52,176] {scheduler_job.py:182} INFO - Started process (PID=5527) to work on /home/airflow/.local/lib/python3.6/site-packages/airflow/example_dags/example_branch_operator.py
[2022-04-18 14:55:52,177] {scheduler_job.py:629} INFO - Processing file /home/airflow/.local/lib/python3.6/site-packages/airflow/example_dags/example_branch_operator.py for tasks to queue
[2022-04-18 14:55:52,177] {logging_mixin.py:104} INFO - [2022-04-18 14:55:52,177] {dagbag.py:448} INFO - Filling up the DagBag from /home/airflow/.local/lib/python3.6/site-packages/airflow/example_dags/example_branch_operator.py
[2022-04-18 14:55:52,188] {scheduler_job.py:639} INFO - DAG(s) dict_keys(['example_branch_operator']) retrieved from /home/airflow/.local/lib/python3.6/site-packages/airflow/example_dags/example_branch_operator.py
[2022-04-18 14:55:52,201] {logging_mixin.py:104} INFO - [2022-04-18 14:55:52,201] {dag.py:1818} INFO - Sync 1 DAGs
[2022-04-18 14:55:52,213] {logging_mixin.py:104} INFO - [2022-04-18 14:55:52,213] {dag.py:2273} INFO - Setting next_dagrun for example_branch_operator to 2022-04-16 00:00:00+00:00
[2022-04-18 14:55:52,217] {scheduler_job.py:190} INFO - Processing /home/airflow/.local/lib/python3.6/site-packages/airflow/example_dags/example_branch_operator.py took 0.042 seconds
[2022-04-18 14:56:22,870] {scheduler_job.py:182} INFO - Started process (PID=5662) to work on /home/airflow/.local/lib/python3.6/site-packages/airflow/example_dags/example_branch_operator.py
[2022-04-18 14:56:22,872] {scheduler_job.py:629} INFO - Processing file /home/airflow/.local/lib/python3.6/site-packages/airflow/example_dags/example_branch_operator.py for tasks to queue
[2022-04-18 14:56:22,872] {logging_mixin.py:104} INFO - [2022-04-18 14:56:22,872] {dagbag.py:448} INFO - Filling up the DagBag from /home/airflow/.local/lib/python3.6/site-packages/airflow/example_dags/example_branch_operator.py
[2022-04-18 14:56:22,882] {scheduler_job.py:639} INFO - DAG(s) dict_keys(['example_branch_operator']) retrieved from /home/airflow/.local/lib/python3.6/site-packages/airflow/example_dags/example_branch_operator.py
[2022-04-18 14:56:22,897] {logging_mixin.py:104} INFO - [2022-04-18 14:56:22,897] {dag.py:1818} INFO - Sync 1 DAGs
[2022-04-18 14:56:22,908] {logging_mixin.py:104} INFO - [2022-04-18 14:56:22,908] {dag.py:2273} INFO - Setting next_dagrun for example_branch_operator to 2022-04-16 00:00:00+00:00
[2022-04-18 14:56:22,912] {scheduler_job.py:190} INFO - Processing /home/airflow/.local/lib/python3.6/site-packages/airflow/example_dags/example_branch_operator.py took 0.044 seconds
[2022-04-18 14:56:53,535] {scheduler_job.py:182} INFO - Started process (PID=5797) to work on /home/airflow/.local/lib/python3.6/site-packages/airflow/example_dags/example_branch_operator.py
[2022-04-18 14:56:53,535] {scheduler_job.py:629} INFO - Processing file /home/airflow/.local/lib/python3.6/site-packages/airflow/example_dags/example_branch_operator.py for tasks to queue
[2022-04-18 14:56:53,536] {logging_mixin.py:104} INFO - [2022-04-18 14:56:53,536] {dagbag.py:448} INFO - Filling up the DagBag from /home/airflow/.local/lib/python3.6/site-packages/airflow/example_dags/example_branch_operator.py
[2022-04-18 14:56:53,545] {scheduler_job.py:639} INFO - DAG(s) dict_keys(['example_branch_operator']) retrieved from /home/airflow/.local/lib/python3.6/site-packages/airflow/example_dags/example_branch_operator.py
[2022-04-18 14:56:53,561] {logging_mixin.py:104} INFO - [2022-04-18 14:56:53,561] {dag.py:1818} INFO - Sync 1 DAGs
[2022-04-18 14:56:53,572] {logging_mixin.py:104} INFO - [2022-04-18 14:56:53,572] {dag.py:2273} INFO - Setting next_dagrun for example_branch_operator to 2022-04-16 00:00:00+00:00
[2022-04-18 14:56:53,576] {scheduler_job.py:190} INFO - Processing /home/airflow/.local/lib/python3.6/site-packages/airflow/example_dags/example_branch_operator.py took 0.043 seconds
[2022-04-18 14:57:24,303] {scheduler_job.py:182} INFO - Started process (PID=5932) to work on /home/airflow/.local/lib/python3.6/site-packages/airflow/example_dags/example_branch_operator.py
[2022-04-18 14:57:24,304] {scheduler_job.py:629} INFO - Processing file /home/airflow/.local/lib/python3.6/site-packages/airflow/example_dags/example_branch_operator.py for tasks to queue
[2022-04-18 14:57:24,304] {logging_mixin.py:104} INFO - [2022-04-18 14:57:24,304] {dagbag.py:448} INFO - Filling up the DagBag from /home/airflow/.local/lib/python3.6/site-packages/airflow/example_dags/example_branch_operator.py
[2022-04-18 14:57:24,313] {scheduler_job.py:639} INFO - DAG(s) dict_keys(['example_branch_operator']) retrieved from /home/airflow/.local/lib/python3.6/site-packages/airflow/example_dags/example_branch_operator.py
[2022-04-18 14:57:24,323] {logging_mixin.py:104} INFO - [2022-04-18 14:57:24,323] {dag.py:1818} INFO - Sync 1 DAGs
[2022-04-18 14:57:24,334] {logging_mixin.py:104} INFO - [2022-04-18 14:57:24,334] {dag.py:2273} INFO - Setting next_dagrun for example_branch_operator to 2022-04-16 00:00:00+00:00
[2022-04-18 14:57:24,338] {scheduler_job.py:190} INFO - Processing /home/airflow/.local/lib/python3.6/site-packages/airflow/example_dags/example_branch_operator.py took 0.036 seconds
[2022-04-18 14:57:55,027] {scheduler_job.py:182} INFO - Started process (PID=6069) to work on /home/airflow/.local/lib/python3.6/site-packages/airflow/example_dags/example_branch_operator.py
[2022-04-18 14:57:55,028] {scheduler_job.py:629} INFO - Processing file /home/airflow/.local/lib/python3.6/site-packages/airflow/example_dags/example_branch_operator.py for tasks to queue
[2022-04-18 14:57:55,028] {logging_mixin.py:104} INFO - [2022-04-18 14:57:55,028] {dagbag.py:448} INFO - Filling up the DagBag from /home/airflow/.local/lib/python3.6/site-packages/airflow/example_dags/example_branch_operator.py
[2022-04-18 14:57:55,037] {scheduler_job.py:639} INFO - DAG(s) dict_keys(['example_branch_operator']) retrieved from /home/airflow/.local/lib/python3.6/site-packages/airflow/example_dags/example_branch_operator.py
[2022-04-18 14:57:55,053] {logging_mixin.py:104} INFO - [2022-04-18 14:57:55,053] {dag.py:1818} INFO - Sync 1 DAGs
[2022-04-18 14:57:55,065] {logging_mixin.py:104} INFO - [2022-04-18 14:57:55,065] {dag.py:2273} INFO - Setting next_dagrun for example_branch_operator to 2022-04-16 00:00:00+00:00
[2022-04-18 14:57:55,069] {scheduler_job.py:190} INFO - Processing /home/airflow/.local/lib/python3.6/site-packages/airflow/example_dags/example_branch_operator.py took 0.044 seconds
[2022-04-18 14:58:25,720] {scheduler_job.py:182} INFO - Started process (PID=6202) to work on /home/airflow/.local/lib/python3.6/site-packages/airflow/example_dags/example_branch_operator.py
[2022-04-18 14:58:25,721] {scheduler_job.py:629} INFO - Processing file /home/airflow/.local/lib/python3.6/site-packages/airflow/example_dags/example_branch_operator.py for tasks to queue
[2022-04-18 14:58:25,721] {logging_mixin.py:104} INFO - [2022-04-18 14:58:25,721] {dagbag.py:448} INFO - Filling up the DagBag from /home/airflow/.local/lib/python3.6/site-packages/airflow/example_dags/example_branch_operator.py
[2022-04-18 14:58:25,730] {scheduler_job.py:639} INFO - DAG(s) dict_keys(['example_branch_operator']) retrieved from /home/airflow/.local/lib/python3.6/site-packages/airflow/example_dags/example_branch_operator.py
[2022-04-18 14:58:25,746] {logging_mixin.py:104} INFO - [2022-04-18 14:58:25,745] {dag.py:1818} INFO - Sync 1 DAGs
[2022-04-18 14:58:25,757] {logging_mixin.py:104} INFO - [2022-04-18 14:58:25,757] {dag.py:2273} INFO - Setting next_dagrun for example_branch_operator to 2022-04-16 00:00:00+00:00
[2022-04-18 14:58:25,761] {scheduler_job.py:190} INFO - Processing /home/airflow/.local/lib/python3.6/site-packages/airflow/example_dags/example_branch_operator.py took 0.043 seconds
[2022-04-18 14:58:56,393] {scheduler_job.py:182} INFO - Started process (PID=6337) to work on /home/airflow/.local/lib/python3.6/site-packages/airflow/example_dags/example_branch_operator.py
[2022-04-18 14:58:56,393] {scheduler_job.py:629} INFO - Processing file /home/airflow/.local/lib/python3.6/site-packages/airflow/example_dags/example_branch_operator.py for tasks to queue
[2022-04-18 14:58:56,394] {logging_mixin.py:104} INFO - [2022-04-18 14:58:56,394] {dagbag.py:448} INFO - Filling up the DagBag from /home/airflow/.local/lib/python3.6/site-packages/airflow/example_dags/example_branch_operator.py
[2022-04-18 14:58:56,404] {scheduler_job.py:639} INFO - DAG(s) dict_keys(['example_branch_operator']) retrieved from /home/airflow/.local/lib/python3.6/site-packages/airflow/example_dags/example_branch_operator.py
[2022-04-18 14:58:56,417] {logging_mixin.py:104} INFO - [2022-04-18 14:58:56,417] {dag.py:1818} INFO - Sync 1 DAGs
[2022-04-18 14:58:56,429] {logging_mixin.py:104} INFO - [2022-04-18 14:58:56,429] {dag.py:2273} INFO - Setting next_dagrun for example_branch_operator to 2022-04-16 00:00:00+00:00
[2022-04-18 14:58:56,433] {scheduler_job.py:190} INFO - Processing /home/airflow/.local/lib/python3.6/site-packages/airflow/example_dags/example_branch_operator.py took 0.042 seconds
[2022-04-18 14:59:27,058] {scheduler_job.py:182} INFO - Started process (PID=6472) to work on /home/airflow/.local/lib/python3.6/site-packages/airflow/example_dags/example_branch_operator.py
[2022-04-18 14:59:27,058] {scheduler_job.py:629} INFO - Processing file /home/airflow/.local/lib/python3.6/site-packages/airflow/example_dags/example_branch_operator.py for tasks to queue
[2022-04-18 14:59:27,059] {logging_mixin.py:104} INFO - [2022-04-18 14:59:27,059] {dagbag.py:448} INFO - Filling up the DagBag from /home/airflow/.local/lib/python3.6/site-packages/airflow/example_dags/example_branch_operator.py
[2022-04-18 14:59:27,066] {scheduler_job.py:639} INFO - DAG(s) dict_keys(['example_branch_operator']) retrieved from /home/airflow/.local/lib/python3.6/site-packages/airflow/example_dags/example_branch_operator.py
[2022-04-18 14:59:27,080] {logging_mixin.py:104} INFO - [2022-04-18 14:59:27,080] {dag.py:1818} INFO - Sync 1 DAGs
[2022-04-18 14:59:27,093] {logging_mixin.py:104} INFO - [2022-04-18 14:59:27,093] {dag.py:2273} INFO - Setting next_dagrun for example_branch_operator to 2022-04-16 00:00:00+00:00
[2022-04-18 14:59:27,097] {scheduler_job.py:190} INFO - Processing /home/airflow/.local/lib/python3.6/site-packages/airflow/example_dags/example_branch_operator.py took 0.041 seconds
[2022-04-18 14:59:57,738] {scheduler_job.py:182} INFO - Started process (PID=6607) to work on /home/airflow/.local/lib/python3.6/site-packages/airflow/example_dags/example_branch_operator.py
[2022-04-18 14:59:57,739] {scheduler_job.py:629} INFO - Processing file /home/airflow/.local/lib/python3.6/site-packages/airflow/example_dags/example_branch_operator.py for tasks to queue
[2022-04-18 14:59:57,739] {logging_mixin.py:104} INFO - [2022-04-18 14:59:57,739] {dagbag.py:448} INFO - Filling up the DagBag from /home/airflow/.local/lib/python3.6/site-packages/airflow/example_dags/example_branch_operator.py
[2022-04-18 14:59:57,750] {scheduler_job.py:639} INFO - DAG(s) dict_keys(['example_branch_operator']) retrieved from /home/airflow/.local/lib/python3.6/site-packages/airflow/example_dags/example_branch_operator.py
[2022-04-18 14:59:57,764] {logging_mixin.py:104} INFO - [2022-04-18 14:59:57,764] {dag.py:1818} INFO - Sync 1 DAGs
[2022-04-18 14:59:57,776] {logging_mixin.py:104} INFO - [2022-04-18 14:59:57,776] {dag.py:2273} INFO - Setting next_dagrun for example_branch_operator to 2022-04-16 00:00:00+00:00
[2022-04-18 14:59:57,780] {scheduler_job.py:190} INFO - Processing /home/airflow/.local/lib/python3.6/site-packages/airflow/example_dags/example_branch_operator.py took 0.045 seconds
[2022-04-18 15:00:28,425] {scheduler_job.py:182} INFO - Started process (PID=6742) to work on /home/airflow/.local/lib/python3.6/site-packages/airflow/example_dags/example_branch_operator.py
[2022-04-18 15:00:28,426] {scheduler_job.py:629} INFO - Processing file /home/airflow/.local/lib/python3.6/site-packages/airflow/example_dags/example_branch_operator.py for tasks to queue
[2022-04-18 15:00:28,426] {logging_mixin.py:104} INFO - [2022-04-18 15:00:28,426] {dagbag.py:448} INFO - Filling up the DagBag from /home/airflow/.local/lib/python3.6/site-packages/airflow/example_dags/example_branch_operator.py
[2022-04-18 15:00:28,436] {scheduler_job.py:639} INFO - DAG(s) dict_keys(['example_branch_operator']) retrieved from /home/airflow/.local/lib/python3.6/site-packages/airflow/example_dags/example_branch_operator.py
[2022-04-18 15:00:28,450] {logging_mixin.py:104} INFO - [2022-04-18 15:00:28,450] {dag.py:1818} INFO - Sync 1 DAGs
[2022-04-18 15:00:28,462] {logging_mixin.py:104} INFO - [2022-04-18 15:00:28,461] {dag.py:2273} INFO - Setting next_dagrun for example_branch_operator to 2022-04-16 00:00:00+00:00
[2022-04-18 15:00:28,465] {scheduler_job.py:190} INFO - Processing /home/airflow/.local/lib/python3.6/site-packages/airflow/example_dags/example_branch_operator.py took 0.044 seconds
[2022-04-18 15:00:59,103] {scheduler_job.py:182} INFO - Started process (PID=6877) to work on /home/airflow/.local/lib/python3.6/site-packages/airflow/example_dags/example_branch_operator.py
[2022-04-18 15:00:59,104] {scheduler_job.py:629} INFO - Processing file /home/airflow/.local/lib/python3.6/site-packages/airflow/example_dags/example_branch_operator.py for tasks to queue
[2022-04-18 15:00:59,104] {logging_mixin.py:104} INFO - [2022-04-18 15:00:59,104] {dagbag.py:448} INFO - Filling up the DagBag from /home/airflow/.local/lib/python3.6/site-packages/airflow/example_dags/example_branch_operator.py
[2022-04-18 15:00:59,113] {scheduler_job.py:639} INFO - DAG(s) dict_keys(['example_branch_operator']) retrieved from /home/airflow/.local/lib/python3.6/site-packages/airflow/example_dags/example_branch_operator.py
[2022-04-18 15:00:59,124] {logging_mixin.py:104} INFO - [2022-04-18 15:00:59,124] {dag.py:1818} INFO - Sync 1 DAGs
[2022-04-18 15:00:59,135] {logging_mixin.py:104} INFO - [2022-04-18 15:00:59,135] {dag.py:2273} INFO - Setting next_dagrun for example_branch_operator to 2022-04-16 00:00:00+00:00
[2022-04-18 15:00:59,138] {scheduler_job.py:190} INFO - Processing /home/airflow/.local/lib/python3.6/site-packages/airflow/example_dags/example_branch_operator.py took 0.037 seconds
[2022-04-18 15:01:29,792] {scheduler_job.py:182} INFO - Started process (PID=7012) to work on /home/airflow/.local/lib/python3.6/site-packages/airflow/example_dags/example_branch_operator.py
[2022-04-18 15:01:29,793] {scheduler_job.py:629} INFO - Processing file /home/airflow/.local/lib/python3.6/site-packages/airflow/example_dags/example_branch_operator.py for tasks to queue
[2022-04-18 15:01:29,793] {logging_mixin.py:104} INFO - [2022-04-18 15:01:29,793] {dagbag.py:448} INFO - Filling up the DagBag from /home/airflow/.local/lib/python3.6/site-packages/airflow/example_dags/example_branch_operator.py
[2022-04-18 15:01:29,804] {scheduler_job.py:639} INFO - DAG(s) dict_keys(['example_branch_operator']) retrieved from /home/airflow/.local/lib/python3.6/site-packages/airflow/example_dags/example_branch_operator.py
[2022-04-18 15:01:29,821] {logging_mixin.py:104} INFO - [2022-04-18 15:01:29,821] {dag.py:1818} INFO - Sync 1 DAGs
[2022-04-18 15:01:29,831] {logging_mixin.py:104} INFO - [2022-04-18 15:01:29,831] {dag.py:2273} INFO - Setting next_dagrun for example_branch_operator to 2022-04-16 00:00:00+00:00
[2022-04-18 15:01:29,836] {scheduler_job.py:190} INFO - Processing /home/airflow/.local/lib/python3.6/site-packages/airflow/example_dags/example_branch_operator.py took 0.046 seconds
[2022-04-18 15:02:00,548] {scheduler_job.py:182} INFO - Started process (PID=7147) to work on /home/airflow/.local/lib/python3.6/site-packages/airflow/example_dags/example_branch_operator.py
[2022-04-18 15:02:00,549] {scheduler_job.py:629} INFO - Processing file /home/airflow/.local/lib/python3.6/site-packages/airflow/example_dags/example_branch_operator.py for tasks to queue
[2022-04-18 15:02:00,549] {logging_mixin.py:104} INFO - [2022-04-18 15:02:00,549] {dagbag.py:448} INFO - Filling up the DagBag from /home/airflow/.local/lib/python3.6/site-packages/airflow/example_dags/example_branch_operator.py
[2022-04-18 15:02:00,559] {scheduler_job.py:639} INFO - DAG(s) dict_keys(['example_branch_operator']) retrieved from /home/airflow/.local/lib/python3.6/site-packages/airflow/example_dags/example_branch_operator.py
[2022-04-18 15:02:00,575] {logging_mixin.py:104} INFO - [2022-04-18 15:02:00,575] {dag.py:1818} INFO - Sync 1 DAGs
[2022-04-18 15:02:00,586] {logging_mixin.py:104} INFO - [2022-04-18 15:02:00,586] {dag.py:2273} INFO - Setting next_dagrun for example_branch_operator to 2022-04-16 00:00:00+00:00
[2022-04-18 15:02:00,590] {scheduler_job.py:190} INFO - Processing /home/airflow/.local/lib/python3.6/site-packages/airflow/example_dags/example_branch_operator.py took 0.044 seconds
[2022-04-18 15:02:31,235] {scheduler_job.py:182} INFO - Started process (PID=7282) to work on /home/airflow/.local/lib/python3.6/site-packages/airflow/example_dags/example_branch_operator.py
[2022-04-18 15:02:31,236] {scheduler_job.py:629} INFO - Processing file /home/airflow/.local/lib/python3.6/site-packages/airflow/example_dags/example_branch_operator.py for tasks to queue
[2022-04-18 15:02:31,236] {logging_mixin.py:104} INFO - [2022-04-18 15:02:31,236] {dagbag.py:448} INFO - Filling up the DagBag from /home/airflow/.local/lib/python3.6/site-packages/airflow/example_dags/example_branch_operator.py
[2022-04-18 15:02:31,246] {scheduler_job.py:639} INFO - DAG(s) dict_keys(['example_branch_operator']) retrieved from /home/airflow/.local/lib/python3.6/site-packages/airflow/example_dags/example_branch_operator.py
[2022-04-18 15:02:31,259] {logging_mixin.py:104} INFO - [2022-04-18 15:02:31,259] {dag.py:1818} INFO - Sync 1 DAGs
[2022-04-18 15:02:31,271] {logging_mixin.py:104} INFO - [2022-04-18 15:02:31,271] {dag.py:2273} INFO - Setting next_dagrun for example_branch_operator to 2022-04-16 00:00:00+00:00
[2022-04-18 15:02:31,275] {scheduler_job.py:190} INFO - Processing /home/airflow/.local/lib/python3.6/site-packages/airflow/example_dags/example_branch_operator.py took 0.043 seconds
[2022-04-18 15:03:01,918] {scheduler_job.py:182} INFO - Started process (PID=7417) to work on /home/airflow/.local/lib/python3.6/site-packages/airflow/example_dags/example_branch_operator.py
[2022-04-18 15:03:01,919] {scheduler_job.py:629} INFO - Processing file /home/airflow/.local/lib/python3.6/site-packages/airflow/example_dags/example_branch_operator.py for tasks to queue
[2022-04-18 15:03:01,920] {logging_mixin.py:104} INFO - [2022-04-18 15:03:01,919] {dagbag.py:448} INFO - Filling up the DagBag from /home/airflow/.local/lib/python3.6/site-packages/airflow/example_dags/example_branch_operator.py
[2022-04-18 15:03:01,930] {scheduler_job.py:639} INFO - DAG(s) dict_keys(['example_branch_operator']) retrieved from /home/airflow/.local/lib/python3.6/site-packages/airflow/example_dags/example_branch_operator.py
[2022-04-18 15:03:01,948] {logging_mixin.py:104} INFO - [2022-04-18 15:03:01,948] {dag.py:1818} INFO - Sync 1 DAGs
[2022-04-18 15:03:01,960] {logging_mixin.py:104} INFO - [2022-04-18 15:03:01,960] {dag.py:2273} INFO - Setting next_dagrun for example_branch_operator to 2022-04-16 00:00:00+00:00
[2022-04-18 15:03:01,964] {scheduler_job.py:190} INFO - Processing /home/airflow/.local/lib/python3.6/site-packages/airflow/example_dags/example_branch_operator.py took 0.048 seconds
[2022-04-18 15:03:32,606] {scheduler_job.py:182} INFO - Started process (PID=7554) to work on /home/airflow/.local/lib/python3.6/site-packages/airflow/example_dags/example_branch_operator.py
[2022-04-18 15:03:32,607] {scheduler_job.py:629} INFO - Processing file /home/airflow/.local/lib/python3.6/site-packages/airflow/example_dags/example_branch_operator.py for tasks to queue
[2022-04-18 15:03:32,608] {logging_mixin.py:104} INFO - [2022-04-18 15:03:32,608] {dagbag.py:448} INFO - Filling up the DagBag from /home/airflow/.local/lib/python3.6/site-packages/airflow/example_dags/example_branch_operator.py
[2022-04-18 15:03:32,619] {scheduler_job.py:639} INFO - DAG(s) dict_keys(['example_branch_operator']) retrieved from /home/airflow/.local/lib/python3.6/site-packages/airflow/example_dags/example_branch_operator.py
[2022-04-18 15:03:32,630] {logging_mixin.py:104} INFO - [2022-04-18 15:03:32,630] {dag.py:1818} INFO - Sync 1 DAGs
[2022-04-18 15:03:32,645] {logging_mixin.py:104} INFO - [2022-04-18 15:03:32,645] {dag.py:2273} INFO - Setting next_dagrun for example_branch_operator to 2022-04-16 00:00:00+00:00
[2022-04-18 15:03:32,649] {scheduler_job.py:190} INFO - Processing /home/airflow/.local/lib/python3.6/site-packages/airflow/example_dags/example_branch_operator.py took 0.045 seconds
[2022-04-18 15:04:03,259] {scheduler_job.py:182} INFO - Started process (PID=7687) to work on /home/airflow/.local/lib/python3.6/site-packages/airflow/example_dags/example_branch_operator.py
[2022-04-18 15:04:03,259] {scheduler_job.py:629} INFO - Processing file /home/airflow/.local/lib/python3.6/site-packages/airflow/example_dags/example_branch_operator.py for tasks to queue
[2022-04-18 15:04:03,259] {logging_mixin.py:104} INFO - [2022-04-18 15:04:03,259] {dagbag.py:448} INFO - Filling up the DagBag from /home/airflow/.local/lib/python3.6/site-packages/airflow/example_dags/example_branch_operator.py
[2022-04-18 15:04:03,271] {scheduler_job.py:639} INFO - DAG(s) dict_keys(['example_branch_operator']) retrieved from /home/airflow/.local/lib/python3.6/site-packages/airflow/example_dags/example_branch_operator.py
[2022-04-18 15:04:03,287] {logging_mixin.py:104} INFO - [2022-04-18 15:04:03,287] {dag.py:1818} INFO - Sync 1 DAGs
[2022-04-18 15:04:03,300] {logging_mixin.py:104} INFO - [2022-04-18 15:04:03,300] {dag.py:2273} INFO - Setting next_dagrun for example_branch_operator to 2022-04-16 00:00:00+00:00
[2022-04-18 15:04:03,304] {scheduler_job.py:190} INFO - Processing /home/airflow/.local/lib/python3.6/site-packages/airflow/example_dags/example_branch_operator.py took 0.047 seconds
[2022-04-18 15:04:34,002] {scheduler_job.py:182} INFO - Started process (PID=7822) to work on /home/airflow/.local/lib/python3.6/site-packages/airflow/example_dags/example_branch_operator.py
[2022-04-18 15:04:34,002] {scheduler_job.py:629} INFO - Processing file /home/airflow/.local/lib/python3.6/site-packages/airflow/example_dags/example_branch_operator.py for tasks to queue
[2022-04-18 15:04:34,003] {logging_mixin.py:104} INFO - [2022-04-18 15:04:34,003] {dagbag.py:448} INFO - Filling up the DagBag from /home/airflow/.local/lib/python3.6/site-packages/airflow/example_dags/example_branch_operator.py
[2022-04-18 15:04:34,011] {scheduler_job.py:639} INFO - DAG(s) dict_keys(['example_branch_operator']) retrieved from /home/airflow/.local/lib/python3.6/site-packages/airflow/example_dags/example_branch_operator.py
[2022-04-18 15:04:34,026] {logging_mixin.py:104} INFO - [2022-04-18 15:04:34,026] {dag.py:1818} INFO - Sync 1 DAGs
[2022-04-18 15:04:34,039] {logging_mixin.py:104} INFO - [2022-04-18 15:04:34,039] {dag.py:2273} INFO - Setting next_dagrun for example_branch_operator to 2022-04-16 00:00:00+00:00
[2022-04-18 15:04:34,043] {scheduler_job.py:190} INFO - Processing /home/airflow/.local/lib/python3.6/site-packages/airflow/example_dags/example_branch_operator.py took 0.044 seconds
[2022-04-18 15:05:04,674] {scheduler_job.py:182} INFO - Started process (PID=7957) to work on /home/airflow/.local/lib/python3.6/site-packages/airflow/example_dags/example_branch_operator.py
[2022-04-18 15:05:04,675] {scheduler_job.py:629} INFO - Processing file /home/airflow/.local/lib/python3.6/site-packages/airflow/example_dags/example_branch_operator.py for tasks to queue
[2022-04-18 15:05:04,675] {logging_mixin.py:104} INFO - [2022-04-18 15:05:04,675] {dagbag.py:448} INFO - Filling up the DagBag from /home/airflow/.local/lib/python3.6/site-packages/airflow/example_dags/example_branch_operator.py
[2022-04-18 15:05:04,685] {scheduler_job.py:639} INFO - DAG(s) dict_keys(['example_branch_operator']) retrieved from /home/airflow/.local/lib/python3.6/site-packages/airflow/example_dags/example_branch_operator.py
[2022-04-18 15:05:04,699] {logging_mixin.py:104} INFO - [2022-04-18 15:05:04,699] {dag.py:1818} INFO - Sync 1 DAGs
[2022-04-18 15:05:04,712] {logging_mixin.py:104} INFO - [2022-04-18 15:05:04,712] {dag.py:2273} INFO - Setting next_dagrun for example_branch_operator to 2022-04-16 00:00:00+00:00
[2022-04-18 15:05:04,716] {scheduler_job.py:190} INFO - Processing /home/airflow/.local/lib/python3.6/site-packages/airflow/example_dags/example_branch_operator.py took 0.045 seconds
[2022-04-18 15:05:35,379] {scheduler_job.py:182} INFO - Started process (PID=8092) to work on /home/airflow/.local/lib/python3.6/site-packages/airflow/example_dags/example_branch_operator.py
[2022-04-18 15:05:35,380] {scheduler_job.py:629} INFO - Processing file /home/airflow/.local/lib/python3.6/site-packages/airflow/example_dags/example_branch_operator.py for tasks to queue
[2022-04-18 15:05:35,381] {logging_mixin.py:104} INFO - [2022-04-18 15:05:35,381] {dagbag.py:448} INFO - Filling up the DagBag from /home/airflow/.local/lib/python3.6/site-packages/airflow/example_dags/example_branch_operator.py
[2022-04-18 15:05:35,392] {scheduler_job.py:639} INFO - DAG(s) dict_keys(['example_branch_operator']) retrieved from /home/airflow/.local/lib/python3.6/site-packages/airflow/example_dags/example_branch_operator.py
[2022-04-18 15:05:35,407] {logging_mixin.py:104} INFO - [2022-04-18 15:05:35,407] {dag.py:1818} INFO - Sync 1 DAGs
[2022-04-18 15:05:35,420] {logging_mixin.py:104} INFO - [2022-04-18 15:05:35,420] {dag.py:2273} INFO - Setting next_dagrun for example_branch_operator to 2022-04-16 00:00:00+00:00
[2022-04-18 15:05:35,424] {scheduler_job.py:190} INFO - Processing /home/airflow/.local/lib/python3.6/site-packages/airflow/example_dags/example_branch_operator.py took 0.046 seconds
[2022-04-18 15:06:06,059] {scheduler_job.py:182} INFO - Started process (PID=8227) to work on /home/airflow/.local/lib/python3.6/site-packages/airflow/example_dags/example_branch_operator.py
[2022-04-18 15:06:06,059] {scheduler_job.py:629} INFO - Processing file /home/airflow/.local/lib/python3.6/site-packages/airflow/example_dags/example_branch_operator.py for tasks to queue
[2022-04-18 15:06:06,060] {logging_mixin.py:104} INFO - [2022-04-18 15:06:06,060] {dagbag.py:448} INFO - Filling up the DagBag from /home/airflow/.local/lib/python3.6/site-packages/airflow/example_dags/example_branch_operator.py
[2022-04-18 15:06:06,069] {scheduler_job.py:639} INFO - DAG(s) dict_keys(['example_branch_operator']) retrieved from /home/airflow/.local/lib/python3.6/site-packages/airflow/example_dags/example_branch_operator.py
[2022-04-18 15:06:06,085] {logging_mixin.py:104} INFO - [2022-04-18 15:06:06,085] {dag.py:1818} INFO - Sync 1 DAGs
[2022-04-18 15:06:06,096] {logging_mixin.py:104} INFO - [2022-04-18 15:06:06,096] {dag.py:2273} INFO - Setting next_dagrun for example_branch_operator to 2022-04-16 00:00:00+00:00
[2022-04-18 15:06:06,100] {scheduler_job.py:190} INFO - Processing /home/airflow/.local/lib/python3.6/site-packages/airflow/example_dags/example_branch_operator.py took 0.044 seconds
[2022-04-18 15:06:36,800] {scheduler_job.py:182} INFO - Started process (PID=8362) to work on /home/airflow/.local/lib/python3.6/site-packages/airflow/example_dags/example_branch_operator.py
[2022-04-18 15:06:36,800] {scheduler_job.py:629} INFO - Processing file /home/airflow/.local/lib/python3.6/site-packages/airflow/example_dags/example_branch_operator.py for tasks to queue
[2022-04-18 15:06:36,801] {logging_mixin.py:104} INFO - [2022-04-18 15:06:36,801] {dagbag.py:448} INFO - Filling up the DagBag from /home/airflow/.local/lib/python3.6/site-packages/airflow/example_dags/example_branch_operator.py
[2022-04-18 15:06:36,812] {scheduler_job.py:639} INFO - DAG(s) dict_keys(['example_branch_operator']) retrieved from /home/airflow/.local/lib/python3.6/site-packages/airflow/example_dags/example_branch_operator.py
[2022-04-18 15:06:36,829] {logging_mixin.py:104} INFO - [2022-04-18 15:06:36,829] {dag.py:1818} INFO - Sync 1 DAGs
[2022-04-18 15:06:36,840] {logging_mixin.py:104} INFO - [2022-04-18 15:06:36,840] {dag.py:2273} INFO - Setting next_dagrun for example_branch_operator to 2022-04-16 00:00:00+00:00
[2022-04-18 15:06:36,844] {scheduler_job.py:190} INFO - Processing /home/airflow/.local/lib/python3.6/site-packages/airflow/example_dags/example_branch_operator.py took 0.046 seconds
