[2022-04-18 14:37:01,409] {scheduler_job.py:182} INFO - Started process (PID=240) to work on /home/airflow/.local/lib/python3.6/site-packages/airflow/example_dags/example_dag_decorator.py
[2022-04-18 14:37:01,410] {scheduler_job.py:629} INFO - Processing file /home/airflow/.local/lib/python3.6/site-packages/airflow/example_dags/example_dag_decorator.py for tasks to queue
[2022-04-18 14:37:01,411] {logging_mixin.py:104} INFO - [2022-04-18 14:37:01,411] {dagbag.py:448} INFO - Filling up the DagBag from /home/airflow/.local/lib/python3.6/site-packages/airflow/example_dags/example_dag_decorator.py
[2022-04-18 14:37:01,422] {scheduler_job.py:639} INFO - DAG(s) dict_keys(['example_dag_decorator']) retrieved from /home/airflow/.local/lib/python3.6/site-packages/airflow/example_dags/example_dag_decorator.py
[2022-04-18 14:37:01,440] {logging_mixin.py:104} INFO - [2022-04-18 14:37:01,440] {dag.py:1818} INFO - Sync 1 DAGs
[2022-04-18 14:37:01,449] {logging_mixin.py:104} INFO - [2022-04-18 14:37:01,449] {dag.py:2273} INFO - Setting next_dagrun for example_dag_decorator to None
[2022-04-18 14:37:01,454] {scheduler_job.py:190} INFO - Processing /home/airflow/.local/lib/python3.6/site-packages/airflow/example_dags/example_dag_decorator.py took 0.047 seconds
[2022-04-18 14:37:31,484] {scheduler_job.py:182} INFO - Started process (PID=619) to work on /home/airflow/.local/lib/python3.6/site-packages/airflow/example_dags/example_dag_decorator.py
[2022-04-18 14:37:31,485] {scheduler_job.py:629} INFO - Processing file /home/airflow/.local/lib/python3.6/site-packages/airflow/example_dags/example_dag_decorator.py for tasks to queue
[2022-04-18 14:37:31,485] {logging_mixin.py:104} INFO - [2022-04-18 14:37:31,485] {dagbag.py:448} INFO - Filling up the DagBag from /home/airflow/.local/lib/python3.6/site-packages/airflow/example_dags/example_dag_decorator.py
[2022-04-18 14:37:31,495] {scheduler_job.py:639} INFO - DAG(s) dict_keys(['example_dag_decorator']) retrieved from /home/airflow/.local/lib/python3.6/site-packages/airflow/example_dags/example_dag_decorator.py
[2022-04-18 14:37:31,508] {logging_mixin.py:104} INFO - [2022-04-18 14:37:31,508] {dag.py:1818} INFO - Sync 1 DAGs
[2022-04-18 14:37:31,518] {logging_mixin.py:104} INFO - [2022-04-18 14:37:31,518] {dag.py:2273} INFO - Setting next_dagrun for example_dag_decorator to None
[2022-04-18 14:37:31,523] {scheduler_job.py:190} INFO - Processing /home/airflow/.local/lib/python3.6/site-packages/airflow/example_dags/example_dag_decorator.py took 0.042 seconds
[2022-04-18 14:38:01,553] {scheduler_job.py:182} INFO - Started process (PID=759) to work on /home/airflow/.local/lib/python3.6/site-packages/airflow/example_dags/example_dag_decorator.py
[2022-04-18 14:38:01,554] {scheduler_job.py:629} INFO - Processing file /home/airflow/.local/lib/python3.6/site-packages/airflow/example_dags/example_dag_decorator.py for tasks to queue
[2022-04-18 14:38:01,554] {logging_mixin.py:104} INFO - [2022-04-18 14:38:01,554] {dagbag.py:448} INFO - Filling up the DagBag from /home/airflow/.local/lib/python3.6/site-packages/airflow/example_dags/example_dag_decorator.py
[2022-04-18 14:38:01,565] {scheduler_job.py:639} INFO - DAG(s) dict_keys(['example_dag_decorator']) retrieved from /home/airflow/.local/lib/python3.6/site-packages/airflow/example_dags/example_dag_decorator.py
[2022-04-18 14:38:01,578] {logging_mixin.py:104} INFO - [2022-04-18 14:38:01,578] {dag.py:1818} INFO - Sync 1 DAGs
[2022-04-18 14:38:01,586] {logging_mixin.py:104} INFO - [2022-04-18 14:38:01,586] {dag.py:2273} INFO - Setting next_dagrun for example_dag_decorator to None
[2022-04-18 14:38:01,590] {scheduler_job.py:190} INFO - Processing /home/airflow/.local/lib/python3.6/site-packages/airflow/example_dags/example_dag_decorator.py took 0.039 seconds
[2022-04-18 14:38:31,624] {scheduler_job.py:182} INFO - Started process (PID=898) to work on /home/airflow/.local/lib/python3.6/site-packages/airflow/example_dags/example_dag_decorator.py
[2022-04-18 14:38:31,625] {scheduler_job.py:629} INFO - Processing file /home/airflow/.local/lib/python3.6/site-packages/airflow/example_dags/example_dag_decorator.py for tasks to queue
[2022-04-18 14:38:31,626] {logging_mixin.py:104} INFO - [2022-04-18 14:38:31,626] {dagbag.py:448} INFO - Filling up the DagBag from /home/airflow/.local/lib/python3.6/site-packages/airflow/example_dags/example_dag_decorator.py
[2022-04-18 14:38:31,633] {scheduler_job.py:639} INFO - DAG(s) dict_keys(['example_dag_decorator']) retrieved from /home/airflow/.local/lib/python3.6/site-packages/airflow/example_dags/example_dag_decorator.py
[2022-04-18 14:38:31,645] {logging_mixin.py:104} INFO - [2022-04-18 14:38:31,645] {dag.py:1818} INFO - Sync 1 DAGs
[2022-04-18 14:38:31,654] {logging_mixin.py:104} INFO - [2022-04-18 14:38:31,654] {dag.py:2273} INFO - Setting next_dagrun for example_dag_decorator to None
[2022-04-18 14:38:31,659] {scheduler_job.py:190} INFO - Processing /home/airflow/.local/lib/python3.6/site-packages/airflow/example_dags/example_dag_decorator.py took 0.037 seconds
[2022-04-18 14:39:01,690] {scheduler_job.py:182} INFO - Started process (PID=1036) to work on /home/airflow/.local/lib/python3.6/site-packages/airflow/example_dags/example_dag_decorator.py
[2022-04-18 14:39:01,690] {scheduler_job.py:629} INFO - Processing file /home/airflow/.local/lib/python3.6/site-packages/airflow/example_dags/example_dag_decorator.py for tasks to queue
[2022-04-18 14:39:01,691] {logging_mixin.py:104} INFO - [2022-04-18 14:39:01,690] {dagbag.py:448} INFO - Filling up the DagBag from /home/airflow/.local/lib/python3.6/site-packages/airflow/example_dags/example_dag_decorator.py
[2022-04-18 14:39:01,702] {scheduler_job.py:639} INFO - DAG(s) dict_keys(['example_dag_decorator']) retrieved from /home/airflow/.local/lib/python3.6/site-packages/airflow/example_dags/example_dag_decorator.py
[2022-04-18 14:39:01,713] {logging_mixin.py:104} INFO - [2022-04-18 14:39:01,713] {dag.py:1818} INFO - Sync 1 DAGs
[2022-04-18 14:39:01,722] {logging_mixin.py:104} INFO - [2022-04-18 14:39:01,722] {dag.py:2273} INFO - Setting next_dagrun for example_dag_decorator to None
[2022-04-18 14:39:01,726] {scheduler_job.py:190} INFO - Processing /home/airflow/.local/lib/python3.6/site-packages/airflow/example_dags/example_dag_decorator.py took 0.038 seconds
[2022-04-18 14:39:31,739] {scheduler_job.py:182} INFO - Started process (PID=1167) to work on /home/airflow/.local/lib/python3.6/site-packages/airflow/example_dags/example_dag_decorator.py
[2022-04-18 14:39:31,739] {scheduler_job.py:629} INFO - Processing file /home/airflow/.local/lib/python3.6/site-packages/airflow/example_dags/example_dag_decorator.py for tasks to queue
[2022-04-18 14:39:31,740] {logging_mixin.py:104} INFO - [2022-04-18 14:39:31,740] {dagbag.py:448} INFO - Filling up the DagBag from /home/airflow/.local/lib/python3.6/site-packages/airflow/example_dags/example_dag_decorator.py
[2022-04-18 14:39:31,752] {scheduler_job.py:639} INFO - DAG(s) dict_keys(['example_dag_decorator']) retrieved from /home/airflow/.local/lib/python3.6/site-packages/airflow/example_dags/example_dag_decorator.py
[2022-04-18 14:39:31,767] {logging_mixin.py:104} INFO - [2022-04-18 14:39:31,767] {dag.py:1818} INFO - Sync 1 DAGs
[2022-04-18 14:39:31,774] {logging_mixin.py:104} INFO - [2022-04-18 14:39:31,774] {dag.py:2273} INFO - Setting next_dagrun for example_dag_decorator to None
[2022-04-18 14:39:31,779] {scheduler_job.py:190} INFO - Processing /home/airflow/.local/lib/python3.6/site-packages/airflow/example_dags/example_dag_decorator.py took 0.043 seconds
[2022-04-18 14:40:01,802] {scheduler_job.py:182} INFO - Started process (PID=1302) to work on /home/airflow/.local/lib/python3.6/site-packages/airflow/example_dags/example_dag_decorator.py
[2022-04-18 14:40:01,802] {scheduler_job.py:629} INFO - Processing file /home/airflow/.local/lib/python3.6/site-packages/airflow/example_dags/example_dag_decorator.py for tasks to queue
[2022-04-18 14:40:01,803] {logging_mixin.py:104} INFO - [2022-04-18 14:40:01,803] {dagbag.py:448} INFO - Filling up the DagBag from /home/airflow/.local/lib/python3.6/site-packages/airflow/example_dags/example_dag_decorator.py
[2022-04-18 14:40:01,813] {scheduler_job.py:639} INFO - DAG(s) dict_keys(['example_dag_decorator']) retrieved from /home/airflow/.local/lib/python3.6/site-packages/airflow/example_dags/example_dag_decorator.py
[2022-04-18 14:40:01,829] {logging_mixin.py:104} INFO - [2022-04-18 14:40:01,829] {dag.py:1818} INFO - Sync 1 DAGs
[2022-04-18 14:40:01,837] {logging_mixin.py:104} INFO - [2022-04-18 14:40:01,837] {dag.py:2273} INFO - Setting next_dagrun for example_dag_decorator to None
[2022-04-18 14:40:01,842] {scheduler_job.py:190} INFO - Processing /home/airflow/.local/lib/python3.6/site-packages/airflow/example_dags/example_dag_decorator.py took 0.042 seconds
[2022-04-18 14:40:32,599] {scheduler_job.py:182} INFO - Started process (PID=1437) to work on /home/airflow/.local/lib/python3.6/site-packages/airflow/example_dags/example_dag_decorator.py
[2022-04-18 14:40:32,600] {scheduler_job.py:629} INFO - Processing file /home/airflow/.local/lib/python3.6/site-packages/airflow/example_dags/example_dag_decorator.py for tasks to queue
[2022-04-18 14:40:32,600] {logging_mixin.py:104} INFO - [2022-04-18 14:40:32,600] {dagbag.py:448} INFO - Filling up the DagBag from /home/airflow/.local/lib/python3.6/site-packages/airflow/example_dags/example_dag_decorator.py
[2022-04-18 14:40:32,610] {scheduler_job.py:639} INFO - DAG(s) dict_keys(['example_dag_decorator']) retrieved from /home/airflow/.local/lib/python3.6/site-packages/airflow/example_dags/example_dag_decorator.py
[2022-04-18 14:40:32,621] {logging_mixin.py:104} INFO - [2022-04-18 14:40:32,621] {dag.py:1818} INFO - Sync 1 DAGs
[2022-04-18 14:40:32,628] {logging_mixin.py:104} INFO - [2022-04-18 14:40:32,628] {dag.py:2273} INFO - Setting next_dagrun for example_dag_decorator to None
[2022-04-18 14:40:32,633] {scheduler_job.py:190} INFO - Processing /home/airflow/.local/lib/python3.6/site-packages/airflow/example_dags/example_dag_decorator.py took 0.035 seconds
[2022-04-18 14:41:03,561] {scheduler_job.py:182} INFO - Started process (PID=1572) to work on /home/airflow/.local/lib/python3.6/site-packages/airflow/example_dags/example_dag_decorator.py
[2022-04-18 14:41:03,561] {scheduler_job.py:629} INFO - Processing file /home/airflow/.local/lib/python3.6/site-packages/airflow/example_dags/example_dag_decorator.py for tasks to queue
[2022-04-18 14:41:03,563] {logging_mixin.py:104} INFO - [2022-04-18 14:41:03,561] {dagbag.py:448} INFO - Filling up the DagBag from /home/airflow/.local/lib/python3.6/site-packages/airflow/example_dags/example_dag_decorator.py
[2022-04-18 14:41:03,570] {scheduler_job.py:639} INFO - DAG(s) dict_keys(['example_dag_decorator']) retrieved from /home/airflow/.local/lib/python3.6/site-packages/airflow/example_dags/example_dag_decorator.py
[2022-04-18 14:41:03,584] {logging_mixin.py:104} INFO - [2022-04-18 14:41:03,584] {dag.py:1818} INFO - Sync 1 DAGs
[2022-04-18 14:41:03,595] {logging_mixin.py:104} INFO - [2022-04-18 14:41:03,595] {dag.py:2273} INFO - Setting next_dagrun for example_dag_decorator to None
[2022-04-18 14:41:03,600] {scheduler_job.py:190} INFO - Processing /home/airflow/.local/lib/python3.6/site-packages/airflow/example_dags/example_dag_decorator.py took 0.041 seconds
[2022-04-18 14:41:34,225] {scheduler_job.py:182} INFO - Started process (PID=1707) to work on /home/airflow/.local/lib/python3.6/site-packages/airflow/example_dags/example_dag_decorator.py
[2022-04-18 14:41:34,226] {scheduler_job.py:629} INFO - Processing file /home/airflow/.local/lib/python3.6/site-packages/airflow/example_dags/example_dag_decorator.py for tasks to queue
[2022-04-18 14:41:34,227] {logging_mixin.py:104} INFO - [2022-04-18 14:41:34,226] {dagbag.py:448} INFO - Filling up the DagBag from /home/airflow/.local/lib/python3.6/site-packages/airflow/example_dags/example_dag_decorator.py
[2022-04-18 14:41:34,236] {scheduler_job.py:639} INFO - DAG(s) dict_keys(['example_dag_decorator']) retrieved from /home/airflow/.local/lib/python3.6/site-packages/airflow/example_dags/example_dag_decorator.py
[2022-04-18 14:41:34,252] {logging_mixin.py:104} INFO - [2022-04-18 14:41:34,251] {dag.py:1818} INFO - Sync 1 DAGs
[2022-04-18 14:41:34,259] {logging_mixin.py:104} INFO - [2022-04-18 14:41:34,259] {dag.py:2273} INFO - Setting next_dagrun for example_dag_decorator to None
[2022-04-18 14:41:34,263] {scheduler_job.py:190} INFO - Processing /home/airflow/.local/lib/python3.6/site-packages/airflow/example_dags/example_dag_decorator.py took 0.041 seconds
[2022-04-18 14:42:04,919] {scheduler_job.py:182} INFO - Started process (PID=1842) to work on /home/airflow/.local/lib/python3.6/site-packages/airflow/example_dags/example_dag_decorator.py
[2022-04-18 14:42:04,920] {scheduler_job.py:629} INFO - Processing file /home/airflow/.local/lib/python3.6/site-packages/airflow/example_dags/example_dag_decorator.py for tasks to queue
[2022-04-18 14:42:04,920] {logging_mixin.py:104} INFO - [2022-04-18 14:42:04,920] {dagbag.py:448} INFO - Filling up the DagBag from /home/airflow/.local/lib/python3.6/site-packages/airflow/example_dags/example_dag_decorator.py
[2022-04-18 14:42:04,932] {scheduler_job.py:639} INFO - DAG(s) dict_keys(['example_dag_decorator']) retrieved from /home/airflow/.local/lib/python3.6/site-packages/airflow/example_dags/example_dag_decorator.py
[2022-04-18 14:42:04,949] {logging_mixin.py:104} INFO - [2022-04-18 14:42:04,949] {dag.py:1818} INFO - Sync 1 DAGs
[2022-04-18 14:42:04,956] {logging_mixin.py:104} INFO - [2022-04-18 14:42:04,956] {dag.py:2273} INFO - Setting next_dagrun for example_dag_decorator to None
[2022-04-18 14:42:04,961] {scheduler_job.py:190} INFO - Processing /home/airflow/.local/lib/python3.6/site-packages/airflow/example_dags/example_dag_decorator.py took 0.045 seconds
[2022-04-18 14:42:35,684] {scheduler_job.py:182} INFO - Started process (PID=1979) to work on /home/airflow/.local/lib/python3.6/site-packages/airflow/example_dags/example_dag_decorator.py
[2022-04-18 14:42:35,684] {scheduler_job.py:629} INFO - Processing file /home/airflow/.local/lib/python3.6/site-packages/airflow/example_dags/example_dag_decorator.py for tasks to queue
[2022-04-18 14:42:35,685] {logging_mixin.py:104} INFO - [2022-04-18 14:42:35,685] {dagbag.py:448} INFO - Filling up the DagBag from /home/airflow/.local/lib/python3.6/site-packages/airflow/example_dags/example_dag_decorator.py
[2022-04-18 14:42:35,696] {scheduler_job.py:639} INFO - DAG(s) dict_keys(['example_dag_decorator']) retrieved from /home/airflow/.local/lib/python3.6/site-packages/airflow/example_dags/example_dag_decorator.py
[2022-04-18 14:42:35,710] {logging_mixin.py:104} INFO - [2022-04-18 14:42:35,710] {dag.py:1818} INFO - Sync 1 DAGs
[2022-04-18 14:42:35,717] {logging_mixin.py:104} INFO - [2022-04-18 14:42:35,717] {dag.py:2273} INFO - Setting next_dagrun for example_dag_decorator to None
[2022-04-18 14:42:35,722] {scheduler_job.py:190} INFO - Processing /home/airflow/.local/lib/python3.6/site-packages/airflow/example_dags/example_dag_decorator.py took 0.041 seconds
[2022-04-18 14:43:06,438] {scheduler_job.py:182} INFO - Started process (PID=2111) to work on /home/airflow/.local/lib/python3.6/site-packages/airflow/example_dags/example_dag_decorator.py
[2022-04-18 14:43:06,439] {scheduler_job.py:629} INFO - Processing file /home/airflow/.local/lib/python3.6/site-packages/airflow/example_dags/example_dag_decorator.py for tasks to queue
[2022-04-18 14:43:06,440] {logging_mixin.py:104} INFO - [2022-04-18 14:43:06,440] {dagbag.py:448} INFO - Filling up the DagBag from /home/airflow/.local/lib/python3.6/site-packages/airflow/example_dags/example_dag_decorator.py
[2022-04-18 14:43:06,447] {scheduler_job.py:639} INFO - DAG(s) dict_keys(['example_dag_decorator']) retrieved from /home/airflow/.local/lib/python3.6/site-packages/airflow/example_dags/example_dag_decorator.py
[2022-04-18 14:43:06,458] {logging_mixin.py:104} INFO - [2022-04-18 14:43:06,458] {dag.py:1818} INFO - Sync 1 DAGs
[2022-04-18 14:43:06,465] {logging_mixin.py:104} INFO - [2022-04-18 14:43:06,465] {dag.py:2273} INFO - Setting next_dagrun for example_dag_decorator to None
[2022-04-18 14:43:06,470] {scheduler_job.py:190} INFO - Processing /home/airflow/.local/lib/python3.6/site-packages/airflow/example_dags/example_dag_decorator.py took 0.035 seconds
[2022-04-18 14:43:37,128] {scheduler_job.py:182} INFO - Started process (PID=2247) to work on /home/airflow/.local/lib/python3.6/site-packages/airflow/example_dags/example_dag_decorator.py
[2022-04-18 14:43:37,129] {scheduler_job.py:629} INFO - Processing file /home/airflow/.local/lib/python3.6/site-packages/airflow/example_dags/example_dag_decorator.py for tasks to queue
[2022-04-18 14:43:37,130] {logging_mixin.py:104} INFO - [2022-04-18 14:43:37,129] {dagbag.py:448} INFO - Filling up the DagBag from /home/airflow/.local/lib/python3.6/site-packages/airflow/example_dags/example_dag_decorator.py
[2022-04-18 14:43:37,140] {scheduler_job.py:639} INFO - DAG(s) dict_keys(['example_dag_decorator']) retrieved from /home/airflow/.local/lib/python3.6/site-packages/airflow/example_dags/example_dag_decorator.py
[2022-04-18 14:43:37,155] {logging_mixin.py:104} INFO - [2022-04-18 14:43:37,155] {dag.py:1818} INFO - Sync 1 DAGs
[2022-04-18 14:43:37,165] {logging_mixin.py:104} INFO - [2022-04-18 14:43:37,165] {dag.py:2273} INFO - Setting next_dagrun for example_dag_decorator to None
[2022-04-18 14:43:37,170] {scheduler_job.py:190} INFO - Processing /home/airflow/.local/lib/python3.6/site-packages/airflow/example_dags/example_dag_decorator.py took 0.043 seconds
[2022-04-18 14:44:07,817] {scheduler_job.py:182} INFO - Started process (PID=2382) to work on /home/airflow/.local/lib/python3.6/site-packages/airflow/example_dags/example_dag_decorator.py
[2022-04-18 14:44:07,818] {scheduler_job.py:629} INFO - Processing file /home/airflow/.local/lib/python3.6/site-packages/airflow/example_dags/example_dag_decorator.py for tasks to queue
[2022-04-18 14:44:07,818] {logging_mixin.py:104} INFO - [2022-04-18 14:44:07,818] {dagbag.py:448} INFO - Filling up the DagBag from /home/airflow/.local/lib/python3.6/site-packages/airflow/example_dags/example_dag_decorator.py
[2022-04-18 14:44:07,826] {scheduler_job.py:639} INFO - DAG(s) dict_keys(['example_dag_decorator']) retrieved from /home/airflow/.local/lib/python3.6/site-packages/airflow/example_dags/example_dag_decorator.py
[2022-04-18 14:44:07,841] {logging_mixin.py:104} INFO - [2022-04-18 14:44:07,840] {dag.py:1818} INFO - Sync 1 DAGs
[2022-04-18 14:44:07,849] {logging_mixin.py:104} INFO - [2022-04-18 14:44:07,849] {dag.py:2273} INFO - Setting next_dagrun for example_dag_decorator to None
[2022-04-18 14:44:07,854] {scheduler_job.py:190} INFO - Processing /home/airflow/.local/lib/python3.6/site-packages/airflow/example_dags/example_dag_decorator.py took 0.039 seconds
[2022-04-18 14:44:38,499] {scheduler_job.py:182} INFO - Started process (PID=2517) to work on /home/airflow/.local/lib/python3.6/site-packages/airflow/example_dags/example_dag_decorator.py
[2022-04-18 14:44:38,500] {scheduler_job.py:629} INFO - Processing file /home/airflow/.local/lib/python3.6/site-packages/airflow/example_dags/example_dag_decorator.py for tasks to queue
[2022-04-18 14:44:38,500] {logging_mixin.py:104} INFO - [2022-04-18 14:44:38,500] {dagbag.py:448} INFO - Filling up the DagBag from /home/airflow/.local/lib/python3.6/site-packages/airflow/example_dags/example_dag_decorator.py
[2022-04-18 14:44:38,510] {scheduler_job.py:639} INFO - DAG(s) dict_keys(['example_dag_decorator']) retrieved from /home/airflow/.local/lib/python3.6/site-packages/airflow/example_dags/example_dag_decorator.py
[2022-04-18 14:44:38,524] {logging_mixin.py:104} INFO - [2022-04-18 14:44:38,524] {dag.py:1818} INFO - Sync 1 DAGs
[2022-04-18 14:44:38,532] {logging_mixin.py:104} INFO - [2022-04-18 14:44:38,532] {dag.py:2273} INFO - Setting next_dagrun for example_dag_decorator to None
[2022-04-18 14:44:38,537] {scheduler_job.py:190} INFO - Processing /home/airflow/.local/lib/python3.6/site-packages/airflow/example_dags/example_dag_decorator.py took 0.039 seconds
[2022-04-18 14:45:09,171] {scheduler_job.py:182} INFO - Started process (PID=2652) to work on /home/airflow/.local/lib/python3.6/site-packages/airflow/example_dags/example_dag_decorator.py
[2022-04-18 14:45:09,172] {scheduler_job.py:629} INFO - Processing file /home/airflow/.local/lib/python3.6/site-packages/airflow/example_dags/example_dag_decorator.py for tasks to queue
[2022-04-18 14:45:09,172] {logging_mixin.py:104} INFO - [2022-04-18 14:45:09,172] {dagbag.py:448} INFO - Filling up the DagBag from /home/airflow/.local/lib/python3.6/site-packages/airflow/example_dags/example_dag_decorator.py
[2022-04-18 14:45:09,182] {scheduler_job.py:639} INFO - DAG(s) dict_keys(['example_dag_decorator']) retrieved from /home/airflow/.local/lib/python3.6/site-packages/airflow/example_dags/example_dag_decorator.py
[2022-04-18 14:45:09,196] {logging_mixin.py:104} INFO - [2022-04-18 14:45:09,196] {dag.py:1818} INFO - Sync 1 DAGs
[2022-04-18 14:45:09,205] {logging_mixin.py:104} INFO - [2022-04-18 14:45:09,205] {dag.py:2273} INFO - Setting next_dagrun for example_dag_decorator to None
[2022-04-18 14:45:09,210] {scheduler_job.py:190} INFO - Processing /home/airflow/.local/lib/python3.6/site-packages/airflow/example_dags/example_dag_decorator.py took 0.041 seconds
[2022-04-18 14:45:39,919] {scheduler_job.py:182} INFO - Started process (PID=2789) to work on /home/airflow/.local/lib/python3.6/site-packages/airflow/example_dags/example_dag_decorator.py
[2022-04-18 14:45:39,920] {scheduler_job.py:629} INFO - Processing file /home/airflow/.local/lib/python3.6/site-packages/airflow/example_dags/example_dag_decorator.py for tasks to queue
[2022-04-18 14:45:39,921] {logging_mixin.py:104} INFO - [2022-04-18 14:45:39,921] {dagbag.py:448} INFO - Filling up the DagBag from /home/airflow/.local/lib/python3.6/site-packages/airflow/example_dags/example_dag_decorator.py
[2022-04-18 14:45:39,931] {scheduler_job.py:639} INFO - DAG(s) dict_keys(['example_dag_decorator']) retrieved from /home/airflow/.local/lib/python3.6/site-packages/airflow/example_dags/example_dag_decorator.py
[2022-04-18 14:45:39,944] {logging_mixin.py:104} INFO - [2022-04-18 14:45:39,944] {dag.py:1818} INFO - Sync 1 DAGs
[2022-04-18 14:45:39,953] {logging_mixin.py:104} INFO - [2022-04-18 14:45:39,953] {dag.py:2273} INFO - Setting next_dagrun for example_dag_decorator to None
[2022-04-18 14:45:39,957] {scheduler_job.py:190} INFO - Processing /home/airflow/.local/lib/python3.6/site-packages/airflow/example_dags/example_dag_decorator.py took 0.040 seconds
[2022-04-18 14:46:10,609] {scheduler_job.py:182} INFO - Started process (PID=2922) to work on /home/airflow/.local/lib/python3.6/site-packages/airflow/example_dags/example_dag_decorator.py
[2022-04-18 14:46:10,611] {scheduler_job.py:629} INFO - Processing file /home/airflow/.local/lib/python3.6/site-packages/airflow/example_dags/example_dag_decorator.py for tasks to queue
[2022-04-18 14:46:10,611] {logging_mixin.py:104} INFO - [2022-04-18 14:46:10,611] {dagbag.py:448} INFO - Filling up the DagBag from /home/airflow/.local/lib/python3.6/site-packages/airflow/example_dags/example_dag_decorator.py
[2022-04-18 14:46:10,621] {scheduler_job.py:639} INFO - DAG(s) dict_keys(['example_dag_decorator']) retrieved from /home/airflow/.local/lib/python3.6/site-packages/airflow/example_dags/example_dag_decorator.py
[2022-04-18 14:46:10,636] {logging_mixin.py:104} INFO - [2022-04-18 14:46:10,635] {dag.py:1818} INFO - Sync 1 DAGs
[2022-04-18 14:46:10,643] {logging_mixin.py:104} INFO - [2022-04-18 14:46:10,643] {dag.py:2273} INFO - Setting next_dagrun for example_dag_decorator to None
[2022-04-18 14:46:10,647] {scheduler_job.py:190} INFO - Processing /home/airflow/.local/lib/python3.6/site-packages/airflow/example_dags/example_dag_decorator.py took 0.040 seconds
[2022-04-18 14:46:41,282] {scheduler_job.py:182} INFO - Started process (PID=3057) to work on /home/airflow/.local/lib/python3.6/site-packages/airflow/example_dags/example_dag_decorator.py
[2022-04-18 14:46:41,283] {scheduler_job.py:629} INFO - Processing file /home/airflow/.local/lib/python3.6/site-packages/airflow/example_dags/example_dag_decorator.py for tasks to queue
[2022-04-18 14:46:41,283] {logging_mixin.py:104} INFO - [2022-04-18 14:46:41,283] {dagbag.py:448} INFO - Filling up the DagBag from /home/airflow/.local/lib/python3.6/site-packages/airflow/example_dags/example_dag_decorator.py
[2022-04-18 14:46:41,293] {scheduler_job.py:639} INFO - DAG(s) dict_keys(['example_dag_decorator']) retrieved from /home/airflow/.local/lib/python3.6/site-packages/airflow/example_dags/example_dag_decorator.py
[2022-04-18 14:46:41,309] {logging_mixin.py:104} INFO - [2022-04-18 14:46:41,308] {dag.py:1818} INFO - Sync 1 DAGs
[2022-04-18 14:46:41,317] {logging_mixin.py:104} INFO - [2022-04-18 14:46:41,317] {dag.py:2273} INFO - Setting next_dagrun for example_dag_decorator to None
[2022-04-18 14:46:41,322] {scheduler_job.py:190} INFO - Processing /home/airflow/.local/lib/python3.6/site-packages/airflow/example_dags/example_dag_decorator.py took 0.042 seconds
[2022-04-18 14:47:11,998] {scheduler_job.py:182} INFO - Started process (PID=3192) to work on /home/airflow/.local/lib/python3.6/site-packages/airflow/example_dags/example_dag_decorator.py
[2022-04-18 14:47:11,999] {scheduler_job.py:629} INFO - Processing file /home/airflow/.local/lib/python3.6/site-packages/airflow/example_dags/example_dag_decorator.py for tasks to queue
[2022-04-18 14:47:11,999] {logging_mixin.py:104} INFO - [2022-04-18 14:47:11,999] {dagbag.py:448} INFO - Filling up the DagBag from /home/airflow/.local/lib/python3.6/site-packages/airflow/example_dags/example_dag_decorator.py
[2022-04-18 14:47:12,009] {scheduler_job.py:639} INFO - DAG(s) dict_keys(['example_dag_decorator']) retrieved from /home/airflow/.local/lib/python3.6/site-packages/airflow/example_dags/example_dag_decorator.py
[2022-04-18 14:47:12,021] {logging_mixin.py:104} INFO - [2022-04-18 14:47:12,021] {dag.py:1818} INFO - Sync 1 DAGs
[2022-04-18 14:47:12,029] {logging_mixin.py:104} INFO - [2022-04-18 14:47:12,029] {dag.py:2273} INFO - Setting next_dagrun for example_dag_decorator to None
[2022-04-18 14:47:12,034] {scheduler_job.py:190} INFO - Processing /home/airflow/.local/lib/python3.6/site-packages/airflow/example_dags/example_dag_decorator.py took 0.038 seconds
[2022-04-18 14:47:42,679] {scheduler_job.py:182} INFO - Started process (PID=3327) to work on /home/airflow/.local/lib/python3.6/site-packages/airflow/example_dags/example_dag_decorator.py
[2022-04-18 14:47:42,680] {scheduler_job.py:629} INFO - Processing file /home/airflow/.local/lib/python3.6/site-packages/airflow/example_dags/example_dag_decorator.py for tasks to queue
[2022-04-18 14:47:42,680] {logging_mixin.py:104} INFO - [2022-04-18 14:47:42,680] {dagbag.py:448} INFO - Filling up the DagBag from /home/airflow/.local/lib/python3.6/site-packages/airflow/example_dags/example_dag_decorator.py
[2022-04-18 14:47:42,689] {scheduler_job.py:639} INFO - DAG(s) dict_keys(['example_dag_decorator']) retrieved from /home/airflow/.local/lib/python3.6/site-packages/airflow/example_dags/example_dag_decorator.py
[2022-04-18 14:47:42,706] {logging_mixin.py:104} INFO - [2022-04-18 14:47:42,706] {dag.py:1818} INFO - Sync 1 DAGs
[2022-04-18 14:47:42,716] {logging_mixin.py:104} INFO - [2022-04-18 14:47:42,716] {dag.py:2273} INFO - Setting next_dagrun for example_dag_decorator to None
[2022-04-18 14:47:42,722] {scheduler_job.py:190} INFO - Processing /home/airflow/.local/lib/python3.6/site-packages/airflow/example_dags/example_dag_decorator.py took 0.045 seconds
[2022-04-18 14:48:13,474] {scheduler_job.py:182} INFO - Started process (PID=3461) to work on /home/airflow/.local/lib/python3.6/site-packages/airflow/example_dags/example_dag_decorator.py
[2022-04-18 14:48:13,475] {scheduler_job.py:629} INFO - Processing file /home/airflow/.local/lib/python3.6/site-packages/airflow/example_dags/example_dag_decorator.py for tasks to queue
[2022-04-18 14:48:13,476] {logging_mixin.py:104} INFO - [2022-04-18 14:48:13,476] {dagbag.py:448} INFO - Filling up the DagBag from /home/airflow/.local/lib/python3.6/site-packages/airflow/example_dags/example_dag_decorator.py
[2022-04-18 14:48:13,485] {scheduler_job.py:639} INFO - DAG(s) dict_keys(['example_dag_decorator']) retrieved from /home/airflow/.local/lib/python3.6/site-packages/airflow/example_dags/example_dag_decorator.py
[2022-04-18 14:48:13,501] {logging_mixin.py:104} INFO - [2022-04-18 14:48:13,501] {dag.py:1818} INFO - Sync 1 DAGs
[2022-04-18 14:48:13,511] {logging_mixin.py:104} INFO - [2022-04-18 14:48:13,511] {dag.py:2273} INFO - Setting next_dagrun for example_dag_decorator to None
[2022-04-18 14:48:13,517] {scheduler_job.py:190} INFO - Processing /home/airflow/.local/lib/python3.6/site-packages/airflow/example_dags/example_dag_decorator.py took 0.045 seconds
[2022-04-18 14:48:43,570] {scheduler_job.py:182} INFO - Started process (PID=3592) to work on /home/airflow/.local/lib/python3.6/site-packages/airflow/example_dags/example_dag_decorator.py
[2022-04-18 14:48:43,571] {scheduler_job.py:629} INFO - Processing file /home/airflow/.local/lib/python3.6/site-packages/airflow/example_dags/example_dag_decorator.py for tasks to queue
[2022-04-18 14:48:43,572] {logging_mixin.py:104} INFO - [2022-04-18 14:48:43,572] {dagbag.py:448} INFO - Filling up the DagBag from /home/airflow/.local/lib/python3.6/site-packages/airflow/example_dags/example_dag_decorator.py
[2022-04-18 14:48:43,579] {scheduler_job.py:639} INFO - DAG(s) dict_keys(['example_dag_decorator']) retrieved from /home/airflow/.local/lib/python3.6/site-packages/airflow/example_dags/example_dag_decorator.py
[2022-04-18 14:48:43,594] {logging_mixin.py:104} INFO - [2022-04-18 14:48:43,593] {dag.py:1818} INFO - Sync 1 DAGs
[2022-04-18 14:48:43,601] {logging_mixin.py:104} INFO - [2022-04-18 14:48:43,600] {dag.py:2273} INFO - Setting next_dagrun for example_dag_decorator to None
[2022-04-18 14:48:43,605] {scheduler_job.py:190} INFO - Processing /home/airflow/.local/lib/python3.6/site-packages/airflow/example_dags/example_dag_decorator.py took 0.038 seconds
[2022-04-18 14:49:13,662] {scheduler_job.py:182} INFO - Started process (PID=3726) to work on /home/airflow/.local/lib/python3.6/site-packages/airflow/example_dags/example_dag_decorator.py
[2022-04-18 14:49:13,663] {scheduler_job.py:629} INFO - Processing file /home/airflow/.local/lib/python3.6/site-packages/airflow/example_dags/example_dag_decorator.py for tasks to queue
[2022-04-18 14:49:13,663] {logging_mixin.py:104} INFO - [2022-04-18 14:49:13,663] {dagbag.py:448} INFO - Filling up the DagBag from /home/airflow/.local/lib/python3.6/site-packages/airflow/example_dags/example_dag_decorator.py
[2022-04-18 14:49:13,673] {scheduler_job.py:639} INFO - DAG(s) dict_keys(['example_dag_decorator']) retrieved from /home/airflow/.local/lib/python3.6/site-packages/airflow/example_dags/example_dag_decorator.py
[2022-04-18 14:49:13,685] {logging_mixin.py:104} INFO - [2022-04-18 14:49:13,685] {dag.py:1818} INFO - Sync 1 DAGs
[2022-04-18 14:49:13,694] {logging_mixin.py:104} INFO - [2022-04-18 14:49:13,694] {dag.py:2273} INFO - Setting next_dagrun for example_dag_decorator to None
[2022-04-18 14:49:13,698] {scheduler_job.py:190} INFO - Processing /home/airflow/.local/lib/python3.6/site-packages/airflow/example_dags/example_dag_decorator.py took 0.039 seconds
[2022-04-18 14:49:43,712] {scheduler_job.py:182} INFO - Started process (PID=3859) to work on /home/airflow/.local/lib/python3.6/site-packages/airflow/example_dags/example_dag_decorator.py
[2022-04-18 14:49:43,713] {scheduler_job.py:629} INFO - Processing file /home/airflow/.local/lib/python3.6/site-packages/airflow/example_dags/example_dag_decorator.py for tasks to queue
[2022-04-18 14:49:43,713] {logging_mixin.py:104} INFO - [2022-04-18 14:49:43,713] {dagbag.py:448} INFO - Filling up the DagBag from /home/airflow/.local/lib/python3.6/site-packages/airflow/example_dags/example_dag_decorator.py
[2022-04-18 14:49:43,724] {scheduler_job.py:639} INFO - DAG(s) dict_keys(['example_dag_decorator']) retrieved from /home/airflow/.local/lib/python3.6/site-packages/airflow/example_dags/example_dag_decorator.py
[2022-04-18 14:49:43,739] {logging_mixin.py:104} INFO - [2022-04-18 14:49:43,739] {dag.py:1818} INFO - Sync 1 DAGs
[2022-04-18 14:49:43,746] {logging_mixin.py:104} INFO - [2022-04-18 14:49:43,746] {dag.py:2273} INFO - Setting next_dagrun for example_dag_decorator to None
[2022-04-18 14:49:43,750] {scheduler_job.py:190} INFO - Processing /home/airflow/.local/lib/python3.6/site-packages/airflow/example_dags/example_dag_decorator.py took 0.040 seconds
[2022-04-18 14:50:13,768] {scheduler_job.py:182} INFO - Started process (PID=3992) to work on /home/airflow/.local/lib/python3.6/site-packages/airflow/example_dags/example_dag_decorator.py
[2022-04-18 14:50:13,769] {scheduler_job.py:629} INFO - Processing file /home/airflow/.local/lib/python3.6/site-packages/airflow/example_dags/example_dag_decorator.py for tasks to queue
[2022-04-18 14:50:13,769] {logging_mixin.py:104} INFO - [2022-04-18 14:50:13,769] {dagbag.py:448} INFO - Filling up the DagBag from /home/airflow/.local/lib/python3.6/site-packages/airflow/example_dags/example_dag_decorator.py
[2022-04-18 14:50:13,780] {scheduler_job.py:639} INFO - DAG(s) dict_keys(['example_dag_decorator']) retrieved from /home/airflow/.local/lib/python3.6/site-packages/airflow/example_dags/example_dag_decorator.py
[2022-04-18 14:50:13,797] {logging_mixin.py:104} INFO - [2022-04-18 14:50:13,797] {dag.py:1818} INFO - Sync 1 DAGs
[2022-04-18 14:50:13,804] {logging_mixin.py:104} INFO - [2022-04-18 14:50:13,804] {dag.py:2273} INFO - Setting next_dagrun for example_dag_decorator to None
[2022-04-18 14:50:13,809] {scheduler_job.py:190} INFO - Processing /home/airflow/.local/lib/python3.6/site-packages/airflow/example_dags/example_dag_decorator.py took 0.043 seconds
[2022-04-18 14:50:43,830] {scheduler_job.py:182} INFO - Started process (PID=4127) to work on /home/airflow/.local/lib/python3.6/site-packages/airflow/example_dags/example_dag_decorator.py
[2022-04-18 14:50:43,831] {scheduler_job.py:629} INFO - Processing file /home/airflow/.local/lib/python3.6/site-packages/airflow/example_dags/example_dag_decorator.py for tasks to queue
[2022-04-18 14:50:43,831] {logging_mixin.py:104} INFO - [2022-04-18 14:50:43,831] {dagbag.py:448} INFO - Filling up the DagBag from /home/airflow/.local/lib/python3.6/site-packages/airflow/example_dags/example_dag_decorator.py
[2022-04-18 14:50:43,840] {scheduler_job.py:639} INFO - DAG(s) dict_keys(['example_dag_decorator']) retrieved from /home/airflow/.local/lib/python3.6/site-packages/airflow/example_dags/example_dag_decorator.py
[2022-04-18 14:50:43,856] {logging_mixin.py:104} INFO - [2022-04-18 14:50:43,856] {dag.py:1818} INFO - Sync 1 DAGs
[2022-04-18 14:50:43,865] {logging_mixin.py:104} INFO - [2022-04-18 14:50:43,865] {dag.py:2273} INFO - Setting next_dagrun for example_dag_decorator to None
[2022-04-18 14:50:43,870] {scheduler_job.py:190} INFO - Processing /home/airflow/.local/lib/python3.6/site-packages/airflow/example_dags/example_dag_decorator.py took 0.041 seconds
[2022-04-18 14:51:14,677] {scheduler_job.py:182} INFO - Started process (PID=4272) to work on /home/airflow/.local/lib/python3.6/site-packages/airflow/example_dags/example_dag_decorator.py
[2022-04-18 14:51:14,678] {scheduler_job.py:629} INFO - Processing file /home/airflow/.local/lib/python3.6/site-packages/airflow/example_dags/example_dag_decorator.py for tasks to queue
[2022-04-18 14:51:14,678] {logging_mixin.py:104} INFO - [2022-04-18 14:51:14,678] {dagbag.py:448} INFO - Filling up the DagBag from /home/airflow/.local/lib/python3.6/site-packages/airflow/example_dags/example_dag_decorator.py
[2022-04-18 14:51:14,690] {scheduler_job.py:639} INFO - DAG(s) dict_keys(['example_dag_decorator']) retrieved from /home/airflow/.local/lib/python3.6/site-packages/airflow/example_dags/example_dag_decorator.py
[2022-04-18 14:51:14,703] {logging_mixin.py:104} INFO - [2022-04-18 14:51:14,702] {dag.py:1818} INFO - Sync 1 DAGs
[2022-04-18 14:51:14,714] {logging_mixin.py:104} INFO - [2022-04-18 14:51:14,714] {dag.py:2273} INFO - Setting next_dagrun for example_dag_decorator to None
[2022-04-18 14:51:14,720] {scheduler_job.py:190} INFO - Processing /home/airflow/.local/lib/python3.6/site-packages/airflow/example_dags/example_dag_decorator.py took 0.045 seconds
[2022-04-18 14:51:45,373] {scheduler_job.py:182} INFO - Started process (PID=4407) to work on /home/airflow/.local/lib/python3.6/site-packages/airflow/example_dags/example_dag_decorator.py
[2022-04-18 14:51:45,374] {scheduler_job.py:629} INFO - Processing file /home/airflow/.local/lib/python3.6/site-packages/airflow/example_dags/example_dag_decorator.py for tasks to queue
[2022-04-18 14:51:45,374] {logging_mixin.py:104} INFO - [2022-04-18 14:51:45,374] {dagbag.py:448} INFO - Filling up the DagBag from /home/airflow/.local/lib/python3.6/site-packages/airflow/example_dags/example_dag_decorator.py
[2022-04-18 14:51:45,383] {scheduler_job.py:639} INFO - DAG(s) dict_keys(['example_dag_decorator']) retrieved from /home/airflow/.local/lib/python3.6/site-packages/airflow/example_dags/example_dag_decorator.py
[2022-04-18 14:51:45,397] {logging_mixin.py:104} INFO - [2022-04-18 14:51:45,397] {dag.py:1818} INFO - Sync 1 DAGs
[2022-04-18 14:51:45,404] {logging_mixin.py:104} INFO - [2022-04-18 14:51:45,404] {dag.py:2273} INFO - Setting next_dagrun for example_dag_decorator to None
[2022-04-18 14:51:45,409] {scheduler_job.py:190} INFO - Processing /home/airflow/.local/lib/python3.6/site-packages/airflow/example_dags/example_dag_decorator.py took 0.038 seconds
[2022-04-18 14:52:16,100] {scheduler_job.py:182} INFO - Started process (PID=4542) to work on /home/airflow/.local/lib/python3.6/site-packages/airflow/example_dags/example_dag_decorator.py
[2022-04-18 14:52:16,100] {scheduler_job.py:629} INFO - Processing file /home/airflow/.local/lib/python3.6/site-packages/airflow/example_dags/example_dag_decorator.py for tasks to queue
[2022-04-18 14:52:16,101] {logging_mixin.py:104} INFO - [2022-04-18 14:52:16,101] {dagbag.py:448} INFO - Filling up the DagBag from /home/airflow/.local/lib/python3.6/site-packages/airflow/example_dags/example_dag_decorator.py
[2022-04-18 14:52:16,108] {scheduler_job.py:639} INFO - DAG(s) dict_keys(['example_dag_decorator']) retrieved from /home/airflow/.local/lib/python3.6/site-packages/airflow/example_dags/example_dag_decorator.py
[2022-04-18 14:52:16,120] {logging_mixin.py:104} INFO - [2022-04-18 14:52:16,120] {dag.py:1818} INFO - Sync 1 DAGs
[2022-04-18 14:52:16,128] {logging_mixin.py:104} INFO - [2022-04-18 14:52:16,128] {dag.py:2273} INFO - Setting next_dagrun for example_dag_decorator to None
[2022-04-18 14:52:16,133] {scheduler_job.py:190} INFO - Processing /home/airflow/.local/lib/python3.6/site-packages/airflow/example_dags/example_dag_decorator.py took 0.035 seconds
[2022-04-18 14:52:46,775] {scheduler_job.py:182} INFO - Started process (PID=4677) to work on /home/airflow/.local/lib/python3.6/site-packages/airflow/example_dags/example_dag_decorator.py
[2022-04-18 14:52:46,776] {scheduler_job.py:629} INFO - Processing file /home/airflow/.local/lib/python3.6/site-packages/airflow/example_dags/example_dag_decorator.py for tasks to queue
[2022-04-18 14:52:46,777] {logging_mixin.py:104} INFO - [2022-04-18 14:52:46,777] {dagbag.py:448} INFO - Filling up the DagBag from /home/airflow/.local/lib/python3.6/site-packages/airflow/example_dags/example_dag_decorator.py
[2022-04-18 14:52:46,784] {scheduler_job.py:639} INFO - DAG(s) dict_keys(['example_dag_decorator']) retrieved from /home/airflow/.local/lib/python3.6/site-packages/airflow/example_dags/example_dag_decorator.py
[2022-04-18 14:52:46,798] {logging_mixin.py:104} INFO - [2022-04-18 14:52:46,798] {dag.py:1818} INFO - Sync 1 DAGs
[2022-04-18 14:52:46,806] {logging_mixin.py:104} INFO - [2022-04-18 14:52:46,806] {dag.py:2273} INFO - Setting next_dagrun for example_dag_decorator to None
[2022-04-18 14:52:46,811] {scheduler_job.py:190} INFO - Processing /home/airflow/.local/lib/python3.6/site-packages/airflow/example_dags/example_dag_decorator.py took 0.039 seconds
[2022-04-18 14:53:17,459] {scheduler_job.py:182} INFO - Started process (PID=4812) to work on /home/airflow/.local/lib/python3.6/site-packages/airflow/example_dags/example_dag_decorator.py
[2022-04-18 14:53:17,460] {scheduler_job.py:629} INFO - Processing file /home/airflow/.local/lib/python3.6/site-packages/airflow/example_dags/example_dag_decorator.py for tasks to queue
[2022-04-18 14:53:17,461] {logging_mixin.py:104} INFO - [2022-04-18 14:53:17,461] {dagbag.py:448} INFO - Filling up the DagBag from /home/airflow/.local/lib/python3.6/site-packages/airflow/example_dags/example_dag_decorator.py
[2022-04-18 14:53:17,470] {scheduler_job.py:639} INFO - DAG(s) dict_keys(['example_dag_decorator']) retrieved from /home/airflow/.local/lib/python3.6/site-packages/airflow/example_dags/example_dag_decorator.py
[2022-04-18 14:53:17,485] {logging_mixin.py:104} INFO - [2022-04-18 14:53:17,485] {dag.py:1818} INFO - Sync 1 DAGs
[2022-04-18 14:53:17,494] {logging_mixin.py:104} INFO - [2022-04-18 14:53:17,494] {dag.py:2273} INFO - Setting next_dagrun for example_dag_decorator to None
[2022-04-18 14:53:17,498] {scheduler_job.py:190} INFO - Processing /home/airflow/.local/lib/python3.6/site-packages/airflow/example_dags/example_dag_decorator.py took 0.041 seconds
[2022-04-18 14:53:48,142] {scheduler_job.py:182} INFO - Started process (PID=4947) to work on /home/airflow/.local/lib/python3.6/site-packages/airflow/example_dags/example_dag_decorator.py
[2022-04-18 14:53:48,142] {scheduler_job.py:629} INFO - Processing file /home/airflow/.local/lib/python3.6/site-packages/airflow/example_dags/example_dag_decorator.py for tasks to queue
[2022-04-18 14:53:48,143] {logging_mixin.py:104} INFO - [2022-04-18 14:53:48,143] {dagbag.py:448} INFO - Filling up the DagBag from /home/airflow/.local/lib/python3.6/site-packages/airflow/example_dags/example_dag_decorator.py
[2022-04-18 14:53:48,153] {scheduler_job.py:639} INFO - DAG(s) dict_keys(['example_dag_decorator']) retrieved from /home/airflow/.local/lib/python3.6/site-packages/airflow/example_dags/example_dag_decorator.py
[2022-04-18 14:53:48,169] {logging_mixin.py:104} INFO - [2022-04-18 14:53:48,168] {dag.py:1818} INFO - Sync 1 DAGs
[2022-04-18 14:53:48,176] {logging_mixin.py:104} INFO - [2022-04-18 14:53:48,175] {dag.py:2273} INFO - Setting next_dagrun for example_dag_decorator to None
[2022-04-18 14:53:48,180] {scheduler_job.py:190} INFO - Processing /home/airflow/.local/lib/python3.6/site-packages/airflow/example_dags/example_dag_decorator.py took 0.041 seconds
[2022-04-18 14:54:18,889] {scheduler_job.py:182} INFO - Started process (PID=5082) to work on /home/airflow/.local/lib/python3.6/site-packages/airflow/example_dags/example_dag_decorator.py
[2022-04-18 14:54:18,890] {scheduler_job.py:629} INFO - Processing file /home/airflow/.local/lib/python3.6/site-packages/airflow/example_dags/example_dag_decorator.py for tasks to queue
[2022-04-18 14:54:18,891] {logging_mixin.py:104} INFO - [2022-04-18 14:54:18,890] {dagbag.py:448} INFO - Filling up the DagBag from /home/airflow/.local/lib/python3.6/site-packages/airflow/example_dags/example_dag_decorator.py
[2022-04-18 14:54:18,899] {scheduler_job.py:639} INFO - DAG(s) dict_keys(['example_dag_decorator']) retrieved from /home/airflow/.local/lib/python3.6/site-packages/airflow/example_dags/example_dag_decorator.py
[2022-04-18 14:54:18,910] {logging_mixin.py:104} INFO - [2022-04-18 14:54:18,910] {dag.py:1818} INFO - Sync 1 DAGs
[2022-04-18 14:54:18,917] {logging_mixin.py:104} INFO - [2022-04-18 14:54:18,917] {dag.py:2273} INFO - Setting next_dagrun for example_dag_decorator to None
[2022-04-18 14:54:18,922] {scheduler_job.py:190} INFO - Processing /home/airflow/.local/lib/python3.6/site-packages/airflow/example_dags/example_dag_decorator.py took 0.036 seconds
[2022-04-18 14:54:49,558] {scheduler_job.py:182} INFO - Started process (PID=5217) to work on /home/airflow/.local/lib/python3.6/site-packages/airflow/example_dags/example_dag_decorator.py
[2022-04-18 14:54:49,559] {scheduler_job.py:629} INFO - Processing file /home/airflow/.local/lib/python3.6/site-packages/airflow/example_dags/example_dag_decorator.py for tasks to queue
[2022-04-18 14:54:49,560] {logging_mixin.py:104} INFO - [2022-04-18 14:54:49,559] {dagbag.py:448} INFO - Filling up the DagBag from /home/airflow/.local/lib/python3.6/site-packages/airflow/example_dags/example_dag_decorator.py
[2022-04-18 14:54:49,570] {scheduler_job.py:639} INFO - DAG(s) dict_keys(['example_dag_decorator']) retrieved from /home/airflow/.local/lib/python3.6/site-packages/airflow/example_dags/example_dag_decorator.py
[2022-04-18 14:54:49,581] {logging_mixin.py:104} INFO - [2022-04-18 14:54:49,580] {dag.py:1818} INFO - Sync 1 DAGs
[2022-04-18 14:54:49,587] {logging_mixin.py:104} INFO - [2022-04-18 14:54:49,587] {dag.py:2273} INFO - Setting next_dagrun for example_dag_decorator to None
[2022-04-18 14:54:49,592] {scheduler_job.py:190} INFO - Processing /home/airflow/.local/lib/python3.6/site-packages/airflow/example_dags/example_dag_decorator.py took 0.036 seconds
[2022-04-18 14:55:20,292] {scheduler_job.py:182} INFO - Started process (PID=5352) to work on /home/airflow/.local/lib/python3.6/site-packages/airflow/example_dags/example_dag_decorator.py
[2022-04-18 14:55:20,292] {scheduler_job.py:629} INFO - Processing file /home/airflow/.local/lib/python3.6/site-packages/airflow/example_dags/example_dag_decorator.py for tasks to queue
[2022-04-18 14:55:20,293] {logging_mixin.py:104} INFO - [2022-04-18 14:55:20,293] {dagbag.py:448} INFO - Filling up the DagBag from /home/airflow/.local/lib/python3.6/site-packages/airflow/example_dags/example_dag_decorator.py
[2022-04-18 14:55:20,305] {scheduler_job.py:639} INFO - DAG(s) dict_keys(['example_dag_decorator']) retrieved from /home/airflow/.local/lib/python3.6/site-packages/airflow/example_dags/example_dag_decorator.py
[2022-04-18 14:55:20,316] {logging_mixin.py:104} INFO - [2022-04-18 14:55:20,316] {dag.py:1818} INFO - Sync 1 DAGs
[2022-04-18 14:55:20,326] {logging_mixin.py:104} INFO - [2022-04-18 14:55:20,325] {dag.py:2273} INFO - Setting next_dagrun for example_dag_decorator to None
[2022-04-18 14:55:20,330] {scheduler_job.py:190} INFO - Processing /home/airflow/.local/lib/python3.6/site-packages/airflow/example_dags/example_dag_decorator.py took 0.041 seconds
[2022-04-18 14:55:50,975] {scheduler_job.py:182} INFO - Started process (PID=5487) to work on /home/airflow/.local/lib/python3.6/site-packages/airflow/example_dags/example_dag_decorator.py
[2022-04-18 14:55:50,976] {scheduler_job.py:629} INFO - Processing file /home/airflow/.local/lib/python3.6/site-packages/airflow/example_dags/example_dag_decorator.py for tasks to queue
[2022-04-18 14:55:50,977] {logging_mixin.py:104} INFO - [2022-04-18 14:55:50,976] {dagbag.py:448} INFO - Filling up the DagBag from /home/airflow/.local/lib/python3.6/site-packages/airflow/example_dags/example_dag_decorator.py
[2022-04-18 14:55:50,986] {scheduler_job.py:639} INFO - DAG(s) dict_keys(['example_dag_decorator']) retrieved from /home/airflow/.local/lib/python3.6/site-packages/airflow/example_dags/example_dag_decorator.py
[2022-04-18 14:55:51,004] {logging_mixin.py:104} INFO - [2022-04-18 14:55:51,004] {dag.py:1818} INFO - Sync 1 DAGs
[2022-04-18 14:55:51,011] {logging_mixin.py:104} INFO - [2022-04-18 14:55:51,011] {dag.py:2273} INFO - Setting next_dagrun for example_dag_decorator to None
[2022-04-18 14:55:51,016] {scheduler_job.py:190} INFO - Processing /home/airflow/.local/lib/python3.6/site-packages/airflow/example_dags/example_dag_decorator.py took 0.042 seconds
[2022-04-18 14:56:21,670] {scheduler_job.py:182} INFO - Started process (PID=5622) to work on /home/airflow/.local/lib/python3.6/site-packages/airflow/example_dags/example_dag_decorator.py
[2022-04-18 14:56:21,671] {scheduler_job.py:629} INFO - Processing file /home/airflow/.local/lib/python3.6/site-packages/airflow/example_dags/example_dag_decorator.py for tasks to queue
[2022-04-18 14:56:21,671] {logging_mixin.py:104} INFO - [2022-04-18 14:56:21,671] {dagbag.py:448} INFO - Filling up the DagBag from /home/airflow/.local/lib/python3.6/site-packages/airflow/example_dags/example_dag_decorator.py
[2022-04-18 14:56:21,681] {scheduler_job.py:639} INFO - DAG(s) dict_keys(['example_dag_decorator']) retrieved from /home/airflow/.local/lib/python3.6/site-packages/airflow/example_dags/example_dag_decorator.py
[2022-04-18 14:56:21,699] {logging_mixin.py:104} INFO - [2022-04-18 14:56:21,699] {dag.py:1818} INFO - Sync 1 DAGs
[2022-04-18 14:56:21,706] {logging_mixin.py:104} INFO - [2022-04-18 14:56:21,706] {dag.py:2273} INFO - Setting next_dagrun for example_dag_decorator to None
[2022-04-18 14:56:21,711] {scheduler_job.py:190} INFO - Processing /home/airflow/.local/lib/python3.6/site-packages/airflow/example_dags/example_dag_decorator.py took 0.043 seconds
[2022-04-18 14:56:52,343] {scheduler_job.py:182} INFO - Started process (PID=5757) to work on /home/airflow/.local/lib/python3.6/site-packages/airflow/example_dags/example_dag_decorator.py
[2022-04-18 14:56:52,344] {scheduler_job.py:629} INFO - Processing file /home/airflow/.local/lib/python3.6/site-packages/airflow/example_dags/example_dag_decorator.py for tasks to queue
[2022-04-18 14:56:52,344] {logging_mixin.py:104} INFO - [2022-04-18 14:56:52,344] {dagbag.py:448} INFO - Filling up the DagBag from /home/airflow/.local/lib/python3.6/site-packages/airflow/example_dags/example_dag_decorator.py
[2022-04-18 14:56:52,354] {scheduler_job.py:639} INFO - DAG(s) dict_keys(['example_dag_decorator']) retrieved from /home/airflow/.local/lib/python3.6/site-packages/airflow/example_dags/example_dag_decorator.py
[2022-04-18 14:56:52,369] {logging_mixin.py:104} INFO - [2022-04-18 14:56:52,369] {dag.py:1818} INFO - Sync 1 DAGs
[2022-04-18 14:56:52,377] {logging_mixin.py:104} INFO - [2022-04-18 14:56:52,377] {dag.py:2273} INFO - Setting next_dagrun for example_dag_decorator to None
[2022-04-18 14:56:52,381] {scheduler_job.py:190} INFO - Processing /home/airflow/.local/lib/python3.6/site-packages/airflow/example_dags/example_dag_decorator.py took 0.040 seconds
[2022-04-18 14:57:23,105] {scheduler_job.py:182} INFO - Started process (PID=5892) to work on /home/airflow/.local/lib/python3.6/site-packages/airflow/example_dags/example_dag_decorator.py
[2022-04-18 14:57:23,105] {scheduler_job.py:629} INFO - Processing file /home/airflow/.local/lib/python3.6/site-packages/airflow/example_dags/example_dag_decorator.py for tasks to queue
[2022-04-18 14:57:23,106] {logging_mixin.py:104} INFO - [2022-04-18 14:57:23,106] {dagbag.py:448} INFO - Filling up the DagBag from /home/airflow/.local/lib/python3.6/site-packages/airflow/example_dags/example_dag_decorator.py
[2022-04-18 14:57:23,118] {scheduler_job.py:639} INFO - DAG(s) dict_keys(['example_dag_decorator']) retrieved from /home/airflow/.local/lib/python3.6/site-packages/airflow/example_dags/example_dag_decorator.py
[2022-04-18 14:57:23,133] {logging_mixin.py:104} INFO - [2022-04-18 14:57:23,133] {dag.py:1818} INFO - Sync 1 DAGs
[2022-04-18 14:57:23,141] {logging_mixin.py:104} INFO - [2022-04-18 14:57:23,141] {dag.py:2273} INFO - Setting next_dagrun for example_dag_decorator to None
[2022-04-18 14:57:23,146] {scheduler_job.py:190} INFO - Processing /home/airflow/.local/lib/python3.6/site-packages/airflow/example_dags/example_dag_decorator.py took 0.043 seconds
[2022-04-18 14:57:53,773] {scheduler_job.py:182} INFO - Started process (PID=6027) to work on /home/airflow/.local/lib/python3.6/site-packages/airflow/example_dags/example_dag_decorator.py
[2022-04-18 14:57:53,774] {scheduler_job.py:629} INFO - Processing file /home/airflow/.local/lib/python3.6/site-packages/airflow/example_dags/example_dag_decorator.py for tasks to queue
[2022-04-18 14:57:53,774] {logging_mixin.py:104} INFO - [2022-04-18 14:57:53,774] {dagbag.py:448} INFO - Filling up the DagBag from /home/airflow/.local/lib/python3.6/site-packages/airflow/example_dags/example_dag_decorator.py
[2022-04-18 14:57:53,784] {scheduler_job.py:639} INFO - DAG(s) dict_keys(['example_dag_decorator']) retrieved from /home/airflow/.local/lib/python3.6/site-packages/airflow/example_dags/example_dag_decorator.py
[2022-04-18 14:57:53,800] {logging_mixin.py:104} INFO - [2022-04-18 14:57:53,800] {dag.py:1818} INFO - Sync 1 DAGs
[2022-04-18 14:57:53,807] {logging_mixin.py:104} INFO - [2022-04-18 14:57:53,807] {dag.py:2273} INFO - Setting next_dagrun for example_dag_decorator to None
[2022-04-18 14:57:53,812] {scheduler_job.py:190} INFO - Processing /home/airflow/.local/lib/python3.6/site-packages/airflow/example_dags/example_dag_decorator.py took 0.041 seconds
[2022-04-18 14:58:24,516] {scheduler_job.py:182} INFO - Started process (PID=6162) to work on /home/airflow/.local/lib/python3.6/site-packages/airflow/example_dags/example_dag_decorator.py
[2022-04-18 14:58:24,517] {scheduler_job.py:629} INFO - Processing file /home/airflow/.local/lib/python3.6/site-packages/airflow/example_dags/example_dag_decorator.py for tasks to queue
[2022-04-18 14:58:24,518] {logging_mixin.py:104} INFO - [2022-04-18 14:58:24,518] {dagbag.py:448} INFO - Filling up the DagBag from /home/airflow/.local/lib/python3.6/site-packages/airflow/example_dags/example_dag_decorator.py
[2022-04-18 14:58:24,526] {scheduler_job.py:639} INFO - DAG(s) dict_keys(['example_dag_decorator']) retrieved from /home/airflow/.local/lib/python3.6/site-packages/airflow/example_dags/example_dag_decorator.py
[2022-04-18 14:58:24,537] {logging_mixin.py:104} INFO - [2022-04-18 14:58:24,537] {dag.py:1818} INFO - Sync 1 DAGs
[2022-04-18 14:58:24,544] {logging_mixin.py:104} INFO - [2022-04-18 14:58:24,544] {dag.py:2273} INFO - Setting next_dagrun for example_dag_decorator to None
[2022-04-18 14:58:24,549] {scheduler_job.py:190} INFO - Processing /home/airflow/.local/lib/python3.6/site-packages/airflow/example_dags/example_dag_decorator.py took 0.036 seconds
[2022-04-18 14:58:55,195] {scheduler_job.py:182} INFO - Started process (PID=6297) to work on /home/airflow/.local/lib/python3.6/site-packages/airflow/example_dags/example_dag_decorator.py
[2022-04-18 14:58:55,196] {scheduler_job.py:629} INFO - Processing file /home/airflow/.local/lib/python3.6/site-packages/airflow/example_dags/example_dag_decorator.py for tasks to queue
[2022-04-18 14:58:55,197] {logging_mixin.py:104} INFO - [2022-04-18 14:58:55,197] {dagbag.py:448} INFO - Filling up the DagBag from /home/airflow/.local/lib/python3.6/site-packages/airflow/example_dags/example_dag_decorator.py
[2022-04-18 14:58:55,206] {scheduler_job.py:639} INFO - DAG(s) dict_keys(['example_dag_decorator']) retrieved from /home/airflow/.local/lib/python3.6/site-packages/airflow/example_dags/example_dag_decorator.py
[2022-04-18 14:58:55,220] {logging_mixin.py:104} INFO - [2022-04-18 14:58:55,220] {dag.py:1818} INFO - Sync 1 DAGs
[2022-04-18 14:58:55,228] {logging_mixin.py:104} INFO - [2022-04-18 14:58:55,228] {dag.py:2273} INFO - Setting next_dagrun for example_dag_decorator to None
[2022-04-18 14:58:55,233] {scheduler_job.py:190} INFO - Processing /home/airflow/.local/lib/python3.6/site-packages/airflow/example_dags/example_dag_decorator.py took 0.041 seconds
[2022-04-18 14:59:25,861] {scheduler_job.py:182} INFO - Started process (PID=6432) to work on /home/airflow/.local/lib/python3.6/site-packages/airflow/example_dags/example_dag_decorator.py
[2022-04-18 14:59:25,862] {scheduler_job.py:629} INFO - Processing file /home/airflow/.local/lib/python3.6/site-packages/airflow/example_dags/example_dag_decorator.py for tasks to queue
[2022-04-18 14:59:25,863] {logging_mixin.py:104} INFO - [2022-04-18 14:59:25,863] {dagbag.py:448} INFO - Filling up the DagBag from /home/airflow/.local/lib/python3.6/site-packages/airflow/example_dags/example_dag_decorator.py
[2022-04-18 14:59:25,871] {scheduler_job.py:639} INFO - DAG(s) dict_keys(['example_dag_decorator']) retrieved from /home/airflow/.local/lib/python3.6/site-packages/airflow/example_dags/example_dag_decorator.py
[2022-04-18 14:59:25,887] {logging_mixin.py:104} INFO - [2022-04-18 14:59:25,887] {dag.py:1818} INFO - Sync 1 DAGs
[2022-04-18 14:59:25,896] {logging_mixin.py:104} INFO - [2022-04-18 14:59:25,896] {dag.py:2273} INFO - Setting next_dagrun for example_dag_decorator to None
[2022-04-18 14:59:25,901] {scheduler_job.py:190} INFO - Processing /home/airflow/.local/lib/python3.6/site-packages/airflow/example_dags/example_dag_decorator.py took 0.042 seconds
[2022-04-18 14:59:56,545] {scheduler_job.py:182} INFO - Started process (PID=6567) to work on /home/airflow/.local/lib/python3.6/site-packages/airflow/example_dags/example_dag_decorator.py
[2022-04-18 14:59:56,546] {scheduler_job.py:629} INFO - Processing file /home/airflow/.local/lib/python3.6/site-packages/airflow/example_dags/example_dag_decorator.py for tasks to queue
[2022-04-18 14:59:56,547] {logging_mixin.py:104} INFO - [2022-04-18 14:59:56,547] {dagbag.py:448} INFO - Filling up the DagBag from /home/airflow/.local/lib/python3.6/site-packages/airflow/example_dags/example_dag_decorator.py
[2022-04-18 14:59:56,557] {scheduler_job.py:639} INFO - DAG(s) dict_keys(['example_dag_decorator']) retrieved from /home/airflow/.local/lib/python3.6/site-packages/airflow/example_dags/example_dag_decorator.py
[2022-04-18 14:59:56,571] {logging_mixin.py:104} INFO - [2022-04-18 14:59:56,571] {dag.py:1818} INFO - Sync 1 DAGs
[2022-04-18 14:59:56,578] {logging_mixin.py:104} INFO - [2022-04-18 14:59:56,578] {dag.py:2273} INFO - Setting next_dagrun for example_dag_decorator to None
[2022-04-18 14:59:56,583] {scheduler_job.py:190} INFO - Processing /home/airflow/.local/lib/python3.6/site-packages/airflow/example_dags/example_dag_decorator.py took 0.040 seconds
[2022-04-18 15:00:27,232] {scheduler_job.py:182} INFO - Started process (PID=6702) to work on /home/airflow/.local/lib/python3.6/site-packages/airflow/example_dags/example_dag_decorator.py
[2022-04-18 15:00:27,233] {scheduler_job.py:629} INFO - Processing file /home/airflow/.local/lib/python3.6/site-packages/airflow/example_dags/example_dag_decorator.py for tasks to queue
[2022-04-18 15:00:27,233] {logging_mixin.py:104} INFO - [2022-04-18 15:00:27,233] {dagbag.py:448} INFO - Filling up the DagBag from /home/airflow/.local/lib/python3.6/site-packages/airflow/example_dags/example_dag_decorator.py
[2022-04-18 15:00:27,246] {scheduler_job.py:639} INFO - DAG(s) dict_keys(['example_dag_decorator']) retrieved from /home/airflow/.local/lib/python3.6/site-packages/airflow/example_dags/example_dag_decorator.py
[2022-04-18 15:00:27,258] {logging_mixin.py:104} INFO - [2022-04-18 15:00:27,258] {dag.py:1818} INFO - Sync 1 DAGs
[2022-04-18 15:00:27,267] {logging_mixin.py:104} INFO - [2022-04-18 15:00:27,267] {dag.py:2273} INFO - Setting next_dagrun for example_dag_decorator to None
[2022-04-18 15:00:27,272] {scheduler_job.py:190} INFO - Processing /home/airflow/.local/lib/python3.6/site-packages/airflow/example_dags/example_dag_decorator.py took 0.041 seconds
[2022-04-18 15:00:57,903] {scheduler_job.py:182} INFO - Started process (PID=6837) to work on /home/airflow/.local/lib/python3.6/site-packages/airflow/example_dags/example_dag_decorator.py
[2022-04-18 15:00:57,904] {scheduler_job.py:629} INFO - Processing file /home/airflow/.local/lib/python3.6/site-packages/airflow/example_dags/example_dag_decorator.py for tasks to queue
[2022-04-18 15:00:57,904] {logging_mixin.py:104} INFO - [2022-04-18 15:00:57,904] {dagbag.py:448} INFO - Filling up the DagBag from /home/airflow/.local/lib/python3.6/site-packages/airflow/example_dags/example_dag_decorator.py
[2022-04-18 15:00:57,913] {scheduler_job.py:639} INFO - DAG(s) dict_keys(['example_dag_decorator']) retrieved from /home/airflow/.local/lib/python3.6/site-packages/airflow/example_dags/example_dag_decorator.py
[2022-04-18 15:00:57,925] {logging_mixin.py:104} INFO - [2022-04-18 15:00:57,925] {dag.py:1818} INFO - Sync 1 DAGs
[2022-04-18 15:00:57,935] {logging_mixin.py:104} INFO - [2022-04-18 15:00:57,935] {dag.py:2273} INFO - Setting next_dagrun for example_dag_decorator to None
[2022-04-18 15:00:57,940] {scheduler_job.py:190} INFO - Processing /home/airflow/.local/lib/python3.6/site-packages/airflow/example_dags/example_dag_decorator.py took 0.040 seconds
[2022-04-18 15:01:28,587] {scheduler_job.py:182} INFO - Started process (PID=6972) to work on /home/airflow/.local/lib/python3.6/site-packages/airflow/example_dags/example_dag_decorator.py
[2022-04-18 15:01:28,588] {scheduler_job.py:629} INFO - Processing file /home/airflow/.local/lib/python3.6/site-packages/airflow/example_dags/example_dag_decorator.py for tasks to queue
[2022-04-18 15:01:28,589] {logging_mixin.py:104} INFO - [2022-04-18 15:01:28,588] {dagbag.py:448} INFO - Filling up the DagBag from /home/airflow/.local/lib/python3.6/site-packages/airflow/example_dags/example_dag_decorator.py
[2022-04-18 15:01:28,600] {scheduler_job.py:639} INFO - DAG(s) dict_keys(['example_dag_decorator']) retrieved from /home/airflow/.local/lib/python3.6/site-packages/airflow/example_dags/example_dag_decorator.py
[2022-04-18 15:01:28,613] {logging_mixin.py:104} INFO - [2022-04-18 15:01:28,613] {dag.py:1818} INFO - Sync 1 DAGs
[2022-04-18 15:01:28,624] {logging_mixin.py:104} INFO - [2022-04-18 15:01:28,624] {dag.py:2273} INFO - Setting next_dagrun for example_dag_decorator to None
[2022-04-18 15:01:28,629] {scheduler_job.py:190} INFO - Processing /home/airflow/.local/lib/python3.6/site-packages/airflow/example_dags/example_dag_decorator.py took 0.045 seconds
[2022-04-18 15:01:59,343] {scheduler_job.py:182} INFO - Started process (PID=7107) to work on /home/airflow/.local/lib/python3.6/site-packages/airflow/example_dags/example_dag_decorator.py
[2022-04-18 15:01:59,344] {scheduler_job.py:629} INFO - Processing file /home/airflow/.local/lib/python3.6/site-packages/airflow/example_dags/example_dag_decorator.py for tasks to queue
[2022-04-18 15:01:59,344] {logging_mixin.py:104} INFO - [2022-04-18 15:01:59,344] {dagbag.py:448} INFO - Filling up the DagBag from /home/airflow/.local/lib/python3.6/site-packages/airflow/example_dags/example_dag_decorator.py
[2022-04-18 15:01:59,354] {scheduler_job.py:639} INFO - DAG(s) dict_keys(['example_dag_decorator']) retrieved from /home/airflow/.local/lib/python3.6/site-packages/airflow/example_dags/example_dag_decorator.py
[2022-04-18 15:01:59,371] {logging_mixin.py:104} INFO - [2022-04-18 15:01:59,371] {dag.py:1818} INFO - Sync 1 DAGs
[2022-04-18 15:01:59,381] {logging_mixin.py:104} INFO - [2022-04-18 15:01:59,381] {dag.py:2273} INFO - Setting next_dagrun for example_dag_decorator to None
[2022-04-18 15:01:59,385] {scheduler_job.py:190} INFO - Processing /home/airflow/.local/lib/python3.6/site-packages/airflow/example_dags/example_dag_decorator.py took 0.045 seconds
[2022-04-18 15:02:30,037] {scheduler_job.py:182} INFO - Started process (PID=7242) to work on /home/airflow/.local/lib/python3.6/site-packages/airflow/example_dags/example_dag_decorator.py
[2022-04-18 15:02:30,037] {scheduler_job.py:629} INFO - Processing file /home/airflow/.local/lib/python3.6/site-packages/airflow/example_dags/example_dag_decorator.py for tasks to queue
[2022-04-18 15:02:30,038] {logging_mixin.py:104} INFO - [2022-04-18 15:02:30,038] {dagbag.py:448} INFO - Filling up the DagBag from /home/airflow/.local/lib/python3.6/site-packages/airflow/example_dags/example_dag_decorator.py
[2022-04-18 15:02:30,048] {scheduler_job.py:639} INFO - DAG(s) dict_keys(['example_dag_decorator']) retrieved from /home/airflow/.local/lib/python3.6/site-packages/airflow/example_dags/example_dag_decorator.py
[2022-04-18 15:02:30,064] {logging_mixin.py:104} INFO - [2022-04-18 15:02:30,064] {dag.py:1818} INFO - Sync 1 DAGs
[2022-04-18 15:02:30,071] {logging_mixin.py:104} INFO - [2022-04-18 15:02:30,071] {dag.py:2273} INFO - Setting next_dagrun for example_dag_decorator to None
[2022-04-18 15:02:30,076] {scheduler_job.py:190} INFO - Processing /home/airflow/.local/lib/python3.6/site-packages/airflow/example_dags/example_dag_decorator.py took 0.041 seconds
[2022-04-18 15:03:00,716] {scheduler_job.py:182} INFO - Started process (PID=7377) to work on /home/airflow/.local/lib/python3.6/site-packages/airflow/example_dags/example_dag_decorator.py
[2022-04-18 15:03:00,717] {scheduler_job.py:629} INFO - Processing file /home/airflow/.local/lib/python3.6/site-packages/airflow/example_dags/example_dag_decorator.py for tasks to queue
[2022-04-18 15:03:00,717] {logging_mixin.py:104} INFO - [2022-04-18 15:03:00,717] {dagbag.py:448} INFO - Filling up the DagBag from /home/airflow/.local/lib/python3.6/site-packages/airflow/example_dags/example_dag_decorator.py
[2022-04-18 15:03:00,727] {scheduler_job.py:639} INFO - DAG(s) dict_keys(['example_dag_decorator']) retrieved from /home/airflow/.local/lib/python3.6/site-packages/airflow/example_dags/example_dag_decorator.py
[2022-04-18 15:03:00,743] {logging_mixin.py:104} INFO - [2022-04-18 15:03:00,743] {dag.py:1818} INFO - Sync 1 DAGs
[2022-04-18 15:03:00,753] {logging_mixin.py:104} INFO - [2022-04-18 15:03:00,753] {dag.py:2273} INFO - Setting next_dagrun for example_dag_decorator to None
[2022-04-18 15:03:00,757] {scheduler_job.py:190} INFO - Processing /home/airflow/.local/lib/python3.6/site-packages/airflow/example_dags/example_dag_decorator.py took 0.043 seconds
[2022-04-18 15:03:31,405] {scheduler_job.py:182} INFO - Started process (PID=7512) to work on /home/airflow/.local/lib/python3.6/site-packages/airflow/example_dags/example_dag_decorator.py
[2022-04-18 15:03:31,407] {scheduler_job.py:629} INFO - Processing file /home/airflow/.local/lib/python3.6/site-packages/airflow/example_dags/example_dag_decorator.py for tasks to queue
[2022-04-18 15:03:31,407] {logging_mixin.py:104} INFO - [2022-04-18 15:03:31,407] {dagbag.py:448} INFO - Filling up the DagBag from /home/airflow/.local/lib/python3.6/site-packages/airflow/example_dags/example_dag_decorator.py
[2022-04-18 15:03:31,417] {scheduler_job.py:639} INFO - DAG(s) dict_keys(['example_dag_decorator']) retrieved from /home/airflow/.local/lib/python3.6/site-packages/airflow/example_dags/example_dag_decorator.py
[2022-04-18 15:03:31,433] {logging_mixin.py:104} INFO - [2022-04-18 15:03:31,433] {dag.py:1818} INFO - Sync 1 DAGs
[2022-04-18 15:03:31,440] {logging_mixin.py:104} INFO - [2022-04-18 15:03:31,440] {dag.py:2273} INFO - Setting next_dagrun for example_dag_decorator to None
[2022-04-18 15:03:31,445] {scheduler_job.py:190} INFO - Processing /home/airflow/.local/lib/python3.6/site-packages/airflow/example_dags/example_dag_decorator.py took 0.042 seconds
[2022-04-18 15:04:02,063] {scheduler_job.py:182} INFO - Started process (PID=7647) to work on /home/airflow/.local/lib/python3.6/site-packages/airflow/example_dags/example_dag_decorator.py
[2022-04-18 15:04:02,064] {scheduler_job.py:629} INFO - Processing file /home/airflow/.local/lib/python3.6/site-packages/airflow/example_dags/example_dag_decorator.py for tasks to queue
[2022-04-18 15:04:02,064] {logging_mixin.py:104} INFO - [2022-04-18 15:04:02,064] {dagbag.py:448} INFO - Filling up the DagBag from /home/airflow/.local/lib/python3.6/site-packages/airflow/example_dags/example_dag_decorator.py
[2022-04-18 15:04:02,074] {scheduler_job.py:639} INFO - DAG(s) dict_keys(['example_dag_decorator']) retrieved from /home/airflow/.local/lib/python3.6/site-packages/airflow/example_dags/example_dag_decorator.py
[2022-04-18 15:04:02,090] {logging_mixin.py:104} INFO - [2022-04-18 15:04:02,089] {dag.py:1818} INFO - Sync 1 DAGs
[2022-04-18 15:04:02,098] {logging_mixin.py:104} INFO - [2022-04-18 15:04:02,098] {dag.py:2273} INFO - Setting next_dagrun for example_dag_decorator to None
[2022-04-18 15:04:02,102] {scheduler_job.py:190} INFO - Processing /home/airflow/.local/lib/python3.6/site-packages/airflow/example_dags/example_dag_decorator.py took 0.040 seconds
[2022-04-18 15:04:32,808] {scheduler_job.py:182} INFO - Started process (PID=7782) to work on /home/airflow/.local/lib/python3.6/site-packages/airflow/example_dags/example_dag_decorator.py
[2022-04-18 15:04:32,809] {scheduler_job.py:629} INFO - Processing file /home/airflow/.local/lib/python3.6/site-packages/airflow/example_dags/example_dag_decorator.py for tasks to queue
[2022-04-18 15:04:32,809] {logging_mixin.py:104} INFO - [2022-04-18 15:04:32,809] {dagbag.py:448} INFO - Filling up the DagBag from /home/airflow/.local/lib/python3.6/site-packages/airflow/example_dags/example_dag_decorator.py
[2022-04-18 15:04:32,819] {scheduler_job.py:639} INFO - DAG(s) dict_keys(['example_dag_decorator']) retrieved from /home/airflow/.local/lib/python3.6/site-packages/airflow/example_dags/example_dag_decorator.py
[2022-04-18 15:04:32,832] {logging_mixin.py:104} INFO - [2022-04-18 15:04:32,832] {dag.py:1818} INFO - Sync 1 DAGs
[2022-04-18 15:04:32,841] {logging_mixin.py:104} INFO - [2022-04-18 15:04:32,841] {dag.py:2273} INFO - Setting next_dagrun for example_dag_decorator to None
[2022-04-18 15:04:32,845] {scheduler_job.py:190} INFO - Processing /home/airflow/.local/lib/python3.6/site-packages/airflow/example_dags/example_dag_decorator.py took 0.039 seconds
[2022-04-18 15:05:03,471] {scheduler_job.py:182} INFO - Started process (PID=7917) to work on /home/airflow/.local/lib/python3.6/site-packages/airflow/example_dags/example_dag_decorator.py
[2022-04-18 15:05:03,472] {scheduler_job.py:629} INFO - Processing file /home/airflow/.local/lib/python3.6/site-packages/airflow/example_dags/example_dag_decorator.py for tasks to queue
[2022-04-18 15:05:03,472] {logging_mixin.py:104} INFO - [2022-04-18 15:05:03,472] {dagbag.py:448} INFO - Filling up the DagBag from /home/airflow/.local/lib/python3.6/site-packages/airflow/example_dags/example_dag_decorator.py
[2022-04-18 15:05:03,481] {scheduler_job.py:639} INFO - DAG(s) dict_keys(['example_dag_decorator']) retrieved from /home/airflow/.local/lib/python3.6/site-packages/airflow/example_dags/example_dag_decorator.py
[2022-04-18 15:05:03,493] {logging_mixin.py:104} INFO - [2022-04-18 15:05:03,493] {dag.py:1818} INFO - Sync 1 DAGs
[2022-04-18 15:05:03,503] {logging_mixin.py:104} INFO - [2022-04-18 15:05:03,503] {dag.py:2273} INFO - Setting next_dagrun for example_dag_decorator to None
[2022-04-18 15:05:03,511] {scheduler_job.py:190} INFO - Processing /home/airflow/.local/lib/python3.6/site-packages/airflow/example_dags/example_dag_decorator.py took 0.043 seconds
[2022-04-18 15:05:34,170] {scheduler_job.py:182} INFO - Started process (PID=8052) to work on /home/airflow/.local/lib/python3.6/site-packages/airflow/example_dags/example_dag_decorator.py
[2022-04-18 15:05:34,171] {scheduler_job.py:629} INFO - Processing file /home/airflow/.local/lib/python3.6/site-packages/airflow/example_dags/example_dag_decorator.py for tasks to queue
[2022-04-18 15:05:34,172] {logging_mixin.py:104} INFO - [2022-04-18 15:05:34,172] {dagbag.py:448} INFO - Filling up the DagBag from /home/airflow/.local/lib/python3.6/site-packages/airflow/example_dags/example_dag_decorator.py
[2022-04-18 15:05:34,181] {scheduler_job.py:639} INFO - DAG(s) dict_keys(['example_dag_decorator']) retrieved from /home/airflow/.local/lib/python3.6/site-packages/airflow/example_dags/example_dag_decorator.py
[2022-04-18 15:05:34,193] {logging_mixin.py:104} INFO - [2022-04-18 15:05:34,193] {dag.py:1818} INFO - Sync 1 DAGs
[2022-04-18 15:05:34,200] {logging_mixin.py:104} INFO - [2022-04-18 15:05:34,200] {dag.py:2273} INFO - Setting next_dagrun for example_dag_decorator to None
[2022-04-18 15:05:34,206] {scheduler_job.py:190} INFO - Processing /home/airflow/.local/lib/python3.6/site-packages/airflow/example_dags/example_dag_decorator.py took 0.038 seconds
[2022-04-18 15:06:04,861] {scheduler_job.py:182} INFO - Started process (PID=8187) to work on /home/airflow/.local/lib/python3.6/site-packages/airflow/example_dags/example_dag_decorator.py
[2022-04-18 15:06:04,862] {scheduler_job.py:629} INFO - Processing file /home/airflow/.local/lib/python3.6/site-packages/airflow/example_dags/example_dag_decorator.py for tasks to queue
[2022-04-18 15:06:04,862] {logging_mixin.py:104} INFO - [2022-04-18 15:06:04,862] {dagbag.py:448} INFO - Filling up the DagBag from /home/airflow/.local/lib/python3.6/site-packages/airflow/example_dags/example_dag_decorator.py
[2022-04-18 15:06:04,870] {scheduler_job.py:639} INFO - DAG(s) dict_keys(['example_dag_decorator']) retrieved from /home/airflow/.local/lib/python3.6/site-packages/airflow/example_dags/example_dag_decorator.py
[2022-04-18 15:06:04,884] {logging_mixin.py:104} INFO - [2022-04-18 15:06:04,884] {dag.py:1818} INFO - Sync 1 DAGs
[2022-04-18 15:06:04,896] {logging_mixin.py:104} INFO - [2022-04-18 15:06:04,896] {dag.py:2273} INFO - Setting next_dagrun for example_dag_decorator to None
[2022-04-18 15:06:04,902] {scheduler_job.py:190} INFO - Processing /home/airflow/.local/lib/python3.6/site-packages/airflow/example_dags/example_dag_decorator.py took 0.043 seconds
[2022-04-18 15:06:35,605] {scheduler_job.py:182} INFO - Started process (PID=8322) to work on /home/airflow/.local/lib/python3.6/site-packages/airflow/example_dags/example_dag_decorator.py
[2022-04-18 15:06:35,606] {scheduler_job.py:629} INFO - Processing file /home/airflow/.local/lib/python3.6/site-packages/airflow/example_dags/example_dag_decorator.py for tasks to queue
[2022-04-18 15:06:35,606] {logging_mixin.py:104} INFO - [2022-04-18 15:06:35,606] {dagbag.py:448} INFO - Filling up the DagBag from /home/airflow/.local/lib/python3.6/site-packages/airflow/example_dags/example_dag_decorator.py
[2022-04-18 15:06:35,617] {scheduler_job.py:639} INFO - DAG(s) dict_keys(['example_dag_decorator']) retrieved from /home/airflow/.local/lib/python3.6/site-packages/airflow/example_dags/example_dag_decorator.py
[2022-04-18 15:06:35,634] {logging_mixin.py:104} INFO - [2022-04-18 15:06:35,633] {dag.py:1818} INFO - Sync 1 DAGs
[2022-04-18 15:06:35,641] {logging_mixin.py:104} INFO - [2022-04-18 15:06:35,641] {dag.py:2273} INFO - Setting next_dagrun for example_dag_decorator to None
[2022-04-18 15:06:35,645] {scheduler_job.py:190} INFO - Processing /home/airflow/.local/lib/python3.6/site-packages/airflow/example_dags/example_dag_decorator.py took 0.043 seconds
