[2022-04-18 14:37:01,731] {scheduler_job.py:182} INFO - Started process (PID=300) to work on /home/airflow/.local/lib/python3.6/site-packages/airflow/example_dags/example_latest_only.py
[2022-04-18 14:37:01,732] {scheduler_job.py:629} INFO - Processing file /home/airflow/.local/lib/python3.6/site-packages/airflow/example_dags/example_latest_only.py for tasks to queue
[2022-04-18 14:37:01,732] {logging_mixin.py:104} INFO - [2022-04-18 14:37:01,732] {dagbag.py:448} INFO - Filling up the DagBag from /home/airflow/.local/lib/python3.6/site-packages/airflow/example_dags/example_latest_only.py
[2022-04-18 14:37:01,739] {scheduler_job.py:639} INFO - DAG(s) dict_keys(['latest_only']) retrieved from /home/airflow/.local/lib/python3.6/site-packages/airflow/example_dags/example_latest_only.py
[2022-04-18 14:37:01,755] {logging_mixin.py:104} INFO - [2022-04-18 14:37:01,755] {dag.py:1818} INFO - Sync 1 DAGs
[2022-04-18 14:37:01,765] {logging_mixin.py:104} INFO - [2022-04-18 14:37:01,765] {dag.py:2273} INFO - Setting next_dagrun for latest_only to 2022-04-16 00:00:00+00:00
[2022-04-18 14:37:01,771] {scheduler_job.py:190} INFO - Processing /home/airflow/.local/lib/python3.6/site-packages/airflow/example_dags/example_latest_only.py took 0.042 seconds
[2022-04-18 14:37:31,810] {scheduler_job.py:182} INFO - Started process (PID=677) to work on /home/airflow/.local/lib/python3.6/site-packages/airflow/example_dags/example_latest_only.py
[2022-04-18 14:37:31,811] {scheduler_job.py:629} INFO - Processing file /home/airflow/.local/lib/python3.6/site-packages/airflow/example_dags/example_latest_only.py for tasks to queue
[2022-04-18 14:37:31,812] {logging_mixin.py:104} INFO - [2022-04-18 14:37:31,812] {dagbag.py:448} INFO - Filling up the DagBag from /home/airflow/.local/lib/python3.6/site-packages/airflow/example_dags/example_latest_only.py
[2022-04-18 14:37:31,819] {scheduler_job.py:639} INFO - DAG(s) dict_keys(['latest_only']) retrieved from /home/airflow/.local/lib/python3.6/site-packages/airflow/example_dags/example_latest_only.py
[2022-04-18 14:37:31,833] {logging_mixin.py:104} INFO - [2022-04-18 14:37:31,833] {dag.py:1818} INFO - Sync 1 DAGs
[2022-04-18 14:37:31,842] {logging_mixin.py:104} INFO - [2022-04-18 14:37:31,842] {dag.py:2273} INFO - Setting next_dagrun for latest_only to 2022-04-16 00:00:00+00:00
[2022-04-18 14:37:31,846] {scheduler_job.py:190} INFO - Processing /home/airflow/.local/lib/python3.6/site-packages/airflow/example_dags/example_latest_only.py took 0.037 seconds
[2022-04-18 14:38:01,873] {scheduler_job.py:182} INFO - Started process (PID=816) to work on /home/airflow/.local/lib/python3.6/site-packages/airflow/example_dags/example_latest_only.py
[2022-04-18 14:38:01,874] {scheduler_job.py:629} INFO - Processing file /home/airflow/.local/lib/python3.6/site-packages/airflow/example_dags/example_latest_only.py for tasks to queue
[2022-04-18 14:38:01,874] {logging_mixin.py:104} INFO - [2022-04-18 14:38:01,874] {dagbag.py:448} INFO - Filling up the DagBag from /home/airflow/.local/lib/python3.6/site-packages/airflow/example_dags/example_latest_only.py
[2022-04-18 14:38:01,881] {scheduler_job.py:639} INFO - DAG(s) dict_keys(['latest_only']) retrieved from /home/airflow/.local/lib/python3.6/site-packages/airflow/example_dags/example_latest_only.py
[2022-04-18 14:38:01,896] {logging_mixin.py:104} INFO - [2022-04-18 14:38:01,895] {dag.py:1818} INFO - Sync 1 DAGs
[2022-04-18 14:38:01,905] {logging_mixin.py:104} INFO - [2022-04-18 14:38:01,905] {dag.py:2273} INFO - Setting next_dagrun for latest_only to 2022-04-16 00:00:00+00:00
[2022-04-18 14:38:01,909] {scheduler_job.py:190} INFO - Processing /home/airflow/.local/lib/python3.6/site-packages/airflow/example_dags/example_latest_only.py took 0.037 seconds
[2022-04-18 14:38:31,925] {scheduler_job.py:182} INFO - Started process (PID=953) to work on /home/airflow/.local/lib/python3.6/site-packages/airflow/example_dags/example_latest_only.py
[2022-04-18 14:38:31,926] {scheduler_job.py:629} INFO - Processing file /home/airflow/.local/lib/python3.6/site-packages/airflow/example_dags/example_latest_only.py for tasks to queue
[2022-04-18 14:38:31,926] {logging_mixin.py:104} INFO - [2022-04-18 14:38:31,926] {dagbag.py:448} INFO - Filling up the DagBag from /home/airflow/.local/lib/python3.6/site-packages/airflow/example_dags/example_latest_only.py
[2022-04-18 14:38:31,933] {scheduler_job.py:639} INFO - DAG(s) dict_keys(['latest_only']) retrieved from /home/airflow/.local/lib/python3.6/site-packages/airflow/example_dags/example_latest_only.py
[2022-04-18 14:38:31,946] {logging_mixin.py:104} INFO - [2022-04-18 14:38:31,946] {dag.py:1818} INFO - Sync 1 DAGs
[2022-04-18 14:38:31,954] {logging_mixin.py:104} INFO - [2022-04-18 14:38:31,954] {dag.py:2273} INFO - Setting next_dagrun for latest_only to 2022-04-16 00:00:00+00:00
[2022-04-18 14:38:31,958] {scheduler_job.py:190} INFO - Processing /home/airflow/.local/lib/python3.6/site-packages/airflow/example_dags/example_latest_only.py took 0.035 seconds
[2022-04-18 14:39:02,004] {scheduler_job.py:182} INFO - Started process (PID=1092) to work on /home/airflow/.local/lib/python3.6/site-packages/airflow/example_dags/example_latest_only.py
[2022-04-18 14:39:02,005] {scheduler_job.py:629} INFO - Processing file /home/airflow/.local/lib/python3.6/site-packages/airflow/example_dags/example_latest_only.py for tasks to queue
[2022-04-18 14:39:02,005] {logging_mixin.py:104} INFO - [2022-04-18 14:39:02,005] {dagbag.py:448} INFO - Filling up the DagBag from /home/airflow/.local/lib/python3.6/site-packages/airflow/example_dags/example_latest_only.py
[2022-04-18 14:39:02,012] {scheduler_job.py:639} INFO - DAG(s) dict_keys(['latest_only']) retrieved from /home/airflow/.local/lib/python3.6/site-packages/airflow/example_dags/example_latest_only.py
[2022-04-18 14:39:02,026] {logging_mixin.py:104} INFO - [2022-04-18 14:39:02,026] {dag.py:1818} INFO - Sync 1 DAGs
[2022-04-18 14:39:02,035] {logging_mixin.py:104} INFO - [2022-04-18 14:39:02,035] {dag.py:2273} INFO - Setting next_dagrun for latest_only to 2022-04-16 00:00:00+00:00
[2022-04-18 14:39:02,039] {scheduler_job.py:190} INFO - Processing /home/airflow/.local/lib/python3.6/site-packages/airflow/example_dags/example_latest_only.py took 0.037 seconds
[2022-04-18 14:39:32,094] {scheduler_job.py:182} INFO - Started process (PID=1227) to work on /home/airflow/.local/lib/python3.6/site-packages/airflow/example_dags/example_latest_only.py
[2022-04-18 14:39:32,095] {scheduler_job.py:629} INFO - Processing file /home/airflow/.local/lib/python3.6/site-packages/airflow/example_dags/example_latest_only.py for tasks to queue
[2022-04-18 14:39:32,096] {logging_mixin.py:104} INFO - [2022-04-18 14:39:32,096] {dagbag.py:448} INFO - Filling up the DagBag from /home/airflow/.local/lib/python3.6/site-packages/airflow/example_dags/example_latest_only.py
[2022-04-18 14:39:32,104] {scheduler_job.py:639} INFO - DAG(s) dict_keys(['latest_only']) retrieved from /home/airflow/.local/lib/python3.6/site-packages/airflow/example_dags/example_latest_only.py
[2022-04-18 14:39:32,118] {logging_mixin.py:104} INFO - [2022-04-18 14:39:32,118] {dag.py:1818} INFO - Sync 1 DAGs
[2022-04-18 14:39:32,127] {logging_mixin.py:104} INFO - [2022-04-18 14:39:32,127] {dag.py:2273} INFO - Setting next_dagrun for latest_only to 2022-04-16 00:00:00+00:00
[2022-04-18 14:39:32,131] {scheduler_job.py:190} INFO - Processing /home/airflow/.local/lib/python3.6/site-packages/airflow/example_dags/example_latest_only.py took 0.039 seconds
[2022-04-18 14:40:03,095] {scheduler_job.py:182} INFO - Started process (PID=1362) to work on /home/airflow/.local/lib/python3.6/site-packages/airflow/example_dags/example_latest_only.py
[2022-04-18 14:40:03,096] {scheduler_job.py:629} INFO - Processing file /home/airflow/.local/lib/python3.6/site-packages/airflow/example_dags/example_latest_only.py for tasks to queue
[2022-04-18 14:40:03,096] {logging_mixin.py:104} INFO - [2022-04-18 14:40:03,096] {dagbag.py:448} INFO - Filling up the DagBag from /home/airflow/.local/lib/python3.6/site-packages/airflow/example_dags/example_latest_only.py
[2022-04-18 14:40:03,106] {scheduler_job.py:639} INFO - DAG(s) dict_keys(['latest_only']) retrieved from /home/airflow/.local/lib/python3.6/site-packages/airflow/example_dags/example_latest_only.py
[2022-04-18 14:40:03,118] {logging_mixin.py:104} INFO - [2022-04-18 14:40:03,118] {dag.py:1818} INFO - Sync 1 DAGs
[2022-04-18 14:40:03,126] {logging_mixin.py:104} INFO - [2022-04-18 14:40:03,126] {dag.py:2273} INFO - Setting next_dagrun for latest_only to 2022-04-16 00:00:00+00:00
[2022-04-18 14:40:03,131] {scheduler_job.py:190} INFO - Processing /home/airflow/.local/lib/python3.6/site-packages/airflow/example_dags/example_latest_only.py took 0.038 seconds
[2022-04-18 14:40:33,879] {scheduler_job.py:182} INFO - Started process (PID=1496) to work on /home/airflow/.local/lib/python3.6/site-packages/airflow/example_dags/example_latest_only.py
[2022-04-18 14:40:33,880] {scheduler_job.py:629} INFO - Processing file /home/airflow/.local/lib/python3.6/site-packages/airflow/example_dags/example_latest_only.py for tasks to queue
[2022-04-18 14:40:33,880] {logging_mixin.py:104} INFO - [2022-04-18 14:40:33,880] {dagbag.py:448} INFO - Filling up the DagBag from /home/airflow/.local/lib/python3.6/site-packages/airflow/example_dags/example_latest_only.py
[2022-04-18 14:40:33,887] {scheduler_job.py:639} INFO - DAG(s) dict_keys(['latest_only']) retrieved from /home/airflow/.local/lib/python3.6/site-packages/airflow/example_dags/example_latest_only.py
[2022-04-18 14:40:33,900] {logging_mixin.py:104} INFO - [2022-04-18 14:40:33,900] {dag.py:1818} INFO - Sync 1 DAGs
[2022-04-18 14:40:33,909] {logging_mixin.py:104} INFO - [2022-04-18 14:40:33,909] {dag.py:2273} INFO - Setting next_dagrun for latest_only to 2022-04-16 00:00:00+00:00
[2022-04-18 14:40:33,913] {scheduler_job.py:190} INFO - Processing /home/airflow/.local/lib/python3.6/site-packages/airflow/example_dags/example_latest_only.py took 0.036 seconds
[2022-04-18 14:41:04,836] {scheduler_job.py:182} INFO - Started process (PID=1631) to work on /home/airflow/.local/lib/python3.6/site-packages/airflow/example_dags/example_latest_only.py
[2022-04-18 14:41:04,837] {scheduler_job.py:629} INFO - Processing file /home/airflow/.local/lib/python3.6/site-packages/airflow/example_dags/example_latest_only.py for tasks to queue
[2022-04-18 14:41:04,837] {logging_mixin.py:104} INFO - [2022-04-18 14:41:04,837] {dagbag.py:448} INFO - Filling up the DagBag from /home/airflow/.local/lib/python3.6/site-packages/airflow/example_dags/example_latest_only.py
[2022-04-18 14:41:04,846] {scheduler_job.py:639} INFO - DAG(s) dict_keys(['latest_only']) retrieved from /home/airflow/.local/lib/python3.6/site-packages/airflow/example_dags/example_latest_only.py
[2022-04-18 14:41:04,860] {logging_mixin.py:104} INFO - [2022-04-18 14:41:04,859] {dag.py:1818} INFO - Sync 1 DAGs
[2022-04-18 14:41:04,869] {logging_mixin.py:104} INFO - [2022-04-18 14:41:04,869] {dag.py:2273} INFO - Setting next_dagrun for latest_only to 2022-04-16 00:00:00+00:00
[2022-04-18 14:41:04,873] {scheduler_job.py:190} INFO - Processing /home/airflow/.local/lib/python3.6/site-packages/airflow/example_dags/example_latest_only.py took 0.039 seconds
[2022-04-18 14:41:35,490] {scheduler_job.py:182} INFO - Started process (PID=1767) to work on /home/airflow/.local/lib/python3.6/site-packages/airflow/example_dags/example_latest_only.py
[2022-04-18 14:41:35,491] {scheduler_job.py:629} INFO - Processing file /home/airflow/.local/lib/python3.6/site-packages/airflow/example_dags/example_latest_only.py for tasks to queue
[2022-04-18 14:41:35,492] {logging_mixin.py:104} INFO - [2022-04-18 14:41:35,492] {dagbag.py:448} INFO - Filling up the DagBag from /home/airflow/.local/lib/python3.6/site-packages/airflow/example_dags/example_latest_only.py
[2022-04-18 14:41:35,499] {scheduler_job.py:639} INFO - DAG(s) dict_keys(['latest_only']) retrieved from /home/airflow/.local/lib/python3.6/site-packages/airflow/example_dags/example_latest_only.py
[2022-04-18 14:41:35,514] {logging_mixin.py:104} INFO - [2022-04-18 14:41:35,514] {dag.py:1818} INFO - Sync 1 DAGs
[2022-04-18 14:41:35,523] {logging_mixin.py:104} INFO - [2022-04-18 14:41:35,523] {dag.py:2273} INFO - Setting next_dagrun for latest_only to 2022-04-16 00:00:00+00:00
[2022-04-18 14:41:35,527] {scheduler_job.py:190} INFO - Processing /home/airflow/.local/lib/python3.6/site-packages/airflow/example_dags/example_latest_only.py took 0.039 seconds
[2022-04-18 14:42:06,198] {scheduler_job.py:182} INFO - Started process (PID=1901) to work on /home/airflow/.local/lib/python3.6/site-packages/airflow/example_dags/example_latest_only.py
[2022-04-18 14:42:06,199] {scheduler_job.py:629} INFO - Processing file /home/airflow/.local/lib/python3.6/site-packages/airflow/example_dags/example_latest_only.py for tasks to queue
[2022-04-18 14:42:06,199] {logging_mixin.py:104} INFO - [2022-04-18 14:42:06,199] {dagbag.py:448} INFO - Filling up the DagBag from /home/airflow/.local/lib/python3.6/site-packages/airflow/example_dags/example_latest_only.py
[2022-04-18 14:42:06,204] {scheduler_job.py:639} INFO - DAG(s) dict_keys(['latest_only']) retrieved from /home/airflow/.local/lib/python3.6/site-packages/airflow/example_dags/example_latest_only.py
[2022-04-18 14:42:06,220] {logging_mixin.py:104} INFO - [2022-04-18 14:42:06,220] {dag.py:1818} INFO - Sync 1 DAGs
[2022-04-18 14:42:06,228] {logging_mixin.py:104} INFO - [2022-04-18 14:42:06,228] {dag.py:2273} INFO - Setting next_dagrun for latest_only to 2022-04-16 00:00:00+00:00
[2022-04-18 14:42:06,231] {scheduler_job.py:190} INFO - Processing /home/airflow/.local/lib/python3.6/site-packages/airflow/example_dags/example_latest_only.py took 0.035 seconds
[2022-04-18 14:42:36,963] {scheduler_job.py:182} INFO - Started process (PID=2036) to work on /home/airflow/.local/lib/python3.6/site-packages/airflow/example_dags/example_latest_only.py
[2022-04-18 14:42:36,964] {scheduler_job.py:629} INFO - Processing file /home/airflow/.local/lib/python3.6/site-packages/airflow/example_dags/example_latest_only.py for tasks to queue
[2022-04-18 14:42:36,964] {logging_mixin.py:104} INFO - [2022-04-18 14:42:36,964] {dagbag.py:448} INFO - Filling up the DagBag from /home/airflow/.local/lib/python3.6/site-packages/airflow/example_dags/example_latest_only.py
[2022-04-18 14:42:36,971] {scheduler_job.py:639} INFO - DAG(s) dict_keys(['latest_only']) retrieved from /home/airflow/.local/lib/python3.6/site-packages/airflow/example_dags/example_latest_only.py
[2022-04-18 14:42:36,985] {logging_mixin.py:104} INFO - [2022-04-18 14:42:36,985] {dag.py:1818} INFO - Sync 1 DAGs
[2022-04-18 14:42:36,992] {logging_mixin.py:104} INFO - [2022-04-18 14:42:36,992] {dag.py:2273} INFO - Setting next_dagrun for latest_only to 2022-04-16 00:00:00+00:00
[2022-04-18 14:42:36,996] {scheduler_job.py:190} INFO - Processing /home/airflow/.local/lib/python3.6/site-packages/airflow/example_dags/example_latest_only.py took 0.035 seconds
[2022-04-18 14:43:07,718] {scheduler_job.py:182} INFO - Started process (PID=2171) to work on /home/airflow/.local/lib/python3.6/site-packages/airflow/example_dags/example_latest_only.py
[2022-04-18 14:43:07,720] {scheduler_job.py:629} INFO - Processing file /home/airflow/.local/lib/python3.6/site-packages/airflow/example_dags/example_latest_only.py for tasks to queue
[2022-04-18 14:43:07,720] {logging_mixin.py:104} INFO - [2022-04-18 14:43:07,720] {dagbag.py:448} INFO - Filling up the DagBag from /home/airflow/.local/lib/python3.6/site-packages/airflow/example_dags/example_latest_only.py
[2022-04-18 14:43:07,728] {scheduler_job.py:639} INFO - DAG(s) dict_keys(['latest_only']) retrieved from /home/airflow/.local/lib/python3.6/site-packages/airflow/example_dags/example_latest_only.py
[2022-04-18 14:43:07,741] {logging_mixin.py:104} INFO - [2022-04-18 14:43:07,741] {dag.py:1818} INFO - Sync 1 DAGs
[2022-04-18 14:43:07,749] {logging_mixin.py:104} INFO - [2022-04-18 14:43:07,749] {dag.py:2273} INFO - Setting next_dagrun for latest_only to 2022-04-16 00:00:00+00:00
[2022-04-18 14:43:07,753] {scheduler_job.py:190} INFO - Processing /home/airflow/.local/lib/python3.6/site-packages/airflow/example_dags/example_latest_only.py took 0.037 seconds
[2022-04-18 14:43:38,410] {scheduler_job.py:182} INFO - Started process (PID=2307) to work on /home/airflow/.local/lib/python3.6/site-packages/airflow/example_dags/example_latest_only.py
[2022-04-18 14:43:38,411] {scheduler_job.py:629} INFO - Processing file /home/airflow/.local/lib/python3.6/site-packages/airflow/example_dags/example_latest_only.py for tasks to queue
[2022-04-18 14:43:38,412] {logging_mixin.py:104} INFO - [2022-04-18 14:43:38,412] {dagbag.py:448} INFO - Filling up the DagBag from /home/airflow/.local/lib/python3.6/site-packages/airflow/example_dags/example_latest_only.py
[2022-04-18 14:43:38,417] {scheduler_job.py:639} INFO - DAG(s) dict_keys(['latest_only']) retrieved from /home/airflow/.local/lib/python3.6/site-packages/airflow/example_dags/example_latest_only.py
[2022-04-18 14:43:38,429] {logging_mixin.py:104} INFO - [2022-04-18 14:43:38,429] {dag.py:1818} INFO - Sync 1 DAGs
[2022-04-18 14:43:38,438] {logging_mixin.py:104} INFO - [2022-04-18 14:43:38,438] {dag.py:2273} INFO - Setting next_dagrun for latest_only to 2022-04-16 00:00:00+00:00
[2022-04-18 14:43:38,442] {scheduler_job.py:190} INFO - Processing /home/airflow/.local/lib/python3.6/site-packages/airflow/example_dags/example_latest_only.py took 0.034 seconds
[2022-04-18 14:44:09,092] {scheduler_job.py:182} INFO - Started process (PID=2442) to work on /home/airflow/.local/lib/python3.6/site-packages/airflow/example_dags/example_latest_only.py
[2022-04-18 14:44:09,093] {scheduler_job.py:629} INFO - Processing file /home/airflow/.local/lib/python3.6/site-packages/airflow/example_dags/example_latest_only.py for tasks to queue
[2022-04-18 14:44:09,093] {logging_mixin.py:104} INFO - [2022-04-18 14:44:09,093] {dagbag.py:448} INFO - Filling up the DagBag from /home/airflow/.local/lib/python3.6/site-packages/airflow/example_dags/example_latest_only.py
[2022-04-18 14:44:09,100] {scheduler_job.py:639} INFO - DAG(s) dict_keys(['latest_only']) retrieved from /home/airflow/.local/lib/python3.6/site-packages/airflow/example_dags/example_latest_only.py
[2022-04-18 14:44:09,114] {logging_mixin.py:104} INFO - [2022-04-18 14:44:09,114] {dag.py:1818} INFO - Sync 1 DAGs
[2022-04-18 14:44:09,123] {logging_mixin.py:104} INFO - [2022-04-18 14:44:09,123] {dag.py:2273} INFO - Setting next_dagrun for latest_only to 2022-04-16 00:00:00+00:00
[2022-04-18 14:44:09,127] {scheduler_job.py:190} INFO - Processing /home/airflow/.local/lib/python3.6/site-packages/airflow/example_dags/example_latest_only.py took 0.038 seconds
[2022-04-18 14:44:39,769] {scheduler_job.py:182} INFO - Started process (PID=2577) to work on /home/airflow/.local/lib/python3.6/site-packages/airflow/example_dags/example_latest_only.py
[2022-04-18 14:44:39,770] {scheduler_job.py:629} INFO - Processing file /home/airflow/.local/lib/python3.6/site-packages/airflow/example_dags/example_latest_only.py for tasks to queue
[2022-04-18 14:44:39,771] {logging_mixin.py:104} INFO - [2022-04-18 14:44:39,770] {dagbag.py:448} INFO - Filling up the DagBag from /home/airflow/.local/lib/python3.6/site-packages/airflow/example_dags/example_latest_only.py
[2022-04-18 14:44:39,778] {scheduler_job.py:639} INFO - DAG(s) dict_keys(['latest_only']) retrieved from /home/airflow/.local/lib/python3.6/site-packages/airflow/example_dags/example_latest_only.py
[2022-04-18 14:44:39,788] {logging_mixin.py:104} INFO - [2022-04-18 14:44:39,788] {dag.py:1818} INFO - Sync 1 DAGs
[2022-04-18 14:44:39,798] {logging_mixin.py:104} INFO - [2022-04-18 14:44:39,798] {dag.py:2273} INFO - Setting next_dagrun for latest_only to 2022-04-16 00:00:00+00:00
[2022-04-18 14:44:39,802] {scheduler_job.py:190} INFO - Processing /home/airflow/.local/lib/python3.6/site-packages/airflow/example_dags/example_latest_only.py took 0.035 seconds
[2022-04-18 14:45:10,448] {scheduler_job.py:182} INFO - Started process (PID=2712) to work on /home/airflow/.local/lib/python3.6/site-packages/airflow/example_dags/example_latest_only.py
[2022-04-18 14:45:10,449] {scheduler_job.py:629} INFO - Processing file /home/airflow/.local/lib/python3.6/site-packages/airflow/example_dags/example_latest_only.py for tasks to queue
[2022-04-18 14:45:10,450] {logging_mixin.py:104} INFO - [2022-04-18 14:45:10,449] {dagbag.py:448} INFO - Filling up the DagBag from /home/airflow/.local/lib/python3.6/site-packages/airflow/example_dags/example_latest_only.py
[2022-04-18 14:45:10,456] {scheduler_job.py:639} INFO - DAG(s) dict_keys(['latest_only']) retrieved from /home/airflow/.local/lib/python3.6/site-packages/airflow/example_dags/example_latest_only.py
[2022-04-18 14:45:10,466] {logging_mixin.py:104} INFO - [2022-04-18 14:45:10,466] {dag.py:1818} INFO - Sync 1 DAGs
[2022-04-18 14:45:10,475] {logging_mixin.py:104} INFO - [2022-04-18 14:45:10,475] {dag.py:2273} INFO - Setting next_dagrun for latest_only to 2022-04-16 00:00:00+00:00
[2022-04-18 14:45:10,479] {scheduler_job.py:190} INFO - Processing /home/airflow/.local/lib/python3.6/site-packages/airflow/example_dags/example_latest_only.py took 0.034 seconds
[2022-04-18 14:45:41,238] {scheduler_job.py:182} INFO - Started process (PID=2847) to work on /home/airflow/.local/lib/python3.6/site-packages/airflow/example_dags/example_latest_only.py
[2022-04-18 14:45:41,238] {scheduler_job.py:629} INFO - Processing file /home/airflow/.local/lib/python3.6/site-packages/airflow/example_dags/example_latest_only.py for tasks to queue
[2022-04-18 14:45:41,239] {logging_mixin.py:104} INFO - [2022-04-18 14:45:41,239] {dagbag.py:448} INFO - Filling up the DagBag from /home/airflow/.local/lib/python3.6/site-packages/airflow/example_dags/example_latest_only.py
[2022-04-18 14:45:41,244] {scheduler_job.py:639} INFO - DAG(s) dict_keys(['latest_only']) retrieved from /home/airflow/.local/lib/python3.6/site-packages/airflow/example_dags/example_latest_only.py
[2022-04-18 14:45:41,258] {logging_mixin.py:104} INFO - [2022-04-18 14:45:41,258] {dag.py:1818} INFO - Sync 1 DAGs
[2022-04-18 14:45:41,267] {logging_mixin.py:104} INFO - [2022-04-18 14:45:41,267] {dag.py:2273} INFO - Setting next_dagrun for latest_only to 2022-04-16 00:00:00+00:00
[2022-04-18 14:45:41,271] {scheduler_job.py:190} INFO - Processing /home/airflow/.local/lib/python3.6/site-packages/airflow/example_dags/example_latest_only.py took 0.035 seconds
[2022-04-18 14:46:11,876] {scheduler_job.py:182} INFO - Started process (PID=2982) to work on /home/airflow/.local/lib/python3.6/site-packages/airflow/example_dags/example_latest_only.py
[2022-04-18 14:46:11,877] {scheduler_job.py:629} INFO - Processing file /home/airflow/.local/lib/python3.6/site-packages/airflow/example_dags/example_latest_only.py for tasks to queue
[2022-04-18 14:46:11,877] {logging_mixin.py:104} INFO - [2022-04-18 14:46:11,877] {dagbag.py:448} INFO - Filling up the DagBag from /home/airflow/.local/lib/python3.6/site-packages/airflow/example_dags/example_latest_only.py
[2022-04-18 14:46:11,883] {scheduler_job.py:639} INFO - DAG(s) dict_keys(['latest_only']) retrieved from /home/airflow/.local/lib/python3.6/site-packages/airflow/example_dags/example_latest_only.py
[2022-04-18 14:46:11,898] {logging_mixin.py:104} INFO - [2022-04-18 14:46:11,897] {dag.py:1818} INFO - Sync 1 DAGs
[2022-04-18 14:46:11,907] {logging_mixin.py:104} INFO - [2022-04-18 14:46:11,907] {dag.py:2273} INFO - Setting next_dagrun for latest_only to 2022-04-16 00:00:00+00:00
[2022-04-18 14:46:11,911] {scheduler_job.py:190} INFO - Processing /home/airflow/.local/lib/python3.6/site-packages/airflow/example_dags/example_latest_only.py took 0.037 seconds
[2022-04-18 14:46:42,563] {scheduler_job.py:182} INFO - Started process (PID=3117) to work on /home/airflow/.local/lib/python3.6/site-packages/airflow/example_dags/example_latest_only.py
[2022-04-18 14:46:42,563] {scheduler_job.py:629} INFO - Processing file /home/airflow/.local/lib/python3.6/site-packages/airflow/example_dags/example_latest_only.py for tasks to queue
[2022-04-18 14:46:42,564] {logging_mixin.py:104} INFO - [2022-04-18 14:46:42,564] {dagbag.py:448} INFO - Filling up the DagBag from /home/airflow/.local/lib/python3.6/site-packages/airflow/example_dags/example_latest_only.py
[2022-04-18 14:46:42,571] {scheduler_job.py:639} INFO - DAG(s) dict_keys(['latest_only']) retrieved from /home/airflow/.local/lib/python3.6/site-packages/airflow/example_dags/example_latest_only.py
[2022-04-18 14:46:42,582] {logging_mixin.py:104} INFO - [2022-04-18 14:46:42,582] {dag.py:1818} INFO - Sync 1 DAGs
[2022-04-18 14:46:42,592] {logging_mixin.py:104} INFO - [2022-04-18 14:46:42,592] {dag.py:2273} INFO - Setting next_dagrun for latest_only to 2022-04-16 00:00:00+00:00
[2022-04-18 14:46:42,596] {scheduler_job.py:190} INFO - Processing /home/airflow/.local/lib/python3.6/site-packages/airflow/example_dags/example_latest_only.py took 0.036 seconds
[2022-04-18 14:47:13,264] {scheduler_job.py:182} INFO - Started process (PID=3252) to work on /home/airflow/.local/lib/python3.6/site-packages/airflow/example_dags/example_latest_only.py
[2022-04-18 14:47:13,265] {scheduler_job.py:629} INFO - Processing file /home/airflow/.local/lib/python3.6/site-packages/airflow/example_dags/example_latest_only.py for tasks to queue
[2022-04-18 14:47:13,265] {logging_mixin.py:104} INFO - [2022-04-18 14:47:13,265] {dagbag.py:448} INFO - Filling up the DagBag from /home/airflow/.local/lib/python3.6/site-packages/airflow/example_dags/example_latest_only.py
[2022-04-18 14:47:13,272] {scheduler_job.py:639} INFO - DAG(s) dict_keys(['latest_only']) retrieved from /home/airflow/.local/lib/python3.6/site-packages/airflow/example_dags/example_latest_only.py
[2022-04-18 14:47:13,287] {logging_mixin.py:104} INFO - [2022-04-18 14:47:13,287] {dag.py:1818} INFO - Sync 1 DAGs
[2022-04-18 14:47:13,294] {logging_mixin.py:104} INFO - [2022-04-18 14:47:13,294] {dag.py:2273} INFO - Setting next_dagrun for latest_only to 2022-04-16 00:00:00+00:00
[2022-04-18 14:47:13,298] {scheduler_job.py:190} INFO - Processing /home/airflow/.local/lib/python3.6/site-packages/airflow/example_dags/example_latest_only.py took 0.037 seconds
[2022-04-18 14:47:43,995] {scheduler_job.py:182} INFO - Started process (PID=3387) to work on /home/airflow/.local/lib/python3.6/site-packages/airflow/example_dags/example_latest_only.py
[2022-04-18 14:47:43,996] {scheduler_job.py:629} INFO - Processing file /home/airflow/.local/lib/python3.6/site-packages/airflow/example_dags/example_latest_only.py for tasks to queue
[2022-04-18 14:47:43,996] {logging_mixin.py:104} INFO - [2022-04-18 14:47:43,996] {dagbag.py:448} INFO - Filling up the DagBag from /home/airflow/.local/lib/python3.6/site-packages/airflow/example_dags/example_latest_only.py
[2022-04-18 14:47:44,003] {scheduler_job.py:639} INFO - DAG(s) dict_keys(['latest_only']) retrieved from /home/airflow/.local/lib/python3.6/site-packages/airflow/example_dags/example_latest_only.py
[2022-04-18 14:47:44,017] {logging_mixin.py:104} INFO - [2022-04-18 14:47:44,017] {dag.py:1818} INFO - Sync 1 DAGs
[2022-04-18 14:47:44,027] {logging_mixin.py:104} INFO - [2022-04-18 14:47:44,027] {dag.py:2273} INFO - Setting next_dagrun for latest_only to 2022-04-16 00:00:00+00:00
[2022-04-18 14:47:44,032] {scheduler_job.py:190} INFO - Processing /home/airflow/.local/lib/python3.6/site-packages/airflow/example_dags/example_latest_only.py took 0.040 seconds
[2022-04-18 14:48:14,771] {scheduler_job.py:182} INFO - Started process (PID=3522) to work on /home/airflow/.local/lib/python3.6/site-packages/airflow/example_dags/example_latest_only.py
[2022-04-18 14:48:14,772] {scheduler_job.py:629} INFO - Processing file /home/airflow/.local/lib/python3.6/site-packages/airflow/example_dags/example_latest_only.py for tasks to queue
[2022-04-18 14:48:14,773] {logging_mixin.py:104} INFO - [2022-04-18 14:48:14,772] {dagbag.py:448} INFO - Filling up the DagBag from /home/airflow/.local/lib/python3.6/site-packages/airflow/example_dags/example_latest_only.py
[2022-04-18 14:48:14,779] {scheduler_job.py:639} INFO - DAG(s) dict_keys(['latest_only']) retrieved from /home/airflow/.local/lib/python3.6/site-packages/airflow/example_dags/example_latest_only.py
[2022-04-18 14:48:14,790] {logging_mixin.py:104} INFO - [2022-04-18 14:48:14,790] {dag.py:1818} INFO - Sync 1 DAGs
[2022-04-18 14:48:14,798] {logging_mixin.py:104} INFO - [2022-04-18 14:48:14,798] {dag.py:2273} INFO - Setting next_dagrun for latest_only to 2022-04-16 00:00:00+00:00
[2022-04-18 14:48:14,802] {scheduler_job.py:190} INFO - Processing /home/airflow/.local/lib/python3.6/site-packages/airflow/example_dags/example_latest_only.py took 0.034 seconds
[2022-04-18 14:48:44,893] {scheduler_job.py:182} INFO - Started process (PID=3657) to work on /home/airflow/.local/lib/python3.6/site-packages/airflow/example_dags/example_latest_only.py
[2022-04-18 14:48:44,894] {scheduler_job.py:629} INFO - Processing file /home/airflow/.local/lib/python3.6/site-packages/airflow/example_dags/example_latest_only.py for tasks to queue
[2022-04-18 14:48:44,894] {logging_mixin.py:104} INFO - [2022-04-18 14:48:44,894] {dagbag.py:448} INFO - Filling up the DagBag from /home/airflow/.local/lib/python3.6/site-packages/airflow/example_dags/example_latest_only.py
[2022-04-18 14:48:44,901] {scheduler_job.py:639} INFO - DAG(s) dict_keys(['latest_only']) retrieved from /home/airflow/.local/lib/python3.6/site-packages/airflow/example_dags/example_latest_only.py
[2022-04-18 14:48:44,915] {logging_mixin.py:104} INFO - [2022-04-18 14:48:44,915] {dag.py:1818} INFO - Sync 1 DAGs
[2022-04-18 14:48:44,925] {logging_mixin.py:104} INFO - [2022-04-18 14:48:44,925] {dag.py:2273} INFO - Setting next_dagrun for latest_only to 2022-04-16 00:00:00+00:00
[2022-04-18 14:48:44,929] {scheduler_job.py:190} INFO - Processing /home/airflow/.local/lib/python3.6/site-packages/airflow/example_dags/example_latest_only.py took 0.038 seconds
[2022-04-18 14:49:14,998] {scheduler_job.py:182} INFO - Started process (PID=3792) to work on /home/airflow/.local/lib/python3.6/site-packages/airflow/example_dags/example_latest_only.py
[2022-04-18 14:49:14,999] {scheduler_job.py:629} INFO - Processing file /home/airflow/.local/lib/python3.6/site-packages/airflow/example_dags/example_latest_only.py for tasks to queue
[2022-04-18 14:49:14,999] {logging_mixin.py:104} INFO - [2022-04-18 14:49:14,999] {dagbag.py:448} INFO - Filling up the DagBag from /home/airflow/.local/lib/python3.6/site-packages/airflow/example_dags/example_latest_only.py
[2022-04-18 14:49:15,007] {scheduler_job.py:639} INFO - DAG(s) dict_keys(['latest_only']) retrieved from /home/airflow/.local/lib/python3.6/site-packages/airflow/example_dags/example_latest_only.py
[2022-04-18 14:49:15,021] {logging_mixin.py:104} INFO - [2022-04-18 14:49:15,021] {dag.py:1818} INFO - Sync 1 DAGs
[2022-04-18 14:49:15,028] {logging_mixin.py:104} INFO - [2022-04-18 14:49:15,028] {dag.py:2273} INFO - Setting next_dagrun for latest_only to 2022-04-16 00:00:00+00:00
[2022-04-18 14:49:15,032] {scheduler_job.py:190} INFO - Processing /home/airflow/.local/lib/python3.6/site-packages/airflow/example_dags/example_latest_only.py took 0.037 seconds
[2022-04-18 14:49:45,139] {scheduler_job.py:182} INFO - Started process (PID=3926) to work on /home/airflow/.local/lib/python3.6/site-packages/airflow/example_dags/example_latest_only.py
[2022-04-18 14:49:45,140] {scheduler_job.py:629} INFO - Processing file /home/airflow/.local/lib/python3.6/site-packages/airflow/example_dags/example_latest_only.py for tasks to queue
[2022-04-18 14:49:45,140] {logging_mixin.py:104} INFO - [2022-04-18 14:49:45,140] {dagbag.py:448} INFO - Filling up the DagBag from /home/airflow/.local/lib/python3.6/site-packages/airflow/example_dags/example_latest_only.py
[2022-04-18 14:49:45,147] {scheduler_job.py:639} INFO - DAG(s) dict_keys(['latest_only']) retrieved from /home/airflow/.local/lib/python3.6/site-packages/airflow/example_dags/example_latest_only.py
[2022-04-18 14:49:45,160] {logging_mixin.py:104} INFO - [2022-04-18 14:49:45,160] {dag.py:1818} INFO - Sync 1 DAGs
[2022-04-18 14:49:45,167] {logging_mixin.py:104} INFO - [2022-04-18 14:49:45,167] {dag.py:2273} INFO - Setting next_dagrun for latest_only to 2022-04-16 00:00:00+00:00
[2022-04-18 14:49:45,171] {scheduler_job.py:190} INFO - Processing /home/airflow/.local/lib/python3.6/site-packages/airflow/example_dags/example_latest_only.py took 0.035 seconds
[2022-04-18 14:50:15,208] {scheduler_job.py:182} INFO - Started process (PID=4061) to work on /home/airflow/.local/lib/python3.6/site-packages/airflow/example_dags/example_latest_only.py
[2022-04-18 14:50:15,209] {scheduler_job.py:629} INFO - Processing file /home/airflow/.local/lib/python3.6/site-packages/airflow/example_dags/example_latest_only.py for tasks to queue
[2022-04-18 14:50:15,209] {logging_mixin.py:104} INFO - [2022-04-18 14:50:15,209] {dagbag.py:448} INFO - Filling up the DagBag from /home/airflow/.local/lib/python3.6/site-packages/airflow/example_dags/example_latest_only.py
[2022-04-18 14:50:15,216] {scheduler_job.py:639} INFO - DAG(s) dict_keys(['latest_only']) retrieved from /home/airflow/.local/lib/python3.6/site-packages/airflow/example_dags/example_latest_only.py
[2022-04-18 14:50:15,229] {logging_mixin.py:104} INFO - [2022-04-18 14:50:15,229] {dag.py:1818} INFO - Sync 1 DAGs
[2022-04-18 14:50:15,237] {logging_mixin.py:104} INFO - [2022-04-18 14:50:15,237] {dag.py:2273} INFO - Setting next_dagrun for latest_only to 2022-04-16 00:00:00+00:00
[2022-04-18 14:50:15,242] {scheduler_job.py:190} INFO - Processing /home/airflow/.local/lib/python3.6/site-packages/airflow/example_dags/example_latest_only.py took 0.035 seconds
[2022-04-18 14:50:45,272] {scheduler_job.py:182} INFO - Started process (PID=4197) to work on /home/airflow/.local/lib/python3.6/site-packages/airflow/example_dags/example_latest_only.py
[2022-04-18 14:50:45,273] {scheduler_job.py:629} INFO - Processing file /home/airflow/.local/lib/python3.6/site-packages/airflow/example_dags/example_latest_only.py for tasks to queue
[2022-04-18 14:50:45,273] {logging_mixin.py:104} INFO - [2022-04-18 14:50:45,273] {dagbag.py:448} INFO - Filling up the DagBag from /home/airflow/.local/lib/python3.6/site-packages/airflow/example_dags/example_latest_only.py
[2022-04-18 14:50:45,280] {scheduler_job.py:639} INFO - DAG(s) dict_keys(['latest_only']) retrieved from /home/airflow/.local/lib/python3.6/site-packages/airflow/example_dags/example_latest_only.py
[2022-04-18 14:50:45,291] {logging_mixin.py:104} INFO - [2022-04-18 14:50:45,291] {dag.py:1818} INFO - Sync 1 DAGs
[2022-04-18 14:50:45,300] {logging_mixin.py:104} INFO - [2022-04-18 14:50:45,300] {dag.py:2273} INFO - Setting next_dagrun for latest_only to 2022-04-16 00:00:00+00:00
[2022-04-18 14:50:45,304] {scheduler_job.py:190} INFO - Processing /home/airflow/.local/lib/python3.6/site-packages/airflow/example_dags/example_latest_only.py took 0.034 seconds
[2022-04-18 14:51:15,954] {scheduler_job.py:182} INFO - Started process (PID=4332) to work on /home/airflow/.local/lib/python3.6/site-packages/airflow/example_dags/example_latest_only.py
[2022-04-18 14:51:15,955] {scheduler_job.py:629} INFO - Processing file /home/airflow/.local/lib/python3.6/site-packages/airflow/example_dags/example_latest_only.py for tasks to queue
[2022-04-18 14:51:15,956] {logging_mixin.py:104} INFO - [2022-04-18 14:51:15,956] {dagbag.py:448} INFO - Filling up the DagBag from /home/airflow/.local/lib/python3.6/site-packages/airflow/example_dags/example_latest_only.py
[2022-04-18 14:51:15,963] {scheduler_job.py:639} INFO - DAG(s) dict_keys(['latest_only']) retrieved from /home/airflow/.local/lib/python3.6/site-packages/airflow/example_dags/example_latest_only.py
[2022-04-18 14:51:15,974] {logging_mixin.py:104} INFO - [2022-04-18 14:51:15,974] {dag.py:1818} INFO - Sync 1 DAGs
[2022-04-18 14:51:15,982] {logging_mixin.py:104} INFO - [2022-04-18 14:51:15,982] {dag.py:2273} INFO - Setting next_dagrun for latest_only to 2022-04-16 00:00:00+00:00
[2022-04-18 14:51:15,986] {scheduler_job.py:190} INFO - Processing /home/airflow/.local/lib/python3.6/site-packages/airflow/example_dags/example_latest_only.py took 0.035 seconds
[2022-04-18 14:51:46,699] {scheduler_job.py:182} INFO - Started process (PID=4467) to work on /home/airflow/.local/lib/python3.6/site-packages/airflow/example_dags/example_latest_only.py
[2022-04-18 14:51:46,700] {scheduler_job.py:629} INFO - Processing file /home/airflow/.local/lib/python3.6/site-packages/airflow/example_dags/example_latest_only.py for tasks to queue
[2022-04-18 14:51:46,701] {logging_mixin.py:104} INFO - [2022-04-18 14:51:46,700] {dagbag.py:448} INFO - Filling up the DagBag from /home/airflow/.local/lib/python3.6/site-packages/airflow/example_dags/example_latest_only.py
[2022-04-18 14:51:46,707] {scheduler_job.py:639} INFO - DAG(s) dict_keys(['latest_only']) retrieved from /home/airflow/.local/lib/python3.6/site-packages/airflow/example_dags/example_latest_only.py
[2022-04-18 14:51:46,717] {logging_mixin.py:104} INFO - [2022-04-18 14:51:46,717] {dag.py:1818} INFO - Sync 1 DAGs
[2022-04-18 14:51:46,727] {logging_mixin.py:104} INFO - [2022-04-18 14:51:46,727] {dag.py:2273} INFO - Setting next_dagrun for latest_only to 2022-04-16 00:00:00+00:00
[2022-04-18 14:51:46,731] {scheduler_job.py:190} INFO - Processing /home/airflow/.local/lib/python3.6/site-packages/airflow/example_dags/example_latest_only.py took 0.034 seconds
[2022-04-18 14:52:17,371] {scheduler_job.py:182} INFO - Started process (PID=4602) to work on /home/airflow/.local/lib/python3.6/site-packages/airflow/example_dags/example_latest_only.py
[2022-04-18 14:52:17,372] {scheduler_job.py:629} INFO - Processing file /home/airflow/.local/lib/python3.6/site-packages/airflow/example_dags/example_latest_only.py for tasks to queue
[2022-04-18 14:52:17,372] {logging_mixin.py:104} INFO - [2022-04-18 14:52:17,372] {dagbag.py:448} INFO - Filling up the DagBag from /home/airflow/.local/lib/python3.6/site-packages/airflow/example_dags/example_latest_only.py
[2022-04-18 14:52:17,379] {scheduler_job.py:639} INFO - DAG(s) dict_keys(['latest_only']) retrieved from /home/airflow/.local/lib/python3.6/site-packages/airflow/example_dags/example_latest_only.py
[2022-04-18 14:52:17,391] {logging_mixin.py:104} INFO - [2022-04-18 14:52:17,391] {dag.py:1818} INFO - Sync 1 DAGs
[2022-04-18 14:52:17,400] {logging_mixin.py:104} INFO - [2022-04-18 14:52:17,400] {dag.py:2273} INFO - Setting next_dagrun for latest_only to 2022-04-16 00:00:00+00:00
[2022-04-18 14:52:17,404] {scheduler_job.py:190} INFO - Processing /home/airflow/.local/lib/python3.6/site-packages/airflow/example_dags/example_latest_only.py took 0.035 seconds
[2022-04-18 14:52:48,051] {scheduler_job.py:182} INFO - Started process (PID=4737) to work on /home/airflow/.local/lib/python3.6/site-packages/airflow/example_dags/example_latest_only.py
[2022-04-18 14:52:48,051] {scheduler_job.py:629} INFO - Processing file /home/airflow/.local/lib/python3.6/site-packages/airflow/example_dags/example_latest_only.py for tasks to queue
[2022-04-18 14:52:48,052] {logging_mixin.py:104} INFO - [2022-04-18 14:52:48,052] {dagbag.py:448} INFO - Filling up the DagBag from /home/airflow/.local/lib/python3.6/site-packages/airflow/example_dags/example_latest_only.py
[2022-04-18 14:52:48,058] {scheduler_job.py:639} INFO - DAG(s) dict_keys(['latest_only']) retrieved from /home/airflow/.local/lib/python3.6/site-packages/airflow/example_dags/example_latest_only.py
[2022-04-18 14:52:48,068] {logging_mixin.py:104} INFO - [2022-04-18 14:52:48,068] {dag.py:1818} INFO - Sync 1 DAGs
[2022-04-18 14:52:48,078] {logging_mixin.py:104} INFO - [2022-04-18 14:52:48,078] {dag.py:2273} INFO - Setting next_dagrun for latest_only to 2022-04-16 00:00:00+00:00
[2022-04-18 14:52:48,082] {scheduler_job.py:190} INFO - Processing /home/airflow/.local/lib/python3.6/site-packages/airflow/example_dags/example_latest_only.py took 0.033 seconds
[2022-04-18 14:53:18,728] {scheduler_job.py:182} INFO - Started process (PID=4872) to work on /home/airflow/.local/lib/python3.6/site-packages/airflow/example_dags/example_latest_only.py
[2022-04-18 14:53:18,729] {scheduler_job.py:629} INFO - Processing file /home/airflow/.local/lib/python3.6/site-packages/airflow/example_dags/example_latest_only.py for tasks to queue
[2022-04-18 14:53:18,730] {logging_mixin.py:104} INFO - [2022-04-18 14:53:18,730] {dagbag.py:448} INFO - Filling up the DagBag from /home/airflow/.local/lib/python3.6/site-packages/airflow/example_dags/example_latest_only.py
[2022-04-18 14:53:18,736] {scheduler_job.py:639} INFO - DAG(s) dict_keys(['latest_only']) retrieved from /home/airflow/.local/lib/python3.6/site-packages/airflow/example_dags/example_latest_only.py
[2022-04-18 14:53:18,750] {logging_mixin.py:104} INFO - [2022-04-18 14:53:18,750] {dag.py:1818} INFO - Sync 1 DAGs
[2022-04-18 14:53:18,760] {logging_mixin.py:104} INFO - [2022-04-18 14:53:18,760] {dag.py:2273} INFO - Setting next_dagrun for latest_only to 2022-04-16 00:00:00+00:00
[2022-04-18 14:53:18,764] {scheduler_job.py:190} INFO - Processing /home/airflow/.local/lib/python3.6/site-packages/airflow/example_dags/example_latest_only.py took 0.039 seconds
[2022-04-18 14:53:49,466] {scheduler_job.py:182} INFO - Started process (PID=5007) to work on /home/airflow/.local/lib/python3.6/site-packages/airflow/example_dags/example_latest_only.py
[2022-04-18 14:53:49,467] {scheduler_job.py:629} INFO - Processing file /home/airflow/.local/lib/python3.6/site-packages/airflow/example_dags/example_latest_only.py for tasks to queue
[2022-04-18 14:53:49,467] {logging_mixin.py:104} INFO - [2022-04-18 14:53:49,467] {dagbag.py:448} INFO - Filling up the DagBag from /home/airflow/.local/lib/python3.6/site-packages/airflow/example_dags/example_latest_only.py
[2022-04-18 14:53:49,474] {scheduler_job.py:639} INFO - DAG(s) dict_keys(['latest_only']) retrieved from /home/airflow/.local/lib/python3.6/site-packages/airflow/example_dags/example_latest_only.py
[2022-04-18 14:53:49,487] {logging_mixin.py:104} INFO - [2022-04-18 14:53:49,487] {dag.py:1818} INFO - Sync 1 DAGs
[2022-04-18 14:53:49,497] {logging_mixin.py:104} INFO - [2022-04-18 14:53:49,497] {dag.py:2273} INFO - Setting next_dagrun for latest_only to 2022-04-16 00:00:00+00:00
[2022-04-18 14:53:49,500] {scheduler_job.py:190} INFO - Processing /home/airflow/.local/lib/python3.6/site-packages/airflow/example_dags/example_latest_only.py took 0.037 seconds
[2022-04-18 14:54:20,156] {scheduler_job.py:182} INFO - Started process (PID=5142) to work on /home/airflow/.local/lib/python3.6/site-packages/airflow/example_dags/example_latest_only.py
[2022-04-18 14:54:20,156] {scheduler_job.py:629} INFO - Processing file /home/airflow/.local/lib/python3.6/site-packages/airflow/example_dags/example_latest_only.py for tasks to queue
[2022-04-18 14:54:20,157] {logging_mixin.py:104} INFO - [2022-04-18 14:54:20,157] {dagbag.py:448} INFO - Filling up the DagBag from /home/airflow/.local/lib/python3.6/site-packages/airflow/example_dags/example_latest_only.py
[2022-04-18 14:54:20,162] {scheduler_job.py:639} INFO - DAG(s) dict_keys(['latest_only']) retrieved from /home/airflow/.local/lib/python3.6/site-packages/airflow/example_dags/example_latest_only.py
[2022-04-18 14:54:20,174] {logging_mixin.py:104} INFO - [2022-04-18 14:54:20,174] {dag.py:1818} INFO - Sync 1 DAGs
[2022-04-18 14:54:20,183] {logging_mixin.py:104} INFO - [2022-04-18 14:54:20,183] {dag.py:2273} INFO - Setting next_dagrun for latest_only to 2022-04-16 00:00:00+00:00
[2022-04-18 14:54:20,187] {scheduler_job.py:190} INFO - Processing /home/airflow/.local/lib/python3.6/site-packages/airflow/example_dags/example_latest_only.py took 0.033 seconds
[2022-04-18 14:54:50,822] {scheduler_job.py:182} INFO - Started process (PID=5277) to work on /home/airflow/.local/lib/python3.6/site-packages/airflow/example_dags/example_latest_only.py
[2022-04-18 14:54:50,822] {scheduler_job.py:629} INFO - Processing file /home/airflow/.local/lib/python3.6/site-packages/airflow/example_dags/example_latest_only.py for tasks to queue
[2022-04-18 14:54:50,823] {logging_mixin.py:104} INFO - [2022-04-18 14:54:50,823] {dagbag.py:448} INFO - Filling up the DagBag from /home/airflow/.local/lib/python3.6/site-packages/airflow/example_dags/example_latest_only.py
[2022-04-18 14:54:50,828] {scheduler_job.py:639} INFO - DAG(s) dict_keys(['latest_only']) retrieved from /home/airflow/.local/lib/python3.6/site-packages/airflow/example_dags/example_latest_only.py
[2022-04-18 14:54:50,840] {logging_mixin.py:104} INFO - [2022-04-18 14:54:50,840] {dag.py:1818} INFO - Sync 1 DAGs
[2022-04-18 14:54:50,852] {logging_mixin.py:104} INFO - [2022-04-18 14:54:50,852] {dag.py:2273} INFO - Setting next_dagrun for latest_only to 2022-04-16 00:00:00+00:00
[2022-04-18 14:54:50,858] {scheduler_job.py:190} INFO - Processing /home/airflow/.local/lib/python3.6/site-packages/airflow/example_dags/example_latest_only.py took 0.038 seconds
[2022-04-18 14:55:21,579] {scheduler_job.py:182} INFO - Started process (PID=5412) to work on /home/airflow/.local/lib/python3.6/site-packages/airflow/example_dags/example_latest_only.py
[2022-04-18 14:55:21,579] {scheduler_job.py:629} INFO - Processing file /home/airflow/.local/lib/python3.6/site-packages/airflow/example_dags/example_latest_only.py for tasks to queue
[2022-04-18 14:55:21,580] {logging_mixin.py:104} INFO - [2022-04-18 14:55:21,580] {dagbag.py:448} INFO - Filling up the DagBag from /home/airflow/.local/lib/python3.6/site-packages/airflow/example_dags/example_latest_only.py
[2022-04-18 14:55:21,585] {scheduler_job.py:639} INFO - DAG(s) dict_keys(['latest_only']) retrieved from /home/airflow/.local/lib/python3.6/site-packages/airflow/example_dags/example_latest_only.py
[2022-04-18 14:55:21,599] {logging_mixin.py:104} INFO - [2022-04-18 14:55:21,599] {dag.py:1818} INFO - Sync 1 DAGs
[2022-04-18 14:55:21,607] {logging_mixin.py:104} INFO - [2022-04-18 14:55:21,607] {dag.py:2273} INFO - Setting next_dagrun for latest_only to 2022-04-16 00:00:00+00:00
[2022-04-18 14:55:21,611] {scheduler_job.py:190} INFO - Processing /home/airflow/.local/lib/python3.6/site-packages/airflow/example_dags/example_latest_only.py took 0.034 seconds
[2022-04-18 14:55:52,257] {scheduler_job.py:182} INFO - Started process (PID=5546) to work on /home/airflow/.local/lib/python3.6/site-packages/airflow/example_dags/example_latest_only.py
[2022-04-18 14:55:52,257] {scheduler_job.py:629} INFO - Processing file /home/airflow/.local/lib/python3.6/site-packages/airflow/example_dags/example_latest_only.py for tasks to queue
[2022-04-18 14:55:52,258] {logging_mixin.py:104} INFO - [2022-04-18 14:55:52,258] {dagbag.py:448} INFO - Filling up the DagBag from /home/airflow/.local/lib/python3.6/site-packages/airflow/example_dags/example_latest_only.py
[2022-04-18 14:55:52,265] {scheduler_job.py:639} INFO - DAG(s) dict_keys(['latest_only']) retrieved from /home/airflow/.local/lib/python3.6/site-packages/airflow/example_dags/example_latest_only.py
[2022-04-18 14:55:52,277] {logging_mixin.py:104} INFO - [2022-04-18 14:55:52,277] {dag.py:1818} INFO - Sync 1 DAGs
[2022-04-18 14:55:52,286] {logging_mixin.py:104} INFO - [2022-04-18 14:55:52,286] {dag.py:2273} INFO - Setting next_dagrun for latest_only to 2022-04-16 00:00:00+00:00
[2022-04-18 14:55:52,290] {scheduler_job.py:190} INFO - Processing /home/airflow/.local/lib/python3.6/site-packages/airflow/example_dags/example_latest_only.py took 0.035 seconds
[2022-04-18 14:56:22,949] {scheduler_job.py:182} INFO - Started process (PID=5682) to work on /home/airflow/.local/lib/python3.6/site-packages/airflow/example_dags/example_latest_only.py
[2022-04-18 14:56:22,950] {scheduler_job.py:629} INFO - Processing file /home/airflow/.local/lib/python3.6/site-packages/airflow/example_dags/example_latest_only.py for tasks to queue
[2022-04-18 14:56:22,950] {logging_mixin.py:104} INFO - [2022-04-18 14:56:22,950] {dagbag.py:448} INFO - Filling up the DagBag from /home/airflow/.local/lib/python3.6/site-packages/airflow/example_dags/example_latest_only.py
[2022-04-18 14:56:22,957] {scheduler_job.py:639} INFO - DAG(s) dict_keys(['latest_only']) retrieved from /home/airflow/.local/lib/python3.6/site-packages/airflow/example_dags/example_latest_only.py
[2022-04-18 14:56:22,968] {logging_mixin.py:104} INFO - [2022-04-18 14:56:22,968] {dag.py:1818} INFO - Sync 1 DAGs
[2022-04-18 14:56:22,978] {logging_mixin.py:104} INFO - [2022-04-18 14:56:22,978] {dag.py:2273} INFO - Setting next_dagrun for latest_only to 2022-04-16 00:00:00+00:00
[2022-04-18 14:56:22,982] {scheduler_job.py:190} INFO - Processing /home/airflow/.local/lib/python3.6/site-packages/airflow/example_dags/example_latest_only.py took 0.035 seconds
[2022-04-18 14:56:53,609] {scheduler_job.py:182} INFO - Started process (PID=5817) to work on /home/airflow/.local/lib/python3.6/site-packages/airflow/example_dags/example_latest_only.py
[2022-04-18 14:56:53,610] {scheduler_job.py:629} INFO - Processing file /home/airflow/.local/lib/python3.6/site-packages/airflow/example_dags/example_latest_only.py for tasks to queue
[2022-04-18 14:56:53,611] {logging_mixin.py:104} INFO - [2022-04-18 14:56:53,611] {dagbag.py:448} INFO - Filling up the DagBag from /home/airflow/.local/lib/python3.6/site-packages/airflow/example_dags/example_latest_only.py
[2022-04-18 14:56:53,616] {scheduler_job.py:639} INFO - DAG(s) dict_keys(['latest_only']) retrieved from /home/airflow/.local/lib/python3.6/site-packages/airflow/example_dags/example_latest_only.py
[2022-04-18 14:56:53,627] {logging_mixin.py:104} INFO - [2022-04-18 14:56:53,627] {dag.py:1818} INFO - Sync 1 DAGs
[2022-04-18 14:56:53,635] {logging_mixin.py:104} INFO - [2022-04-18 14:56:53,635] {dag.py:2273} INFO - Setting next_dagrun for latest_only to 2022-04-16 00:00:00+00:00
[2022-04-18 14:56:53,639] {scheduler_job.py:190} INFO - Processing /home/airflow/.local/lib/python3.6/site-packages/airflow/example_dags/example_latest_only.py took 0.032 seconds
[2022-04-18 14:57:24,371] {scheduler_job.py:182} INFO - Started process (PID=5952) to work on /home/airflow/.local/lib/python3.6/site-packages/airflow/example_dags/example_latest_only.py
[2022-04-18 14:57:24,372] {scheduler_job.py:629} INFO - Processing file /home/airflow/.local/lib/python3.6/site-packages/airflow/example_dags/example_latest_only.py for tasks to queue
[2022-04-18 14:57:24,372] {logging_mixin.py:104} INFO - [2022-04-18 14:57:24,372] {dagbag.py:448} INFO - Filling up the DagBag from /home/airflow/.local/lib/python3.6/site-packages/airflow/example_dags/example_latest_only.py
[2022-04-18 14:57:24,377] {scheduler_job.py:639} INFO - DAG(s) dict_keys(['latest_only']) retrieved from /home/airflow/.local/lib/python3.6/site-packages/airflow/example_dags/example_latest_only.py
[2022-04-18 14:57:24,391] {logging_mixin.py:104} INFO - [2022-04-18 14:57:24,391] {dag.py:1818} INFO - Sync 1 DAGs
[2022-04-18 14:57:24,400] {logging_mixin.py:104} INFO - [2022-04-18 14:57:24,400] {dag.py:2273} INFO - Setting next_dagrun for latest_only to 2022-04-16 00:00:00+00:00
[2022-04-18 14:57:24,404] {scheduler_job.py:190} INFO - Processing /home/airflow/.local/lib/python3.6/site-packages/airflow/example_dags/example_latest_only.py took 0.035 seconds
[2022-04-18 14:57:55,103] {scheduler_job.py:182} INFO - Started process (PID=6087) to work on /home/airflow/.local/lib/python3.6/site-packages/airflow/example_dags/example_latest_only.py
[2022-04-18 14:57:55,103] {scheduler_job.py:629} INFO - Processing file /home/airflow/.local/lib/python3.6/site-packages/airflow/example_dags/example_latest_only.py for tasks to queue
[2022-04-18 14:57:55,104] {logging_mixin.py:104} INFO - [2022-04-18 14:57:55,104] {dagbag.py:448} INFO - Filling up the DagBag from /home/airflow/.local/lib/python3.6/site-packages/airflow/example_dags/example_latest_only.py
[2022-04-18 14:57:55,111] {scheduler_job.py:639} INFO - DAG(s) dict_keys(['latest_only']) retrieved from /home/airflow/.local/lib/python3.6/site-packages/airflow/example_dags/example_latest_only.py
[2022-04-18 14:57:55,126] {logging_mixin.py:104} INFO - [2022-04-18 14:57:55,126] {dag.py:1818} INFO - Sync 1 DAGs
[2022-04-18 14:57:55,134] {logging_mixin.py:104} INFO - [2022-04-18 14:57:55,134] {dag.py:2273} INFO - Setting next_dagrun for latest_only to 2022-04-16 00:00:00+00:00
[2022-04-18 14:57:55,138] {scheduler_job.py:190} INFO - Processing /home/airflow/.local/lib/python3.6/site-packages/airflow/example_dags/example_latest_only.py took 0.037 seconds
[2022-04-18 14:58:25,800] {scheduler_job.py:182} INFO - Started process (PID=6222) to work on /home/airflow/.local/lib/python3.6/site-packages/airflow/example_dags/example_latest_only.py
[2022-04-18 14:58:25,801] {scheduler_job.py:629} INFO - Processing file /home/airflow/.local/lib/python3.6/site-packages/airflow/example_dags/example_latest_only.py for tasks to queue
[2022-04-18 14:58:25,802] {logging_mixin.py:104} INFO - [2022-04-18 14:58:25,802] {dagbag.py:448} INFO - Filling up the DagBag from /home/airflow/.local/lib/python3.6/site-packages/airflow/example_dags/example_latest_only.py
[2022-04-18 14:58:25,807] {scheduler_job.py:639} INFO - DAG(s) dict_keys(['latest_only']) retrieved from /home/airflow/.local/lib/python3.6/site-packages/airflow/example_dags/example_latest_only.py
[2022-04-18 14:58:25,822] {logging_mixin.py:104} INFO - [2022-04-18 14:58:25,822] {dag.py:1818} INFO - Sync 1 DAGs
[2022-04-18 14:58:25,829] {logging_mixin.py:104} INFO - [2022-04-18 14:58:25,829] {dag.py:2273} INFO - Setting next_dagrun for latest_only to 2022-04-16 00:00:00+00:00
[2022-04-18 14:58:25,833] {scheduler_job.py:190} INFO - Processing /home/airflow/.local/lib/python3.6/site-packages/airflow/example_dags/example_latest_only.py took 0.035 seconds
[2022-04-18 14:58:56,466] {scheduler_job.py:182} INFO - Started process (PID=6357) to work on /home/airflow/.local/lib/python3.6/site-packages/airflow/example_dags/example_latest_only.py
[2022-04-18 14:58:56,467] {scheduler_job.py:629} INFO - Processing file /home/airflow/.local/lib/python3.6/site-packages/airflow/example_dags/example_latest_only.py for tasks to queue
[2022-04-18 14:58:56,467] {logging_mixin.py:104} INFO - [2022-04-18 14:58:56,467] {dagbag.py:448} INFO - Filling up the DagBag from /home/airflow/.local/lib/python3.6/site-packages/airflow/example_dags/example_latest_only.py
[2022-04-18 14:58:56,472] {scheduler_job.py:639} INFO - DAG(s) dict_keys(['latest_only']) retrieved from /home/airflow/.local/lib/python3.6/site-packages/airflow/example_dags/example_latest_only.py
[2022-04-18 14:58:56,484] {logging_mixin.py:104} INFO - [2022-04-18 14:58:56,484] {dag.py:1818} INFO - Sync 1 DAGs
[2022-04-18 14:58:56,494] {logging_mixin.py:104} INFO - [2022-04-18 14:58:56,494] {dag.py:2273} INFO - Setting next_dagrun for latest_only to 2022-04-16 00:00:00+00:00
[2022-04-18 14:58:56,498] {scheduler_job.py:190} INFO - Processing /home/airflow/.local/lib/python3.6/site-packages/airflow/example_dags/example_latest_only.py took 0.034 seconds
[2022-04-18 14:59:27,133] {scheduler_job.py:182} INFO - Started process (PID=6492) to work on /home/airflow/.local/lib/python3.6/site-packages/airflow/example_dags/example_latest_only.py
[2022-04-18 14:59:27,134] {scheduler_job.py:629} INFO - Processing file /home/airflow/.local/lib/python3.6/site-packages/airflow/example_dags/example_latest_only.py for tasks to queue
[2022-04-18 14:59:27,134] {logging_mixin.py:104} INFO - [2022-04-18 14:59:27,134] {dagbag.py:448} INFO - Filling up the DagBag from /home/airflow/.local/lib/python3.6/site-packages/airflow/example_dags/example_latest_only.py
[2022-04-18 14:59:27,139] {scheduler_job.py:639} INFO - DAG(s) dict_keys(['latest_only']) retrieved from /home/airflow/.local/lib/python3.6/site-packages/airflow/example_dags/example_latest_only.py
[2022-04-18 14:59:27,150] {logging_mixin.py:104} INFO - [2022-04-18 14:59:27,150] {dag.py:1818} INFO - Sync 1 DAGs
[2022-04-18 14:59:27,161] {logging_mixin.py:104} INFO - [2022-04-18 14:59:27,161] {dag.py:2273} INFO - Setting next_dagrun for latest_only to 2022-04-16 00:00:00+00:00
[2022-04-18 14:59:27,167] {scheduler_job.py:190} INFO - Processing /home/airflow/.local/lib/python3.6/site-packages/airflow/example_dags/example_latest_only.py took 0.035 seconds
[2022-04-18 14:59:57,817] {scheduler_job.py:182} INFO - Started process (PID=6627) to work on /home/airflow/.local/lib/python3.6/site-packages/airflow/example_dags/example_latest_only.py
[2022-04-18 14:59:57,818] {scheduler_job.py:629} INFO - Processing file /home/airflow/.local/lib/python3.6/site-packages/airflow/example_dags/example_latest_only.py for tasks to queue
[2022-04-18 14:59:57,818] {logging_mixin.py:104} INFO - [2022-04-18 14:59:57,818] {dagbag.py:448} INFO - Filling up the DagBag from /home/airflow/.local/lib/python3.6/site-packages/airflow/example_dags/example_latest_only.py
[2022-04-18 14:59:57,825] {scheduler_job.py:639} INFO - DAG(s) dict_keys(['latest_only']) retrieved from /home/airflow/.local/lib/python3.6/site-packages/airflow/example_dags/example_latest_only.py
[2022-04-18 14:59:57,840] {logging_mixin.py:104} INFO - [2022-04-18 14:59:57,840] {dag.py:1818} INFO - Sync 1 DAGs
[2022-04-18 14:59:57,849] {logging_mixin.py:104} INFO - [2022-04-18 14:59:57,849] {dag.py:2273} INFO - Setting next_dagrun for latest_only to 2022-04-16 00:00:00+00:00
[2022-04-18 14:59:57,853] {scheduler_job.py:190} INFO - Processing /home/airflow/.local/lib/python3.6/site-packages/airflow/example_dags/example_latest_only.py took 0.037 seconds
[2022-04-18 15:00:28,503] {scheduler_job.py:182} INFO - Started process (PID=6762) to work on /home/airflow/.local/lib/python3.6/site-packages/airflow/example_dags/example_latest_only.py
[2022-04-18 15:00:28,503] {scheduler_job.py:629} INFO - Processing file /home/airflow/.local/lib/python3.6/site-packages/airflow/example_dags/example_latest_only.py for tasks to queue
[2022-04-18 15:00:28,504] {logging_mixin.py:104} INFO - [2022-04-18 15:00:28,504] {dagbag.py:448} INFO - Filling up the DagBag from /home/airflow/.local/lib/python3.6/site-packages/airflow/example_dags/example_latest_only.py
[2022-04-18 15:00:28,510] {scheduler_job.py:639} INFO - DAG(s) dict_keys(['latest_only']) retrieved from /home/airflow/.local/lib/python3.6/site-packages/airflow/example_dags/example_latest_only.py
[2022-04-18 15:00:28,524] {logging_mixin.py:104} INFO - [2022-04-18 15:00:28,524] {dag.py:1818} INFO - Sync 1 DAGs
[2022-04-18 15:00:28,534] {logging_mixin.py:104} INFO - [2022-04-18 15:00:28,534] {dag.py:2273} INFO - Setting next_dagrun for latest_only to 2022-04-16 00:00:00+00:00
[2022-04-18 15:00:28,538] {scheduler_job.py:190} INFO - Processing /home/airflow/.local/lib/python3.6/site-packages/airflow/example_dags/example_latest_only.py took 0.037 seconds
[2022-04-18 15:00:59,176] {scheduler_job.py:182} INFO - Started process (PID=6897) to work on /home/airflow/.local/lib/python3.6/site-packages/airflow/example_dags/example_latest_only.py
[2022-04-18 15:00:59,176] {scheduler_job.py:629} INFO - Processing file /home/airflow/.local/lib/python3.6/site-packages/airflow/example_dags/example_latest_only.py for tasks to queue
[2022-04-18 15:00:59,177] {logging_mixin.py:104} INFO - [2022-04-18 15:00:59,177] {dagbag.py:448} INFO - Filling up the DagBag from /home/airflow/.local/lib/python3.6/site-packages/airflow/example_dags/example_latest_only.py
[2022-04-18 15:00:59,183] {scheduler_job.py:639} INFO - DAG(s) dict_keys(['latest_only']) retrieved from /home/airflow/.local/lib/python3.6/site-packages/airflow/example_dags/example_latest_only.py
[2022-04-18 15:00:59,198] {logging_mixin.py:104} INFO - [2022-04-18 15:00:59,197] {dag.py:1818} INFO - Sync 1 DAGs
[2022-04-18 15:00:59,207] {logging_mixin.py:104} INFO - [2022-04-18 15:00:59,207] {dag.py:2273} INFO - Setting next_dagrun for latest_only to 2022-04-16 00:00:00+00:00
[2022-04-18 15:00:59,211] {scheduler_job.py:190} INFO - Processing /home/airflow/.local/lib/python3.6/site-packages/airflow/example_dags/example_latest_only.py took 0.037 seconds
[2022-04-18 15:01:29,874] {scheduler_job.py:182} INFO - Started process (PID=7032) to work on /home/airflow/.local/lib/python3.6/site-packages/airflow/example_dags/example_latest_only.py
[2022-04-18 15:01:29,875] {scheduler_job.py:629} INFO - Processing file /home/airflow/.local/lib/python3.6/site-packages/airflow/example_dags/example_latest_only.py for tasks to queue
[2022-04-18 15:01:29,875] {logging_mixin.py:104} INFO - [2022-04-18 15:01:29,875] {dagbag.py:448} INFO - Filling up the DagBag from /home/airflow/.local/lib/python3.6/site-packages/airflow/example_dags/example_latest_only.py
[2022-04-18 15:01:29,881] {scheduler_job.py:639} INFO - DAG(s) dict_keys(['latest_only']) retrieved from /home/airflow/.local/lib/python3.6/site-packages/airflow/example_dags/example_latest_only.py
[2022-04-18 15:01:29,895] {logging_mixin.py:104} INFO - [2022-04-18 15:01:29,895] {dag.py:1818} INFO - Sync 1 DAGs
[2022-04-18 15:01:29,904] {logging_mixin.py:104} INFO - [2022-04-18 15:01:29,904] {dag.py:2273} INFO - Setting next_dagrun for latest_only to 2022-04-16 00:00:00+00:00
[2022-04-18 15:01:29,908] {scheduler_job.py:190} INFO - Processing /home/airflow/.local/lib/python3.6/site-packages/airflow/example_dags/example_latest_only.py took 0.036 seconds
[2022-04-18 15:02:00,625] {scheduler_job.py:182} INFO - Started process (PID=7167) to work on /home/airflow/.local/lib/python3.6/site-packages/airflow/example_dags/example_latest_only.py
[2022-04-18 15:02:00,626] {scheduler_job.py:629} INFO - Processing file /home/airflow/.local/lib/python3.6/site-packages/airflow/example_dags/example_latest_only.py for tasks to queue
[2022-04-18 15:02:00,626] {logging_mixin.py:104} INFO - [2022-04-18 15:02:00,626] {dagbag.py:448} INFO - Filling up the DagBag from /home/airflow/.local/lib/python3.6/site-packages/airflow/example_dags/example_latest_only.py
[2022-04-18 15:02:00,633] {scheduler_job.py:639} INFO - DAG(s) dict_keys(['latest_only']) retrieved from /home/airflow/.local/lib/python3.6/site-packages/airflow/example_dags/example_latest_only.py
[2022-04-18 15:02:00,643] {logging_mixin.py:104} INFO - [2022-04-18 15:02:00,643] {dag.py:1818} INFO - Sync 1 DAGs
[2022-04-18 15:02:00,653] {logging_mixin.py:104} INFO - [2022-04-18 15:02:00,653] {dag.py:2273} INFO - Setting next_dagrun for latest_only to 2022-04-16 00:00:00+00:00
[2022-04-18 15:02:00,657] {scheduler_job.py:190} INFO - Processing /home/airflow/.local/lib/python3.6/site-packages/airflow/example_dags/example_latest_only.py took 0.034 seconds
[2022-04-18 15:02:31,314] {scheduler_job.py:182} INFO - Started process (PID=7302) to work on /home/airflow/.local/lib/python3.6/site-packages/airflow/example_dags/example_latest_only.py
[2022-04-18 15:02:31,315] {scheduler_job.py:629} INFO - Processing file /home/airflow/.local/lib/python3.6/site-packages/airflow/example_dags/example_latest_only.py for tasks to queue
[2022-04-18 15:02:31,316] {logging_mixin.py:104} INFO - [2022-04-18 15:02:31,316] {dagbag.py:448} INFO - Filling up the DagBag from /home/airflow/.local/lib/python3.6/site-packages/airflow/example_dags/example_latest_only.py
[2022-04-18 15:02:31,323] {scheduler_job.py:639} INFO - DAG(s) dict_keys(['latest_only']) retrieved from /home/airflow/.local/lib/python3.6/site-packages/airflow/example_dags/example_latest_only.py
[2022-04-18 15:02:31,338] {logging_mixin.py:104} INFO - [2022-04-18 15:02:31,337] {dag.py:1818} INFO - Sync 1 DAGs
[2022-04-18 15:02:31,345] {logging_mixin.py:104} INFO - [2022-04-18 15:02:31,345] {dag.py:2273} INFO - Setting next_dagrun for latest_only to 2022-04-16 00:00:00+00:00
[2022-04-18 15:02:31,349] {scheduler_job.py:190} INFO - Processing /home/airflow/.local/lib/python3.6/site-packages/airflow/example_dags/example_latest_only.py took 0.037 seconds
[2022-04-18 15:03:01,998] {scheduler_job.py:182} INFO - Started process (PID=7437) to work on /home/airflow/.local/lib/python3.6/site-packages/airflow/example_dags/example_latest_only.py
[2022-04-18 15:03:01,999] {scheduler_job.py:629} INFO - Processing file /home/airflow/.local/lib/python3.6/site-packages/airflow/example_dags/example_latest_only.py for tasks to queue
[2022-04-18 15:03:01,999] {logging_mixin.py:104} INFO - [2022-04-18 15:03:01,999] {dagbag.py:448} INFO - Filling up the DagBag from /home/airflow/.local/lib/python3.6/site-packages/airflow/example_dags/example_latest_only.py
[2022-04-18 15:03:02,006] {scheduler_job.py:639} INFO - DAG(s) dict_keys(['latest_only']) retrieved from /home/airflow/.local/lib/python3.6/site-packages/airflow/example_dags/example_latest_only.py
[2022-04-18 15:03:02,020] {logging_mixin.py:104} INFO - [2022-04-18 15:03:02,020] {dag.py:1818} INFO - Sync 1 DAGs
[2022-04-18 15:03:02,028] {logging_mixin.py:104} INFO - [2022-04-18 15:03:02,028] {dag.py:2273} INFO - Setting next_dagrun for latest_only to 2022-04-16 00:00:00+00:00
[2022-04-18 15:03:02,032] {scheduler_job.py:190} INFO - Processing /home/airflow/.local/lib/python3.6/site-packages/airflow/example_dags/example_latest_only.py took 0.037 seconds
[2022-04-18 15:03:32,676] {scheduler_job.py:182} INFO - Started process (PID=7572) to work on /home/airflow/.local/lib/python3.6/site-packages/airflow/example_dags/example_latest_only.py
[2022-04-18 15:03:32,677] {scheduler_job.py:629} INFO - Processing file /home/airflow/.local/lib/python3.6/site-packages/airflow/example_dags/example_latest_only.py for tasks to queue
[2022-04-18 15:03:32,678] {logging_mixin.py:104} INFO - [2022-04-18 15:03:32,678] {dagbag.py:448} INFO - Filling up the DagBag from /home/airflow/.local/lib/python3.6/site-packages/airflow/example_dags/example_latest_only.py
[2022-04-18 15:03:32,685] {scheduler_job.py:639} INFO - DAG(s) dict_keys(['latest_only']) retrieved from /home/airflow/.local/lib/python3.6/site-packages/airflow/example_dags/example_latest_only.py
[2022-04-18 15:03:32,696] {logging_mixin.py:104} INFO - [2022-04-18 15:03:32,696] {dag.py:1818} INFO - Sync 1 DAGs
[2022-04-18 15:03:32,704] {logging_mixin.py:104} INFO - [2022-04-18 15:03:32,704] {dag.py:2273} INFO - Setting next_dagrun for latest_only to 2022-04-16 00:00:00+00:00
[2022-04-18 15:03:32,709] {scheduler_job.py:190} INFO - Processing /home/airflow/.local/lib/python3.6/site-packages/airflow/example_dags/example_latest_only.py took 0.034 seconds
[2022-04-18 15:04:03,342] {scheduler_job.py:182} INFO - Started process (PID=7707) to work on /home/airflow/.local/lib/python3.6/site-packages/airflow/example_dags/example_latest_only.py
[2022-04-18 15:04:03,343] {scheduler_job.py:629} INFO - Processing file /home/airflow/.local/lib/python3.6/site-packages/airflow/example_dags/example_latest_only.py for tasks to queue
[2022-04-18 15:04:03,344] {logging_mixin.py:104} INFO - [2022-04-18 15:04:03,344] {dagbag.py:448} INFO - Filling up the DagBag from /home/airflow/.local/lib/python3.6/site-packages/airflow/example_dags/example_latest_only.py
[2022-04-18 15:04:03,351] {scheduler_job.py:639} INFO - DAG(s) dict_keys(['latest_only']) retrieved from /home/airflow/.local/lib/python3.6/site-packages/airflow/example_dags/example_latest_only.py
[2022-04-18 15:04:03,365] {logging_mixin.py:104} INFO - [2022-04-18 15:04:03,365] {dag.py:1818} INFO - Sync 1 DAGs
[2022-04-18 15:04:03,373] {logging_mixin.py:104} INFO - [2022-04-18 15:04:03,373] {dag.py:2273} INFO - Setting next_dagrun for latest_only to 2022-04-16 00:00:00+00:00
[2022-04-18 15:04:03,377] {scheduler_job.py:190} INFO - Processing /home/airflow/.local/lib/python3.6/site-packages/airflow/example_dags/example_latest_only.py took 0.038 seconds
[2022-04-18 15:04:34,077] {scheduler_job.py:182} INFO - Started process (PID=7842) to work on /home/airflow/.local/lib/python3.6/site-packages/airflow/example_dags/example_latest_only.py
[2022-04-18 15:04:34,077] {scheduler_job.py:629} INFO - Processing file /home/airflow/.local/lib/python3.6/site-packages/airflow/example_dags/example_latest_only.py for tasks to queue
[2022-04-18 15:04:34,078] {logging_mixin.py:104} INFO - [2022-04-18 15:04:34,078] {dagbag.py:448} INFO - Filling up the DagBag from /home/airflow/.local/lib/python3.6/site-packages/airflow/example_dags/example_latest_only.py
[2022-04-18 15:04:34,085] {scheduler_job.py:639} INFO - DAG(s) dict_keys(['latest_only']) retrieved from /home/airflow/.local/lib/python3.6/site-packages/airflow/example_dags/example_latest_only.py
[2022-04-18 15:04:34,098] {logging_mixin.py:104} INFO - [2022-04-18 15:04:34,098] {dag.py:1818} INFO - Sync 1 DAGs
[2022-04-18 15:04:34,106] {logging_mixin.py:104} INFO - [2022-04-18 15:04:34,106] {dag.py:2273} INFO - Setting next_dagrun for latest_only to 2022-04-16 00:00:00+00:00
[2022-04-18 15:04:34,110] {scheduler_job.py:190} INFO - Processing /home/airflow/.local/lib/python3.6/site-packages/airflow/example_dags/example_latest_only.py took 0.035 seconds
[2022-04-18 15:05:04,770] {scheduler_job.py:182} INFO - Started process (PID=7976) to work on /home/airflow/.local/lib/python3.6/site-packages/airflow/example_dags/example_latest_only.py
[2022-04-18 15:05:04,770] {scheduler_job.py:629} INFO - Processing file /home/airflow/.local/lib/python3.6/site-packages/airflow/example_dags/example_latest_only.py for tasks to queue
[2022-04-18 15:05:04,771] {logging_mixin.py:104} INFO - [2022-04-18 15:05:04,771] {dagbag.py:448} INFO - Filling up the DagBag from /home/airflow/.local/lib/python3.6/site-packages/airflow/example_dags/example_latest_only.py
[2022-04-18 15:05:04,778] {scheduler_job.py:639} INFO - DAG(s) dict_keys(['latest_only']) retrieved from /home/airflow/.local/lib/python3.6/site-packages/airflow/example_dags/example_latest_only.py
[2022-04-18 15:05:04,790] {logging_mixin.py:104} INFO - [2022-04-18 15:05:04,790] {dag.py:1818} INFO - Sync 1 DAGs
[2022-04-18 15:05:04,798] {logging_mixin.py:104} INFO - [2022-04-18 15:05:04,798] {dag.py:2273} INFO - Setting next_dagrun for latest_only to 2022-04-16 00:00:00+00:00
[2022-04-18 15:05:04,803] {scheduler_job.py:190} INFO - Processing /home/airflow/.local/lib/python3.6/site-packages/airflow/example_dags/example_latest_only.py took 0.036 seconds
[2022-04-18 15:05:35,453] {scheduler_job.py:182} INFO - Started process (PID=8112) to work on /home/airflow/.local/lib/python3.6/site-packages/airflow/example_dags/example_latest_only.py
[2022-04-18 15:05:35,454] {scheduler_job.py:629} INFO - Processing file /home/airflow/.local/lib/python3.6/site-packages/airflow/example_dags/example_latest_only.py for tasks to queue
[2022-04-18 15:05:35,454] {logging_mixin.py:104} INFO - [2022-04-18 15:05:35,454] {dagbag.py:448} INFO - Filling up the DagBag from /home/airflow/.local/lib/python3.6/site-packages/airflow/example_dags/example_latest_only.py
[2022-04-18 15:05:35,461] {scheduler_job.py:639} INFO - DAG(s) dict_keys(['latest_only']) retrieved from /home/airflow/.local/lib/python3.6/site-packages/airflow/example_dags/example_latest_only.py
[2022-04-18 15:05:35,475] {logging_mixin.py:104} INFO - [2022-04-18 15:05:35,475] {dag.py:1818} INFO - Sync 1 DAGs
[2022-04-18 15:05:35,485] {logging_mixin.py:104} INFO - [2022-04-18 15:05:35,485] {dag.py:2273} INFO - Setting next_dagrun for latest_only to 2022-04-16 00:00:00+00:00
[2022-04-18 15:05:35,489] {scheduler_job.py:190} INFO - Processing /home/airflow/.local/lib/python3.6/site-packages/airflow/example_dags/example_latest_only.py took 0.038 seconds
[2022-04-18 15:06:06,140] {scheduler_job.py:182} INFO - Started process (PID=8246) to work on /home/airflow/.local/lib/python3.6/site-packages/airflow/example_dags/example_latest_only.py
[2022-04-18 15:06:06,141] {scheduler_job.py:629} INFO - Processing file /home/airflow/.local/lib/python3.6/site-packages/airflow/example_dags/example_latest_only.py for tasks to queue
[2022-04-18 15:06:06,141] {logging_mixin.py:104} INFO - [2022-04-18 15:06:06,141] {dagbag.py:448} INFO - Filling up the DagBag from /home/airflow/.local/lib/python3.6/site-packages/airflow/example_dags/example_latest_only.py
[2022-04-18 15:06:06,148] {scheduler_job.py:639} INFO - DAG(s) dict_keys(['latest_only']) retrieved from /home/airflow/.local/lib/python3.6/site-packages/airflow/example_dags/example_latest_only.py
[2022-04-18 15:06:06,162] {logging_mixin.py:104} INFO - [2022-04-18 15:06:06,162] {dag.py:1818} INFO - Sync 1 DAGs
[2022-04-18 15:06:06,170] {logging_mixin.py:104} INFO - [2022-04-18 15:06:06,170] {dag.py:2273} INFO - Setting next_dagrun for latest_only to 2022-04-16 00:00:00+00:00
[2022-04-18 15:06:06,174] {scheduler_job.py:190} INFO - Processing /home/airflow/.local/lib/python3.6/site-packages/airflow/example_dags/example_latest_only.py took 0.036 seconds
[2022-04-18 15:06:36,875] {scheduler_job.py:182} INFO - Started process (PID=8382) to work on /home/airflow/.local/lib/python3.6/site-packages/airflow/example_dags/example_latest_only.py
[2022-04-18 15:06:36,876] {scheduler_job.py:629} INFO - Processing file /home/airflow/.local/lib/python3.6/site-packages/airflow/example_dags/example_latest_only.py for tasks to queue
[2022-04-18 15:06:36,877] {logging_mixin.py:104} INFO - [2022-04-18 15:06:36,877] {dagbag.py:448} INFO - Filling up the DagBag from /home/airflow/.local/lib/python3.6/site-packages/airflow/example_dags/example_latest_only.py
[2022-04-18 15:06:36,883] {scheduler_job.py:639} INFO - DAG(s) dict_keys(['latest_only']) retrieved from /home/airflow/.local/lib/python3.6/site-packages/airflow/example_dags/example_latest_only.py
[2022-04-18 15:06:36,894] {logging_mixin.py:104} INFO - [2022-04-18 15:06:36,894] {dag.py:1818} INFO - Sync 1 DAGs
[2022-04-18 15:06:36,903] {logging_mixin.py:104} INFO - [2022-04-18 15:06:36,903] {dag.py:2273} INFO - Setting next_dagrun for latest_only to 2022-04-16 00:00:00+00:00
[2022-04-18 15:06:36,907] {scheduler_job.py:190} INFO - Processing /home/airflow/.local/lib/python3.6/site-packages/airflow/example_dags/example_latest_only.py took 0.033 seconds
