[2022-04-18 14:37:01,488] {scheduler_job.py:182} INFO - Started process (PID=255) to work on /home/airflow/.local/lib/python3.6/site-packages/airflow/example_dags/example_xcomargs.py
[2022-04-18 14:37:01,489] {scheduler_job.py:629} INFO - Processing file /home/airflow/.local/lib/python3.6/site-packages/airflow/example_dags/example_xcomargs.py for tasks to queue
[2022-04-18 14:37:01,489] {logging_mixin.py:104} INFO - [2022-04-18 14:37:01,489] {dagbag.py:448} INFO - Filling up the DagBag from /home/airflow/.local/lib/python3.6/site-packages/airflow/example_dags/example_xcomargs.py
[2022-04-18 14:37:01,501] {scheduler_job.py:639} INFO - DAG(s) dict_keys(['example_xcom_args', 'example_xcom_args_with_operators']) retrieved from /home/airflow/.local/lib/python3.6/site-packages/airflow/example_dags/example_xcomargs.py
[2022-04-18 14:37:01,519] {logging_mixin.py:104} INFO - [2022-04-18 14:37:01,519] {dag.py:1818} INFO - Sync 2 DAGs
[2022-04-18 14:37:01,528] {logging_mixin.py:104} INFO - [2022-04-18 14:37:01,528] {dag.py:2273} INFO - Setting next_dagrun for example_xcom_args to None
[2022-04-18 14:37:01,528] {logging_mixin.py:104} INFO - [2022-04-18 14:37:01,528] {dag.py:2273} INFO - Setting next_dagrun for example_xcom_args_with_operators to None
[2022-04-18 14:37:01,534] {scheduler_job.py:190} INFO - Processing /home/airflow/.local/lib/python3.6/site-packages/airflow/example_dags/example_xcomargs.py took 0.046 seconds
[2022-04-18 14:37:31,546] {scheduler_job.py:182} INFO - Started process (PID=630) to work on /home/airflow/.local/lib/python3.6/site-packages/airflow/example_dags/example_xcomargs.py
[2022-04-18 14:37:31,547] {scheduler_job.py:629} INFO - Processing file /home/airflow/.local/lib/python3.6/site-packages/airflow/example_dags/example_xcomargs.py for tasks to queue
[2022-04-18 14:37:31,547] {logging_mixin.py:104} INFO - [2022-04-18 14:37:31,547] {dagbag.py:448} INFO - Filling up the DagBag from /home/airflow/.local/lib/python3.6/site-packages/airflow/example_dags/example_xcomargs.py
[2022-04-18 14:37:31,560] {scheduler_job.py:639} INFO - DAG(s) dict_keys(['example_xcom_args', 'example_xcom_args_with_operators']) retrieved from /home/airflow/.local/lib/python3.6/site-packages/airflow/example_dags/example_xcomargs.py
[2022-04-18 14:37:31,577] {logging_mixin.py:104} INFO - [2022-04-18 14:37:31,577] {dag.py:1818} INFO - Sync 2 DAGs
[2022-04-18 14:37:31,587] {logging_mixin.py:104} INFO - [2022-04-18 14:37:31,587] {dag.py:2273} INFO - Setting next_dagrun for example_xcom_args to None
[2022-04-18 14:37:31,588] {logging_mixin.py:104} INFO - [2022-04-18 14:37:31,588] {dag.py:2273} INFO - Setting next_dagrun for example_xcom_args_with_operators to None
[2022-04-18 14:37:31,593] {scheduler_job.py:190} INFO - Processing /home/airflow/.local/lib/python3.6/site-packages/airflow/example_dags/example_xcomargs.py took 0.048 seconds
[2022-04-18 14:38:01,612] {scheduler_job.py:182} INFO - Started process (PID=769) to work on /home/airflow/.local/lib/python3.6/site-packages/airflow/example_dags/example_xcomargs.py
[2022-04-18 14:38:01,612] {scheduler_job.py:629} INFO - Processing file /home/airflow/.local/lib/python3.6/site-packages/airflow/example_dags/example_xcomargs.py for tasks to queue
[2022-04-18 14:38:01,613] {logging_mixin.py:104} INFO - [2022-04-18 14:38:01,613] {dagbag.py:448} INFO - Filling up the DagBag from /home/airflow/.local/lib/python3.6/site-packages/airflow/example_dags/example_xcomargs.py
[2022-04-18 14:38:01,625] {scheduler_job.py:639} INFO - DAG(s) dict_keys(['example_xcom_args', 'example_xcom_args_with_operators']) retrieved from /home/airflow/.local/lib/python3.6/site-packages/airflow/example_dags/example_xcomargs.py
[2022-04-18 14:38:01,643] {logging_mixin.py:104} INFO - [2022-04-18 14:38:01,643] {dag.py:1818} INFO - Sync 2 DAGs
[2022-04-18 14:38:01,651] {logging_mixin.py:104} INFO - [2022-04-18 14:38:01,651] {dag.py:2273} INFO - Setting next_dagrun for example_xcom_args to None
[2022-04-18 14:38:01,652] {logging_mixin.py:104} INFO - [2022-04-18 14:38:01,652] {dag.py:2273} INFO - Setting next_dagrun for example_xcom_args_with_operators to None
[2022-04-18 14:38:01,657] {scheduler_job.py:190} INFO - Processing /home/airflow/.local/lib/python3.6/site-packages/airflow/example_dags/example_xcomargs.py took 0.047 seconds
[2022-04-18 14:38:31,677] {scheduler_job.py:182} INFO - Started process (PID=908) to work on /home/airflow/.local/lib/python3.6/site-packages/airflow/example_dags/example_xcomargs.py
[2022-04-18 14:38:31,677] {scheduler_job.py:629} INFO - Processing file /home/airflow/.local/lib/python3.6/site-packages/airflow/example_dags/example_xcomargs.py for tasks to queue
[2022-04-18 14:38:31,678] {logging_mixin.py:104} INFO - [2022-04-18 14:38:31,677] {dagbag.py:448} INFO - Filling up the DagBag from /home/airflow/.local/lib/python3.6/site-packages/airflow/example_dags/example_xcomargs.py
[2022-04-18 14:38:31,687] {scheduler_job.py:639} INFO - DAG(s) dict_keys(['example_xcom_args', 'example_xcom_args_with_operators']) retrieved from /home/airflow/.local/lib/python3.6/site-packages/airflow/example_dags/example_xcomargs.py
[2022-04-18 14:38:31,705] {logging_mixin.py:104} INFO - [2022-04-18 14:38:31,705] {dag.py:1818} INFO - Sync 2 DAGs
[2022-04-18 14:38:31,712] {logging_mixin.py:104} INFO - [2022-04-18 14:38:31,712] {dag.py:2273} INFO - Setting next_dagrun for example_xcom_args to None
[2022-04-18 14:38:31,712] {logging_mixin.py:104} INFO - [2022-04-18 14:38:31,712] {dag.py:2273} INFO - Setting next_dagrun for example_xcom_args_with_operators to None
[2022-04-18 14:38:31,720] {scheduler_job.py:190} INFO - Processing /home/airflow/.local/lib/python3.6/site-packages/airflow/example_dags/example_xcomargs.py took 0.045 seconds
[2022-04-18 14:39:01,751] {scheduler_job.py:182} INFO - Started process (PID=1047) to work on /home/airflow/.local/lib/python3.6/site-packages/airflow/example_dags/example_xcomargs.py
[2022-04-18 14:39:01,751] {scheduler_job.py:629} INFO - Processing file /home/airflow/.local/lib/python3.6/site-packages/airflow/example_dags/example_xcomargs.py for tasks to queue
[2022-04-18 14:39:01,752] {logging_mixin.py:104} INFO - [2022-04-18 14:39:01,752] {dagbag.py:448} INFO - Filling up the DagBag from /home/airflow/.local/lib/python3.6/site-packages/airflow/example_dags/example_xcomargs.py
[2022-04-18 14:39:01,762] {scheduler_job.py:639} INFO - DAG(s) dict_keys(['example_xcom_args', 'example_xcom_args_with_operators']) retrieved from /home/airflow/.local/lib/python3.6/site-packages/airflow/example_dags/example_xcomargs.py
[2022-04-18 14:39:01,777] {logging_mixin.py:104} INFO - [2022-04-18 14:39:01,777] {dag.py:1818} INFO - Sync 2 DAGs
[2022-04-18 14:39:01,785] {logging_mixin.py:104} INFO - [2022-04-18 14:39:01,785] {dag.py:2273} INFO - Setting next_dagrun for example_xcom_args to None
[2022-04-18 14:39:01,785] {logging_mixin.py:104} INFO - [2022-04-18 14:39:01,785] {dag.py:2273} INFO - Setting next_dagrun for example_xcom_args_with_operators to None
[2022-04-18 14:39:01,790] {scheduler_job.py:190} INFO - Processing /home/airflow/.local/lib/python3.6/site-packages/airflow/example_dags/example_xcomargs.py took 0.041 seconds
[2022-04-18 14:39:31,818] {scheduler_job.py:182} INFO - Started process (PID=1182) to work on /home/airflow/.local/lib/python3.6/site-packages/airflow/example_dags/example_xcomargs.py
[2022-04-18 14:39:31,819] {scheduler_job.py:629} INFO - Processing file /home/airflow/.local/lib/python3.6/site-packages/airflow/example_dags/example_xcomargs.py for tasks to queue
[2022-04-18 14:39:31,819] {logging_mixin.py:104} INFO - [2022-04-18 14:39:31,819] {dagbag.py:448} INFO - Filling up the DagBag from /home/airflow/.local/lib/python3.6/site-packages/airflow/example_dags/example_xcomargs.py
[2022-04-18 14:39:31,827] {scheduler_job.py:639} INFO - DAG(s) dict_keys(['example_xcom_args', 'example_xcom_args_with_operators']) retrieved from /home/airflow/.local/lib/python3.6/site-packages/airflow/example_dags/example_xcomargs.py
[2022-04-18 14:39:31,841] {logging_mixin.py:104} INFO - [2022-04-18 14:39:31,841] {dag.py:1818} INFO - Sync 2 DAGs
[2022-04-18 14:39:31,851] {logging_mixin.py:104} INFO - [2022-04-18 14:39:31,851] {dag.py:2273} INFO - Setting next_dagrun for example_xcom_args to None
[2022-04-18 14:39:31,851] {logging_mixin.py:104} INFO - [2022-04-18 14:39:31,851] {dag.py:2273} INFO - Setting next_dagrun for example_xcom_args_with_operators to None
[2022-04-18 14:39:31,856] {scheduler_job.py:190} INFO - Processing /home/airflow/.local/lib/python3.6/site-packages/airflow/example_dags/example_xcomargs.py took 0.039 seconds
[2022-04-18 14:40:01,885] {scheduler_job.py:182} INFO - Started process (PID=1317) to work on /home/airflow/.local/lib/python3.6/site-packages/airflow/example_dags/example_xcomargs.py
[2022-04-18 14:40:01,886] {scheduler_job.py:629} INFO - Processing file /home/airflow/.local/lib/python3.6/site-packages/airflow/example_dags/example_xcomargs.py for tasks to queue
[2022-04-18 14:40:01,887] {logging_mixin.py:104} INFO - [2022-04-18 14:40:01,887] {dagbag.py:448} INFO - Filling up the DagBag from /home/airflow/.local/lib/python3.6/site-packages/airflow/example_dags/example_xcomargs.py
[2022-04-18 14:40:01,897] {scheduler_job.py:639} INFO - DAG(s) dict_keys(['example_xcom_args', 'example_xcom_args_with_operators']) retrieved from /home/airflow/.local/lib/python3.6/site-packages/airflow/example_dags/example_xcomargs.py
[2022-04-18 14:40:01,911] {logging_mixin.py:104} INFO - [2022-04-18 14:40:01,911] {dag.py:1818} INFO - Sync 2 DAGs
[2022-04-18 14:40:01,920] {logging_mixin.py:104} INFO - [2022-04-18 14:40:01,920] {dag.py:2273} INFO - Setting next_dagrun for example_xcom_args to None
[2022-04-18 14:40:01,921] {logging_mixin.py:104} INFO - [2022-04-18 14:40:01,921] {dag.py:2273} INFO - Setting next_dagrun for example_xcom_args_with_operators to None
[2022-04-18 14:40:01,925] {scheduler_job.py:190} INFO - Processing /home/airflow/.local/lib/python3.6/site-packages/airflow/example_dags/example_xcomargs.py took 0.042 seconds
[2022-04-18 14:40:32,661] {scheduler_job.py:182} INFO - Started process (PID=1452) to work on /home/airflow/.local/lib/python3.6/site-packages/airflow/example_dags/example_xcomargs.py
[2022-04-18 14:40:32,661] {scheduler_job.py:629} INFO - Processing file /home/airflow/.local/lib/python3.6/site-packages/airflow/example_dags/example_xcomargs.py for tasks to queue
[2022-04-18 14:40:32,662] {logging_mixin.py:104} INFO - [2022-04-18 14:40:32,662] {dagbag.py:448} INFO - Filling up the DagBag from /home/airflow/.local/lib/python3.6/site-packages/airflow/example_dags/example_xcomargs.py
[2022-04-18 14:40:32,673] {scheduler_job.py:639} INFO - DAG(s) dict_keys(['example_xcom_args', 'example_xcom_args_with_operators']) retrieved from /home/airflow/.local/lib/python3.6/site-packages/airflow/example_dags/example_xcomargs.py
[2022-04-18 14:40:32,692] {logging_mixin.py:104} INFO - [2022-04-18 14:40:32,692] {dag.py:1818} INFO - Sync 2 DAGs
[2022-04-18 14:40:32,701] {logging_mixin.py:104} INFO - [2022-04-18 14:40:32,701] {dag.py:2273} INFO - Setting next_dagrun for example_xcom_args to None
[2022-04-18 14:40:32,701] {logging_mixin.py:104} INFO - [2022-04-18 14:40:32,701] {dag.py:2273} INFO - Setting next_dagrun for example_xcom_args_with_operators to None
[2022-04-18 14:40:32,706] {scheduler_job.py:190} INFO - Processing /home/airflow/.local/lib/python3.6/site-packages/airflow/example_dags/example_xcomargs.py took 0.048 seconds
[2022-04-18 14:41:03,635] {scheduler_job.py:182} INFO - Started process (PID=1587) to work on /home/airflow/.local/lib/python3.6/site-packages/airflow/example_dags/example_xcomargs.py
[2022-04-18 14:41:03,636] {scheduler_job.py:629} INFO - Processing file /home/airflow/.local/lib/python3.6/site-packages/airflow/example_dags/example_xcomargs.py for tasks to queue
[2022-04-18 14:41:03,639] {logging_mixin.py:104} INFO - [2022-04-18 14:41:03,637] {dagbag.py:448} INFO - Filling up the DagBag from /home/airflow/.local/lib/python3.6/site-packages/airflow/example_dags/example_xcomargs.py
[2022-04-18 14:41:03,646] {scheduler_job.py:639} INFO - DAG(s) dict_keys(['example_xcom_args', 'example_xcom_args_with_operators']) retrieved from /home/airflow/.local/lib/python3.6/site-packages/airflow/example_dags/example_xcomargs.py
[2022-04-18 14:41:03,662] {logging_mixin.py:104} INFO - [2022-04-18 14:41:03,662] {dag.py:1818} INFO - Sync 2 DAGs
[2022-04-18 14:41:03,671] {logging_mixin.py:104} INFO - [2022-04-18 14:41:03,671] {dag.py:2273} INFO - Setting next_dagrun for example_xcom_args to None
[2022-04-18 14:41:03,672] {logging_mixin.py:104} INFO - [2022-04-18 14:41:03,672] {dag.py:2273} INFO - Setting next_dagrun for example_xcom_args_with_operators to None
[2022-04-18 14:41:03,677] {scheduler_job.py:190} INFO - Processing /home/airflow/.local/lib/python3.6/site-packages/airflow/example_dags/example_xcomargs.py took 0.043 seconds
[2022-04-18 14:41:34,306] {scheduler_job.py:182} INFO - Started process (PID=1722) to work on /home/airflow/.local/lib/python3.6/site-packages/airflow/example_dags/example_xcomargs.py
[2022-04-18 14:41:34,307] {scheduler_job.py:629} INFO - Processing file /home/airflow/.local/lib/python3.6/site-packages/airflow/example_dags/example_xcomargs.py for tasks to queue
[2022-04-18 14:41:34,307] {logging_mixin.py:104} INFO - [2022-04-18 14:41:34,307] {dagbag.py:448} INFO - Filling up the DagBag from /home/airflow/.local/lib/python3.6/site-packages/airflow/example_dags/example_xcomargs.py
[2022-04-18 14:41:34,316] {scheduler_job.py:639} INFO - DAG(s) dict_keys(['example_xcom_args', 'example_xcom_args_with_operators']) retrieved from /home/airflow/.local/lib/python3.6/site-packages/airflow/example_dags/example_xcomargs.py
[2022-04-18 14:41:34,332] {logging_mixin.py:104} INFO - [2022-04-18 14:41:34,332] {dag.py:1818} INFO - Sync 2 DAGs
[2022-04-18 14:41:34,340] {logging_mixin.py:104} INFO - [2022-04-18 14:41:34,340] {dag.py:2273} INFO - Setting next_dagrun for example_xcom_args to None
[2022-04-18 14:41:34,340] {logging_mixin.py:104} INFO - [2022-04-18 14:41:34,340] {dag.py:2273} INFO - Setting next_dagrun for example_xcom_args_with_operators to None
[2022-04-18 14:41:34,345] {scheduler_job.py:190} INFO - Processing /home/airflow/.local/lib/python3.6/site-packages/airflow/example_dags/example_xcomargs.py took 0.040 seconds
[2022-04-18 14:42:05,013] {scheduler_job.py:182} INFO - Started process (PID=1857) to work on /home/airflow/.local/lib/python3.6/site-packages/airflow/example_dags/example_xcomargs.py
[2022-04-18 14:42:05,013] {scheduler_job.py:629} INFO - Processing file /home/airflow/.local/lib/python3.6/site-packages/airflow/example_dags/example_xcomargs.py for tasks to queue
[2022-04-18 14:42:05,014] {logging_mixin.py:104} INFO - [2022-04-18 14:42:05,014] {dagbag.py:448} INFO - Filling up the DagBag from /home/airflow/.local/lib/python3.6/site-packages/airflow/example_dags/example_xcomargs.py
[2022-04-18 14:42:05,024] {scheduler_job.py:639} INFO - DAG(s) dict_keys(['example_xcom_args', 'example_xcom_args_with_operators']) retrieved from /home/airflow/.local/lib/python3.6/site-packages/airflow/example_dags/example_xcomargs.py
[2022-04-18 14:42:05,041] {logging_mixin.py:104} INFO - [2022-04-18 14:42:05,041] {dag.py:1818} INFO - Sync 2 DAGs
[2022-04-18 14:42:05,048] {logging_mixin.py:104} INFO - [2022-04-18 14:42:05,048] {dag.py:2273} INFO - Setting next_dagrun for example_xcom_args to None
[2022-04-18 14:42:05,049] {logging_mixin.py:104} INFO - [2022-04-18 14:42:05,049] {dag.py:2273} INFO - Setting next_dagrun for example_xcom_args_with_operators to None
[2022-04-18 14:42:05,054] {scheduler_job.py:190} INFO - Processing /home/airflow/.local/lib/python3.6/site-packages/airflow/example_dags/example_xcomargs.py took 0.044 seconds
[2022-04-18 14:42:35,779] {scheduler_job.py:182} INFO - Started process (PID=1994) to work on /home/airflow/.local/lib/python3.6/site-packages/airflow/example_dags/example_xcomargs.py
[2022-04-18 14:42:35,780] {scheduler_job.py:629} INFO - Processing file /home/airflow/.local/lib/python3.6/site-packages/airflow/example_dags/example_xcomargs.py for tasks to queue
[2022-04-18 14:42:35,780] {logging_mixin.py:104} INFO - [2022-04-18 14:42:35,780] {dagbag.py:448} INFO - Filling up the DagBag from /home/airflow/.local/lib/python3.6/site-packages/airflow/example_dags/example_xcomargs.py
[2022-04-18 14:42:35,790] {scheduler_job.py:639} INFO - DAG(s) dict_keys(['example_xcom_args', 'example_xcom_args_with_operators']) retrieved from /home/airflow/.local/lib/python3.6/site-packages/airflow/example_dags/example_xcomargs.py
[2022-04-18 14:42:35,805] {logging_mixin.py:104} INFO - [2022-04-18 14:42:35,805] {dag.py:1818} INFO - Sync 2 DAGs
[2022-04-18 14:42:35,814] {logging_mixin.py:104} INFO - [2022-04-18 14:42:35,813] {dag.py:2273} INFO - Setting next_dagrun for example_xcom_args to None
[2022-04-18 14:42:35,814] {logging_mixin.py:104} INFO - [2022-04-18 14:42:35,814] {dag.py:2273} INFO - Setting next_dagrun for example_xcom_args_with_operators to None
[2022-04-18 14:42:35,819] {scheduler_job.py:190} INFO - Processing /home/airflow/.local/lib/python3.6/site-packages/airflow/example_dags/example_xcomargs.py took 0.043 seconds
[2022-04-18 14:43:06,530] {scheduler_job.py:182} INFO - Started process (PID=2127) to work on /home/airflow/.local/lib/python3.6/site-packages/airflow/example_dags/example_xcomargs.py
[2022-04-18 14:43:06,531] {scheduler_job.py:629} INFO - Processing file /home/airflow/.local/lib/python3.6/site-packages/airflow/example_dags/example_xcomargs.py for tasks to queue
[2022-04-18 14:43:06,532] {logging_mixin.py:104} INFO - [2022-04-18 14:43:06,532] {dagbag.py:448} INFO - Filling up the DagBag from /home/airflow/.local/lib/python3.6/site-packages/airflow/example_dags/example_xcomargs.py
[2022-04-18 14:43:06,540] {scheduler_job.py:639} INFO - DAG(s) dict_keys(['example_xcom_args', 'example_xcom_args_with_operators']) retrieved from /home/airflow/.local/lib/python3.6/site-packages/airflow/example_dags/example_xcomargs.py
[2022-04-18 14:43:06,558] {logging_mixin.py:104} INFO - [2022-04-18 14:43:06,558] {dag.py:1818} INFO - Sync 2 DAGs
[2022-04-18 14:43:06,566] {logging_mixin.py:104} INFO - [2022-04-18 14:43:06,566] {dag.py:2273} INFO - Setting next_dagrun for example_xcom_args to None
[2022-04-18 14:43:06,566] {logging_mixin.py:104} INFO - [2022-04-18 14:43:06,566] {dag.py:2273} INFO - Setting next_dagrun for example_xcom_args_with_operators to None
[2022-04-18 14:43:06,571] {scheduler_job.py:190} INFO - Processing /home/airflow/.local/lib/python3.6/site-packages/airflow/example_dags/example_xcomargs.py took 0.042 seconds
[2022-04-18 14:43:37,211] {scheduler_job.py:182} INFO - Started process (PID=2262) to work on /home/airflow/.local/lib/python3.6/site-packages/airflow/example_dags/example_xcomargs.py
[2022-04-18 14:43:37,212] {scheduler_job.py:629} INFO - Processing file /home/airflow/.local/lib/python3.6/site-packages/airflow/example_dags/example_xcomargs.py for tasks to queue
[2022-04-18 14:43:37,212] {logging_mixin.py:104} INFO - [2022-04-18 14:43:37,212] {dagbag.py:448} INFO - Filling up the DagBag from /home/airflow/.local/lib/python3.6/site-packages/airflow/example_dags/example_xcomargs.py
[2022-04-18 14:43:37,223] {scheduler_job.py:639} INFO - DAG(s) dict_keys(['example_xcom_args', 'example_xcom_args_with_operators']) retrieved from /home/airflow/.local/lib/python3.6/site-packages/airflow/example_dags/example_xcomargs.py
[2022-04-18 14:43:37,243] {logging_mixin.py:104} INFO - [2022-04-18 14:43:37,243] {dag.py:1818} INFO - Sync 2 DAGs
[2022-04-18 14:43:37,251] {logging_mixin.py:104} INFO - [2022-04-18 14:43:37,251] {dag.py:2273} INFO - Setting next_dagrun for example_xcom_args to None
[2022-04-18 14:43:37,251] {logging_mixin.py:104} INFO - [2022-04-18 14:43:37,251] {dag.py:2273} INFO - Setting next_dagrun for example_xcom_args_with_operators to None
[2022-04-18 14:43:37,256] {scheduler_job.py:190} INFO - Processing /home/airflow/.local/lib/python3.6/site-packages/airflow/example_dags/example_xcomargs.py took 0.047 seconds
[2022-04-18 14:44:07,896] {scheduler_job.py:182} INFO - Started process (PID=2397) to work on /home/airflow/.local/lib/python3.6/site-packages/airflow/example_dags/example_xcomargs.py
[2022-04-18 14:44:07,897] {scheduler_job.py:629} INFO - Processing file /home/airflow/.local/lib/python3.6/site-packages/airflow/example_dags/example_xcomargs.py for tasks to queue
[2022-04-18 14:44:07,897] {logging_mixin.py:104} INFO - [2022-04-18 14:44:07,897] {dagbag.py:448} INFO - Filling up the DagBag from /home/airflow/.local/lib/python3.6/site-packages/airflow/example_dags/example_xcomargs.py
[2022-04-18 14:44:07,907] {scheduler_job.py:639} INFO - DAG(s) dict_keys(['example_xcom_args', 'example_xcom_args_with_operators']) retrieved from /home/airflow/.local/lib/python3.6/site-packages/airflow/example_dags/example_xcomargs.py
[2022-04-18 14:44:07,924] {logging_mixin.py:104} INFO - [2022-04-18 14:44:07,924] {dag.py:1818} INFO - Sync 2 DAGs
[2022-04-18 14:44:07,931] {logging_mixin.py:104} INFO - [2022-04-18 14:44:07,931] {dag.py:2273} INFO - Setting next_dagrun for example_xcom_args to None
[2022-04-18 14:44:07,931] {logging_mixin.py:104} INFO - [2022-04-18 14:44:07,931] {dag.py:2273} INFO - Setting next_dagrun for example_xcom_args_with_operators to None
[2022-04-18 14:44:07,936] {scheduler_job.py:190} INFO - Processing /home/airflow/.local/lib/python3.6/site-packages/airflow/example_dags/example_xcomargs.py took 0.042 seconds
[2022-04-18 14:44:38,577] {scheduler_job.py:182} INFO - Started process (PID=2532) to work on /home/airflow/.local/lib/python3.6/site-packages/airflow/example_dags/example_xcomargs.py
[2022-04-18 14:44:38,578] {scheduler_job.py:629} INFO - Processing file /home/airflow/.local/lib/python3.6/site-packages/airflow/example_dags/example_xcomargs.py for tasks to queue
[2022-04-18 14:44:38,578] {logging_mixin.py:104} INFO - [2022-04-18 14:44:38,578] {dagbag.py:448} INFO - Filling up the DagBag from /home/airflow/.local/lib/python3.6/site-packages/airflow/example_dags/example_xcomargs.py
[2022-04-18 14:44:38,588] {scheduler_job.py:639} INFO - DAG(s) dict_keys(['example_xcom_args', 'example_xcom_args_with_operators']) retrieved from /home/airflow/.local/lib/python3.6/site-packages/airflow/example_dags/example_xcomargs.py
[2022-04-18 14:44:38,604] {logging_mixin.py:104} INFO - [2022-04-18 14:44:38,604] {dag.py:1818} INFO - Sync 2 DAGs
[2022-04-18 14:44:38,612] {logging_mixin.py:104} INFO - [2022-04-18 14:44:38,612] {dag.py:2273} INFO - Setting next_dagrun for example_xcom_args to None
[2022-04-18 14:44:38,612] {logging_mixin.py:104} INFO - [2022-04-18 14:44:38,612] {dag.py:2273} INFO - Setting next_dagrun for example_xcom_args_with_operators to None
[2022-04-18 14:44:38,617] {scheduler_job.py:190} INFO - Processing /home/airflow/.local/lib/python3.6/site-packages/airflow/example_dags/example_xcomargs.py took 0.042 seconds
[2022-04-18 14:45:09,246] {scheduler_job.py:182} INFO - Started process (PID=2667) to work on /home/airflow/.local/lib/python3.6/site-packages/airflow/example_dags/example_xcomargs.py
[2022-04-18 14:45:09,247] {scheduler_job.py:629} INFO - Processing file /home/airflow/.local/lib/python3.6/site-packages/airflow/example_dags/example_xcomargs.py for tasks to queue
[2022-04-18 14:45:09,247] {logging_mixin.py:104} INFO - [2022-04-18 14:45:09,247] {dagbag.py:448} INFO - Filling up the DagBag from /home/airflow/.local/lib/python3.6/site-packages/airflow/example_dags/example_xcomargs.py
[2022-04-18 14:45:09,257] {scheduler_job.py:639} INFO - DAG(s) dict_keys(['example_xcom_args', 'example_xcom_args_with_operators']) retrieved from /home/airflow/.local/lib/python3.6/site-packages/airflow/example_dags/example_xcomargs.py
[2022-04-18 14:45:09,274] {logging_mixin.py:104} INFO - [2022-04-18 14:45:09,274] {dag.py:1818} INFO - Sync 2 DAGs
[2022-04-18 14:45:09,282] {logging_mixin.py:104} INFO - [2022-04-18 14:45:09,282] {dag.py:2273} INFO - Setting next_dagrun for example_xcom_args to None
[2022-04-18 14:45:09,282] {logging_mixin.py:104} INFO - [2022-04-18 14:45:09,282] {dag.py:2273} INFO - Setting next_dagrun for example_xcom_args_with_operators to None
[2022-04-18 14:45:09,287] {scheduler_job.py:190} INFO - Processing /home/airflow/.local/lib/python3.6/site-packages/airflow/example_dags/example_xcomargs.py took 0.043 seconds
[2022-04-18 14:45:40,018] {scheduler_job.py:182} INFO - Started process (PID=2804) to work on /home/airflow/.local/lib/python3.6/site-packages/airflow/example_dags/example_xcomargs.py
[2022-04-18 14:45:40,019] {scheduler_job.py:629} INFO - Processing file /home/airflow/.local/lib/python3.6/site-packages/airflow/example_dags/example_xcomargs.py for tasks to queue
[2022-04-18 14:45:40,019] {logging_mixin.py:104} INFO - [2022-04-18 14:45:40,019] {dagbag.py:448} INFO - Filling up the DagBag from /home/airflow/.local/lib/python3.6/site-packages/airflow/example_dags/example_xcomargs.py
[2022-04-18 14:45:40,029] {scheduler_job.py:639} INFO - DAG(s) dict_keys(['example_xcom_args', 'example_xcom_args_with_operators']) retrieved from /home/airflow/.local/lib/python3.6/site-packages/airflow/example_dags/example_xcomargs.py
[2022-04-18 14:45:40,051] {logging_mixin.py:104} INFO - [2022-04-18 14:45:40,051] {dag.py:1818} INFO - Sync 2 DAGs
[2022-04-18 14:45:40,060] {logging_mixin.py:104} INFO - [2022-04-18 14:45:40,060] {dag.py:2273} INFO - Setting next_dagrun for example_xcom_args to None
[2022-04-18 14:45:40,060] {logging_mixin.py:104} INFO - [2022-04-18 14:45:40,060] {dag.py:2273} INFO - Setting next_dagrun for example_xcom_args_with_operators to None
[2022-04-18 14:45:40,066] {scheduler_job.py:190} INFO - Processing /home/airflow/.local/lib/python3.6/site-packages/airflow/example_dags/example_xcomargs.py took 0.050 seconds
[2022-04-18 14:46:10,689] {scheduler_job.py:182} INFO - Started process (PID=2937) to work on /home/airflow/.local/lib/python3.6/site-packages/airflow/example_dags/example_xcomargs.py
[2022-04-18 14:46:10,690] {scheduler_job.py:629} INFO - Processing file /home/airflow/.local/lib/python3.6/site-packages/airflow/example_dags/example_xcomargs.py for tasks to queue
[2022-04-18 14:46:10,690] {logging_mixin.py:104} INFO - [2022-04-18 14:46:10,690] {dagbag.py:448} INFO - Filling up the DagBag from /home/airflow/.local/lib/python3.6/site-packages/airflow/example_dags/example_xcomargs.py
[2022-04-18 14:46:10,700] {scheduler_job.py:639} INFO - DAG(s) dict_keys(['example_xcom_args', 'example_xcom_args_with_operators']) retrieved from /home/airflow/.local/lib/python3.6/site-packages/airflow/example_dags/example_xcomargs.py
[2022-04-18 14:46:10,719] {logging_mixin.py:104} INFO - [2022-04-18 14:46:10,719] {dag.py:1818} INFO - Sync 2 DAGs
[2022-04-18 14:46:10,726] {logging_mixin.py:104} INFO - [2022-04-18 14:46:10,726] {dag.py:2273} INFO - Setting next_dagrun for example_xcom_args to None
[2022-04-18 14:46:10,727] {logging_mixin.py:104} INFO - [2022-04-18 14:46:10,727] {dag.py:2273} INFO - Setting next_dagrun for example_xcom_args_with_operators to None
[2022-04-18 14:46:10,731] {scheduler_job.py:190} INFO - Processing /home/airflow/.local/lib/python3.6/site-packages/airflow/example_dags/example_xcomargs.py took 0.044 seconds
[2022-04-18 14:46:41,357] {scheduler_job.py:182} INFO - Started process (PID=3072) to work on /home/airflow/.local/lib/python3.6/site-packages/airflow/example_dags/example_xcomargs.py
[2022-04-18 14:46:41,358] {scheduler_job.py:629} INFO - Processing file /home/airflow/.local/lib/python3.6/site-packages/airflow/example_dags/example_xcomargs.py for tasks to queue
[2022-04-18 14:46:41,358] {logging_mixin.py:104} INFO - [2022-04-18 14:46:41,358] {dagbag.py:448} INFO - Filling up the DagBag from /home/airflow/.local/lib/python3.6/site-packages/airflow/example_dags/example_xcomargs.py
[2022-04-18 14:46:41,368] {scheduler_job.py:639} INFO - DAG(s) dict_keys(['example_xcom_args', 'example_xcom_args_with_operators']) retrieved from /home/airflow/.local/lib/python3.6/site-packages/airflow/example_dags/example_xcomargs.py
[2022-04-18 14:46:41,383] {logging_mixin.py:104} INFO - [2022-04-18 14:46:41,383] {dag.py:1818} INFO - Sync 2 DAGs
[2022-04-18 14:46:41,391] {logging_mixin.py:104} INFO - [2022-04-18 14:46:41,391] {dag.py:2273} INFO - Setting next_dagrun for example_xcom_args to None
[2022-04-18 14:46:41,392] {logging_mixin.py:104} INFO - [2022-04-18 14:46:41,392] {dag.py:2273} INFO - Setting next_dagrun for example_xcom_args_with_operators to None
[2022-04-18 14:46:41,396] {scheduler_job.py:190} INFO - Processing /home/airflow/.local/lib/python3.6/site-packages/airflow/example_dags/example_xcomargs.py took 0.040 seconds
[2022-04-18 14:47:12,069] {scheduler_job.py:182} INFO - Started process (PID=3207) to work on /home/airflow/.local/lib/python3.6/site-packages/airflow/example_dags/example_xcomargs.py
[2022-04-18 14:47:12,070] {scheduler_job.py:629} INFO - Processing file /home/airflow/.local/lib/python3.6/site-packages/airflow/example_dags/example_xcomargs.py for tasks to queue
[2022-04-18 14:47:12,070] {logging_mixin.py:104} INFO - [2022-04-18 14:47:12,070] {dagbag.py:448} INFO - Filling up the DagBag from /home/airflow/.local/lib/python3.6/site-packages/airflow/example_dags/example_xcomargs.py
[2022-04-18 14:47:12,078] {scheduler_job.py:639} INFO - DAG(s) dict_keys(['example_xcom_args', 'example_xcom_args_with_operators']) retrieved from /home/airflow/.local/lib/python3.6/site-packages/airflow/example_dags/example_xcomargs.py
[2022-04-18 14:47:12,094] {logging_mixin.py:104} INFO - [2022-04-18 14:47:12,094] {dag.py:1818} INFO - Sync 2 DAGs
[2022-04-18 14:47:12,102] {logging_mixin.py:104} INFO - [2022-04-18 14:47:12,102] {dag.py:2273} INFO - Setting next_dagrun for example_xcom_args to None
[2022-04-18 14:47:12,102] {logging_mixin.py:104} INFO - [2022-04-18 14:47:12,102] {dag.py:2273} INFO - Setting next_dagrun for example_xcom_args_with_operators to None
[2022-04-18 14:47:12,107] {scheduler_job.py:190} INFO - Processing /home/airflow/.local/lib/python3.6/site-packages/airflow/example_dags/example_xcomargs.py took 0.040 seconds
[2022-04-18 14:47:42,782] {scheduler_job.py:182} INFO - Started process (PID=3342) to work on /home/airflow/.local/lib/python3.6/site-packages/airflow/example_dags/example_xcomargs.py
[2022-04-18 14:47:42,783] {scheduler_job.py:629} INFO - Processing file /home/airflow/.local/lib/python3.6/site-packages/airflow/example_dags/example_xcomargs.py for tasks to queue
[2022-04-18 14:47:42,783] {logging_mixin.py:104} INFO - [2022-04-18 14:47:42,783] {dagbag.py:448} INFO - Filling up the DagBag from /home/airflow/.local/lib/python3.6/site-packages/airflow/example_dags/example_xcomargs.py
[2022-04-18 14:47:42,793] {scheduler_job.py:639} INFO - DAG(s) dict_keys(['example_xcom_args', 'example_xcom_args_with_operators']) retrieved from /home/airflow/.local/lib/python3.6/site-packages/airflow/example_dags/example_xcomargs.py
[2022-04-18 14:47:42,812] {logging_mixin.py:104} INFO - [2022-04-18 14:47:42,811] {dag.py:1818} INFO - Sync 2 DAGs
[2022-04-18 14:47:42,820] {logging_mixin.py:104} INFO - [2022-04-18 14:47:42,820] {dag.py:2273} INFO - Setting next_dagrun for example_xcom_args to None
[2022-04-18 14:47:42,821] {logging_mixin.py:104} INFO - [2022-04-18 14:47:42,821] {dag.py:2273} INFO - Setting next_dagrun for example_xcom_args_with_operators to None
[2022-04-18 14:47:42,825] {scheduler_job.py:190} INFO - Processing /home/airflow/.local/lib/python3.6/site-packages/airflow/example_dags/example_xcomargs.py took 0.046 seconds
[2022-04-18 14:48:13,574] {scheduler_job.py:182} INFO - Started process (PID=3479) to work on /home/airflow/.local/lib/python3.6/site-packages/airflow/example_dags/example_xcomargs.py
[2022-04-18 14:48:13,575] {scheduler_job.py:629} INFO - Processing file /home/airflow/.local/lib/python3.6/site-packages/airflow/example_dags/example_xcomargs.py for tasks to queue
[2022-04-18 14:48:13,576] {logging_mixin.py:104} INFO - [2022-04-18 14:48:13,576] {dagbag.py:448} INFO - Filling up the DagBag from /home/airflow/.local/lib/python3.6/site-packages/airflow/example_dags/example_xcomargs.py
[2022-04-18 14:48:13,584] {scheduler_job.py:639} INFO - DAG(s) dict_keys(['example_xcom_args', 'example_xcom_args_with_operators']) retrieved from /home/airflow/.local/lib/python3.6/site-packages/airflow/example_dags/example_xcomargs.py
[2022-04-18 14:48:13,601] {logging_mixin.py:104} INFO - [2022-04-18 14:48:13,601] {dag.py:1818} INFO - Sync 2 DAGs
[2022-04-18 14:48:13,609] {logging_mixin.py:104} INFO - [2022-04-18 14:48:13,609] {dag.py:2273} INFO - Setting next_dagrun for example_xcom_args to None
[2022-04-18 14:48:13,610] {logging_mixin.py:104} INFO - [2022-04-18 14:48:13,610] {dag.py:2273} INFO - Setting next_dagrun for example_xcom_args_with_operators to None
[2022-04-18 14:48:13,614] {scheduler_job.py:190} INFO - Processing /home/airflow/.local/lib/python3.6/site-packages/airflow/example_dags/example_xcomargs.py took 0.042 seconds
[2022-04-18 14:48:43,678] {scheduler_job.py:182} INFO - Started process (PID=3612) to work on /home/airflow/.local/lib/python3.6/site-packages/airflow/example_dags/example_xcomargs.py
[2022-04-18 14:48:43,679] {scheduler_job.py:629} INFO - Processing file /home/airflow/.local/lib/python3.6/site-packages/airflow/example_dags/example_xcomargs.py for tasks to queue
[2022-04-18 14:48:43,679] {logging_mixin.py:104} INFO - [2022-04-18 14:48:43,679] {dagbag.py:448} INFO - Filling up the DagBag from /home/airflow/.local/lib/python3.6/site-packages/airflow/example_dags/example_xcomargs.py
[2022-04-18 14:48:43,689] {scheduler_job.py:639} INFO - DAG(s) dict_keys(['example_xcom_args', 'example_xcom_args_with_operators']) retrieved from /home/airflow/.local/lib/python3.6/site-packages/airflow/example_dags/example_xcomargs.py
[2022-04-18 14:48:43,706] {logging_mixin.py:104} INFO - [2022-04-18 14:48:43,706] {dag.py:1818} INFO - Sync 2 DAGs
[2022-04-18 14:48:43,714] {logging_mixin.py:104} INFO - [2022-04-18 14:48:43,714] {dag.py:2273} INFO - Setting next_dagrun for example_xcom_args to None
[2022-04-18 14:48:43,714] {logging_mixin.py:104} INFO - [2022-04-18 14:48:43,714] {dag.py:2273} INFO - Setting next_dagrun for example_xcom_args_with_operators to None
[2022-04-18 14:48:43,718] {scheduler_job.py:190} INFO - Processing /home/airflow/.local/lib/python3.6/site-packages/airflow/example_dags/example_xcomargs.py took 0.042 seconds
[2022-04-18 14:49:13,806] {scheduler_job.py:182} INFO - Started process (PID=3744) to work on /home/airflow/.local/lib/python3.6/site-packages/airflow/example_dags/example_xcomargs.py
[2022-04-18 14:49:13,807] {scheduler_job.py:629} INFO - Processing file /home/airflow/.local/lib/python3.6/site-packages/airflow/example_dags/example_xcomargs.py for tasks to queue
[2022-04-18 14:49:13,807] {logging_mixin.py:104} INFO - [2022-04-18 14:49:13,807] {dagbag.py:448} INFO - Filling up the DagBag from /home/airflow/.local/lib/python3.6/site-packages/airflow/example_dags/example_xcomargs.py
[2022-04-18 14:49:13,816] {scheduler_job.py:639} INFO - DAG(s) dict_keys(['example_xcom_args', 'example_xcom_args_with_operators']) retrieved from /home/airflow/.local/lib/python3.6/site-packages/airflow/example_dags/example_xcomargs.py
[2022-04-18 14:49:13,834] {logging_mixin.py:104} INFO - [2022-04-18 14:49:13,834] {dag.py:1818} INFO - Sync 2 DAGs
[2022-04-18 14:49:13,842] {logging_mixin.py:104} INFO - [2022-04-18 14:49:13,842] {dag.py:2273} INFO - Setting next_dagrun for example_xcom_args to None
[2022-04-18 14:49:13,843] {logging_mixin.py:104} INFO - [2022-04-18 14:49:13,843] {dag.py:2273} INFO - Setting next_dagrun for example_xcom_args_with_operators to None
[2022-04-18 14:49:13,847] {scheduler_job.py:190} INFO - Processing /home/airflow/.local/lib/python3.6/site-packages/airflow/example_dags/example_xcomargs.py took 0.044 seconds
[2022-04-18 14:49:43,905] {scheduler_job.py:182} INFO - Started process (PID=3884) to work on /home/airflow/.local/lib/python3.6/site-packages/airflow/example_dags/example_xcomargs.py
[2022-04-18 14:49:43,906] {scheduler_job.py:629} INFO - Processing file /home/airflow/.local/lib/python3.6/site-packages/airflow/example_dags/example_xcomargs.py for tasks to queue
[2022-04-18 14:49:43,906] {logging_mixin.py:104} INFO - [2022-04-18 14:49:43,906] {dagbag.py:448} INFO - Filling up the DagBag from /home/airflow/.local/lib/python3.6/site-packages/airflow/example_dags/example_xcomargs.py
[2022-04-18 14:49:43,916] {scheduler_job.py:639} INFO - DAG(s) dict_keys(['example_xcom_args', 'example_xcom_args_with_operators']) retrieved from /home/airflow/.local/lib/python3.6/site-packages/airflow/example_dags/example_xcomargs.py
[2022-04-18 14:49:43,934] {logging_mixin.py:104} INFO - [2022-04-18 14:49:43,934] {dag.py:1818} INFO - Sync 2 DAGs
[2022-04-18 14:49:43,942] {logging_mixin.py:104} INFO - [2022-04-18 14:49:43,942] {dag.py:2273} INFO - Setting next_dagrun for example_xcom_args to None
[2022-04-18 14:49:43,943] {logging_mixin.py:104} INFO - [2022-04-18 14:49:43,943] {dag.py:2273} INFO - Setting next_dagrun for example_xcom_args_with_operators to None
[2022-04-18 14:49:43,947] {scheduler_job.py:190} INFO - Processing /home/airflow/.local/lib/python3.6/site-packages/airflow/example_dags/example_xcomargs.py took 0.045 seconds
[2022-04-18 14:50:13,969] {scheduler_job.py:182} INFO - Started process (PID=4019) to work on /home/airflow/.local/lib/python3.6/site-packages/airflow/example_dags/example_xcomargs.py
[2022-04-18 14:50:13,970] {scheduler_job.py:629} INFO - Processing file /home/airflow/.local/lib/python3.6/site-packages/airflow/example_dags/example_xcomargs.py for tasks to queue
[2022-04-18 14:50:13,970] {logging_mixin.py:104} INFO - [2022-04-18 14:50:13,970] {dagbag.py:448} INFO - Filling up the DagBag from /home/airflow/.local/lib/python3.6/site-packages/airflow/example_dags/example_xcomargs.py
[2022-04-18 14:50:13,980] {scheduler_job.py:639} INFO - DAG(s) dict_keys(['example_xcom_args', 'example_xcom_args_with_operators']) retrieved from /home/airflow/.local/lib/python3.6/site-packages/airflow/example_dags/example_xcomargs.py
[2022-04-18 14:50:13,997] {logging_mixin.py:104} INFO - [2022-04-18 14:50:13,997] {dag.py:1818} INFO - Sync 2 DAGs
[2022-04-18 14:50:14,005] {logging_mixin.py:104} INFO - [2022-04-18 14:50:14,005] {dag.py:2273} INFO - Setting next_dagrun for example_xcom_args to None
[2022-04-18 14:50:14,005] {logging_mixin.py:104} INFO - [2022-04-18 14:50:14,005] {dag.py:2273} INFO - Setting next_dagrun for example_xcom_args_with_operators to None
[2022-04-18 14:50:14,010] {scheduler_job.py:190} INFO - Processing /home/airflow/.local/lib/python3.6/site-packages/airflow/example_dags/example_xcomargs.py took 0.043 seconds
[2022-04-18 14:50:44,034] {scheduler_job.py:182} INFO - Started process (PID=4154) to work on /home/airflow/.local/lib/python3.6/site-packages/airflow/example_dags/example_xcomargs.py
[2022-04-18 14:50:44,034] {scheduler_job.py:629} INFO - Processing file /home/airflow/.local/lib/python3.6/site-packages/airflow/example_dags/example_xcomargs.py for tasks to queue
[2022-04-18 14:50:44,035] {logging_mixin.py:104} INFO - [2022-04-18 14:50:44,035] {dagbag.py:448} INFO - Filling up the DagBag from /home/airflow/.local/lib/python3.6/site-packages/airflow/example_dags/example_xcomargs.py
[2022-04-18 14:50:44,043] {scheduler_job.py:639} INFO - DAG(s) dict_keys(['example_xcom_args', 'example_xcom_args_with_operators']) retrieved from /home/airflow/.local/lib/python3.6/site-packages/airflow/example_dags/example_xcomargs.py
[2022-04-18 14:50:44,062] {logging_mixin.py:104} INFO - [2022-04-18 14:50:44,062] {dag.py:1818} INFO - Sync 2 DAGs
[2022-04-18 14:50:44,071] {logging_mixin.py:104} INFO - [2022-04-18 14:50:44,071] {dag.py:2273} INFO - Setting next_dagrun for example_xcom_args to None
[2022-04-18 14:50:44,071] {logging_mixin.py:104} INFO - [2022-04-18 14:50:44,071] {dag.py:2273} INFO - Setting next_dagrun for example_xcom_args_with_operators to None
[2022-04-18 14:50:44,076] {scheduler_job.py:190} INFO - Processing /home/airflow/.local/lib/python3.6/site-packages/airflow/example_dags/example_xcomargs.py took 0.044 seconds
[2022-04-18 14:51:14,751] {scheduler_job.py:182} INFO - Started process (PID=4287) to work on /home/airflow/.local/lib/python3.6/site-packages/airflow/example_dags/example_xcomargs.py
[2022-04-18 14:51:14,753] {scheduler_job.py:629} INFO - Processing file /home/airflow/.local/lib/python3.6/site-packages/airflow/example_dags/example_xcomargs.py for tasks to queue
[2022-04-18 14:51:14,753] {logging_mixin.py:104} INFO - [2022-04-18 14:51:14,753] {dagbag.py:448} INFO - Filling up the DagBag from /home/airflow/.local/lib/python3.6/site-packages/airflow/example_dags/example_xcomargs.py
[2022-04-18 14:51:14,762] {scheduler_job.py:639} INFO - DAG(s) dict_keys(['example_xcom_args', 'example_xcom_args_with_operators']) retrieved from /home/airflow/.local/lib/python3.6/site-packages/airflow/example_dags/example_xcomargs.py
[2022-04-18 14:51:14,779] {logging_mixin.py:104} INFO - [2022-04-18 14:51:14,779] {dag.py:1818} INFO - Sync 2 DAGs
[2022-04-18 14:51:14,788] {logging_mixin.py:104} INFO - [2022-04-18 14:51:14,788] {dag.py:2273} INFO - Setting next_dagrun for example_xcom_args to None
[2022-04-18 14:51:14,788] {logging_mixin.py:104} INFO - [2022-04-18 14:51:14,788] {dag.py:2273} INFO - Setting next_dagrun for example_xcom_args_with_operators to None
[2022-04-18 14:51:14,793] {scheduler_job.py:190} INFO - Processing /home/airflow/.local/lib/python3.6/site-packages/airflow/example_dags/example_xcomargs.py took 0.044 seconds
[2022-04-18 14:51:45,470] {scheduler_job.py:182} INFO - Started process (PID=4424) to work on /home/airflow/.local/lib/python3.6/site-packages/airflow/example_dags/example_xcomargs.py
[2022-04-18 14:51:45,470] {scheduler_job.py:629} INFO - Processing file /home/airflow/.local/lib/python3.6/site-packages/airflow/example_dags/example_xcomargs.py for tasks to queue
[2022-04-18 14:51:45,470] {logging_mixin.py:104} INFO - [2022-04-18 14:51:45,470] {dagbag.py:448} INFO - Filling up the DagBag from /home/airflow/.local/lib/python3.6/site-packages/airflow/example_dags/example_xcomargs.py
[2022-04-18 14:51:45,477] {scheduler_job.py:639} INFO - DAG(s) dict_keys(['example_xcom_args', 'example_xcom_args_with_operators']) retrieved from /home/airflow/.local/lib/python3.6/site-packages/airflow/example_dags/example_xcomargs.py
[2022-04-18 14:51:45,495] {logging_mixin.py:104} INFO - [2022-04-18 14:51:45,495] {dag.py:1818} INFO - Sync 2 DAGs
[2022-04-18 14:51:45,502] {logging_mixin.py:104} INFO - [2022-04-18 14:51:45,502] {dag.py:2273} INFO - Setting next_dagrun for example_xcom_args to None
[2022-04-18 14:51:45,503] {logging_mixin.py:104} INFO - [2022-04-18 14:51:45,503] {dag.py:2273} INFO - Setting next_dagrun for example_xcom_args_with_operators to None
[2022-04-18 14:51:45,507] {scheduler_job.py:190} INFO - Processing /home/airflow/.local/lib/python3.6/site-packages/airflow/example_dags/example_xcomargs.py took 0.040 seconds
[2022-04-18 14:52:16,187] {scheduler_job.py:182} INFO - Started process (PID=4558) to work on /home/airflow/.local/lib/python3.6/site-packages/airflow/example_dags/example_xcomargs.py
[2022-04-18 14:52:16,187] {scheduler_job.py:629} INFO - Processing file /home/airflow/.local/lib/python3.6/site-packages/airflow/example_dags/example_xcomargs.py for tasks to queue
[2022-04-18 14:52:16,188] {logging_mixin.py:104} INFO - [2022-04-18 14:52:16,188] {dagbag.py:448} INFO - Filling up the DagBag from /home/airflow/.local/lib/python3.6/site-packages/airflow/example_dags/example_xcomargs.py
[2022-04-18 14:52:16,197] {scheduler_job.py:639} INFO - DAG(s) dict_keys(['example_xcom_args', 'example_xcom_args_with_operators']) retrieved from /home/airflow/.local/lib/python3.6/site-packages/airflow/example_dags/example_xcomargs.py
[2022-04-18 14:52:16,212] {logging_mixin.py:104} INFO - [2022-04-18 14:52:16,212] {dag.py:1818} INFO - Sync 2 DAGs
[2022-04-18 14:52:16,220] {logging_mixin.py:104} INFO - [2022-04-18 14:52:16,220] {dag.py:2273} INFO - Setting next_dagrun for example_xcom_args to None
[2022-04-18 14:52:16,221] {logging_mixin.py:104} INFO - [2022-04-18 14:52:16,221] {dag.py:2273} INFO - Setting next_dagrun for example_xcom_args_with_operators to None
[2022-04-18 14:52:16,225] {scheduler_job.py:190} INFO - Processing /home/airflow/.local/lib/python3.6/site-packages/airflow/example_dags/example_xcomargs.py took 0.040 seconds
[2022-04-18 14:52:46,862] {scheduler_job.py:182} INFO - Started process (PID=4692) to work on /home/airflow/.local/lib/python3.6/site-packages/airflow/example_dags/example_xcomargs.py
[2022-04-18 14:52:46,863] {scheduler_job.py:629} INFO - Processing file /home/airflow/.local/lib/python3.6/site-packages/airflow/example_dags/example_xcomargs.py for tasks to queue
[2022-04-18 14:52:46,863] {logging_mixin.py:104} INFO - [2022-04-18 14:52:46,863] {dagbag.py:448} INFO - Filling up the DagBag from /home/airflow/.local/lib/python3.6/site-packages/airflow/example_dags/example_xcomargs.py
[2022-04-18 14:52:46,873] {scheduler_job.py:639} INFO - DAG(s) dict_keys(['example_xcom_args', 'example_xcom_args_with_operators']) retrieved from /home/airflow/.local/lib/python3.6/site-packages/airflow/example_dags/example_xcomargs.py
[2022-04-18 14:52:46,891] {logging_mixin.py:104} INFO - [2022-04-18 14:52:46,891] {dag.py:1818} INFO - Sync 2 DAGs
[2022-04-18 14:52:46,899] {logging_mixin.py:104} INFO - [2022-04-18 14:52:46,899] {dag.py:2273} INFO - Setting next_dagrun for example_xcom_args to None
[2022-04-18 14:52:46,899] {logging_mixin.py:104} INFO - [2022-04-18 14:52:46,899] {dag.py:2273} INFO - Setting next_dagrun for example_xcom_args_with_operators to None
[2022-04-18 14:52:46,904] {scheduler_job.py:190} INFO - Processing /home/airflow/.local/lib/python3.6/site-packages/airflow/example_dags/example_xcomargs.py took 0.044 seconds
[2022-04-18 14:53:17,528] {scheduler_job.py:182} INFO - Started process (PID=4827) to work on /home/airflow/.local/lib/python3.6/site-packages/airflow/example_dags/example_xcomargs.py
[2022-04-18 14:53:17,529] {scheduler_job.py:629} INFO - Processing file /home/airflow/.local/lib/python3.6/site-packages/airflow/example_dags/example_xcomargs.py for tasks to queue
[2022-04-18 14:53:17,530] {logging_mixin.py:104} INFO - [2022-04-18 14:53:17,530] {dagbag.py:448} INFO - Filling up the DagBag from /home/airflow/.local/lib/python3.6/site-packages/airflow/example_dags/example_xcomargs.py
[2022-04-18 14:53:17,539] {scheduler_job.py:639} INFO - DAG(s) dict_keys(['example_xcom_args', 'example_xcom_args_with_operators']) retrieved from /home/airflow/.local/lib/python3.6/site-packages/airflow/example_dags/example_xcomargs.py
[2022-04-18 14:53:17,556] {logging_mixin.py:104} INFO - [2022-04-18 14:53:17,556] {dag.py:1818} INFO - Sync 2 DAGs
[2022-04-18 14:53:17,563] {logging_mixin.py:104} INFO - [2022-04-18 14:53:17,563] {dag.py:2273} INFO - Setting next_dagrun for example_xcom_args to None
[2022-04-18 14:53:17,564] {logging_mixin.py:104} INFO - [2022-04-18 14:53:17,564] {dag.py:2273} INFO - Setting next_dagrun for example_xcom_args_with_operators to None
[2022-04-18 14:53:17,568] {scheduler_job.py:190} INFO - Processing /home/airflow/.local/lib/python3.6/site-packages/airflow/example_dags/example_xcomargs.py took 0.042 seconds
[2022-04-18 14:53:48,238] {scheduler_job.py:182} INFO - Started process (PID=4964) to work on /home/airflow/.local/lib/python3.6/site-packages/airflow/example_dags/example_xcomargs.py
[2022-04-18 14:53:48,239] {scheduler_job.py:629} INFO - Processing file /home/airflow/.local/lib/python3.6/site-packages/airflow/example_dags/example_xcomargs.py for tasks to queue
[2022-04-18 14:53:48,239] {logging_mixin.py:104} INFO - [2022-04-18 14:53:48,239] {dagbag.py:448} INFO - Filling up the DagBag from /home/airflow/.local/lib/python3.6/site-packages/airflow/example_dags/example_xcomargs.py
[2022-04-18 14:53:48,247] {scheduler_job.py:639} INFO - DAG(s) dict_keys(['example_xcom_args', 'example_xcom_args_with_operators']) retrieved from /home/airflow/.local/lib/python3.6/site-packages/airflow/example_dags/example_xcomargs.py
[2022-04-18 14:53:48,264] {logging_mixin.py:104} INFO - [2022-04-18 14:53:48,264] {dag.py:1818} INFO - Sync 2 DAGs
[2022-04-18 14:53:48,273] {logging_mixin.py:104} INFO - [2022-04-18 14:53:48,273] {dag.py:2273} INFO - Setting next_dagrun for example_xcom_args to None
[2022-04-18 14:53:48,273] {logging_mixin.py:104} INFO - [2022-04-18 14:53:48,273] {dag.py:2273} INFO - Setting next_dagrun for example_xcom_args_with_operators to None
[2022-04-18 14:53:48,278] {scheduler_job.py:190} INFO - Processing /home/airflow/.local/lib/python3.6/site-packages/airflow/example_dags/example_xcomargs.py took 0.042 seconds
[2022-04-18 14:54:18,963] {scheduler_job.py:182} INFO - Started process (PID=5097) to work on /home/airflow/.local/lib/python3.6/site-packages/airflow/example_dags/example_xcomargs.py
[2022-04-18 14:54:18,964] {scheduler_job.py:629} INFO - Processing file /home/airflow/.local/lib/python3.6/site-packages/airflow/example_dags/example_xcomargs.py for tasks to queue
[2022-04-18 14:54:18,964] {logging_mixin.py:104} INFO - [2022-04-18 14:54:18,964] {dagbag.py:448} INFO - Filling up the DagBag from /home/airflow/.local/lib/python3.6/site-packages/airflow/example_dags/example_xcomargs.py
[2022-04-18 14:54:18,974] {scheduler_job.py:639} INFO - DAG(s) dict_keys(['example_xcom_args', 'example_xcom_args_with_operators']) retrieved from /home/airflow/.local/lib/python3.6/site-packages/airflow/example_dags/example_xcomargs.py
[2022-04-18 14:54:18,992] {logging_mixin.py:104} INFO - [2022-04-18 14:54:18,992] {dag.py:1818} INFO - Sync 2 DAGs
[2022-04-18 14:54:18,999] {logging_mixin.py:104} INFO - [2022-04-18 14:54:18,999] {dag.py:2273} INFO - Setting next_dagrun for example_xcom_args to None
[2022-04-18 14:54:18,999] {logging_mixin.py:104} INFO - [2022-04-18 14:54:18,999] {dag.py:2273} INFO - Setting next_dagrun for example_xcom_args_with_operators to None
[2022-04-18 14:54:19,004] {scheduler_job.py:190} INFO - Processing /home/airflow/.local/lib/python3.6/site-packages/airflow/example_dags/example_xcomargs.py took 0.043 seconds
[2022-04-18 14:54:49,629] {scheduler_job.py:182} INFO - Started process (PID=5232) to work on /home/airflow/.local/lib/python3.6/site-packages/airflow/example_dags/example_xcomargs.py
[2022-04-18 14:54:49,630] {scheduler_job.py:629} INFO - Processing file /home/airflow/.local/lib/python3.6/site-packages/airflow/example_dags/example_xcomargs.py for tasks to queue
[2022-04-18 14:54:49,631] {logging_mixin.py:104} INFO - [2022-04-18 14:54:49,631] {dagbag.py:448} INFO - Filling up the DagBag from /home/airflow/.local/lib/python3.6/site-packages/airflow/example_dags/example_xcomargs.py
[2022-04-18 14:54:49,640] {scheduler_job.py:639} INFO - DAG(s) dict_keys(['example_xcom_args', 'example_xcom_args_with_operators']) retrieved from /home/airflow/.local/lib/python3.6/site-packages/airflow/example_dags/example_xcomargs.py
[2022-04-18 14:54:49,657] {logging_mixin.py:104} INFO - [2022-04-18 14:54:49,657] {dag.py:1818} INFO - Sync 2 DAGs
[2022-04-18 14:54:49,664] {logging_mixin.py:104} INFO - [2022-04-18 14:54:49,664] {dag.py:2273} INFO - Setting next_dagrun for example_xcom_args to None
[2022-04-18 14:54:49,664] {logging_mixin.py:104} INFO - [2022-04-18 14:54:49,664] {dag.py:2273} INFO - Setting next_dagrun for example_xcom_args_with_operators to None
[2022-04-18 14:54:49,669] {scheduler_job.py:190} INFO - Processing /home/airflow/.local/lib/python3.6/site-packages/airflow/example_dags/example_xcomargs.py took 0.041 seconds
[2022-04-18 14:55:20,393] {scheduler_job.py:182} INFO - Started process (PID=5369) to work on /home/airflow/.local/lib/python3.6/site-packages/airflow/example_dags/example_xcomargs.py
[2022-04-18 14:55:20,394] {scheduler_job.py:629} INFO - Processing file /home/airflow/.local/lib/python3.6/site-packages/airflow/example_dags/example_xcomargs.py for tasks to queue
[2022-04-18 14:55:20,394] {logging_mixin.py:104} INFO - [2022-04-18 14:55:20,394] {dagbag.py:448} INFO - Filling up the DagBag from /home/airflow/.local/lib/python3.6/site-packages/airflow/example_dags/example_xcomargs.py
[2022-04-18 14:55:20,404] {scheduler_job.py:639} INFO - DAG(s) dict_keys(['example_xcom_args', 'example_xcom_args_with_operators']) retrieved from /home/airflow/.local/lib/python3.6/site-packages/airflow/example_dags/example_xcomargs.py
[2022-04-18 14:55:20,421] {logging_mixin.py:104} INFO - [2022-04-18 14:55:20,421] {dag.py:1818} INFO - Sync 2 DAGs
[2022-04-18 14:55:20,429] {logging_mixin.py:104} INFO - [2022-04-18 14:55:20,429] {dag.py:2273} INFO - Setting next_dagrun for example_xcom_args to None
[2022-04-18 14:55:20,429] {logging_mixin.py:104} INFO - [2022-04-18 14:55:20,429] {dag.py:2273} INFO - Setting next_dagrun for example_xcom_args_with_operators to None
[2022-04-18 14:55:20,434] {scheduler_job.py:190} INFO - Processing /home/airflow/.local/lib/python3.6/site-packages/airflow/example_dags/example_xcomargs.py took 0.043 seconds
[2022-04-18 14:55:51,069] {scheduler_job.py:182} INFO - Started process (PID=5502) to work on /home/airflow/.local/lib/python3.6/site-packages/airflow/example_dags/example_xcomargs.py
[2022-04-18 14:55:51,070] {scheduler_job.py:629} INFO - Processing file /home/airflow/.local/lib/python3.6/site-packages/airflow/example_dags/example_xcomargs.py for tasks to queue
[2022-04-18 14:55:51,070] {logging_mixin.py:104} INFO - [2022-04-18 14:55:51,070] {dagbag.py:448} INFO - Filling up the DagBag from /home/airflow/.local/lib/python3.6/site-packages/airflow/example_dags/example_xcomargs.py
[2022-04-18 14:55:51,081] {scheduler_job.py:639} INFO - DAG(s) dict_keys(['example_xcom_args', 'example_xcom_args_with_operators']) retrieved from /home/airflow/.local/lib/python3.6/site-packages/airflow/example_dags/example_xcomargs.py
[2022-04-18 14:55:51,098] {logging_mixin.py:104} INFO - [2022-04-18 14:55:51,098] {dag.py:1818} INFO - Sync 2 DAGs
[2022-04-18 14:55:51,106] {logging_mixin.py:104} INFO - [2022-04-18 14:55:51,106] {dag.py:2273} INFO - Setting next_dagrun for example_xcom_args to None
[2022-04-18 14:55:51,106] {logging_mixin.py:104} INFO - [2022-04-18 14:55:51,106] {dag.py:2273} INFO - Setting next_dagrun for example_xcom_args_with_operators to None
[2022-04-18 14:55:51,111] {scheduler_job.py:190} INFO - Processing /home/airflow/.local/lib/python3.6/site-packages/airflow/example_dags/example_xcomargs.py took 0.044 seconds
[2022-04-18 14:56:21,753] {scheduler_job.py:182} INFO - Started process (PID=5637) to work on /home/airflow/.local/lib/python3.6/site-packages/airflow/example_dags/example_xcomargs.py
[2022-04-18 14:56:21,754] {scheduler_job.py:629} INFO - Processing file /home/airflow/.local/lib/python3.6/site-packages/airflow/example_dags/example_xcomargs.py for tasks to queue
[2022-04-18 14:56:21,755] {logging_mixin.py:104} INFO - [2022-04-18 14:56:21,754] {dagbag.py:448} INFO - Filling up the DagBag from /home/airflow/.local/lib/python3.6/site-packages/airflow/example_dags/example_xcomargs.py
[2022-04-18 14:56:21,764] {scheduler_job.py:639} INFO - DAG(s) dict_keys(['example_xcom_args', 'example_xcom_args_with_operators']) retrieved from /home/airflow/.local/lib/python3.6/site-packages/airflow/example_dags/example_xcomargs.py
[2022-04-18 14:56:21,781] {logging_mixin.py:104} INFO - [2022-04-18 14:56:21,781] {dag.py:1818} INFO - Sync 2 DAGs
[2022-04-18 14:56:21,788] {logging_mixin.py:104} INFO - [2022-04-18 14:56:21,788] {dag.py:2273} INFO - Setting next_dagrun for example_xcom_args to None
[2022-04-18 14:56:21,789] {logging_mixin.py:104} INFO - [2022-04-18 14:56:21,789] {dag.py:2273} INFO - Setting next_dagrun for example_xcom_args_with_operators to None
[2022-04-18 14:56:21,792] {scheduler_job.py:190} INFO - Processing /home/airflow/.local/lib/python3.6/site-packages/airflow/example_dags/example_xcomargs.py took 0.042 seconds
[2022-04-18 14:56:52,419] {scheduler_job.py:182} INFO - Started process (PID=5772) to work on /home/airflow/.local/lib/python3.6/site-packages/airflow/example_dags/example_xcomargs.py
[2022-04-18 14:56:52,420] {scheduler_job.py:629} INFO - Processing file /home/airflow/.local/lib/python3.6/site-packages/airflow/example_dags/example_xcomargs.py for tasks to queue
[2022-04-18 14:56:52,421] {logging_mixin.py:104} INFO - [2022-04-18 14:56:52,420] {dagbag.py:448} INFO - Filling up the DagBag from /home/airflow/.local/lib/python3.6/site-packages/airflow/example_dags/example_xcomargs.py
[2022-04-18 14:56:52,430] {scheduler_job.py:639} INFO - DAG(s) dict_keys(['example_xcom_args', 'example_xcom_args_with_operators']) retrieved from /home/airflow/.local/lib/python3.6/site-packages/airflow/example_dags/example_xcomargs.py
[2022-04-18 14:56:52,447] {logging_mixin.py:104} INFO - [2022-04-18 14:56:52,447] {dag.py:1818} INFO - Sync 2 DAGs
[2022-04-18 14:56:52,455] {logging_mixin.py:104} INFO - [2022-04-18 14:56:52,455] {dag.py:2273} INFO - Setting next_dagrun for example_xcom_args to None
[2022-04-18 14:56:52,455] {logging_mixin.py:104} INFO - [2022-04-18 14:56:52,455] {dag.py:2273} INFO - Setting next_dagrun for example_xcom_args_with_operators to None
[2022-04-18 14:56:52,460] {scheduler_job.py:190} INFO - Processing /home/airflow/.local/lib/python3.6/site-packages/airflow/example_dags/example_xcomargs.py took 0.042 seconds
[2022-04-18 14:57:23,168] {scheduler_job.py:182} INFO - Started process (PID=5907) to work on /home/airflow/.local/lib/python3.6/site-packages/airflow/example_dags/example_xcomargs.py
[2022-04-18 14:57:23,169] {scheduler_job.py:629} INFO - Processing file /home/airflow/.local/lib/python3.6/site-packages/airflow/example_dags/example_xcomargs.py for tasks to queue
[2022-04-18 14:57:23,169] {logging_mixin.py:104} INFO - [2022-04-18 14:57:23,169] {dagbag.py:448} INFO - Filling up the DagBag from /home/airflow/.local/lib/python3.6/site-packages/airflow/example_dags/example_xcomargs.py
[2022-04-18 14:57:23,180] {scheduler_job.py:639} INFO - DAG(s) dict_keys(['example_xcom_args', 'example_xcom_args_with_operators']) retrieved from /home/airflow/.local/lib/python3.6/site-packages/airflow/example_dags/example_xcomargs.py
[2022-04-18 14:57:23,194] {logging_mixin.py:104} INFO - [2022-04-18 14:57:23,194] {dag.py:1818} INFO - Sync 2 DAGs
[2022-04-18 14:57:23,203] {logging_mixin.py:104} INFO - [2022-04-18 14:57:23,203] {dag.py:2273} INFO - Setting next_dagrun for example_xcom_args to None
[2022-04-18 14:57:23,203] {logging_mixin.py:104} INFO - [2022-04-18 14:57:23,203] {dag.py:2273} INFO - Setting next_dagrun for example_xcom_args_with_operators to None
[2022-04-18 14:57:23,208] {scheduler_job.py:190} INFO - Processing /home/airflow/.local/lib/python3.6/site-packages/airflow/example_dags/example_xcomargs.py took 0.042 seconds
[2022-04-18 14:57:53,866] {scheduler_job.py:182} INFO - Started process (PID=6044) to work on /home/airflow/.local/lib/python3.6/site-packages/airflow/example_dags/example_xcomargs.py
[2022-04-18 14:57:53,867] {scheduler_job.py:629} INFO - Processing file /home/airflow/.local/lib/python3.6/site-packages/airflow/example_dags/example_xcomargs.py for tasks to queue
[2022-04-18 14:57:53,868] {logging_mixin.py:104} INFO - [2022-04-18 14:57:53,868] {dagbag.py:448} INFO - Filling up the DagBag from /home/airflow/.local/lib/python3.6/site-packages/airflow/example_dags/example_xcomargs.py
[2022-04-18 14:57:53,877] {scheduler_job.py:639} INFO - DAG(s) dict_keys(['example_xcom_args', 'example_xcom_args_with_operators']) retrieved from /home/airflow/.local/lib/python3.6/site-packages/airflow/example_dags/example_xcomargs.py
[2022-04-18 14:57:53,895] {logging_mixin.py:104} INFO - [2022-04-18 14:57:53,895] {dag.py:1818} INFO - Sync 2 DAGs
[2022-04-18 14:57:53,904] {logging_mixin.py:104} INFO - [2022-04-18 14:57:53,904] {dag.py:2273} INFO - Setting next_dagrun for example_xcom_args to None
[2022-04-18 14:57:53,905] {logging_mixin.py:104} INFO - [2022-04-18 14:57:53,905] {dag.py:2273} INFO - Setting next_dagrun for example_xcom_args_with_operators to None
[2022-04-18 14:57:53,909] {scheduler_job.py:190} INFO - Processing /home/airflow/.local/lib/python3.6/site-packages/airflow/example_dags/example_xcomargs.py took 0.045 seconds
[2022-04-18 14:58:24,611] {scheduler_job.py:182} INFO - Started process (PID=6177) to work on /home/airflow/.local/lib/python3.6/site-packages/airflow/example_dags/example_xcomargs.py
[2022-04-18 14:58:24,612] {scheduler_job.py:629} INFO - Processing file /home/airflow/.local/lib/python3.6/site-packages/airflow/example_dags/example_xcomargs.py for tasks to queue
[2022-04-18 14:58:24,612] {logging_mixin.py:104} INFO - [2022-04-18 14:58:24,612] {dagbag.py:448} INFO - Filling up the DagBag from /home/airflow/.local/lib/python3.6/site-packages/airflow/example_dags/example_xcomargs.py
[2022-04-18 14:58:24,621] {scheduler_job.py:639} INFO - DAG(s) dict_keys(['example_xcom_args', 'example_xcom_args_with_operators']) retrieved from /home/airflow/.local/lib/python3.6/site-packages/airflow/example_dags/example_xcomargs.py
[2022-04-18 14:58:24,640] {logging_mixin.py:104} INFO - [2022-04-18 14:58:24,640] {dag.py:1818} INFO - Sync 2 DAGs
[2022-04-18 14:58:24,647] {logging_mixin.py:104} INFO - [2022-04-18 14:58:24,647] {dag.py:2273} INFO - Setting next_dagrun for example_xcom_args to None
[2022-04-18 14:58:24,648] {logging_mixin.py:104} INFO - [2022-04-18 14:58:24,648] {dag.py:2273} INFO - Setting next_dagrun for example_xcom_args_with_operators to None
[2022-04-18 14:58:24,652] {scheduler_job.py:190} INFO - Processing /home/airflow/.local/lib/python3.6/site-packages/airflow/example_dags/example_xcomargs.py took 0.044 seconds
[2022-04-18 14:58:55,262] {scheduler_job.py:182} INFO - Started process (PID=6312) to work on /home/airflow/.local/lib/python3.6/site-packages/airflow/example_dags/example_xcomargs.py
[2022-04-18 14:58:55,262] {scheduler_job.py:629} INFO - Processing file /home/airflow/.local/lib/python3.6/site-packages/airflow/example_dags/example_xcomargs.py for tasks to queue
[2022-04-18 14:58:55,263] {logging_mixin.py:104} INFO - [2022-04-18 14:58:55,263] {dagbag.py:448} INFO - Filling up the DagBag from /home/airflow/.local/lib/python3.6/site-packages/airflow/example_dags/example_xcomargs.py
[2022-04-18 14:58:55,273] {scheduler_job.py:639} INFO - DAG(s) dict_keys(['example_xcom_args', 'example_xcom_args_with_operators']) retrieved from /home/airflow/.local/lib/python3.6/site-packages/airflow/example_dags/example_xcomargs.py
[2022-04-18 14:58:55,291] {logging_mixin.py:104} INFO - [2022-04-18 14:58:55,291] {dag.py:1818} INFO - Sync 2 DAGs
[2022-04-18 14:58:55,300] {logging_mixin.py:104} INFO - [2022-04-18 14:58:55,300] {dag.py:2273} INFO - Setting next_dagrun for example_xcom_args to None
[2022-04-18 14:58:55,300] {logging_mixin.py:104} INFO - [2022-04-18 14:58:55,300] {dag.py:2273} INFO - Setting next_dagrun for example_xcom_args_with_operators to None
[2022-04-18 14:58:55,305] {scheduler_job.py:190} INFO - Processing /home/airflow/.local/lib/python3.6/site-packages/airflow/example_dags/example_xcomargs.py took 0.045 seconds
[2022-04-18 14:59:25,941] {scheduler_job.py:182} INFO - Started process (PID=6447) to work on /home/airflow/.local/lib/python3.6/site-packages/airflow/example_dags/example_xcomargs.py
[2022-04-18 14:59:25,942] {scheduler_job.py:629} INFO - Processing file /home/airflow/.local/lib/python3.6/site-packages/airflow/example_dags/example_xcomargs.py for tasks to queue
[2022-04-18 14:59:25,943] {logging_mixin.py:104} INFO - [2022-04-18 14:59:25,943] {dagbag.py:448} INFO - Filling up the DagBag from /home/airflow/.local/lib/python3.6/site-packages/airflow/example_dags/example_xcomargs.py
[2022-04-18 14:59:25,954] {scheduler_job.py:639} INFO - DAG(s) dict_keys(['example_xcom_args', 'example_xcom_args_with_operators']) retrieved from /home/airflow/.local/lib/python3.6/site-packages/airflow/example_dags/example_xcomargs.py
[2022-04-18 14:59:25,969] {logging_mixin.py:104} INFO - [2022-04-18 14:59:25,968] {dag.py:1818} INFO - Sync 2 DAGs
[2022-04-18 14:59:25,977] {logging_mixin.py:104} INFO - [2022-04-18 14:59:25,977] {dag.py:2273} INFO - Setting next_dagrun for example_xcom_args to None
[2022-04-18 14:59:25,978] {logging_mixin.py:104} INFO - [2022-04-18 14:59:25,977] {dag.py:2273} INFO - Setting next_dagrun for example_xcom_args_with_operators to None
[2022-04-18 14:59:25,982] {scheduler_job.py:190} INFO - Processing /home/airflow/.local/lib/python3.6/site-packages/airflow/example_dags/example_xcomargs.py took 0.043 seconds
[2022-04-18 14:59:56,612] {scheduler_job.py:182} INFO - Started process (PID=6582) to work on /home/airflow/.local/lib/python3.6/site-packages/airflow/example_dags/example_xcomargs.py
[2022-04-18 14:59:56,612] {scheduler_job.py:629} INFO - Processing file /home/airflow/.local/lib/python3.6/site-packages/airflow/example_dags/example_xcomargs.py for tasks to queue
[2022-04-18 14:59:56,613] {logging_mixin.py:104} INFO - [2022-04-18 14:59:56,613] {dagbag.py:448} INFO - Filling up the DagBag from /home/airflow/.local/lib/python3.6/site-packages/airflow/example_dags/example_xcomargs.py
[2022-04-18 14:59:56,621] {scheduler_job.py:639} INFO - DAG(s) dict_keys(['example_xcom_args', 'example_xcom_args_with_operators']) retrieved from /home/airflow/.local/lib/python3.6/site-packages/airflow/example_dags/example_xcomargs.py
[2022-04-18 14:59:56,641] {logging_mixin.py:104} INFO - [2022-04-18 14:59:56,640] {dag.py:1818} INFO - Sync 2 DAGs
[2022-04-18 14:59:56,648] {logging_mixin.py:104} INFO - [2022-04-18 14:59:56,648] {dag.py:2273} INFO - Setting next_dagrun for example_xcom_args to None
[2022-04-18 14:59:56,649] {logging_mixin.py:104} INFO - [2022-04-18 14:59:56,649] {dag.py:2273} INFO - Setting next_dagrun for example_xcom_args_with_operators to None
[2022-04-18 14:59:56,653] {scheduler_job.py:190} INFO - Processing /home/airflow/.local/lib/python3.6/site-packages/airflow/example_dags/example_xcomargs.py took 0.044 seconds
[2022-04-18 15:00:27,310] {scheduler_job.py:182} INFO - Started process (PID=6717) to work on /home/airflow/.local/lib/python3.6/site-packages/airflow/example_dags/example_xcomargs.py
[2022-04-18 15:00:27,311] {scheduler_job.py:629} INFO - Processing file /home/airflow/.local/lib/python3.6/site-packages/airflow/example_dags/example_xcomargs.py for tasks to queue
[2022-04-18 15:00:27,311] {logging_mixin.py:104} INFO - [2022-04-18 15:00:27,311] {dagbag.py:448} INFO - Filling up the DagBag from /home/airflow/.local/lib/python3.6/site-packages/airflow/example_dags/example_xcomargs.py
[2022-04-18 15:00:27,321] {scheduler_job.py:639} INFO - DAG(s) dict_keys(['example_xcom_args', 'example_xcom_args_with_operators']) retrieved from /home/airflow/.local/lib/python3.6/site-packages/airflow/example_dags/example_xcomargs.py
[2022-04-18 15:00:27,339] {logging_mixin.py:104} INFO - [2022-04-18 15:00:27,339] {dag.py:1818} INFO - Sync 2 DAGs
[2022-04-18 15:00:27,346] {logging_mixin.py:104} INFO - [2022-04-18 15:00:27,346] {dag.py:2273} INFO - Setting next_dagrun for example_xcom_args to None
[2022-04-18 15:00:27,347] {logging_mixin.py:104} INFO - [2022-04-18 15:00:27,347] {dag.py:2273} INFO - Setting next_dagrun for example_xcom_args_with_operators to None
[2022-04-18 15:00:27,352] {scheduler_job.py:190} INFO - Processing /home/airflow/.local/lib/python3.6/site-packages/airflow/example_dags/example_xcomargs.py took 0.044 seconds
[2022-04-18 15:00:57,976] {scheduler_job.py:182} INFO - Started process (PID=6852) to work on /home/airflow/.local/lib/python3.6/site-packages/airflow/example_dags/example_xcomargs.py
[2022-04-18 15:00:57,977] {scheduler_job.py:629} INFO - Processing file /home/airflow/.local/lib/python3.6/site-packages/airflow/example_dags/example_xcomargs.py for tasks to queue
[2022-04-18 15:00:57,977] {logging_mixin.py:104} INFO - [2022-04-18 15:00:57,977] {dagbag.py:448} INFO - Filling up the DagBag from /home/airflow/.local/lib/python3.6/site-packages/airflow/example_dags/example_xcomargs.py
[2022-04-18 15:00:57,987] {scheduler_job.py:639} INFO - DAG(s) dict_keys(['example_xcom_args', 'example_xcom_args_with_operators']) retrieved from /home/airflow/.local/lib/python3.6/site-packages/airflow/example_dags/example_xcomargs.py
[2022-04-18 15:00:58,004] {logging_mixin.py:104} INFO - [2022-04-18 15:00:58,004] {dag.py:1818} INFO - Sync 2 DAGs
[2022-04-18 15:00:58,011] {logging_mixin.py:104} INFO - [2022-04-18 15:00:58,011] {dag.py:2273} INFO - Setting next_dagrun for example_xcom_args to None
[2022-04-18 15:00:58,012] {logging_mixin.py:104} INFO - [2022-04-18 15:00:58,012] {dag.py:2273} INFO - Setting next_dagrun for example_xcom_args_with_operators to None
[2022-04-18 15:00:58,016] {scheduler_job.py:190} INFO - Processing /home/airflow/.local/lib/python3.6/site-packages/airflow/example_dags/example_xcomargs.py took 0.042 seconds
[2022-04-18 15:01:28,682] {scheduler_job.py:182} INFO - Started process (PID=6989) to work on /home/airflow/.local/lib/python3.6/site-packages/airflow/example_dags/example_xcomargs.py
[2022-04-18 15:01:28,684] {scheduler_job.py:629} INFO - Processing file /home/airflow/.local/lib/python3.6/site-packages/airflow/example_dags/example_xcomargs.py for tasks to queue
[2022-04-18 15:01:28,684] {logging_mixin.py:104} INFO - [2022-04-18 15:01:28,684] {dagbag.py:448} INFO - Filling up the DagBag from /home/airflow/.local/lib/python3.6/site-packages/airflow/example_dags/example_xcomargs.py
[2022-04-18 15:01:28,693] {scheduler_job.py:639} INFO - DAG(s) dict_keys(['example_xcom_args', 'example_xcom_args_with_operators']) retrieved from /home/airflow/.local/lib/python3.6/site-packages/airflow/example_dags/example_xcomargs.py
[2022-04-18 15:01:28,710] {logging_mixin.py:104} INFO - [2022-04-18 15:01:28,710] {dag.py:1818} INFO - Sync 2 DAGs
[2022-04-18 15:01:28,719] {logging_mixin.py:104} INFO - [2022-04-18 15:01:28,719] {dag.py:2273} INFO - Setting next_dagrun for example_xcom_args to None
[2022-04-18 15:01:28,720] {logging_mixin.py:104} INFO - [2022-04-18 15:01:28,720] {dag.py:2273} INFO - Setting next_dagrun for example_xcom_args_with_operators to None
[2022-04-18 15:01:28,724] {scheduler_job.py:190} INFO - Processing /home/airflow/.local/lib/python3.6/site-packages/airflow/example_dags/example_xcomargs.py took 0.044 seconds
[2022-04-18 15:01:59,409] {scheduler_job.py:182} INFO - Started process (PID=7122) to work on /home/airflow/.local/lib/python3.6/site-packages/airflow/example_dags/example_xcomargs.py
[2022-04-18 15:01:59,410] {scheduler_job.py:629} INFO - Processing file /home/airflow/.local/lib/python3.6/site-packages/airflow/example_dags/example_xcomargs.py for tasks to queue
[2022-04-18 15:01:59,411] {logging_mixin.py:104} INFO - [2022-04-18 15:01:59,411] {dagbag.py:448} INFO - Filling up the DagBag from /home/airflow/.local/lib/python3.6/site-packages/airflow/example_dags/example_xcomargs.py
[2022-04-18 15:01:59,421] {scheduler_job.py:639} INFO - DAG(s) dict_keys(['example_xcom_args', 'example_xcom_args_with_operators']) retrieved from /home/airflow/.local/lib/python3.6/site-packages/airflow/example_dags/example_xcomargs.py
[2022-04-18 15:01:59,436] {logging_mixin.py:104} INFO - [2022-04-18 15:01:59,436] {dag.py:1818} INFO - Sync 2 DAGs
[2022-04-18 15:01:59,446] {logging_mixin.py:104} INFO - [2022-04-18 15:01:59,446] {dag.py:2273} INFO - Setting next_dagrun for example_xcom_args to None
[2022-04-18 15:01:59,446] {logging_mixin.py:104} INFO - [2022-04-18 15:01:59,446] {dag.py:2273} INFO - Setting next_dagrun for example_xcom_args_with_operators to None
[2022-04-18 15:01:59,451] {scheduler_job.py:190} INFO - Processing /home/airflow/.local/lib/python3.6/site-packages/airflow/example_dags/example_xcomargs.py took 0.044 seconds
[2022-04-18 15:02:30,114] {scheduler_job.py:182} INFO - Started process (PID=7257) to work on /home/airflow/.local/lib/python3.6/site-packages/airflow/example_dags/example_xcomargs.py
[2022-04-18 15:02:30,114] {scheduler_job.py:629} INFO - Processing file /home/airflow/.local/lib/python3.6/site-packages/airflow/example_dags/example_xcomargs.py for tasks to queue
[2022-04-18 15:02:30,115] {logging_mixin.py:104} INFO - [2022-04-18 15:02:30,115] {dagbag.py:448} INFO - Filling up the DagBag from /home/airflow/.local/lib/python3.6/site-packages/airflow/example_dags/example_xcomargs.py
[2022-04-18 15:02:30,122] {scheduler_job.py:639} INFO - DAG(s) dict_keys(['example_xcom_args', 'example_xcom_args_with_operators']) retrieved from /home/airflow/.local/lib/python3.6/site-packages/airflow/example_dags/example_xcomargs.py
[2022-04-18 15:02:30,138] {logging_mixin.py:104} INFO - [2022-04-18 15:02:30,138] {dag.py:1818} INFO - Sync 2 DAGs
[2022-04-18 15:02:30,146] {logging_mixin.py:104} INFO - [2022-04-18 15:02:30,146] {dag.py:2273} INFO - Setting next_dagrun for example_xcom_args to None
[2022-04-18 15:02:30,146] {logging_mixin.py:104} INFO - [2022-04-18 15:02:30,146] {dag.py:2273} INFO - Setting next_dagrun for example_xcom_args_with_operators to None
[2022-04-18 15:02:30,151] {scheduler_job.py:190} INFO - Processing /home/airflow/.local/lib/python3.6/site-packages/airflow/example_dags/example_xcomargs.py took 0.040 seconds
[2022-04-18 15:03:00,803] {scheduler_job.py:182} INFO - Started process (PID=7392) to work on /home/airflow/.local/lib/python3.6/site-packages/airflow/example_dags/example_xcomargs.py
[2022-04-18 15:03:00,804] {scheduler_job.py:629} INFO - Processing file /home/airflow/.local/lib/python3.6/site-packages/airflow/example_dags/example_xcomargs.py for tasks to queue
[2022-04-18 15:03:00,804] {logging_mixin.py:104} INFO - [2022-04-18 15:03:00,804] {dagbag.py:448} INFO - Filling up the DagBag from /home/airflow/.local/lib/python3.6/site-packages/airflow/example_dags/example_xcomargs.py
[2022-04-18 15:03:00,813] {scheduler_job.py:639} INFO - DAG(s) dict_keys(['example_xcom_args', 'example_xcom_args_with_operators']) retrieved from /home/airflow/.local/lib/python3.6/site-packages/airflow/example_dags/example_xcomargs.py
[2022-04-18 15:03:00,829] {logging_mixin.py:104} INFO - [2022-04-18 15:03:00,829] {dag.py:1818} INFO - Sync 2 DAGs
[2022-04-18 15:03:00,838] {logging_mixin.py:104} INFO - [2022-04-18 15:03:00,838] {dag.py:2273} INFO - Setting next_dagrun for example_xcom_args to None
[2022-04-18 15:03:00,838] {logging_mixin.py:104} INFO - [2022-04-18 15:03:00,838] {dag.py:2273} INFO - Setting next_dagrun for example_xcom_args_with_operators to None
[2022-04-18 15:03:00,843] {scheduler_job.py:190} INFO - Processing /home/airflow/.local/lib/python3.6/site-packages/airflow/example_dags/example_xcomargs.py took 0.042 seconds
[2022-04-18 15:03:31,478] {scheduler_job.py:182} INFO - Started process (PID=7527) to work on /home/airflow/.local/lib/python3.6/site-packages/airflow/example_dags/example_xcomargs.py
[2022-04-18 15:03:31,479] {scheduler_job.py:629} INFO - Processing file /home/airflow/.local/lib/python3.6/site-packages/airflow/example_dags/example_xcomargs.py for tasks to queue
[2022-04-18 15:03:31,479] {logging_mixin.py:104} INFO - [2022-04-18 15:03:31,479] {dagbag.py:448} INFO - Filling up the DagBag from /home/airflow/.local/lib/python3.6/site-packages/airflow/example_dags/example_xcomargs.py
[2022-04-18 15:03:31,486] {scheduler_job.py:639} INFO - DAG(s) dict_keys(['example_xcom_args', 'example_xcom_args_with_operators']) retrieved from /home/airflow/.local/lib/python3.6/site-packages/airflow/example_dags/example_xcomargs.py
[2022-04-18 15:03:31,499] {logging_mixin.py:104} INFO - [2022-04-18 15:03:31,499] {dag.py:1818} INFO - Sync 2 DAGs
[2022-04-18 15:03:31,507] {logging_mixin.py:104} INFO - [2022-04-18 15:03:31,507] {dag.py:2273} INFO - Setting next_dagrun for example_xcom_args to None
[2022-04-18 15:03:31,508] {logging_mixin.py:104} INFO - [2022-04-18 15:03:31,508] {dag.py:2273} INFO - Setting next_dagrun for example_xcom_args_with_operators to None
[2022-04-18 15:03:31,513] {scheduler_job.py:190} INFO - Processing /home/airflow/.local/lib/python3.6/site-packages/airflow/example_dags/example_xcomargs.py took 0.037 seconds
[2022-04-18 15:04:02,150] {scheduler_job.py:182} INFO - Started process (PID=7662) to work on /home/airflow/.local/lib/python3.6/site-packages/airflow/example_dags/example_xcomargs.py
[2022-04-18 15:04:02,150] {scheduler_job.py:629} INFO - Processing file /home/airflow/.local/lib/python3.6/site-packages/airflow/example_dags/example_xcomargs.py for tasks to queue
[2022-04-18 15:04:02,151] {logging_mixin.py:104} INFO - [2022-04-18 15:04:02,151] {dagbag.py:448} INFO - Filling up the DagBag from /home/airflow/.local/lib/python3.6/site-packages/airflow/example_dags/example_xcomargs.py
[2022-04-18 15:04:02,159] {scheduler_job.py:639} INFO - DAG(s) dict_keys(['example_xcom_args', 'example_xcom_args_with_operators']) retrieved from /home/airflow/.local/lib/python3.6/site-packages/airflow/example_dags/example_xcomargs.py
[2022-04-18 15:04:02,177] {logging_mixin.py:104} INFO - [2022-04-18 15:04:02,177] {dag.py:1818} INFO - Sync 2 DAGs
[2022-04-18 15:04:02,184] {logging_mixin.py:104} INFO - [2022-04-18 15:04:02,184] {dag.py:2273} INFO - Setting next_dagrun for example_xcom_args to None
[2022-04-18 15:04:02,185] {logging_mixin.py:104} INFO - [2022-04-18 15:04:02,185] {dag.py:2273} INFO - Setting next_dagrun for example_xcom_args_with_operators to None
[2022-04-18 15:04:02,189] {scheduler_job.py:190} INFO - Processing /home/airflow/.local/lib/python3.6/site-packages/airflow/example_dags/example_xcomargs.py took 0.041 seconds
[2022-04-18 15:04:32,877] {scheduler_job.py:182} INFO - Started process (PID=7797) to work on /home/airflow/.local/lib/python3.6/site-packages/airflow/example_dags/example_xcomargs.py
[2022-04-18 15:04:32,878] {scheduler_job.py:629} INFO - Processing file /home/airflow/.local/lib/python3.6/site-packages/airflow/example_dags/example_xcomargs.py for tasks to queue
[2022-04-18 15:04:32,879] {logging_mixin.py:104} INFO - [2022-04-18 15:04:32,879] {dagbag.py:448} INFO - Filling up the DagBag from /home/airflow/.local/lib/python3.6/site-packages/airflow/example_dags/example_xcomargs.py
[2022-04-18 15:04:32,890] {scheduler_job.py:639} INFO - DAG(s) dict_keys(['example_xcom_args', 'example_xcom_args_with_operators']) retrieved from /home/airflow/.local/lib/python3.6/site-packages/airflow/example_dags/example_xcomargs.py
[2022-04-18 15:04:32,910] {logging_mixin.py:104} INFO - [2022-04-18 15:04:32,910] {dag.py:1818} INFO - Sync 2 DAGs
[2022-04-18 15:04:32,918] {logging_mixin.py:104} INFO - [2022-04-18 15:04:32,918] {dag.py:2273} INFO - Setting next_dagrun for example_xcom_args to None
[2022-04-18 15:04:32,919] {logging_mixin.py:104} INFO - [2022-04-18 15:04:32,918] {dag.py:2273} INFO - Setting next_dagrun for example_xcom_args_with_operators to None
[2022-04-18 15:04:32,923] {scheduler_job.py:190} INFO - Processing /home/airflow/.local/lib/python3.6/site-packages/airflow/example_dags/example_xcomargs.py took 0.047 seconds
[2022-04-18 15:05:03,563] {scheduler_job.py:182} INFO - Started process (PID=7932) to work on /home/airflow/.local/lib/python3.6/site-packages/airflow/example_dags/example_xcomargs.py
[2022-04-18 15:05:03,564] {scheduler_job.py:629} INFO - Processing file /home/airflow/.local/lib/python3.6/site-packages/airflow/example_dags/example_xcomargs.py for tasks to queue
[2022-04-18 15:05:03,564] {logging_mixin.py:104} INFO - [2022-04-18 15:05:03,564] {dagbag.py:448} INFO - Filling up the DagBag from /home/airflow/.local/lib/python3.6/site-packages/airflow/example_dags/example_xcomargs.py
[2022-04-18 15:05:03,573] {scheduler_job.py:639} INFO - DAG(s) dict_keys(['example_xcom_args', 'example_xcom_args_with_operators']) retrieved from /home/airflow/.local/lib/python3.6/site-packages/airflow/example_dags/example_xcomargs.py
[2022-04-18 15:05:03,592] {logging_mixin.py:104} INFO - [2022-04-18 15:05:03,592] {dag.py:1818} INFO - Sync 2 DAGs
[2022-04-18 15:05:03,600] {logging_mixin.py:104} INFO - [2022-04-18 15:05:03,600] {dag.py:2273} INFO - Setting next_dagrun for example_xcom_args to None
[2022-04-18 15:05:03,600] {logging_mixin.py:104} INFO - [2022-04-18 15:05:03,600] {dag.py:2273} INFO - Setting next_dagrun for example_xcom_args_with_operators to None
[2022-04-18 15:05:03,608] {scheduler_job.py:190} INFO - Processing /home/airflow/.local/lib/python3.6/site-packages/airflow/example_dags/example_xcomargs.py took 0.046 seconds
[2022-04-18 15:05:34,248] {scheduler_job.py:182} INFO - Started process (PID=8067) to work on /home/airflow/.local/lib/python3.6/site-packages/airflow/example_dags/example_xcomargs.py
[2022-04-18 15:05:34,249] {scheduler_job.py:629} INFO - Processing file /home/airflow/.local/lib/python3.6/site-packages/airflow/example_dags/example_xcomargs.py for tasks to queue
[2022-04-18 15:05:34,250] {logging_mixin.py:104} INFO - [2022-04-18 15:05:34,250] {dagbag.py:448} INFO - Filling up the DagBag from /home/airflow/.local/lib/python3.6/site-packages/airflow/example_dags/example_xcomargs.py
[2022-04-18 15:05:34,260] {scheduler_job.py:639} INFO - DAG(s) dict_keys(['example_xcom_args', 'example_xcom_args_with_operators']) retrieved from /home/airflow/.local/lib/python3.6/site-packages/airflow/example_dags/example_xcomargs.py
[2022-04-18 15:05:34,276] {logging_mixin.py:104} INFO - [2022-04-18 15:05:34,276] {dag.py:1818} INFO - Sync 2 DAGs
[2022-04-18 15:05:34,284] {logging_mixin.py:104} INFO - [2022-04-18 15:05:34,283] {dag.py:2273} INFO - Setting next_dagrun for example_xcom_args to None
[2022-04-18 15:05:34,284] {logging_mixin.py:104} INFO - [2022-04-18 15:05:34,284] {dag.py:2273} INFO - Setting next_dagrun for example_xcom_args_with_operators to None
[2022-04-18 15:05:34,288] {scheduler_job.py:190} INFO - Processing /home/airflow/.local/lib/python3.6/site-packages/airflow/example_dags/example_xcomargs.py took 0.042 seconds
[2022-04-18 15:06:04,940] {scheduler_job.py:182} INFO - Started process (PID=8202) to work on /home/airflow/.local/lib/python3.6/site-packages/airflow/example_dags/example_xcomargs.py
[2022-04-18 15:06:04,941] {scheduler_job.py:629} INFO - Processing file /home/airflow/.local/lib/python3.6/site-packages/airflow/example_dags/example_xcomargs.py for tasks to queue
[2022-04-18 15:06:04,942] {logging_mixin.py:104} INFO - [2022-04-18 15:06:04,942] {dagbag.py:448} INFO - Filling up the DagBag from /home/airflow/.local/lib/python3.6/site-packages/airflow/example_dags/example_xcomargs.py
[2022-04-18 15:06:04,951] {scheduler_job.py:639} INFO - DAG(s) dict_keys(['example_xcom_args', 'example_xcom_args_with_operators']) retrieved from /home/airflow/.local/lib/python3.6/site-packages/airflow/example_dags/example_xcomargs.py
[2022-04-18 15:06:04,969] {logging_mixin.py:104} INFO - [2022-04-18 15:06:04,969] {dag.py:1818} INFO - Sync 2 DAGs
[2022-04-18 15:06:04,976] {logging_mixin.py:104} INFO - [2022-04-18 15:06:04,976] {dag.py:2273} INFO - Setting next_dagrun for example_xcom_args to None
[2022-04-18 15:06:04,977] {logging_mixin.py:104} INFO - [2022-04-18 15:06:04,977] {dag.py:2273} INFO - Setting next_dagrun for example_xcom_args_with_operators to None
[2022-04-18 15:06:04,981] {scheduler_job.py:190} INFO - Processing /home/airflow/.local/lib/python3.6/site-packages/airflow/example_dags/example_xcomargs.py took 0.043 seconds
[2022-04-18 15:06:35,669] {scheduler_job.py:182} INFO - Started process (PID=8337) to work on /home/airflow/.local/lib/python3.6/site-packages/airflow/example_dags/example_xcomargs.py
[2022-04-18 15:06:35,670] {scheduler_job.py:629} INFO - Processing file /home/airflow/.local/lib/python3.6/site-packages/airflow/example_dags/example_xcomargs.py for tasks to queue
[2022-04-18 15:06:35,670] {logging_mixin.py:104} INFO - [2022-04-18 15:06:35,670] {dagbag.py:448} INFO - Filling up the DagBag from /home/airflow/.local/lib/python3.6/site-packages/airflow/example_dags/example_xcomargs.py
[2022-04-18 15:06:35,680] {scheduler_job.py:639} INFO - DAG(s) dict_keys(['example_xcom_args', 'example_xcom_args_with_operators']) retrieved from /home/airflow/.local/lib/python3.6/site-packages/airflow/example_dags/example_xcomargs.py
[2022-04-18 15:06:35,697] {logging_mixin.py:104} INFO - [2022-04-18 15:06:35,697] {dag.py:1818} INFO - Sync 2 DAGs
[2022-04-18 15:06:35,706] {logging_mixin.py:104} INFO - [2022-04-18 15:06:35,706] {dag.py:2273} INFO - Setting next_dagrun for example_xcom_args to None
[2022-04-18 15:06:35,706] {logging_mixin.py:104} INFO - [2022-04-18 15:06:35,706] {dag.py:2273} INFO - Setting next_dagrun for example_xcom_args_with_operators to None
[2022-04-18 15:06:35,710] {scheduler_job.py:190} INFO - Processing /home/airflow/.local/lib/python3.6/site-packages/airflow/example_dags/example_xcomargs.py took 0.044 seconds
