[2022-04-18 14:37:01,311] {scheduler_job.py:182} INFO - Started process (PID=220) to work on /home/airflow/.local/lib/python3.6/site-packages/airflow/example_dags/example_short_circuit_operator.py
[2022-04-18 14:37:01,311] {scheduler_job.py:629} INFO - Processing file /home/airflow/.local/lib/python3.6/site-packages/airflow/example_dags/example_short_circuit_operator.py for tasks to queue
[2022-04-18 14:37:01,312] {logging_mixin.py:104} INFO - [2022-04-18 14:37:01,312] {dagbag.py:448} INFO - Filling up the DagBag from /home/airflow/.local/lib/python3.6/site-packages/airflow/example_dags/example_short_circuit_operator.py
[2022-04-18 14:37:01,319] {scheduler_job.py:639} INFO - DAG(s) dict_keys(['example_short_circuit_operator']) retrieved from /home/airflow/.local/lib/python3.6/site-packages/airflow/example_dags/example_short_circuit_operator.py
[2022-04-18 14:37:01,335] {logging_mixin.py:104} INFO - [2022-04-18 14:37:01,335] {dag.py:1818} INFO - Sync 1 DAGs
[2022-04-18 14:37:01,343] {logging_mixin.py:104} INFO - [2022-04-18 14:37:01,343] {dag.py:2273} INFO - Setting next_dagrun for example_short_circuit_operator to 2022-04-16 00:00:00+00:00
[2022-04-18 14:37:01,348] {scheduler_job.py:190} INFO - Processing /home/airflow/.local/lib/python3.6/site-packages/airflow/example_dags/example_short_circuit_operator.py took 0.040 seconds
[2022-04-18 14:37:31,382] {scheduler_job.py:182} INFO - Started process (PID=601) to work on /home/airflow/.local/lib/python3.6/site-packages/airflow/example_dags/example_short_circuit_operator.py
[2022-04-18 14:37:31,383] {scheduler_job.py:629} INFO - Processing file /home/airflow/.local/lib/python3.6/site-packages/airflow/example_dags/example_short_circuit_operator.py for tasks to queue
[2022-04-18 14:37:31,384] {logging_mixin.py:104} INFO - [2022-04-18 14:37:31,384] {dagbag.py:448} INFO - Filling up the DagBag from /home/airflow/.local/lib/python3.6/site-packages/airflow/example_dags/example_short_circuit_operator.py
[2022-04-18 14:37:31,393] {scheduler_job.py:639} INFO - DAG(s) dict_keys(['example_short_circuit_operator']) retrieved from /home/airflow/.local/lib/python3.6/site-packages/airflow/example_dags/example_short_circuit_operator.py
[2022-04-18 14:37:31,406] {logging_mixin.py:104} INFO - [2022-04-18 14:37:31,406] {dag.py:1818} INFO - Sync 1 DAGs
[2022-04-18 14:37:31,416] {logging_mixin.py:104} INFO - [2022-04-18 14:37:31,416] {dag.py:2273} INFO - Setting next_dagrun for example_short_circuit_operator to 2022-04-16 00:00:00+00:00
[2022-04-18 14:37:31,420] {scheduler_job.py:190} INFO - Processing /home/airflow/.local/lib/python3.6/site-packages/airflow/example_dags/example_short_circuit_operator.py took 0.040 seconds
[2022-04-18 14:38:01,442] {scheduler_job.py:182} INFO - Started process (PID=739) to work on /home/airflow/.local/lib/python3.6/site-packages/airflow/example_dags/example_short_circuit_operator.py
[2022-04-18 14:38:01,443] {scheduler_job.py:629} INFO - Processing file /home/airflow/.local/lib/python3.6/site-packages/airflow/example_dags/example_short_circuit_operator.py for tasks to queue
[2022-04-18 14:38:01,443] {logging_mixin.py:104} INFO - [2022-04-18 14:38:01,443] {dagbag.py:448} INFO - Filling up the DagBag from /home/airflow/.local/lib/python3.6/site-packages/airflow/example_dags/example_short_circuit_operator.py
[2022-04-18 14:38:01,454] {scheduler_job.py:639} INFO - DAG(s) dict_keys(['example_short_circuit_operator']) retrieved from /home/airflow/.local/lib/python3.6/site-packages/airflow/example_dags/example_short_circuit_operator.py
[2022-04-18 14:38:01,470] {logging_mixin.py:104} INFO - [2022-04-18 14:38:01,470] {dag.py:1818} INFO - Sync 1 DAGs
[2022-04-18 14:38:01,480] {logging_mixin.py:104} INFO - [2022-04-18 14:38:01,480] {dag.py:2273} INFO - Setting next_dagrun for example_short_circuit_operator to 2022-04-16 00:00:00+00:00
[2022-04-18 14:38:01,484] {scheduler_job.py:190} INFO - Processing /home/airflow/.local/lib/python3.6/site-packages/airflow/example_dags/example_short_circuit_operator.py took 0.044 seconds
[2022-04-18 14:38:31,525] {scheduler_job.py:182} INFO - Started process (PID=878) to work on /home/airflow/.local/lib/python3.6/site-packages/airflow/example_dags/example_short_circuit_operator.py
[2022-04-18 14:38:31,526] {scheduler_job.py:629} INFO - Processing file /home/airflow/.local/lib/python3.6/site-packages/airflow/example_dags/example_short_circuit_operator.py for tasks to queue
[2022-04-18 14:38:31,526] {logging_mixin.py:104} INFO - [2022-04-18 14:38:31,526] {dagbag.py:448} INFO - Filling up the DagBag from /home/airflow/.local/lib/python3.6/site-packages/airflow/example_dags/example_short_circuit_operator.py
[2022-04-18 14:38:31,535] {scheduler_job.py:639} INFO - DAG(s) dict_keys(['example_short_circuit_operator']) retrieved from /home/airflow/.local/lib/python3.6/site-packages/airflow/example_dags/example_short_circuit_operator.py
[2022-04-18 14:38:31,548] {logging_mixin.py:104} INFO - [2022-04-18 14:38:31,548] {dag.py:1818} INFO - Sync 1 DAGs
[2022-04-18 14:38:31,557] {logging_mixin.py:104} INFO - [2022-04-18 14:38:31,557] {dag.py:2273} INFO - Setting next_dagrun for example_short_circuit_operator to 2022-04-16 00:00:00+00:00
[2022-04-18 14:38:31,560] {scheduler_job.py:190} INFO - Processing /home/airflow/.local/lib/python3.6/site-packages/airflow/example_dags/example_short_circuit_operator.py took 0.038 seconds
[2022-04-18 14:39:01,594] {scheduler_job.py:182} INFO - Started process (PID=1017) to work on /home/airflow/.local/lib/python3.6/site-packages/airflow/example_dags/example_short_circuit_operator.py
[2022-04-18 14:39:01,595] {scheduler_job.py:629} INFO - Processing file /home/airflow/.local/lib/python3.6/site-packages/airflow/example_dags/example_short_circuit_operator.py for tasks to queue
[2022-04-18 14:39:01,595] {logging_mixin.py:104} INFO - [2022-04-18 14:39:01,595] {dagbag.py:448} INFO - Filling up the DagBag from /home/airflow/.local/lib/python3.6/site-packages/airflow/example_dags/example_short_circuit_operator.py
[2022-04-18 14:39:01,603] {scheduler_job.py:639} INFO - DAG(s) dict_keys(['example_short_circuit_operator']) retrieved from /home/airflow/.local/lib/python3.6/site-packages/airflow/example_dags/example_short_circuit_operator.py
[2022-04-18 14:39:01,618] {logging_mixin.py:104} INFO - [2022-04-18 14:39:01,618] {dag.py:1818} INFO - Sync 1 DAGs
[2022-04-18 14:39:01,626] {logging_mixin.py:104} INFO - [2022-04-18 14:39:01,626] {dag.py:2273} INFO - Setting next_dagrun for example_short_circuit_operator to 2022-04-16 00:00:00+00:00
[2022-04-18 14:39:01,630] {scheduler_job.py:190} INFO - Processing /home/airflow/.local/lib/python3.6/site-packages/airflow/example_dags/example_short_circuit_operator.py took 0.038 seconds
[2022-04-18 14:39:31,677] {scheduler_job.py:182} INFO - Started process (PID=1152) to work on /home/airflow/.local/lib/python3.6/site-packages/airflow/example_dags/example_short_circuit_operator.py
[2022-04-18 14:39:31,678] {scheduler_job.py:629} INFO - Processing file /home/airflow/.local/lib/python3.6/site-packages/airflow/example_dags/example_short_circuit_operator.py for tasks to queue
[2022-04-18 14:39:31,679] {logging_mixin.py:104} INFO - [2022-04-18 14:39:31,678] {dagbag.py:448} INFO - Filling up the DagBag from /home/airflow/.local/lib/python3.6/site-packages/airflow/example_dags/example_short_circuit_operator.py
[2022-04-18 14:39:31,686] {scheduler_job.py:639} INFO - DAG(s) dict_keys(['example_short_circuit_operator']) retrieved from /home/airflow/.local/lib/python3.6/site-packages/airflow/example_dags/example_short_circuit_operator.py
[2022-04-18 14:39:31,697] {logging_mixin.py:104} INFO - [2022-04-18 14:39:31,697] {dag.py:1818} INFO - Sync 1 DAGs
[2022-04-18 14:39:31,704] {logging_mixin.py:104} INFO - [2022-04-18 14:39:31,704] {dag.py:2273} INFO - Setting next_dagrun for example_short_circuit_operator to 2022-04-16 00:00:00+00:00
[2022-04-18 14:39:31,708] {scheduler_job.py:190} INFO - Processing /home/airflow/.local/lib/python3.6/site-packages/airflow/example_dags/example_short_circuit_operator.py took 0.033 seconds
[2022-04-18 14:40:01,734] {scheduler_job.py:182} INFO - Started process (PID=1287) to work on /home/airflow/.local/lib/python3.6/site-packages/airflow/example_dags/example_short_circuit_operator.py
[2022-04-18 14:40:01,735] {scheduler_job.py:629} INFO - Processing file /home/airflow/.local/lib/python3.6/site-packages/airflow/example_dags/example_short_circuit_operator.py for tasks to queue
[2022-04-18 14:40:01,735] {logging_mixin.py:104} INFO - [2022-04-18 14:40:01,735] {dagbag.py:448} INFO - Filling up the DagBag from /home/airflow/.local/lib/python3.6/site-packages/airflow/example_dags/example_short_circuit_operator.py
[2022-04-18 14:40:01,745] {scheduler_job.py:639} INFO - DAG(s) dict_keys(['example_short_circuit_operator']) retrieved from /home/airflow/.local/lib/python3.6/site-packages/airflow/example_dags/example_short_circuit_operator.py
[2022-04-18 14:40:01,758] {logging_mixin.py:104} INFO - [2022-04-18 14:40:01,758] {dag.py:1818} INFO - Sync 1 DAGs
[2022-04-18 14:40:01,766] {logging_mixin.py:104} INFO - [2022-04-18 14:40:01,766] {dag.py:2273} INFO - Setting next_dagrun for example_short_circuit_operator to 2022-04-16 00:00:00+00:00
[2022-04-18 14:40:01,770] {scheduler_job.py:190} INFO - Processing /home/airflow/.local/lib/python3.6/site-packages/airflow/example_dags/example_short_circuit_operator.py took 0.037 seconds
[2022-04-18 14:40:32,456] {scheduler_job.py:182} INFO - Started process (PID=1417) to work on /home/airflow/.local/lib/python3.6/site-packages/airflow/example_dags/example_short_circuit_operator.py
[2022-04-18 14:40:32,456] {scheduler_job.py:629} INFO - Processing file /home/airflow/.local/lib/python3.6/site-packages/airflow/example_dags/example_short_circuit_operator.py for tasks to queue
[2022-04-18 14:40:32,457] {logging_mixin.py:104} INFO - [2022-04-18 14:40:32,457] {dagbag.py:448} INFO - Filling up the DagBag from /home/airflow/.local/lib/python3.6/site-packages/airflow/example_dags/example_short_circuit_operator.py
[2022-04-18 14:40:32,466] {scheduler_job.py:639} INFO - DAG(s) dict_keys(['example_short_circuit_operator']) retrieved from /home/airflow/.local/lib/python3.6/site-packages/airflow/example_dags/example_short_circuit_operator.py
[2022-04-18 14:40:32,477] {logging_mixin.py:104} INFO - [2022-04-18 14:40:32,477] {dag.py:1818} INFO - Sync 1 DAGs
[2022-04-18 14:40:32,486] {logging_mixin.py:104} INFO - [2022-04-18 14:40:32,486] {dag.py:2273} INFO - Setting next_dagrun for example_short_circuit_operator to 2022-04-16 00:00:00+00:00
[2022-04-18 14:40:32,489] {scheduler_job.py:190} INFO - Processing /home/airflow/.local/lib/python3.6/site-packages/airflow/example_dags/example_short_circuit_operator.py took 0.035 seconds
[2022-04-18 14:41:03,461] {scheduler_job.py:182} INFO - Started process (PID=1552) to work on /home/airflow/.local/lib/python3.6/site-packages/airflow/example_dags/example_short_circuit_operator.py
[2022-04-18 14:41:03,462] {scheduler_job.py:629} INFO - Processing file /home/airflow/.local/lib/python3.6/site-packages/airflow/example_dags/example_short_circuit_operator.py for tasks to queue
[2022-04-18 14:41:03,462] {logging_mixin.py:104} INFO - [2022-04-18 14:41:03,462] {dagbag.py:448} INFO - Filling up the DagBag from /home/airflow/.local/lib/python3.6/site-packages/airflow/example_dags/example_short_circuit_operator.py
[2022-04-18 14:41:03,471] {scheduler_job.py:639} INFO - DAG(s) dict_keys(['example_short_circuit_operator']) retrieved from /home/airflow/.local/lib/python3.6/site-packages/airflow/example_dags/example_short_circuit_operator.py
[2022-04-18 14:41:03,488] {logging_mixin.py:104} INFO - [2022-04-18 14:41:03,488] {dag.py:1818} INFO - Sync 1 DAGs
[2022-04-18 14:41:03,495] {logging_mixin.py:104} INFO - [2022-04-18 14:41:03,495] {dag.py:2273} INFO - Setting next_dagrun for example_short_circuit_operator to 2022-04-16 00:00:00+00:00
[2022-04-18 14:41:03,499] {scheduler_job.py:190} INFO - Processing /home/airflow/.local/lib/python3.6/site-packages/airflow/example_dags/example_short_circuit_operator.py took 0.039 seconds
[2022-04-18 14:41:34,133] {scheduler_job.py:182} INFO - Started process (PID=1687) to work on /home/airflow/.local/lib/python3.6/site-packages/airflow/example_dags/example_short_circuit_operator.py
[2022-04-18 14:41:34,134] {scheduler_job.py:629} INFO - Processing file /home/airflow/.local/lib/python3.6/site-packages/airflow/example_dags/example_short_circuit_operator.py for tasks to queue
[2022-04-18 14:41:34,134] {logging_mixin.py:104} INFO - [2022-04-18 14:41:34,134] {dagbag.py:448} INFO - Filling up the DagBag from /home/airflow/.local/lib/python3.6/site-packages/airflow/example_dags/example_short_circuit_operator.py
[2022-04-18 14:41:34,142] {scheduler_job.py:639} INFO - DAG(s) dict_keys(['example_short_circuit_operator']) retrieved from /home/airflow/.local/lib/python3.6/site-packages/airflow/example_dags/example_short_circuit_operator.py
[2022-04-18 14:41:34,156] {logging_mixin.py:104} INFO - [2022-04-18 14:41:34,156] {dag.py:1818} INFO - Sync 1 DAGs
[2022-04-18 14:41:34,164] {logging_mixin.py:104} INFO - [2022-04-18 14:41:34,164] {dag.py:2273} INFO - Setting next_dagrun for example_short_circuit_operator to 2022-04-16 00:00:00+00:00
[2022-04-18 14:41:34,168] {scheduler_job.py:190} INFO - Processing /home/airflow/.local/lib/python3.6/site-packages/airflow/example_dags/example_short_circuit_operator.py took 0.037 seconds
[2022-04-18 14:42:04,828] {scheduler_job.py:182} INFO - Started process (PID=1822) to work on /home/airflow/.local/lib/python3.6/site-packages/airflow/example_dags/example_short_circuit_operator.py
[2022-04-18 14:42:04,829] {scheduler_job.py:629} INFO - Processing file /home/airflow/.local/lib/python3.6/site-packages/airflow/example_dags/example_short_circuit_operator.py for tasks to queue
[2022-04-18 14:42:04,829] {logging_mixin.py:104} INFO - [2022-04-18 14:42:04,829] {dagbag.py:448} INFO - Filling up the DagBag from /home/airflow/.local/lib/python3.6/site-packages/airflow/example_dags/example_short_circuit_operator.py
[2022-04-18 14:42:04,837] {scheduler_job.py:639} INFO - DAG(s) dict_keys(['example_short_circuit_operator']) retrieved from /home/airflow/.local/lib/python3.6/site-packages/airflow/example_dags/example_short_circuit_operator.py
[2022-04-18 14:42:04,852] {logging_mixin.py:104} INFO - [2022-04-18 14:42:04,852] {dag.py:1818} INFO - Sync 1 DAGs
[2022-04-18 14:42:04,860] {logging_mixin.py:104} INFO - [2022-04-18 14:42:04,859] {dag.py:2273} INFO - Setting next_dagrun for example_short_circuit_operator to 2022-04-16 00:00:00+00:00
[2022-04-18 14:42:04,863] {scheduler_job.py:190} INFO - Processing /home/airflow/.local/lib/python3.6/site-packages/airflow/example_dags/example_short_circuit_operator.py took 0.037 seconds
[2022-04-18 14:42:35,533] {scheduler_job.py:182} INFO - Started process (PID=1957) to work on /home/airflow/.local/lib/python3.6/site-packages/airflow/example_dags/example_short_circuit_operator.py
[2022-04-18 14:42:35,534] {scheduler_job.py:629} INFO - Processing file /home/airflow/.local/lib/python3.6/site-packages/airflow/example_dags/example_short_circuit_operator.py for tasks to queue
[2022-04-18 14:42:35,534] {logging_mixin.py:104} INFO - [2022-04-18 14:42:35,534] {dagbag.py:448} INFO - Filling up the DagBag from /home/airflow/.local/lib/python3.6/site-packages/airflow/example_dags/example_short_circuit_operator.py
[2022-04-18 14:42:35,543] {scheduler_job.py:639} INFO - DAG(s) dict_keys(['example_short_circuit_operator']) retrieved from /home/airflow/.local/lib/python3.6/site-packages/airflow/example_dags/example_short_circuit_operator.py
[2022-04-18 14:42:35,555] {logging_mixin.py:104} INFO - [2022-04-18 14:42:35,555] {dag.py:1818} INFO - Sync 1 DAGs
[2022-04-18 14:42:35,563] {logging_mixin.py:104} INFO - [2022-04-18 14:42:35,563] {dag.py:2273} INFO - Setting next_dagrun for example_short_circuit_operator to 2022-04-16 00:00:00+00:00
[2022-04-18 14:42:35,567] {scheduler_job.py:190} INFO - Processing /home/airflow/.local/lib/python3.6/site-packages/airflow/example_dags/example_short_circuit_operator.py took 0.035 seconds
[2022-04-18 14:43:06,343] {scheduler_job.py:182} INFO - Started process (PID=2094) to work on /home/airflow/.local/lib/python3.6/site-packages/airflow/example_dags/example_short_circuit_operator.py
[2022-04-18 14:43:06,344] {scheduler_job.py:629} INFO - Processing file /home/airflow/.local/lib/python3.6/site-packages/airflow/example_dags/example_short_circuit_operator.py for tasks to queue
[2022-04-18 14:43:06,345] {logging_mixin.py:104} INFO - [2022-04-18 14:43:06,345] {dagbag.py:448} INFO - Filling up the DagBag from /home/airflow/.local/lib/python3.6/site-packages/airflow/example_dags/example_short_circuit_operator.py
[2022-04-18 14:43:06,353] {scheduler_job.py:639} INFO - DAG(s) dict_keys(['example_short_circuit_operator']) retrieved from /home/airflow/.local/lib/python3.6/site-packages/airflow/example_dags/example_short_circuit_operator.py
[2022-04-18 14:43:06,365] {logging_mixin.py:104} INFO - [2022-04-18 14:43:06,365] {dag.py:1818} INFO - Sync 1 DAGs
[2022-04-18 14:43:06,374] {logging_mixin.py:104} INFO - [2022-04-18 14:43:06,374] {dag.py:2273} INFO - Setting next_dagrun for example_short_circuit_operator to 2022-04-16 00:00:00+00:00
[2022-04-18 14:43:06,377] {scheduler_job.py:190} INFO - Processing /home/airflow/.local/lib/python3.6/site-packages/airflow/example_dags/example_short_circuit_operator.py took 0.036 seconds
[2022-04-18 14:43:37,035] {scheduler_job.py:182} INFO - Started process (PID=2227) to work on /home/airflow/.local/lib/python3.6/site-packages/airflow/example_dags/example_short_circuit_operator.py
[2022-04-18 14:43:37,036] {scheduler_job.py:629} INFO - Processing file /home/airflow/.local/lib/python3.6/site-packages/airflow/example_dags/example_short_circuit_operator.py for tasks to queue
[2022-04-18 14:43:37,036] {logging_mixin.py:104} INFO - [2022-04-18 14:43:37,036] {dagbag.py:448} INFO - Filling up the DagBag from /home/airflow/.local/lib/python3.6/site-packages/airflow/example_dags/example_short_circuit_operator.py
[2022-04-18 14:43:37,045] {scheduler_job.py:639} INFO - DAG(s) dict_keys(['example_short_circuit_operator']) retrieved from /home/airflow/.local/lib/python3.6/site-packages/airflow/example_dags/example_short_circuit_operator.py
[2022-04-18 14:43:37,058] {logging_mixin.py:104} INFO - [2022-04-18 14:43:37,058] {dag.py:1818} INFO - Sync 1 DAGs
[2022-04-18 14:43:37,066] {logging_mixin.py:104} INFO - [2022-04-18 14:43:37,066] {dag.py:2273} INFO - Setting next_dagrun for example_short_circuit_operator to 2022-04-16 00:00:00+00:00
[2022-04-18 14:43:37,070] {scheduler_job.py:190} INFO - Processing /home/airflow/.local/lib/python3.6/site-packages/airflow/example_dags/example_short_circuit_operator.py took 0.036 seconds
[2022-04-18 14:44:07,727] {scheduler_job.py:182} INFO - Started process (PID=2362) to work on /home/airflow/.local/lib/python3.6/site-packages/airflow/example_dags/example_short_circuit_operator.py
[2022-04-18 14:44:07,727] {scheduler_job.py:629} INFO - Processing file /home/airflow/.local/lib/python3.6/site-packages/airflow/example_dags/example_short_circuit_operator.py for tasks to queue
[2022-04-18 14:44:07,728] {logging_mixin.py:104} INFO - [2022-04-18 14:44:07,728] {dagbag.py:448} INFO - Filling up the DagBag from /home/airflow/.local/lib/python3.6/site-packages/airflow/example_dags/example_short_circuit_operator.py
[2022-04-18 14:44:07,735] {scheduler_job.py:639} INFO - DAG(s) dict_keys(['example_short_circuit_operator']) retrieved from /home/airflow/.local/lib/python3.6/site-packages/airflow/example_dags/example_short_circuit_operator.py
[2022-04-18 14:44:07,748] {logging_mixin.py:104} INFO - [2022-04-18 14:44:07,748] {dag.py:1818} INFO - Sync 1 DAGs
[2022-04-18 14:44:07,755] {logging_mixin.py:104} INFO - [2022-04-18 14:44:07,755] {dag.py:2273} INFO - Setting next_dagrun for example_short_circuit_operator to 2022-04-16 00:00:00+00:00
[2022-04-18 14:44:07,759] {scheduler_job.py:190} INFO - Processing /home/airflow/.local/lib/python3.6/site-packages/airflow/example_dags/example_short_circuit_operator.py took 0.034 seconds
[2022-04-18 14:44:38,408] {scheduler_job.py:182} INFO - Started process (PID=2497) to work on /home/airflow/.local/lib/python3.6/site-packages/airflow/example_dags/example_short_circuit_operator.py
[2022-04-18 14:44:38,409] {scheduler_job.py:629} INFO - Processing file /home/airflow/.local/lib/python3.6/site-packages/airflow/example_dags/example_short_circuit_operator.py for tasks to queue
[2022-04-18 14:44:38,410] {logging_mixin.py:104} INFO - [2022-04-18 14:44:38,410] {dagbag.py:448} INFO - Filling up the DagBag from /home/airflow/.local/lib/python3.6/site-packages/airflow/example_dags/example_short_circuit_operator.py
[2022-04-18 14:44:38,417] {scheduler_job.py:639} INFO - DAG(s) dict_keys(['example_short_circuit_operator']) retrieved from /home/airflow/.local/lib/python3.6/site-packages/airflow/example_dags/example_short_circuit_operator.py
[2022-04-18 14:44:38,431] {logging_mixin.py:104} INFO - [2022-04-18 14:44:38,431] {dag.py:1818} INFO - Sync 1 DAGs
[2022-04-18 14:44:38,439] {logging_mixin.py:104} INFO - [2022-04-18 14:44:38,439] {dag.py:2273} INFO - Setting next_dagrun for example_short_circuit_operator to 2022-04-16 00:00:00+00:00
[2022-04-18 14:44:38,443] {scheduler_job.py:190} INFO - Processing /home/airflow/.local/lib/python3.6/site-packages/airflow/example_dags/example_short_circuit_operator.py took 0.037 seconds
[2022-04-18 14:45:09,075] {scheduler_job.py:182} INFO - Started process (PID=2632) to work on /home/airflow/.local/lib/python3.6/site-packages/airflow/example_dags/example_short_circuit_operator.py
[2022-04-18 14:45:09,076] {scheduler_job.py:629} INFO - Processing file /home/airflow/.local/lib/python3.6/site-packages/airflow/example_dags/example_short_circuit_operator.py for tasks to queue
[2022-04-18 14:45:09,076] {logging_mixin.py:104} INFO - [2022-04-18 14:45:09,076] {dagbag.py:448} INFO - Filling up the DagBag from /home/airflow/.local/lib/python3.6/site-packages/airflow/example_dags/example_short_circuit_operator.py
[2022-04-18 14:45:09,086] {scheduler_job.py:639} INFO - DAG(s) dict_keys(['example_short_circuit_operator']) retrieved from /home/airflow/.local/lib/python3.6/site-packages/airflow/example_dags/example_short_circuit_operator.py
[2022-04-18 14:45:09,101] {logging_mixin.py:104} INFO - [2022-04-18 14:45:09,101] {dag.py:1818} INFO - Sync 1 DAGs
[2022-04-18 14:45:09,111] {logging_mixin.py:104} INFO - [2022-04-18 14:45:09,111] {dag.py:2273} INFO - Setting next_dagrun for example_short_circuit_operator to 2022-04-16 00:00:00+00:00
[2022-04-18 14:45:09,114] {scheduler_job.py:190} INFO - Processing /home/airflow/.local/lib/python3.6/site-packages/airflow/example_dags/example_short_circuit_operator.py took 0.042 seconds
[2022-04-18 14:45:39,772] {scheduler_job.py:182} INFO - Started process (PID=2767) to work on /home/airflow/.local/lib/python3.6/site-packages/airflow/example_dags/example_short_circuit_operator.py
[2022-04-18 14:45:39,773] {scheduler_job.py:629} INFO - Processing file /home/airflow/.local/lib/python3.6/site-packages/airflow/example_dags/example_short_circuit_operator.py for tasks to queue
[2022-04-18 14:45:39,773] {logging_mixin.py:104} INFO - [2022-04-18 14:45:39,773] {dagbag.py:448} INFO - Filling up the DagBag from /home/airflow/.local/lib/python3.6/site-packages/airflow/example_dags/example_short_circuit_operator.py
[2022-04-18 14:45:39,782] {scheduler_job.py:639} INFO - DAG(s) dict_keys(['example_short_circuit_operator']) retrieved from /home/airflow/.local/lib/python3.6/site-packages/airflow/example_dags/example_short_circuit_operator.py
[2022-04-18 14:45:39,793] {logging_mixin.py:104} INFO - [2022-04-18 14:45:39,793] {dag.py:1818} INFO - Sync 1 DAGs
[2022-04-18 14:45:39,803] {logging_mixin.py:104} INFO - [2022-04-18 14:45:39,802] {dag.py:2273} INFO - Setting next_dagrun for example_short_circuit_operator to 2022-04-16 00:00:00+00:00
[2022-04-18 14:45:39,806] {scheduler_job.py:190} INFO - Processing /home/airflow/.local/lib/python3.6/site-packages/airflow/example_dags/example_short_circuit_operator.py took 0.036 seconds
[2022-04-18 14:46:10,527] {scheduler_job.py:182} INFO - Started process (PID=2902) to work on /home/airflow/.local/lib/python3.6/site-packages/airflow/example_dags/example_short_circuit_operator.py
[2022-04-18 14:46:10,529] {scheduler_job.py:629} INFO - Processing file /home/airflow/.local/lib/python3.6/site-packages/airflow/example_dags/example_short_circuit_operator.py for tasks to queue
[2022-04-18 14:46:10,529] {logging_mixin.py:104} INFO - [2022-04-18 14:46:10,529] {dagbag.py:448} INFO - Filling up the DagBag from /home/airflow/.local/lib/python3.6/site-packages/airflow/example_dags/example_short_circuit_operator.py
[2022-04-18 14:46:10,535] {scheduler_job.py:639} INFO - DAG(s) dict_keys(['example_short_circuit_operator']) retrieved from /home/airflow/.local/lib/python3.6/site-packages/airflow/example_dags/example_short_circuit_operator.py
[2022-04-18 14:46:10,546] {logging_mixin.py:104} INFO - [2022-04-18 14:46:10,546] {dag.py:1818} INFO - Sync 1 DAGs
[2022-04-18 14:46:10,553] {logging_mixin.py:104} INFO - [2022-04-18 14:46:10,553] {dag.py:2273} INFO - Setting next_dagrun for example_short_circuit_operator to 2022-04-16 00:00:00+00:00
[2022-04-18 14:46:10,557] {scheduler_job.py:190} INFO - Processing /home/airflow/.local/lib/python3.6/site-packages/airflow/example_dags/example_short_circuit_operator.py took 0.032 seconds
[2022-04-18 14:46:41,189] {scheduler_job.py:182} INFO - Started process (PID=3037) to work on /home/airflow/.local/lib/python3.6/site-packages/airflow/example_dags/example_short_circuit_operator.py
[2022-04-18 14:46:41,190] {scheduler_job.py:629} INFO - Processing file /home/airflow/.local/lib/python3.6/site-packages/airflow/example_dags/example_short_circuit_operator.py for tasks to queue
[2022-04-18 14:46:41,191] {logging_mixin.py:104} INFO - [2022-04-18 14:46:41,190] {dagbag.py:448} INFO - Filling up the DagBag from /home/airflow/.local/lib/python3.6/site-packages/airflow/example_dags/example_short_circuit_operator.py
[2022-04-18 14:46:41,199] {scheduler_job.py:639} INFO - DAG(s) dict_keys(['example_short_circuit_operator']) retrieved from /home/airflow/.local/lib/python3.6/site-packages/airflow/example_dags/example_short_circuit_operator.py
[2022-04-18 14:46:41,213] {logging_mixin.py:104} INFO - [2022-04-18 14:46:41,213] {dag.py:1818} INFO - Sync 1 DAGs
[2022-04-18 14:46:41,222] {logging_mixin.py:104} INFO - [2022-04-18 14:46:41,222] {dag.py:2273} INFO - Setting next_dagrun for example_short_circuit_operator to 2022-04-16 00:00:00+00:00
[2022-04-18 14:46:41,226] {scheduler_job.py:190} INFO - Processing /home/airflow/.local/lib/python3.6/site-packages/airflow/example_dags/example_short_circuit_operator.py took 0.039 seconds
[2022-04-18 14:47:11,903] {scheduler_job.py:182} INFO - Started process (PID=3172) to work on /home/airflow/.local/lib/python3.6/site-packages/airflow/example_dags/example_short_circuit_operator.py
[2022-04-18 14:47:11,904] {scheduler_job.py:629} INFO - Processing file /home/airflow/.local/lib/python3.6/site-packages/airflow/example_dags/example_short_circuit_operator.py for tasks to queue
[2022-04-18 14:47:11,905] {logging_mixin.py:104} INFO - [2022-04-18 14:47:11,904] {dagbag.py:448} INFO - Filling up the DagBag from /home/airflow/.local/lib/python3.6/site-packages/airflow/example_dags/example_short_circuit_operator.py
[2022-04-18 14:47:11,912] {scheduler_job.py:639} INFO - DAG(s) dict_keys(['example_short_circuit_operator']) retrieved from /home/airflow/.local/lib/python3.6/site-packages/airflow/example_dags/example_short_circuit_operator.py
[2022-04-18 14:47:11,926] {logging_mixin.py:104} INFO - [2022-04-18 14:47:11,926] {dag.py:1818} INFO - Sync 1 DAGs
[2022-04-18 14:47:11,936] {logging_mixin.py:104} INFO - [2022-04-18 14:47:11,936] {dag.py:2273} INFO - Setting next_dagrun for example_short_circuit_operator to 2022-04-16 00:00:00+00:00
[2022-04-18 14:47:11,940] {scheduler_job.py:190} INFO - Processing /home/airflow/.local/lib/python3.6/site-packages/airflow/example_dags/example_short_circuit_operator.py took 0.040 seconds
[2022-04-18 14:47:42,581] {scheduler_job.py:182} INFO - Started process (PID=3307) to work on /home/airflow/.local/lib/python3.6/site-packages/airflow/example_dags/example_short_circuit_operator.py
[2022-04-18 14:47:42,582] {scheduler_job.py:629} INFO - Processing file /home/airflow/.local/lib/python3.6/site-packages/airflow/example_dags/example_short_circuit_operator.py for tasks to queue
[2022-04-18 14:47:42,583] {logging_mixin.py:104} INFO - [2022-04-18 14:47:42,583] {dagbag.py:448} INFO - Filling up the DagBag from /home/airflow/.local/lib/python3.6/site-packages/airflow/example_dags/example_short_circuit_operator.py
[2022-04-18 14:47:42,593] {scheduler_job.py:639} INFO - DAG(s) dict_keys(['example_short_circuit_operator']) retrieved from /home/airflow/.local/lib/python3.6/site-packages/airflow/example_dags/example_short_circuit_operator.py
[2022-04-18 14:47:42,604] {logging_mixin.py:104} INFO - [2022-04-18 14:47:42,604] {dag.py:1818} INFO - Sync 1 DAGs
[2022-04-18 14:47:42,614] {logging_mixin.py:104} INFO - [2022-04-18 14:47:42,614] {dag.py:2273} INFO - Setting next_dagrun for example_short_circuit_operator to 2022-04-16 00:00:00+00:00
[2022-04-18 14:47:42,618] {scheduler_job.py:190} INFO - Processing /home/airflow/.local/lib/python3.6/site-packages/airflow/example_dags/example_short_circuit_operator.py took 0.038 seconds
[2022-04-18 14:48:13,374] {scheduler_job.py:182} INFO - Started process (PID=3444) to work on /home/airflow/.local/lib/python3.6/site-packages/airflow/example_dags/example_short_circuit_operator.py
[2022-04-18 14:48:13,374] {scheduler_job.py:629} INFO - Processing file /home/airflow/.local/lib/python3.6/site-packages/airflow/example_dags/example_short_circuit_operator.py for tasks to queue
[2022-04-18 14:48:13,375] {logging_mixin.py:104} INFO - [2022-04-18 14:48:13,375] {dagbag.py:448} INFO - Filling up the DagBag from /home/airflow/.local/lib/python3.6/site-packages/airflow/example_dags/example_short_circuit_operator.py
[2022-04-18 14:48:13,384] {scheduler_job.py:639} INFO - DAG(s) dict_keys(['example_short_circuit_operator']) retrieved from /home/airflow/.local/lib/python3.6/site-packages/airflow/example_dags/example_short_circuit_operator.py
[2022-04-18 14:48:13,396] {logging_mixin.py:104} INFO - [2022-04-18 14:48:13,396] {dag.py:1818} INFO - Sync 1 DAGs
[2022-04-18 14:48:13,405] {logging_mixin.py:104} INFO - [2022-04-18 14:48:13,405] {dag.py:2273} INFO - Setting next_dagrun for example_short_circuit_operator to 2022-04-16 00:00:00+00:00
[2022-04-18 14:48:13,409] {scheduler_job.py:190} INFO - Processing /home/airflow/.local/lib/python3.6/site-packages/airflow/example_dags/example_short_circuit_operator.py took 0.037 seconds
[2022-04-18 14:48:43,470] {scheduler_job.py:182} INFO - Started process (PID=3579) to work on /home/airflow/.local/lib/python3.6/site-packages/airflow/example_dags/example_short_circuit_operator.py
[2022-04-18 14:48:43,471] {scheduler_job.py:629} INFO - Processing file /home/airflow/.local/lib/python3.6/site-packages/airflow/example_dags/example_short_circuit_operator.py for tasks to queue
[2022-04-18 14:48:43,471] {logging_mixin.py:104} INFO - [2022-04-18 14:48:43,471] {dagbag.py:448} INFO - Filling up the DagBag from /home/airflow/.local/lib/python3.6/site-packages/airflow/example_dags/example_short_circuit_operator.py
[2022-04-18 14:48:43,479] {scheduler_job.py:639} INFO - DAG(s) dict_keys(['example_short_circuit_operator']) retrieved from /home/airflow/.local/lib/python3.6/site-packages/airflow/example_dags/example_short_circuit_operator.py
[2022-04-18 14:48:43,494] {logging_mixin.py:104} INFO - [2022-04-18 14:48:43,494] {dag.py:1818} INFO - Sync 1 DAGs
[2022-04-18 14:48:43,503] {logging_mixin.py:104} INFO - [2022-04-18 14:48:43,503] {dag.py:2273} INFO - Setting next_dagrun for example_short_circuit_operator to 2022-04-16 00:00:00+00:00
[2022-04-18 14:48:43,506] {scheduler_job.py:190} INFO - Processing /home/airflow/.local/lib/python3.6/site-packages/airflow/example_dags/example_short_circuit_operator.py took 0.038 seconds
[2022-04-18 14:49:13,557] {scheduler_job.py:182} INFO - Started process (PID=3714) to work on /home/airflow/.local/lib/python3.6/site-packages/airflow/example_dags/example_short_circuit_operator.py
[2022-04-18 14:49:13,558] {scheduler_job.py:629} INFO - Processing file /home/airflow/.local/lib/python3.6/site-packages/airflow/example_dags/example_short_circuit_operator.py for tasks to queue
[2022-04-18 14:49:13,558] {logging_mixin.py:104} INFO - [2022-04-18 14:49:13,558] {dagbag.py:448} INFO - Filling up the DagBag from /home/airflow/.local/lib/python3.6/site-packages/airflow/example_dags/example_short_circuit_operator.py
[2022-04-18 14:49:13,567] {scheduler_job.py:639} INFO - DAG(s) dict_keys(['example_short_circuit_operator']) retrieved from /home/airflow/.local/lib/python3.6/site-packages/airflow/example_dags/example_short_circuit_operator.py
[2022-04-18 14:49:13,583] {logging_mixin.py:104} INFO - [2022-04-18 14:49:13,583] {dag.py:1818} INFO - Sync 1 DAGs
[2022-04-18 14:49:13,592] {logging_mixin.py:104} INFO - [2022-04-18 14:49:13,592] {dag.py:2273} INFO - Setting next_dagrun for example_short_circuit_operator to 2022-04-16 00:00:00+00:00
[2022-04-18 14:49:13,596] {scheduler_job.py:190} INFO - Processing /home/airflow/.local/lib/python3.6/site-packages/airflow/example_dags/example_short_circuit_operator.py took 0.042 seconds
[2022-04-18 14:49:43,612] {scheduler_job.py:182} INFO - Started process (PID=3849) to work on /home/airflow/.local/lib/python3.6/site-packages/airflow/example_dags/example_short_circuit_operator.py
[2022-04-18 14:49:43,613] {scheduler_job.py:629} INFO - Processing file /home/airflow/.local/lib/python3.6/site-packages/airflow/example_dags/example_short_circuit_operator.py for tasks to queue
[2022-04-18 14:49:43,613] {logging_mixin.py:104} INFO - [2022-04-18 14:49:43,613] {dagbag.py:448} INFO - Filling up the DagBag from /home/airflow/.local/lib/python3.6/site-packages/airflow/example_dags/example_short_circuit_operator.py
[2022-04-18 14:49:43,625] {scheduler_job.py:639} INFO - DAG(s) dict_keys(['example_short_circuit_operator']) retrieved from /home/airflow/.local/lib/python3.6/site-packages/airflow/example_dags/example_short_circuit_operator.py
[2022-04-18 14:49:43,638] {logging_mixin.py:104} INFO - [2022-04-18 14:49:43,638] {dag.py:1818} INFO - Sync 1 DAGs
[2022-04-18 14:49:43,647] {logging_mixin.py:104} INFO - [2022-04-18 14:49:43,647] {dag.py:2273} INFO - Setting next_dagrun for example_short_circuit_operator to 2022-04-16 00:00:00+00:00
[2022-04-18 14:49:43,651] {scheduler_job.py:190} INFO - Processing /home/airflow/.local/lib/python3.6/site-packages/airflow/example_dags/example_short_circuit_operator.py took 0.041 seconds
[2022-04-18 14:50:13,693] {scheduler_job.py:182} INFO - Started process (PID=3977) to work on /home/airflow/.local/lib/python3.6/site-packages/airflow/example_dags/example_short_circuit_operator.py
[2022-04-18 14:50:13,694] {scheduler_job.py:629} INFO - Processing file /home/airflow/.local/lib/python3.6/site-packages/airflow/example_dags/example_short_circuit_operator.py for tasks to queue
[2022-04-18 14:50:13,694] {logging_mixin.py:104} INFO - [2022-04-18 14:50:13,694] {dagbag.py:448} INFO - Filling up the DagBag from /home/airflow/.local/lib/python3.6/site-packages/airflow/example_dags/example_short_circuit_operator.py
[2022-04-18 14:50:13,703] {scheduler_job.py:639} INFO - DAG(s) dict_keys(['example_short_circuit_operator']) retrieved from /home/airflow/.local/lib/python3.6/site-packages/airflow/example_dags/example_short_circuit_operator.py
[2022-04-18 14:50:13,715] {logging_mixin.py:104} INFO - [2022-04-18 14:50:13,715] {dag.py:1818} INFO - Sync 1 DAGs
[2022-04-18 14:50:13,724] {logging_mixin.py:104} INFO - [2022-04-18 14:50:13,724] {dag.py:2273} INFO - Setting next_dagrun for example_short_circuit_operator to 2022-04-16 00:00:00+00:00
[2022-04-18 14:50:13,728] {scheduler_job.py:190} INFO - Processing /home/airflow/.local/lib/python3.6/site-packages/airflow/example_dags/example_short_circuit_operator.py took 0.038 seconds
[2022-04-18 14:50:43,754] {scheduler_job.py:182} INFO - Started process (PID=4112) to work on /home/airflow/.local/lib/python3.6/site-packages/airflow/example_dags/example_short_circuit_operator.py
[2022-04-18 14:50:43,755] {scheduler_job.py:629} INFO - Processing file /home/airflow/.local/lib/python3.6/site-packages/airflow/example_dags/example_short_circuit_operator.py for tasks to queue
[2022-04-18 14:50:43,756] {logging_mixin.py:104} INFO - [2022-04-18 14:50:43,756] {dagbag.py:448} INFO - Filling up the DagBag from /home/airflow/.local/lib/python3.6/site-packages/airflow/example_dags/example_short_circuit_operator.py
[2022-04-18 14:50:43,764] {scheduler_job.py:639} INFO - DAG(s) dict_keys(['example_short_circuit_operator']) retrieved from /home/airflow/.local/lib/python3.6/site-packages/airflow/example_dags/example_short_circuit_operator.py
[2022-04-18 14:50:43,776] {logging_mixin.py:104} INFO - [2022-04-18 14:50:43,776] {dag.py:1818} INFO - Sync 1 DAGs
[2022-04-18 14:50:43,785] {logging_mixin.py:104} INFO - [2022-04-18 14:50:43,785] {dag.py:2273} INFO - Setting next_dagrun for example_short_circuit_operator to 2022-04-16 00:00:00+00:00
[2022-04-18 14:50:43,788] {scheduler_job.py:190} INFO - Processing /home/airflow/.local/lib/python3.6/site-packages/airflow/example_dags/example_short_circuit_operator.py took 0.037 seconds
[2022-04-18 14:51:14,579] {scheduler_job.py:182} INFO - Started process (PID=4252) to work on /home/airflow/.local/lib/python3.6/site-packages/airflow/example_dags/example_short_circuit_operator.py
[2022-04-18 14:51:14,580] {scheduler_job.py:629} INFO - Processing file /home/airflow/.local/lib/python3.6/site-packages/airflow/example_dags/example_short_circuit_operator.py for tasks to queue
[2022-04-18 14:51:14,581] {logging_mixin.py:104} INFO - [2022-04-18 14:51:14,581] {dagbag.py:448} INFO - Filling up the DagBag from /home/airflow/.local/lib/python3.6/site-packages/airflow/example_dags/example_short_circuit_operator.py
[2022-04-18 14:51:14,588] {scheduler_job.py:639} INFO - DAG(s) dict_keys(['example_short_circuit_operator']) retrieved from /home/airflow/.local/lib/python3.6/site-packages/airflow/example_dags/example_short_circuit_operator.py
[2022-04-18 14:51:14,600] {logging_mixin.py:104} INFO - [2022-04-18 14:51:14,600] {dag.py:1818} INFO - Sync 1 DAGs
[2022-04-18 14:51:14,609] {logging_mixin.py:104} INFO - [2022-04-18 14:51:14,609] {dag.py:2273} INFO - Setting next_dagrun for example_short_circuit_operator to 2022-04-16 00:00:00+00:00
[2022-04-18 14:51:14,613] {scheduler_job.py:190} INFO - Processing /home/airflow/.local/lib/python3.6/site-packages/airflow/example_dags/example_short_circuit_operator.py took 0.036 seconds
[2022-04-18 14:51:45,279] {scheduler_job.py:182} INFO - Started process (PID=4387) to work on /home/airflow/.local/lib/python3.6/site-packages/airflow/example_dags/example_short_circuit_operator.py
[2022-04-18 14:51:45,280] {scheduler_job.py:629} INFO - Processing file /home/airflow/.local/lib/python3.6/site-packages/airflow/example_dags/example_short_circuit_operator.py for tasks to queue
[2022-04-18 14:51:45,280] {logging_mixin.py:104} INFO - [2022-04-18 14:51:45,280] {dagbag.py:448} INFO - Filling up the DagBag from /home/airflow/.local/lib/python3.6/site-packages/airflow/example_dags/example_short_circuit_operator.py
[2022-04-18 14:51:45,288] {scheduler_job.py:639} INFO - DAG(s) dict_keys(['example_short_circuit_operator']) retrieved from /home/airflow/.local/lib/python3.6/site-packages/airflow/example_dags/example_short_circuit_operator.py
[2022-04-18 14:51:45,300] {logging_mixin.py:104} INFO - [2022-04-18 14:51:45,300] {dag.py:1818} INFO - Sync 1 DAGs
[2022-04-18 14:51:45,308] {logging_mixin.py:104} INFO - [2022-04-18 14:51:45,308] {dag.py:2273} INFO - Setting next_dagrun for example_short_circuit_operator to 2022-04-16 00:00:00+00:00
[2022-04-18 14:51:45,312] {scheduler_job.py:190} INFO - Processing /home/airflow/.local/lib/python3.6/site-packages/airflow/example_dags/example_short_circuit_operator.py took 0.035 seconds
[2022-04-18 14:52:16,017] {scheduler_job.py:182} INFO - Started process (PID=4522) to work on /home/airflow/.local/lib/python3.6/site-packages/airflow/example_dags/example_short_circuit_operator.py
[2022-04-18 14:52:16,018] {scheduler_job.py:629} INFO - Processing file /home/airflow/.local/lib/python3.6/site-packages/airflow/example_dags/example_short_circuit_operator.py for tasks to queue
[2022-04-18 14:52:16,019] {logging_mixin.py:104} INFO - [2022-04-18 14:52:16,019] {dagbag.py:448} INFO - Filling up the DagBag from /home/airflow/.local/lib/python3.6/site-packages/airflow/example_dags/example_short_circuit_operator.py
[2022-04-18 14:52:16,026] {scheduler_job.py:639} INFO - DAG(s) dict_keys(['example_short_circuit_operator']) retrieved from /home/airflow/.local/lib/python3.6/site-packages/airflow/example_dags/example_short_circuit_operator.py
[2022-04-18 14:52:16,037] {logging_mixin.py:104} INFO - [2022-04-18 14:52:16,037] {dag.py:1818} INFO - Sync 1 DAGs
[2022-04-18 14:52:16,044] {logging_mixin.py:104} INFO - [2022-04-18 14:52:16,044] {dag.py:2273} INFO - Setting next_dagrun for example_short_circuit_operator to 2022-04-16 00:00:00+00:00
[2022-04-18 14:52:16,048] {scheduler_job.py:190} INFO - Processing /home/airflow/.local/lib/python3.6/site-packages/airflow/example_dags/example_short_circuit_operator.py took 0.033 seconds
[2022-04-18 14:52:46,679] {scheduler_job.py:182} INFO - Started process (PID=4657) to work on /home/airflow/.local/lib/python3.6/site-packages/airflow/example_dags/example_short_circuit_operator.py
[2022-04-18 14:52:46,679] {scheduler_job.py:629} INFO - Processing file /home/airflow/.local/lib/python3.6/site-packages/airflow/example_dags/example_short_circuit_operator.py for tasks to queue
[2022-04-18 14:52:46,680] {logging_mixin.py:104} INFO - [2022-04-18 14:52:46,679] {dagbag.py:448} INFO - Filling up the DagBag from /home/airflow/.local/lib/python3.6/site-packages/airflow/example_dags/example_short_circuit_operator.py
[2022-04-18 14:52:46,688] {scheduler_job.py:639} INFO - DAG(s) dict_keys(['example_short_circuit_operator']) retrieved from /home/airflow/.local/lib/python3.6/site-packages/airflow/example_dags/example_short_circuit_operator.py
[2022-04-18 14:52:46,702] {logging_mixin.py:104} INFO - [2022-04-18 14:52:46,702] {dag.py:1818} INFO - Sync 1 DAGs
[2022-04-18 14:52:46,710] {logging_mixin.py:104} INFO - [2022-04-18 14:52:46,710] {dag.py:2273} INFO - Setting next_dagrun for example_short_circuit_operator to 2022-04-16 00:00:00+00:00
[2022-04-18 14:52:46,714] {scheduler_job.py:190} INFO - Processing /home/airflow/.local/lib/python3.6/site-packages/airflow/example_dags/example_short_circuit_operator.py took 0.038 seconds
[2022-04-18 14:53:17,361] {scheduler_job.py:182} INFO - Started process (PID=4792) to work on /home/airflow/.local/lib/python3.6/site-packages/airflow/example_dags/example_short_circuit_operator.py
[2022-04-18 14:53:17,362] {scheduler_job.py:629} INFO - Processing file /home/airflow/.local/lib/python3.6/site-packages/airflow/example_dags/example_short_circuit_operator.py for tasks to queue
[2022-04-18 14:53:17,363] {logging_mixin.py:104} INFO - [2022-04-18 14:53:17,363] {dagbag.py:448} INFO - Filling up the DagBag from /home/airflow/.local/lib/python3.6/site-packages/airflow/example_dags/example_short_circuit_operator.py
[2022-04-18 14:53:17,372] {scheduler_job.py:639} INFO - DAG(s) dict_keys(['example_short_circuit_operator']) retrieved from /home/airflow/.local/lib/python3.6/site-packages/airflow/example_dags/example_short_circuit_operator.py
[2022-04-18 14:53:17,385] {logging_mixin.py:104} INFO - [2022-04-18 14:53:17,385] {dag.py:1818} INFO - Sync 1 DAGs
[2022-04-18 14:53:17,393] {logging_mixin.py:104} INFO - [2022-04-18 14:53:17,393] {dag.py:2273} INFO - Setting next_dagrun for example_short_circuit_operator to 2022-04-16 00:00:00+00:00
[2022-04-18 14:53:17,397] {scheduler_job.py:190} INFO - Processing /home/airflow/.local/lib/python3.6/site-packages/airflow/example_dags/example_short_circuit_operator.py took 0.038 seconds
[2022-04-18 14:53:48,050] {scheduler_job.py:182} INFO - Started process (PID=4927) to work on /home/airflow/.local/lib/python3.6/site-packages/airflow/example_dags/example_short_circuit_operator.py
[2022-04-18 14:53:48,050] {scheduler_job.py:629} INFO - Processing file /home/airflow/.local/lib/python3.6/site-packages/airflow/example_dags/example_short_circuit_operator.py for tasks to queue
[2022-04-18 14:53:48,051] {logging_mixin.py:104} INFO - [2022-04-18 14:53:48,051] {dagbag.py:448} INFO - Filling up the DagBag from /home/airflow/.local/lib/python3.6/site-packages/airflow/example_dags/example_short_circuit_operator.py
[2022-04-18 14:53:48,060] {scheduler_job.py:639} INFO - DAG(s) dict_keys(['example_short_circuit_operator']) retrieved from /home/airflow/.local/lib/python3.6/site-packages/airflow/example_dags/example_short_circuit_operator.py
[2022-04-18 14:53:48,074] {logging_mixin.py:104} INFO - [2022-04-18 14:53:48,074] {dag.py:1818} INFO - Sync 1 DAGs
[2022-04-18 14:53:48,083] {logging_mixin.py:104} INFO - [2022-04-18 14:53:48,083] {dag.py:2273} INFO - Setting next_dagrun for example_short_circuit_operator to 2022-04-16 00:00:00+00:00
[2022-04-18 14:53:48,087] {scheduler_job.py:190} INFO - Processing /home/airflow/.local/lib/python3.6/site-packages/airflow/example_dags/example_short_circuit_operator.py took 0.040 seconds
[2022-04-18 14:54:18,794] {scheduler_job.py:182} INFO - Started process (PID=5062) to work on /home/airflow/.local/lib/python3.6/site-packages/airflow/example_dags/example_short_circuit_operator.py
[2022-04-18 14:54:18,794] {scheduler_job.py:629} INFO - Processing file /home/airflow/.local/lib/python3.6/site-packages/airflow/example_dags/example_short_circuit_operator.py for tasks to queue
[2022-04-18 14:54:18,795] {logging_mixin.py:104} INFO - [2022-04-18 14:54:18,795] {dagbag.py:448} INFO - Filling up the DagBag from /home/airflow/.local/lib/python3.6/site-packages/airflow/example_dags/example_short_circuit_operator.py
[2022-04-18 14:54:18,803] {scheduler_job.py:639} INFO - DAG(s) dict_keys(['example_short_circuit_operator']) retrieved from /home/airflow/.local/lib/python3.6/site-packages/airflow/example_dags/example_short_circuit_operator.py
[2022-04-18 14:54:18,816] {logging_mixin.py:104} INFO - [2022-04-18 14:54:18,816] {dag.py:1818} INFO - Sync 1 DAGs
[2022-04-18 14:54:18,825] {logging_mixin.py:104} INFO - [2022-04-18 14:54:18,825] {dag.py:2273} INFO - Setting next_dagrun for example_short_circuit_operator to 2022-04-16 00:00:00+00:00
[2022-04-18 14:54:18,831] {scheduler_job.py:190} INFO - Processing /home/airflow/.local/lib/python3.6/site-packages/airflow/example_dags/example_short_circuit_operator.py took 0.039 seconds
[2022-04-18 14:54:49,467] {scheduler_job.py:182} INFO - Started process (PID=5197) to work on /home/airflow/.local/lib/python3.6/site-packages/airflow/example_dags/example_short_circuit_operator.py
[2022-04-18 14:54:49,467] {scheduler_job.py:629} INFO - Processing file /home/airflow/.local/lib/python3.6/site-packages/airflow/example_dags/example_short_circuit_operator.py for tasks to queue
[2022-04-18 14:54:49,468] {logging_mixin.py:104} INFO - [2022-04-18 14:54:49,468] {dagbag.py:448} INFO - Filling up the DagBag from /home/airflow/.local/lib/python3.6/site-packages/airflow/example_dags/example_short_circuit_operator.py
[2022-04-18 14:54:49,476] {scheduler_job.py:639} INFO - DAG(s) dict_keys(['example_short_circuit_operator']) retrieved from /home/airflow/.local/lib/python3.6/site-packages/airflow/example_dags/example_short_circuit_operator.py
[2022-04-18 14:54:49,489] {logging_mixin.py:104} INFO - [2022-04-18 14:54:49,489] {dag.py:1818} INFO - Sync 1 DAGs
[2022-04-18 14:54:49,498] {logging_mixin.py:104} INFO - [2022-04-18 14:54:49,497] {dag.py:2273} INFO - Setting next_dagrun for example_short_circuit_operator to 2022-04-16 00:00:00+00:00
[2022-04-18 14:54:49,501] {scheduler_job.py:190} INFO - Processing /home/airflow/.local/lib/python3.6/site-packages/airflow/example_dags/example_short_circuit_operator.py took 0.037 seconds
[2022-04-18 14:55:20,188] {scheduler_job.py:182} INFO - Started process (PID=5334) to work on /home/airflow/.local/lib/python3.6/site-packages/airflow/example_dags/example_short_circuit_operator.py
[2022-04-18 14:55:20,189] {scheduler_job.py:629} INFO - Processing file /home/airflow/.local/lib/python3.6/site-packages/airflow/example_dags/example_short_circuit_operator.py for tasks to queue
[2022-04-18 14:55:20,189] {logging_mixin.py:104} INFO - [2022-04-18 14:55:20,189] {dagbag.py:448} INFO - Filling up the DagBag from /home/airflow/.local/lib/python3.6/site-packages/airflow/example_dags/example_short_circuit_operator.py
[2022-04-18 14:55:20,199] {scheduler_job.py:639} INFO - DAG(s) dict_keys(['example_short_circuit_operator']) retrieved from /home/airflow/.local/lib/python3.6/site-packages/airflow/example_dags/example_short_circuit_operator.py
[2022-04-18 14:55:20,214] {logging_mixin.py:104} INFO - [2022-04-18 14:55:20,213] {dag.py:1818} INFO - Sync 1 DAGs
[2022-04-18 14:55:20,222] {logging_mixin.py:104} INFO - [2022-04-18 14:55:20,222] {dag.py:2273} INFO - Setting next_dagrun for example_short_circuit_operator to 2022-04-16 00:00:00+00:00
[2022-04-18 14:55:20,226] {scheduler_job.py:190} INFO - Processing /home/airflow/.local/lib/python3.6/site-packages/airflow/example_dags/example_short_circuit_operator.py took 0.040 seconds
[2022-04-18 14:55:50,881] {scheduler_job.py:182} INFO - Started process (PID=5467) to work on /home/airflow/.local/lib/python3.6/site-packages/airflow/example_dags/example_short_circuit_operator.py
[2022-04-18 14:55:50,882] {scheduler_job.py:629} INFO - Processing file /home/airflow/.local/lib/python3.6/site-packages/airflow/example_dags/example_short_circuit_operator.py for tasks to queue
[2022-04-18 14:55:50,882] {logging_mixin.py:104} INFO - [2022-04-18 14:55:50,882] {dagbag.py:448} INFO - Filling up the DagBag from /home/airflow/.local/lib/python3.6/site-packages/airflow/example_dags/example_short_circuit_operator.py
[2022-04-18 14:55:50,891] {scheduler_job.py:639} INFO - DAG(s) dict_keys(['example_short_circuit_operator']) retrieved from /home/airflow/.local/lib/python3.6/site-packages/airflow/example_dags/example_short_circuit_operator.py
[2022-04-18 14:55:50,903] {logging_mixin.py:104} INFO - [2022-04-18 14:55:50,903] {dag.py:1818} INFO - Sync 1 DAGs
[2022-04-18 14:55:50,912] {logging_mixin.py:104} INFO - [2022-04-18 14:55:50,912] {dag.py:2273} INFO - Setting next_dagrun for example_short_circuit_operator to 2022-04-16 00:00:00+00:00
[2022-04-18 14:55:50,916] {scheduler_job.py:190} INFO - Processing /home/airflow/.local/lib/python3.6/site-packages/airflow/example_dags/example_short_circuit_operator.py took 0.037 seconds
[2022-04-18 14:56:21,572] {scheduler_job.py:182} INFO - Started process (PID=5602) to work on /home/airflow/.local/lib/python3.6/site-packages/airflow/example_dags/example_short_circuit_operator.py
[2022-04-18 14:56:21,573] {scheduler_job.py:629} INFO - Processing file /home/airflow/.local/lib/python3.6/site-packages/airflow/example_dags/example_short_circuit_operator.py for tasks to queue
[2022-04-18 14:56:21,573] {logging_mixin.py:104} INFO - [2022-04-18 14:56:21,573] {dagbag.py:448} INFO - Filling up the DagBag from /home/airflow/.local/lib/python3.6/site-packages/airflow/example_dags/example_short_circuit_operator.py
[2022-04-18 14:56:21,582] {scheduler_job.py:639} INFO - DAG(s) dict_keys(['example_short_circuit_operator']) retrieved from /home/airflow/.local/lib/python3.6/site-packages/airflow/example_dags/example_short_circuit_operator.py
[2022-04-18 14:56:21,596] {logging_mixin.py:104} INFO - [2022-04-18 14:56:21,596] {dag.py:1818} INFO - Sync 1 DAGs
[2022-04-18 14:56:21,603] {logging_mixin.py:104} INFO - [2022-04-18 14:56:21,603] {dag.py:2273} INFO - Setting next_dagrun for example_short_circuit_operator to 2022-04-16 00:00:00+00:00
[2022-04-18 14:56:21,607] {scheduler_job.py:190} INFO - Processing /home/airflow/.local/lib/python3.6/site-packages/airflow/example_dags/example_short_circuit_operator.py took 0.037 seconds
[2022-04-18 14:56:52,251] {scheduler_job.py:182} INFO - Started process (PID=5737) to work on /home/airflow/.local/lib/python3.6/site-packages/airflow/example_dags/example_short_circuit_operator.py
[2022-04-18 14:56:52,252] {scheduler_job.py:629} INFO - Processing file /home/airflow/.local/lib/python3.6/site-packages/airflow/example_dags/example_short_circuit_operator.py for tasks to queue
[2022-04-18 14:56:52,252] {logging_mixin.py:104} INFO - [2022-04-18 14:56:52,252] {dagbag.py:448} INFO - Filling up the DagBag from /home/airflow/.local/lib/python3.6/site-packages/airflow/example_dags/example_short_circuit_operator.py
[2022-04-18 14:56:52,261] {scheduler_job.py:639} INFO - DAG(s) dict_keys(['example_short_circuit_operator']) retrieved from /home/airflow/.local/lib/python3.6/site-packages/airflow/example_dags/example_short_circuit_operator.py
[2022-04-18 14:56:52,272] {logging_mixin.py:104} INFO - [2022-04-18 14:56:52,272] {dag.py:1818} INFO - Sync 1 DAGs
[2022-04-18 14:56:52,280] {logging_mixin.py:104} INFO - [2022-04-18 14:56:52,280] {dag.py:2273} INFO - Setting next_dagrun for example_short_circuit_operator to 2022-04-16 00:00:00+00:00
[2022-04-18 14:56:52,285] {scheduler_job.py:190} INFO - Processing /home/airflow/.local/lib/python3.6/site-packages/airflow/example_dags/example_short_circuit_operator.py took 0.036 seconds
[2022-04-18 14:57:22,961] {scheduler_job.py:182} INFO - Started process (PID=5872) to work on /home/airflow/.local/lib/python3.6/site-packages/airflow/example_dags/example_short_circuit_operator.py
[2022-04-18 14:57:22,962] {scheduler_job.py:629} INFO - Processing file /home/airflow/.local/lib/python3.6/site-packages/airflow/example_dags/example_short_circuit_operator.py for tasks to queue
[2022-04-18 14:57:22,962] {logging_mixin.py:104} INFO - [2022-04-18 14:57:22,962] {dagbag.py:448} INFO - Filling up the DagBag from /home/airflow/.local/lib/python3.6/site-packages/airflow/example_dags/example_short_circuit_operator.py
[2022-04-18 14:57:22,971] {scheduler_job.py:639} INFO - DAG(s) dict_keys(['example_short_circuit_operator']) retrieved from /home/airflow/.local/lib/python3.6/site-packages/airflow/example_dags/example_short_circuit_operator.py
[2022-04-18 14:57:22,983] {logging_mixin.py:104} INFO - [2022-04-18 14:57:22,983] {dag.py:1818} INFO - Sync 1 DAGs
[2022-04-18 14:57:22,991] {logging_mixin.py:104} INFO - [2022-04-18 14:57:22,991] {dag.py:2273} INFO - Setting next_dagrun for example_short_circuit_operator to 2022-04-16 00:00:00+00:00
[2022-04-18 14:57:22,995] {scheduler_job.py:190} INFO - Processing /home/airflow/.local/lib/python3.6/site-packages/airflow/example_dags/example_short_circuit_operator.py took 0.036 seconds
[2022-04-18 14:57:53,675] {scheduler_job.py:182} INFO - Started process (PID=6007) to work on /home/airflow/.local/lib/python3.6/site-packages/airflow/example_dags/example_short_circuit_operator.py
[2022-04-18 14:57:53,676] {scheduler_job.py:629} INFO - Processing file /home/airflow/.local/lib/python3.6/site-packages/airflow/example_dags/example_short_circuit_operator.py for tasks to queue
[2022-04-18 14:57:53,676] {logging_mixin.py:104} INFO - [2022-04-18 14:57:53,676] {dagbag.py:448} INFO - Filling up the DagBag from /home/airflow/.local/lib/python3.6/site-packages/airflow/example_dags/example_short_circuit_operator.py
[2022-04-18 14:57:53,684] {scheduler_job.py:639} INFO - DAG(s) dict_keys(['example_short_circuit_operator']) retrieved from /home/airflow/.local/lib/python3.6/site-packages/airflow/example_dags/example_short_circuit_operator.py
[2022-04-18 14:57:53,699] {logging_mixin.py:104} INFO - [2022-04-18 14:57:53,699] {dag.py:1818} INFO - Sync 1 DAGs
[2022-04-18 14:57:53,709] {logging_mixin.py:104} INFO - [2022-04-18 14:57:53,709] {dag.py:2273} INFO - Setting next_dagrun for example_short_circuit_operator to 2022-04-16 00:00:00+00:00
[2022-04-18 14:57:53,714] {scheduler_job.py:190} INFO - Processing /home/airflow/.local/lib/python3.6/site-packages/airflow/example_dags/example_short_circuit_operator.py took 0.041 seconds
[2022-04-18 14:58:24,417] {scheduler_job.py:182} INFO - Started process (PID=6144) to work on /home/airflow/.local/lib/python3.6/site-packages/airflow/example_dags/example_short_circuit_operator.py
[2022-04-18 14:58:24,418] {scheduler_job.py:629} INFO - Processing file /home/airflow/.local/lib/python3.6/site-packages/airflow/example_dags/example_short_circuit_operator.py for tasks to queue
[2022-04-18 14:58:24,419] {logging_mixin.py:104} INFO - [2022-04-18 14:58:24,419] {dagbag.py:448} INFO - Filling up the DagBag from /home/airflow/.local/lib/python3.6/site-packages/airflow/example_dags/example_short_circuit_operator.py
[2022-04-18 14:58:24,426] {scheduler_job.py:639} INFO - DAG(s) dict_keys(['example_short_circuit_operator']) retrieved from /home/airflow/.local/lib/python3.6/site-packages/airflow/example_dags/example_short_circuit_operator.py
[2022-04-18 14:58:24,442] {logging_mixin.py:104} INFO - [2022-04-18 14:58:24,442] {dag.py:1818} INFO - Sync 1 DAGs
[2022-04-18 14:58:24,449] {logging_mixin.py:104} INFO - [2022-04-18 14:58:24,449] {dag.py:2273} INFO - Setting next_dagrun for example_short_circuit_operator to 2022-04-16 00:00:00+00:00
[2022-04-18 14:58:24,453] {scheduler_job.py:190} INFO - Processing /home/airflow/.local/lib/python3.6/site-packages/airflow/example_dags/example_short_circuit_operator.py took 0.038 seconds
[2022-04-18 14:58:55,099] {scheduler_job.py:182} INFO - Started process (PID=6277) to work on /home/airflow/.local/lib/python3.6/site-packages/airflow/example_dags/example_short_circuit_operator.py
[2022-04-18 14:58:55,100] {scheduler_job.py:629} INFO - Processing file /home/airflow/.local/lib/python3.6/site-packages/airflow/example_dags/example_short_circuit_operator.py for tasks to queue
[2022-04-18 14:58:55,100] {logging_mixin.py:104} INFO - [2022-04-18 14:58:55,100] {dagbag.py:448} INFO - Filling up the DagBag from /home/airflow/.local/lib/python3.6/site-packages/airflow/example_dags/example_short_circuit_operator.py
[2022-04-18 14:58:55,109] {scheduler_job.py:639} INFO - DAG(s) dict_keys(['example_short_circuit_operator']) retrieved from /home/airflow/.local/lib/python3.6/site-packages/airflow/example_dags/example_short_circuit_operator.py
[2022-04-18 14:58:55,122] {logging_mixin.py:104} INFO - [2022-04-18 14:58:55,122] {dag.py:1818} INFO - Sync 1 DAGs
[2022-04-18 14:58:55,131] {logging_mixin.py:104} INFO - [2022-04-18 14:58:55,131] {dag.py:2273} INFO - Setting next_dagrun for example_short_circuit_operator to 2022-04-16 00:00:00+00:00
[2022-04-18 14:58:55,135] {scheduler_job.py:190} INFO - Processing /home/airflow/.local/lib/python3.6/site-packages/airflow/example_dags/example_short_circuit_operator.py took 0.038 seconds
[2022-04-18 14:59:25,766] {scheduler_job.py:182} INFO - Started process (PID=6412) to work on /home/airflow/.local/lib/python3.6/site-packages/airflow/example_dags/example_short_circuit_operator.py
[2022-04-18 14:59:25,767] {scheduler_job.py:629} INFO - Processing file /home/airflow/.local/lib/python3.6/site-packages/airflow/example_dags/example_short_circuit_operator.py for tasks to queue
[2022-04-18 14:59:25,767] {logging_mixin.py:104} INFO - [2022-04-18 14:59:25,767] {dagbag.py:448} INFO - Filling up the DagBag from /home/airflow/.local/lib/python3.6/site-packages/airflow/example_dags/example_short_circuit_operator.py
[2022-04-18 14:59:25,775] {scheduler_job.py:639} INFO - DAG(s) dict_keys(['example_short_circuit_operator']) retrieved from /home/airflow/.local/lib/python3.6/site-packages/airflow/example_dags/example_short_circuit_operator.py
[2022-04-18 14:59:25,788] {logging_mixin.py:104} INFO - [2022-04-18 14:59:25,788] {dag.py:1818} INFO - Sync 1 DAGs
[2022-04-18 14:59:25,796] {logging_mixin.py:104} INFO - [2022-04-18 14:59:25,796] {dag.py:2273} INFO - Setting next_dagrun for example_short_circuit_operator to 2022-04-16 00:00:00+00:00
[2022-04-18 14:59:25,800] {scheduler_job.py:190} INFO - Processing /home/airflow/.local/lib/python3.6/site-packages/airflow/example_dags/example_short_circuit_operator.py took 0.036 seconds
[2022-04-18 14:59:56,451] {scheduler_job.py:182} INFO - Started process (PID=6547) to work on /home/airflow/.local/lib/python3.6/site-packages/airflow/example_dags/example_short_circuit_operator.py
[2022-04-18 14:59:56,452] {scheduler_job.py:629} INFO - Processing file /home/airflow/.local/lib/python3.6/site-packages/airflow/example_dags/example_short_circuit_operator.py for tasks to queue
[2022-04-18 14:59:56,453] {logging_mixin.py:104} INFO - [2022-04-18 14:59:56,453] {dagbag.py:448} INFO - Filling up the DagBag from /home/airflow/.local/lib/python3.6/site-packages/airflow/example_dags/example_short_circuit_operator.py
[2022-04-18 14:59:56,461] {scheduler_job.py:639} INFO - DAG(s) dict_keys(['example_short_circuit_operator']) retrieved from /home/airflow/.local/lib/python3.6/site-packages/airflow/example_dags/example_short_circuit_operator.py
[2022-04-18 14:59:56,475] {logging_mixin.py:104} INFO - [2022-04-18 14:59:56,475] {dag.py:1818} INFO - Sync 1 DAGs
[2022-04-18 14:59:56,483] {logging_mixin.py:104} INFO - [2022-04-18 14:59:56,483] {dag.py:2273} INFO - Setting next_dagrun for example_short_circuit_operator to 2022-04-16 00:00:00+00:00
[2022-04-18 14:59:56,487] {scheduler_job.py:190} INFO - Processing /home/airflow/.local/lib/python3.6/site-packages/airflow/example_dags/example_short_circuit_operator.py took 0.038 seconds
[2022-04-18 15:00:27,145] {scheduler_job.py:182} INFO - Started process (PID=6682) to work on /home/airflow/.local/lib/python3.6/site-packages/airflow/example_dags/example_short_circuit_operator.py
[2022-04-18 15:00:27,145] {scheduler_job.py:629} INFO - Processing file /home/airflow/.local/lib/python3.6/site-packages/airflow/example_dags/example_short_circuit_operator.py for tasks to queue
[2022-04-18 15:00:27,146] {logging_mixin.py:104} INFO - [2022-04-18 15:00:27,146] {dagbag.py:448} INFO - Filling up the DagBag from /home/airflow/.local/lib/python3.6/site-packages/airflow/example_dags/example_short_circuit_operator.py
[2022-04-18 15:00:27,154] {scheduler_job.py:639} INFO - DAG(s) dict_keys(['example_short_circuit_operator']) retrieved from /home/airflow/.local/lib/python3.6/site-packages/airflow/example_dags/example_short_circuit_operator.py
[2022-04-18 15:00:27,169] {logging_mixin.py:104} INFO - [2022-04-18 15:00:27,169] {dag.py:1818} INFO - Sync 1 DAGs
[2022-04-18 15:00:27,176] {logging_mixin.py:104} INFO - [2022-04-18 15:00:27,176] {dag.py:2273} INFO - Setting next_dagrun for example_short_circuit_operator to 2022-04-16 00:00:00+00:00
[2022-04-18 15:00:27,180] {scheduler_job.py:190} INFO - Processing /home/airflow/.local/lib/python3.6/site-packages/airflow/example_dags/example_short_circuit_operator.py took 0.037 seconds
[2022-04-18 15:00:57,807] {scheduler_job.py:182} INFO - Started process (PID=6817) to work on /home/airflow/.local/lib/python3.6/site-packages/airflow/example_dags/example_short_circuit_operator.py
[2022-04-18 15:00:57,808] {scheduler_job.py:629} INFO - Processing file /home/airflow/.local/lib/python3.6/site-packages/airflow/example_dags/example_short_circuit_operator.py for tasks to queue
[2022-04-18 15:00:57,809] {logging_mixin.py:104} INFO - [2022-04-18 15:00:57,808] {dagbag.py:448} INFO - Filling up the DagBag from /home/airflow/.local/lib/python3.6/site-packages/airflow/example_dags/example_short_circuit_operator.py
[2022-04-18 15:00:57,816] {scheduler_job.py:639} INFO - DAG(s) dict_keys(['example_short_circuit_operator']) retrieved from /home/airflow/.local/lib/python3.6/site-packages/airflow/example_dags/example_short_circuit_operator.py
[2022-04-18 15:00:57,830] {logging_mixin.py:104} INFO - [2022-04-18 15:00:57,830] {dag.py:1818} INFO - Sync 1 DAGs
[2022-04-18 15:00:57,837] {logging_mixin.py:104} INFO - [2022-04-18 15:00:57,837] {dag.py:2273} INFO - Setting next_dagrun for example_short_circuit_operator to 2022-04-16 00:00:00+00:00
[2022-04-18 15:00:57,841] {scheduler_job.py:190} INFO - Processing /home/airflow/.local/lib/python3.6/site-packages/airflow/example_dags/example_short_circuit_operator.py took 0.035 seconds
[2022-04-18 15:01:28,491] {scheduler_job.py:182} INFO - Started process (PID=6952) to work on /home/airflow/.local/lib/python3.6/site-packages/airflow/example_dags/example_short_circuit_operator.py
[2022-04-18 15:01:28,493] {scheduler_job.py:629} INFO - Processing file /home/airflow/.local/lib/python3.6/site-packages/airflow/example_dags/example_short_circuit_operator.py for tasks to queue
[2022-04-18 15:01:28,493] {logging_mixin.py:104} INFO - [2022-04-18 15:01:28,493] {dagbag.py:448} INFO - Filling up the DagBag from /home/airflow/.local/lib/python3.6/site-packages/airflow/example_dags/example_short_circuit_operator.py
[2022-04-18 15:01:28,500] {scheduler_job.py:639} INFO - DAG(s) dict_keys(['example_short_circuit_operator']) retrieved from /home/airflow/.local/lib/python3.6/site-packages/airflow/example_dags/example_short_circuit_operator.py
[2022-04-18 15:01:28,514] {logging_mixin.py:104} INFO - [2022-04-18 15:01:28,513] {dag.py:1818} INFO - Sync 1 DAGs
[2022-04-18 15:01:28,522] {logging_mixin.py:104} INFO - [2022-04-18 15:01:28,522] {dag.py:2273} INFO - Setting next_dagrun for example_short_circuit_operator to 2022-04-16 00:00:00+00:00
[2022-04-18 15:01:28,526] {scheduler_job.py:190} INFO - Processing /home/airflow/.local/lib/python3.6/site-packages/airflow/example_dags/example_short_circuit_operator.py took 0.037 seconds
[2022-04-18 15:01:59,200] {scheduler_job.py:182} INFO - Started process (PID=7087) to work on /home/airflow/.local/lib/python3.6/site-packages/airflow/example_dags/example_short_circuit_operator.py
[2022-04-18 15:01:59,201] {scheduler_job.py:629} INFO - Processing file /home/airflow/.local/lib/python3.6/site-packages/airflow/example_dags/example_short_circuit_operator.py for tasks to queue
[2022-04-18 15:01:59,201] {logging_mixin.py:104} INFO - [2022-04-18 15:01:59,201] {dagbag.py:448} INFO - Filling up the DagBag from /home/airflow/.local/lib/python3.6/site-packages/airflow/example_dags/example_short_circuit_operator.py
[2022-04-18 15:01:59,210] {scheduler_job.py:639} INFO - DAG(s) dict_keys(['example_short_circuit_operator']) retrieved from /home/airflow/.local/lib/python3.6/site-packages/airflow/example_dags/example_short_circuit_operator.py
[2022-04-18 15:01:59,222] {logging_mixin.py:104} INFO - [2022-04-18 15:01:59,222] {dag.py:1818} INFO - Sync 1 DAGs
[2022-04-18 15:01:59,231] {logging_mixin.py:104} INFO - [2022-04-18 15:01:59,231] {dag.py:2273} INFO - Setting next_dagrun for example_short_circuit_operator to 2022-04-16 00:00:00+00:00
[2022-04-18 15:01:59,236] {scheduler_job.py:190} INFO - Processing /home/airflow/.local/lib/python3.6/site-packages/airflow/example_dags/example_short_circuit_operator.py took 0.038 seconds
[2022-04-18 15:02:29,939] {scheduler_job.py:182} INFO - Started process (PID=7222) to work on /home/airflow/.local/lib/python3.6/site-packages/airflow/example_dags/example_short_circuit_operator.py
[2022-04-18 15:02:29,940] {scheduler_job.py:629} INFO - Processing file /home/airflow/.local/lib/python3.6/site-packages/airflow/example_dags/example_short_circuit_operator.py for tasks to queue
[2022-04-18 15:02:29,941] {logging_mixin.py:104} INFO - [2022-04-18 15:02:29,941] {dagbag.py:448} INFO - Filling up the DagBag from /home/airflow/.local/lib/python3.6/site-packages/airflow/example_dags/example_short_circuit_operator.py
[2022-04-18 15:02:29,948] {scheduler_job.py:639} INFO - DAG(s) dict_keys(['example_short_circuit_operator']) retrieved from /home/airflow/.local/lib/python3.6/site-packages/airflow/example_dags/example_short_circuit_operator.py
[2022-04-18 15:02:29,963] {logging_mixin.py:104} INFO - [2022-04-18 15:02:29,963] {dag.py:1818} INFO - Sync 1 DAGs
[2022-04-18 15:02:29,972] {logging_mixin.py:104} INFO - [2022-04-18 15:02:29,972] {dag.py:2273} INFO - Setting next_dagrun for example_short_circuit_operator to 2022-04-16 00:00:00+00:00
[2022-04-18 15:02:29,976] {scheduler_job.py:190} INFO - Processing /home/airflow/.local/lib/python3.6/site-packages/airflow/example_dags/example_short_circuit_operator.py took 0.039 seconds
[2022-04-18 15:03:00,619] {scheduler_job.py:182} INFO - Started process (PID=7357) to work on /home/airflow/.local/lib/python3.6/site-packages/airflow/example_dags/example_short_circuit_operator.py
[2022-04-18 15:03:00,620] {scheduler_job.py:629} INFO - Processing file /home/airflow/.local/lib/python3.6/site-packages/airflow/example_dags/example_short_circuit_operator.py for tasks to queue
[2022-04-18 15:03:00,620] {logging_mixin.py:104} INFO - [2022-04-18 15:03:00,620] {dagbag.py:448} INFO - Filling up the DagBag from /home/airflow/.local/lib/python3.6/site-packages/airflow/example_dags/example_short_circuit_operator.py
[2022-04-18 15:03:00,629] {scheduler_job.py:639} INFO - DAG(s) dict_keys(['example_short_circuit_operator']) retrieved from /home/airflow/.local/lib/python3.6/site-packages/airflow/example_dags/example_short_circuit_operator.py
[2022-04-18 15:03:00,644] {logging_mixin.py:104} INFO - [2022-04-18 15:03:00,644] {dag.py:1818} INFO - Sync 1 DAGs
[2022-04-18 15:03:00,652] {logging_mixin.py:104} INFO - [2022-04-18 15:03:00,652] {dag.py:2273} INFO - Setting next_dagrun for example_short_circuit_operator to 2022-04-16 00:00:00+00:00
[2022-04-18 15:03:00,656] {scheduler_job.py:190} INFO - Processing /home/airflow/.local/lib/python3.6/site-packages/airflow/example_dags/example_short_circuit_operator.py took 0.039 seconds
[2022-04-18 15:03:31,301] {scheduler_job.py:182} INFO - Started process (PID=7492) to work on /home/airflow/.local/lib/python3.6/site-packages/airflow/example_dags/example_short_circuit_operator.py
[2022-04-18 15:03:31,302] {scheduler_job.py:629} INFO - Processing file /home/airflow/.local/lib/python3.6/site-packages/airflow/example_dags/example_short_circuit_operator.py for tasks to queue
[2022-04-18 15:03:31,303] {logging_mixin.py:104} INFO - [2022-04-18 15:03:31,303] {dagbag.py:448} INFO - Filling up the DagBag from /home/airflow/.local/lib/python3.6/site-packages/airflow/example_dags/example_short_circuit_operator.py
[2022-04-18 15:03:31,313] {scheduler_job.py:639} INFO - DAG(s) dict_keys(['example_short_circuit_operator']) retrieved from /home/airflow/.local/lib/python3.6/site-packages/airflow/example_dags/example_short_circuit_operator.py
[2022-04-18 15:03:31,324] {logging_mixin.py:104} INFO - [2022-04-18 15:03:31,324] {dag.py:1818} INFO - Sync 1 DAGs
[2022-04-18 15:03:31,333] {logging_mixin.py:104} INFO - [2022-04-18 15:03:31,333] {dag.py:2273} INFO - Setting next_dagrun for example_short_circuit_operator to 2022-04-16 00:00:00+00:00
[2022-04-18 15:03:31,337] {scheduler_job.py:190} INFO - Processing /home/airflow/.local/lib/python3.6/site-packages/airflow/example_dags/example_short_circuit_operator.py took 0.039 seconds
[2022-04-18 15:04:01,970] {scheduler_job.py:182} INFO - Started process (PID=7627) to work on /home/airflow/.local/lib/python3.6/site-packages/airflow/example_dags/example_short_circuit_operator.py
[2022-04-18 15:04:01,971] {scheduler_job.py:629} INFO - Processing file /home/airflow/.local/lib/python3.6/site-packages/airflow/example_dags/example_short_circuit_operator.py for tasks to queue
[2022-04-18 15:04:01,971] {logging_mixin.py:104} INFO - [2022-04-18 15:04:01,971] {dagbag.py:448} INFO - Filling up the DagBag from /home/airflow/.local/lib/python3.6/site-packages/airflow/example_dags/example_short_circuit_operator.py
[2022-04-18 15:04:01,981] {scheduler_job.py:639} INFO - DAG(s) dict_keys(['example_short_circuit_operator']) retrieved from /home/airflow/.local/lib/python3.6/site-packages/airflow/example_dags/example_short_circuit_operator.py
[2022-04-18 15:04:01,991] {logging_mixin.py:104} INFO - [2022-04-18 15:04:01,991] {dag.py:1818} INFO - Sync 1 DAGs
[2022-04-18 15:04:02,002] {logging_mixin.py:104} INFO - [2022-04-18 15:04:02,002] {dag.py:2273} INFO - Setting next_dagrun for example_short_circuit_operator to 2022-04-16 00:00:00+00:00
[2022-04-18 15:04:02,005] {scheduler_job.py:190} INFO - Processing /home/airflow/.local/lib/python3.6/site-packages/airflow/example_dags/example_short_circuit_operator.py took 0.037 seconds
[2022-04-18 15:04:32,668] {scheduler_job.py:182} INFO - Started process (PID=7762) to work on /home/airflow/.local/lib/python3.6/site-packages/airflow/example_dags/example_short_circuit_operator.py
[2022-04-18 15:04:32,668] {scheduler_job.py:629} INFO - Processing file /home/airflow/.local/lib/python3.6/site-packages/airflow/example_dags/example_short_circuit_operator.py for tasks to queue
[2022-04-18 15:04:32,669] {logging_mixin.py:104} INFO - [2022-04-18 15:04:32,669] {dagbag.py:448} INFO - Filling up the DagBag from /home/airflow/.local/lib/python3.6/site-packages/airflow/example_dags/example_short_circuit_operator.py
[2022-04-18 15:04:32,677] {scheduler_job.py:639} INFO - DAG(s) dict_keys(['example_short_circuit_operator']) retrieved from /home/airflow/.local/lib/python3.6/site-packages/airflow/example_dags/example_short_circuit_operator.py
[2022-04-18 15:04:32,689] {logging_mixin.py:104} INFO - [2022-04-18 15:04:32,689] {dag.py:1818} INFO - Sync 1 DAGs
[2022-04-18 15:04:32,698] {logging_mixin.py:104} INFO - [2022-04-18 15:04:32,698] {dag.py:2273} INFO - Setting next_dagrun for example_short_circuit_operator to 2022-04-16 00:00:00+00:00
[2022-04-18 15:04:32,701] {scheduler_job.py:190} INFO - Processing /home/airflow/.local/lib/python3.6/site-packages/airflow/example_dags/example_short_circuit_operator.py took 0.036 seconds
[2022-04-18 15:05:03,382] {scheduler_job.py:182} INFO - Started process (PID=7897) to work on /home/airflow/.local/lib/python3.6/site-packages/airflow/example_dags/example_short_circuit_operator.py
[2022-04-18 15:05:03,383] {scheduler_job.py:629} INFO - Processing file /home/airflow/.local/lib/python3.6/site-packages/airflow/example_dags/example_short_circuit_operator.py for tasks to queue
[2022-04-18 15:05:03,384] {logging_mixin.py:104} INFO - [2022-04-18 15:05:03,383] {dagbag.py:448} INFO - Filling up the DagBag from /home/airflow/.local/lib/python3.6/site-packages/airflow/example_dags/example_short_circuit_operator.py
[2022-04-18 15:05:03,391] {scheduler_job.py:639} INFO - DAG(s) dict_keys(['example_short_circuit_operator']) retrieved from /home/airflow/.local/lib/python3.6/site-packages/airflow/example_dags/example_short_circuit_operator.py
[2022-04-18 15:05:03,401] {logging_mixin.py:104} INFO - [2022-04-18 15:05:03,401] {dag.py:1818} INFO - Sync 1 DAGs
[2022-04-18 15:05:03,408] {logging_mixin.py:104} INFO - [2022-04-18 15:05:03,408] {dag.py:2273} INFO - Setting next_dagrun for example_short_circuit_operator to 2022-04-16 00:00:00+00:00
[2022-04-18 15:05:03,411] {scheduler_job.py:190} INFO - Processing /home/airflow/.local/lib/python3.6/site-packages/airflow/example_dags/example_short_circuit_operator.py took 0.031 seconds
[2022-04-18 15:05:34,076] {scheduler_job.py:182} INFO - Started process (PID=8032) to work on /home/airflow/.local/lib/python3.6/site-packages/airflow/example_dags/example_short_circuit_operator.py
[2022-04-18 15:05:34,077] {scheduler_job.py:629} INFO - Processing file /home/airflow/.local/lib/python3.6/site-packages/airflow/example_dags/example_short_circuit_operator.py for tasks to queue
[2022-04-18 15:05:34,078] {logging_mixin.py:104} INFO - [2022-04-18 15:05:34,078] {dagbag.py:448} INFO - Filling up the DagBag from /home/airflow/.local/lib/python3.6/site-packages/airflow/example_dags/example_short_circuit_operator.py
[2022-04-18 15:05:34,087] {scheduler_job.py:639} INFO - DAG(s) dict_keys(['example_short_circuit_operator']) retrieved from /home/airflow/.local/lib/python3.6/site-packages/airflow/example_dags/example_short_circuit_operator.py
[2022-04-18 15:05:34,100] {logging_mixin.py:104} INFO - [2022-04-18 15:05:34,100] {dag.py:1818} INFO - Sync 1 DAGs
[2022-04-18 15:05:34,108] {logging_mixin.py:104} INFO - [2022-04-18 15:05:34,108] {dag.py:2273} INFO - Setting next_dagrun for example_short_circuit_operator to 2022-04-16 00:00:00+00:00
[2022-04-18 15:05:34,111] {scheduler_job.py:190} INFO - Processing /home/airflow/.local/lib/python3.6/site-packages/airflow/example_dags/example_short_circuit_operator.py took 0.037 seconds
[2022-04-18 15:06:04,769] {scheduler_job.py:182} INFO - Started process (PID=8167) to work on /home/airflow/.local/lib/python3.6/site-packages/airflow/example_dags/example_short_circuit_operator.py
[2022-04-18 15:06:04,770] {scheduler_job.py:629} INFO - Processing file /home/airflow/.local/lib/python3.6/site-packages/airflow/example_dags/example_short_circuit_operator.py for tasks to queue
[2022-04-18 15:06:04,770] {logging_mixin.py:104} INFO - [2022-04-18 15:06:04,770] {dagbag.py:448} INFO - Filling up the DagBag from /home/airflow/.local/lib/python3.6/site-packages/airflow/example_dags/example_short_circuit_operator.py
[2022-04-18 15:06:04,779] {scheduler_job.py:639} INFO - DAG(s) dict_keys(['example_short_circuit_operator']) retrieved from /home/airflow/.local/lib/python3.6/site-packages/airflow/example_dags/example_short_circuit_operator.py
[2022-04-18 15:06:04,795] {logging_mixin.py:104} INFO - [2022-04-18 15:06:04,795] {dag.py:1818} INFO - Sync 1 DAGs
[2022-04-18 15:06:04,804] {logging_mixin.py:104} INFO - [2022-04-18 15:06:04,804] {dag.py:2273} INFO - Setting next_dagrun for example_short_circuit_operator to 2022-04-16 00:00:00+00:00
[2022-04-18 15:06:04,808] {scheduler_job.py:190} INFO - Processing /home/airflow/.local/lib/python3.6/site-packages/airflow/example_dags/example_short_circuit_operator.py took 0.041 seconds
[2022-04-18 15:06:35,459] {scheduler_job.py:182} INFO - Started process (PID=8302) to work on /home/airflow/.local/lib/python3.6/site-packages/airflow/example_dags/example_short_circuit_operator.py
[2022-04-18 15:06:35,460] {scheduler_job.py:629} INFO - Processing file /home/airflow/.local/lib/python3.6/site-packages/airflow/example_dags/example_short_circuit_operator.py for tasks to queue
[2022-04-18 15:06:35,460] {logging_mixin.py:104} INFO - [2022-04-18 15:06:35,460] {dagbag.py:448} INFO - Filling up the DagBag from /home/airflow/.local/lib/python3.6/site-packages/airflow/example_dags/example_short_circuit_operator.py
[2022-04-18 15:06:35,469] {scheduler_job.py:639} INFO - DAG(s) dict_keys(['example_short_circuit_operator']) retrieved from /home/airflow/.local/lib/python3.6/site-packages/airflow/example_dags/example_short_circuit_operator.py
[2022-04-18 15:06:35,483] {logging_mixin.py:104} INFO - [2022-04-18 15:06:35,482] {dag.py:1818} INFO - Sync 1 DAGs
[2022-04-18 15:06:35,490] {logging_mixin.py:104} INFO - [2022-04-18 15:06:35,490] {dag.py:2273} INFO - Setting next_dagrun for example_short_circuit_operator to 2022-04-16 00:00:00+00:00
[2022-04-18 15:06:35,494] {scheduler_job.py:190} INFO - Processing /home/airflow/.local/lib/python3.6/site-packages/airflow/example_dags/example_short_circuit_operator.py took 0.038 seconds
