[2022-04-18 14:37:01,090] {scheduler_job.py:182} INFO - Started process (PID=187) to work on /home/airflow/.local/lib/python3.6/site-packages/airflow/example_dags/example_kubernetes_executor_config.py
[2022-04-18 14:37:01,090] {scheduler_job.py:629} INFO - Processing file /home/airflow/.local/lib/python3.6/site-packages/airflow/example_dags/example_kubernetes_executor_config.py for tasks to queue
[2022-04-18 14:37:01,091] {logging_mixin.py:104} INFO - [2022-04-18 14:37:01,091] {dagbag.py:448} INFO - Filling up the DagBag from /home/airflow/.local/lib/python3.6/site-packages/airflow/example_dags/example_kubernetes_executor_config.py
[2022-04-18 14:37:01,100] {scheduler_job.py:639} INFO - DAG(s) dict_keys(['example_kubernetes_executor_config']) retrieved from /home/airflow/.local/lib/python3.6/site-packages/airflow/example_dags/example_kubernetes_executor_config.py
[2022-04-18 14:37:01,118] {logging_mixin.py:104} INFO - [2022-04-18 14:37:01,118] {dag.py:1818} INFO - Sync 1 DAGs
[2022-04-18 14:37:01,126] {logging_mixin.py:104} INFO - [2022-04-18 14:37:01,126] {dag.py:2273} INFO - Setting next_dagrun for example_kubernetes_executor_config to None
[2022-04-18 14:37:01,133] {scheduler_job.py:190} INFO - Processing /home/airflow/.local/lib/python3.6/site-packages/airflow/example_dags/example_kubernetes_executor_config.py took 0.046 seconds
[2022-04-18 14:37:31,185] {scheduler_job.py:182} INFO - Started process (PID=570) to work on /home/airflow/.local/lib/python3.6/site-packages/airflow/example_dags/example_kubernetes_executor_config.py
[2022-04-18 14:37:31,186] {scheduler_job.py:629} INFO - Processing file /home/airflow/.local/lib/python3.6/site-packages/airflow/example_dags/example_kubernetes_executor_config.py for tasks to queue
[2022-04-18 14:37:31,187] {logging_mixin.py:104} INFO - [2022-04-18 14:37:31,187] {dagbag.py:448} INFO - Filling up the DagBag from /home/airflow/.local/lib/python3.6/site-packages/airflow/example_dags/example_kubernetes_executor_config.py
[2022-04-18 14:37:31,194] {scheduler_job.py:639} INFO - DAG(s) dict_keys(['example_kubernetes_executor_config']) retrieved from /home/airflow/.local/lib/python3.6/site-packages/airflow/example_dags/example_kubernetes_executor_config.py
[2022-04-18 14:37:31,207] {logging_mixin.py:104} INFO - [2022-04-18 14:37:31,207] {dag.py:1818} INFO - Sync 1 DAGs
[2022-04-18 14:37:31,215] {logging_mixin.py:104} INFO - [2022-04-18 14:37:31,214] {dag.py:2273} INFO - Setting next_dagrun for example_kubernetes_executor_config to None
[2022-04-18 14:37:31,219] {scheduler_job.py:190} INFO - Processing /home/airflow/.local/lib/python3.6/site-packages/airflow/example_dags/example_kubernetes_executor_config.py took 0.035 seconds
[2022-04-18 14:38:01,262] {scheduler_job.py:182} INFO - Started process (PID=709) to work on /home/airflow/.local/lib/python3.6/site-packages/airflow/example_dags/example_kubernetes_executor_config.py
[2022-04-18 14:38:01,263] {scheduler_job.py:629} INFO - Processing file /home/airflow/.local/lib/python3.6/site-packages/airflow/example_dags/example_kubernetes_executor_config.py for tasks to queue
[2022-04-18 14:38:01,263] {logging_mixin.py:104} INFO - [2022-04-18 14:38:01,263] {dagbag.py:448} INFO - Filling up the DagBag from /home/airflow/.local/lib/python3.6/site-packages/airflow/example_dags/example_kubernetes_executor_config.py
[2022-04-18 14:38:01,274] {scheduler_job.py:639} INFO - DAG(s) dict_keys(['example_kubernetes_executor_config']) retrieved from /home/airflow/.local/lib/python3.6/site-packages/airflow/example_dags/example_kubernetes_executor_config.py
[2022-04-18 14:38:01,292] {logging_mixin.py:104} INFO - [2022-04-18 14:38:01,291] {dag.py:1818} INFO - Sync 1 DAGs
[2022-04-18 14:38:01,301] {logging_mixin.py:104} INFO - [2022-04-18 14:38:01,301] {dag.py:2273} INFO - Setting next_dagrun for example_kubernetes_executor_config to None
[2022-04-18 14:38:01,306] {scheduler_job.py:190} INFO - Processing /home/airflow/.local/lib/python3.6/site-packages/airflow/example_dags/example_kubernetes_executor_config.py took 0.046 seconds
[2022-04-18 14:38:31,324] {scheduler_job.py:182} INFO - Started process (PID=845) to work on /home/airflow/.local/lib/python3.6/site-packages/airflow/example_dags/example_kubernetes_executor_config.py
[2022-04-18 14:38:31,326] {scheduler_job.py:629} INFO - Processing file /home/airflow/.local/lib/python3.6/site-packages/airflow/example_dags/example_kubernetes_executor_config.py for tasks to queue
[2022-04-18 14:38:31,326] {logging_mixin.py:104} INFO - [2022-04-18 14:38:31,326] {dagbag.py:448} INFO - Filling up the DagBag from /home/airflow/.local/lib/python3.6/site-packages/airflow/example_dags/example_kubernetes_executor_config.py
[2022-04-18 14:38:31,336] {scheduler_job.py:639} INFO - DAG(s) dict_keys(['example_kubernetes_executor_config']) retrieved from /home/airflow/.local/lib/python3.6/site-packages/airflow/example_dags/example_kubernetes_executor_config.py
[2022-04-18 14:38:31,351] {logging_mixin.py:104} INFO - [2022-04-18 14:38:31,351] {dag.py:1818} INFO - Sync 1 DAGs
[2022-04-18 14:38:31,358] {logging_mixin.py:104} INFO - [2022-04-18 14:38:31,358] {dag.py:2273} INFO - Setting next_dagrun for example_kubernetes_executor_config to None
[2022-04-18 14:38:31,362] {scheduler_job.py:190} INFO - Processing /home/airflow/.local/lib/python3.6/site-packages/airflow/example_dags/example_kubernetes_executor_config.py took 0.040 seconds
[2022-04-18 14:39:01,398] {scheduler_job.py:182} INFO - Started process (PID=984) to work on /home/airflow/.local/lib/python3.6/site-packages/airflow/example_dags/example_kubernetes_executor_config.py
[2022-04-18 14:39:01,399] {scheduler_job.py:629} INFO - Processing file /home/airflow/.local/lib/python3.6/site-packages/airflow/example_dags/example_kubernetes_executor_config.py for tasks to queue
[2022-04-18 14:39:01,399] {logging_mixin.py:104} INFO - [2022-04-18 14:39:01,399] {dagbag.py:448} INFO - Filling up the DagBag from /home/airflow/.local/lib/python3.6/site-packages/airflow/example_dags/example_kubernetes_executor_config.py
[2022-04-18 14:39:01,408] {scheduler_job.py:639} INFO - DAG(s) dict_keys(['example_kubernetes_executor_config']) retrieved from /home/airflow/.local/lib/python3.6/site-packages/airflow/example_dags/example_kubernetes_executor_config.py
[2022-04-18 14:39:01,424] {logging_mixin.py:104} INFO - [2022-04-18 14:39:01,424] {dag.py:1818} INFO - Sync 1 DAGs
[2022-04-18 14:39:01,431] {logging_mixin.py:104} INFO - [2022-04-18 14:39:01,431] {dag.py:2273} INFO - Setting next_dagrun for example_kubernetes_executor_config to None
[2022-04-18 14:39:01,435] {scheduler_job.py:190} INFO - Processing /home/airflow/.local/lib/python3.6/site-packages/airflow/example_dags/example_kubernetes_executor_config.py took 0.039 seconds
[2022-04-18 14:39:31,477] {scheduler_job.py:182} INFO - Started process (PID=1119) to work on /home/airflow/.local/lib/python3.6/site-packages/airflow/example_dags/example_kubernetes_executor_config.py
[2022-04-18 14:39:31,478] {scheduler_job.py:629} INFO - Processing file /home/airflow/.local/lib/python3.6/site-packages/airflow/example_dags/example_kubernetes_executor_config.py for tasks to queue
[2022-04-18 14:39:31,479] {logging_mixin.py:104} INFO - [2022-04-18 14:39:31,478] {dagbag.py:448} INFO - Filling up the DagBag from /home/airflow/.local/lib/python3.6/site-packages/airflow/example_dags/example_kubernetes_executor_config.py
[2022-04-18 14:39:31,487] {scheduler_job.py:639} INFO - DAG(s) dict_keys(['example_kubernetes_executor_config']) retrieved from /home/airflow/.local/lib/python3.6/site-packages/airflow/example_dags/example_kubernetes_executor_config.py
[2022-04-18 14:39:31,503] {logging_mixin.py:104} INFO - [2022-04-18 14:39:31,502] {dag.py:1818} INFO - Sync 1 DAGs
[2022-04-18 14:39:31,510] {logging_mixin.py:104} INFO - [2022-04-18 14:39:31,510] {dag.py:2273} INFO - Setting next_dagrun for example_kubernetes_executor_config to None
[2022-04-18 14:39:31,514] {scheduler_job.py:190} INFO - Processing /home/airflow/.local/lib/python3.6/site-packages/airflow/example_dags/example_kubernetes_executor_config.py took 0.039 seconds
[2022-04-18 14:40:01,543] {scheduler_job.py:182} INFO - Started process (PID=1254) to work on /home/airflow/.local/lib/python3.6/site-packages/airflow/example_dags/example_kubernetes_executor_config.py
[2022-04-18 14:40:01,544] {scheduler_job.py:629} INFO - Processing file /home/airflow/.local/lib/python3.6/site-packages/airflow/example_dags/example_kubernetes_executor_config.py for tasks to queue
[2022-04-18 14:40:01,544] {logging_mixin.py:104} INFO - [2022-04-18 14:40:01,544] {dagbag.py:448} INFO - Filling up the DagBag from /home/airflow/.local/lib/python3.6/site-packages/airflow/example_dags/example_kubernetes_executor_config.py
[2022-04-18 14:40:01,552] {scheduler_job.py:639} INFO - DAG(s) dict_keys(['example_kubernetes_executor_config']) retrieved from /home/airflow/.local/lib/python3.6/site-packages/airflow/example_dags/example_kubernetes_executor_config.py
[2022-04-18 14:40:01,568] {logging_mixin.py:104} INFO - [2022-04-18 14:40:01,568] {dag.py:1818} INFO - Sync 1 DAGs
[2022-04-18 14:40:01,576] {logging_mixin.py:104} INFO - [2022-04-18 14:40:01,576] {dag.py:2273} INFO - Setting next_dagrun for example_kubernetes_executor_config to None
[2022-04-18 14:40:01,579] {scheduler_job.py:190} INFO - Processing /home/airflow/.local/lib/python3.6/site-packages/airflow/example_dags/example_kubernetes_executor_config.py took 0.038 seconds
[2022-04-18 14:40:32,718] {scheduler_job.py:182} INFO - Started process (PID=1462) to work on /home/airflow/.local/lib/python3.6/site-packages/airflow/example_dags/example_kubernetes_executor_config.py
[2022-04-18 14:40:32,719] {scheduler_job.py:629} INFO - Processing file /home/airflow/.local/lib/python3.6/site-packages/airflow/example_dags/example_kubernetes_executor_config.py for tasks to queue
[2022-04-18 14:40:32,720] {logging_mixin.py:104} INFO - [2022-04-18 14:40:32,720] {dagbag.py:448} INFO - Filling up the DagBag from /home/airflow/.local/lib/python3.6/site-packages/airflow/example_dags/example_kubernetes_executor_config.py
[2022-04-18 14:40:32,728] {scheduler_job.py:639} INFO - DAG(s) dict_keys(['example_kubernetes_executor_config']) retrieved from /home/airflow/.local/lib/python3.6/site-packages/airflow/example_dags/example_kubernetes_executor_config.py
[2022-04-18 14:40:32,743] {logging_mixin.py:104} INFO - [2022-04-18 14:40:32,743] {dag.py:1818} INFO - Sync 1 DAGs
[2022-04-18 14:40:32,751] {logging_mixin.py:104} INFO - [2022-04-18 14:40:32,751] {dag.py:2273} INFO - Setting next_dagrun for example_kubernetes_executor_config to None
[2022-04-18 14:40:32,755] {scheduler_job.py:190} INFO - Processing /home/airflow/.local/lib/python3.6/site-packages/airflow/example_dags/example_kubernetes_executor_config.py took 0.039 seconds
[2022-04-18 14:41:03,689] {scheduler_job.py:182} INFO - Started process (PID=1597) to work on /home/airflow/.local/lib/python3.6/site-packages/airflow/example_dags/example_kubernetes_executor_config.py
[2022-04-18 14:41:03,690] {scheduler_job.py:629} INFO - Processing file /home/airflow/.local/lib/python3.6/site-packages/airflow/example_dags/example_kubernetes_executor_config.py for tasks to queue
[2022-04-18 14:41:03,692] {logging_mixin.py:104} INFO - [2022-04-18 14:41:03,690] {dagbag.py:448} INFO - Filling up the DagBag from /home/airflow/.local/lib/python3.6/site-packages/airflow/example_dags/example_kubernetes_executor_config.py
[2022-04-18 14:41:03,698] {scheduler_job.py:639} INFO - DAG(s) dict_keys(['example_kubernetes_executor_config']) retrieved from /home/airflow/.local/lib/python3.6/site-packages/airflow/example_dags/example_kubernetes_executor_config.py
[2022-04-18 14:41:03,713] {logging_mixin.py:104} INFO - [2022-04-18 14:41:03,713] {dag.py:1818} INFO - Sync 1 DAGs
[2022-04-18 14:41:03,720] {logging_mixin.py:104} INFO - [2022-04-18 14:41:03,720] {dag.py:2273} INFO - Setting next_dagrun for example_kubernetes_executor_config to None
[2022-04-18 14:41:03,724] {scheduler_job.py:190} INFO - Processing /home/airflow/.local/lib/python3.6/site-packages/airflow/example_dags/example_kubernetes_executor_config.py took 0.036 seconds
[2022-04-18 14:41:34,355] {scheduler_job.py:182} INFO - Started process (PID=1732) to work on /home/airflow/.local/lib/python3.6/site-packages/airflow/example_dags/example_kubernetes_executor_config.py
[2022-04-18 14:41:34,356] {scheduler_job.py:629} INFO - Processing file /home/airflow/.local/lib/python3.6/site-packages/airflow/example_dags/example_kubernetes_executor_config.py for tasks to queue
[2022-04-18 14:41:34,357] {logging_mixin.py:104} INFO - [2022-04-18 14:41:34,356] {dagbag.py:448} INFO - Filling up the DagBag from /home/airflow/.local/lib/python3.6/site-packages/airflow/example_dags/example_kubernetes_executor_config.py
[2022-04-18 14:41:34,365] {scheduler_job.py:639} INFO - DAG(s) dict_keys(['example_kubernetes_executor_config']) retrieved from /home/airflow/.local/lib/python3.6/site-packages/airflow/example_dags/example_kubernetes_executor_config.py
[2022-04-18 14:41:34,380] {logging_mixin.py:104} INFO - [2022-04-18 14:41:34,380] {dag.py:1818} INFO - Sync 1 DAGs
[2022-04-18 14:41:34,389] {logging_mixin.py:104} INFO - [2022-04-18 14:41:34,389] {dag.py:2273} INFO - Setting next_dagrun for example_kubernetes_executor_config to None
[2022-04-18 14:41:34,393] {scheduler_job.py:190} INFO - Processing /home/airflow/.local/lib/python3.6/site-packages/airflow/example_dags/example_kubernetes_executor_config.py took 0.039 seconds
[2022-04-18 14:42:05,066] {scheduler_job.py:182} INFO - Started process (PID=1869) to work on /home/airflow/.local/lib/python3.6/site-packages/airflow/example_dags/example_kubernetes_executor_config.py
[2022-04-18 14:42:05,066] {scheduler_job.py:629} INFO - Processing file /home/airflow/.local/lib/python3.6/site-packages/airflow/example_dags/example_kubernetes_executor_config.py for tasks to queue
[2022-04-18 14:42:05,067] {logging_mixin.py:104} INFO - [2022-04-18 14:42:05,067] {dagbag.py:448} INFO - Filling up the DagBag from /home/airflow/.local/lib/python3.6/site-packages/airflow/example_dags/example_kubernetes_executor_config.py
[2022-04-18 14:42:05,074] {scheduler_job.py:639} INFO - DAG(s) dict_keys(['example_kubernetes_executor_config']) retrieved from /home/airflow/.local/lib/python3.6/site-packages/airflow/example_dags/example_kubernetes_executor_config.py
[2022-04-18 14:42:05,090] {logging_mixin.py:104} INFO - [2022-04-18 14:42:05,090] {dag.py:1818} INFO - Sync 1 DAGs
[2022-04-18 14:42:05,097] {logging_mixin.py:104} INFO - [2022-04-18 14:42:05,097] {dag.py:2273} INFO - Setting next_dagrun for example_kubernetes_executor_config to None
[2022-04-18 14:42:05,101] {scheduler_job.py:190} INFO - Processing /home/airflow/.local/lib/python3.6/site-packages/airflow/example_dags/example_kubernetes_executor_config.py took 0.037 seconds
[2022-04-18 14:42:35,832] {scheduler_job.py:182} INFO - Started process (PID=2004) to work on /home/airflow/.local/lib/python3.6/site-packages/airflow/example_dags/example_kubernetes_executor_config.py
[2022-04-18 14:42:35,832] {scheduler_job.py:629} INFO - Processing file /home/airflow/.local/lib/python3.6/site-packages/airflow/example_dags/example_kubernetes_executor_config.py for tasks to queue
[2022-04-18 14:42:35,833] {logging_mixin.py:104} INFO - [2022-04-18 14:42:35,833] {dagbag.py:448} INFO - Filling up the DagBag from /home/airflow/.local/lib/python3.6/site-packages/airflow/example_dags/example_kubernetes_executor_config.py
[2022-04-18 14:42:35,839] {scheduler_job.py:639} INFO - DAG(s) dict_keys(['example_kubernetes_executor_config']) retrieved from /home/airflow/.local/lib/python3.6/site-packages/airflow/example_dags/example_kubernetes_executor_config.py
[2022-04-18 14:42:35,853] {logging_mixin.py:104} INFO - [2022-04-18 14:42:35,853] {dag.py:1818} INFO - Sync 1 DAGs
[2022-04-18 14:42:35,861] {logging_mixin.py:104} INFO - [2022-04-18 14:42:35,861] {dag.py:2273} INFO - Setting next_dagrun for example_kubernetes_executor_config to None
[2022-04-18 14:42:35,865] {scheduler_job.py:190} INFO - Processing /home/airflow/.local/lib/python3.6/site-packages/airflow/example_dags/example_kubernetes_executor_config.py took 0.036 seconds
[2022-04-18 14:43:06,583] {scheduler_job.py:182} INFO - Started process (PID=2139) to work on /home/airflow/.local/lib/python3.6/site-packages/airflow/example_dags/example_kubernetes_executor_config.py
[2022-04-18 14:43:06,584] {scheduler_job.py:629} INFO - Processing file /home/airflow/.local/lib/python3.6/site-packages/airflow/example_dags/example_kubernetes_executor_config.py for tasks to queue
[2022-04-18 14:43:06,585] {logging_mixin.py:104} INFO - [2022-04-18 14:43:06,585] {dagbag.py:448} INFO - Filling up the DagBag from /home/airflow/.local/lib/python3.6/site-packages/airflow/example_dags/example_kubernetes_executor_config.py
[2022-04-18 14:43:06,593] {scheduler_job.py:639} INFO - DAG(s) dict_keys(['example_kubernetes_executor_config']) retrieved from /home/airflow/.local/lib/python3.6/site-packages/airflow/example_dags/example_kubernetes_executor_config.py
[2022-04-18 14:43:06,609] {logging_mixin.py:104} INFO - [2022-04-18 14:43:06,609] {dag.py:1818} INFO - Sync 1 DAGs
[2022-04-18 14:43:06,616] {logging_mixin.py:104} INFO - [2022-04-18 14:43:06,616] {dag.py:2273} INFO - Setting next_dagrun for example_kubernetes_executor_config to None
[2022-04-18 14:43:06,619] {scheduler_job.py:190} INFO - Processing /home/airflow/.local/lib/python3.6/site-packages/airflow/example_dags/example_kubernetes_executor_config.py took 0.039 seconds
[2022-04-18 14:43:37,267] {scheduler_job.py:182} INFO - Started process (PID=2272) to work on /home/airflow/.local/lib/python3.6/site-packages/airflow/example_dags/example_kubernetes_executor_config.py
[2022-04-18 14:43:37,268] {scheduler_job.py:629} INFO - Processing file /home/airflow/.local/lib/python3.6/site-packages/airflow/example_dags/example_kubernetes_executor_config.py for tasks to queue
[2022-04-18 14:43:37,268] {logging_mixin.py:104} INFO - [2022-04-18 14:43:37,268] {dagbag.py:448} INFO - Filling up the DagBag from /home/airflow/.local/lib/python3.6/site-packages/airflow/example_dags/example_kubernetes_executor_config.py
[2022-04-18 14:43:37,277] {scheduler_job.py:639} INFO - DAG(s) dict_keys(['example_kubernetes_executor_config']) retrieved from /home/airflow/.local/lib/python3.6/site-packages/airflow/example_dags/example_kubernetes_executor_config.py
[2022-04-18 14:43:37,291] {logging_mixin.py:104} INFO - [2022-04-18 14:43:37,291] {dag.py:1818} INFO - Sync 1 DAGs
[2022-04-18 14:43:37,299] {logging_mixin.py:104} INFO - [2022-04-18 14:43:37,299] {dag.py:2273} INFO - Setting next_dagrun for example_kubernetes_executor_config to None
[2022-04-18 14:43:37,303] {scheduler_job.py:190} INFO - Processing /home/airflow/.local/lib/python3.6/site-packages/airflow/example_dags/example_kubernetes_executor_config.py took 0.038 seconds
[2022-04-18 14:44:07,948] {scheduler_job.py:182} INFO - Started process (PID=2407) to work on /home/airflow/.local/lib/python3.6/site-packages/airflow/example_dags/example_kubernetes_executor_config.py
[2022-04-18 14:44:07,948] {scheduler_job.py:629} INFO - Processing file /home/airflow/.local/lib/python3.6/site-packages/airflow/example_dags/example_kubernetes_executor_config.py for tasks to queue
[2022-04-18 14:44:07,949] {logging_mixin.py:104} INFO - [2022-04-18 14:44:07,949] {dagbag.py:448} INFO - Filling up the DagBag from /home/airflow/.local/lib/python3.6/site-packages/airflow/example_dags/example_kubernetes_executor_config.py
[2022-04-18 14:44:07,957] {scheduler_job.py:639} INFO - DAG(s) dict_keys(['example_kubernetes_executor_config']) retrieved from /home/airflow/.local/lib/python3.6/site-packages/airflow/example_dags/example_kubernetes_executor_config.py
[2022-04-18 14:44:07,974] {logging_mixin.py:104} INFO - [2022-04-18 14:44:07,974] {dag.py:1818} INFO - Sync 1 DAGs
[2022-04-18 14:44:07,981] {logging_mixin.py:104} INFO - [2022-04-18 14:44:07,981] {dag.py:2273} INFO - Setting next_dagrun for example_kubernetes_executor_config to None
[2022-04-18 14:44:07,985] {scheduler_job.py:190} INFO - Processing /home/airflow/.local/lib/python3.6/site-packages/airflow/example_dags/example_kubernetes_executor_config.py took 0.039 seconds
[2022-04-18 14:44:38,629] {scheduler_job.py:182} INFO - Started process (PID=2542) to work on /home/airflow/.local/lib/python3.6/site-packages/airflow/example_dags/example_kubernetes_executor_config.py
[2022-04-18 14:44:38,630] {scheduler_job.py:629} INFO - Processing file /home/airflow/.local/lib/python3.6/site-packages/airflow/example_dags/example_kubernetes_executor_config.py for tasks to queue
[2022-04-18 14:44:38,630] {logging_mixin.py:104} INFO - [2022-04-18 14:44:38,630] {dagbag.py:448} INFO - Filling up the DagBag from /home/airflow/.local/lib/python3.6/site-packages/airflow/example_dags/example_kubernetes_executor_config.py
[2022-04-18 14:44:38,642] {scheduler_job.py:639} INFO - DAG(s) dict_keys(['example_kubernetes_executor_config']) retrieved from /home/airflow/.local/lib/python3.6/site-packages/airflow/example_dags/example_kubernetes_executor_config.py
[2022-04-18 14:44:38,656] {logging_mixin.py:104} INFO - [2022-04-18 14:44:38,656] {dag.py:1818} INFO - Sync 1 DAGs
[2022-04-18 14:44:38,663] {logging_mixin.py:104} INFO - [2022-04-18 14:44:38,663] {dag.py:2273} INFO - Setting next_dagrun for example_kubernetes_executor_config to None
[2022-04-18 14:44:38,667] {scheduler_job.py:190} INFO - Processing /home/airflow/.local/lib/python3.6/site-packages/airflow/example_dags/example_kubernetes_executor_config.py took 0.040 seconds
[2022-04-18 14:45:09,298] {scheduler_job.py:182} INFO - Started process (PID=2677) to work on /home/airflow/.local/lib/python3.6/site-packages/airflow/example_dags/example_kubernetes_executor_config.py
[2022-04-18 14:45:09,299] {scheduler_job.py:629} INFO - Processing file /home/airflow/.local/lib/python3.6/site-packages/airflow/example_dags/example_kubernetes_executor_config.py for tasks to queue
[2022-04-18 14:45:09,299] {logging_mixin.py:104} INFO - [2022-04-18 14:45:09,299] {dagbag.py:448} INFO - Filling up the DagBag from /home/airflow/.local/lib/python3.6/site-packages/airflow/example_dags/example_kubernetes_executor_config.py
[2022-04-18 14:45:09,308] {scheduler_job.py:639} INFO - DAG(s) dict_keys(['example_kubernetes_executor_config']) retrieved from /home/airflow/.local/lib/python3.6/site-packages/airflow/example_dags/example_kubernetes_executor_config.py
[2022-04-18 14:45:09,325] {logging_mixin.py:104} INFO - [2022-04-18 14:45:09,324] {dag.py:1818} INFO - Sync 1 DAGs
[2022-04-18 14:45:09,332] {logging_mixin.py:104} INFO - [2022-04-18 14:45:09,332] {dag.py:2273} INFO - Setting next_dagrun for example_kubernetes_executor_config to None
[2022-04-18 14:45:09,336] {scheduler_job.py:190} INFO - Processing /home/airflow/.local/lib/python3.6/site-packages/airflow/example_dags/example_kubernetes_executor_config.py took 0.040 seconds
[2022-04-18 14:45:40,073] {scheduler_job.py:182} INFO - Started process (PID=2814) to work on /home/airflow/.local/lib/python3.6/site-packages/airflow/example_dags/example_kubernetes_executor_config.py
[2022-04-18 14:45:40,074] {scheduler_job.py:629} INFO - Processing file /home/airflow/.local/lib/python3.6/site-packages/airflow/example_dags/example_kubernetes_executor_config.py for tasks to queue
[2022-04-18 14:45:40,074] {logging_mixin.py:104} INFO - [2022-04-18 14:45:40,074] {dagbag.py:448} INFO - Filling up the DagBag from /home/airflow/.local/lib/python3.6/site-packages/airflow/example_dags/example_kubernetes_executor_config.py
[2022-04-18 14:45:40,081] {scheduler_job.py:639} INFO - DAG(s) dict_keys(['example_kubernetes_executor_config']) retrieved from /home/airflow/.local/lib/python3.6/site-packages/airflow/example_dags/example_kubernetes_executor_config.py
[2022-04-18 14:45:40,098] {logging_mixin.py:104} INFO - [2022-04-18 14:45:40,098] {dag.py:1818} INFO - Sync 1 DAGs
[2022-04-18 14:45:40,106] {logging_mixin.py:104} INFO - [2022-04-18 14:45:40,105] {dag.py:2273} INFO - Setting next_dagrun for example_kubernetes_executor_config to None
[2022-04-18 14:45:40,110] {scheduler_job.py:190} INFO - Processing /home/airflow/.local/lib/python3.6/site-packages/airflow/example_dags/example_kubernetes_executor_config.py took 0.038 seconds
[2022-04-18 14:46:10,745] {scheduler_job.py:182} INFO - Started process (PID=2949) to work on /home/airflow/.local/lib/python3.6/site-packages/airflow/example_dags/example_kubernetes_executor_config.py
[2022-04-18 14:46:10,746] {scheduler_job.py:629} INFO - Processing file /home/airflow/.local/lib/python3.6/site-packages/airflow/example_dags/example_kubernetes_executor_config.py for tasks to queue
[2022-04-18 14:46:10,746] {logging_mixin.py:104} INFO - [2022-04-18 14:46:10,746] {dagbag.py:448} INFO - Filling up the DagBag from /home/airflow/.local/lib/python3.6/site-packages/airflow/example_dags/example_kubernetes_executor_config.py
[2022-04-18 14:46:10,756] {scheduler_job.py:639} INFO - DAG(s) dict_keys(['example_kubernetes_executor_config']) retrieved from /home/airflow/.local/lib/python3.6/site-packages/airflow/example_dags/example_kubernetes_executor_config.py
[2022-04-18 14:46:10,771] {logging_mixin.py:104} INFO - [2022-04-18 14:46:10,771] {dag.py:1818} INFO - Sync 1 DAGs
[2022-04-18 14:46:10,780] {logging_mixin.py:104} INFO - [2022-04-18 14:46:10,780] {dag.py:2273} INFO - Setting next_dagrun for example_kubernetes_executor_config to None
[2022-04-18 14:46:10,784] {scheduler_job.py:190} INFO - Processing /home/airflow/.local/lib/python3.6/site-packages/airflow/example_dags/example_kubernetes_executor_config.py took 0.042 seconds
[2022-04-18 14:46:41,408] {scheduler_job.py:182} INFO - Started process (PID=3082) to work on /home/airflow/.local/lib/python3.6/site-packages/airflow/example_dags/example_kubernetes_executor_config.py
[2022-04-18 14:46:41,408] {scheduler_job.py:629} INFO - Processing file /home/airflow/.local/lib/python3.6/site-packages/airflow/example_dags/example_kubernetes_executor_config.py for tasks to queue
[2022-04-18 14:46:41,409] {logging_mixin.py:104} INFO - [2022-04-18 14:46:41,409] {dagbag.py:448} INFO - Filling up the DagBag from /home/airflow/.local/lib/python3.6/site-packages/airflow/example_dags/example_kubernetes_executor_config.py
[2022-04-18 14:46:41,418] {scheduler_job.py:639} INFO - DAG(s) dict_keys(['example_kubernetes_executor_config']) retrieved from /home/airflow/.local/lib/python3.6/site-packages/airflow/example_dags/example_kubernetes_executor_config.py
[2022-04-18 14:46:41,435] {logging_mixin.py:104} INFO - [2022-04-18 14:46:41,435] {dag.py:1818} INFO - Sync 1 DAGs
[2022-04-18 14:46:41,442] {logging_mixin.py:104} INFO - [2022-04-18 14:46:41,442] {dag.py:2273} INFO - Setting next_dagrun for example_kubernetes_executor_config to None
[2022-04-18 14:46:41,446] {scheduler_job.py:190} INFO - Processing /home/airflow/.local/lib/python3.6/site-packages/airflow/example_dags/example_kubernetes_executor_config.py took 0.041 seconds
[2022-04-18 14:47:12,121] {scheduler_job.py:182} INFO - Started process (PID=3217) to work on /home/airflow/.local/lib/python3.6/site-packages/airflow/example_dags/example_kubernetes_executor_config.py
[2022-04-18 14:47:12,122] {scheduler_job.py:629} INFO - Processing file /home/airflow/.local/lib/python3.6/site-packages/airflow/example_dags/example_kubernetes_executor_config.py for tasks to queue
[2022-04-18 14:47:12,122] {logging_mixin.py:104} INFO - [2022-04-18 14:47:12,122] {dagbag.py:448} INFO - Filling up the DagBag from /home/airflow/.local/lib/python3.6/site-packages/airflow/example_dags/example_kubernetes_executor_config.py
[2022-04-18 14:47:12,131] {scheduler_job.py:639} INFO - DAG(s) dict_keys(['example_kubernetes_executor_config']) retrieved from /home/airflow/.local/lib/python3.6/site-packages/airflow/example_dags/example_kubernetes_executor_config.py
[2022-04-18 14:47:12,145] {logging_mixin.py:104} INFO - [2022-04-18 14:47:12,145] {dag.py:1818} INFO - Sync 1 DAGs
[2022-04-18 14:47:12,152] {logging_mixin.py:104} INFO - [2022-04-18 14:47:12,152] {dag.py:2273} INFO - Setting next_dagrun for example_kubernetes_executor_config to None
[2022-04-18 14:47:12,156] {scheduler_job.py:190} INFO - Processing /home/airflow/.local/lib/python3.6/site-packages/airflow/example_dags/example_kubernetes_executor_config.py took 0.037 seconds
[2022-04-18 14:47:42,838] {scheduler_job.py:182} INFO - Started process (PID=3354) to work on /home/airflow/.local/lib/python3.6/site-packages/airflow/example_dags/example_kubernetes_executor_config.py
[2022-04-18 14:47:42,839] {scheduler_job.py:629} INFO - Processing file /home/airflow/.local/lib/python3.6/site-packages/airflow/example_dags/example_kubernetes_executor_config.py for tasks to queue
[2022-04-18 14:47:42,839] {logging_mixin.py:104} INFO - [2022-04-18 14:47:42,839] {dagbag.py:448} INFO - Filling up the DagBag from /home/airflow/.local/lib/python3.6/site-packages/airflow/example_dags/example_kubernetes_executor_config.py
[2022-04-18 14:47:42,849] {scheduler_job.py:639} INFO - DAG(s) dict_keys(['example_kubernetes_executor_config']) retrieved from /home/airflow/.local/lib/python3.6/site-packages/airflow/example_dags/example_kubernetes_executor_config.py
[2022-04-18 14:47:42,863] {logging_mixin.py:104} INFO - [2022-04-18 14:47:42,863] {dag.py:1818} INFO - Sync 1 DAGs
[2022-04-18 14:47:42,870] {logging_mixin.py:104} INFO - [2022-04-18 14:47:42,870] {dag.py:2273} INFO - Setting next_dagrun for example_kubernetes_executor_config to None
[2022-04-18 14:47:42,874] {scheduler_job.py:190} INFO - Processing /home/airflow/.local/lib/python3.6/site-packages/airflow/example_dags/example_kubernetes_executor_config.py took 0.038 seconds
[2022-04-18 14:48:13,630] {scheduler_job.py:182} INFO - Started process (PID=3487) to work on /home/airflow/.local/lib/python3.6/site-packages/airflow/example_dags/example_kubernetes_executor_config.py
[2022-04-18 14:48:13,632] {scheduler_job.py:629} INFO - Processing file /home/airflow/.local/lib/python3.6/site-packages/airflow/example_dags/example_kubernetes_executor_config.py for tasks to queue
[2022-04-18 14:48:13,632] {logging_mixin.py:104} INFO - [2022-04-18 14:48:13,632] {dagbag.py:448} INFO - Filling up the DagBag from /home/airflow/.local/lib/python3.6/site-packages/airflow/example_dags/example_kubernetes_executor_config.py
[2022-04-18 14:48:13,641] {scheduler_job.py:639} INFO - DAG(s) dict_keys(['example_kubernetes_executor_config']) retrieved from /home/airflow/.local/lib/python3.6/site-packages/airflow/example_dags/example_kubernetes_executor_config.py
[2022-04-18 14:48:13,654] {logging_mixin.py:104} INFO - [2022-04-18 14:48:13,654] {dag.py:1818} INFO - Sync 1 DAGs
[2022-04-18 14:48:13,662] {logging_mixin.py:104} INFO - [2022-04-18 14:48:13,662] {dag.py:2273} INFO - Setting next_dagrun for example_kubernetes_executor_config to None
[2022-04-18 14:48:13,665] {scheduler_job.py:190} INFO - Processing /home/airflow/.local/lib/python3.6/site-packages/airflow/example_dags/example_kubernetes_executor_config.py took 0.037 seconds
[2022-04-18 14:48:43,732] {scheduler_job.py:182} INFO - Started process (PID=3622) to work on /home/airflow/.local/lib/python3.6/site-packages/airflow/example_dags/example_kubernetes_executor_config.py
[2022-04-18 14:48:43,733] {scheduler_job.py:629} INFO - Processing file /home/airflow/.local/lib/python3.6/site-packages/airflow/example_dags/example_kubernetes_executor_config.py for tasks to queue
[2022-04-18 14:48:43,733] {logging_mixin.py:104} INFO - [2022-04-18 14:48:43,733] {dagbag.py:448} INFO - Filling up the DagBag from /home/airflow/.local/lib/python3.6/site-packages/airflow/example_dags/example_kubernetes_executor_config.py
[2022-04-18 14:48:43,741] {scheduler_job.py:639} INFO - DAG(s) dict_keys(['example_kubernetes_executor_config']) retrieved from /home/airflow/.local/lib/python3.6/site-packages/airflow/example_dags/example_kubernetes_executor_config.py
[2022-04-18 14:48:43,754] {logging_mixin.py:104} INFO - [2022-04-18 14:48:43,754] {dag.py:1818} INFO - Sync 1 DAGs
[2022-04-18 14:48:43,761] {logging_mixin.py:104} INFO - [2022-04-18 14:48:43,761] {dag.py:2273} INFO - Setting next_dagrun for example_kubernetes_executor_config to None
[2022-04-18 14:48:43,765] {scheduler_job.py:190} INFO - Processing /home/airflow/.local/lib/python3.6/site-packages/airflow/example_dags/example_kubernetes_executor_config.py took 0.035 seconds
[2022-04-18 14:49:13,860] {scheduler_job.py:182} INFO - Started process (PID=3757) to work on /home/airflow/.local/lib/python3.6/site-packages/airflow/example_dags/example_kubernetes_executor_config.py
[2022-04-18 14:49:13,860] {scheduler_job.py:629} INFO - Processing file /home/airflow/.local/lib/python3.6/site-packages/airflow/example_dags/example_kubernetes_executor_config.py for tasks to queue
[2022-04-18 14:49:13,861] {logging_mixin.py:104} INFO - [2022-04-18 14:49:13,861] {dagbag.py:448} INFO - Filling up the DagBag from /home/airflow/.local/lib/python3.6/site-packages/airflow/example_dags/example_kubernetes_executor_config.py
[2022-04-18 14:49:13,869] {scheduler_job.py:639} INFO - DAG(s) dict_keys(['example_kubernetes_executor_config']) retrieved from /home/airflow/.local/lib/python3.6/site-packages/airflow/example_dags/example_kubernetes_executor_config.py
[2022-04-18 14:49:13,880] {logging_mixin.py:104} INFO - [2022-04-18 14:49:13,880] {dag.py:1818} INFO - Sync 1 DAGs
[2022-04-18 14:49:13,890] {logging_mixin.py:104} INFO - [2022-04-18 14:49:13,889] {dag.py:2273} INFO - Setting next_dagrun for example_kubernetes_executor_config to None
[2022-04-18 14:49:13,893] {scheduler_job.py:190} INFO - Processing /home/airflow/.local/lib/python3.6/site-packages/airflow/example_dags/example_kubernetes_executor_config.py took 0.036 seconds
[2022-04-18 14:49:43,960] {scheduler_job.py:182} INFO - Started process (PID=3889) to work on /home/airflow/.local/lib/python3.6/site-packages/airflow/example_dags/example_kubernetes_executor_config.py
[2022-04-18 14:49:43,961] {scheduler_job.py:629} INFO - Processing file /home/airflow/.local/lib/python3.6/site-packages/airflow/example_dags/example_kubernetes_executor_config.py for tasks to queue
[2022-04-18 14:49:43,961] {logging_mixin.py:104} INFO - [2022-04-18 14:49:43,961] {dagbag.py:448} INFO - Filling up the DagBag from /home/airflow/.local/lib/python3.6/site-packages/airflow/example_dags/example_kubernetes_executor_config.py
[2022-04-18 14:49:43,969] {scheduler_job.py:639} INFO - DAG(s) dict_keys(['example_kubernetes_executor_config']) retrieved from /home/airflow/.local/lib/python3.6/site-packages/airflow/example_dags/example_kubernetes_executor_config.py
[2022-04-18 14:49:43,981] {logging_mixin.py:104} INFO - [2022-04-18 14:49:43,981] {dag.py:1818} INFO - Sync 1 DAGs
[2022-04-18 14:49:43,988] {logging_mixin.py:104} INFO - [2022-04-18 14:49:43,988] {dag.py:2273} INFO - Setting next_dagrun for example_kubernetes_executor_config to None
[2022-04-18 14:49:43,992] {scheduler_job.py:190} INFO - Processing /home/airflow/.local/lib/python3.6/site-packages/airflow/example_dags/example_kubernetes_executor_config.py took 0.035 seconds
[2022-04-18 14:50:14,023] {scheduler_job.py:182} INFO - Started process (PID=4024) to work on /home/airflow/.local/lib/python3.6/site-packages/airflow/example_dags/example_kubernetes_executor_config.py
[2022-04-18 14:50:14,023] {scheduler_job.py:629} INFO - Processing file /home/airflow/.local/lib/python3.6/site-packages/airflow/example_dags/example_kubernetes_executor_config.py for tasks to queue
[2022-04-18 14:50:14,024] {logging_mixin.py:104} INFO - [2022-04-18 14:50:14,024] {dagbag.py:448} INFO - Filling up the DagBag from /home/airflow/.local/lib/python3.6/site-packages/airflow/example_dags/example_kubernetes_executor_config.py
[2022-04-18 14:50:14,032] {scheduler_job.py:639} INFO - DAG(s) dict_keys(['example_kubernetes_executor_config']) retrieved from /home/airflow/.local/lib/python3.6/site-packages/airflow/example_dags/example_kubernetes_executor_config.py
[2022-04-18 14:50:14,048] {logging_mixin.py:104} INFO - [2022-04-18 14:50:14,048] {dag.py:1818} INFO - Sync 1 DAGs
[2022-04-18 14:50:14,056] {logging_mixin.py:104} INFO - [2022-04-18 14:50:14,056] {dag.py:2273} INFO - Setting next_dagrun for example_kubernetes_executor_config to None
[2022-04-18 14:50:14,060] {scheduler_job.py:190} INFO - Processing /home/airflow/.local/lib/python3.6/site-packages/airflow/example_dags/example_kubernetes_executor_config.py took 0.040 seconds
[2022-04-18 14:50:44,089] {scheduler_job.py:182} INFO - Started process (PID=4159) to work on /home/airflow/.local/lib/python3.6/site-packages/airflow/example_dags/example_kubernetes_executor_config.py
[2022-04-18 14:50:44,089] {scheduler_job.py:629} INFO - Processing file /home/airflow/.local/lib/python3.6/site-packages/airflow/example_dags/example_kubernetes_executor_config.py for tasks to queue
[2022-04-18 14:50:44,090] {logging_mixin.py:104} INFO - [2022-04-18 14:50:44,090] {dagbag.py:448} INFO - Filling up the DagBag from /home/airflow/.local/lib/python3.6/site-packages/airflow/example_dags/example_kubernetes_executor_config.py
[2022-04-18 14:50:44,099] {scheduler_job.py:639} INFO - DAG(s) dict_keys(['example_kubernetes_executor_config']) retrieved from /home/airflow/.local/lib/python3.6/site-packages/airflow/example_dags/example_kubernetes_executor_config.py
[2022-04-18 14:50:44,115] {logging_mixin.py:104} INFO - [2022-04-18 14:50:44,115] {dag.py:1818} INFO - Sync 1 DAGs
[2022-04-18 14:50:44,123] {logging_mixin.py:104} INFO - [2022-04-18 14:50:44,123] {dag.py:2273} INFO - Setting next_dagrun for example_kubernetes_executor_config to None
[2022-04-18 14:50:44,127] {scheduler_job.py:190} INFO - Processing /home/airflow/.local/lib/python3.6/site-packages/airflow/example_dags/example_kubernetes_executor_config.py took 0.040 seconds
[2022-04-18 14:51:14,806] {scheduler_job.py:182} INFO - Started process (PID=4297) to work on /home/airflow/.local/lib/python3.6/site-packages/airflow/example_dags/example_kubernetes_executor_config.py
[2022-04-18 14:51:14,807] {scheduler_job.py:629} INFO - Processing file /home/airflow/.local/lib/python3.6/site-packages/airflow/example_dags/example_kubernetes_executor_config.py for tasks to queue
[2022-04-18 14:51:14,808] {logging_mixin.py:104} INFO - [2022-04-18 14:51:14,808] {dagbag.py:448} INFO - Filling up the DagBag from /home/airflow/.local/lib/python3.6/site-packages/airflow/example_dags/example_kubernetes_executor_config.py
[2022-04-18 14:51:14,816] {scheduler_job.py:639} INFO - DAG(s) dict_keys(['example_kubernetes_executor_config']) retrieved from /home/airflow/.local/lib/python3.6/site-packages/airflow/example_dags/example_kubernetes_executor_config.py
[2022-04-18 14:51:14,830] {logging_mixin.py:104} INFO - [2022-04-18 14:51:14,830] {dag.py:1818} INFO - Sync 1 DAGs
[2022-04-18 14:51:14,838] {logging_mixin.py:104} INFO - [2022-04-18 14:51:14,838] {dag.py:2273} INFO - Setting next_dagrun for example_kubernetes_executor_config to None
[2022-04-18 14:51:14,842] {scheduler_job.py:190} INFO - Processing /home/airflow/.local/lib/python3.6/site-packages/airflow/example_dags/example_kubernetes_executor_config.py took 0.038 seconds
[2022-04-18 14:51:45,522] {scheduler_job.py:182} INFO - Started process (PID=4431) to work on /home/airflow/.local/lib/python3.6/site-packages/airflow/example_dags/example_kubernetes_executor_config.py
[2022-04-18 14:51:45,523] {scheduler_job.py:629} INFO - Processing file /home/airflow/.local/lib/python3.6/site-packages/airflow/example_dags/example_kubernetes_executor_config.py for tasks to queue
[2022-04-18 14:51:45,524] {logging_mixin.py:104} INFO - [2022-04-18 14:51:45,523] {dagbag.py:448} INFO - Filling up the DagBag from /home/airflow/.local/lib/python3.6/site-packages/airflow/example_dags/example_kubernetes_executor_config.py
[2022-04-18 14:51:45,531] {scheduler_job.py:639} INFO - DAG(s) dict_keys(['example_kubernetes_executor_config']) retrieved from /home/airflow/.local/lib/python3.6/site-packages/airflow/example_dags/example_kubernetes_executor_config.py
[2022-04-18 14:51:45,544] {logging_mixin.py:104} INFO - [2022-04-18 14:51:45,544] {dag.py:1818} INFO - Sync 1 DAGs
[2022-04-18 14:51:45,553] {logging_mixin.py:104} INFO - [2022-04-18 14:51:45,553] {dag.py:2273} INFO - Setting next_dagrun for example_kubernetes_executor_config to None
[2022-04-18 14:51:45,557] {scheduler_job.py:190} INFO - Processing /home/airflow/.local/lib/python3.6/site-packages/airflow/example_dags/example_kubernetes_executor_config.py took 0.037 seconds
[2022-04-18 14:52:16,238] {scheduler_job.py:182} INFO - Started process (PID=4569) to work on /home/airflow/.local/lib/python3.6/site-packages/airflow/example_dags/example_kubernetes_executor_config.py
[2022-04-18 14:52:16,238] {scheduler_job.py:629} INFO - Processing file /home/airflow/.local/lib/python3.6/site-packages/airflow/example_dags/example_kubernetes_executor_config.py for tasks to queue
[2022-04-18 14:52:16,239] {logging_mixin.py:104} INFO - [2022-04-18 14:52:16,239] {dagbag.py:448} INFO - Filling up the DagBag from /home/airflow/.local/lib/python3.6/site-packages/airflow/example_dags/example_kubernetes_executor_config.py
[2022-04-18 14:52:16,248] {scheduler_job.py:639} INFO - DAG(s) dict_keys(['example_kubernetes_executor_config']) retrieved from /home/airflow/.local/lib/python3.6/site-packages/airflow/example_dags/example_kubernetes_executor_config.py
[2022-04-18 14:52:16,263] {logging_mixin.py:104} INFO - [2022-04-18 14:52:16,263] {dag.py:1818} INFO - Sync 1 DAGs
[2022-04-18 14:52:16,272] {logging_mixin.py:104} INFO - [2022-04-18 14:52:16,272] {dag.py:2273} INFO - Setting next_dagrun for example_kubernetes_executor_config to None
[2022-04-18 14:52:16,276] {scheduler_job.py:190} INFO - Processing /home/airflow/.local/lib/python3.6/site-packages/airflow/example_dags/example_kubernetes_executor_config.py took 0.040 seconds
[2022-04-18 14:52:46,917] {scheduler_job.py:182} INFO - Started process (PID=4704) to work on /home/airflow/.local/lib/python3.6/site-packages/airflow/example_dags/example_kubernetes_executor_config.py
[2022-04-18 14:52:46,918] {scheduler_job.py:629} INFO - Processing file /home/airflow/.local/lib/python3.6/site-packages/airflow/example_dags/example_kubernetes_executor_config.py for tasks to queue
[2022-04-18 14:52:46,918] {logging_mixin.py:104} INFO - [2022-04-18 14:52:46,918] {dagbag.py:448} INFO - Filling up the DagBag from /home/airflow/.local/lib/python3.6/site-packages/airflow/example_dags/example_kubernetes_executor_config.py
[2022-04-18 14:52:46,927] {scheduler_job.py:639} INFO - DAG(s) dict_keys(['example_kubernetes_executor_config']) retrieved from /home/airflow/.local/lib/python3.6/site-packages/airflow/example_dags/example_kubernetes_executor_config.py
[2022-04-18 14:52:46,944] {logging_mixin.py:104} INFO - [2022-04-18 14:52:46,943] {dag.py:1818} INFO - Sync 1 DAGs
[2022-04-18 14:52:46,953] {logging_mixin.py:104} INFO - [2022-04-18 14:52:46,953] {dag.py:2273} INFO - Setting next_dagrun for example_kubernetes_executor_config to None
[2022-04-18 14:52:46,957] {scheduler_job.py:190} INFO - Processing /home/airflow/.local/lib/python3.6/site-packages/airflow/example_dags/example_kubernetes_executor_config.py took 0.042 seconds
[2022-04-18 14:53:17,579] {scheduler_job.py:182} INFO - Started process (PID=4837) to work on /home/airflow/.local/lib/python3.6/site-packages/airflow/example_dags/example_kubernetes_executor_config.py
[2022-04-18 14:53:17,580] {scheduler_job.py:629} INFO - Processing file /home/airflow/.local/lib/python3.6/site-packages/airflow/example_dags/example_kubernetes_executor_config.py for tasks to queue
[2022-04-18 14:53:17,581] {logging_mixin.py:104} INFO - [2022-04-18 14:53:17,581] {dagbag.py:448} INFO - Filling up the DagBag from /home/airflow/.local/lib/python3.6/site-packages/airflow/example_dags/example_kubernetes_executor_config.py
[2022-04-18 14:53:17,589] {scheduler_job.py:639} INFO - DAG(s) dict_keys(['example_kubernetes_executor_config']) retrieved from /home/airflow/.local/lib/python3.6/site-packages/airflow/example_dags/example_kubernetes_executor_config.py
[2022-04-18 14:53:17,603] {logging_mixin.py:104} INFO - [2022-04-18 14:53:17,603] {dag.py:1818} INFO - Sync 1 DAGs
[2022-04-18 14:53:17,613] {logging_mixin.py:104} INFO - [2022-04-18 14:53:17,613] {dag.py:2273} INFO - Setting next_dagrun for example_kubernetes_executor_config to None
[2022-04-18 14:53:17,617] {scheduler_job.py:190} INFO - Processing /home/airflow/.local/lib/python3.6/site-packages/airflow/example_dags/example_kubernetes_executor_config.py took 0.040 seconds
[2022-04-18 14:53:48,292] {scheduler_job.py:182} INFO - Started process (PID=4971) to work on /home/airflow/.local/lib/python3.6/site-packages/airflow/example_dags/example_kubernetes_executor_config.py
[2022-04-18 14:53:48,293] {scheduler_job.py:629} INFO - Processing file /home/airflow/.local/lib/python3.6/site-packages/airflow/example_dags/example_kubernetes_executor_config.py for tasks to queue
[2022-04-18 14:53:48,294] {logging_mixin.py:104} INFO - [2022-04-18 14:53:48,294] {dagbag.py:448} INFO - Filling up the DagBag from /home/airflow/.local/lib/python3.6/site-packages/airflow/example_dags/example_kubernetes_executor_config.py
[2022-04-18 14:53:48,303] {scheduler_job.py:639} INFO - DAG(s) dict_keys(['example_kubernetes_executor_config']) retrieved from /home/airflow/.local/lib/python3.6/site-packages/airflow/example_dags/example_kubernetes_executor_config.py
[2022-04-18 14:53:48,318] {logging_mixin.py:104} INFO - [2022-04-18 14:53:48,318] {dag.py:1818} INFO - Sync 1 DAGs
[2022-04-18 14:53:48,327] {logging_mixin.py:104} INFO - [2022-04-18 14:53:48,327] {dag.py:2273} INFO - Setting next_dagrun for example_kubernetes_executor_config to None
[2022-04-18 14:53:48,331] {scheduler_job.py:190} INFO - Processing /home/airflow/.local/lib/python3.6/site-packages/airflow/example_dags/example_kubernetes_executor_config.py took 0.041 seconds
[2022-04-18 14:54:19,017] {scheduler_job.py:182} INFO - Started process (PID=5107) to work on /home/airflow/.local/lib/python3.6/site-packages/airflow/example_dags/example_kubernetes_executor_config.py
[2022-04-18 14:54:19,017] {scheduler_job.py:629} INFO - Processing file /home/airflow/.local/lib/python3.6/site-packages/airflow/example_dags/example_kubernetes_executor_config.py for tasks to queue
[2022-04-18 14:54:19,018] {logging_mixin.py:104} INFO - [2022-04-18 14:54:19,018] {dagbag.py:448} INFO - Filling up the DagBag from /home/airflow/.local/lib/python3.6/site-packages/airflow/example_dags/example_kubernetes_executor_config.py
[2022-04-18 14:54:19,027] {scheduler_job.py:639} INFO - DAG(s) dict_keys(['example_kubernetes_executor_config']) retrieved from /home/airflow/.local/lib/python3.6/site-packages/airflow/example_dags/example_kubernetes_executor_config.py
[2022-04-18 14:54:19,044] {logging_mixin.py:104} INFO - [2022-04-18 14:54:19,044] {dag.py:1818} INFO - Sync 1 DAGs
[2022-04-18 14:54:19,052] {logging_mixin.py:104} INFO - [2022-04-18 14:54:19,052] {dag.py:2273} INFO - Setting next_dagrun for example_kubernetes_executor_config to None
[2022-04-18 14:54:19,056] {scheduler_job.py:190} INFO - Processing /home/airflow/.local/lib/python3.6/site-packages/airflow/example_dags/example_kubernetes_executor_config.py took 0.041 seconds
[2022-04-18 14:54:49,680] {scheduler_job.py:182} INFO - Started process (PID=5242) to work on /home/airflow/.local/lib/python3.6/site-packages/airflow/example_dags/example_kubernetes_executor_config.py
[2022-04-18 14:54:49,681] {scheduler_job.py:629} INFO - Processing file /home/airflow/.local/lib/python3.6/site-packages/airflow/example_dags/example_kubernetes_executor_config.py for tasks to queue
[2022-04-18 14:54:49,681] {logging_mixin.py:104} INFO - [2022-04-18 14:54:49,681] {dagbag.py:448} INFO - Filling up the DagBag from /home/airflow/.local/lib/python3.6/site-packages/airflow/example_dags/example_kubernetes_executor_config.py
[2022-04-18 14:54:49,691] {scheduler_job.py:639} INFO - DAG(s) dict_keys(['example_kubernetes_executor_config']) retrieved from /home/airflow/.local/lib/python3.6/site-packages/airflow/example_dags/example_kubernetes_executor_config.py
[2022-04-18 14:54:49,706] {logging_mixin.py:104} INFO - [2022-04-18 14:54:49,706] {dag.py:1818} INFO - Sync 1 DAGs
[2022-04-18 14:54:49,713] {logging_mixin.py:104} INFO - [2022-04-18 14:54:49,713] {dag.py:2273} INFO - Setting next_dagrun for example_kubernetes_executor_config to None
[2022-04-18 14:54:49,717] {scheduler_job.py:190} INFO - Processing /home/airflow/.local/lib/python3.6/site-packages/airflow/example_dags/example_kubernetes_executor_config.py took 0.039 seconds
[2022-04-18 14:55:20,443] {scheduler_job.py:182} INFO - Started process (PID=5379) to work on /home/airflow/.local/lib/python3.6/site-packages/airflow/example_dags/example_kubernetes_executor_config.py
[2022-04-18 14:55:20,443] {scheduler_job.py:629} INFO - Processing file /home/airflow/.local/lib/python3.6/site-packages/airflow/example_dags/example_kubernetes_executor_config.py for tasks to queue
[2022-04-18 14:55:20,444] {logging_mixin.py:104} INFO - [2022-04-18 14:55:20,444] {dagbag.py:448} INFO - Filling up the DagBag from /home/airflow/.local/lib/python3.6/site-packages/airflow/example_dags/example_kubernetes_executor_config.py
[2022-04-18 14:55:20,453] {scheduler_job.py:639} INFO - DAG(s) dict_keys(['example_kubernetes_executor_config']) retrieved from /home/airflow/.local/lib/python3.6/site-packages/airflow/example_dags/example_kubernetes_executor_config.py
[2022-04-18 14:55:20,469] {logging_mixin.py:104} INFO - [2022-04-18 14:55:20,468] {dag.py:1818} INFO - Sync 1 DAGs
[2022-04-18 14:55:20,477] {logging_mixin.py:104} INFO - [2022-04-18 14:55:20,477] {dag.py:2273} INFO - Setting next_dagrun for example_kubernetes_executor_config to None
[2022-04-18 14:55:20,480] {scheduler_job.py:190} INFO - Processing /home/airflow/.local/lib/python3.6/site-packages/airflow/example_dags/example_kubernetes_executor_config.py took 0.040 seconds
[2022-04-18 14:55:51,123] {scheduler_job.py:182} INFO - Started process (PID=5514) to work on /home/airflow/.local/lib/python3.6/site-packages/airflow/example_dags/example_kubernetes_executor_config.py
[2022-04-18 14:55:51,124] {scheduler_job.py:629} INFO - Processing file /home/airflow/.local/lib/python3.6/site-packages/airflow/example_dags/example_kubernetes_executor_config.py for tasks to queue
[2022-04-18 14:55:51,125] {logging_mixin.py:104} INFO - [2022-04-18 14:55:51,124] {dagbag.py:448} INFO - Filling up the DagBag from /home/airflow/.local/lib/python3.6/site-packages/airflow/example_dags/example_kubernetes_executor_config.py
[2022-04-18 14:55:51,132] {scheduler_job.py:639} INFO - DAG(s) dict_keys(['example_kubernetes_executor_config']) retrieved from /home/airflow/.local/lib/python3.6/site-packages/airflow/example_dags/example_kubernetes_executor_config.py
[2022-04-18 14:55:51,150] {logging_mixin.py:104} INFO - [2022-04-18 14:55:51,150] {dag.py:1818} INFO - Sync 1 DAGs
[2022-04-18 14:55:51,157] {logging_mixin.py:104} INFO - [2022-04-18 14:55:51,157] {dag.py:2273} INFO - Setting next_dagrun for example_kubernetes_executor_config to None
[2022-04-18 14:55:51,161] {scheduler_job.py:190} INFO - Processing /home/airflow/.local/lib/python3.6/site-packages/airflow/example_dags/example_kubernetes_executor_config.py took 0.039 seconds
[2022-04-18 14:56:21,804] {scheduler_job.py:182} INFO - Started process (PID=5647) to work on /home/airflow/.local/lib/python3.6/site-packages/airflow/example_dags/example_kubernetes_executor_config.py
[2022-04-18 14:56:21,805] {scheduler_job.py:629} INFO - Processing file /home/airflow/.local/lib/python3.6/site-packages/airflow/example_dags/example_kubernetes_executor_config.py for tasks to queue
[2022-04-18 14:56:21,805] {logging_mixin.py:104} INFO - [2022-04-18 14:56:21,805] {dagbag.py:448} INFO - Filling up the DagBag from /home/airflow/.local/lib/python3.6/site-packages/airflow/example_dags/example_kubernetes_executor_config.py
[2022-04-18 14:56:21,814] {scheduler_job.py:639} INFO - DAG(s) dict_keys(['example_kubernetes_executor_config']) retrieved from /home/airflow/.local/lib/python3.6/site-packages/airflow/example_dags/example_kubernetes_executor_config.py
[2022-04-18 14:56:21,830] {logging_mixin.py:104} INFO - [2022-04-18 14:56:21,830] {dag.py:1818} INFO - Sync 1 DAGs
[2022-04-18 14:56:21,837] {logging_mixin.py:104} INFO - [2022-04-18 14:56:21,837] {dag.py:2273} INFO - Setting next_dagrun for example_kubernetes_executor_config to None
[2022-04-18 14:56:21,841] {scheduler_job.py:190} INFO - Processing /home/airflow/.local/lib/python3.6/site-packages/airflow/example_dags/example_kubernetes_executor_config.py took 0.040 seconds
[2022-04-18 14:56:52,472] {scheduler_job.py:182} INFO - Started process (PID=5782) to work on /home/airflow/.local/lib/python3.6/site-packages/airflow/example_dags/example_kubernetes_executor_config.py
[2022-04-18 14:56:52,472] {scheduler_job.py:629} INFO - Processing file /home/airflow/.local/lib/python3.6/site-packages/airflow/example_dags/example_kubernetes_executor_config.py for tasks to queue
[2022-04-18 14:56:52,473] {logging_mixin.py:104} INFO - [2022-04-18 14:56:52,473] {dagbag.py:448} INFO - Filling up the DagBag from /home/airflow/.local/lib/python3.6/site-packages/airflow/example_dags/example_kubernetes_executor_config.py
[2022-04-18 14:56:52,481] {scheduler_job.py:639} INFO - DAG(s) dict_keys(['example_kubernetes_executor_config']) retrieved from /home/airflow/.local/lib/python3.6/site-packages/airflow/example_dags/example_kubernetes_executor_config.py
[2022-04-18 14:56:52,494] {logging_mixin.py:104} INFO - [2022-04-18 14:56:52,494] {dag.py:1818} INFO - Sync 1 DAGs
[2022-04-18 14:56:52,502] {logging_mixin.py:104} INFO - [2022-04-18 14:56:52,502] {dag.py:2273} INFO - Setting next_dagrun for example_kubernetes_executor_config to None
[2022-04-18 14:56:52,506] {scheduler_job.py:190} INFO - Processing /home/airflow/.local/lib/python3.6/site-packages/airflow/example_dags/example_kubernetes_executor_config.py took 0.036 seconds
[2022-04-18 14:57:23,219] {scheduler_job.py:182} INFO - Started process (PID=5917) to work on /home/airflow/.local/lib/python3.6/site-packages/airflow/example_dags/example_kubernetes_executor_config.py
[2022-04-18 14:57:23,220] {scheduler_job.py:629} INFO - Processing file /home/airflow/.local/lib/python3.6/site-packages/airflow/example_dags/example_kubernetes_executor_config.py for tasks to queue
[2022-04-18 14:57:23,221] {logging_mixin.py:104} INFO - [2022-04-18 14:57:23,220] {dagbag.py:448} INFO - Filling up the DagBag from /home/airflow/.local/lib/python3.6/site-packages/airflow/example_dags/example_kubernetes_executor_config.py
[2022-04-18 14:57:23,230] {scheduler_job.py:639} INFO - DAG(s) dict_keys(['example_kubernetes_executor_config']) retrieved from /home/airflow/.local/lib/python3.6/site-packages/airflow/example_dags/example_kubernetes_executor_config.py
[2022-04-18 14:57:23,246] {logging_mixin.py:104} INFO - [2022-04-18 14:57:23,246] {dag.py:1818} INFO - Sync 1 DAGs
[2022-04-18 14:57:23,253] {logging_mixin.py:104} INFO - [2022-04-18 14:57:23,253] {dag.py:2273} INFO - Setting next_dagrun for example_kubernetes_executor_config to None
[2022-04-18 14:57:23,257] {scheduler_job.py:190} INFO - Processing /home/airflow/.local/lib/python3.6/site-packages/airflow/example_dags/example_kubernetes_executor_config.py took 0.039 seconds
[2022-04-18 14:57:53,925] {scheduler_job.py:182} INFO - Started process (PID=6052) to work on /home/airflow/.local/lib/python3.6/site-packages/airflow/example_dags/example_kubernetes_executor_config.py
[2022-04-18 14:57:53,926] {scheduler_job.py:629} INFO - Processing file /home/airflow/.local/lib/python3.6/site-packages/airflow/example_dags/example_kubernetes_executor_config.py for tasks to queue
[2022-04-18 14:57:53,927] {logging_mixin.py:104} INFO - [2022-04-18 14:57:53,927] {dagbag.py:448} INFO - Filling up the DagBag from /home/airflow/.local/lib/python3.6/site-packages/airflow/example_dags/example_kubernetes_executor_config.py
[2022-04-18 14:57:53,934] {scheduler_job.py:639} INFO - DAG(s) dict_keys(['example_kubernetes_executor_config']) retrieved from /home/airflow/.local/lib/python3.6/site-packages/airflow/example_dags/example_kubernetes_executor_config.py
[2022-04-18 14:57:53,950] {logging_mixin.py:104} INFO - [2022-04-18 14:57:53,950] {dag.py:1818} INFO - Sync 1 DAGs
[2022-04-18 14:57:53,959] {logging_mixin.py:104} INFO - [2022-04-18 14:57:53,959] {dag.py:2273} INFO - Setting next_dagrun for example_kubernetes_executor_config to None
[2022-04-18 14:57:53,963] {scheduler_job.py:190} INFO - Processing /home/airflow/.local/lib/python3.6/site-packages/airflow/example_dags/example_kubernetes_executor_config.py took 0.040 seconds
[2022-04-18 14:58:24,664] {scheduler_job.py:182} INFO - Started process (PID=6189) to work on /home/airflow/.local/lib/python3.6/site-packages/airflow/example_dags/example_kubernetes_executor_config.py
[2022-04-18 14:58:24,665] {scheduler_job.py:629} INFO - Processing file /home/airflow/.local/lib/python3.6/site-packages/airflow/example_dags/example_kubernetes_executor_config.py for tasks to queue
[2022-04-18 14:58:24,665] {logging_mixin.py:104} INFO - [2022-04-18 14:58:24,665] {dagbag.py:448} INFO - Filling up the DagBag from /home/airflow/.local/lib/python3.6/site-packages/airflow/example_dags/example_kubernetes_executor_config.py
[2022-04-18 14:58:24,674] {scheduler_job.py:639} INFO - DAG(s) dict_keys(['example_kubernetes_executor_config']) retrieved from /home/airflow/.local/lib/python3.6/site-packages/airflow/example_dags/example_kubernetes_executor_config.py
[2022-04-18 14:58:24,690] {logging_mixin.py:104} INFO - [2022-04-18 14:58:24,690] {dag.py:1818} INFO - Sync 1 DAGs
[2022-04-18 14:58:24,697] {logging_mixin.py:104} INFO - [2022-04-18 14:58:24,697] {dag.py:2273} INFO - Setting next_dagrun for example_kubernetes_executor_config to None
[2022-04-18 14:58:24,701] {scheduler_job.py:190} INFO - Processing /home/airflow/.local/lib/python3.6/site-packages/airflow/example_dags/example_kubernetes_executor_config.py took 0.039 seconds
[2022-04-18 14:58:55,313] {scheduler_job.py:182} INFO - Started process (PID=6322) to work on /home/airflow/.local/lib/python3.6/site-packages/airflow/example_dags/example_kubernetes_executor_config.py
[2022-04-18 14:58:55,314] {scheduler_job.py:629} INFO - Processing file /home/airflow/.local/lib/python3.6/site-packages/airflow/example_dags/example_kubernetes_executor_config.py for tasks to queue
[2022-04-18 14:58:55,314] {logging_mixin.py:104} INFO - [2022-04-18 14:58:55,314] {dagbag.py:448} INFO - Filling up the DagBag from /home/airflow/.local/lib/python3.6/site-packages/airflow/example_dags/example_kubernetes_executor_config.py
[2022-04-18 14:58:55,322] {scheduler_job.py:639} INFO - DAG(s) dict_keys(['example_kubernetes_executor_config']) retrieved from /home/airflow/.local/lib/python3.6/site-packages/airflow/example_dags/example_kubernetes_executor_config.py
[2022-04-18 14:58:55,338] {logging_mixin.py:104} INFO - [2022-04-18 14:58:55,338] {dag.py:1818} INFO - Sync 1 DAGs
[2022-04-18 14:58:55,345] {logging_mixin.py:104} INFO - [2022-04-18 14:58:55,345] {dag.py:2273} INFO - Setting next_dagrun for example_kubernetes_executor_config to None
[2022-04-18 14:58:55,349] {scheduler_job.py:190} INFO - Processing /home/airflow/.local/lib/python3.6/site-packages/airflow/example_dags/example_kubernetes_executor_config.py took 0.037 seconds
[2022-04-18 14:59:25,994] {scheduler_job.py:182} INFO - Started process (PID=6457) to work on /home/airflow/.local/lib/python3.6/site-packages/airflow/example_dags/example_kubernetes_executor_config.py
[2022-04-18 14:59:25,995] {scheduler_job.py:629} INFO - Processing file /home/airflow/.local/lib/python3.6/site-packages/airflow/example_dags/example_kubernetes_executor_config.py for tasks to queue
[2022-04-18 14:59:25,995] {logging_mixin.py:104} INFO - [2022-04-18 14:59:25,995] {dagbag.py:448} INFO - Filling up the DagBag from /home/airflow/.local/lib/python3.6/site-packages/airflow/example_dags/example_kubernetes_executor_config.py
[2022-04-18 14:59:26,004] {scheduler_job.py:639} INFO - DAG(s) dict_keys(['example_kubernetes_executor_config']) retrieved from /home/airflow/.local/lib/python3.6/site-packages/airflow/example_dags/example_kubernetes_executor_config.py
[2022-04-18 14:59:26,020] {logging_mixin.py:104} INFO - [2022-04-18 14:59:26,019] {dag.py:1818} INFO - Sync 1 DAGs
[2022-04-18 14:59:26,028] {logging_mixin.py:104} INFO - [2022-04-18 14:59:26,028] {dag.py:2273} INFO - Setting next_dagrun for example_kubernetes_executor_config to None
[2022-04-18 14:59:26,032] {scheduler_job.py:190} INFO - Processing /home/airflow/.local/lib/python3.6/site-packages/airflow/example_dags/example_kubernetes_executor_config.py took 0.041 seconds
[2022-04-18 14:59:56,663] {scheduler_job.py:182} INFO - Started process (PID=6592) to work on /home/airflow/.local/lib/python3.6/site-packages/airflow/example_dags/example_kubernetes_executor_config.py
[2022-04-18 14:59:56,663] {scheduler_job.py:629} INFO - Processing file /home/airflow/.local/lib/python3.6/site-packages/airflow/example_dags/example_kubernetes_executor_config.py for tasks to queue
[2022-04-18 14:59:56,664] {logging_mixin.py:104} INFO - [2022-04-18 14:59:56,664] {dagbag.py:448} INFO - Filling up the DagBag from /home/airflow/.local/lib/python3.6/site-packages/airflow/example_dags/example_kubernetes_executor_config.py
[2022-04-18 14:59:56,672] {scheduler_job.py:639} INFO - DAG(s) dict_keys(['example_kubernetes_executor_config']) retrieved from /home/airflow/.local/lib/python3.6/site-packages/airflow/example_dags/example_kubernetes_executor_config.py
[2022-04-18 14:59:56,687] {logging_mixin.py:104} INFO - [2022-04-18 14:59:56,687] {dag.py:1818} INFO - Sync 1 DAGs
[2022-04-18 14:59:56,696] {logging_mixin.py:104} INFO - [2022-04-18 14:59:56,696] {dag.py:2273} INFO - Setting next_dagrun for example_kubernetes_executor_config to None
[2022-04-18 14:59:56,699] {scheduler_job.py:190} INFO - Processing /home/airflow/.local/lib/python3.6/site-packages/airflow/example_dags/example_kubernetes_executor_config.py took 0.039 seconds
[2022-04-18 15:00:27,363] {scheduler_job.py:182} INFO - Started process (PID=6727) to work on /home/airflow/.local/lib/python3.6/site-packages/airflow/example_dags/example_kubernetes_executor_config.py
[2022-04-18 15:00:27,364] {scheduler_job.py:629} INFO - Processing file /home/airflow/.local/lib/python3.6/site-packages/airflow/example_dags/example_kubernetes_executor_config.py for tasks to queue
[2022-04-18 15:00:27,364] {logging_mixin.py:104} INFO - [2022-04-18 15:00:27,364] {dagbag.py:448} INFO - Filling up the DagBag from /home/airflow/.local/lib/python3.6/site-packages/airflow/example_dags/example_kubernetes_executor_config.py
[2022-04-18 15:00:27,373] {scheduler_job.py:639} INFO - DAG(s) dict_keys(['example_kubernetes_executor_config']) retrieved from /home/airflow/.local/lib/python3.6/site-packages/airflow/example_dags/example_kubernetes_executor_config.py
[2022-04-18 15:00:27,388] {logging_mixin.py:104} INFO - [2022-04-18 15:00:27,388] {dag.py:1818} INFO - Sync 1 DAGs
[2022-04-18 15:00:27,397] {logging_mixin.py:104} INFO - [2022-04-18 15:00:27,397] {dag.py:2273} INFO - Setting next_dagrun for example_kubernetes_executor_config to None
[2022-04-18 15:00:27,401] {scheduler_job.py:190} INFO - Processing /home/airflow/.local/lib/python3.6/site-packages/airflow/example_dags/example_kubernetes_executor_config.py took 0.040 seconds
[2022-04-18 15:00:58,028] {scheduler_job.py:182} INFO - Started process (PID=6862) to work on /home/airflow/.local/lib/python3.6/site-packages/airflow/example_dags/example_kubernetes_executor_config.py
[2022-04-18 15:00:58,029] {scheduler_job.py:629} INFO - Processing file /home/airflow/.local/lib/python3.6/site-packages/airflow/example_dags/example_kubernetes_executor_config.py for tasks to queue
[2022-04-18 15:00:58,030] {logging_mixin.py:104} INFO - [2022-04-18 15:00:58,029] {dagbag.py:448} INFO - Filling up the DagBag from /home/airflow/.local/lib/python3.6/site-packages/airflow/example_dags/example_kubernetes_executor_config.py
[2022-04-18 15:00:58,037] {scheduler_job.py:639} INFO - DAG(s) dict_keys(['example_kubernetes_executor_config']) retrieved from /home/airflow/.local/lib/python3.6/site-packages/airflow/example_dags/example_kubernetes_executor_config.py
[2022-04-18 15:00:58,048] {logging_mixin.py:104} INFO - [2022-04-18 15:00:58,047] {dag.py:1818} INFO - Sync 1 DAGs
[2022-04-18 15:00:58,054] {logging_mixin.py:104} INFO - [2022-04-18 15:00:58,054] {dag.py:2273} INFO - Setting next_dagrun for example_kubernetes_executor_config to None
[2022-04-18 15:00:58,058] {scheduler_job.py:190} INFO - Processing /home/airflow/.local/lib/python3.6/site-packages/airflow/example_dags/example_kubernetes_executor_config.py took 0.032 seconds
[2022-04-18 15:01:28,738] {scheduler_job.py:182} INFO - Started process (PID=6999) to work on /home/airflow/.local/lib/python3.6/site-packages/airflow/example_dags/example_kubernetes_executor_config.py
[2022-04-18 15:01:28,739] {scheduler_job.py:629} INFO - Processing file /home/airflow/.local/lib/python3.6/site-packages/airflow/example_dags/example_kubernetes_executor_config.py for tasks to queue
[2022-04-18 15:01:28,739] {logging_mixin.py:104} INFO - [2022-04-18 15:01:28,739] {dagbag.py:448} INFO - Filling up the DagBag from /home/airflow/.local/lib/python3.6/site-packages/airflow/example_dags/example_kubernetes_executor_config.py
[2022-04-18 15:01:28,746] {scheduler_job.py:639} INFO - DAG(s) dict_keys(['example_kubernetes_executor_config']) retrieved from /home/airflow/.local/lib/python3.6/site-packages/airflow/example_dags/example_kubernetes_executor_config.py
[2022-04-18 15:01:28,764] {logging_mixin.py:104} INFO - [2022-04-18 15:01:28,764] {dag.py:1818} INFO - Sync 1 DAGs
[2022-04-18 15:01:28,772] {logging_mixin.py:104} INFO - [2022-04-18 15:01:28,772] {dag.py:2273} INFO - Setting next_dagrun for example_kubernetes_executor_config to None
[2022-04-18 15:01:28,776] {scheduler_job.py:190} INFO - Processing /home/airflow/.local/lib/python3.6/site-packages/airflow/example_dags/example_kubernetes_executor_config.py took 0.040 seconds
[2022-04-18 15:01:59,463] {scheduler_job.py:182} INFO - Started process (PID=7132) to work on /home/airflow/.local/lib/python3.6/site-packages/airflow/example_dags/example_kubernetes_executor_config.py
[2022-04-18 15:01:59,464] {scheduler_job.py:629} INFO - Processing file /home/airflow/.local/lib/python3.6/site-packages/airflow/example_dags/example_kubernetes_executor_config.py for tasks to queue
[2022-04-18 15:01:59,465] {logging_mixin.py:104} INFO - [2022-04-18 15:01:59,465] {dagbag.py:448} INFO - Filling up the DagBag from /home/airflow/.local/lib/python3.6/site-packages/airflow/example_dags/example_kubernetes_executor_config.py
[2022-04-18 15:01:59,474] {scheduler_job.py:639} INFO - DAG(s) dict_keys(['example_kubernetes_executor_config']) retrieved from /home/airflow/.local/lib/python3.6/site-packages/airflow/example_dags/example_kubernetes_executor_config.py
[2022-04-18 15:01:59,487] {logging_mixin.py:104} INFO - [2022-04-18 15:01:59,486] {dag.py:1818} INFO - Sync 1 DAGs
[2022-04-18 15:01:59,496] {logging_mixin.py:104} INFO - [2022-04-18 15:01:59,496] {dag.py:2273} INFO - Setting next_dagrun for example_kubernetes_executor_config to None
[2022-04-18 15:01:59,500] {scheduler_job.py:190} INFO - Processing /home/airflow/.local/lib/python3.6/site-packages/airflow/example_dags/example_kubernetes_executor_config.py took 0.039 seconds
[2022-04-18 15:02:30,163] {scheduler_job.py:182} INFO - Started process (PID=7267) to work on /home/airflow/.local/lib/python3.6/site-packages/airflow/example_dags/example_kubernetes_executor_config.py
[2022-04-18 15:02:30,164] {scheduler_job.py:629} INFO - Processing file /home/airflow/.local/lib/python3.6/site-packages/airflow/example_dags/example_kubernetes_executor_config.py for tasks to queue
[2022-04-18 15:02:30,164] {logging_mixin.py:104} INFO - [2022-04-18 15:02:30,164] {dagbag.py:448} INFO - Filling up the DagBag from /home/airflow/.local/lib/python3.6/site-packages/airflow/example_dags/example_kubernetes_executor_config.py
[2022-04-18 15:02:30,173] {scheduler_job.py:639} INFO - DAG(s) dict_keys(['example_kubernetes_executor_config']) retrieved from /home/airflow/.local/lib/python3.6/site-packages/airflow/example_dags/example_kubernetes_executor_config.py
[2022-04-18 15:02:30,187] {logging_mixin.py:104} INFO - [2022-04-18 15:02:30,187] {dag.py:1818} INFO - Sync 1 DAGs
[2022-04-18 15:02:30,196] {logging_mixin.py:104} INFO - [2022-04-18 15:02:30,196] {dag.py:2273} INFO - Setting next_dagrun for example_kubernetes_executor_config to None
[2022-04-18 15:02:30,200] {scheduler_job.py:190} INFO - Processing /home/airflow/.local/lib/python3.6/site-packages/airflow/example_dags/example_kubernetes_executor_config.py took 0.038 seconds
[2022-04-18 15:03:00,855] {scheduler_job.py:182} INFO - Started process (PID=7402) to work on /home/airflow/.local/lib/python3.6/site-packages/airflow/example_dags/example_kubernetes_executor_config.py
[2022-04-18 15:03:00,855] {scheduler_job.py:629} INFO - Processing file /home/airflow/.local/lib/python3.6/site-packages/airflow/example_dags/example_kubernetes_executor_config.py for tasks to queue
[2022-04-18 15:03:00,856] {logging_mixin.py:104} INFO - [2022-04-18 15:03:00,856] {dagbag.py:448} INFO - Filling up the DagBag from /home/airflow/.local/lib/python3.6/site-packages/airflow/example_dags/example_kubernetes_executor_config.py
[2022-04-18 15:03:00,863] {scheduler_job.py:639} INFO - DAG(s) dict_keys(['example_kubernetes_executor_config']) retrieved from /home/airflow/.local/lib/python3.6/site-packages/airflow/example_dags/example_kubernetes_executor_config.py
[2022-04-18 15:03:00,880] {logging_mixin.py:104} INFO - [2022-04-18 15:03:00,880] {dag.py:1818} INFO - Sync 1 DAGs
[2022-04-18 15:03:00,887] {logging_mixin.py:104} INFO - [2022-04-18 15:03:00,887] {dag.py:2273} INFO - Setting next_dagrun for example_kubernetes_executor_config to None
[2022-04-18 15:03:00,891] {scheduler_job.py:190} INFO - Processing /home/airflow/.local/lib/python3.6/site-packages/airflow/example_dags/example_kubernetes_executor_config.py took 0.039 seconds
[2022-04-18 15:03:31,525] {scheduler_job.py:182} INFO - Started process (PID=7537) to work on /home/airflow/.local/lib/python3.6/site-packages/airflow/example_dags/example_kubernetes_executor_config.py
[2022-04-18 15:03:31,526] {scheduler_job.py:629} INFO - Processing file /home/airflow/.local/lib/python3.6/site-packages/airflow/example_dags/example_kubernetes_executor_config.py for tasks to queue
[2022-04-18 15:03:31,526] {logging_mixin.py:104} INFO - [2022-04-18 15:03:31,526] {dagbag.py:448} INFO - Filling up the DagBag from /home/airflow/.local/lib/python3.6/site-packages/airflow/example_dags/example_kubernetes_executor_config.py
[2022-04-18 15:03:31,534] {scheduler_job.py:639} INFO - DAG(s) dict_keys(['example_kubernetes_executor_config']) retrieved from /home/airflow/.local/lib/python3.6/site-packages/airflow/example_dags/example_kubernetes_executor_config.py
[2022-04-18 15:03:31,548] {logging_mixin.py:104} INFO - [2022-04-18 15:03:31,548] {dag.py:1818} INFO - Sync 1 DAGs
[2022-04-18 15:03:31,555] {logging_mixin.py:104} INFO - [2022-04-18 15:03:31,555] {dag.py:2273} INFO - Setting next_dagrun for example_kubernetes_executor_config to None
[2022-04-18 15:03:31,559] {scheduler_job.py:190} INFO - Processing /home/airflow/.local/lib/python3.6/site-packages/airflow/example_dags/example_kubernetes_executor_config.py took 0.036 seconds
[2022-04-18 15:04:02,203] {scheduler_job.py:182} INFO - Started process (PID=7672) to work on /home/airflow/.local/lib/python3.6/site-packages/airflow/example_dags/example_kubernetes_executor_config.py
[2022-04-18 15:04:02,204] {scheduler_job.py:629} INFO - Processing file /home/airflow/.local/lib/python3.6/site-packages/airflow/example_dags/example_kubernetes_executor_config.py for tasks to queue
[2022-04-18 15:04:02,204] {logging_mixin.py:104} INFO - [2022-04-18 15:04:02,204] {dagbag.py:448} INFO - Filling up the DagBag from /home/airflow/.local/lib/python3.6/site-packages/airflow/example_dags/example_kubernetes_executor_config.py
[2022-04-18 15:04:02,213] {scheduler_job.py:639} INFO - DAG(s) dict_keys(['example_kubernetes_executor_config']) retrieved from /home/airflow/.local/lib/python3.6/site-packages/airflow/example_dags/example_kubernetes_executor_config.py
[2022-04-18 15:04:02,229] {logging_mixin.py:104} INFO - [2022-04-18 15:04:02,229] {dag.py:1818} INFO - Sync 1 DAGs
[2022-04-18 15:04:02,236] {logging_mixin.py:104} INFO - [2022-04-18 15:04:02,236] {dag.py:2273} INFO - Setting next_dagrun for example_kubernetes_executor_config to None
[2022-04-18 15:04:02,240] {scheduler_job.py:190} INFO - Processing /home/airflow/.local/lib/python3.6/site-packages/airflow/example_dags/example_kubernetes_executor_config.py took 0.040 seconds
[2022-04-18 15:04:32,934] {scheduler_job.py:182} INFO - Started process (PID=7807) to work on /home/airflow/.local/lib/python3.6/site-packages/airflow/example_dags/example_kubernetes_executor_config.py
[2022-04-18 15:04:32,935] {scheduler_job.py:629} INFO - Processing file /home/airflow/.local/lib/python3.6/site-packages/airflow/example_dags/example_kubernetes_executor_config.py for tasks to queue
[2022-04-18 15:04:32,936] {logging_mixin.py:104} INFO - [2022-04-18 15:04:32,935] {dagbag.py:448} INFO - Filling up the DagBag from /home/airflow/.local/lib/python3.6/site-packages/airflow/example_dags/example_kubernetes_executor_config.py
[2022-04-18 15:04:32,945] {scheduler_job.py:639} INFO - DAG(s) dict_keys(['example_kubernetes_executor_config']) retrieved from /home/airflow/.local/lib/python3.6/site-packages/airflow/example_dags/example_kubernetes_executor_config.py
[2022-04-18 15:04:32,960] {logging_mixin.py:104} INFO - [2022-04-18 15:04:32,960] {dag.py:1818} INFO - Sync 1 DAGs
[2022-04-18 15:04:32,969] {logging_mixin.py:104} INFO - [2022-04-18 15:04:32,969] {dag.py:2273} INFO - Setting next_dagrun for example_kubernetes_executor_config to None
[2022-04-18 15:04:32,973] {scheduler_job.py:190} INFO - Processing /home/airflow/.local/lib/python3.6/site-packages/airflow/example_dags/example_kubernetes_executor_config.py took 0.040 seconds
[2022-04-18 15:05:03,619] {scheduler_job.py:182} INFO - Started process (PID=7944) to work on /home/airflow/.local/lib/python3.6/site-packages/airflow/example_dags/example_kubernetes_executor_config.py
[2022-04-18 15:05:03,620] {scheduler_job.py:629} INFO - Processing file /home/airflow/.local/lib/python3.6/site-packages/airflow/example_dags/example_kubernetes_executor_config.py for tasks to queue
[2022-04-18 15:05:03,621] {logging_mixin.py:104} INFO - [2022-04-18 15:05:03,621] {dagbag.py:448} INFO - Filling up the DagBag from /home/airflow/.local/lib/python3.6/site-packages/airflow/example_dags/example_kubernetes_executor_config.py
[2022-04-18 15:05:03,627] {scheduler_job.py:639} INFO - DAG(s) dict_keys(['example_kubernetes_executor_config']) retrieved from /home/airflow/.local/lib/python3.6/site-packages/airflow/example_dags/example_kubernetes_executor_config.py
[2022-04-18 15:05:03,645] {logging_mixin.py:104} INFO - [2022-04-18 15:05:03,645] {dag.py:1818} INFO - Sync 1 DAGs
[2022-04-18 15:05:03,652] {logging_mixin.py:104} INFO - [2022-04-18 15:05:03,652] {dag.py:2273} INFO - Setting next_dagrun for example_kubernetes_executor_config to None
[2022-04-18 15:05:03,656] {scheduler_job.py:190} INFO - Processing /home/airflow/.local/lib/python3.6/site-packages/airflow/example_dags/example_kubernetes_executor_config.py took 0.039 seconds
[2022-04-18 15:05:34,298] {scheduler_job.py:182} INFO - Started process (PID=8077) to work on /home/airflow/.local/lib/python3.6/site-packages/airflow/example_dags/example_kubernetes_executor_config.py
[2022-04-18 15:05:34,298] {scheduler_job.py:629} INFO - Processing file /home/airflow/.local/lib/python3.6/site-packages/airflow/example_dags/example_kubernetes_executor_config.py for tasks to queue
[2022-04-18 15:05:34,298] {logging_mixin.py:104} INFO - [2022-04-18 15:05:34,298] {dagbag.py:448} INFO - Filling up the DagBag from /home/airflow/.local/lib/python3.6/site-packages/airflow/example_dags/example_kubernetes_executor_config.py
[2022-04-18 15:05:34,307] {scheduler_job.py:639} INFO - DAG(s) dict_keys(['example_kubernetes_executor_config']) retrieved from /home/airflow/.local/lib/python3.6/site-packages/airflow/example_dags/example_kubernetes_executor_config.py
[2022-04-18 15:05:34,322] {logging_mixin.py:104} INFO - [2022-04-18 15:05:34,322] {dag.py:1818} INFO - Sync 1 DAGs
[2022-04-18 15:05:34,329] {logging_mixin.py:104} INFO - [2022-04-18 15:05:34,329] {dag.py:2273} INFO - Setting next_dagrun for example_kubernetes_executor_config to None
[2022-04-18 15:05:34,333] {scheduler_job.py:190} INFO - Processing /home/airflow/.local/lib/python3.6/site-packages/airflow/example_dags/example_kubernetes_executor_config.py took 0.037 seconds
[2022-04-18 15:06:04,994] {scheduler_job.py:182} INFO - Started process (PID=8212) to work on /home/airflow/.local/lib/python3.6/site-packages/airflow/example_dags/example_kubernetes_executor_config.py
[2022-04-18 15:06:04,995] {scheduler_job.py:629} INFO - Processing file /home/airflow/.local/lib/python3.6/site-packages/airflow/example_dags/example_kubernetes_executor_config.py for tasks to queue
[2022-04-18 15:06:04,996] {logging_mixin.py:104} INFO - [2022-04-18 15:06:04,996] {dagbag.py:448} INFO - Filling up the DagBag from /home/airflow/.local/lib/python3.6/site-packages/airflow/example_dags/example_kubernetes_executor_config.py
[2022-04-18 15:06:05,005] {scheduler_job.py:639} INFO - DAG(s) dict_keys(['example_kubernetes_executor_config']) retrieved from /home/airflow/.local/lib/python3.6/site-packages/airflow/example_dags/example_kubernetes_executor_config.py
[2022-04-18 15:06:05,026] {logging_mixin.py:104} INFO - [2022-04-18 15:06:05,026] {dag.py:1818} INFO - Sync 1 DAGs
[2022-04-18 15:06:05,036] {logging_mixin.py:104} INFO - [2022-04-18 15:06:05,036] {dag.py:2273} INFO - Setting next_dagrun for example_kubernetes_executor_config to None
[2022-04-18 15:06:05,040] {scheduler_job.py:190} INFO - Processing /home/airflow/.local/lib/python3.6/site-packages/airflow/example_dags/example_kubernetes_executor_config.py took 0.048 seconds
[2022-04-18 15:06:35,721] {scheduler_job.py:182} INFO - Started process (PID=8347) to work on /home/airflow/.local/lib/python3.6/site-packages/airflow/example_dags/example_kubernetes_executor_config.py
[2022-04-18 15:06:35,721] {scheduler_job.py:629} INFO - Processing file /home/airflow/.local/lib/python3.6/site-packages/airflow/example_dags/example_kubernetes_executor_config.py for tasks to queue
[2022-04-18 15:06:35,722] {logging_mixin.py:104} INFO - [2022-04-18 15:06:35,722] {dagbag.py:448} INFO - Filling up the DagBag from /home/airflow/.local/lib/python3.6/site-packages/airflow/example_dags/example_kubernetes_executor_config.py
[2022-04-18 15:06:35,729] {scheduler_job.py:639} INFO - DAG(s) dict_keys(['example_kubernetes_executor_config']) retrieved from /home/airflow/.local/lib/python3.6/site-packages/airflow/example_dags/example_kubernetes_executor_config.py
[2022-04-18 15:06:35,742] {logging_mixin.py:104} INFO - [2022-04-18 15:06:35,742] {dag.py:1818} INFO - Sync 1 DAGs
[2022-04-18 15:06:35,751] {logging_mixin.py:104} INFO - [2022-04-18 15:06:35,751] {dag.py:2273} INFO - Setting next_dagrun for example_kubernetes_executor_config to None
[2022-04-18 15:06:35,755] {scheduler_job.py:190} INFO - Processing /home/airflow/.local/lib/python3.6/site-packages/airflow/example_dags/example_kubernetes_executor_config.py took 0.036 seconds
