[2022-04-18 14:37:01,092] {scheduler_job.py:182} INFO - Started process (PID=190) to work on /home/airflow/.local/lib/python3.6/site-packages/airflow/example_dags/example_branch_python_dop_operator_3.py
[2022-04-18 14:37:01,092] {scheduler_job.py:629} INFO - Processing file /home/airflow/.local/lib/python3.6/site-packages/airflow/example_dags/example_branch_python_dop_operator_3.py for tasks to queue
[2022-04-18 14:37:01,093] {logging_mixin.py:104} INFO - [2022-04-18 14:37:01,093] {dagbag.py:448} INFO - Filling up the DagBag from /home/airflow/.local/lib/python3.6/site-packages/airflow/example_dags/example_branch_python_dop_operator_3.py
[2022-04-18 14:37:01,105] {scheduler_job.py:639} INFO - DAG(s) dict_keys(['example_branch_dop_operator_v3']) retrieved from /home/airflow/.local/lib/python3.6/site-packages/airflow/example_dags/example_branch_python_dop_operator_3.py
[2022-04-18 14:37:01,118] {logging_mixin.py:104} INFO - [2022-04-18 14:37:01,118] {dag.py:1818} INFO - Sync 1 DAGs
[2022-04-18 14:37:01,136] {logging_mixin.py:104} INFO - [2022-04-18 14:37:01,136] {dag.py:2273} INFO - Setting next_dagrun for example_branch_dop_operator_v3 to 2022-04-16 00:00:00+00:00
[2022-04-18 14:37:01,142] {scheduler_job.py:190} INFO - Processing /home/airflow/.local/lib/python3.6/site-packages/airflow/example_dags/example_branch_python_dop_operator_3.py took 0.053 seconds
[2022-04-18 14:37:31,184] {scheduler_job.py:182} INFO - Started process (PID=567) to work on /home/airflow/.local/lib/python3.6/site-packages/airflow/example_dags/example_branch_python_dop_operator_3.py
[2022-04-18 14:37:31,184] {scheduler_job.py:629} INFO - Processing file /home/airflow/.local/lib/python3.6/site-packages/airflow/example_dags/example_branch_python_dop_operator_3.py for tasks to queue
[2022-04-18 14:37:31,185] {logging_mixin.py:104} INFO - [2022-04-18 14:37:31,185] {dagbag.py:448} INFO - Filling up the DagBag from /home/airflow/.local/lib/python3.6/site-packages/airflow/example_dags/example_branch_python_dop_operator_3.py
[2022-04-18 14:37:31,194] {scheduler_job.py:639} INFO - DAG(s) dict_keys(['example_branch_dop_operator_v3']) retrieved from /home/airflow/.local/lib/python3.6/site-packages/airflow/example_dags/example_branch_python_dop_operator_3.py
[2022-04-18 14:37:31,205] {logging_mixin.py:104} INFO - [2022-04-18 14:37:31,205] {dag.py:1818} INFO - Sync 1 DAGs
[2022-04-18 14:37:31,224] {logging_mixin.py:104} INFO - [2022-04-18 14:37:31,224] {dag.py:2273} INFO - Setting next_dagrun for example_branch_dop_operator_v3 to 2022-04-16 00:00:00+00:00
[2022-04-18 14:37:31,228] {scheduler_job.py:190} INFO - Processing /home/airflow/.local/lib/python3.6/site-packages/airflow/example_dags/example_branch_python_dop_operator_3.py took 0.047 seconds
[2022-04-18 14:38:01,261] {scheduler_job.py:182} INFO - Started process (PID=706) to work on /home/airflow/.local/lib/python3.6/site-packages/airflow/example_dags/example_branch_python_dop_operator_3.py
[2022-04-18 14:38:01,261] {scheduler_job.py:629} INFO - Processing file /home/airflow/.local/lib/python3.6/site-packages/airflow/example_dags/example_branch_python_dop_operator_3.py for tasks to queue
[2022-04-18 14:38:01,262] {logging_mixin.py:104} INFO - [2022-04-18 14:38:01,262] {dagbag.py:448} INFO - Filling up the DagBag from /home/airflow/.local/lib/python3.6/site-packages/airflow/example_dags/example_branch_python_dop_operator_3.py
[2022-04-18 14:38:01,273] {scheduler_job.py:639} INFO - DAG(s) dict_keys(['example_branch_dop_operator_v3']) retrieved from /home/airflow/.local/lib/python3.6/site-packages/airflow/example_dags/example_branch_python_dop_operator_3.py
[2022-04-18 14:38:01,290] {logging_mixin.py:104} INFO - [2022-04-18 14:38:01,290] {dag.py:1818} INFO - Sync 1 DAGs
[2022-04-18 14:38:01,311] {logging_mixin.py:104} INFO - [2022-04-18 14:38:01,311] {dag.py:2273} INFO - Setting next_dagrun for example_branch_dop_operator_v3 to 2022-04-16 00:00:00+00:00
[2022-04-18 14:38:01,315] {scheduler_job.py:190} INFO - Processing /home/airflow/.local/lib/python3.6/site-packages/airflow/example_dags/example_branch_python_dop_operator_3.py took 0.056 seconds
[2022-04-18 14:38:31,378] {scheduler_job.py:182} INFO - Started process (PID=853) to work on /home/airflow/.local/lib/python3.6/site-packages/airflow/example_dags/example_branch_python_dop_operator_3.py
[2022-04-18 14:38:31,379] {scheduler_job.py:629} INFO - Processing file /home/airflow/.local/lib/python3.6/site-packages/airflow/example_dags/example_branch_python_dop_operator_3.py for tasks to queue
[2022-04-18 14:38:31,380] {logging_mixin.py:104} INFO - [2022-04-18 14:38:31,380] {dagbag.py:448} INFO - Filling up the DagBag from /home/airflow/.local/lib/python3.6/site-packages/airflow/example_dags/example_branch_python_dop_operator_3.py
[2022-04-18 14:38:31,390] {scheduler_job.py:639} INFO - DAG(s) dict_keys(['example_branch_dop_operator_v3']) retrieved from /home/airflow/.local/lib/python3.6/site-packages/airflow/example_dags/example_branch_python_dop_operator_3.py
[2022-04-18 14:38:31,402] {logging_mixin.py:104} INFO - [2022-04-18 14:38:31,402] {dag.py:1818} INFO - Sync 1 DAGs
[2022-04-18 14:38:31,419] {logging_mixin.py:104} INFO - [2022-04-18 14:38:31,419] {dag.py:2273} INFO - Setting next_dagrun for example_branch_dop_operator_v3 to 2022-04-16 00:00:00+00:00
[2022-04-18 14:38:31,423] {scheduler_job.py:190} INFO - Processing /home/airflow/.local/lib/python3.6/site-packages/airflow/example_dags/example_branch_python_dop_operator_3.py took 0.048 seconds
[2022-04-18 14:39:01,449] {scheduler_job.py:182} INFO - Started process (PID=992) to work on /home/airflow/.local/lib/python3.6/site-packages/airflow/example_dags/example_branch_python_dop_operator_3.py
[2022-04-18 14:39:01,450] {scheduler_job.py:629} INFO - Processing file /home/airflow/.local/lib/python3.6/site-packages/airflow/example_dags/example_branch_python_dop_operator_3.py for tasks to queue
[2022-04-18 14:39:01,450] {logging_mixin.py:104} INFO - [2022-04-18 14:39:01,450] {dagbag.py:448} INFO - Filling up the DagBag from /home/airflow/.local/lib/python3.6/site-packages/airflow/example_dags/example_branch_python_dop_operator_3.py
[2022-04-18 14:39:01,458] {scheduler_job.py:639} INFO - DAG(s) dict_keys(['example_branch_dop_operator_v3']) retrieved from /home/airflow/.local/lib/python3.6/site-packages/airflow/example_dags/example_branch_python_dop_operator_3.py
[2022-04-18 14:39:01,471] {logging_mixin.py:104} INFO - [2022-04-18 14:39:01,471] {dag.py:1818} INFO - Sync 1 DAGs
[2022-04-18 14:39:01,486] {logging_mixin.py:104} INFO - [2022-04-18 14:39:01,486] {dag.py:2273} INFO - Setting next_dagrun for example_branch_dop_operator_v3 to 2022-04-16 00:00:00+00:00
[2022-04-18 14:39:01,491] {scheduler_job.py:190} INFO - Processing /home/airflow/.local/lib/python3.6/site-packages/airflow/example_dags/example_branch_python_dop_operator_3.py took 0.043 seconds
[2022-04-18 14:39:31,526] {scheduler_job.py:182} INFO - Started process (PID=1127) to work on /home/airflow/.local/lib/python3.6/site-packages/airflow/example_dags/example_branch_python_dop_operator_3.py
[2022-04-18 14:39:31,526] {scheduler_job.py:629} INFO - Processing file /home/airflow/.local/lib/python3.6/site-packages/airflow/example_dags/example_branch_python_dop_operator_3.py for tasks to queue
[2022-04-18 14:39:31,527] {logging_mixin.py:104} INFO - [2022-04-18 14:39:31,526] {dagbag.py:448} INFO - Filling up the DagBag from /home/airflow/.local/lib/python3.6/site-packages/airflow/example_dags/example_branch_python_dop_operator_3.py
[2022-04-18 14:39:31,536] {scheduler_job.py:639} INFO - DAG(s) dict_keys(['example_branch_dop_operator_v3']) retrieved from /home/airflow/.local/lib/python3.6/site-packages/airflow/example_dags/example_branch_python_dop_operator_3.py
[2022-04-18 14:39:31,547] {logging_mixin.py:104} INFO - [2022-04-18 14:39:31,547] {dag.py:1818} INFO - Sync 1 DAGs
[2022-04-18 14:39:31,565] {logging_mixin.py:104} INFO - [2022-04-18 14:39:31,565] {dag.py:2273} INFO - Setting next_dagrun for example_branch_dop_operator_v3 to 2022-04-16 00:00:00+00:00
[2022-04-18 14:39:31,570] {scheduler_job.py:190} INFO - Processing /home/airflow/.local/lib/python3.6/site-packages/airflow/example_dags/example_branch_python_dop_operator_3.py took 0.046 seconds
[2022-04-18 14:40:01,594] {scheduler_job.py:182} INFO - Started process (PID=1262) to work on /home/airflow/.local/lib/python3.6/site-packages/airflow/example_dags/example_branch_python_dop_operator_3.py
[2022-04-18 14:40:01,595] {scheduler_job.py:629} INFO - Processing file /home/airflow/.local/lib/python3.6/site-packages/airflow/example_dags/example_branch_python_dop_operator_3.py for tasks to queue
[2022-04-18 14:40:01,596] {logging_mixin.py:104} INFO - [2022-04-18 14:40:01,595] {dagbag.py:448} INFO - Filling up the DagBag from /home/airflow/.local/lib/python3.6/site-packages/airflow/example_dags/example_branch_python_dop_operator_3.py
[2022-04-18 14:40:01,608] {scheduler_job.py:639} INFO - DAG(s) dict_keys(['example_branch_dop_operator_v3']) retrieved from /home/airflow/.local/lib/python3.6/site-packages/airflow/example_dags/example_branch_python_dop_operator_3.py
[2022-04-18 14:40:01,619] {logging_mixin.py:104} INFO - [2022-04-18 14:40:01,618] {dag.py:1818} INFO - Sync 1 DAGs
[2022-04-18 14:40:01,639] {logging_mixin.py:104} INFO - [2022-04-18 14:40:01,639] {dag.py:2273} INFO - Setting next_dagrun for example_branch_dop_operator_v3 to 2022-04-16 00:00:00+00:00
[2022-04-18 14:40:01,643] {scheduler_job.py:190} INFO - Processing /home/airflow/.local/lib/python3.6/site-packages/airflow/example_dags/example_branch_python_dop_operator_3.py took 0.052 seconds
[2022-04-18 14:40:32,299] {scheduler_job.py:182} INFO - Started process (PID=1389) to work on /home/airflow/.local/lib/python3.6/site-packages/airflow/example_dags/example_branch_python_dop_operator_3.py
[2022-04-18 14:40:32,300] {scheduler_job.py:629} INFO - Processing file /home/airflow/.local/lib/python3.6/site-packages/airflow/example_dags/example_branch_python_dop_operator_3.py for tasks to queue
[2022-04-18 14:40:32,300] {logging_mixin.py:104} INFO - [2022-04-18 14:40:32,300] {dagbag.py:448} INFO - Filling up the DagBag from /home/airflow/.local/lib/python3.6/site-packages/airflow/example_dags/example_branch_python_dop_operator_3.py
[2022-04-18 14:40:32,314] {scheduler_job.py:639} INFO - DAG(s) dict_keys(['example_branch_dop_operator_v3']) retrieved from /home/airflow/.local/lib/python3.6/site-packages/airflow/example_dags/example_branch_python_dop_operator_3.py
[2022-04-18 14:40:32,325] {logging_mixin.py:104} INFO - [2022-04-18 14:40:32,325] {dag.py:1818} INFO - Sync 1 DAGs
[2022-04-18 14:40:32,343] {logging_mixin.py:104} INFO - [2022-04-18 14:40:32,343] {dag.py:2273} INFO - Setting next_dagrun for example_branch_dop_operator_v3 to 2022-04-16 00:00:00+00:00
[2022-04-18 14:40:32,347] {scheduler_job.py:190} INFO - Processing /home/airflow/.local/lib/python3.6/site-packages/airflow/example_dags/example_branch_python_dop_operator_3.py took 0.050 seconds
[2022-04-18 14:41:03,311] {scheduler_job.py:182} INFO - Started process (PID=1527) to work on /home/airflow/.local/lib/python3.6/site-packages/airflow/example_dags/example_branch_python_dop_operator_3.py
[2022-04-18 14:41:03,311] {scheduler_job.py:629} INFO - Processing file /home/airflow/.local/lib/python3.6/site-packages/airflow/example_dags/example_branch_python_dop_operator_3.py for tasks to queue
[2022-04-18 14:41:03,312] {logging_mixin.py:104} INFO - [2022-04-18 14:41:03,312] {dagbag.py:448} INFO - Filling up the DagBag from /home/airflow/.local/lib/python3.6/site-packages/airflow/example_dags/example_branch_python_dop_operator_3.py
[2022-04-18 14:41:03,324] {scheduler_job.py:639} INFO - DAG(s) dict_keys(['example_branch_dop_operator_v3']) retrieved from /home/airflow/.local/lib/python3.6/site-packages/airflow/example_dags/example_branch_python_dop_operator_3.py
[2022-04-18 14:41:03,339] {logging_mixin.py:104} INFO - [2022-04-18 14:41:03,338] {dag.py:1818} INFO - Sync 1 DAGs
[2022-04-18 14:41:03,356] {logging_mixin.py:104} INFO - [2022-04-18 14:41:03,356] {dag.py:2273} INFO - Setting next_dagrun for example_branch_dop_operator_v3 to 2022-04-16 00:00:00+00:00
[2022-04-18 14:41:03,361] {scheduler_job.py:190} INFO - Processing /home/airflow/.local/lib/python3.6/site-packages/airflow/example_dags/example_branch_python_dop_operator_3.py took 0.052 seconds
[2022-04-18 14:41:33,993] {scheduler_job.py:182} INFO - Started process (PID=1661) to work on /home/airflow/.local/lib/python3.6/site-packages/airflow/example_dags/example_branch_python_dop_operator_3.py
[2022-04-18 14:41:33,994] {scheduler_job.py:629} INFO - Processing file /home/airflow/.local/lib/python3.6/site-packages/airflow/example_dags/example_branch_python_dop_operator_3.py for tasks to queue
[2022-04-18 14:41:33,995] {logging_mixin.py:104} INFO - [2022-04-18 14:41:33,995] {dagbag.py:448} INFO - Filling up the DagBag from /home/airflow/.local/lib/python3.6/site-packages/airflow/example_dags/example_branch_python_dop_operator_3.py
[2022-04-18 14:41:34,002] {scheduler_job.py:639} INFO - DAG(s) dict_keys(['example_branch_dop_operator_v3']) retrieved from /home/airflow/.local/lib/python3.6/site-packages/airflow/example_dags/example_branch_python_dop_operator_3.py
[2022-04-18 14:41:34,018] {logging_mixin.py:104} INFO - [2022-04-18 14:41:34,018] {dag.py:1818} INFO - Sync 1 DAGs
[2022-04-18 14:41:34,034] {logging_mixin.py:104} INFO - [2022-04-18 14:41:34,033] {dag.py:2273} INFO - Setting next_dagrun for example_branch_dop_operator_v3 to 2022-04-16 00:00:00+00:00
[2022-04-18 14:41:34,039] {scheduler_job.py:190} INFO - Processing /home/airflow/.local/lib/python3.6/site-packages/airflow/example_dags/example_branch_python_dop_operator_3.py took 0.048 seconds
[2022-04-18 14:42:04,690] {scheduler_job.py:182} INFO - Started process (PID=1796) to work on /home/airflow/.local/lib/python3.6/site-packages/airflow/example_dags/example_branch_python_dop_operator_3.py
[2022-04-18 14:42:04,691] {scheduler_job.py:629} INFO - Processing file /home/airflow/.local/lib/python3.6/site-packages/airflow/example_dags/example_branch_python_dop_operator_3.py for tasks to queue
[2022-04-18 14:42:04,692] {logging_mixin.py:104} INFO - [2022-04-18 14:42:04,692] {dagbag.py:448} INFO - Filling up the DagBag from /home/airflow/.local/lib/python3.6/site-packages/airflow/example_dags/example_branch_python_dop_operator_3.py
[2022-04-18 14:42:04,698] {scheduler_job.py:639} INFO - DAG(s) dict_keys(['example_branch_dop_operator_v3']) retrieved from /home/airflow/.local/lib/python3.6/site-packages/airflow/example_dags/example_branch_python_dop_operator_3.py
[2022-04-18 14:42:04,714] {logging_mixin.py:104} INFO - [2022-04-18 14:42:04,713] {dag.py:1818} INFO - Sync 1 DAGs
[2022-04-18 14:42:04,731] {logging_mixin.py:104} INFO - [2022-04-18 14:42:04,731] {dag.py:2273} INFO - Setting next_dagrun for example_branch_dop_operator_v3 to 2022-04-16 00:00:00+00:00
[2022-04-18 14:42:04,737] {scheduler_job.py:190} INFO - Processing /home/airflow/.local/lib/python3.6/site-packages/airflow/example_dags/example_branch_python_dop_operator_3.py took 0.049 seconds
[2022-04-18 14:42:35,375] {scheduler_job.py:182} INFO - Started process (PID=1931) to work on /home/airflow/.local/lib/python3.6/site-packages/airflow/example_dags/example_branch_python_dop_operator_3.py
[2022-04-18 14:42:35,375] {scheduler_job.py:629} INFO - Processing file /home/airflow/.local/lib/python3.6/site-packages/airflow/example_dags/example_branch_python_dop_operator_3.py for tasks to queue
[2022-04-18 14:42:35,376] {logging_mixin.py:104} INFO - [2022-04-18 14:42:35,376] {dagbag.py:448} INFO - Filling up the DagBag from /home/airflow/.local/lib/python3.6/site-packages/airflow/example_dags/example_branch_python_dop_operator_3.py
[2022-04-18 14:42:35,385] {scheduler_job.py:639} INFO - DAG(s) dict_keys(['example_branch_dop_operator_v3']) retrieved from /home/airflow/.local/lib/python3.6/site-packages/airflow/example_dags/example_branch_python_dop_operator_3.py
[2022-04-18 14:42:35,400] {logging_mixin.py:104} INFO - [2022-04-18 14:42:35,400] {dag.py:1818} INFO - Sync 1 DAGs
[2022-04-18 14:42:35,416] {logging_mixin.py:104} INFO - [2022-04-18 14:42:35,416] {dag.py:2273} INFO - Setting next_dagrun for example_branch_dop_operator_v3 to 2022-04-16 00:00:00+00:00
[2022-04-18 14:42:35,420] {scheduler_job.py:190} INFO - Processing /home/airflow/.local/lib/python3.6/site-packages/airflow/example_dags/example_branch_python_dop_operator_3.py took 0.047 seconds
[2022-04-18 14:43:06,133] {scheduler_job.py:182} INFO - Started process (PID=2066) to work on /home/airflow/.local/lib/python3.6/site-packages/airflow/example_dags/example_branch_python_dop_operator_3.py
[2022-04-18 14:43:06,135] {scheduler_job.py:629} INFO - Processing file /home/airflow/.local/lib/python3.6/site-packages/airflow/example_dags/example_branch_python_dop_operator_3.py for tasks to queue
[2022-04-18 14:43:06,135] {logging_mixin.py:104} INFO - [2022-04-18 14:43:06,135] {dagbag.py:448} INFO - Filling up the DagBag from /home/airflow/.local/lib/python3.6/site-packages/airflow/example_dags/example_branch_python_dop_operator_3.py
[2022-04-18 14:43:06,142] {scheduler_job.py:639} INFO - DAG(s) dict_keys(['example_branch_dop_operator_v3']) retrieved from /home/airflow/.local/lib/python3.6/site-packages/airflow/example_dags/example_branch_python_dop_operator_3.py
[2022-04-18 14:43:06,159] {logging_mixin.py:104} INFO - [2022-04-18 14:43:06,158] {dag.py:1818} INFO - Sync 1 DAGs
[2022-04-18 14:43:06,178] {logging_mixin.py:104} INFO - [2022-04-18 14:43:06,178] {dag.py:2273} INFO - Setting next_dagrun for example_branch_dop_operator_v3 to 2022-04-16 00:00:00+00:00
[2022-04-18 14:43:06,182] {scheduler_job.py:190} INFO - Processing /home/airflow/.local/lib/python3.6/site-packages/airflow/example_dags/example_branch_python_dop_operator_3.py took 0.052 seconds
[2022-04-18 14:43:36,889] {scheduler_job.py:182} INFO - Started process (PID=2201) to work on /home/airflow/.local/lib/python3.6/site-packages/airflow/example_dags/example_branch_python_dop_operator_3.py
[2022-04-18 14:43:36,890] {scheduler_job.py:629} INFO - Processing file /home/airflow/.local/lib/python3.6/site-packages/airflow/example_dags/example_branch_python_dop_operator_3.py for tasks to queue
[2022-04-18 14:43:36,890] {logging_mixin.py:104} INFO - [2022-04-18 14:43:36,890] {dagbag.py:448} INFO - Filling up the DagBag from /home/airflow/.local/lib/python3.6/site-packages/airflow/example_dags/example_branch_python_dop_operator_3.py
[2022-04-18 14:43:36,900] {scheduler_job.py:639} INFO - DAG(s) dict_keys(['example_branch_dop_operator_v3']) retrieved from /home/airflow/.local/lib/python3.6/site-packages/airflow/example_dags/example_branch_python_dop_operator_3.py
[2022-04-18 14:43:36,915] {logging_mixin.py:104} INFO - [2022-04-18 14:43:36,915] {dag.py:1818} INFO - Sync 1 DAGs
[2022-04-18 14:43:36,931] {logging_mixin.py:104} INFO - [2022-04-18 14:43:36,931] {dag.py:2273} INFO - Setting next_dagrun for example_branch_dop_operator_v3 to 2022-04-16 00:00:00+00:00
[2022-04-18 14:43:36,935] {scheduler_job.py:190} INFO - Processing /home/airflow/.local/lib/python3.6/site-packages/airflow/example_dags/example_branch_python_dop_operator_3.py took 0.048 seconds
[2022-04-18 14:44:07,590] {scheduler_job.py:182} INFO - Started process (PID=2336) to work on /home/airflow/.local/lib/python3.6/site-packages/airflow/example_dags/example_branch_python_dop_operator_3.py
[2022-04-18 14:44:07,591] {scheduler_job.py:629} INFO - Processing file /home/airflow/.local/lib/python3.6/site-packages/airflow/example_dags/example_branch_python_dop_operator_3.py for tasks to queue
[2022-04-18 14:44:07,591] {logging_mixin.py:104} INFO - [2022-04-18 14:44:07,591] {dagbag.py:448} INFO - Filling up the DagBag from /home/airflow/.local/lib/python3.6/site-packages/airflow/example_dags/example_branch_python_dop_operator_3.py
[2022-04-18 14:44:07,600] {scheduler_job.py:639} INFO - DAG(s) dict_keys(['example_branch_dop_operator_v3']) retrieved from /home/airflow/.local/lib/python3.6/site-packages/airflow/example_dags/example_branch_python_dop_operator_3.py
[2022-04-18 14:44:07,614] {logging_mixin.py:104} INFO - [2022-04-18 14:44:07,614] {dag.py:1818} INFO - Sync 1 DAGs
[2022-04-18 14:44:07,630] {logging_mixin.py:104} INFO - [2022-04-18 14:44:07,630] {dag.py:2273} INFO - Setting next_dagrun for example_branch_dop_operator_v3 to 2022-04-16 00:00:00+00:00
[2022-04-18 14:44:07,635] {scheduler_job.py:190} INFO - Processing /home/airflow/.local/lib/python3.6/site-packages/airflow/example_dags/example_branch_python_dop_operator_3.py took 0.047 seconds
[2022-04-18 14:44:38,268] {scheduler_job.py:182} INFO - Started process (PID=2471) to work on /home/airflow/.local/lib/python3.6/site-packages/airflow/example_dags/example_branch_python_dop_operator_3.py
[2022-04-18 14:44:38,268] {scheduler_job.py:629} INFO - Processing file /home/airflow/.local/lib/python3.6/site-packages/airflow/example_dags/example_branch_python_dop_operator_3.py for tasks to queue
[2022-04-18 14:44:38,269] {logging_mixin.py:104} INFO - [2022-04-18 14:44:38,269] {dagbag.py:448} INFO - Filling up the DagBag from /home/airflow/.local/lib/python3.6/site-packages/airflow/example_dags/example_branch_python_dop_operator_3.py
[2022-04-18 14:44:38,275] {scheduler_job.py:639} INFO - DAG(s) dict_keys(['example_branch_dop_operator_v3']) retrieved from /home/airflow/.local/lib/python3.6/site-packages/airflow/example_dags/example_branch_python_dop_operator_3.py
[2022-04-18 14:44:38,292] {logging_mixin.py:104} INFO - [2022-04-18 14:44:38,292] {dag.py:1818} INFO - Sync 1 DAGs
[2022-04-18 14:44:38,307] {logging_mixin.py:104} INFO - [2022-04-18 14:44:38,307] {dag.py:2273} INFO - Setting next_dagrun for example_branch_dop_operator_v3 to 2022-04-16 00:00:00+00:00
[2022-04-18 14:44:38,311] {scheduler_job.py:190} INFO - Processing /home/airflow/.local/lib/python3.6/site-packages/airflow/example_dags/example_branch_python_dop_operator_3.py took 0.045 seconds
[2022-04-18 14:45:08,938] {scheduler_job.py:182} INFO - Started process (PID=2606) to work on /home/airflow/.local/lib/python3.6/site-packages/airflow/example_dags/example_branch_python_dop_operator_3.py
[2022-04-18 14:45:08,939] {scheduler_job.py:629} INFO - Processing file /home/airflow/.local/lib/python3.6/site-packages/airflow/example_dags/example_branch_python_dop_operator_3.py for tasks to queue
[2022-04-18 14:45:08,939] {logging_mixin.py:104} INFO - [2022-04-18 14:45:08,939] {dagbag.py:448} INFO - Filling up the DagBag from /home/airflow/.local/lib/python3.6/site-packages/airflow/example_dags/example_branch_python_dop_operator_3.py
[2022-04-18 14:45:08,947] {scheduler_job.py:639} INFO - DAG(s) dict_keys(['example_branch_dop_operator_v3']) retrieved from /home/airflow/.local/lib/python3.6/site-packages/airflow/example_dags/example_branch_python_dop_operator_3.py
[2022-04-18 14:45:08,958] {logging_mixin.py:104} INFO - [2022-04-18 14:45:08,958] {dag.py:1818} INFO - Sync 1 DAGs
[2022-04-18 14:45:08,977] {logging_mixin.py:104} INFO - [2022-04-18 14:45:08,977] {dag.py:2273} INFO - Setting next_dagrun for example_branch_dop_operator_v3 to 2022-04-16 00:00:00+00:00
[2022-04-18 14:45:08,981] {scheduler_job.py:190} INFO - Processing /home/airflow/.local/lib/python3.6/site-packages/airflow/example_dags/example_branch_python_dop_operator_3.py took 0.045 seconds
[2022-04-18 14:45:39,618] {scheduler_job.py:182} INFO - Started process (PID=2741) to work on /home/airflow/.local/lib/python3.6/site-packages/airflow/example_dags/example_branch_python_dop_operator_3.py
[2022-04-18 14:45:39,619] {scheduler_job.py:629} INFO - Processing file /home/airflow/.local/lib/python3.6/site-packages/airflow/example_dags/example_branch_python_dop_operator_3.py for tasks to queue
[2022-04-18 14:45:39,619] {logging_mixin.py:104} INFO - [2022-04-18 14:45:39,619] {dagbag.py:448} INFO - Filling up the DagBag from /home/airflow/.local/lib/python3.6/site-packages/airflow/example_dags/example_branch_python_dop_operator_3.py
[2022-04-18 14:45:39,631] {scheduler_job.py:639} INFO - DAG(s) dict_keys(['example_branch_dop_operator_v3']) retrieved from /home/airflow/.local/lib/python3.6/site-packages/airflow/example_dags/example_branch_python_dop_operator_3.py
[2022-04-18 14:45:39,640] {logging_mixin.py:104} INFO - [2022-04-18 14:45:39,640] {dag.py:1818} INFO - Sync 1 DAGs
[2022-04-18 14:45:39,655] {logging_mixin.py:104} INFO - [2022-04-18 14:45:39,655] {dag.py:2273} INFO - Setting next_dagrun for example_branch_dop_operator_v3 to 2022-04-16 00:00:00+00:00
[2022-04-18 14:45:39,659] {scheduler_job.py:190} INFO - Processing /home/airflow/.local/lib/python3.6/site-packages/airflow/example_dags/example_branch_python_dop_operator_3.py took 0.043 seconds
[2022-04-18 14:46:10,389] {scheduler_job.py:182} INFO - Started process (PID=2876) to work on /home/airflow/.local/lib/python3.6/site-packages/airflow/example_dags/example_branch_python_dop_operator_3.py
[2022-04-18 14:46:10,390] {scheduler_job.py:629} INFO - Processing file /home/airflow/.local/lib/python3.6/site-packages/airflow/example_dags/example_branch_python_dop_operator_3.py for tasks to queue
[2022-04-18 14:46:10,391] {logging_mixin.py:104} INFO - [2022-04-18 14:46:10,391] {dagbag.py:448} INFO - Filling up the DagBag from /home/airflow/.local/lib/python3.6/site-packages/airflow/example_dags/example_branch_python_dop_operator_3.py
[2022-04-18 14:46:10,403] {scheduler_job.py:639} INFO - DAG(s) dict_keys(['example_branch_dop_operator_v3']) retrieved from /home/airflow/.local/lib/python3.6/site-packages/airflow/example_dags/example_branch_python_dop_operator_3.py
[2022-04-18 14:46:10,417] {logging_mixin.py:104} INFO - [2022-04-18 14:46:10,417] {dag.py:1818} INFO - Sync 1 DAGs
[2022-04-18 14:46:10,433] {logging_mixin.py:104} INFO - [2022-04-18 14:46:10,433] {dag.py:2273} INFO - Setting next_dagrun for example_branch_dop_operator_v3 to 2022-04-16 00:00:00+00:00
[2022-04-18 14:46:10,437] {scheduler_job.py:190} INFO - Processing /home/airflow/.local/lib/python3.6/site-packages/airflow/example_dags/example_branch_python_dop_operator_3.py took 0.050 seconds
[2022-04-18 14:46:41,043] {scheduler_job.py:182} INFO - Started process (PID=3011) to work on /home/airflow/.local/lib/python3.6/site-packages/airflow/example_dags/example_branch_python_dop_operator_3.py
[2022-04-18 14:46:41,044] {scheduler_job.py:629} INFO - Processing file /home/airflow/.local/lib/python3.6/site-packages/airflow/example_dags/example_branch_python_dop_operator_3.py for tasks to queue
[2022-04-18 14:46:41,045] {logging_mixin.py:104} INFO - [2022-04-18 14:46:41,044] {dagbag.py:448} INFO - Filling up the DagBag from /home/airflow/.local/lib/python3.6/site-packages/airflow/example_dags/example_branch_python_dop_operator_3.py
[2022-04-18 14:46:41,053] {scheduler_job.py:639} INFO - DAG(s) dict_keys(['example_branch_dop_operator_v3']) retrieved from /home/airflow/.local/lib/python3.6/site-packages/airflow/example_dags/example_branch_python_dop_operator_3.py
[2022-04-18 14:46:41,067] {logging_mixin.py:104} INFO - [2022-04-18 14:46:41,067] {dag.py:1818} INFO - Sync 1 DAGs
[2022-04-18 14:46:41,085] {logging_mixin.py:104} INFO - [2022-04-18 14:46:41,085] {dag.py:2273} INFO - Setting next_dagrun for example_branch_dop_operator_v3 to 2022-04-16 00:00:00+00:00
[2022-04-18 14:46:41,089] {scheduler_job.py:190} INFO - Processing /home/airflow/.local/lib/python3.6/site-packages/airflow/example_dags/example_branch_python_dop_operator_3.py took 0.049 seconds
[2022-04-18 14:47:11,758] {scheduler_job.py:182} INFO - Started process (PID=3146) to work on /home/airflow/.local/lib/python3.6/site-packages/airflow/example_dags/example_branch_python_dop_operator_3.py
[2022-04-18 14:47:11,759] {scheduler_job.py:629} INFO - Processing file /home/airflow/.local/lib/python3.6/site-packages/airflow/example_dags/example_branch_python_dop_operator_3.py for tasks to queue
[2022-04-18 14:47:11,759] {logging_mixin.py:104} INFO - [2022-04-18 14:47:11,759] {dagbag.py:448} INFO - Filling up the DagBag from /home/airflow/.local/lib/python3.6/site-packages/airflow/example_dags/example_branch_python_dop_operator_3.py
[2022-04-18 14:47:11,768] {scheduler_job.py:639} INFO - DAG(s) dict_keys(['example_branch_dop_operator_v3']) retrieved from /home/airflow/.local/lib/python3.6/site-packages/airflow/example_dags/example_branch_python_dop_operator_3.py
[2022-04-18 14:47:11,782] {logging_mixin.py:104} INFO - [2022-04-18 14:47:11,782] {dag.py:1818} INFO - Sync 1 DAGs
[2022-04-18 14:47:11,799] {logging_mixin.py:104} INFO - [2022-04-18 14:47:11,798] {dag.py:2273} INFO - Setting next_dagrun for example_branch_dop_operator_v3 to 2022-04-16 00:00:00+00:00
[2022-04-18 14:47:11,803] {scheduler_job.py:190} INFO - Processing /home/airflow/.local/lib/python3.6/site-packages/airflow/example_dags/example_branch_python_dop_operator_3.py took 0.047 seconds
[2022-04-18 14:47:42,431] {scheduler_job.py:182} INFO - Started process (PID=3281) to work on /home/airflow/.local/lib/python3.6/site-packages/airflow/example_dags/example_branch_python_dop_operator_3.py
[2022-04-18 14:47:42,432] {scheduler_job.py:629} INFO - Processing file /home/airflow/.local/lib/python3.6/site-packages/airflow/example_dags/example_branch_python_dop_operator_3.py for tasks to queue
[2022-04-18 14:47:42,432] {logging_mixin.py:104} INFO - [2022-04-18 14:47:42,432] {dagbag.py:448} INFO - Filling up the DagBag from /home/airflow/.local/lib/python3.6/site-packages/airflow/example_dags/example_branch_python_dop_operator_3.py
[2022-04-18 14:47:42,441] {scheduler_job.py:639} INFO - DAG(s) dict_keys(['example_branch_dop_operator_v3']) retrieved from /home/airflow/.local/lib/python3.6/site-packages/airflow/example_dags/example_branch_python_dop_operator_3.py
[2022-04-18 14:47:42,455] {logging_mixin.py:104} INFO - [2022-04-18 14:47:42,455] {dag.py:1818} INFO - Sync 1 DAGs
[2022-04-18 14:47:42,472] {logging_mixin.py:104} INFO - [2022-04-18 14:47:42,472] {dag.py:2273} INFO - Setting next_dagrun for example_branch_dop_operator_v3 to 2022-04-16 00:00:00+00:00
[2022-04-18 14:47:42,476] {scheduler_job.py:190} INFO - Processing /home/airflow/.local/lib/python3.6/site-packages/airflow/example_dags/example_branch_python_dop_operator_3.py took 0.047 seconds
[2022-04-18 14:48:13,169] {scheduler_job.py:182} INFO - Started process (PID=3416) to work on /home/airflow/.local/lib/python3.6/site-packages/airflow/example_dags/example_branch_python_dop_operator_3.py
[2022-04-18 14:48:13,170] {scheduler_job.py:629} INFO - Processing file /home/airflow/.local/lib/python3.6/site-packages/airflow/example_dags/example_branch_python_dop_operator_3.py for tasks to queue
[2022-04-18 14:48:13,171] {logging_mixin.py:104} INFO - [2022-04-18 14:48:13,170] {dagbag.py:448} INFO - Filling up the DagBag from /home/airflow/.local/lib/python3.6/site-packages/airflow/example_dags/example_branch_python_dop_operator_3.py
[2022-04-18 14:48:13,180] {scheduler_job.py:639} INFO - DAG(s) dict_keys(['example_branch_dop_operator_v3']) retrieved from /home/airflow/.local/lib/python3.6/site-packages/airflow/example_dags/example_branch_python_dop_operator_3.py
[2022-04-18 14:48:13,190] {logging_mixin.py:104} INFO - [2022-04-18 14:48:13,190] {dag.py:1818} INFO - Sync 1 DAGs
[2022-04-18 14:48:13,207] {logging_mixin.py:104} INFO - [2022-04-18 14:48:13,207] {dag.py:2273} INFO - Setting next_dagrun for example_branch_dop_operator_v3 to 2022-04-16 00:00:00+00:00
[2022-04-18 14:48:13,211] {scheduler_job.py:190} INFO - Processing /home/airflow/.local/lib/python3.6/site-packages/airflow/example_dags/example_branch_python_dop_operator_3.py took 0.045 seconds
[2022-04-18 14:48:43,268] {scheduler_job.py:182} INFO - Started process (PID=3549) to work on /home/airflow/.local/lib/python3.6/site-packages/airflow/example_dags/example_branch_python_dop_operator_3.py
[2022-04-18 14:48:43,269] {scheduler_job.py:629} INFO - Processing file /home/airflow/.local/lib/python3.6/site-packages/airflow/example_dags/example_branch_python_dop_operator_3.py for tasks to queue
[2022-04-18 14:48:43,269] {logging_mixin.py:104} INFO - [2022-04-18 14:48:43,269] {dagbag.py:448} INFO - Filling up the DagBag from /home/airflow/.local/lib/python3.6/site-packages/airflow/example_dags/example_branch_python_dop_operator_3.py
[2022-04-18 14:48:43,277] {scheduler_job.py:639} INFO - DAG(s) dict_keys(['example_branch_dop_operator_v3']) retrieved from /home/airflow/.local/lib/python3.6/site-packages/airflow/example_dags/example_branch_python_dop_operator_3.py
[2022-04-18 14:48:43,289] {logging_mixin.py:104} INFO - [2022-04-18 14:48:43,289] {dag.py:1818} INFO - Sync 1 DAGs
[2022-04-18 14:48:43,306] {logging_mixin.py:104} INFO - [2022-04-18 14:48:43,306] {dag.py:2273} INFO - Setting next_dagrun for example_branch_dop_operator_v3 to 2022-04-16 00:00:00+00:00
[2022-04-18 14:48:43,310] {scheduler_job.py:190} INFO - Processing /home/airflow/.local/lib/python3.6/site-packages/airflow/example_dags/example_branch_python_dop_operator_3.py took 0.044 seconds
[2022-04-18 14:49:13,354] {scheduler_job.py:182} INFO - Started process (PID=3684) to work on /home/airflow/.local/lib/python3.6/site-packages/airflow/example_dags/example_branch_python_dop_operator_3.py
[2022-04-18 14:49:13,355] {scheduler_job.py:629} INFO - Processing file /home/airflow/.local/lib/python3.6/site-packages/airflow/example_dags/example_branch_python_dop_operator_3.py for tasks to queue
[2022-04-18 14:49:13,356] {logging_mixin.py:104} INFO - [2022-04-18 14:49:13,356] {dagbag.py:448} INFO - Filling up the DagBag from /home/airflow/.local/lib/python3.6/site-packages/airflow/example_dags/example_branch_python_dop_operator_3.py
[2022-04-18 14:49:13,365] {scheduler_job.py:639} INFO - DAG(s) dict_keys(['example_branch_dop_operator_v3']) retrieved from /home/airflow/.local/lib/python3.6/site-packages/airflow/example_dags/example_branch_python_dop_operator_3.py
[2022-04-18 14:49:13,380] {logging_mixin.py:104} INFO - [2022-04-18 14:49:13,380] {dag.py:1818} INFO - Sync 1 DAGs
[2022-04-18 14:49:13,397] {logging_mixin.py:104} INFO - [2022-04-18 14:49:13,397] {dag.py:2273} INFO - Setting next_dagrun for example_branch_dop_operator_v3 to 2022-04-16 00:00:00+00:00
[2022-04-18 14:49:13,401] {scheduler_job.py:190} INFO - Processing /home/airflow/.local/lib/python3.6/site-packages/airflow/example_dags/example_branch_python_dop_operator_3.py took 0.049 seconds
[2022-04-18 14:49:43,453] {scheduler_job.py:182} INFO - Started process (PID=3819) to work on /home/airflow/.local/lib/python3.6/site-packages/airflow/example_dags/example_branch_python_dop_operator_3.py
[2022-04-18 14:49:43,454] {scheduler_job.py:629} INFO - Processing file /home/airflow/.local/lib/python3.6/site-packages/airflow/example_dags/example_branch_python_dop_operator_3.py for tasks to queue
[2022-04-18 14:49:43,454] {logging_mixin.py:104} INFO - [2022-04-18 14:49:43,454] {dagbag.py:448} INFO - Filling up the DagBag from /home/airflow/.local/lib/python3.6/site-packages/airflow/example_dags/example_branch_python_dop_operator_3.py
[2022-04-18 14:49:43,464] {scheduler_job.py:639} INFO - DAG(s) dict_keys(['example_branch_dop_operator_v3']) retrieved from /home/airflow/.local/lib/python3.6/site-packages/airflow/example_dags/example_branch_python_dop_operator_3.py
[2022-04-18 14:49:43,479] {logging_mixin.py:104} INFO - [2022-04-18 14:49:43,479] {dag.py:1818} INFO - Sync 1 DAGs
[2022-04-18 14:49:43,497] {logging_mixin.py:104} INFO - [2022-04-18 14:49:43,497] {dag.py:2273} INFO - Setting next_dagrun for example_branch_dop_operator_v3 to 2022-04-16 00:00:00+00:00
[2022-04-18 14:49:43,501] {scheduler_job.py:190} INFO - Processing /home/airflow/.local/lib/python3.6/site-packages/airflow/example_dags/example_branch_python_dop_operator_3.py took 0.050 seconds
[2022-04-18 14:50:13,633] {scheduler_job.py:182} INFO - Started process (PID=3967) to work on /home/airflow/.local/lib/python3.6/site-packages/airflow/example_dags/example_branch_python_dop_operator_3.py
[2022-04-18 14:50:13,634] {scheduler_job.py:629} INFO - Processing file /home/airflow/.local/lib/python3.6/site-packages/airflow/example_dags/example_branch_python_dop_operator_3.py for tasks to queue
[2022-04-18 14:50:13,635] {logging_mixin.py:104} INFO - [2022-04-18 14:50:13,635] {dagbag.py:448} INFO - Filling up the DagBag from /home/airflow/.local/lib/python3.6/site-packages/airflow/example_dags/example_branch_python_dop_operator_3.py
[2022-04-18 14:50:13,645] {scheduler_job.py:639} INFO - DAG(s) dict_keys(['example_branch_dop_operator_v3']) retrieved from /home/airflow/.local/lib/python3.6/site-packages/airflow/example_dags/example_branch_python_dop_operator_3.py
[2022-04-18 14:50:13,658] {logging_mixin.py:104} INFO - [2022-04-18 14:50:13,658] {dag.py:1818} INFO - Sync 1 DAGs
[2022-04-18 14:50:13,674] {logging_mixin.py:104} INFO - [2022-04-18 14:50:13,674] {dag.py:2273} INFO - Setting next_dagrun for example_branch_dop_operator_v3 to 2022-04-16 00:00:00+00:00
[2022-04-18 14:50:13,679] {scheduler_job.py:190} INFO - Processing /home/airflow/.local/lib/python3.6/site-packages/airflow/example_dags/example_branch_python_dop_operator_3.py took 0.048 seconds
[2022-04-18 14:50:43,700] {scheduler_job.py:182} INFO - Started process (PID=4102) to work on /home/airflow/.local/lib/python3.6/site-packages/airflow/example_dags/example_branch_python_dop_operator_3.py
[2022-04-18 14:50:43,700] {scheduler_job.py:629} INFO - Processing file /home/airflow/.local/lib/python3.6/site-packages/airflow/example_dags/example_branch_python_dop_operator_3.py for tasks to queue
[2022-04-18 14:50:43,701] {logging_mixin.py:104} INFO - [2022-04-18 14:50:43,701] {dagbag.py:448} INFO - Filling up the DagBag from /home/airflow/.local/lib/python3.6/site-packages/airflow/example_dags/example_branch_python_dop_operator_3.py
[2022-04-18 14:50:43,710] {scheduler_job.py:639} INFO - DAG(s) dict_keys(['example_branch_dop_operator_v3']) retrieved from /home/airflow/.local/lib/python3.6/site-packages/airflow/example_dags/example_branch_python_dop_operator_3.py
[2022-04-18 14:50:43,721] {logging_mixin.py:104} INFO - [2022-04-18 14:50:43,721] {dag.py:1818} INFO - Sync 1 DAGs
[2022-04-18 14:50:43,738] {logging_mixin.py:104} INFO - [2022-04-18 14:50:43,738] {dag.py:2273} INFO - Setting next_dagrun for example_branch_dop_operator_v3 to 2022-04-16 00:00:00+00:00
[2022-04-18 14:50:43,742] {scheduler_job.py:190} INFO - Processing /home/airflow/.local/lib/python3.6/site-packages/airflow/example_dags/example_branch_python_dop_operator_3.py took 0.044 seconds
[2022-04-18 14:51:14,435] {scheduler_job.py:182} INFO - Started process (PID=4226) to work on /home/airflow/.local/lib/python3.6/site-packages/airflow/example_dags/example_branch_python_dop_operator_3.py
[2022-04-18 14:51:14,436] {scheduler_job.py:629} INFO - Processing file /home/airflow/.local/lib/python3.6/site-packages/airflow/example_dags/example_branch_python_dop_operator_3.py for tasks to queue
[2022-04-18 14:51:14,437] {logging_mixin.py:104} INFO - [2022-04-18 14:51:14,437] {dagbag.py:448} INFO - Filling up the DagBag from /home/airflow/.local/lib/python3.6/site-packages/airflow/example_dags/example_branch_python_dop_operator_3.py
[2022-04-18 14:51:14,446] {scheduler_job.py:639} INFO - DAG(s) dict_keys(['example_branch_dop_operator_v3']) retrieved from /home/airflow/.local/lib/python3.6/site-packages/airflow/example_dags/example_branch_python_dop_operator_3.py
[2022-04-18 14:51:14,460] {logging_mixin.py:104} INFO - [2022-04-18 14:51:14,459] {dag.py:1818} INFO - Sync 1 DAGs
[2022-04-18 14:51:14,476] {logging_mixin.py:104} INFO - [2022-04-18 14:51:14,476] {dag.py:2273} INFO - Setting next_dagrun for example_branch_dop_operator_v3 to 2022-04-16 00:00:00+00:00
[2022-04-18 14:51:14,480] {scheduler_job.py:190} INFO - Processing /home/airflow/.local/lib/python3.6/site-packages/airflow/example_dags/example_branch_python_dop_operator_3.py took 0.047 seconds
[2022-04-18 14:51:45,129] {scheduler_job.py:182} INFO - Started process (PID=4361) to work on /home/airflow/.local/lib/python3.6/site-packages/airflow/example_dags/example_branch_python_dop_operator_3.py
[2022-04-18 14:51:45,130] {scheduler_job.py:629} INFO - Processing file /home/airflow/.local/lib/python3.6/site-packages/airflow/example_dags/example_branch_python_dop_operator_3.py for tasks to queue
[2022-04-18 14:51:45,130] {logging_mixin.py:104} INFO - [2022-04-18 14:51:45,130] {dagbag.py:448} INFO - Filling up the DagBag from /home/airflow/.local/lib/python3.6/site-packages/airflow/example_dags/example_branch_python_dop_operator_3.py
[2022-04-18 14:51:45,137] {scheduler_job.py:639} INFO - DAG(s) dict_keys(['example_branch_dop_operator_v3']) retrieved from /home/airflow/.local/lib/python3.6/site-packages/airflow/example_dags/example_branch_python_dop_operator_3.py
[2022-04-18 14:51:45,147] {logging_mixin.py:104} INFO - [2022-04-18 14:51:45,147] {dag.py:1818} INFO - Sync 1 DAGs
[2022-04-18 14:51:45,165] {logging_mixin.py:104} INFO - [2022-04-18 14:51:45,165] {dag.py:2273} INFO - Setting next_dagrun for example_branch_dop_operator_v3 to 2022-04-16 00:00:00+00:00
[2022-04-18 14:51:45,169] {scheduler_job.py:190} INFO - Processing /home/airflow/.local/lib/python3.6/site-packages/airflow/example_dags/example_branch_python_dop_operator_3.py took 0.042 seconds
[2022-04-18 14:52:15,883] {scheduler_job.py:182} INFO - Started process (PID=4496) to work on /home/airflow/.local/lib/python3.6/site-packages/airflow/example_dags/example_branch_python_dop_operator_3.py
[2022-04-18 14:52:15,884] {scheduler_job.py:629} INFO - Processing file /home/airflow/.local/lib/python3.6/site-packages/airflow/example_dags/example_branch_python_dop_operator_3.py for tasks to queue
[2022-04-18 14:52:15,884] {logging_mixin.py:104} INFO - [2022-04-18 14:52:15,884] {dagbag.py:448} INFO - Filling up the DagBag from /home/airflow/.local/lib/python3.6/site-packages/airflow/example_dags/example_branch_python_dop_operator_3.py
[2022-04-18 14:52:15,893] {scheduler_job.py:639} INFO - DAG(s) dict_keys(['example_branch_dop_operator_v3']) retrieved from /home/airflow/.local/lib/python3.6/site-packages/airflow/example_dags/example_branch_python_dop_operator_3.py
[2022-04-18 14:52:15,907] {logging_mixin.py:104} INFO - [2022-04-18 14:52:15,907] {dag.py:1818} INFO - Sync 1 DAGs
[2022-04-18 14:52:15,923] {logging_mixin.py:104} INFO - [2022-04-18 14:52:15,923] {dag.py:2273} INFO - Setting next_dagrun for example_branch_dop_operator_v3 to 2022-04-16 00:00:00+00:00
[2022-04-18 14:52:15,927] {scheduler_job.py:190} INFO - Processing /home/airflow/.local/lib/python3.6/site-packages/airflow/example_dags/example_branch_python_dop_operator_3.py took 0.046 seconds
[2022-04-18 14:52:46,535] {scheduler_job.py:182} INFO - Started process (PID=4631) to work on /home/airflow/.local/lib/python3.6/site-packages/airflow/example_dags/example_branch_python_dop_operator_3.py
[2022-04-18 14:52:46,535] {scheduler_job.py:629} INFO - Processing file /home/airflow/.local/lib/python3.6/site-packages/airflow/example_dags/example_branch_python_dop_operator_3.py for tasks to queue
[2022-04-18 14:52:46,536] {logging_mixin.py:104} INFO - [2022-04-18 14:52:46,536] {dagbag.py:448} INFO - Filling up the DagBag from /home/airflow/.local/lib/python3.6/site-packages/airflow/example_dags/example_branch_python_dop_operator_3.py
[2022-04-18 14:52:46,544] {scheduler_job.py:639} INFO - DAG(s) dict_keys(['example_branch_dop_operator_v3']) retrieved from /home/airflow/.local/lib/python3.6/site-packages/airflow/example_dags/example_branch_python_dop_operator_3.py
[2022-04-18 14:52:46,559] {logging_mixin.py:104} INFO - [2022-04-18 14:52:46,559] {dag.py:1818} INFO - Sync 1 DAGs
[2022-04-18 14:52:46,577] {logging_mixin.py:104} INFO - [2022-04-18 14:52:46,576] {dag.py:2273} INFO - Setting next_dagrun for example_branch_dop_operator_v3 to 2022-04-16 00:00:00+00:00
[2022-04-18 14:52:46,580] {scheduler_job.py:190} INFO - Processing /home/airflow/.local/lib/python3.6/site-packages/airflow/example_dags/example_branch_python_dop_operator_3.py took 0.048 seconds
[2022-04-18 14:53:17,219] {scheduler_job.py:182} INFO - Started process (PID=4767) to work on /home/airflow/.local/lib/python3.6/site-packages/airflow/example_dags/example_branch_python_dop_operator_3.py
[2022-04-18 14:53:17,220] {scheduler_job.py:629} INFO - Processing file /home/airflow/.local/lib/python3.6/site-packages/airflow/example_dags/example_branch_python_dop_operator_3.py for tasks to queue
[2022-04-18 14:53:17,220] {logging_mixin.py:104} INFO - [2022-04-18 14:53:17,220] {dagbag.py:448} INFO - Filling up the DagBag from /home/airflow/.local/lib/python3.6/site-packages/airflow/example_dags/example_branch_python_dop_operator_3.py
[2022-04-18 14:53:17,230] {scheduler_job.py:639} INFO - DAG(s) dict_keys(['example_branch_dop_operator_v3']) retrieved from /home/airflow/.local/lib/python3.6/site-packages/airflow/example_dags/example_branch_python_dop_operator_3.py
[2022-04-18 14:53:17,244] {logging_mixin.py:104} INFO - [2022-04-18 14:53:17,244] {dag.py:1818} INFO - Sync 1 DAGs
[2022-04-18 14:53:17,262] {logging_mixin.py:104} INFO - [2022-04-18 14:53:17,262] {dag.py:2273} INFO - Setting next_dagrun for example_branch_dop_operator_v3 to 2022-04-16 00:00:00+00:00
[2022-04-18 14:53:17,266] {scheduler_job.py:190} INFO - Processing /home/airflow/.local/lib/python3.6/site-packages/airflow/example_dags/example_branch_python_dop_operator_3.py took 0.049 seconds
[2022-04-18 14:53:47,894] {scheduler_job.py:182} INFO - Started process (PID=4901) to work on /home/airflow/.local/lib/python3.6/site-packages/airflow/example_dags/example_branch_python_dop_operator_3.py
[2022-04-18 14:53:47,895] {scheduler_job.py:629} INFO - Processing file /home/airflow/.local/lib/python3.6/site-packages/airflow/example_dags/example_branch_python_dop_operator_3.py for tasks to queue
[2022-04-18 14:53:47,895] {logging_mixin.py:104} INFO - [2022-04-18 14:53:47,895] {dagbag.py:448} INFO - Filling up the DagBag from /home/airflow/.local/lib/python3.6/site-packages/airflow/example_dags/example_branch_python_dop_operator_3.py
[2022-04-18 14:53:47,902] {scheduler_job.py:639} INFO - DAG(s) dict_keys(['example_branch_dop_operator_v3']) retrieved from /home/airflow/.local/lib/python3.6/site-packages/airflow/example_dags/example_branch_python_dop_operator_3.py
[2022-04-18 14:53:47,913] {logging_mixin.py:104} INFO - [2022-04-18 14:53:47,913] {dag.py:1818} INFO - Sync 1 DAGs
[2022-04-18 14:53:47,931] {logging_mixin.py:104} INFO - [2022-04-18 14:53:47,931] {dag.py:2273} INFO - Setting next_dagrun for example_branch_dop_operator_v3 to 2022-04-16 00:00:00+00:00
[2022-04-18 14:53:47,935] {scheduler_job.py:190} INFO - Processing /home/airflow/.local/lib/python3.6/site-packages/airflow/example_dags/example_branch_python_dop_operator_3.py took 0.044 seconds
[2022-04-18 14:54:18,622] {scheduler_job.py:182} INFO - Started process (PID=5036) to work on /home/airflow/.local/lib/python3.6/site-packages/airflow/example_dags/example_branch_python_dop_operator_3.py
[2022-04-18 14:54:18,623] {scheduler_job.py:629} INFO - Processing file /home/airflow/.local/lib/python3.6/site-packages/airflow/example_dags/example_branch_python_dop_operator_3.py for tasks to queue
[2022-04-18 14:54:18,623] {logging_mixin.py:104} INFO - [2022-04-18 14:54:18,623] {dagbag.py:448} INFO - Filling up the DagBag from /home/airflow/.local/lib/python3.6/site-packages/airflow/example_dags/example_branch_python_dop_operator_3.py
[2022-04-18 14:54:18,634] {scheduler_job.py:639} INFO - DAG(s) dict_keys(['example_branch_dop_operator_v3']) retrieved from /home/airflow/.local/lib/python3.6/site-packages/airflow/example_dags/example_branch_python_dop_operator_3.py
[2022-04-18 14:54:18,644] {logging_mixin.py:104} INFO - [2022-04-18 14:54:18,644] {dag.py:1818} INFO - Sync 1 DAGs
[2022-04-18 14:54:18,662] {logging_mixin.py:104} INFO - [2022-04-18 14:54:18,662] {dag.py:2273} INFO - Setting next_dagrun for example_branch_dop_operator_v3 to 2022-04-16 00:00:00+00:00
[2022-04-18 14:54:18,666] {scheduler_job.py:190} INFO - Processing /home/airflow/.local/lib/python3.6/site-packages/airflow/example_dags/example_branch_python_dop_operator_3.py took 0.047 seconds
[2022-04-18 14:54:49,319] {scheduler_job.py:182} INFO - Started process (PID=5171) to work on /home/airflow/.local/lib/python3.6/site-packages/airflow/example_dags/example_branch_python_dop_operator_3.py
[2022-04-18 14:54:49,320] {scheduler_job.py:629} INFO - Processing file /home/airflow/.local/lib/python3.6/site-packages/airflow/example_dags/example_branch_python_dop_operator_3.py for tasks to queue
[2022-04-18 14:54:49,320] {logging_mixin.py:104} INFO - [2022-04-18 14:54:49,320] {dagbag.py:448} INFO - Filling up the DagBag from /home/airflow/.local/lib/python3.6/site-packages/airflow/example_dags/example_branch_python_dop_operator_3.py
[2022-04-18 14:54:49,329] {scheduler_job.py:639} INFO - DAG(s) dict_keys(['example_branch_dop_operator_v3']) retrieved from /home/airflow/.local/lib/python3.6/site-packages/airflow/example_dags/example_branch_python_dop_operator_3.py
[2022-04-18 14:54:49,343] {logging_mixin.py:104} INFO - [2022-04-18 14:54:49,343] {dag.py:1818} INFO - Sync 1 DAGs
[2022-04-18 14:54:49,360] {logging_mixin.py:104} INFO - [2022-04-18 14:54:49,360] {dag.py:2273} INFO - Setting next_dagrun for example_branch_dop_operator_v3 to 2022-04-16 00:00:00+00:00
[2022-04-18 14:54:49,364] {scheduler_job.py:190} INFO - Processing /home/airflow/.local/lib/python3.6/site-packages/airflow/example_dags/example_branch_python_dop_operator_3.py took 0.048 seconds
[2022-04-18 14:55:19,992] {scheduler_job.py:182} INFO - Started process (PID=5307) to work on /home/airflow/.local/lib/python3.6/site-packages/airflow/example_dags/example_branch_python_dop_operator_3.py
[2022-04-18 14:55:19,992] {scheduler_job.py:629} INFO - Processing file /home/airflow/.local/lib/python3.6/site-packages/airflow/example_dags/example_branch_python_dop_operator_3.py for tasks to queue
[2022-04-18 14:55:19,993] {logging_mixin.py:104} INFO - [2022-04-18 14:55:19,993] {dagbag.py:448} INFO - Filling up the DagBag from /home/airflow/.local/lib/python3.6/site-packages/airflow/example_dags/example_branch_python_dop_operator_3.py
[2022-04-18 14:55:20,001] {scheduler_job.py:639} INFO - DAG(s) dict_keys(['example_branch_dop_operator_v3']) retrieved from /home/airflow/.local/lib/python3.6/site-packages/airflow/example_dags/example_branch_python_dop_operator_3.py
[2022-04-18 14:55:20,012] {logging_mixin.py:104} INFO - [2022-04-18 14:55:20,012] {dag.py:1818} INFO - Sync 1 DAGs
[2022-04-18 14:55:20,027] {logging_mixin.py:104} INFO - [2022-04-18 14:55:20,027] {dag.py:2273} INFO - Setting next_dagrun for example_branch_dop_operator_v3 to 2022-04-16 00:00:00+00:00
[2022-04-18 14:55:20,031] {scheduler_job.py:190} INFO - Processing /home/airflow/.local/lib/python3.6/site-packages/airflow/example_dags/example_branch_python_dop_operator_3.py took 0.041 seconds
[2022-04-18 14:55:50,741] {scheduler_job.py:182} INFO - Started process (PID=5441) to work on /home/airflow/.local/lib/python3.6/site-packages/airflow/example_dags/example_branch_python_dop_operator_3.py
[2022-04-18 14:55:50,742] {scheduler_job.py:629} INFO - Processing file /home/airflow/.local/lib/python3.6/site-packages/airflow/example_dags/example_branch_python_dop_operator_3.py for tasks to queue
[2022-04-18 14:55:50,743] {logging_mixin.py:104} INFO - [2022-04-18 14:55:50,742] {dagbag.py:448} INFO - Filling up the DagBag from /home/airflow/.local/lib/python3.6/site-packages/airflow/example_dags/example_branch_python_dop_operator_3.py
[2022-04-18 14:55:50,752] {scheduler_job.py:639} INFO - DAG(s) dict_keys(['example_branch_dop_operator_v3']) retrieved from /home/airflow/.local/lib/python3.6/site-packages/airflow/example_dags/example_branch_python_dop_operator_3.py
[2022-04-18 14:55:50,766] {logging_mixin.py:104} INFO - [2022-04-18 14:55:50,765] {dag.py:1818} INFO - Sync 1 DAGs
[2022-04-18 14:55:50,783] {logging_mixin.py:104} INFO - [2022-04-18 14:55:50,783] {dag.py:2273} INFO - Setting next_dagrun for example_branch_dop_operator_v3 to 2022-04-16 00:00:00+00:00
[2022-04-18 14:55:50,787] {scheduler_job.py:190} INFO - Processing /home/airflow/.local/lib/python3.6/site-packages/airflow/example_dags/example_branch_python_dop_operator_3.py took 0.048 seconds
[2022-04-18 14:56:21,429] {scheduler_job.py:182} INFO - Started process (PID=5576) to work on /home/airflow/.local/lib/python3.6/site-packages/airflow/example_dags/example_branch_python_dop_operator_3.py
[2022-04-18 14:56:21,430] {scheduler_job.py:629} INFO - Processing file /home/airflow/.local/lib/python3.6/site-packages/airflow/example_dags/example_branch_python_dop_operator_3.py for tasks to queue
[2022-04-18 14:56:21,430] {logging_mixin.py:104} INFO - [2022-04-18 14:56:21,430] {dagbag.py:448} INFO - Filling up the DagBag from /home/airflow/.local/lib/python3.6/site-packages/airflow/example_dags/example_branch_python_dop_operator_3.py
[2022-04-18 14:56:21,440] {scheduler_job.py:639} INFO - DAG(s) dict_keys(['example_branch_dop_operator_v3']) retrieved from /home/airflow/.local/lib/python3.6/site-packages/airflow/example_dags/example_branch_python_dop_operator_3.py
[2022-04-18 14:56:21,455] {logging_mixin.py:104} INFO - [2022-04-18 14:56:21,455] {dag.py:1818} INFO - Sync 1 DAGs
[2022-04-18 14:56:21,470] {logging_mixin.py:104} INFO - [2022-04-18 14:56:21,470] {dag.py:2273} INFO - Setting next_dagrun for example_branch_dop_operator_v3 to 2022-04-16 00:00:00+00:00
[2022-04-18 14:56:21,475] {scheduler_job.py:190} INFO - Processing /home/airflow/.local/lib/python3.6/site-packages/airflow/example_dags/example_branch_python_dop_operator_3.py took 0.048 seconds
[2022-04-18 14:56:52,108] {scheduler_job.py:182} INFO - Started process (PID=5711) to work on /home/airflow/.local/lib/python3.6/site-packages/airflow/example_dags/example_branch_python_dop_operator_3.py
[2022-04-18 14:56:52,109] {scheduler_job.py:629} INFO - Processing file /home/airflow/.local/lib/python3.6/site-packages/airflow/example_dags/example_branch_python_dop_operator_3.py for tasks to queue
[2022-04-18 14:56:52,109] {logging_mixin.py:104} INFO - [2022-04-18 14:56:52,109] {dagbag.py:448} INFO - Filling up the DagBag from /home/airflow/.local/lib/python3.6/site-packages/airflow/example_dags/example_branch_python_dop_operator_3.py
[2022-04-18 14:56:52,119] {scheduler_job.py:639} INFO - DAG(s) dict_keys(['example_branch_dop_operator_v3']) retrieved from /home/airflow/.local/lib/python3.6/site-packages/airflow/example_dags/example_branch_python_dop_operator_3.py
[2022-04-18 14:56:52,134] {logging_mixin.py:104} INFO - [2022-04-18 14:56:52,134] {dag.py:1818} INFO - Sync 1 DAGs
[2022-04-18 14:56:52,149] {logging_mixin.py:104} INFO - [2022-04-18 14:56:52,149] {dag.py:2273} INFO - Setting next_dagrun for example_branch_dop_operator_v3 to 2022-04-16 00:00:00+00:00
[2022-04-18 14:56:52,153] {scheduler_job.py:190} INFO - Processing /home/airflow/.local/lib/python3.6/site-packages/airflow/example_dags/example_branch_python_dop_operator_3.py took 0.047 seconds
[2022-04-18 14:57:22,803] {scheduler_job.py:182} INFO - Started process (PID=5846) to work on /home/airflow/.local/lib/python3.6/site-packages/airflow/example_dags/example_branch_python_dop_operator_3.py
[2022-04-18 14:57:22,804] {scheduler_job.py:629} INFO - Processing file /home/airflow/.local/lib/python3.6/site-packages/airflow/example_dags/example_branch_python_dop_operator_3.py for tasks to queue
[2022-04-18 14:57:22,804] {logging_mixin.py:104} INFO - [2022-04-18 14:57:22,804] {dagbag.py:448} INFO - Filling up the DagBag from /home/airflow/.local/lib/python3.6/site-packages/airflow/example_dags/example_branch_python_dop_operator_3.py
[2022-04-18 14:57:22,813] {scheduler_job.py:639} INFO - DAG(s) dict_keys(['example_branch_dop_operator_v3']) retrieved from /home/airflow/.local/lib/python3.6/site-packages/airflow/example_dags/example_branch_python_dop_operator_3.py
[2022-04-18 14:57:22,829] {logging_mixin.py:104} INFO - [2022-04-18 14:57:22,829] {dag.py:1818} INFO - Sync 1 DAGs
[2022-04-18 14:57:22,845] {logging_mixin.py:104} INFO - [2022-04-18 14:57:22,845] {dag.py:2273} INFO - Setting next_dagrun for example_branch_dop_operator_v3 to 2022-04-16 00:00:00+00:00
[2022-04-18 14:57:22,850] {scheduler_job.py:190} INFO - Processing /home/airflow/.local/lib/python3.6/site-packages/airflow/example_dags/example_branch_python_dop_operator_3.py took 0.049 seconds
[2022-04-18 14:57:53,539] {scheduler_job.py:182} INFO - Started process (PID=5981) to work on /home/airflow/.local/lib/python3.6/site-packages/airflow/example_dags/example_branch_python_dop_operator_3.py
[2022-04-18 14:57:53,540] {scheduler_job.py:629} INFO - Processing file /home/airflow/.local/lib/python3.6/site-packages/airflow/example_dags/example_branch_python_dop_operator_3.py for tasks to queue
[2022-04-18 14:57:53,540] {logging_mixin.py:104} INFO - [2022-04-18 14:57:53,540] {dagbag.py:448} INFO - Filling up the DagBag from /home/airflow/.local/lib/python3.6/site-packages/airflow/example_dags/example_branch_python_dop_operator_3.py
[2022-04-18 14:57:53,549] {scheduler_job.py:639} INFO - DAG(s) dict_keys(['example_branch_dop_operator_v3']) retrieved from /home/airflow/.local/lib/python3.6/site-packages/airflow/example_dags/example_branch_python_dop_operator_3.py
[2022-04-18 14:57:53,564] {logging_mixin.py:104} INFO - [2022-04-18 14:57:53,564] {dag.py:1818} INFO - Sync 1 DAGs
[2022-04-18 14:57:53,580] {logging_mixin.py:104} INFO - [2022-04-18 14:57:53,580] {dag.py:2273} INFO - Setting next_dagrun for example_branch_dop_operator_v3 to 2022-04-16 00:00:00+00:00
[2022-04-18 14:57:53,584] {scheduler_job.py:190} INFO - Processing /home/airflow/.local/lib/python3.6/site-packages/airflow/example_dags/example_branch_python_dop_operator_3.py took 0.048 seconds
[2022-04-18 14:58:24,266] {scheduler_job.py:182} INFO - Started process (PID=6116) to work on /home/airflow/.local/lib/python3.6/site-packages/airflow/example_dags/example_branch_python_dop_operator_3.py
[2022-04-18 14:58:24,268] {scheduler_job.py:629} INFO - Processing file /home/airflow/.local/lib/python3.6/site-packages/airflow/example_dags/example_branch_python_dop_operator_3.py for tasks to queue
[2022-04-18 14:58:24,268] {logging_mixin.py:104} INFO - [2022-04-18 14:58:24,268] {dagbag.py:448} INFO - Filling up the DagBag from /home/airflow/.local/lib/python3.6/site-packages/airflow/example_dags/example_branch_python_dop_operator_3.py
[2022-04-18 14:58:24,276] {scheduler_job.py:639} INFO - DAG(s) dict_keys(['example_branch_dop_operator_v3']) retrieved from /home/airflow/.local/lib/python3.6/site-packages/airflow/example_dags/example_branch_python_dop_operator_3.py
[2022-04-18 14:58:24,291] {logging_mixin.py:104} INFO - [2022-04-18 14:58:24,291] {dag.py:1818} INFO - Sync 1 DAGs
[2022-04-18 14:58:24,310] {logging_mixin.py:104} INFO - [2022-04-18 14:58:24,310] {dag.py:2273} INFO - Setting next_dagrun for example_branch_dop_operator_v3 to 2022-04-16 00:00:00+00:00
[2022-04-18 14:58:24,314] {scheduler_job.py:190} INFO - Processing /home/airflow/.local/lib/python3.6/site-packages/airflow/example_dags/example_branch_python_dop_operator_3.py took 0.049 seconds
[2022-04-18 14:58:54,966] {scheduler_job.py:182} INFO - Started process (PID=6251) to work on /home/airflow/.local/lib/python3.6/site-packages/airflow/example_dags/example_branch_python_dop_operator_3.py
[2022-04-18 14:58:54,967] {scheduler_job.py:629} INFO - Processing file /home/airflow/.local/lib/python3.6/site-packages/airflow/example_dags/example_branch_python_dop_operator_3.py for tasks to queue
[2022-04-18 14:58:54,967] {logging_mixin.py:104} INFO - [2022-04-18 14:58:54,967] {dagbag.py:448} INFO - Filling up the DagBag from /home/airflow/.local/lib/python3.6/site-packages/airflow/example_dags/example_branch_python_dop_operator_3.py
[2022-04-18 14:58:54,976] {scheduler_job.py:639} INFO - DAG(s) dict_keys(['example_branch_dop_operator_v3']) retrieved from /home/airflow/.local/lib/python3.6/site-packages/airflow/example_dags/example_branch_python_dop_operator_3.py
[2022-04-18 14:58:54,991] {logging_mixin.py:104} INFO - [2022-04-18 14:58:54,991] {dag.py:1818} INFO - Sync 1 DAGs
[2022-04-18 14:58:55,009] {logging_mixin.py:104} INFO - [2022-04-18 14:58:55,009] {dag.py:2273} INFO - Setting next_dagrun for example_branch_dop_operator_v3 to 2022-04-16 00:00:00+00:00
[2022-04-18 14:58:55,013] {scheduler_job.py:190} INFO - Processing /home/airflow/.local/lib/python3.6/site-packages/airflow/example_dags/example_branch_python_dop_operator_3.py took 0.049 seconds
[2022-04-18 14:59:25,630] {scheduler_job.py:182} INFO - Started process (PID=6386) to work on /home/airflow/.local/lib/python3.6/site-packages/airflow/example_dags/example_branch_python_dop_operator_3.py
[2022-04-18 14:59:25,631] {scheduler_job.py:629} INFO - Processing file /home/airflow/.local/lib/python3.6/site-packages/airflow/example_dags/example_branch_python_dop_operator_3.py for tasks to queue
[2022-04-18 14:59:25,632] {logging_mixin.py:104} INFO - [2022-04-18 14:59:25,632] {dagbag.py:448} INFO - Filling up the DagBag from /home/airflow/.local/lib/python3.6/site-packages/airflow/example_dags/example_branch_python_dop_operator_3.py
[2022-04-18 14:59:25,640] {scheduler_job.py:639} INFO - DAG(s) dict_keys(['example_branch_dop_operator_v3']) retrieved from /home/airflow/.local/lib/python3.6/site-packages/airflow/example_dags/example_branch_python_dop_operator_3.py
[2022-04-18 14:59:25,655] {logging_mixin.py:104} INFO - [2022-04-18 14:59:25,655] {dag.py:1818} INFO - Sync 1 DAGs
[2022-04-18 14:59:25,673] {logging_mixin.py:104} INFO - [2022-04-18 14:59:25,673] {dag.py:2273} INFO - Setting next_dagrun for example_branch_dop_operator_v3 to 2022-04-16 00:00:00+00:00
[2022-04-18 14:59:25,677] {scheduler_job.py:190} INFO - Processing /home/airflow/.local/lib/python3.6/site-packages/airflow/example_dags/example_branch_python_dop_operator_3.py took 0.049 seconds
[2022-04-18 14:59:56,303] {scheduler_job.py:182} INFO - Started process (PID=6521) to work on /home/airflow/.local/lib/python3.6/site-packages/airflow/example_dags/example_branch_python_dop_operator_3.py
[2022-04-18 14:59:56,304] {scheduler_job.py:629} INFO - Processing file /home/airflow/.local/lib/python3.6/site-packages/airflow/example_dags/example_branch_python_dop_operator_3.py for tasks to queue
[2022-04-18 14:59:56,305] {logging_mixin.py:104} INFO - [2022-04-18 14:59:56,305] {dagbag.py:448} INFO - Filling up the DagBag from /home/airflow/.local/lib/python3.6/site-packages/airflow/example_dags/example_branch_python_dop_operator_3.py
[2022-04-18 14:59:56,313] {scheduler_job.py:639} INFO - DAG(s) dict_keys(['example_branch_dop_operator_v3']) retrieved from /home/airflow/.local/lib/python3.6/site-packages/airflow/example_dags/example_branch_python_dop_operator_3.py
[2022-04-18 14:59:56,328] {logging_mixin.py:104} INFO - [2022-04-18 14:59:56,328] {dag.py:1818} INFO - Sync 1 DAGs
[2022-04-18 14:59:56,344] {logging_mixin.py:104} INFO - [2022-04-18 14:59:56,344] {dag.py:2273} INFO - Setting next_dagrun for example_branch_dop_operator_v3 to 2022-04-16 00:00:00+00:00
[2022-04-18 14:59:56,348] {scheduler_job.py:190} INFO - Processing /home/airflow/.local/lib/python3.6/site-packages/airflow/example_dags/example_branch_python_dop_operator_3.py took 0.046 seconds
[2022-04-18 15:00:26,998] {scheduler_job.py:182} INFO - Started process (PID=6656) to work on /home/airflow/.local/lib/python3.6/site-packages/airflow/example_dags/example_branch_python_dop_operator_3.py
[2022-04-18 15:00:26,999] {scheduler_job.py:629} INFO - Processing file /home/airflow/.local/lib/python3.6/site-packages/airflow/example_dags/example_branch_python_dop_operator_3.py for tasks to queue
[2022-04-18 15:00:27,000] {logging_mixin.py:104} INFO - [2022-04-18 15:00:27,000] {dagbag.py:448} INFO - Filling up the DagBag from /home/airflow/.local/lib/python3.6/site-packages/airflow/example_dags/example_branch_python_dop_operator_3.py
[2022-04-18 15:00:27,008] {scheduler_job.py:639} INFO - DAG(s) dict_keys(['example_branch_dop_operator_v3']) retrieved from /home/airflow/.local/lib/python3.6/site-packages/airflow/example_dags/example_branch_python_dop_operator_3.py
[2022-04-18 15:00:27,022] {logging_mixin.py:104} INFO - [2022-04-18 15:00:27,022] {dag.py:1818} INFO - Sync 1 DAGs
[2022-04-18 15:00:27,038] {logging_mixin.py:104} INFO - [2022-04-18 15:00:27,038] {dag.py:2273} INFO - Setting next_dagrun for example_branch_dop_operator_v3 to 2022-04-16 00:00:00+00:00
[2022-04-18 15:00:27,042] {scheduler_job.py:190} INFO - Processing /home/airflow/.local/lib/python3.6/site-packages/airflow/example_dags/example_branch_python_dop_operator_3.py took 0.046 seconds
[2022-04-18 15:00:57,665] {scheduler_job.py:182} INFO - Started process (PID=6791) to work on /home/airflow/.local/lib/python3.6/site-packages/airflow/example_dags/example_branch_python_dop_operator_3.py
[2022-04-18 15:00:57,666] {scheduler_job.py:629} INFO - Processing file /home/airflow/.local/lib/python3.6/site-packages/airflow/example_dags/example_branch_python_dop_operator_3.py for tasks to queue
[2022-04-18 15:00:57,666] {logging_mixin.py:104} INFO - [2022-04-18 15:00:57,666] {dagbag.py:448} INFO - Filling up the DagBag from /home/airflow/.local/lib/python3.6/site-packages/airflow/example_dags/example_branch_python_dop_operator_3.py
[2022-04-18 15:00:57,676] {scheduler_job.py:639} INFO - DAG(s) dict_keys(['example_branch_dop_operator_v3']) retrieved from /home/airflow/.local/lib/python3.6/site-packages/airflow/example_dags/example_branch_python_dop_operator_3.py
[2022-04-18 15:00:57,687] {logging_mixin.py:104} INFO - [2022-04-18 15:00:57,687] {dag.py:1818} INFO - Sync 1 DAGs
[2022-04-18 15:00:57,705] {logging_mixin.py:104} INFO - [2022-04-18 15:00:57,705] {dag.py:2273} INFO - Setting next_dagrun for example_branch_dop_operator_v3 to 2022-04-16 00:00:00+00:00
[2022-04-18 15:00:57,709] {scheduler_job.py:190} INFO - Processing /home/airflow/.local/lib/python3.6/site-packages/airflow/example_dags/example_branch_python_dop_operator_3.py took 0.046 seconds
[2022-04-18 15:01:28,350] {scheduler_job.py:182} INFO - Started process (PID=6927) to work on /home/airflow/.local/lib/python3.6/site-packages/airflow/example_dags/example_branch_python_dop_operator_3.py
[2022-04-18 15:01:28,351] {scheduler_job.py:629} INFO - Processing file /home/airflow/.local/lib/python3.6/site-packages/airflow/example_dags/example_branch_python_dop_operator_3.py for tasks to queue
[2022-04-18 15:01:28,351] {logging_mixin.py:104} INFO - [2022-04-18 15:01:28,351] {dagbag.py:448} INFO - Filling up the DagBag from /home/airflow/.local/lib/python3.6/site-packages/airflow/example_dags/example_branch_python_dop_operator_3.py
[2022-04-18 15:01:28,360] {scheduler_job.py:639} INFO - DAG(s) dict_keys(['example_branch_dop_operator_v3']) retrieved from /home/airflow/.local/lib/python3.6/site-packages/airflow/example_dags/example_branch_python_dop_operator_3.py
[2022-04-18 15:01:28,377] {logging_mixin.py:104} INFO - [2022-04-18 15:01:28,376] {dag.py:1818} INFO - Sync 1 DAGs
[2022-04-18 15:01:28,399] {logging_mixin.py:104} INFO - [2022-04-18 15:01:28,399] {dag.py:2273} INFO - Setting next_dagrun for example_branch_dop_operator_v3 to 2022-04-16 00:00:00+00:00
[2022-04-18 15:01:28,403] {scheduler_job.py:190} INFO - Processing /home/airflow/.local/lib/python3.6/site-packages/airflow/example_dags/example_branch_python_dop_operator_3.py took 0.055 seconds
[2022-04-18 15:01:59,035] {scheduler_job.py:182} INFO - Started process (PID=7061) to work on /home/airflow/.local/lib/python3.6/site-packages/airflow/example_dags/example_branch_python_dop_operator_3.py
[2022-04-18 15:01:59,036] {scheduler_job.py:629} INFO - Processing file /home/airflow/.local/lib/python3.6/site-packages/airflow/example_dags/example_branch_python_dop_operator_3.py for tasks to queue
[2022-04-18 15:01:59,036] {logging_mixin.py:104} INFO - [2022-04-18 15:01:59,036] {dagbag.py:448} INFO - Filling up the DagBag from /home/airflow/.local/lib/python3.6/site-packages/airflow/example_dags/example_branch_python_dop_operator_3.py
[2022-04-18 15:01:59,045] {scheduler_job.py:639} INFO - DAG(s) dict_keys(['example_branch_dop_operator_v3']) retrieved from /home/airflow/.local/lib/python3.6/site-packages/airflow/example_dags/example_branch_python_dop_operator_3.py
[2022-04-18 15:01:59,060] {logging_mixin.py:104} INFO - [2022-04-18 15:01:59,060] {dag.py:1818} INFO - Sync 1 DAGs
[2022-04-18 15:01:59,076] {logging_mixin.py:104} INFO - [2022-04-18 15:01:59,076] {dag.py:2273} INFO - Setting next_dagrun for example_branch_dop_operator_v3 to 2022-04-16 00:00:00+00:00
[2022-04-18 15:01:59,080] {scheduler_job.py:190} INFO - Processing /home/airflow/.local/lib/python3.6/site-packages/airflow/example_dags/example_branch_python_dop_operator_3.py took 0.047 seconds
[2022-04-18 15:02:29,798] {scheduler_job.py:182} INFO - Started process (PID=7196) to work on /home/airflow/.local/lib/python3.6/site-packages/airflow/example_dags/example_branch_python_dop_operator_3.py
[2022-04-18 15:02:29,799] {scheduler_job.py:629} INFO - Processing file /home/airflow/.local/lib/python3.6/site-packages/airflow/example_dags/example_branch_python_dop_operator_3.py for tasks to queue
[2022-04-18 15:02:29,799] {logging_mixin.py:104} INFO - [2022-04-18 15:02:29,799] {dagbag.py:448} INFO - Filling up the DagBag from /home/airflow/.local/lib/python3.6/site-packages/airflow/example_dags/example_branch_python_dop_operator_3.py
[2022-04-18 15:02:29,808] {scheduler_job.py:639} INFO - DAG(s) dict_keys(['example_branch_dop_operator_v3']) retrieved from /home/airflow/.local/lib/python3.6/site-packages/airflow/example_dags/example_branch_python_dop_operator_3.py
[2022-04-18 15:02:29,823] {logging_mixin.py:104} INFO - [2022-04-18 15:02:29,823] {dag.py:1818} INFO - Sync 1 DAGs
[2022-04-18 15:02:29,840] {logging_mixin.py:104} INFO - [2022-04-18 15:02:29,840] {dag.py:2273} INFO - Setting next_dagrun for example_branch_dop_operator_v3 to 2022-04-16 00:00:00+00:00
[2022-04-18 15:02:29,844] {scheduler_job.py:190} INFO - Processing /home/airflow/.local/lib/python3.6/site-packages/airflow/example_dags/example_branch_python_dop_operator_3.py took 0.048 seconds
[2022-04-18 15:03:00,478] {scheduler_job.py:182} INFO - Started process (PID=7331) to work on /home/airflow/.local/lib/python3.6/site-packages/airflow/example_dags/example_branch_python_dop_operator_3.py
[2022-04-18 15:03:00,479] {scheduler_job.py:629} INFO - Processing file /home/airflow/.local/lib/python3.6/site-packages/airflow/example_dags/example_branch_python_dop_operator_3.py for tasks to queue
[2022-04-18 15:03:00,480] {logging_mixin.py:104} INFO - [2022-04-18 15:03:00,480] {dagbag.py:448} INFO - Filling up the DagBag from /home/airflow/.local/lib/python3.6/site-packages/airflow/example_dags/example_branch_python_dop_operator_3.py
[2022-04-18 15:03:00,489] {scheduler_job.py:639} INFO - DAG(s) dict_keys(['example_branch_dop_operator_v3']) retrieved from /home/airflow/.local/lib/python3.6/site-packages/airflow/example_dags/example_branch_python_dop_operator_3.py
[2022-04-18 15:03:00,499] {logging_mixin.py:104} INFO - [2022-04-18 15:03:00,499] {dag.py:1818} INFO - Sync 1 DAGs
[2022-04-18 15:03:00,518] {logging_mixin.py:104} INFO - [2022-04-18 15:03:00,518] {dag.py:2273} INFO - Setting next_dagrun for example_branch_dop_operator_v3 to 2022-04-16 00:00:00+00:00
[2022-04-18 15:03:00,522] {scheduler_job.py:190} INFO - Processing /home/airflow/.local/lib/python3.6/site-packages/airflow/example_dags/example_branch_python_dop_operator_3.py took 0.046 seconds
[2022-04-18 15:03:31,158] {scheduler_job.py:182} INFO - Started process (PID=7466) to work on /home/airflow/.local/lib/python3.6/site-packages/airflow/example_dags/example_branch_python_dop_operator_3.py
[2022-04-18 15:03:31,159] {scheduler_job.py:629} INFO - Processing file /home/airflow/.local/lib/python3.6/site-packages/airflow/example_dags/example_branch_python_dop_operator_3.py for tasks to queue
[2022-04-18 15:03:31,159] {logging_mixin.py:104} INFO - [2022-04-18 15:03:31,159] {dagbag.py:448} INFO - Filling up the DagBag from /home/airflow/.local/lib/python3.6/site-packages/airflow/example_dags/example_branch_python_dop_operator_3.py
[2022-04-18 15:03:31,166] {scheduler_job.py:639} INFO - DAG(s) dict_keys(['example_branch_dop_operator_v3']) retrieved from /home/airflow/.local/lib/python3.6/site-packages/airflow/example_dags/example_branch_python_dop_operator_3.py
[2022-04-18 15:03:31,180] {logging_mixin.py:104} INFO - [2022-04-18 15:03:31,180] {dag.py:1818} INFO - Sync 1 DAGs
[2022-04-18 15:03:31,198] {logging_mixin.py:104} INFO - [2022-04-18 15:03:31,198] {dag.py:2273} INFO - Setting next_dagrun for example_branch_dop_operator_v3 to 2022-04-16 00:00:00+00:00
[2022-04-18 15:03:31,202] {scheduler_job.py:190} INFO - Processing /home/airflow/.local/lib/python3.6/site-packages/airflow/example_dags/example_branch_python_dop_operator_3.py took 0.047 seconds
[2022-04-18 15:04:01,839] {scheduler_job.py:182} INFO - Started process (PID=7601) to work on /home/airflow/.local/lib/python3.6/site-packages/airflow/example_dags/example_branch_python_dop_operator_3.py
[2022-04-18 15:04:01,840] {scheduler_job.py:629} INFO - Processing file /home/airflow/.local/lib/python3.6/site-packages/airflow/example_dags/example_branch_python_dop_operator_3.py for tasks to queue
[2022-04-18 15:04:01,841] {logging_mixin.py:104} INFO - [2022-04-18 15:04:01,841] {dagbag.py:448} INFO - Filling up the DagBag from /home/airflow/.local/lib/python3.6/site-packages/airflow/example_dags/example_branch_python_dop_operator_3.py
[2022-04-18 15:04:01,849] {scheduler_job.py:639} INFO - DAG(s) dict_keys(['example_branch_dop_operator_v3']) retrieved from /home/airflow/.local/lib/python3.6/site-packages/airflow/example_dags/example_branch_python_dop_operator_3.py
[2022-04-18 15:04:01,860] {logging_mixin.py:104} INFO - [2022-04-18 15:04:01,860] {dag.py:1818} INFO - Sync 1 DAGs
[2022-04-18 15:04:01,878] {logging_mixin.py:104} INFO - [2022-04-18 15:04:01,878] {dag.py:2273} INFO - Setting next_dagrun for example_branch_dop_operator_v3 to 2022-04-16 00:00:00+00:00
[2022-04-18 15:04:01,883] {scheduler_job.py:190} INFO - Processing /home/airflow/.local/lib/python3.6/site-packages/airflow/example_dags/example_branch_python_dop_operator_3.py took 0.046 seconds
[2022-04-18 15:04:32,507] {scheduler_job.py:182} INFO - Started process (PID=7736) to work on /home/airflow/.local/lib/python3.6/site-packages/airflow/example_dags/example_branch_python_dop_operator_3.py
[2022-04-18 15:04:32,508] {scheduler_job.py:629} INFO - Processing file /home/airflow/.local/lib/python3.6/site-packages/airflow/example_dags/example_branch_python_dop_operator_3.py for tasks to queue
[2022-04-18 15:04:32,508] {logging_mixin.py:104} INFO - [2022-04-18 15:04:32,508] {dagbag.py:448} INFO - Filling up the DagBag from /home/airflow/.local/lib/python3.6/site-packages/airflow/example_dags/example_branch_python_dop_operator_3.py
[2022-04-18 15:04:32,519] {scheduler_job.py:639} INFO - DAG(s) dict_keys(['example_branch_dop_operator_v3']) retrieved from /home/airflow/.local/lib/python3.6/site-packages/airflow/example_dags/example_branch_python_dop_operator_3.py
[2022-04-18 15:04:32,529] {logging_mixin.py:104} INFO - [2022-04-18 15:04:32,529] {dag.py:1818} INFO - Sync 1 DAGs
[2022-04-18 15:04:32,548] {logging_mixin.py:104} INFO - [2022-04-18 15:04:32,548] {dag.py:2273} INFO - Setting next_dagrun for example_branch_dop_operator_v3 to 2022-04-16 00:00:00+00:00
[2022-04-18 15:04:32,552] {scheduler_job.py:190} INFO - Processing /home/airflow/.local/lib/python3.6/site-packages/airflow/example_dags/example_branch_python_dop_operator_3.py took 0.047 seconds
[2022-04-18 15:05:03,240] {scheduler_job.py:182} INFO - Started process (PID=7871) to work on /home/airflow/.local/lib/python3.6/site-packages/airflow/example_dags/example_branch_python_dop_operator_3.py
[2022-04-18 15:05:03,240] {scheduler_job.py:629} INFO - Processing file /home/airflow/.local/lib/python3.6/site-packages/airflow/example_dags/example_branch_python_dop_operator_3.py for tasks to queue
[2022-04-18 15:05:03,241] {logging_mixin.py:104} INFO - [2022-04-18 15:05:03,241] {dagbag.py:448} INFO - Filling up the DagBag from /home/airflow/.local/lib/python3.6/site-packages/airflow/example_dags/example_branch_python_dop_operator_3.py
[2022-04-18 15:05:03,248] {scheduler_job.py:639} INFO - DAG(s) dict_keys(['example_branch_dop_operator_v3']) retrieved from /home/airflow/.local/lib/python3.6/site-packages/airflow/example_dags/example_branch_python_dop_operator_3.py
[2022-04-18 15:05:03,262] {logging_mixin.py:104} INFO - [2022-04-18 15:05:03,262] {dag.py:1818} INFO - Sync 1 DAGs
[2022-04-18 15:05:03,278] {logging_mixin.py:104} INFO - [2022-04-18 15:05:03,278] {dag.py:2273} INFO - Setting next_dagrun for example_branch_dop_operator_v3 to 2022-04-16 00:00:00+00:00
[2022-04-18 15:05:03,283] {scheduler_job.py:190} INFO - Processing /home/airflow/.local/lib/python3.6/site-packages/airflow/example_dags/example_branch_python_dop_operator_3.py took 0.046 seconds
[2022-04-18 15:05:33,928] {scheduler_job.py:182} INFO - Started process (PID=8006) to work on /home/airflow/.local/lib/python3.6/site-packages/airflow/example_dags/example_branch_python_dop_operator_3.py
[2022-04-18 15:05:33,929] {scheduler_job.py:629} INFO - Processing file /home/airflow/.local/lib/python3.6/site-packages/airflow/example_dags/example_branch_python_dop_operator_3.py for tasks to queue
[2022-04-18 15:05:33,930] {logging_mixin.py:104} INFO - [2022-04-18 15:05:33,930] {dagbag.py:448} INFO - Filling up the DagBag from /home/airflow/.local/lib/python3.6/site-packages/airflow/example_dags/example_branch_python_dop_operator_3.py
[2022-04-18 15:05:33,941] {scheduler_job.py:639} INFO - DAG(s) dict_keys(['example_branch_dop_operator_v3']) retrieved from /home/airflow/.local/lib/python3.6/site-packages/airflow/example_dags/example_branch_python_dop_operator_3.py
[2022-04-18 15:05:33,955] {logging_mixin.py:104} INFO - [2022-04-18 15:05:33,955] {dag.py:1818} INFO - Sync 1 DAGs
[2022-04-18 15:05:33,974] {logging_mixin.py:104} INFO - [2022-04-18 15:05:33,974] {dag.py:2273} INFO - Setting next_dagrun for example_branch_dop_operator_v3 to 2022-04-16 00:00:00+00:00
[2022-04-18 15:05:33,978] {scheduler_job.py:190} INFO - Processing /home/airflow/.local/lib/python3.6/site-packages/airflow/example_dags/example_branch_python_dop_operator_3.py took 0.052 seconds
[2022-04-18 15:06:04,622] {scheduler_job.py:182} INFO - Started process (PID=8141) to work on /home/airflow/.local/lib/python3.6/site-packages/airflow/example_dags/example_branch_python_dop_operator_3.py
[2022-04-18 15:06:04,623] {scheduler_job.py:629} INFO - Processing file /home/airflow/.local/lib/python3.6/site-packages/airflow/example_dags/example_branch_python_dop_operator_3.py for tasks to queue
[2022-04-18 15:06:04,624] {logging_mixin.py:104} INFO - [2022-04-18 15:06:04,623] {dagbag.py:448} INFO - Filling up the DagBag from /home/airflow/.local/lib/python3.6/site-packages/airflow/example_dags/example_branch_python_dop_operator_3.py
[2022-04-18 15:06:04,632] {scheduler_job.py:639} INFO - DAG(s) dict_keys(['example_branch_dop_operator_v3']) retrieved from /home/airflow/.local/lib/python3.6/site-packages/airflow/example_dags/example_branch_python_dop_operator_3.py
[2022-04-18 15:06:04,643] {logging_mixin.py:104} INFO - [2022-04-18 15:06:04,643] {dag.py:1818} INFO - Sync 1 DAGs
[2022-04-18 15:06:04,661] {logging_mixin.py:104} INFO - [2022-04-18 15:06:04,661] {dag.py:2273} INFO - Setting next_dagrun for example_branch_dop_operator_v3 to 2022-04-16 00:00:00+00:00
[2022-04-18 15:06:04,666] {scheduler_job.py:190} INFO - Processing /home/airflow/.local/lib/python3.6/site-packages/airflow/example_dags/example_branch_python_dop_operator_3.py took 0.046 seconds
[2022-04-18 15:06:35,302] {scheduler_job.py:182} INFO - Started process (PID=8276) to work on /home/airflow/.local/lib/python3.6/site-packages/airflow/example_dags/example_branch_python_dop_operator_3.py
[2022-04-18 15:06:35,303] {scheduler_job.py:629} INFO - Processing file /home/airflow/.local/lib/python3.6/site-packages/airflow/example_dags/example_branch_python_dop_operator_3.py for tasks to queue
[2022-04-18 15:06:35,303] {logging_mixin.py:104} INFO - [2022-04-18 15:06:35,303] {dagbag.py:448} INFO - Filling up the DagBag from /home/airflow/.local/lib/python3.6/site-packages/airflow/example_dags/example_branch_python_dop_operator_3.py
[2022-04-18 15:06:35,313] {scheduler_job.py:639} INFO - DAG(s) dict_keys(['example_branch_dop_operator_v3']) retrieved from /home/airflow/.local/lib/python3.6/site-packages/airflow/example_dags/example_branch_python_dop_operator_3.py
[2022-04-18 15:06:35,324] {logging_mixin.py:104} INFO - [2022-04-18 15:06:35,324] {dag.py:1818} INFO - Sync 1 DAGs
[2022-04-18 15:06:35,341] {logging_mixin.py:104} INFO - [2022-04-18 15:06:35,341] {dag.py:2273} INFO - Setting next_dagrun for example_branch_dop_operator_v3 to 2022-04-16 00:00:00+00:00
[2022-04-18 15:06:35,345] {scheduler_job.py:190} INFO - Processing /home/airflow/.local/lib/python3.6/site-packages/airflow/example_dags/example_branch_python_dop_operator_3.py took 0.045 seconds
