[2022-04-18 14:37:01,205] {scheduler_job.py:182} INFO - Started process (PID=207) to work on /home/airflow/.local/lib/python3.6/site-packages/airflow/example_dags/example_bash_operator.py
[2022-04-18 14:37:01,206] {scheduler_job.py:629} INFO - Processing file /home/airflow/.local/lib/python3.6/site-packages/airflow/example_dags/example_bash_operator.py for tasks to queue
[2022-04-18 14:37:01,206] {logging_mixin.py:104} INFO - [2022-04-18 14:37:01,206] {dagbag.py:448} INFO - Filling up the DagBag from /home/airflow/.local/lib/python3.6/site-packages/airflow/example_dags/example_bash_operator.py
[2022-04-18 14:37:01,215] {scheduler_job.py:639} INFO - DAG(s) dict_keys(['example_bash_operator']) retrieved from /home/airflow/.local/lib/python3.6/site-packages/airflow/example_dags/example_bash_operator.py
[2022-04-18 14:37:01,233] {logging_mixin.py:104} INFO - [2022-04-18 14:37:01,233] {dag.py:1818} INFO - Sync 1 DAGs
[2022-04-18 14:37:01,244] {logging_mixin.py:104} INFO - [2022-04-18 14:37:01,244] {dag.py:2273} INFO - Setting next_dagrun for example_bash_operator to 2022-04-16 00:00:00+00:00
[2022-04-18 14:37:01,250] {scheduler_job.py:190} INFO - Processing /home/airflow/.local/lib/python3.6/site-packages/airflow/example_dags/example_bash_operator.py took 0.047 seconds
[2022-04-18 14:37:31,278] {scheduler_job.py:182} INFO - Started process (PID=585) to work on /home/airflow/.local/lib/python3.6/site-packages/airflow/example_dags/example_bash_operator.py
[2022-04-18 14:37:31,278] {scheduler_job.py:629} INFO - Processing file /home/airflow/.local/lib/python3.6/site-packages/airflow/example_dags/example_bash_operator.py for tasks to queue
[2022-04-18 14:37:31,279] {logging_mixin.py:104} INFO - [2022-04-18 14:37:31,279] {dagbag.py:448} INFO - Filling up the DagBag from /home/airflow/.local/lib/python3.6/site-packages/airflow/example_dags/example_bash_operator.py
[2022-04-18 14:37:31,287] {scheduler_job.py:639} INFO - DAG(s) dict_keys(['example_bash_operator']) retrieved from /home/airflow/.local/lib/python3.6/site-packages/airflow/example_dags/example_bash_operator.py
[2022-04-18 14:37:31,305] {logging_mixin.py:104} INFO - [2022-04-18 14:37:31,305] {dag.py:1818} INFO - Sync 1 DAGs
[2022-04-18 14:37:31,316] {logging_mixin.py:104} INFO - [2022-04-18 14:37:31,316] {dag.py:2273} INFO - Setting next_dagrun for example_bash_operator to 2022-04-16 00:00:00+00:00
[2022-04-18 14:37:31,322] {scheduler_job.py:190} INFO - Processing /home/airflow/.local/lib/python3.6/site-packages/airflow/example_dags/example_bash_operator.py took 0.046 seconds
[2022-04-18 14:38:01,373] {scheduler_job.py:182} INFO - Started process (PID=724) to work on /home/airflow/.local/lib/python3.6/site-packages/airflow/example_dags/example_bash_operator.py
[2022-04-18 14:38:01,374] {scheduler_job.py:629} INFO - Processing file /home/airflow/.local/lib/python3.6/site-packages/airflow/example_dags/example_bash_operator.py for tasks to queue
[2022-04-18 14:38:01,374] {logging_mixin.py:104} INFO - [2022-04-18 14:38:01,374] {dagbag.py:448} INFO - Filling up the DagBag from /home/airflow/.local/lib/python3.6/site-packages/airflow/example_dags/example_bash_operator.py
[2022-04-18 14:38:01,385] {scheduler_job.py:639} INFO - DAG(s) dict_keys(['example_bash_operator']) retrieved from /home/airflow/.local/lib/python3.6/site-packages/airflow/example_dags/example_bash_operator.py
[2022-04-18 14:38:01,402] {logging_mixin.py:104} INFO - [2022-04-18 14:38:01,401] {dag.py:1818} INFO - Sync 1 DAGs
[2022-04-18 14:38:01,413] {logging_mixin.py:104} INFO - [2022-04-18 14:38:01,413] {dag.py:2273} INFO - Setting next_dagrun for example_bash_operator to 2022-04-16 00:00:00+00:00
[2022-04-18 14:38:01,417] {scheduler_job.py:190} INFO - Processing /home/airflow/.local/lib/python3.6/site-packages/airflow/example_dags/example_bash_operator.py took 0.047 seconds
[2022-04-18 14:38:31,436] {scheduler_job.py:182} INFO - Started process (PID=863) to work on /home/airflow/.local/lib/python3.6/site-packages/airflow/example_dags/example_bash_operator.py
[2022-04-18 14:38:31,437] {scheduler_job.py:629} INFO - Processing file /home/airflow/.local/lib/python3.6/site-packages/airflow/example_dags/example_bash_operator.py for tasks to queue
[2022-04-18 14:38:31,437] {logging_mixin.py:104} INFO - [2022-04-18 14:38:31,437] {dagbag.py:448} INFO - Filling up the DagBag from /home/airflow/.local/lib/python3.6/site-packages/airflow/example_dags/example_bash_operator.py
[2022-04-18 14:38:31,446] {scheduler_job.py:639} INFO - DAG(s) dict_keys(['example_bash_operator']) retrieved from /home/airflow/.local/lib/python3.6/site-packages/airflow/example_dags/example_bash_operator.py
[2022-04-18 14:38:31,461] {logging_mixin.py:104} INFO - [2022-04-18 14:38:31,461] {dag.py:1818} INFO - Sync 1 DAGs
[2022-04-18 14:38:31,473] {logging_mixin.py:104} INFO - [2022-04-18 14:38:31,473] {dag.py:2273} INFO - Setting next_dagrun for example_bash_operator to 2022-04-16 00:00:00+00:00
[2022-04-18 14:38:31,477] {scheduler_job.py:190} INFO - Processing /home/airflow/.local/lib/python3.6/site-packages/airflow/example_dags/example_bash_operator.py took 0.043 seconds
[2022-04-18 14:39:01,491] {scheduler_job.py:182} INFO - Started process (PID=997) to work on /home/airflow/.local/lib/python3.6/site-packages/airflow/example_dags/example_bash_operator.py
[2022-04-18 14:39:01,492] {scheduler_job.py:629} INFO - Processing file /home/airflow/.local/lib/python3.6/site-packages/airflow/example_dags/example_bash_operator.py for tasks to queue
[2022-04-18 14:39:01,492] {logging_mixin.py:104} INFO - [2022-04-18 14:39:01,492] {dagbag.py:448} INFO - Filling up the DagBag from /home/airflow/.local/lib/python3.6/site-packages/airflow/example_dags/example_bash_operator.py
[2022-04-18 14:39:01,502] {scheduler_job.py:639} INFO - DAG(s) dict_keys(['example_bash_operator']) retrieved from /home/airflow/.local/lib/python3.6/site-packages/airflow/example_dags/example_bash_operator.py
[2022-04-18 14:39:01,516] {logging_mixin.py:104} INFO - [2022-04-18 14:39:01,516] {dag.py:1818} INFO - Sync 1 DAGs
[2022-04-18 14:39:01,529] {logging_mixin.py:104} INFO - [2022-04-18 14:39:01,529] {dag.py:2273} INFO - Setting next_dagrun for example_bash_operator to 2022-04-16 00:00:00+00:00
[2022-04-18 14:39:01,533] {scheduler_job.py:190} INFO - Processing /home/airflow/.local/lib/python3.6/site-packages/airflow/example_dags/example_bash_operator.py took 0.044 seconds
[2022-04-18 14:39:31,569] {scheduler_job.py:182} INFO - Started process (PID=1132) to work on /home/airflow/.local/lib/python3.6/site-packages/airflow/example_dags/example_bash_operator.py
[2022-04-18 14:39:31,570] {scheduler_job.py:629} INFO - Processing file /home/airflow/.local/lib/python3.6/site-packages/airflow/example_dags/example_bash_operator.py for tasks to queue
[2022-04-18 14:39:31,570] {logging_mixin.py:104} INFO - [2022-04-18 14:39:31,570] {dagbag.py:448} INFO - Filling up the DagBag from /home/airflow/.local/lib/python3.6/site-packages/airflow/example_dags/example_bash_operator.py
[2022-04-18 14:39:31,580] {scheduler_job.py:639} INFO - DAG(s) dict_keys(['example_bash_operator']) retrieved from /home/airflow/.local/lib/python3.6/site-packages/airflow/example_dags/example_bash_operator.py
[2022-04-18 14:39:31,594] {logging_mixin.py:104} INFO - [2022-04-18 14:39:31,594] {dag.py:1818} INFO - Sync 1 DAGs
[2022-04-18 14:39:31,612] {logging_mixin.py:104} INFO - [2022-04-18 14:39:31,612] {dag.py:2273} INFO - Setting next_dagrun for example_bash_operator to 2022-04-16 00:00:00+00:00
[2022-04-18 14:39:31,617] {scheduler_job.py:190} INFO - Processing /home/airflow/.local/lib/python3.6/site-packages/airflow/example_dags/example_bash_operator.py took 0.050 seconds
[2022-04-18 14:40:01,640] {scheduler_job.py:182} INFO - Started process (PID=1267) to work on /home/airflow/.local/lib/python3.6/site-packages/airflow/example_dags/example_bash_operator.py
[2022-04-18 14:40:01,640] {scheduler_job.py:629} INFO - Processing file /home/airflow/.local/lib/python3.6/site-packages/airflow/example_dags/example_bash_operator.py for tasks to queue
[2022-04-18 14:40:01,641] {logging_mixin.py:104} INFO - [2022-04-18 14:40:01,641] {dagbag.py:448} INFO - Filling up the DagBag from /home/airflow/.local/lib/python3.6/site-packages/airflow/example_dags/example_bash_operator.py
[2022-04-18 14:40:01,651] {scheduler_job.py:639} INFO - DAG(s) dict_keys(['example_bash_operator']) retrieved from /home/airflow/.local/lib/python3.6/site-packages/airflow/example_dags/example_bash_operator.py
[2022-04-18 14:40:01,663] {logging_mixin.py:104} INFO - [2022-04-18 14:40:01,663] {dag.py:1818} INFO - Sync 1 DAGs
[2022-04-18 14:40:01,674] {logging_mixin.py:104} INFO - [2022-04-18 14:40:01,674] {dag.py:2273} INFO - Setting next_dagrun for example_bash_operator to 2022-04-16 00:00:00+00:00
[2022-04-18 14:40:01,678] {scheduler_job.py:190} INFO - Processing /home/airflow/.local/lib/python3.6/site-packages/airflow/example_dags/example_bash_operator.py took 0.041 seconds
[2022-04-18 14:40:32,403] {scheduler_job.py:182} INFO - Started process (PID=1404) to work on /home/airflow/.local/lib/python3.6/site-packages/airflow/example_dags/example_bash_operator.py
[2022-04-18 14:40:32,404] {scheduler_job.py:629} INFO - Processing file /home/airflow/.local/lib/python3.6/site-packages/airflow/example_dags/example_bash_operator.py for tasks to queue
[2022-04-18 14:40:32,404] {logging_mixin.py:104} INFO - [2022-04-18 14:40:32,404] {dagbag.py:448} INFO - Filling up the DagBag from /home/airflow/.local/lib/python3.6/site-packages/airflow/example_dags/example_bash_operator.py
[2022-04-18 14:40:32,414] {scheduler_job.py:639} INFO - DAG(s) dict_keys(['example_bash_operator']) retrieved from /home/airflow/.local/lib/python3.6/site-packages/airflow/example_dags/example_bash_operator.py
[2022-04-18 14:40:32,428] {logging_mixin.py:104} INFO - [2022-04-18 14:40:32,428] {dag.py:1818} INFO - Sync 1 DAGs
[2022-04-18 14:40:32,439] {logging_mixin.py:104} INFO - [2022-04-18 14:40:32,439] {dag.py:2273} INFO - Setting next_dagrun for example_bash_operator to 2022-04-16 00:00:00+00:00
[2022-04-18 14:40:32,444] {scheduler_job.py:190} INFO - Processing /home/airflow/.local/lib/python3.6/site-packages/airflow/example_dags/example_bash_operator.py took 0.043 seconds
[2022-04-18 14:41:03,373] {scheduler_job.py:182} INFO - Started process (PID=1537) to work on /home/airflow/.local/lib/python3.6/site-packages/airflow/example_dags/example_bash_operator.py
[2022-04-18 14:41:03,374] {scheduler_job.py:629} INFO - Processing file /home/airflow/.local/lib/python3.6/site-packages/airflow/example_dags/example_bash_operator.py for tasks to queue
[2022-04-18 14:41:03,375] {logging_mixin.py:104} INFO - [2022-04-18 14:41:03,374] {dagbag.py:448} INFO - Filling up the DagBag from /home/airflow/.local/lib/python3.6/site-packages/airflow/example_dags/example_bash_operator.py
[2022-04-18 14:41:03,384] {scheduler_job.py:639} INFO - DAG(s) dict_keys(['example_bash_operator']) retrieved from /home/airflow/.local/lib/python3.6/site-packages/airflow/example_dags/example_bash_operator.py
[2022-04-18 14:41:03,393] {logging_mixin.py:104} INFO - [2022-04-18 14:41:03,393] {dag.py:1818} INFO - Sync 1 DAGs
[2022-04-18 14:41:03,404] {logging_mixin.py:104} INFO - [2022-04-18 14:41:03,404] {dag.py:2273} INFO - Setting next_dagrun for example_bash_operator to 2022-04-16 00:00:00+00:00
[2022-04-18 14:41:03,408] {scheduler_job.py:190} INFO - Processing /home/airflow/.local/lib/python3.6/site-packages/airflow/example_dags/example_bash_operator.py took 0.037 seconds
[2022-04-18 14:41:34,052] {scheduler_job.py:182} INFO - Started process (PID=1672) to work on /home/airflow/.local/lib/python3.6/site-packages/airflow/example_dags/example_bash_operator.py
[2022-04-18 14:41:34,052] {scheduler_job.py:629} INFO - Processing file /home/airflow/.local/lib/python3.6/site-packages/airflow/example_dags/example_bash_operator.py for tasks to queue
[2022-04-18 14:41:34,053] {logging_mixin.py:104} INFO - [2022-04-18 14:41:34,053] {dagbag.py:448} INFO - Filling up the DagBag from /home/airflow/.local/lib/python3.6/site-packages/airflow/example_dags/example_bash_operator.py
[2022-04-18 14:41:34,062] {scheduler_job.py:639} INFO - DAG(s) dict_keys(['example_bash_operator']) retrieved from /home/airflow/.local/lib/python3.6/site-packages/airflow/example_dags/example_bash_operator.py
[2022-04-18 14:41:34,078] {logging_mixin.py:104} INFO - [2022-04-18 14:41:34,078] {dag.py:1818} INFO - Sync 1 DAGs
[2022-04-18 14:41:34,089] {logging_mixin.py:104} INFO - [2022-04-18 14:41:34,089] {dag.py:2273} INFO - Setting next_dagrun for example_bash_operator to 2022-04-16 00:00:00+00:00
[2022-04-18 14:41:34,093] {scheduler_job.py:190} INFO - Processing /home/airflow/.local/lib/python3.6/site-packages/airflow/example_dags/example_bash_operator.py took 0.044 seconds
[2022-04-18 14:42:04,749] {scheduler_job.py:182} INFO - Started process (PID=1807) to work on /home/airflow/.local/lib/python3.6/site-packages/airflow/example_dags/example_bash_operator.py
[2022-04-18 14:42:04,750] {scheduler_job.py:629} INFO - Processing file /home/airflow/.local/lib/python3.6/site-packages/airflow/example_dags/example_bash_operator.py for tasks to queue
[2022-04-18 14:42:04,751] {logging_mixin.py:104} INFO - [2022-04-18 14:42:04,750] {dagbag.py:448} INFO - Filling up the DagBag from /home/airflow/.local/lib/python3.6/site-packages/airflow/example_dags/example_bash_operator.py
[2022-04-18 14:42:04,759] {scheduler_job.py:639} INFO - DAG(s) dict_keys(['example_bash_operator']) retrieved from /home/airflow/.local/lib/python3.6/site-packages/airflow/example_dags/example_bash_operator.py
[2022-04-18 14:42:04,770] {logging_mixin.py:104} INFO - [2022-04-18 14:42:04,770] {dag.py:1818} INFO - Sync 1 DAGs
[2022-04-18 14:42:04,783] {logging_mixin.py:104} INFO - [2022-04-18 14:42:04,783] {dag.py:2273} INFO - Setting next_dagrun for example_bash_operator to 2022-04-16 00:00:00+00:00
[2022-04-18 14:42:04,787] {scheduler_job.py:190} INFO - Processing /home/airflow/.local/lib/python3.6/site-packages/airflow/example_dags/example_bash_operator.py took 0.039 seconds
[2022-04-18 14:42:35,478] {scheduler_job.py:182} INFO - Started process (PID=1944) to work on /home/airflow/.local/lib/python3.6/site-packages/airflow/example_dags/example_bash_operator.py
[2022-04-18 14:42:35,479] {scheduler_job.py:629} INFO - Processing file /home/airflow/.local/lib/python3.6/site-packages/airflow/example_dags/example_bash_operator.py for tasks to queue
[2022-04-18 14:42:35,479] {logging_mixin.py:104} INFO - [2022-04-18 14:42:35,479] {dagbag.py:448} INFO - Filling up the DagBag from /home/airflow/.local/lib/python3.6/site-packages/airflow/example_dags/example_bash_operator.py
[2022-04-18 14:42:35,488] {scheduler_job.py:639} INFO - DAG(s) dict_keys(['example_bash_operator']) retrieved from /home/airflow/.local/lib/python3.6/site-packages/airflow/example_dags/example_bash_operator.py
[2022-04-18 14:42:35,503] {logging_mixin.py:104} INFO - [2022-04-18 14:42:35,503] {dag.py:1818} INFO - Sync 1 DAGs
[2022-04-18 14:42:35,517] {logging_mixin.py:104} INFO - [2022-04-18 14:42:35,517] {dag.py:2273} INFO - Setting next_dagrun for example_bash_operator to 2022-04-16 00:00:00+00:00
[2022-04-18 14:42:35,522] {scheduler_job.py:190} INFO - Processing /home/airflow/.local/lib/python3.6/site-packages/airflow/example_dags/example_bash_operator.py took 0.045 seconds
[2022-04-18 14:43:06,237] {scheduler_job.py:182} INFO - Started process (PID=2079) to work on /home/airflow/.local/lib/python3.6/site-packages/airflow/example_dags/example_bash_operator.py
[2022-04-18 14:43:06,238] {scheduler_job.py:629} INFO - Processing file /home/airflow/.local/lib/python3.6/site-packages/airflow/example_dags/example_bash_operator.py for tasks to queue
[2022-04-18 14:43:06,239] {logging_mixin.py:104} INFO - [2022-04-18 14:43:06,238] {dagbag.py:448} INFO - Filling up the DagBag from /home/airflow/.local/lib/python3.6/site-packages/airflow/example_dags/example_bash_operator.py
[2022-04-18 14:43:06,247] {scheduler_job.py:639} INFO - DAG(s) dict_keys(['example_bash_operator']) retrieved from /home/airflow/.local/lib/python3.6/site-packages/airflow/example_dags/example_bash_operator.py
[2022-04-18 14:43:06,261] {logging_mixin.py:104} INFO - [2022-04-18 14:43:06,261] {dag.py:1818} INFO - Sync 1 DAGs
[2022-04-18 14:43:06,274] {logging_mixin.py:104} INFO - [2022-04-18 14:43:06,274] {dag.py:2273} INFO - Setting next_dagrun for example_bash_operator to 2022-04-16 00:00:00+00:00
[2022-04-18 14:43:06,278] {scheduler_job.py:190} INFO - Processing /home/airflow/.local/lib/python3.6/site-packages/airflow/example_dags/example_bash_operator.py took 0.044 seconds
[2022-04-18 14:43:36,947] {scheduler_job.py:182} INFO - Started process (PID=2212) to work on /home/airflow/.local/lib/python3.6/site-packages/airflow/example_dags/example_bash_operator.py
[2022-04-18 14:43:36,948] {scheduler_job.py:629} INFO - Processing file /home/airflow/.local/lib/python3.6/site-packages/airflow/example_dags/example_bash_operator.py for tasks to queue
[2022-04-18 14:43:36,948] {logging_mixin.py:104} INFO - [2022-04-18 14:43:36,948] {dagbag.py:448} INFO - Filling up the DagBag from /home/airflow/.local/lib/python3.6/site-packages/airflow/example_dags/example_bash_operator.py
[2022-04-18 14:43:36,957] {scheduler_job.py:639} INFO - DAG(s) dict_keys(['example_bash_operator']) retrieved from /home/airflow/.local/lib/python3.6/site-packages/airflow/example_dags/example_bash_operator.py
[2022-04-18 14:43:36,972] {logging_mixin.py:104} INFO - [2022-04-18 14:43:36,972] {dag.py:1818} INFO - Sync 1 DAGs
[2022-04-18 14:43:36,984] {logging_mixin.py:104} INFO - [2022-04-18 14:43:36,983] {dag.py:2273} INFO - Setting next_dagrun for example_bash_operator to 2022-04-16 00:00:00+00:00
[2022-04-18 14:43:36,988] {scheduler_job.py:190} INFO - Processing /home/airflow/.local/lib/python3.6/site-packages/airflow/example_dags/example_bash_operator.py took 0.042 seconds
[2022-04-18 14:44:07,646] {scheduler_job.py:182} INFO - Started process (PID=2347) to work on /home/airflow/.local/lib/python3.6/site-packages/airflow/example_dags/example_bash_operator.py
[2022-04-18 14:44:07,647] {scheduler_job.py:629} INFO - Processing file /home/airflow/.local/lib/python3.6/site-packages/airflow/example_dags/example_bash_operator.py for tasks to queue
[2022-04-18 14:44:07,647] {logging_mixin.py:104} INFO - [2022-04-18 14:44:07,647] {dagbag.py:448} INFO - Filling up the DagBag from /home/airflow/.local/lib/python3.6/site-packages/airflow/example_dags/example_bash_operator.py
[2022-04-18 14:44:07,656] {scheduler_job.py:639} INFO - DAG(s) dict_keys(['example_bash_operator']) retrieved from /home/airflow/.local/lib/python3.6/site-packages/airflow/example_dags/example_bash_operator.py
[2022-04-18 14:44:07,670] {logging_mixin.py:104} INFO - [2022-04-18 14:44:07,670] {dag.py:1818} INFO - Sync 1 DAGs
[2022-04-18 14:44:07,681] {logging_mixin.py:104} INFO - [2022-04-18 14:44:07,681] {dag.py:2273} INFO - Setting next_dagrun for example_bash_operator to 2022-04-16 00:00:00+00:00
[2022-04-18 14:44:07,686] {scheduler_job.py:190} INFO - Processing /home/airflow/.local/lib/python3.6/site-packages/airflow/example_dags/example_bash_operator.py took 0.041 seconds
[2022-04-18 14:44:38,323] {scheduler_job.py:182} INFO - Started process (PID=2482) to work on /home/airflow/.local/lib/python3.6/site-packages/airflow/example_dags/example_bash_operator.py
[2022-04-18 14:44:38,324] {scheduler_job.py:629} INFO - Processing file /home/airflow/.local/lib/python3.6/site-packages/airflow/example_dags/example_bash_operator.py for tasks to queue
[2022-04-18 14:44:38,324] {logging_mixin.py:104} INFO - [2022-04-18 14:44:38,324] {dagbag.py:448} INFO - Filling up the DagBag from /home/airflow/.local/lib/python3.6/site-packages/airflow/example_dags/example_bash_operator.py
[2022-04-18 14:44:38,333] {scheduler_job.py:639} INFO - DAG(s) dict_keys(['example_bash_operator']) retrieved from /home/airflow/.local/lib/python3.6/site-packages/airflow/example_dags/example_bash_operator.py
[2022-04-18 14:44:38,349] {logging_mixin.py:104} INFO - [2022-04-18 14:44:38,349] {dag.py:1818} INFO - Sync 1 DAGs
[2022-04-18 14:44:38,360] {logging_mixin.py:104} INFO - [2022-04-18 14:44:38,360] {dag.py:2273} INFO - Setting next_dagrun for example_bash_operator to 2022-04-16 00:00:00+00:00
[2022-04-18 14:44:38,364] {scheduler_job.py:190} INFO - Processing /home/airflow/.local/lib/python3.6/site-packages/airflow/example_dags/example_bash_operator.py took 0.043 seconds
[2022-04-18 14:45:08,993] {scheduler_job.py:182} INFO - Started process (PID=2617) to work on /home/airflow/.local/lib/python3.6/site-packages/airflow/example_dags/example_bash_operator.py
[2022-04-18 14:45:08,994] {scheduler_job.py:629} INFO - Processing file /home/airflow/.local/lib/python3.6/site-packages/airflow/example_dags/example_bash_operator.py for tasks to queue
[2022-04-18 14:45:08,995] {logging_mixin.py:104} INFO - [2022-04-18 14:45:08,994] {dagbag.py:448} INFO - Filling up the DagBag from /home/airflow/.local/lib/python3.6/site-packages/airflow/example_dags/example_bash_operator.py
[2022-04-18 14:45:09,003] {scheduler_job.py:639} INFO - DAG(s) dict_keys(['example_bash_operator']) retrieved from /home/airflow/.local/lib/python3.6/site-packages/airflow/example_dags/example_bash_operator.py
[2022-04-18 14:45:09,016] {logging_mixin.py:104} INFO - [2022-04-18 14:45:09,016] {dag.py:1818} INFO - Sync 1 DAGs
[2022-04-18 14:45:09,028] {logging_mixin.py:104} INFO - [2022-04-18 14:45:09,028] {dag.py:2273} INFO - Setting next_dagrun for example_bash_operator to 2022-04-16 00:00:00+00:00
[2022-04-18 14:45:09,032] {scheduler_job.py:190} INFO - Processing /home/airflow/.local/lib/python3.6/site-packages/airflow/example_dags/example_bash_operator.py took 0.041 seconds
[2022-04-18 14:45:39,719] {scheduler_job.py:182} INFO - Started process (PID=2754) to work on /home/airflow/.local/lib/python3.6/site-packages/airflow/example_dags/example_bash_operator.py
[2022-04-18 14:45:39,720] {scheduler_job.py:629} INFO - Processing file /home/airflow/.local/lib/python3.6/site-packages/airflow/example_dags/example_bash_operator.py for tasks to queue
[2022-04-18 14:45:39,721] {logging_mixin.py:104} INFO - [2022-04-18 14:45:39,721] {dagbag.py:448} INFO - Filling up the DagBag from /home/airflow/.local/lib/python3.6/site-packages/airflow/example_dags/example_bash_operator.py
[2022-04-18 14:45:39,728] {scheduler_job.py:639} INFO - DAG(s) dict_keys(['example_bash_operator']) retrieved from /home/airflow/.local/lib/python3.6/site-packages/airflow/example_dags/example_bash_operator.py
[2022-04-18 14:45:39,741] {logging_mixin.py:104} INFO - [2022-04-18 14:45:39,741] {dag.py:1818} INFO - Sync 1 DAGs
[2022-04-18 14:45:39,753] {logging_mixin.py:104} INFO - [2022-04-18 14:45:39,753] {dag.py:2273} INFO - Setting next_dagrun for example_bash_operator to 2022-04-16 00:00:00+00:00
[2022-04-18 14:45:39,757] {scheduler_job.py:190} INFO - Processing /home/airflow/.local/lib/python3.6/site-packages/airflow/example_dags/example_bash_operator.py took 0.040 seconds
[2022-04-18 14:46:10,449] {scheduler_job.py:182} INFO - Started process (PID=2887) to work on /home/airflow/.local/lib/python3.6/site-packages/airflow/example_dags/example_bash_operator.py
[2022-04-18 14:46:10,450] {scheduler_job.py:629} INFO - Processing file /home/airflow/.local/lib/python3.6/site-packages/airflow/example_dags/example_bash_operator.py for tasks to queue
[2022-04-18 14:46:10,450] {logging_mixin.py:104} INFO - [2022-04-18 14:46:10,450] {dagbag.py:448} INFO - Filling up the DagBag from /home/airflow/.local/lib/python3.6/site-packages/airflow/example_dags/example_bash_operator.py
[2022-04-18 14:46:10,456] {scheduler_job.py:639} INFO - DAG(s) dict_keys(['example_bash_operator']) retrieved from /home/airflow/.local/lib/python3.6/site-packages/airflow/example_dags/example_bash_operator.py
[2022-04-18 14:46:10,466] {logging_mixin.py:104} INFO - [2022-04-18 14:46:10,466] {dag.py:1818} INFO - Sync 1 DAGs
[2022-04-18 14:46:10,477] {logging_mixin.py:104} INFO - [2022-04-18 14:46:10,477] {dag.py:2273} INFO - Setting next_dagrun for example_bash_operator to 2022-04-16 00:00:00+00:00
[2022-04-18 14:46:10,481] {scheduler_job.py:190} INFO - Processing /home/airflow/.local/lib/python3.6/site-packages/airflow/example_dags/example_bash_operator.py took 0.034 seconds
[2022-04-18 14:46:41,100] {scheduler_job.py:182} INFO - Started process (PID=3022) to work on /home/airflow/.local/lib/python3.6/site-packages/airflow/example_dags/example_bash_operator.py
[2022-04-18 14:46:41,101] {scheduler_job.py:629} INFO - Processing file /home/airflow/.local/lib/python3.6/site-packages/airflow/example_dags/example_bash_operator.py for tasks to queue
[2022-04-18 14:46:41,102] {logging_mixin.py:104} INFO - [2022-04-18 14:46:41,102] {dagbag.py:448} INFO - Filling up the DagBag from /home/airflow/.local/lib/python3.6/site-packages/airflow/example_dags/example_bash_operator.py
[2022-04-18 14:46:41,111] {scheduler_job.py:639} INFO - DAG(s) dict_keys(['example_bash_operator']) retrieved from /home/airflow/.local/lib/python3.6/site-packages/airflow/example_dags/example_bash_operator.py
[2022-04-18 14:46:41,125] {logging_mixin.py:104} INFO - [2022-04-18 14:46:41,125] {dag.py:1818} INFO - Sync 1 DAGs
[2022-04-18 14:46:41,137] {logging_mixin.py:104} INFO - [2022-04-18 14:46:41,137] {dag.py:2273} INFO - Setting next_dagrun for example_bash_operator to 2022-04-16 00:00:00+00:00
[2022-04-18 14:46:41,141] {scheduler_job.py:190} INFO - Processing /home/airflow/.local/lib/python3.6/site-packages/airflow/example_dags/example_bash_operator.py took 0.043 seconds
[2022-04-18 14:47:11,813] {scheduler_job.py:182} INFO - Started process (PID=3157) to work on /home/airflow/.local/lib/python3.6/site-packages/airflow/example_dags/example_bash_operator.py
[2022-04-18 14:47:11,814] {scheduler_job.py:629} INFO - Processing file /home/airflow/.local/lib/python3.6/site-packages/airflow/example_dags/example_bash_operator.py for tasks to queue
[2022-04-18 14:47:11,814] {logging_mixin.py:104} INFO - [2022-04-18 14:47:11,814] {dagbag.py:448} INFO - Filling up the DagBag from /home/airflow/.local/lib/python3.6/site-packages/airflow/example_dags/example_bash_operator.py
[2022-04-18 14:47:11,823] {scheduler_job.py:639} INFO - DAG(s) dict_keys(['example_bash_operator']) retrieved from /home/airflow/.local/lib/python3.6/site-packages/airflow/example_dags/example_bash_operator.py
[2022-04-18 14:47:11,839] {logging_mixin.py:104} INFO - [2022-04-18 14:47:11,839] {dag.py:1818} INFO - Sync 1 DAGs
[2022-04-18 14:47:11,850] {logging_mixin.py:104} INFO - [2022-04-18 14:47:11,850] {dag.py:2273} INFO - Setting next_dagrun for example_bash_operator to 2022-04-16 00:00:00+00:00
[2022-04-18 14:47:11,854] {scheduler_job.py:190} INFO - Processing /home/airflow/.local/lib/python3.6/site-packages/airflow/example_dags/example_bash_operator.py took 0.042 seconds
[2022-04-18 14:47:42,529] {scheduler_job.py:182} INFO - Started process (PID=3294) to work on /home/airflow/.local/lib/python3.6/site-packages/airflow/example_dags/example_bash_operator.py
[2022-04-18 14:47:42,530] {scheduler_job.py:629} INFO - Processing file /home/airflow/.local/lib/python3.6/site-packages/airflow/example_dags/example_bash_operator.py for tasks to queue
[2022-04-18 14:47:42,531] {logging_mixin.py:104} INFO - [2022-04-18 14:47:42,531] {dagbag.py:448} INFO - Filling up the DagBag from /home/airflow/.local/lib/python3.6/site-packages/airflow/example_dags/example_bash_operator.py
[2022-04-18 14:47:42,539] {scheduler_job.py:639} INFO - DAG(s) dict_keys(['example_bash_operator']) retrieved from /home/airflow/.local/lib/python3.6/site-packages/airflow/example_dags/example_bash_operator.py
[2022-04-18 14:47:42,553] {logging_mixin.py:104} INFO - [2022-04-18 14:47:42,553] {dag.py:1818} INFO - Sync 1 DAGs
[2022-04-18 14:47:42,566] {logging_mixin.py:104} INFO - [2022-04-18 14:47:42,566] {dag.py:2273} INFO - Setting next_dagrun for example_bash_operator to 2022-04-16 00:00:00+00:00
[2022-04-18 14:47:42,570] {scheduler_job.py:190} INFO - Processing /home/airflow/.local/lib/python3.6/site-packages/airflow/example_dags/example_bash_operator.py took 0.043 seconds
[2022-04-18 14:48:13,270] {scheduler_job.py:182} INFO - Started process (PID=3429) to work on /home/airflow/.local/lib/python3.6/site-packages/airflow/example_dags/example_bash_operator.py
[2022-04-18 14:48:13,271] {scheduler_job.py:629} INFO - Processing file /home/airflow/.local/lib/python3.6/site-packages/airflow/example_dags/example_bash_operator.py for tasks to queue
[2022-04-18 14:48:13,271] {logging_mixin.py:104} INFO - [2022-04-18 14:48:13,271] {dagbag.py:448} INFO - Filling up the DagBag from /home/airflow/.local/lib/python3.6/site-packages/airflow/example_dags/example_bash_operator.py
[2022-04-18 14:48:13,279] {scheduler_job.py:639} INFO - DAG(s) dict_keys(['example_bash_operator']) retrieved from /home/airflow/.local/lib/python3.6/site-packages/airflow/example_dags/example_bash_operator.py
[2022-04-18 14:48:13,293] {logging_mixin.py:104} INFO - [2022-04-18 14:48:13,292] {dag.py:1818} INFO - Sync 1 DAGs
[2022-04-18 14:48:13,305] {logging_mixin.py:104} INFO - [2022-04-18 14:48:13,305] {dag.py:2273} INFO - Setting next_dagrun for example_bash_operator to 2022-04-16 00:00:00+00:00
[2022-04-18 14:48:13,309] {scheduler_job.py:190} INFO - Processing /home/airflow/.local/lib/python3.6/site-packages/airflow/example_dags/example_bash_operator.py took 0.040 seconds
[2022-04-18 14:48:43,417] {scheduler_job.py:182} INFO - Started process (PID=3569) to work on /home/airflow/.local/lib/python3.6/site-packages/airflow/example_dags/example_bash_operator.py
[2022-04-18 14:48:43,418] {scheduler_job.py:629} INFO - Processing file /home/airflow/.local/lib/python3.6/site-packages/airflow/example_dags/example_bash_operator.py for tasks to queue
[2022-04-18 14:48:43,419] {logging_mixin.py:104} INFO - [2022-04-18 14:48:43,419] {dagbag.py:448} INFO - Filling up the DagBag from /home/airflow/.local/lib/python3.6/site-packages/airflow/example_dags/example_bash_operator.py
[2022-04-18 14:48:43,427] {scheduler_job.py:639} INFO - DAG(s) dict_keys(['example_bash_operator']) retrieved from /home/airflow/.local/lib/python3.6/site-packages/airflow/example_dags/example_bash_operator.py
[2022-04-18 14:48:43,443] {logging_mixin.py:104} INFO - [2022-04-18 14:48:43,443] {dag.py:1818} INFO - Sync 1 DAGs
[2022-04-18 14:48:43,456] {logging_mixin.py:104} INFO - [2022-04-18 14:48:43,456] {dag.py:2273} INFO - Setting next_dagrun for example_bash_operator to 2022-04-16 00:00:00+00:00
[2022-04-18 14:48:43,460] {scheduler_job.py:190} INFO - Processing /home/airflow/.local/lib/python3.6/site-packages/airflow/example_dags/example_bash_operator.py took 0.045 seconds
[2022-04-18 14:49:13,502] {scheduler_job.py:182} INFO - Started process (PID=3704) to work on /home/airflow/.local/lib/python3.6/site-packages/airflow/example_dags/example_bash_operator.py
[2022-04-18 14:49:13,503] {scheduler_job.py:629} INFO - Processing file /home/airflow/.local/lib/python3.6/site-packages/airflow/example_dags/example_bash_operator.py for tasks to queue
[2022-04-18 14:49:13,503] {logging_mixin.py:104} INFO - [2022-04-18 14:49:13,503] {dagbag.py:448} INFO - Filling up the DagBag from /home/airflow/.local/lib/python3.6/site-packages/airflow/example_dags/example_bash_operator.py
[2022-04-18 14:49:13,511] {scheduler_job.py:639} INFO - DAG(s) dict_keys(['example_bash_operator']) retrieved from /home/airflow/.local/lib/python3.6/site-packages/airflow/example_dags/example_bash_operator.py
[2022-04-18 14:49:13,527] {logging_mixin.py:104} INFO - [2022-04-18 14:49:13,527] {dag.py:1818} INFO - Sync 1 DAGs
[2022-04-18 14:49:13,539] {logging_mixin.py:104} INFO - [2022-04-18 14:49:13,539] {dag.py:2273} INFO - Setting next_dagrun for example_bash_operator to 2022-04-16 00:00:00+00:00
[2022-04-18 14:49:13,543] {scheduler_job.py:190} INFO - Processing /home/airflow/.local/lib/python3.6/site-packages/airflow/example_dags/example_bash_operator.py took 0.043 seconds
[2022-04-18 14:49:43,564] {scheduler_job.py:182} INFO - Started process (PID=3839) to work on /home/airflow/.local/lib/python3.6/site-packages/airflow/example_dags/example_bash_operator.py
[2022-04-18 14:49:43,565] {scheduler_job.py:629} INFO - Processing file /home/airflow/.local/lib/python3.6/site-packages/airflow/example_dags/example_bash_operator.py for tasks to queue
[2022-04-18 14:49:43,566] {logging_mixin.py:104} INFO - [2022-04-18 14:49:43,565] {dagbag.py:448} INFO - Filling up the DagBag from /home/airflow/.local/lib/python3.6/site-packages/airflow/example_dags/example_bash_operator.py
[2022-04-18 14:49:43,573] {scheduler_job.py:639} INFO - DAG(s) dict_keys(['example_bash_operator']) retrieved from /home/airflow/.local/lib/python3.6/site-packages/airflow/example_dags/example_bash_operator.py
[2022-04-18 14:49:43,584] {logging_mixin.py:104} INFO - [2022-04-18 14:49:43,584] {dag.py:1818} INFO - Sync 1 DAGs
[2022-04-18 14:49:43,595] {logging_mixin.py:104} INFO - [2022-04-18 14:49:43,595] {dag.py:2273} INFO - Setting next_dagrun for example_bash_operator to 2022-04-16 00:00:00+00:00
[2022-04-18 14:49:43,599] {scheduler_job.py:190} INFO - Processing /home/airflow/.local/lib/python3.6/site-packages/airflow/example_dags/example_bash_operator.py took 0.038 seconds
[2022-04-18 14:50:13,667] {scheduler_job.py:182} INFO - Started process (PID=3972) to work on /home/airflow/.local/lib/python3.6/site-packages/airflow/example_dags/example_bash_operator.py
[2022-04-18 14:50:13,667] {scheduler_job.py:629} INFO - Processing file /home/airflow/.local/lib/python3.6/site-packages/airflow/example_dags/example_bash_operator.py for tasks to queue
[2022-04-18 14:50:13,668] {logging_mixin.py:104} INFO - [2022-04-18 14:50:13,668] {dagbag.py:448} INFO - Filling up the DagBag from /home/airflow/.local/lib/python3.6/site-packages/airflow/example_dags/example_bash_operator.py
[2022-04-18 14:50:13,675] {scheduler_job.py:639} INFO - DAG(s) dict_keys(['example_bash_operator']) retrieved from /home/airflow/.local/lib/python3.6/site-packages/airflow/example_dags/example_bash_operator.py
[2022-04-18 14:50:13,690] {logging_mixin.py:104} INFO - [2022-04-18 14:50:13,690] {dag.py:1818} INFO - Sync 1 DAGs
[2022-04-18 14:50:13,702] {logging_mixin.py:104} INFO - [2022-04-18 14:50:13,702] {dag.py:2273} INFO - Setting next_dagrun for example_bash_operator to 2022-04-16 00:00:00+00:00
[2022-04-18 14:50:13,706] {scheduler_job.py:190} INFO - Processing /home/airflow/.local/lib/python3.6/site-packages/airflow/example_dags/example_bash_operator.py took 0.041 seconds
[2022-04-18 14:50:43,728] {scheduler_job.py:182} INFO - Started process (PID=4107) to work on /home/airflow/.local/lib/python3.6/site-packages/airflow/example_dags/example_bash_operator.py
[2022-04-18 14:50:43,729] {scheduler_job.py:629} INFO - Processing file /home/airflow/.local/lib/python3.6/site-packages/airflow/example_dags/example_bash_operator.py for tasks to queue
[2022-04-18 14:50:43,729] {logging_mixin.py:104} INFO - [2022-04-18 14:50:43,729] {dagbag.py:448} INFO - Filling up the DagBag from /home/airflow/.local/lib/python3.6/site-packages/airflow/example_dags/example_bash_operator.py
[2022-04-18 14:50:43,738] {scheduler_job.py:639} INFO - DAG(s) dict_keys(['example_bash_operator']) retrieved from /home/airflow/.local/lib/python3.6/site-packages/airflow/example_dags/example_bash_operator.py
[2022-04-18 14:50:43,753] {logging_mixin.py:104} INFO - [2022-04-18 14:50:43,753] {dag.py:1818} INFO - Sync 1 DAGs
[2022-04-18 14:50:43,764] {logging_mixin.py:104} INFO - [2022-04-18 14:50:43,764] {dag.py:2273} INFO - Setting next_dagrun for example_bash_operator to 2022-04-16 00:00:00+00:00
[2022-04-18 14:50:43,768] {scheduler_job.py:190} INFO - Processing /home/airflow/.local/lib/python3.6/site-packages/airflow/example_dags/example_bash_operator.py took 0.042 seconds
[2022-04-18 14:51:14,492] {scheduler_job.py:182} INFO - Started process (PID=4237) to work on /home/airflow/.local/lib/python3.6/site-packages/airflow/example_dags/example_bash_operator.py
[2022-04-18 14:51:14,493] {scheduler_job.py:629} INFO - Processing file /home/airflow/.local/lib/python3.6/site-packages/airflow/example_dags/example_bash_operator.py for tasks to queue
[2022-04-18 14:51:14,494] {logging_mixin.py:104} INFO - [2022-04-18 14:51:14,493] {dagbag.py:448} INFO - Filling up the DagBag from /home/airflow/.local/lib/python3.6/site-packages/airflow/example_dags/example_bash_operator.py
[2022-04-18 14:51:14,501] {scheduler_job.py:639} INFO - DAG(s) dict_keys(['example_bash_operator']) retrieved from /home/airflow/.local/lib/python3.6/site-packages/airflow/example_dags/example_bash_operator.py
[2022-04-18 14:51:14,512] {logging_mixin.py:104} INFO - [2022-04-18 14:51:14,512] {dag.py:1818} INFO - Sync 1 DAGs
[2022-04-18 14:51:14,526] {logging_mixin.py:104} INFO - [2022-04-18 14:51:14,526] {dag.py:2273} INFO - Setting next_dagrun for example_bash_operator to 2022-04-16 00:00:00+00:00
[2022-04-18 14:51:14,530] {scheduler_job.py:190} INFO - Processing /home/airflow/.local/lib/python3.6/site-packages/airflow/example_dags/example_bash_operator.py took 0.041 seconds
[2022-04-18 14:51:45,225] {scheduler_job.py:182} INFO - Started process (PID=4374) to work on /home/airflow/.local/lib/python3.6/site-packages/airflow/example_dags/example_bash_operator.py
[2022-04-18 14:51:45,226] {scheduler_job.py:629} INFO - Processing file /home/airflow/.local/lib/python3.6/site-packages/airflow/example_dags/example_bash_operator.py for tasks to queue
[2022-04-18 14:51:45,226] {logging_mixin.py:104} INFO - [2022-04-18 14:51:45,226] {dagbag.py:448} INFO - Filling up the DagBag from /home/airflow/.local/lib/python3.6/site-packages/airflow/example_dags/example_bash_operator.py
[2022-04-18 14:51:45,236] {scheduler_job.py:639} INFO - DAG(s) dict_keys(['example_bash_operator']) retrieved from /home/airflow/.local/lib/python3.6/site-packages/airflow/example_dags/example_bash_operator.py
[2022-04-18 14:51:45,252] {logging_mixin.py:104} INFO - [2022-04-18 14:51:45,252] {dag.py:1818} INFO - Sync 1 DAGs
[2022-04-18 14:51:45,263] {logging_mixin.py:104} INFO - [2022-04-18 14:51:45,263] {dag.py:2273} INFO - Setting next_dagrun for example_bash_operator to 2022-04-16 00:00:00+00:00
[2022-04-18 14:51:45,267] {scheduler_job.py:190} INFO - Processing /home/airflow/.local/lib/python3.6/site-packages/airflow/example_dags/example_bash_operator.py took 0.045 seconds
[2022-04-18 14:52:15,939] {scheduler_job.py:182} INFO - Started process (PID=4507) to work on /home/airflow/.local/lib/python3.6/site-packages/airflow/example_dags/example_bash_operator.py
[2022-04-18 14:52:15,940] {scheduler_job.py:629} INFO - Processing file /home/airflow/.local/lib/python3.6/site-packages/airflow/example_dags/example_bash_operator.py for tasks to queue
[2022-04-18 14:52:15,941] {logging_mixin.py:104} INFO - [2022-04-18 14:52:15,941] {dagbag.py:448} INFO - Filling up the DagBag from /home/airflow/.local/lib/python3.6/site-packages/airflow/example_dags/example_bash_operator.py
[2022-04-18 14:52:15,949] {scheduler_job.py:639} INFO - DAG(s) dict_keys(['example_bash_operator']) retrieved from /home/airflow/.local/lib/python3.6/site-packages/airflow/example_dags/example_bash_operator.py
[2022-04-18 14:52:15,963] {logging_mixin.py:104} INFO - [2022-04-18 14:52:15,963] {dag.py:1818} INFO - Sync 1 DAGs
[2022-04-18 14:52:15,976] {logging_mixin.py:104} INFO - [2022-04-18 14:52:15,976] {dag.py:2273} INFO - Setting next_dagrun for example_bash_operator to 2022-04-16 00:00:00+00:00
[2022-04-18 14:52:15,980] {scheduler_job.py:190} INFO - Processing /home/airflow/.local/lib/python3.6/site-packages/airflow/example_dags/example_bash_operator.py took 0.043 seconds
[2022-04-18 14:52:46,594] {scheduler_job.py:182} INFO - Started process (PID=4642) to work on /home/airflow/.local/lib/python3.6/site-packages/airflow/example_dags/example_bash_operator.py
[2022-04-18 14:52:46,595] {scheduler_job.py:629} INFO - Processing file /home/airflow/.local/lib/python3.6/site-packages/airflow/example_dags/example_bash_operator.py for tasks to queue
[2022-04-18 14:52:46,596] {logging_mixin.py:104} INFO - [2022-04-18 14:52:46,596] {dagbag.py:448} INFO - Filling up the DagBag from /home/airflow/.local/lib/python3.6/site-packages/airflow/example_dags/example_bash_operator.py
[2022-04-18 14:52:46,604] {scheduler_job.py:639} INFO - DAG(s) dict_keys(['example_bash_operator']) retrieved from /home/airflow/.local/lib/python3.6/site-packages/airflow/example_dags/example_bash_operator.py
[2022-04-18 14:52:46,617] {logging_mixin.py:104} INFO - [2022-04-18 14:52:46,616] {dag.py:1818} INFO - Sync 1 DAGs
[2022-04-18 14:52:46,628] {logging_mixin.py:104} INFO - [2022-04-18 14:52:46,628] {dag.py:2273} INFO - Setting next_dagrun for example_bash_operator to 2022-04-16 00:00:00+00:00
[2022-04-18 14:52:46,632] {scheduler_job.py:190} INFO - Processing /home/airflow/.local/lib/python3.6/site-packages/airflow/example_dags/example_bash_operator.py took 0.040 seconds
[2022-04-18 14:53:17,280] {scheduler_job.py:182} INFO - Started process (PID=4777) to work on /home/airflow/.local/lib/python3.6/site-packages/airflow/example_dags/example_bash_operator.py
[2022-04-18 14:53:17,281] {scheduler_job.py:629} INFO - Processing file /home/airflow/.local/lib/python3.6/site-packages/airflow/example_dags/example_bash_operator.py for tasks to queue
[2022-04-18 14:53:17,281] {logging_mixin.py:104} INFO - [2022-04-18 14:53:17,281] {dagbag.py:448} INFO - Filling up the DagBag from /home/airflow/.local/lib/python3.6/site-packages/airflow/example_dags/example_bash_operator.py
[2022-04-18 14:53:17,287] {scheduler_job.py:639} INFO - DAG(s) dict_keys(['example_bash_operator']) retrieved from /home/airflow/.local/lib/python3.6/site-packages/airflow/example_dags/example_bash_operator.py
[2022-04-18 14:53:17,302] {logging_mixin.py:104} INFO - [2022-04-18 14:53:17,302] {dag.py:1818} INFO - Sync 1 DAGs
[2022-04-18 14:53:17,315] {logging_mixin.py:104} INFO - [2022-04-18 14:53:17,315] {dag.py:2273} INFO - Setting next_dagrun for example_bash_operator to 2022-04-16 00:00:00+00:00
[2022-04-18 14:53:17,319] {scheduler_job.py:190} INFO - Processing /home/airflow/.local/lib/python3.6/site-packages/airflow/example_dags/example_bash_operator.py took 0.042 seconds
[2022-04-18 14:53:47,995] {scheduler_job.py:182} INFO - Started process (PID=4914) to work on /home/airflow/.local/lib/python3.6/site-packages/airflow/example_dags/example_bash_operator.py
[2022-04-18 14:53:47,996] {scheduler_job.py:629} INFO - Processing file /home/airflow/.local/lib/python3.6/site-packages/airflow/example_dags/example_bash_operator.py for tasks to queue
[2022-04-18 14:53:47,997] {logging_mixin.py:104} INFO - [2022-04-18 14:53:47,997] {dagbag.py:448} INFO - Filling up the DagBag from /home/airflow/.local/lib/python3.6/site-packages/airflow/example_dags/example_bash_operator.py
[2022-04-18 14:53:48,005] {scheduler_job.py:639} INFO - DAG(s) dict_keys(['example_bash_operator']) retrieved from /home/airflow/.local/lib/python3.6/site-packages/airflow/example_dags/example_bash_operator.py
[2022-04-18 14:53:48,019] {logging_mixin.py:104} INFO - [2022-04-18 14:53:48,019] {dag.py:1818} INFO - Sync 1 DAGs
[2022-04-18 14:53:48,033] {logging_mixin.py:104} INFO - [2022-04-18 14:53:48,033] {dag.py:2273} INFO - Setting next_dagrun for example_bash_operator to 2022-04-16 00:00:00+00:00
[2022-04-18 14:53:48,037] {scheduler_job.py:190} INFO - Processing /home/airflow/.local/lib/python3.6/site-packages/airflow/example_dags/example_bash_operator.py took 0.044 seconds
[2022-04-18 14:54:18,679] {scheduler_job.py:182} INFO - Started process (PID=5047) to work on /home/airflow/.local/lib/python3.6/site-packages/airflow/example_dags/example_bash_operator.py
[2022-04-18 14:54:18,680] {scheduler_job.py:629} INFO - Processing file /home/airflow/.local/lib/python3.6/site-packages/airflow/example_dags/example_bash_operator.py for tasks to queue
[2022-04-18 14:54:18,681] {logging_mixin.py:104} INFO - [2022-04-18 14:54:18,681] {dagbag.py:448} INFO - Filling up the DagBag from /home/airflow/.local/lib/python3.6/site-packages/airflow/example_dags/example_bash_operator.py
[2022-04-18 14:54:18,686] {scheduler_job.py:639} INFO - DAG(s) dict_keys(['example_bash_operator']) retrieved from /home/airflow/.local/lib/python3.6/site-packages/airflow/example_dags/example_bash_operator.py
[2022-04-18 14:54:18,701] {logging_mixin.py:104} INFO - [2022-04-18 14:54:18,701] {dag.py:1818} INFO - Sync 1 DAGs
[2022-04-18 14:54:18,713] {logging_mixin.py:104} INFO - [2022-04-18 14:54:18,713] {dag.py:2273} INFO - Setting next_dagrun for example_bash_operator to 2022-04-16 00:00:00+00:00
[2022-04-18 14:54:18,717] {scheduler_job.py:190} INFO - Processing /home/airflow/.local/lib/python3.6/site-packages/airflow/example_dags/example_bash_operator.py took 0.041 seconds
[2022-04-18 14:54:49,378] {scheduler_job.py:182} INFO - Started process (PID=5182) to work on /home/airflow/.local/lib/python3.6/site-packages/airflow/example_dags/example_bash_operator.py
[2022-04-18 14:54:49,379] {scheduler_job.py:629} INFO - Processing file /home/airflow/.local/lib/python3.6/site-packages/airflow/example_dags/example_bash_operator.py for tasks to queue
[2022-04-18 14:54:49,380] {logging_mixin.py:104} INFO - [2022-04-18 14:54:49,380] {dagbag.py:448} INFO - Filling up the DagBag from /home/airflow/.local/lib/python3.6/site-packages/airflow/example_dags/example_bash_operator.py
[2022-04-18 14:54:49,388] {scheduler_job.py:639} INFO - DAG(s) dict_keys(['example_bash_operator']) retrieved from /home/airflow/.local/lib/python3.6/site-packages/airflow/example_dags/example_bash_operator.py
[2022-04-18 14:54:49,403] {logging_mixin.py:104} INFO - [2022-04-18 14:54:49,403] {dag.py:1818} INFO - Sync 1 DAGs
[2022-04-18 14:54:49,415] {logging_mixin.py:104} INFO - [2022-04-18 14:54:49,415] {dag.py:2273} INFO - Setting next_dagrun for example_bash_operator to 2022-04-16 00:00:00+00:00
[2022-04-18 14:54:49,419] {scheduler_job.py:190} INFO - Processing /home/airflow/.local/lib/python3.6/site-packages/airflow/example_dags/example_bash_operator.py took 0.043 seconds
[2022-04-18 14:55:20,085] {scheduler_job.py:182} INFO - Started process (PID=5319) to work on /home/airflow/.local/lib/python3.6/site-packages/airflow/example_dags/example_bash_operator.py
[2022-04-18 14:55:20,086] {scheduler_job.py:629} INFO - Processing file /home/airflow/.local/lib/python3.6/site-packages/airflow/example_dags/example_bash_operator.py for tasks to queue
[2022-04-18 14:55:20,086] {logging_mixin.py:104} INFO - [2022-04-18 14:55:20,086] {dagbag.py:448} INFO - Filling up the DagBag from /home/airflow/.local/lib/python3.6/site-packages/airflow/example_dags/example_bash_operator.py
[2022-04-18 14:55:20,094] {scheduler_job.py:639} INFO - DAG(s) dict_keys(['example_bash_operator']) retrieved from /home/airflow/.local/lib/python3.6/site-packages/airflow/example_dags/example_bash_operator.py
[2022-04-18 14:55:20,107] {logging_mixin.py:104} INFO - [2022-04-18 14:55:20,107] {dag.py:1818} INFO - Sync 1 DAGs
[2022-04-18 14:55:20,119] {logging_mixin.py:104} INFO - [2022-04-18 14:55:20,119] {dag.py:2273} INFO - Setting next_dagrun for example_bash_operator to 2022-04-16 00:00:00+00:00
[2022-04-18 14:55:20,123] {scheduler_job.py:190} INFO - Processing /home/airflow/.local/lib/python3.6/site-packages/airflow/example_dags/example_bash_operator.py took 0.040 seconds
[2022-04-18 14:55:50,799] {scheduler_job.py:182} INFO - Started process (PID=5452) to work on /home/airflow/.local/lib/python3.6/site-packages/airflow/example_dags/example_bash_operator.py
[2022-04-18 14:55:50,800] {scheduler_job.py:629} INFO - Processing file /home/airflow/.local/lib/python3.6/site-packages/airflow/example_dags/example_bash_operator.py for tasks to queue
[2022-04-18 14:55:50,800] {logging_mixin.py:104} INFO - [2022-04-18 14:55:50,800] {dagbag.py:448} INFO - Filling up the DagBag from /home/airflow/.local/lib/python3.6/site-packages/airflow/example_dags/example_bash_operator.py
[2022-04-18 14:55:50,809] {scheduler_job.py:639} INFO - DAG(s) dict_keys(['example_bash_operator']) retrieved from /home/airflow/.local/lib/python3.6/site-packages/airflow/example_dags/example_bash_operator.py
[2022-04-18 14:55:50,824] {logging_mixin.py:104} INFO - [2022-04-18 14:55:50,824] {dag.py:1818} INFO - Sync 1 DAGs
[2022-04-18 14:55:50,835] {logging_mixin.py:104} INFO - [2022-04-18 14:55:50,835] {dag.py:2273} INFO - Setting next_dagrun for example_bash_operator to 2022-04-16 00:00:00+00:00
[2022-04-18 14:55:50,839] {scheduler_job.py:190} INFO - Processing /home/airflow/.local/lib/python3.6/site-packages/airflow/example_dags/example_bash_operator.py took 0.042 seconds
[2022-04-18 14:56:21,486] {scheduler_job.py:182} INFO - Started process (PID=5587) to work on /home/airflow/.local/lib/python3.6/site-packages/airflow/example_dags/example_bash_operator.py
[2022-04-18 14:56:21,488] {scheduler_job.py:629} INFO - Processing file /home/airflow/.local/lib/python3.6/site-packages/airflow/example_dags/example_bash_operator.py for tasks to queue
[2022-04-18 14:56:21,488] {logging_mixin.py:104} INFO - [2022-04-18 14:56:21,488] {dagbag.py:448} INFO - Filling up the DagBag from /home/airflow/.local/lib/python3.6/site-packages/airflow/example_dags/example_bash_operator.py
[2022-04-18 14:56:21,496] {scheduler_job.py:639} INFO - DAG(s) dict_keys(['example_bash_operator']) retrieved from /home/airflow/.local/lib/python3.6/site-packages/airflow/example_dags/example_bash_operator.py
[2022-04-18 14:56:21,506] {logging_mixin.py:104} INFO - [2022-04-18 14:56:21,506] {dag.py:1818} INFO - Sync 1 DAGs
[2022-04-18 14:56:21,519] {logging_mixin.py:104} INFO - [2022-04-18 14:56:21,519] {dag.py:2273} INFO - Setting next_dagrun for example_bash_operator to 2022-04-16 00:00:00+00:00
[2022-04-18 14:56:21,523] {scheduler_job.py:190} INFO - Processing /home/airflow/.local/lib/python3.6/site-packages/airflow/example_dags/example_bash_operator.py took 0.039 seconds
[2022-04-18 14:56:52,167] {scheduler_job.py:182} INFO - Started process (PID=5722) to work on /home/airflow/.local/lib/python3.6/site-packages/airflow/example_dags/example_bash_operator.py
[2022-04-18 14:56:52,168] {scheduler_job.py:629} INFO - Processing file /home/airflow/.local/lib/python3.6/site-packages/airflow/example_dags/example_bash_operator.py for tasks to queue
[2022-04-18 14:56:52,168] {logging_mixin.py:104} INFO - [2022-04-18 14:56:52,168] {dagbag.py:448} INFO - Filling up the DagBag from /home/airflow/.local/lib/python3.6/site-packages/airflow/example_dags/example_bash_operator.py
[2022-04-18 14:56:52,176] {scheduler_job.py:639} INFO - DAG(s) dict_keys(['example_bash_operator']) retrieved from /home/airflow/.local/lib/python3.6/site-packages/airflow/example_dags/example_bash_operator.py
[2022-04-18 14:56:52,190] {logging_mixin.py:104} INFO - [2022-04-18 14:56:52,190] {dag.py:1818} INFO - Sync 1 DAGs
[2022-04-18 14:56:52,203] {logging_mixin.py:104} INFO - [2022-04-18 14:56:52,203] {dag.py:2273} INFO - Setting next_dagrun for example_bash_operator to 2022-04-16 00:00:00+00:00
[2022-04-18 14:56:52,207] {scheduler_job.py:190} INFO - Processing /home/airflow/.local/lib/python3.6/site-packages/airflow/example_dags/example_bash_operator.py took 0.042 seconds
[2022-04-18 14:57:22,908] {scheduler_job.py:182} INFO - Started process (PID=5859) to work on /home/airflow/.local/lib/python3.6/site-packages/airflow/example_dags/example_bash_operator.py
[2022-04-18 14:57:22,909] {scheduler_job.py:629} INFO - Processing file /home/airflow/.local/lib/python3.6/site-packages/airflow/example_dags/example_bash_operator.py for tasks to queue
[2022-04-18 14:57:22,909] {logging_mixin.py:104} INFO - [2022-04-18 14:57:22,909] {dagbag.py:448} INFO - Filling up the DagBag from /home/airflow/.local/lib/python3.6/site-packages/airflow/example_dags/example_bash_operator.py
[2022-04-18 14:57:22,917] {scheduler_job.py:639} INFO - DAG(s) dict_keys(['example_bash_operator']) retrieved from /home/airflow/.local/lib/python3.6/site-packages/airflow/example_dags/example_bash_operator.py
[2022-04-18 14:57:22,933] {logging_mixin.py:104} INFO - [2022-04-18 14:57:22,933] {dag.py:1818} INFO - Sync 1 DAGs
[2022-04-18 14:57:22,944] {logging_mixin.py:104} INFO - [2022-04-18 14:57:22,944] {dag.py:2273} INFO - Setting next_dagrun for example_bash_operator to 2022-04-16 00:00:00+00:00
[2022-04-18 14:57:22,949] {scheduler_job.py:190} INFO - Processing /home/airflow/.local/lib/python3.6/site-packages/airflow/example_dags/example_bash_operator.py took 0.043 seconds
[2022-04-18 14:57:53,597] {scheduler_job.py:182} INFO - Started process (PID=5992) to work on /home/airflow/.local/lib/python3.6/site-packages/airflow/example_dags/example_bash_operator.py
[2022-04-18 14:57:53,598] {scheduler_job.py:629} INFO - Processing file /home/airflow/.local/lib/python3.6/site-packages/airflow/example_dags/example_bash_operator.py for tasks to queue
[2022-04-18 14:57:53,598] {logging_mixin.py:104} INFO - [2022-04-18 14:57:53,598] {dagbag.py:448} INFO - Filling up the DagBag from /home/airflow/.local/lib/python3.6/site-packages/airflow/example_dags/example_bash_operator.py
[2022-04-18 14:57:53,605] {scheduler_job.py:639} INFO - DAG(s) dict_keys(['example_bash_operator']) retrieved from /home/airflow/.local/lib/python3.6/site-packages/airflow/example_dags/example_bash_operator.py
[2022-04-18 14:57:53,621] {logging_mixin.py:104} INFO - [2022-04-18 14:57:53,621] {dag.py:1818} INFO - Sync 1 DAGs
[2022-04-18 14:57:53,633] {logging_mixin.py:104} INFO - [2022-04-18 14:57:53,633] {dag.py:2273} INFO - Setting next_dagrun for example_bash_operator to 2022-04-16 00:00:00+00:00
[2022-04-18 14:57:53,638] {scheduler_job.py:190} INFO - Processing /home/airflow/.local/lib/python3.6/site-packages/airflow/example_dags/example_bash_operator.py took 0.043 seconds
[2022-04-18 14:58:24,328] {scheduler_job.py:182} INFO - Started process (PID=6127) to work on /home/airflow/.local/lib/python3.6/site-packages/airflow/example_dags/example_bash_operator.py
[2022-04-18 14:58:24,329] {scheduler_job.py:629} INFO - Processing file /home/airflow/.local/lib/python3.6/site-packages/airflow/example_dags/example_bash_operator.py for tasks to queue
[2022-04-18 14:58:24,329] {logging_mixin.py:104} INFO - [2022-04-18 14:58:24,329] {dagbag.py:448} INFO - Filling up the DagBag from /home/airflow/.local/lib/python3.6/site-packages/airflow/example_dags/example_bash_operator.py
[2022-04-18 14:58:24,337] {scheduler_job.py:639} INFO - DAG(s) dict_keys(['example_bash_operator']) retrieved from /home/airflow/.local/lib/python3.6/site-packages/airflow/example_dags/example_bash_operator.py
[2022-04-18 14:58:24,347] {logging_mixin.py:104} INFO - [2022-04-18 14:58:24,347] {dag.py:1818} INFO - Sync 1 DAGs
[2022-04-18 14:58:24,358] {logging_mixin.py:104} INFO - [2022-04-18 14:58:24,358] {dag.py:2273} INFO - Setting next_dagrun for example_bash_operator to 2022-04-16 00:00:00+00:00
[2022-04-18 14:58:24,363] {scheduler_job.py:190} INFO - Processing /home/airflow/.local/lib/python3.6/site-packages/airflow/example_dags/example_bash_operator.py took 0.038 seconds
[2022-04-18 14:58:55,026] {scheduler_job.py:182} INFO - Started process (PID=6262) to work on /home/airflow/.local/lib/python3.6/site-packages/airflow/example_dags/example_bash_operator.py
[2022-04-18 14:58:55,027] {scheduler_job.py:629} INFO - Processing file /home/airflow/.local/lib/python3.6/site-packages/airflow/example_dags/example_bash_operator.py for tasks to queue
[2022-04-18 14:58:55,027] {logging_mixin.py:104} INFO - [2022-04-18 14:58:55,027] {dagbag.py:448} INFO - Filling up the DagBag from /home/airflow/.local/lib/python3.6/site-packages/airflow/example_dags/example_bash_operator.py
[2022-04-18 14:58:55,035] {scheduler_job.py:639} INFO - DAG(s) dict_keys(['example_bash_operator']) retrieved from /home/airflow/.local/lib/python3.6/site-packages/airflow/example_dags/example_bash_operator.py
[2022-04-18 14:58:55,047] {logging_mixin.py:104} INFO - [2022-04-18 14:58:55,047] {dag.py:1818} INFO - Sync 1 DAGs
[2022-04-18 14:58:55,060] {logging_mixin.py:104} INFO - [2022-04-18 14:58:55,060] {dag.py:2273} INFO - Setting next_dagrun for example_bash_operator to 2022-04-16 00:00:00+00:00
[2022-04-18 14:58:55,064] {scheduler_job.py:190} INFO - Processing /home/airflow/.local/lib/python3.6/site-packages/airflow/example_dags/example_bash_operator.py took 0.040 seconds
[2022-04-18 14:59:25,690] {scheduler_job.py:182} INFO - Started process (PID=6397) to work on /home/airflow/.local/lib/python3.6/site-packages/airflow/example_dags/example_bash_operator.py
[2022-04-18 14:59:25,691] {scheduler_job.py:629} INFO - Processing file /home/airflow/.local/lib/python3.6/site-packages/airflow/example_dags/example_bash_operator.py for tasks to queue
[2022-04-18 14:59:25,692] {logging_mixin.py:104} INFO - [2022-04-18 14:59:25,692] {dagbag.py:448} INFO - Filling up the DagBag from /home/airflow/.local/lib/python3.6/site-packages/airflow/example_dags/example_bash_operator.py
[2022-04-18 14:59:25,700] {scheduler_job.py:639} INFO - DAG(s) dict_keys(['example_bash_operator']) retrieved from /home/airflow/.local/lib/python3.6/site-packages/airflow/example_dags/example_bash_operator.py
[2022-04-18 14:59:25,714] {logging_mixin.py:104} INFO - [2022-04-18 14:59:25,714] {dag.py:1818} INFO - Sync 1 DAGs
[2022-04-18 14:59:25,727] {logging_mixin.py:104} INFO - [2022-04-18 14:59:25,727] {dag.py:2273} INFO - Setting next_dagrun for example_bash_operator to 2022-04-16 00:00:00+00:00
[2022-04-18 14:59:25,731] {scheduler_job.py:190} INFO - Processing /home/airflow/.local/lib/python3.6/site-packages/airflow/example_dags/example_bash_operator.py took 0.043 seconds
[2022-04-18 14:59:56,360] {scheduler_job.py:182} INFO - Started process (PID=6532) to work on /home/airflow/.local/lib/python3.6/site-packages/airflow/example_dags/example_bash_operator.py
[2022-04-18 14:59:56,361] {scheduler_job.py:629} INFO - Processing file /home/airflow/.local/lib/python3.6/site-packages/airflow/example_dags/example_bash_operator.py for tasks to queue
[2022-04-18 14:59:56,361] {logging_mixin.py:104} INFO - [2022-04-18 14:59:56,361] {dagbag.py:448} INFO - Filling up the DagBag from /home/airflow/.local/lib/python3.6/site-packages/airflow/example_dags/example_bash_operator.py
[2022-04-18 14:59:56,371] {scheduler_job.py:639} INFO - DAG(s) dict_keys(['example_bash_operator']) retrieved from /home/airflow/.local/lib/python3.6/site-packages/airflow/example_dags/example_bash_operator.py
[2022-04-18 14:59:56,382] {logging_mixin.py:104} INFO - [2022-04-18 14:59:56,381] {dag.py:1818} INFO - Sync 1 DAGs
[2022-04-18 14:59:56,394] {logging_mixin.py:104} INFO - [2022-04-18 14:59:56,394] {dag.py:2273} INFO - Setting next_dagrun for example_bash_operator to 2022-04-16 00:00:00+00:00
[2022-04-18 14:59:56,399] {scheduler_job.py:190} INFO - Processing /home/airflow/.local/lib/python3.6/site-packages/airflow/example_dags/example_bash_operator.py took 0.041 seconds
[2022-04-18 15:00:27,056] {scheduler_job.py:182} INFO - Started process (PID=6666) to work on /home/airflow/.local/lib/python3.6/site-packages/airflow/example_dags/example_bash_operator.py
[2022-04-18 15:00:27,057] {scheduler_job.py:629} INFO - Processing file /home/airflow/.local/lib/python3.6/site-packages/airflow/example_dags/example_bash_operator.py for tasks to queue
[2022-04-18 15:00:27,057] {logging_mixin.py:104} INFO - [2022-04-18 15:00:27,057] {dagbag.py:448} INFO - Filling up the DagBag from /home/airflow/.local/lib/python3.6/site-packages/airflow/example_dags/example_bash_operator.py
[2022-04-18 15:00:27,065] {scheduler_job.py:639} INFO - DAG(s) dict_keys(['example_bash_operator']) retrieved from /home/airflow/.local/lib/python3.6/site-packages/airflow/example_dags/example_bash_operator.py
[2022-04-18 15:00:27,077] {logging_mixin.py:104} INFO - [2022-04-18 15:00:27,077] {dag.py:1818} INFO - Sync 1 DAGs
[2022-04-18 15:00:27,089] {logging_mixin.py:104} INFO - [2022-04-18 15:00:27,089] {dag.py:2273} INFO - Setting next_dagrun for example_bash_operator to 2022-04-16 00:00:00+00:00
[2022-04-18 15:00:27,093] {scheduler_job.py:190} INFO - Processing /home/airflow/.local/lib/python3.6/site-packages/airflow/example_dags/example_bash_operator.py took 0.039 seconds
[2022-04-18 15:00:57,721] {scheduler_job.py:182} INFO - Started process (PID=6802) to work on /home/airflow/.local/lib/python3.6/site-packages/airflow/example_dags/example_bash_operator.py
[2022-04-18 15:00:57,721] {scheduler_job.py:629} INFO - Processing file /home/airflow/.local/lib/python3.6/site-packages/airflow/example_dags/example_bash_operator.py for tasks to queue
[2022-04-18 15:00:57,721] {logging_mixin.py:104} INFO - [2022-04-18 15:00:57,721] {dagbag.py:448} INFO - Filling up the DagBag from /home/airflow/.local/lib/python3.6/site-packages/airflow/example_dags/example_bash_operator.py
[2022-04-18 15:00:57,729] {scheduler_job.py:639} INFO - DAG(s) dict_keys(['example_bash_operator']) retrieved from /home/airflow/.local/lib/python3.6/site-packages/airflow/example_dags/example_bash_operator.py
[2022-04-18 15:00:57,743] {logging_mixin.py:104} INFO - [2022-04-18 15:00:57,743] {dag.py:1818} INFO - Sync 1 DAGs
[2022-04-18 15:00:57,755] {logging_mixin.py:104} INFO - [2022-04-18 15:00:57,755] {dag.py:2273} INFO - Setting next_dagrun for example_bash_operator to 2022-04-16 00:00:00+00:00
[2022-04-18 15:00:57,759] {scheduler_job.py:190} INFO - Processing /home/airflow/.local/lib/python3.6/site-packages/airflow/example_dags/example_bash_operator.py took 0.040 seconds
[2022-04-18 15:01:28,417] {scheduler_job.py:182} INFO - Started process (PID=6937) to work on /home/airflow/.local/lib/python3.6/site-packages/airflow/example_dags/example_bash_operator.py
[2022-04-18 15:01:28,418] {scheduler_job.py:629} INFO - Processing file /home/airflow/.local/lib/python3.6/site-packages/airflow/example_dags/example_bash_operator.py for tasks to queue
[2022-04-18 15:01:28,419] {logging_mixin.py:104} INFO - [2022-04-18 15:01:28,418] {dagbag.py:448} INFO - Filling up the DagBag from /home/airflow/.local/lib/python3.6/site-packages/airflow/example_dags/example_bash_operator.py
[2022-04-18 15:01:28,427] {scheduler_job.py:639} INFO - DAG(s) dict_keys(['example_bash_operator']) retrieved from /home/airflow/.local/lib/python3.6/site-packages/airflow/example_dags/example_bash_operator.py
[2022-04-18 15:01:28,441] {logging_mixin.py:104} INFO - [2022-04-18 15:01:28,441] {dag.py:1818} INFO - Sync 1 DAGs
[2022-04-18 15:01:28,454] {logging_mixin.py:104} INFO - [2022-04-18 15:01:28,454] {dag.py:2273} INFO - Setting next_dagrun for example_bash_operator to 2022-04-16 00:00:00+00:00
[2022-04-18 15:01:28,458] {scheduler_job.py:190} INFO - Processing /home/airflow/.local/lib/python3.6/site-packages/airflow/example_dags/example_bash_operator.py took 0.043 seconds
[2022-04-18 15:01:59,137] {scheduler_job.py:182} INFO - Started process (PID=7074) to work on /home/airflow/.local/lib/python3.6/site-packages/airflow/example_dags/example_bash_operator.py
[2022-04-18 15:01:59,138] {scheduler_job.py:629} INFO - Processing file /home/airflow/.local/lib/python3.6/site-packages/airflow/example_dags/example_bash_operator.py for tasks to queue
[2022-04-18 15:01:59,139] {logging_mixin.py:104} INFO - [2022-04-18 15:01:59,139] {dagbag.py:448} INFO - Filling up the DagBag from /home/airflow/.local/lib/python3.6/site-packages/airflow/example_dags/example_bash_operator.py
[2022-04-18 15:01:59,148] {scheduler_job.py:639} INFO - DAG(s) dict_keys(['example_bash_operator']) retrieved from /home/airflow/.local/lib/python3.6/site-packages/airflow/example_dags/example_bash_operator.py
[2022-04-18 15:01:59,167] {logging_mixin.py:104} INFO - [2022-04-18 15:01:59,167] {dag.py:1818} INFO - Sync 1 DAGs
[2022-04-18 15:01:59,183] {logging_mixin.py:104} INFO - [2022-04-18 15:01:59,183] {dag.py:2273} INFO - Setting next_dagrun for example_bash_operator to 2022-04-16 00:00:00+00:00
[2022-04-18 15:01:59,188] {scheduler_job.py:190} INFO - Processing /home/airflow/.local/lib/python3.6/site-packages/airflow/example_dags/example_bash_operator.py took 0.053 seconds
[2022-04-18 15:02:29,856] {scheduler_job.py:182} INFO - Started process (PID=7207) to work on /home/airflow/.local/lib/python3.6/site-packages/airflow/example_dags/example_bash_operator.py
[2022-04-18 15:02:29,856] {scheduler_job.py:629} INFO - Processing file /home/airflow/.local/lib/python3.6/site-packages/airflow/example_dags/example_bash_operator.py for tasks to queue
[2022-04-18 15:02:29,857] {logging_mixin.py:104} INFO - [2022-04-18 15:02:29,857] {dagbag.py:448} INFO - Filling up the DagBag from /home/airflow/.local/lib/python3.6/site-packages/airflow/example_dags/example_bash_operator.py
[2022-04-18 15:02:29,867] {scheduler_job.py:639} INFO - DAG(s) dict_keys(['example_bash_operator']) retrieved from /home/airflow/.local/lib/python3.6/site-packages/airflow/example_dags/example_bash_operator.py
[2022-04-18 15:02:29,884] {logging_mixin.py:104} INFO - [2022-04-18 15:02:29,884] {dag.py:1818} INFO - Sync 1 DAGs
[2022-04-18 15:02:29,895] {logging_mixin.py:104} INFO - [2022-04-18 15:02:29,895] {dag.py:2273} INFO - Setting next_dagrun for example_bash_operator to 2022-04-16 00:00:00+00:00
[2022-04-18 15:02:29,899] {scheduler_job.py:190} INFO - Processing /home/airflow/.local/lib/python3.6/site-packages/airflow/example_dags/example_bash_operator.py took 0.045 seconds
[2022-04-18 15:03:00,535] {scheduler_job.py:182} INFO - Started process (PID=7342) to work on /home/airflow/.local/lib/python3.6/site-packages/airflow/example_dags/example_bash_operator.py
[2022-04-18 15:03:00,535] {scheduler_job.py:629} INFO - Processing file /home/airflow/.local/lib/python3.6/site-packages/airflow/example_dags/example_bash_operator.py for tasks to queue
[2022-04-18 15:03:00,536] {logging_mixin.py:104} INFO - [2022-04-18 15:03:00,536] {dagbag.py:448} INFO - Filling up the DagBag from /home/airflow/.local/lib/python3.6/site-packages/airflow/example_dags/example_bash_operator.py
[2022-04-18 15:03:00,545] {scheduler_job.py:639} INFO - DAG(s) dict_keys(['example_bash_operator']) retrieved from /home/airflow/.local/lib/python3.6/site-packages/airflow/example_dags/example_bash_operator.py
[2022-04-18 15:03:00,557] {logging_mixin.py:104} INFO - [2022-04-18 15:03:00,557] {dag.py:1818} INFO - Sync 1 DAGs
[2022-04-18 15:03:00,569] {logging_mixin.py:104} INFO - [2022-04-18 15:03:00,569] {dag.py:2273} INFO - Setting next_dagrun for example_bash_operator to 2022-04-16 00:00:00+00:00
[2022-04-18 15:03:00,574] {scheduler_job.py:190} INFO - Processing /home/airflow/.local/lib/python3.6/site-packages/airflow/example_dags/example_bash_operator.py took 0.041 seconds
[2022-04-18 15:03:31,216] {scheduler_job.py:182} INFO - Started process (PID=7477) to work on /home/airflow/.local/lib/python3.6/site-packages/airflow/example_dags/example_bash_operator.py
[2022-04-18 15:03:31,217] {scheduler_job.py:629} INFO - Processing file /home/airflow/.local/lib/python3.6/site-packages/airflow/example_dags/example_bash_operator.py for tasks to queue
[2022-04-18 15:03:31,217] {logging_mixin.py:104} INFO - [2022-04-18 15:03:31,217] {dagbag.py:448} INFO - Filling up the DagBag from /home/airflow/.local/lib/python3.6/site-packages/airflow/example_dags/example_bash_operator.py
[2022-04-18 15:03:31,226] {scheduler_job.py:639} INFO - DAG(s) dict_keys(['example_bash_operator']) retrieved from /home/airflow/.local/lib/python3.6/site-packages/airflow/example_dags/example_bash_operator.py
[2022-04-18 15:03:31,237] {logging_mixin.py:104} INFO - [2022-04-18 15:03:31,237] {dag.py:1818} INFO - Sync 1 DAGs
[2022-04-18 15:03:31,250] {logging_mixin.py:104} INFO - [2022-04-18 15:03:31,250] {dag.py:2273} INFO - Setting next_dagrun for example_bash_operator to 2022-04-16 00:00:00+00:00
[2022-04-18 15:03:31,254] {scheduler_job.py:190} INFO - Processing /home/airflow/.local/lib/python3.6/site-packages/airflow/example_dags/example_bash_operator.py took 0.041 seconds
[2022-04-18 15:04:01,894] {scheduler_job.py:182} INFO - Started process (PID=7612) to work on /home/airflow/.local/lib/python3.6/site-packages/airflow/example_dags/example_bash_operator.py
[2022-04-18 15:04:01,895] {scheduler_job.py:629} INFO - Processing file /home/airflow/.local/lib/python3.6/site-packages/airflow/example_dags/example_bash_operator.py for tasks to queue
[2022-04-18 15:04:01,895] {logging_mixin.py:104} INFO - [2022-04-18 15:04:01,895] {dagbag.py:448} INFO - Filling up the DagBag from /home/airflow/.local/lib/python3.6/site-packages/airflow/example_dags/example_bash_operator.py
[2022-04-18 15:04:01,904] {scheduler_job.py:639} INFO - DAG(s) dict_keys(['example_bash_operator']) retrieved from /home/airflow/.local/lib/python3.6/site-packages/airflow/example_dags/example_bash_operator.py
[2022-04-18 15:04:01,915] {logging_mixin.py:104} INFO - [2022-04-18 15:04:01,915] {dag.py:1818} INFO - Sync 1 DAGs
[2022-04-18 15:04:01,928] {logging_mixin.py:104} INFO - [2022-04-18 15:04:01,928] {dag.py:2273} INFO - Setting next_dagrun for example_bash_operator to 2022-04-16 00:00:00+00:00
[2022-04-18 15:04:01,932] {scheduler_job.py:190} INFO - Processing /home/airflow/.local/lib/python3.6/site-packages/airflow/example_dags/example_bash_operator.py took 0.040 seconds
[2022-04-18 15:04:32,608] {scheduler_job.py:182} INFO - Started process (PID=7749) to work on /home/airflow/.local/lib/python3.6/site-packages/airflow/example_dags/example_bash_operator.py
[2022-04-18 15:04:32,609] {scheduler_job.py:629} INFO - Processing file /home/airflow/.local/lib/python3.6/site-packages/airflow/example_dags/example_bash_operator.py for tasks to queue
[2022-04-18 15:04:32,610] {logging_mixin.py:104} INFO - [2022-04-18 15:04:32,610] {dagbag.py:448} INFO - Filling up the DagBag from /home/airflow/.local/lib/python3.6/site-packages/airflow/example_dags/example_bash_operator.py
[2022-04-18 15:04:32,619] {scheduler_job.py:639} INFO - DAG(s) dict_keys(['example_bash_operator']) retrieved from /home/airflow/.local/lib/python3.6/site-packages/airflow/example_dags/example_bash_operator.py
[2022-04-18 15:04:32,636] {logging_mixin.py:104} INFO - [2022-04-18 15:04:32,636] {dag.py:1818} INFO - Sync 1 DAGs
[2022-04-18 15:04:32,651] {logging_mixin.py:104} INFO - [2022-04-18 15:04:32,651] {dag.py:2273} INFO - Setting next_dagrun for example_bash_operator to 2022-04-16 00:00:00+00:00
[2022-04-18 15:04:32,656] {scheduler_job.py:190} INFO - Processing /home/airflow/.local/lib/python3.6/site-packages/airflow/example_dags/example_bash_operator.py took 0.050 seconds
[2022-04-18 15:05:03,297] {scheduler_job.py:182} INFO - Started process (PID=7882) to work on /home/airflow/.local/lib/python3.6/site-packages/airflow/example_dags/example_bash_operator.py
[2022-04-18 15:05:03,298] {scheduler_job.py:629} INFO - Processing file /home/airflow/.local/lib/python3.6/site-packages/airflow/example_dags/example_bash_operator.py for tasks to queue
[2022-04-18 15:05:03,298] {logging_mixin.py:104} INFO - [2022-04-18 15:05:03,298] {dagbag.py:448} INFO - Filling up the DagBag from /home/airflow/.local/lib/python3.6/site-packages/airflow/example_dags/example_bash_operator.py
[2022-04-18 15:05:03,307] {scheduler_job.py:639} INFO - DAG(s) dict_keys(['example_bash_operator']) retrieved from /home/airflow/.local/lib/python3.6/site-packages/airflow/example_dags/example_bash_operator.py
[2022-04-18 15:05:03,321] {logging_mixin.py:104} INFO - [2022-04-18 15:05:03,321] {dag.py:1818} INFO - Sync 1 DAGs
[2022-04-18 15:05:03,333] {logging_mixin.py:104} INFO - [2022-04-18 15:05:03,333] {dag.py:2273} INFO - Setting next_dagrun for example_bash_operator to 2022-04-16 00:00:00+00:00
[2022-04-18 15:05:03,338] {scheduler_job.py:190} INFO - Processing /home/airflow/.local/lib/python3.6/site-packages/airflow/example_dags/example_bash_operator.py took 0.042 seconds
[2022-04-18 15:05:33,991] {scheduler_job.py:182} INFO - Started process (PID=8017) to work on /home/airflow/.local/lib/python3.6/site-packages/airflow/example_dags/example_bash_operator.py
[2022-04-18 15:05:33,992] {scheduler_job.py:629} INFO - Processing file /home/airflow/.local/lib/python3.6/site-packages/airflow/example_dags/example_bash_operator.py for tasks to queue
[2022-04-18 15:05:33,993] {logging_mixin.py:104} INFO - [2022-04-18 15:05:33,993] {dagbag.py:448} INFO - Filling up the DagBag from /home/airflow/.local/lib/python3.6/site-packages/airflow/example_dags/example_bash_operator.py
[2022-04-18 15:05:34,002] {scheduler_job.py:639} INFO - DAG(s) dict_keys(['example_bash_operator']) retrieved from /home/airflow/.local/lib/python3.6/site-packages/airflow/example_dags/example_bash_operator.py
[2022-04-18 15:05:34,016] {logging_mixin.py:104} INFO - [2022-04-18 15:05:34,016] {dag.py:1818} INFO - Sync 1 DAGs
[2022-04-18 15:05:34,029] {logging_mixin.py:104} INFO - [2022-04-18 15:05:34,028] {dag.py:2273} INFO - Setting next_dagrun for example_bash_operator to 2022-04-16 00:00:00+00:00
[2022-04-18 15:05:34,032] {scheduler_job.py:190} INFO - Processing /home/airflow/.local/lib/python3.6/site-packages/airflow/example_dags/example_bash_operator.py took 0.044 seconds
[2022-04-18 15:06:04,678] {scheduler_job.py:182} INFO - Started process (PID=8152) to work on /home/airflow/.local/lib/python3.6/site-packages/airflow/example_dags/example_bash_operator.py
[2022-04-18 15:06:04,678] {scheduler_job.py:629} INFO - Processing file /home/airflow/.local/lib/python3.6/site-packages/airflow/example_dags/example_bash_operator.py for tasks to queue
[2022-04-18 15:06:04,679] {logging_mixin.py:104} INFO - [2022-04-18 15:06:04,679] {dagbag.py:448} INFO - Filling up the DagBag from /home/airflow/.local/lib/python3.6/site-packages/airflow/example_dags/example_bash_operator.py
[2022-04-18 15:06:04,688] {scheduler_job.py:639} INFO - DAG(s) dict_keys(['example_bash_operator']) retrieved from /home/airflow/.local/lib/python3.6/site-packages/airflow/example_dags/example_bash_operator.py
[2022-04-18 15:06:04,700] {logging_mixin.py:104} INFO - [2022-04-18 15:06:04,700] {dag.py:1818} INFO - Sync 1 DAGs
[2022-04-18 15:06:04,712] {logging_mixin.py:104} INFO - [2022-04-18 15:06:04,712] {dag.py:2273} INFO - Setting next_dagrun for example_bash_operator to 2022-04-16 00:00:00+00:00
[2022-04-18 15:06:04,717] {scheduler_job.py:190} INFO - Processing /home/airflow/.local/lib/python3.6/site-packages/airflow/example_dags/example_bash_operator.py took 0.041 seconds
[2022-04-18 15:06:35,402] {scheduler_job.py:182} INFO - Started process (PID=8289) to work on /home/airflow/.local/lib/python3.6/site-packages/airflow/example_dags/example_bash_operator.py
[2022-04-18 15:06:35,403] {scheduler_job.py:629} INFO - Processing file /home/airflow/.local/lib/python3.6/site-packages/airflow/example_dags/example_bash_operator.py for tasks to queue
[2022-04-18 15:06:35,404] {logging_mixin.py:104} INFO - [2022-04-18 15:06:35,403] {dagbag.py:448} INFO - Filling up the DagBag from /home/airflow/.local/lib/python3.6/site-packages/airflow/example_dags/example_bash_operator.py
[2022-04-18 15:06:35,412] {scheduler_job.py:639} INFO - DAG(s) dict_keys(['example_bash_operator']) retrieved from /home/airflow/.local/lib/python3.6/site-packages/airflow/example_dags/example_bash_operator.py
[2022-04-18 15:06:35,428] {logging_mixin.py:104} INFO - [2022-04-18 15:06:35,428] {dag.py:1818} INFO - Sync 1 DAGs
[2022-04-18 15:06:35,441] {logging_mixin.py:104} INFO - [2022-04-18 15:06:35,441] {dag.py:2273} INFO - Setting next_dagrun for example_bash_operator to 2022-04-16 00:00:00+00:00
[2022-04-18 15:06:35,445] {scheduler_job.py:190} INFO - Processing /home/airflow/.local/lib/python3.6/site-packages/airflow/example_dags/example_bash_operator.py took 0.045 seconds
