[2022-04-18 14:37:01,266] {scheduler_job.py:182} INFO - Started process (PID=215) to work on /home/airflow/.local/lib/python3.6/site-packages/airflow/example_dags/example_nested_branch_dag.py
[2022-04-18 14:37:01,266] {scheduler_job.py:629} INFO - Processing file /home/airflow/.local/lib/python3.6/site-packages/airflow/example_dags/example_nested_branch_dag.py for tasks to queue
[2022-04-18 14:37:01,267] {logging_mixin.py:104} INFO - [2022-04-18 14:37:01,267] {dagbag.py:448} INFO - Filling up the DagBag from /home/airflow/.local/lib/python3.6/site-packages/airflow/example_dags/example_nested_branch_dag.py
[2022-04-18 14:37:01,281] {scheduler_job.py:639} INFO - DAG(s) dict_keys(['example_nested_branch_dag']) retrieved from /home/airflow/.local/lib/python3.6/site-packages/airflow/example_dags/example_nested_branch_dag.py
[2022-04-18 14:37:01,294] {logging_mixin.py:104} INFO - [2022-04-18 14:37:01,294] {dag.py:1818} INFO - Sync 1 DAGs
[2022-04-18 14:37:01,307] {logging_mixin.py:104} INFO - [2022-04-18 14:37:01,307] {dag.py:2273} INFO - Setting next_dagrun for example_nested_branch_dag to 2022-04-16 00:00:00+00:00
[2022-04-18 14:37:01,313] {scheduler_job.py:190} INFO - Processing /home/airflow/.local/lib/python3.6/site-packages/airflow/example_dags/example_nested_branch_dag.py took 0.050 seconds
[2022-04-18 14:37:31,336] {scheduler_job.py:182} INFO - Started process (PID=595) to work on /home/airflow/.local/lib/python3.6/site-packages/airflow/example_dags/example_nested_branch_dag.py
[2022-04-18 14:37:31,336] {scheduler_job.py:629} INFO - Processing file /home/airflow/.local/lib/python3.6/site-packages/airflow/example_dags/example_nested_branch_dag.py for tasks to queue
[2022-04-18 14:37:31,337] {logging_mixin.py:104} INFO - [2022-04-18 14:37:31,337] {dagbag.py:448} INFO - Filling up the DagBag from /home/airflow/.local/lib/python3.6/site-packages/airflow/example_dags/example_nested_branch_dag.py
[2022-04-18 14:37:31,346] {scheduler_job.py:639} INFO - DAG(s) dict_keys(['example_nested_branch_dag']) retrieved from /home/airflow/.local/lib/python3.6/site-packages/airflow/example_dags/example_nested_branch_dag.py
[2022-04-18 14:37:31,359] {logging_mixin.py:104} INFO - [2022-04-18 14:37:31,359] {dag.py:1818} INFO - Sync 1 DAGs
[2022-04-18 14:37:31,372] {logging_mixin.py:104} INFO - [2022-04-18 14:37:31,372] {dag.py:2273} INFO - Setting next_dagrun for example_nested_branch_dag to 2022-04-16 00:00:00+00:00
[2022-04-18 14:37:31,376] {scheduler_job.py:190} INFO - Processing /home/airflow/.local/lib/python3.6/site-packages/airflow/example_dags/example_nested_branch_dag.py took 0.042 seconds
[2022-04-18 14:38:01,427] {scheduler_job.py:182} INFO - Started process (PID=734) to work on /home/airflow/.local/lib/python3.6/site-packages/airflow/example_dags/example_nested_branch_dag.py
[2022-04-18 14:38:01,427] {scheduler_job.py:629} INFO - Processing file /home/airflow/.local/lib/python3.6/site-packages/airflow/example_dags/example_nested_branch_dag.py for tasks to queue
[2022-04-18 14:38:01,428] {logging_mixin.py:104} INFO - [2022-04-18 14:38:01,428] {dagbag.py:448} INFO - Filling up the DagBag from /home/airflow/.local/lib/python3.6/site-packages/airflow/example_dags/example_nested_branch_dag.py
[2022-04-18 14:38:01,439] {scheduler_job.py:639} INFO - DAG(s) dict_keys(['example_nested_branch_dag']) retrieved from /home/airflow/.local/lib/python3.6/site-packages/airflow/example_dags/example_nested_branch_dag.py
[2022-04-18 14:38:01,455] {logging_mixin.py:104} INFO - [2022-04-18 14:38:01,454] {dag.py:1818} INFO - Sync 1 DAGs
[2022-04-18 14:38:01,467] {logging_mixin.py:104} INFO - [2022-04-18 14:38:01,467] {dag.py:2273} INFO - Setting next_dagrun for example_nested_branch_dag to 2022-04-16 00:00:00+00:00
[2022-04-18 14:38:01,472] {scheduler_job.py:190} INFO - Processing /home/airflow/.local/lib/python3.6/site-packages/airflow/example_dags/example_nested_branch_dag.py took 0.047 seconds
[2022-04-18 14:38:31,491] {scheduler_job.py:182} INFO - Started process (PID=873) to work on /home/airflow/.local/lib/python3.6/site-packages/airflow/example_dags/example_nested_branch_dag.py
[2022-04-18 14:38:31,492] {scheduler_job.py:629} INFO - Processing file /home/airflow/.local/lib/python3.6/site-packages/airflow/example_dags/example_nested_branch_dag.py for tasks to queue
[2022-04-18 14:38:31,493] {logging_mixin.py:104} INFO - [2022-04-18 14:38:31,493] {dagbag.py:448} INFO - Filling up the DagBag from /home/airflow/.local/lib/python3.6/site-packages/airflow/example_dags/example_nested_branch_dag.py
[2022-04-18 14:38:31,501] {scheduler_job.py:639} INFO - DAG(s) dict_keys(['example_nested_branch_dag']) retrieved from /home/airflow/.local/lib/python3.6/site-packages/airflow/example_dags/example_nested_branch_dag.py
[2022-04-18 14:38:31,515] {logging_mixin.py:104} INFO - [2022-04-18 14:38:31,514] {dag.py:1818} INFO - Sync 1 DAGs
[2022-04-18 14:38:31,527] {logging_mixin.py:104} INFO - [2022-04-18 14:38:31,527] {dag.py:2273} INFO - Setting next_dagrun for example_nested_branch_dag to 2022-04-16 00:00:00+00:00
[2022-04-18 14:38:31,531] {scheduler_job.py:190} INFO - Processing /home/airflow/.local/lib/python3.6/site-packages/airflow/example_dags/example_nested_branch_dag.py took 0.043 seconds
[2022-04-18 14:39:01,560] {scheduler_job.py:182} INFO - Started process (PID=1012) to work on /home/airflow/.local/lib/python3.6/site-packages/airflow/example_dags/example_nested_branch_dag.py
[2022-04-18 14:39:01,561] {scheduler_job.py:629} INFO - Processing file /home/airflow/.local/lib/python3.6/site-packages/airflow/example_dags/example_nested_branch_dag.py for tasks to queue
[2022-04-18 14:39:01,562] {logging_mixin.py:104} INFO - [2022-04-18 14:39:01,561] {dagbag.py:448} INFO - Filling up the DagBag from /home/airflow/.local/lib/python3.6/site-packages/airflow/example_dags/example_nested_branch_dag.py
[2022-04-18 14:39:01,574] {scheduler_job.py:639} INFO - DAG(s) dict_keys(['example_nested_branch_dag']) retrieved from /home/airflow/.local/lib/python3.6/site-packages/airflow/example_dags/example_nested_branch_dag.py
[2022-04-18 14:39:01,590] {logging_mixin.py:104} INFO - [2022-04-18 14:39:01,590] {dag.py:1818} INFO - Sync 1 DAGs
[2022-04-18 14:39:01,605] {logging_mixin.py:104} INFO - [2022-04-18 14:39:01,605] {dag.py:2273} INFO - Setting next_dagrun for example_nested_branch_dag to 2022-04-16 00:00:00+00:00
[2022-04-18 14:39:01,609] {scheduler_job.py:190} INFO - Processing /home/airflow/.local/lib/python3.6/site-packages/airflow/example_dags/example_nested_branch_dag.py took 0.051 seconds
[2022-04-18 14:39:31,640] {scheduler_job.py:182} INFO - Started process (PID=1147) to work on /home/airflow/.local/lib/python3.6/site-packages/airflow/example_dags/example_nested_branch_dag.py
[2022-04-18 14:39:31,641] {scheduler_job.py:629} INFO - Processing file /home/airflow/.local/lib/python3.6/site-packages/airflow/example_dags/example_nested_branch_dag.py for tasks to queue
[2022-04-18 14:39:31,641] {logging_mixin.py:104} INFO - [2022-04-18 14:39:31,641] {dagbag.py:448} INFO - Filling up the DagBag from /home/airflow/.local/lib/python3.6/site-packages/airflow/example_dags/example_nested_branch_dag.py
[2022-04-18 14:39:31,651] {scheduler_job.py:639} INFO - DAG(s) dict_keys(['example_nested_branch_dag']) retrieved from /home/airflow/.local/lib/python3.6/site-packages/airflow/example_dags/example_nested_branch_dag.py
[2022-04-18 14:39:31,662] {logging_mixin.py:104} INFO - [2022-04-18 14:39:31,662] {dag.py:1818} INFO - Sync 1 DAGs
[2022-04-18 14:39:31,676] {logging_mixin.py:104} INFO - [2022-04-18 14:39:31,675] {dag.py:2273} INFO - Setting next_dagrun for example_nested_branch_dag to 2022-04-16 00:00:00+00:00
[2022-04-18 14:39:31,679] {scheduler_job.py:190} INFO - Processing /home/airflow/.local/lib/python3.6/site-packages/airflow/example_dags/example_nested_branch_dag.py took 0.042 seconds
[2022-04-18 14:40:01,709] {scheduler_job.py:182} INFO - Started process (PID=1282) to work on /home/airflow/.local/lib/python3.6/site-packages/airflow/example_dags/example_nested_branch_dag.py
[2022-04-18 14:40:01,710] {scheduler_job.py:629} INFO - Processing file /home/airflow/.local/lib/python3.6/site-packages/airflow/example_dags/example_nested_branch_dag.py for tasks to queue
[2022-04-18 14:40:01,711] {logging_mixin.py:104} INFO - [2022-04-18 14:40:01,710] {dagbag.py:448} INFO - Filling up the DagBag from /home/airflow/.local/lib/python3.6/site-packages/airflow/example_dags/example_nested_branch_dag.py
[2022-04-18 14:40:01,719] {scheduler_job.py:639} INFO - DAG(s) dict_keys(['example_nested_branch_dag']) retrieved from /home/airflow/.local/lib/python3.6/site-packages/airflow/example_dags/example_nested_branch_dag.py
[2022-04-18 14:40:01,730] {logging_mixin.py:104} INFO - [2022-04-18 14:40:01,730] {dag.py:1818} INFO - Sync 1 DAGs
[2022-04-18 14:40:01,741] {logging_mixin.py:104} INFO - [2022-04-18 14:40:01,741] {dag.py:2273} INFO - Setting next_dagrun for example_nested_branch_dag to 2022-04-16 00:00:00+00:00
[2022-04-18 14:40:01,745] {scheduler_job.py:190} INFO - Processing /home/airflow/.local/lib/python3.6/site-packages/airflow/example_dags/example_nested_branch_dag.py took 0.037 seconds
[2022-04-18 14:40:32,451] {scheduler_job.py:182} INFO - Started process (PID=1414) to work on /home/airflow/.local/lib/python3.6/site-packages/airflow/example_dags/example_nested_branch_dag.py
[2022-04-18 14:40:32,451] {scheduler_job.py:629} INFO - Processing file /home/airflow/.local/lib/python3.6/site-packages/airflow/example_dags/example_nested_branch_dag.py for tasks to queue
[2022-04-18 14:40:32,452] {logging_mixin.py:104} INFO - [2022-04-18 14:40:32,452] {dagbag.py:448} INFO - Filling up the DagBag from /home/airflow/.local/lib/python3.6/site-packages/airflow/example_dags/example_nested_branch_dag.py
[2022-04-18 14:40:32,463] {scheduler_job.py:639} INFO - DAG(s) dict_keys(['example_nested_branch_dag']) retrieved from /home/airflow/.local/lib/python3.6/site-packages/airflow/example_dags/example_nested_branch_dag.py
[2022-04-18 14:40:32,476] {logging_mixin.py:104} INFO - [2022-04-18 14:40:32,476] {dag.py:1818} INFO - Sync 1 DAGs
[2022-04-18 14:40:32,487] {logging_mixin.py:104} INFO - [2022-04-18 14:40:32,487] {dag.py:2273} INFO - Setting next_dagrun for example_nested_branch_dag to 2022-04-16 00:00:00+00:00
[2022-04-18 14:40:32,490] {scheduler_job.py:190} INFO - Processing /home/airflow/.local/lib/python3.6/site-packages/airflow/example_dags/example_nested_branch_dag.py took 0.041 seconds
[2022-04-18 14:41:03,422] {scheduler_job.py:182} INFO - Started process (PID=1547) to work on /home/airflow/.local/lib/python3.6/site-packages/airflow/example_dags/example_nested_branch_dag.py
[2022-04-18 14:41:03,423] {scheduler_job.py:629} INFO - Processing file /home/airflow/.local/lib/python3.6/site-packages/airflow/example_dags/example_nested_branch_dag.py for tasks to queue
[2022-04-18 14:41:03,423] {logging_mixin.py:104} INFO - [2022-04-18 14:41:03,423] {dagbag.py:448} INFO - Filling up the DagBag from /home/airflow/.local/lib/python3.6/site-packages/airflow/example_dags/example_nested_branch_dag.py
[2022-04-18 14:41:03,435] {scheduler_job.py:639} INFO - DAG(s) dict_keys(['example_nested_branch_dag']) retrieved from /home/airflow/.local/lib/python3.6/site-packages/airflow/example_dags/example_nested_branch_dag.py
[2022-04-18 14:41:03,450] {logging_mixin.py:104} INFO - [2022-04-18 14:41:03,450] {dag.py:1818} INFO - Sync 1 DAGs
[2022-04-18 14:41:03,461] {logging_mixin.py:104} INFO - [2022-04-18 14:41:03,461] {dag.py:2273} INFO - Setting next_dagrun for example_nested_branch_dag to 2022-04-16 00:00:00+00:00
[2022-04-18 14:41:03,465] {scheduler_job.py:190} INFO - Processing /home/airflow/.local/lib/python3.6/site-packages/airflow/example_dags/example_nested_branch_dag.py took 0.046 seconds
[2022-04-18 14:41:34,106] {scheduler_job.py:182} INFO - Started process (PID=1682) to work on /home/airflow/.local/lib/python3.6/site-packages/airflow/example_dags/example_nested_branch_dag.py
[2022-04-18 14:41:34,106] {scheduler_job.py:629} INFO - Processing file /home/airflow/.local/lib/python3.6/site-packages/airflow/example_dags/example_nested_branch_dag.py for tasks to queue
[2022-04-18 14:41:34,107] {logging_mixin.py:104} INFO - [2022-04-18 14:41:34,107] {dagbag.py:448} INFO - Filling up the DagBag from /home/airflow/.local/lib/python3.6/site-packages/airflow/example_dags/example_nested_branch_dag.py
[2022-04-18 14:41:34,114] {scheduler_job.py:639} INFO - DAG(s) dict_keys(['example_nested_branch_dag']) retrieved from /home/airflow/.local/lib/python3.6/site-packages/airflow/example_dags/example_nested_branch_dag.py
[2022-04-18 14:41:34,128] {logging_mixin.py:104} INFO - [2022-04-18 14:41:34,128] {dag.py:1818} INFO - Sync 1 DAGs
[2022-04-18 14:41:34,141] {logging_mixin.py:104} INFO - [2022-04-18 14:41:34,141] {dag.py:2273} INFO - Setting next_dagrun for example_nested_branch_dag to 2022-04-16 00:00:00+00:00
[2022-04-18 14:41:34,145] {scheduler_job.py:190} INFO - Processing /home/airflow/.local/lib/python3.6/site-packages/airflow/example_dags/example_nested_branch_dag.py took 0.041 seconds
[2022-04-18 14:42:04,800] {scheduler_job.py:182} INFO - Started process (PID=1817) to work on /home/airflow/.local/lib/python3.6/site-packages/airflow/example_dags/example_nested_branch_dag.py
[2022-04-18 14:42:04,801] {scheduler_job.py:629} INFO - Processing file /home/airflow/.local/lib/python3.6/site-packages/airflow/example_dags/example_nested_branch_dag.py for tasks to queue
[2022-04-18 14:42:04,801] {logging_mixin.py:104} INFO - [2022-04-18 14:42:04,801] {dagbag.py:448} INFO - Filling up the DagBag from /home/airflow/.local/lib/python3.6/site-packages/airflow/example_dags/example_nested_branch_dag.py
[2022-04-18 14:42:04,810] {scheduler_job.py:639} INFO - DAG(s) dict_keys(['example_nested_branch_dag']) retrieved from /home/airflow/.local/lib/python3.6/site-packages/airflow/example_dags/example_nested_branch_dag.py
[2022-04-18 14:42:04,826] {logging_mixin.py:104} INFO - [2022-04-18 14:42:04,826] {dag.py:1818} INFO - Sync 1 DAGs
[2022-04-18 14:42:04,837] {logging_mixin.py:104} INFO - [2022-04-18 14:42:04,837] {dag.py:2273} INFO - Setting next_dagrun for example_nested_branch_dag to 2022-04-16 00:00:00+00:00
[2022-04-18 14:42:04,841] {scheduler_job.py:190} INFO - Processing /home/airflow/.local/lib/python3.6/site-packages/airflow/example_dags/example_nested_branch_dag.py took 0.044 seconds
[2022-04-18 14:42:35,530] {scheduler_job.py:182} INFO - Started process (PID=1954) to work on /home/airflow/.local/lib/python3.6/site-packages/airflow/example_dags/example_nested_branch_dag.py
[2022-04-18 14:42:35,531] {scheduler_job.py:629} INFO - Processing file /home/airflow/.local/lib/python3.6/site-packages/airflow/example_dags/example_nested_branch_dag.py for tasks to queue
[2022-04-18 14:42:35,531] {logging_mixin.py:104} INFO - [2022-04-18 14:42:35,531] {dagbag.py:448} INFO - Filling up the DagBag from /home/airflow/.local/lib/python3.6/site-packages/airflow/example_dags/example_nested_branch_dag.py
[2022-04-18 14:42:35,542] {scheduler_job.py:639} INFO - DAG(s) dict_keys(['example_nested_branch_dag']) retrieved from /home/airflow/.local/lib/python3.6/site-packages/airflow/example_dags/example_nested_branch_dag.py
[2022-04-18 14:42:35,555] {logging_mixin.py:104} INFO - [2022-04-18 14:42:35,555] {dag.py:1818} INFO - Sync 1 DAGs
[2022-04-18 14:42:35,567] {logging_mixin.py:104} INFO - [2022-04-18 14:42:35,567] {dag.py:2273} INFO - Setting next_dagrun for example_nested_branch_dag to 2022-04-16 00:00:00+00:00
[2022-04-18 14:42:35,571] {scheduler_job.py:190} INFO - Processing /home/airflow/.local/lib/python3.6/site-packages/airflow/example_dags/example_nested_branch_dag.py took 0.043 seconds
[2022-04-18 14:43:06,289] {scheduler_job.py:182} INFO - Started process (PID=2089) to work on /home/airflow/.local/lib/python3.6/site-packages/airflow/example_dags/example_nested_branch_dag.py
[2022-04-18 14:43:06,290] {scheduler_job.py:629} INFO - Processing file /home/airflow/.local/lib/python3.6/site-packages/airflow/example_dags/example_nested_branch_dag.py for tasks to queue
[2022-04-18 14:43:06,290] {logging_mixin.py:104} INFO - [2022-04-18 14:43:06,290] {dagbag.py:448} INFO - Filling up the DagBag from /home/airflow/.local/lib/python3.6/site-packages/airflow/example_dags/example_nested_branch_dag.py
[2022-04-18 14:43:06,299] {scheduler_job.py:639} INFO - DAG(s) dict_keys(['example_nested_branch_dag']) retrieved from /home/airflow/.local/lib/python3.6/site-packages/airflow/example_dags/example_nested_branch_dag.py
[2022-04-18 14:43:06,314] {logging_mixin.py:104} INFO - [2022-04-18 14:43:06,314] {dag.py:1818} INFO - Sync 1 DAGs
[2022-04-18 14:43:06,326] {logging_mixin.py:104} INFO - [2022-04-18 14:43:06,326] {dag.py:2273} INFO - Setting next_dagrun for example_nested_branch_dag to 2022-04-16 00:00:00+00:00
[2022-04-18 14:43:06,330] {scheduler_job.py:190} INFO - Processing /home/airflow/.local/lib/python3.6/site-packages/airflow/example_dags/example_nested_branch_dag.py took 0.043 seconds
[2022-04-18 14:43:37,001] {scheduler_job.py:182} INFO - Started process (PID=2222) to work on /home/airflow/.local/lib/python3.6/site-packages/airflow/example_dags/example_nested_branch_dag.py
[2022-04-18 14:43:37,002] {scheduler_job.py:629} INFO - Processing file /home/airflow/.local/lib/python3.6/site-packages/airflow/example_dags/example_nested_branch_dag.py for tasks to queue
[2022-04-18 14:43:37,002] {logging_mixin.py:104} INFO - [2022-04-18 14:43:37,002] {dagbag.py:448} INFO - Filling up the DagBag from /home/airflow/.local/lib/python3.6/site-packages/airflow/example_dags/example_nested_branch_dag.py
[2022-04-18 14:43:37,010] {scheduler_job.py:639} INFO - DAG(s) dict_keys(['example_nested_branch_dag']) retrieved from /home/airflow/.local/lib/python3.6/site-packages/airflow/example_dags/example_nested_branch_dag.py
[2022-04-18 14:43:37,028] {logging_mixin.py:104} INFO - [2022-04-18 14:43:37,027] {dag.py:1818} INFO - Sync 1 DAGs
[2022-04-18 14:43:37,039] {logging_mixin.py:104} INFO - [2022-04-18 14:43:37,039] {dag.py:2273} INFO - Setting next_dagrun for example_nested_branch_dag to 2022-04-16 00:00:00+00:00
[2022-04-18 14:43:37,043] {scheduler_job.py:190} INFO - Processing /home/airflow/.local/lib/python3.6/site-packages/airflow/example_dags/example_nested_branch_dag.py took 0.045 seconds
[2022-04-18 14:44:07,698] {scheduler_job.py:182} INFO - Started process (PID=2357) to work on /home/airflow/.local/lib/python3.6/site-packages/airflow/example_dags/example_nested_branch_dag.py
[2022-04-18 14:44:07,699] {scheduler_job.py:629} INFO - Processing file /home/airflow/.local/lib/python3.6/site-packages/airflow/example_dags/example_nested_branch_dag.py for tasks to queue
[2022-04-18 14:44:07,699] {logging_mixin.py:104} INFO - [2022-04-18 14:44:07,699] {dagbag.py:448} INFO - Filling up the DagBag from /home/airflow/.local/lib/python3.6/site-packages/airflow/example_dags/example_nested_branch_dag.py
[2022-04-18 14:44:07,710] {scheduler_job.py:639} INFO - DAG(s) dict_keys(['example_nested_branch_dag']) retrieved from /home/airflow/.local/lib/python3.6/site-packages/airflow/example_dags/example_nested_branch_dag.py
[2022-04-18 14:44:07,726] {logging_mixin.py:104} INFO - [2022-04-18 14:44:07,726] {dag.py:1818} INFO - Sync 1 DAGs
[2022-04-18 14:44:07,737] {logging_mixin.py:104} INFO - [2022-04-18 14:44:07,737] {dag.py:2273} INFO - Setting next_dagrun for example_nested_branch_dag to 2022-04-16 00:00:00+00:00
[2022-04-18 14:44:07,741] {scheduler_job.py:190} INFO - Processing /home/airflow/.local/lib/python3.6/site-packages/airflow/example_dags/example_nested_branch_dag.py took 0.046 seconds
[2022-04-18 14:44:38,377] {scheduler_job.py:182} INFO - Started process (PID=2492) to work on /home/airflow/.local/lib/python3.6/site-packages/airflow/example_dags/example_nested_branch_dag.py
[2022-04-18 14:44:38,377] {scheduler_job.py:629} INFO - Processing file /home/airflow/.local/lib/python3.6/site-packages/airflow/example_dags/example_nested_branch_dag.py for tasks to queue
[2022-04-18 14:44:38,378] {logging_mixin.py:104} INFO - [2022-04-18 14:44:38,378] {dagbag.py:448} INFO - Filling up the DagBag from /home/airflow/.local/lib/python3.6/site-packages/airflow/example_dags/example_nested_branch_dag.py
[2022-04-18 14:44:38,388] {scheduler_job.py:639} INFO - DAG(s) dict_keys(['example_nested_branch_dag']) retrieved from /home/airflow/.local/lib/python3.6/site-packages/airflow/example_dags/example_nested_branch_dag.py
[2022-04-18 14:44:38,402] {logging_mixin.py:104} INFO - [2022-04-18 14:44:38,402] {dag.py:1818} INFO - Sync 1 DAGs
[2022-04-18 14:44:38,415] {logging_mixin.py:104} INFO - [2022-04-18 14:44:38,415] {dag.py:2273} INFO - Setting next_dagrun for example_nested_branch_dag to 2022-04-16 00:00:00+00:00
[2022-04-18 14:44:38,419] {scheduler_job.py:190} INFO - Processing /home/airflow/.local/lib/python3.6/site-packages/airflow/example_dags/example_nested_branch_dag.py took 0.044 seconds
[2022-04-18 14:45:09,043] {scheduler_job.py:182} INFO - Started process (PID=2627) to work on /home/airflow/.local/lib/python3.6/site-packages/airflow/example_dags/example_nested_branch_dag.py
[2022-04-18 14:45:09,044] {scheduler_job.py:629} INFO - Processing file /home/airflow/.local/lib/python3.6/site-packages/airflow/example_dags/example_nested_branch_dag.py for tasks to queue
[2022-04-18 14:45:09,044] {logging_mixin.py:104} INFO - [2022-04-18 14:45:09,044] {dagbag.py:448} INFO - Filling up the DagBag from /home/airflow/.local/lib/python3.6/site-packages/airflow/example_dags/example_nested_branch_dag.py
[2022-04-18 14:45:09,053] {scheduler_job.py:639} INFO - DAG(s) dict_keys(['example_nested_branch_dag']) retrieved from /home/airflow/.local/lib/python3.6/site-packages/airflow/example_dags/example_nested_branch_dag.py
[2022-04-18 14:45:09,069] {logging_mixin.py:104} INFO - [2022-04-18 14:45:09,069] {dag.py:1818} INFO - Sync 1 DAGs
[2022-04-18 14:45:09,081] {logging_mixin.py:104} INFO - [2022-04-18 14:45:09,080] {dag.py:2273} INFO - Setting next_dagrun for example_nested_branch_dag to 2022-04-16 00:00:00+00:00
[2022-04-18 14:45:09,084] {scheduler_job.py:190} INFO - Processing /home/airflow/.local/lib/python3.6/site-packages/airflow/example_dags/example_nested_branch_dag.py took 0.043 seconds
[2022-04-18 14:45:39,767] {scheduler_job.py:182} INFO - Started process (PID=2764) to work on /home/airflow/.local/lib/python3.6/site-packages/airflow/example_dags/example_nested_branch_dag.py
[2022-04-18 14:45:39,768] {scheduler_job.py:629} INFO - Processing file /home/airflow/.local/lib/python3.6/site-packages/airflow/example_dags/example_nested_branch_dag.py for tasks to queue
[2022-04-18 14:45:39,768] {logging_mixin.py:104} INFO - [2022-04-18 14:45:39,768] {dagbag.py:448} INFO - Filling up the DagBag from /home/airflow/.local/lib/python3.6/site-packages/airflow/example_dags/example_nested_branch_dag.py
[2022-04-18 14:45:39,777] {scheduler_job.py:639} INFO - DAG(s) dict_keys(['example_nested_branch_dag']) retrieved from /home/airflow/.local/lib/python3.6/site-packages/airflow/example_dags/example_nested_branch_dag.py
[2022-04-18 14:45:39,787] {logging_mixin.py:104} INFO - [2022-04-18 14:45:39,787] {dag.py:1818} INFO - Sync 1 DAGs
[2022-04-18 14:45:39,798] {logging_mixin.py:104} INFO - [2022-04-18 14:45:39,798] {dag.py:2273} INFO - Setting next_dagrun for example_nested_branch_dag to 2022-04-16 00:00:00+00:00
[2022-04-18 14:45:39,802] {scheduler_job.py:190} INFO - Processing /home/airflow/.local/lib/python3.6/site-packages/airflow/example_dags/example_nested_branch_dag.py took 0.037 seconds
[2022-04-18 14:46:10,494] {scheduler_job.py:182} INFO - Started process (PID=2897) to work on /home/airflow/.local/lib/python3.6/site-packages/airflow/example_dags/example_nested_branch_dag.py
[2022-04-18 14:46:10,495] {scheduler_job.py:629} INFO - Processing file /home/airflow/.local/lib/python3.6/site-packages/airflow/example_dags/example_nested_branch_dag.py for tasks to queue
[2022-04-18 14:46:10,496] {logging_mixin.py:104} INFO - [2022-04-18 14:46:10,496] {dagbag.py:448} INFO - Filling up the DagBag from /home/airflow/.local/lib/python3.6/site-packages/airflow/example_dags/example_nested_branch_dag.py
[2022-04-18 14:46:10,505] {scheduler_job.py:639} INFO - DAG(s) dict_keys(['example_nested_branch_dag']) retrieved from /home/airflow/.local/lib/python3.6/site-packages/airflow/example_dags/example_nested_branch_dag.py
[2022-04-18 14:46:10,515] {logging_mixin.py:104} INFO - [2022-04-18 14:46:10,515] {dag.py:1818} INFO - Sync 1 DAGs
[2022-04-18 14:46:10,526] {logging_mixin.py:104} INFO - [2022-04-18 14:46:10,526] {dag.py:2273} INFO - Setting next_dagrun for example_nested_branch_dag to 2022-04-16 00:00:00+00:00
[2022-04-18 14:46:10,530] {scheduler_job.py:190} INFO - Processing /home/airflow/.local/lib/python3.6/site-packages/airflow/example_dags/example_nested_branch_dag.py took 0.039 seconds
[2022-04-18 14:46:41,153] {scheduler_job.py:182} INFO - Started process (PID=3032) to work on /home/airflow/.local/lib/python3.6/site-packages/airflow/example_dags/example_nested_branch_dag.py
[2022-04-18 14:46:41,154] {scheduler_job.py:629} INFO - Processing file /home/airflow/.local/lib/python3.6/site-packages/airflow/example_dags/example_nested_branch_dag.py for tasks to queue
[2022-04-18 14:46:41,155] {logging_mixin.py:104} INFO - [2022-04-18 14:46:41,154] {dagbag.py:448} INFO - Filling up the DagBag from /home/airflow/.local/lib/python3.6/site-packages/airflow/example_dags/example_nested_branch_dag.py
[2022-04-18 14:46:41,164] {scheduler_job.py:639} INFO - DAG(s) dict_keys(['example_nested_branch_dag']) retrieved from /home/airflow/.local/lib/python3.6/site-packages/airflow/example_dags/example_nested_branch_dag.py
[2022-04-18 14:46:41,176] {logging_mixin.py:104} INFO - [2022-04-18 14:46:41,176] {dag.py:1818} INFO - Sync 1 DAGs
[2022-04-18 14:46:41,187] {logging_mixin.py:104} INFO - [2022-04-18 14:46:41,187] {dag.py:2273} INFO - Setting next_dagrun for example_nested_branch_dag to 2022-04-16 00:00:00+00:00
[2022-04-18 14:46:41,193] {scheduler_job.py:190} INFO - Processing /home/airflow/.local/lib/python3.6/site-packages/airflow/example_dags/example_nested_branch_dag.py took 0.042 seconds
[2022-04-18 14:47:11,866] {scheduler_job.py:182} INFO - Started process (PID=3167) to work on /home/airflow/.local/lib/python3.6/site-packages/airflow/example_dags/example_nested_branch_dag.py
[2022-04-18 14:47:11,867] {scheduler_job.py:629} INFO - Processing file /home/airflow/.local/lib/python3.6/site-packages/airflow/example_dags/example_nested_branch_dag.py for tasks to queue
[2022-04-18 14:47:11,867] {logging_mixin.py:104} INFO - [2022-04-18 14:47:11,867] {dagbag.py:448} INFO - Filling up the DagBag from /home/airflow/.local/lib/python3.6/site-packages/airflow/example_dags/example_nested_branch_dag.py
[2022-04-18 14:47:11,878] {scheduler_job.py:639} INFO - DAG(s) dict_keys(['example_nested_branch_dag']) retrieved from /home/airflow/.local/lib/python3.6/site-packages/airflow/example_dags/example_nested_branch_dag.py
[2022-04-18 14:47:11,890] {logging_mixin.py:104} INFO - [2022-04-18 14:47:11,890] {dag.py:1818} INFO - Sync 1 DAGs
[2022-04-18 14:47:11,902] {logging_mixin.py:104} INFO - [2022-04-18 14:47:11,902] {dag.py:2273} INFO - Setting next_dagrun for example_nested_branch_dag to 2022-04-16 00:00:00+00:00
[2022-04-18 14:47:11,906] {scheduler_job.py:190} INFO - Processing /home/airflow/.local/lib/python3.6/site-packages/airflow/example_dags/example_nested_branch_dag.py took 0.042 seconds
[2022-04-18 14:47:42,578] {scheduler_job.py:182} INFO - Started process (PID=3304) to work on /home/airflow/.local/lib/python3.6/site-packages/airflow/example_dags/example_nested_branch_dag.py
[2022-04-18 14:47:42,579] {scheduler_job.py:629} INFO - Processing file /home/airflow/.local/lib/python3.6/site-packages/airflow/example_dags/example_nested_branch_dag.py for tasks to queue
[2022-04-18 14:47:42,579] {logging_mixin.py:104} INFO - [2022-04-18 14:47:42,579] {dagbag.py:448} INFO - Filling up the DagBag from /home/airflow/.local/lib/python3.6/site-packages/airflow/example_dags/example_nested_branch_dag.py
[2022-04-18 14:47:42,590] {scheduler_job.py:639} INFO - DAG(s) dict_keys(['example_nested_branch_dag']) retrieved from /home/airflow/.local/lib/python3.6/site-packages/airflow/example_dags/example_nested_branch_dag.py
[2022-04-18 14:47:42,605] {logging_mixin.py:104} INFO - [2022-04-18 14:47:42,605] {dag.py:1818} INFO - Sync 1 DAGs
[2022-04-18 14:47:42,617] {logging_mixin.py:104} INFO - [2022-04-18 14:47:42,617] {dag.py:2273} INFO - Setting next_dagrun for example_nested_branch_dag to 2022-04-16 00:00:00+00:00
[2022-04-18 14:47:42,621] {scheduler_job.py:190} INFO - Processing /home/airflow/.local/lib/python3.6/site-packages/airflow/example_dags/example_nested_branch_dag.py took 0.046 seconds
[2022-04-18 14:48:13,320] {scheduler_job.py:182} INFO - Started process (PID=3439) to work on /home/airflow/.local/lib/python3.6/site-packages/airflow/example_dags/example_nested_branch_dag.py
[2022-04-18 14:48:13,321] {scheduler_job.py:629} INFO - Processing file /home/airflow/.local/lib/python3.6/site-packages/airflow/example_dags/example_nested_branch_dag.py for tasks to queue
[2022-04-18 14:48:13,322] {logging_mixin.py:104} INFO - [2022-04-18 14:48:13,322] {dagbag.py:448} INFO - Filling up the DagBag from /home/airflow/.local/lib/python3.6/site-packages/airflow/example_dags/example_nested_branch_dag.py
[2022-04-18 14:48:13,331] {scheduler_job.py:639} INFO - DAG(s) dict_keys(['example_nested_branch_dag']) retrieved from /home/airflow/.local/lib/python3.6/site-packages/airflow/example_dags/example_nested_branch_dag.py
[2022-04-18 14:48:13,346] {logging_mixin.py:104} INFO - [2022-04-18 14:48:13,346] {dag.py:1818} INFO - Sync 1 DAGs
[2022-04-18 14:48:13,357] {logging_mixin.py:104} INFO - [2022-04-18 14:48:13,357] {dag.py:2273} INFO - Setting next_dagrun for example_nested_branch_dag to 2022-04-16 00:00:00+00:00
[2022-04-18 14:48:13,361] {scheduler_job.py:190} INFO - Processing /home/airflow/.local/lib/python3.6/site-packages/airflow/example_dags/example_nested_branch_dag.py took 0.042 seconds
[2022-04-18 14:48:43,419] {scheduler_job.py:182} INFO - Started process (PID=3572) to work on /home/airflow/.local/lib/python3.6/site-packages/airflow/example_dags/example_nested_branch_dag.py
[2022-04-18 14:48:43,420] {scheduler_job.py:629} INFO - Processing file /home/airflow/.local/lib/python3.6/site-packages/airflow/example_dags/example_nested_branch_dag.py for tasks to queue
[2022-04-18 14:48:43,421] {logging_mixin.py:104} INFO - [2022-04-18 14:48:43,421] {dagbag.py:448} INFO - Filling up the DagBag from /home/airflow/.local/lib/python3.6/site-packages/airflow/example_dags/example_nested_branch_dag.py
[2022-04-18 14:48:43,428] {scheduler_job.py:639} INFO - DAG(s) dict_keys(['example_nested_branch_dag']) retrieved from /home/airflow/.local/lib/python3.6/site-packages/airflow/example_dags/example_nested_branch_dag.py
[2022-04-18 14:48:43,442] {logging_mixin.py:104} INFO - [2022-04-18 14:48:43,442] {dag.py:1818} INFO - Sync 1 DAGs
[2022-04-18 14:48:43,454] {logging_mixin.py:104} INFO - [2022-04-18 14:48:43,453] {dag.py:2273} INFO - Setting next_dagrun for example_nested_branch_dag to 2022-04-16 00:00:00+00:00
[2022-04-18 14:48:43,458] {scheduler_job.py:190} INFO - Processing /home/airflow/.local/lib/python3.6/site-packages/airflow/example_dags/example_nested_branch_dag.py took 0.041 seconds
[2022-04-18 14:49:13,506] {scheduler_job.py:182} INFO - Started process (PID=3707) to work on /home/airflow/.local/lib/python3.6/site-packages/airflow/example_dags/example_nested_branch_dag.py
[2022-04-18 14:49:13,506] {scheduler_job.py:629} INFO - Processing file /home/airflow/.local/lib/python3.6/site-packages/airflow/example_dags/example_nested_branch_dag.py for tasks to queue
[2022-04-18 14:49:13,507] {logging_mixin.py:104} INFO - [2022-04-18 14:49:13,507] {dagbag.py:448} INFO - Filling up the DagBag from /home/airflow/.local/lib/python3.6/site-packages/airflow/example_dags/example_nested_branch_dag.py
[2022-04-18 14:49:13,517] {scheduler_job.py:639} INFO - DAG(s) dict_keys(['example_nested_branch_dag']) retrieved from /home/airflow/.local/lib/python3.6/site-packages/airflow/example_dags/example_nested_branch_dag.py
[2022-04-18 14:49:13,527] {logging_mixin.py:104} INFO - [2022-04-18 14:49:13,527] {dag.py:1818} INFO - Sync 1 DAGs
[2022-04-18 14:49:13,540] {logging_mixin.py:104} INFO - [2022-04-18 14:49:13,540] {dag.py:2273} INFO - Setting next_dagrun for example_nested_branch_dag to 2022-04-16 00:00:00+00:00
[2022-04-18 14:49:13,544] {scheduler_job.py:190} INFO - Processing /home/airflow/.local/lib/python3.6/site-packages/airflow/example_dags/example_nested_branch_dag.py took 0.041 seconds
[2022-04-18 14:49:43,566] {scheduler_job.py:182} INFO - Started process (PID=3842) to work on /home/airflow/.local/lib/python3.6/site-packages/airflow/example_dags/example_nested_branch_dag.py
[2022-04-18 14:49:43,566] {scheduler_job.py:629} INFO - Processing file /home/airflow/.local/lib/python3.6/site-packages/airflow/example_dags/example_nested_branch_dag.py for tasks to queue
[2022-04-18 14:49:43,567] {logging_mixin.py:104} INFO - [2022-04-18 14:49:43,567] {dagbag.py:448} INFO - Filling up the DagBag from /home/airflow/.local/lib/python3.6/site-packages/airflow/example_dags/example_nested_branch_dag.py
[2022-04-18 14:49:43,575] {scheduler_job.py:639} INFO - DAG(s) dict_keys(['example_nested_branch_dag']) retrieved from /home/airflow/.local/lib/python3.6/site-packages/airflow/example_dags/example_nested_branch_dag.py
[2022-04-18 14:49:43,589] {logging_mixin.py:104} INFO - [2022-04-18 14:49:43,589] {dag.py:1818} INFO - Sync 1 DAGs
[2022-04-18 14:49:43,600] {logging_mixin.py:104} INFO - [2022-04-18 14:49:43,600] {dag.py:2273} INFO - Setting next_dagrun for example_nested_branch_dag to 2022-04-16 00:00:00+00:00
[2022-04-18 14:49:43,604] {scheduler_job.py:190} INFO - Processing /home/airflow/.local/lib/python3.6/site-packages/airflow/example_dags/example_nested_branch_dag.py took 0.041 seconds
[2022-04-18 14:50:13,718] {scheduler_job.py:182} INFO - Started process (PID=3982) to work on /home/airflow/.local/lib/python3.6/site-packages/airflow/example_dags/example_nested_branch_dag.py
[2022-04-18 14:50:13,719] {scheduler_job.py:629} INFO - Processing file /home/airflow/.local/lib/python3.6/site-packages/airflow/example_dags/example_nested_branch_dag.py for tasks to queue
[2022-04-18 14:50:13,719] {logging_mixin.py:104} INFO - [2022-04-18 14:50:13,719] {dagbag.py:448} INFO - Filling up the DagBag from /home/airflow/.local/lib/python3.6/site-packages/airflow/example_dags/example_nested_branch_dag.py
[2022-04-18 14:50:13,728] {scheduler_job.py:639} INFO - DAG(s) dict_keys(['example_nested_branch_dag']) retrieved from /home/airflow/.local/lib/python3.6/site-packages/airflow/example_dags/example_nested_branch_dag.py
[2022-04-18 14:50:13,741] {logging_mixin.py:104} INFO - [2022-04-18 14:50:13,741] {dag.py:1818} INFO - Sync 1 DAGs
[2022-04-18 14:50:13,752] {logging_mixin.py:104} INFO - [2022-04-18 14:50:13,752] {dag.py:2273} INFO - Setting next_dagrun for example_nested_branch_dag to 2022-04-16 00:00:00+00:00
[2022-04-18 14:50:13,756] {scheduler_job.py:190} INFO - Processing /home/airflow/.local/lib/python3.6/site-packages/airflow/example_dags/example_nested_branch_dag.py took 0.041 seconds
[2022-04-18 14:50:43,780] {scheduler_job.py:182} INFO - Started process (PID=4117) to work on /home/airflow/.local/lib/python3.6/site-packages/airflow/example_dags/example_nested_branch_dag.py
[2022-04-18 14:50:43,781] {scheduler_job.py:629} INFO - Processing file /home/airflow/.local/lib/python3.6/site-packages/airflow/example_dags/example_nested_branch_dag.py for tasks to queue
[2022-04-18 14:50:43,781] {logging_mixin.py:104} INFO - [2022-04-18 14:50:43,781] {dagbag.py:448} INFO - Filling up the DagBag from /home/airflow/.local/lib/python3.6/site-packages/airflow/example_dags/example_nested_branch_dag.py
[2022-04-18 14:50:43,791] {scheduler_job.py:639} INFO - DAG(s) dict_keys(['example_nested_branch_dag']) retrieved from /home/airflow/.local/lib/python3.6/site-packages/airflow/example_dags/example_nested_branch_dag.py
[2022-04-18 14:50:43,804] {logging_mixin.py:104} INFO - [2022-04-18 14:50:43,803] {dag.py:1818} INFO - Sync 1 DAGs
[2022-04-18 14:50:43,816] {logging_mixin.py:104} INFO - [2022-04-18 14:50:43,816] {dag.py:2273} INFO - Setting next_dagrun for example_nested_branch_dag to 2022-04-16 00:00:00+00:00
[2022-04-18 14:50:43,819] {scheduler_job.py:190} INFO - Processing /home/airflow/.local/lib/python3.6/site-packages/airflow/example_dags/example_nested_branch_dag.py took 0.041 seconds
[2022-04-18 14:51:14,542] {scheduler_job.py:182} INFO - Started process (PID=4247) to work on /home/airflow/.local/lib/python3.6/site-packages/airflow/example_dags/example_nested_branch_dag.py
[2022-04-18 14:51:14,543] {scheduler_job.py:629} INFO - Processing file /home/airflow/.local/lib/python3.6/site-packages/airflow/example_dags/example_nested_branch_dag.py for tasks to queue
[2022-04-18 14:51:14,544] {logging_mixin.py:104} INFO - [2022-04-18 14:51:14,544] {dagbag.py:448} INFO - Filling up the DagBag from /home/airflow/.local/lib/python3.6/site-packages/airflow/example_dags/example_nested_branch_dag.py
[2022-04-18 14:51:14,555] {scheduler_job.py:639} INFO - DAG(s) dict_keys(['example_nested_branch_dag']) retrieved from /home/airflow/.local/lib/python3.6/site-packages/airflow/example_dags/example_nested_branch_dag.py
[2022-04-18 14:51:14,571] {logging_mixin.py:104} INFO - [2022-04-18 14:51:14,571] {dag.py:1818} INFO - Sync 1 DAGs
[2022-04-18 14:51:14,583] {logging_mixin.py:104} INFO - [2022-04-18 14:51:14,583] {dag.py:2273} INFO - Setting next_dagrun for example_nested_branch_dag to 2022-04-16 00:00:00+00:00
[2022-04-18 14:51:14,586] {scheduler_job.py:190} INFO - Processing /home/airflow/.local/lib/python3.6/site-packages/airflow/example_dags/example_nested_branch_dag.py took 0.047 seconds
[2022-04-18 14:51:45,275] {scheduler_job.py:182} INFO - Started process (PID=4384) to work on /home/airflow/.local/lib/python3.6/site-packages/airflow/example_dags/example_nested_branch_dag.py
[2022-04-18 14:51:45,275] {scheduler_job.py:629} INFO - Processing file /home/airflow/.local/lib/python3.6/site-packages/airflow/example_dags/example_nested_branch_dag.py for tasks to queue
[2022-04-18 14:51:45,276] {logging_mixin.py:104} INFO - [2022-04-18 14:51:45,276] {dagbag.py:448} INFO - Filling up the DagBag from /home/airflow/.local/lib/python3.6/site-packages/airflow/example_dags/example_nested_branch_dag.py
[2022-04-18 14:51:45,284] {scheduler_job.py:639} INFO - DAG(s) dict_keys(['example_nested_branch_dag']) retrieved from /home/airflow/.local/lib/python3.6/site-packages/airflow/example_dags/example_nested_branch_dag.py
[2022-04-18 14:51:45,295] {logging_mixin.py:104} INFO - [2022-04-18 14:51:45,295] {dag.py:1818} INFO - Sync 1 DAGs
[2022-04-18 14:51:45,305] {logging_mixin.py:104} INFO - [2022-04-18 14:51:45,305] {dag.py:2273} INFO - Setting next_dagrun for example_nested_branch_dag to 2022-04-16 00:00:00+00:00
[2022-04-18 14:51:45,309] {scheduler_job.py:190} INFO - Processing /home/airflow/.local/lib/python3.6/site-packages/airflow/example_dags/example_nested_branch_dag.py took 0.036 seconds
[2022-04-18 14:52:15,993] {scheduler_job.py:182} INFO - Started process (PID=4517) to work on /home/airflow/.local/lib/python3.6/site-packages/airflow/example_dags/example_nested_branch_dag.py
[2022-04-18 14:52:15,994] {scheduler_job.py:629} INFO - Processing file /home/airflow/.local/lib/python3.6/site-packages/airflow/example_dags/example_nested_branch_dag.py for tasks to queue
[2022-04-18 14:52:15,995] {logging_mixin.py:104} INFO - [2022-04-18 14:52:15,995] {dagbag.py:448} INFO - Filling up the DagBag from /home/airflow/.local/lib/python3.6/site-packages/airflow/example_dags/example_nested_branch_dag.py
[2022-04-18 14:52:16,003] {scheduler_job.py:639} INFO - DAG(s) dict_keys(['example_nested_branch_dag']) retrieved from /home/airflow/.local/lib/python3.6/site-packages/airflow/example_dags/example_nested_branch_dag.py
[2022-04-18 14:52:16,013] {logging_mixin.py:104} INFO - [2022-04-18 14:52:16,013] {dag.py:1818} INFO - Sync 1 DAGs
[2022-04-18 14:52:16,024] {logging_mixin.py:104} INFO - [2022-04-18 14:52:16,024] {dag.py:2273} INFO - Setting next_dagrun for example_nested_branch_dag to 2022-04-16 00:00:00+00:00
[2022-04-18 14:52:16,028] {scheduler_job.py:190} INFO - Processing /home/airflow/.local/lib/python3.6/site-packages/airflow/example_dags/example_nested_branch_dag.py took 0.037 seconds
[2022-04-18 14:52:46,644] {scheduler_job.py:182} INFO - Started process (PID=4652) to work on /home/airflow/.local/lib/python3.6/site-packages/airflow/example_dags/example_nested_branch_dag.py
[2022-04-18 14:52:46,645] {scheduler_job.py:629} INFO - Processing file /home/airflow/.local/lib/python3.6/site-packages/airflow/example_dags/example_nested_branch_dag.py for tasks to queue
[2022-04-18 14:52:46,646] {logging_mixin.py:104} INFO - [2022-04-18 14:52:46,645] {dagbag.py:448} INFO - Filling up the DagBag from /home/airflow/.local/lib/python3.6/site-packages/airflow/example_dags/example_nested_branch_dag.py
[2022-04-18 14:52:46,655] {scheduler_job.py:639} INFO - DAG(s) dict_keys(['example_nested_branch_dag']) retrieved from /home/airflow/.local/lib/python3.6/site-packages/airflow/example_dags/example_nested_branch_dag.py
[2022-04-18 14:52:46,671] {logging_mixin.py:104} INFO - [2022-04-18 14:52:46,670] {dag.py:1818} INFO - Sync 1 DAGs
[2022-04-18 14:52:46,683] {logging_mixin.py:104} INFO - [2022-04-18 14:52:46,683] {dag.py:2273} INFO - Setting next_dagrun for example_nested_branch_dag to 2022-04-16 00:00:00+00:00
[2022-04-18 14:52:46,687] {scheduler_job.py:190} INFO - Processing /home/airflow/.local/lib/python3.6/site-packages/airflow/example_dags/example_nested_branch_dag.py took 0.045 seconds
[2022-04-18 14:53:17,330] {scheduler_job.py:182} INFO - Started process (PID=4787) to work on /home/airflow/.local/lib/python3.6/site-packages/airflow/example_dags/example_nested_branch_dag.py
[2022-04-18 14:53:17,331] {scheduler_job.py:629} INFO - Processing file /home/airflow/.local/lib/python3.6/site-packages/airflow/example_dags/example_nested_branch_dag.py for tasks to queue
[2022-04-18 14:53:17,331] {logging_mixin.py:104} INFO - [2022-04-18 14:53:17,331] {dagbag.py:448} INFO - Filling up the DagBag from /home/airflow/.local/lib/python3.6/site-packages/airflow/example_dags/example_nested_branch_dag.py
[2022-04-18 14:53:17,338] {scheduler_job.py:639} INFO - DAG(s) dict_keys(['example_nested_branch_dag']) retrieved from /home/airflow/.local/lib/python3.6/site-packages/airflow/example_dags/example_nested_branch_dag.py
[2022-04-18 14:53:17,349] {logging_mixin.py:104} INFO - [2022-04-18 14:53:17,349] {dag.py:1818} INFO - Sync 1 DAGs
[2022-04-18 14:53:17,362] {logging_mixin.py:104} INFO - [2022-04-18 14:53:17,362] {dag.py:2273} INFO - Setting next_dagrun for example_nested_branch_dag to 2022-04-16 00:00:00+00:00
[2022-04-18 14:53:17,366] {scheduler_job.py:190} INFO - Processing /home/airflow/.local/lib/python3.6/site-packages/airflow/example_dags/example_nested_branch_dag.py took 0.037 seconds
[2022-04-18 14:53:48,039] {scheduler_job.py:182} INFO - Started process (PID=4922) to work on /home/airflow/.local/lib/python3.6/site-packages/airflow/example_dags/example_nested_branch_dag.py
[2022-04-18 14:53:48,039] {scheduler_job.py:629} INFO - Processing file /home/airflow/.local/lib/python3.6/site-packages/airflow/example_dags/example_nested_branch_dag.py for tasks to queue
[2022-04-18 14:53:48,040] {logging_mixin.py:104} INFO - [2022-04-18 14:53:48,040] {dagbag.py:448} INFO - Filling up the DagBag from /home/airflow/.local/lib/python3.6/site-packages/airflow/example_dags/example_nested_branch_dag.py
[2022-04-18 14:53:48,049] {scheduler_job.py:639} INFO - DAG(s) dict_keys(['example_nested_branch_dag']) retrieved from /home/airflow/.local/lib/python3.6/site-packages/airflow/example_dags/example_nested_branch_dag.py
[2022-04-18 14:53:48,059] {logging_mixin.py:104} INFO - [2022-04-18 14:53:48,059] {dag.py:1818} INFO - Sync 1 DAGs
[2022-04-18 14:53:48,072] {logging_mixin.py:104} INFO - [2022-04-18 14:53:48,072] {dag.py:2273} INFO - Setting next_dagrun for example_nested_branch_dag to 2022-04-16 00:00:00+00:00
[2022-04-18 14:53:48,076] {scheduler_job.py:190} INFO - Processing /home/airflow/.local/lib/python3.6/site-packages/airflow/example_dags/example_nested_branch_dag.py took 0.040 seconds
[2022-04-18 14:54:18,757] {scheduler_job.py:182} INFO - Started process (PID=5057) to work on /home/airflow/.local/lib/python3.6/site-packages/airflow/example_dags/example_nested_branch_dag.py
[2022-04-18 14:54:18,758] {scheduler_job.py:629} INFO - Processing file /home/airflow/.local/lib/python3.6/site-packages/airflow/example_dags/example_nested_branch_dag.py for tasks to queue
[2022-04-18 14:54:18,759] {logging_mixin.py:104} INFO - [2022-04-18 14:54:18,758] {dagbag.py:448} INFO - Filling up the DagBag from /home/airflow/.local/lib/python3.6/site-packages/airflow/example_dags/example_nested_branch_dag.py
[2022-04-18 14:54:18,769] {scheduler_job.py:639} INFO - DAG(s) dict_keys(['example_nested_branch_dag']) retrieved from /home/airflow/.local/lib/python3.6/site-packages/airflow/example_dags/example_nested_branch_dag.py
[2022-04-18 14:54:18,784] {logging_mixin.py:104} INFO - [2022-04-18 14:54:18,784] {dag.py:1818} INFO - Sync 1 DAGs
[2022-04-18 14:54:18,796] {logging_mixin.py:104} INFO - [2022-04-18 14:54:18,796] {dag.py:2273} INFO - Setting next_dagrun for example_nested_branch_dag to 2022-04-16 00:00:00+00:00
[2022-04-18 14:54:18,800] {scheduler_job.py:190} INFO - Processing /home/airflow/.local/lib/python3.6/site-packages/airflow/example_dags/example_nested_branch_dag.py took 0.045 seconds
[2022-04-18 14:54:49,429] {scheduler_job.py:182} INFO - Started process (PID=5192) to work on /home/airflow/.local/lib/python3.6/site-packages/airflow/example_dags/example_nested_branch_dag.py
[2022-04-18 14:54:49,429] {scheduler_job.py:629} INFO - Processing file /home/airflow/.local/lib/python3.6/site-packages/airflow/example_dags/example_nested_branch_dag.py for tasks to queue
[2022-04-18 14:54:49,429] {logging_mixin.py:104} INFO - [2022-04-18 14:54:49,429] {dagbag.py:448} INFO - Filling up the DagBag from /home/airflow/.local/lib/python3.6/site-packages/airflow/example_dags/example_nested_branch_dag.py
[2022-04-18 14:54:49,437] {scheduler_job.py:639} INFO - DAG(s) dict_keys(['example_nested_branch_dag']) retrieved from /home/airflow/.local/lib/python3.6/site-packages/airflow/example_dags/example_nested_branch_dag.py
[2022-04-18 14:54:49,451] {logging_mixin.py:104} INFO - [2022-04-18 14:54:49,451] {dag.py:1818} INFO - Sync 1 DAGs
[2022-04-18 14:54:49,462] {logging_mixin.py:104} INFO - [2022-04-18 14:54:49,462] {dag.py:2273} INFO - Setting next_dagrun for example_nested_branch_dag to 2022-04-16 00:00:00+00:00
[2022-04-18 14:54:49,466] {scheduler_job.py:190} INFO - Processing /home/airflow/.local/lib/python3.6/site-packages/airflow/example_dags/example_nested_branch_dag.py took 0.039 seconds
[2022-04-18 14:55:20,136] {scheduler_job.py:182} INFO - Started process (PID=5329) to work on /home/airflow/.local/lib/python3.6/site-packages/airflow/example_dags/example_nested_branch_dag.py
[2022-04-18 14:55:20,137] {scheduler_job.py:629} INFO - Processing file /home/airflow/.local/lib/python3.6/site-packages/airflow/example_dags/example_nested_branch_dag.py for tasks to queue
[2022-04-18 14:55:20,138] {logging_mixin.py:104} INFO - [2022-04-18 14:55:20,138] {dagbag.py:448} INFO - Filling up the DagBag from /home/airflow/.local/lib/python3.6/site-packages/airflow/example_dags/example_nested_branch_dag.py
[2022-04-18 14:55:20,145] {scheduler_job.py:639} INFO - DAG(s) dict_keys(['example_nested_branch_dag']) retrieved from /home/airflow/.local/lib/python3.6/site-packages/airflow/example_dags/example_nested_branch_dag.py
[2022-04-18 14:55:20,159] {logging_mixin.py:104} INFO - [2022-04-18 14:55:20,159] {dag.py:1818} INFO - Sync 1 DAGs
[2022-04-18 14:55:20,172] {logging_mixin.py:104} INFO - [2022-04-18 14:55:20,172] {dag.py:2273} INFO - Setting next_dagrun for example_nested_branch_dag to 2022-04-16 00:00:00+00:00
[2022-04-18 14:55:20,175] {scheduler_job.py:190} INFO - Processing /home/airflow/.local/lib/python3.6/site-packages/airflow/example_dags/example_nested_branch_dag.py took 0.042 seconds
[2022-04-18 14:55:50,849] {scheduler_job.py:182} INFO - Started process (PID=5462) to work on /home/airflow/.local/lib/python3.6/site-packages/airflow/example_dags/example_nested_branch_dag.py
[2022-04-18 14:55:50,850] {scheduler_job.py:629} INFO - Processing file /home/airflow/.local/lib/python3.6/site-packages/airflow/example_dags/example_nested_branch_dag.py for tasks to queue
[2022-04-18 14:55:50,850] {logging_mixin.py:104} INFO - [2022-04-18 14:55:50,850] {dagbag.py:448} INFO - Filling up the DagBag from /home/airflow/.local/lib/python3.6/site-packages/airflow/example_dags/example_nested_branch_dag.py
[2022-04-18 14:55:50,861] {scheduler_job.py:639} INFO - DAG(s) dict_keys(['example_nested_branch_dag']) retrieved from /home/airflow/.local/lib/python3.6/site-packages/airflow/example_dags/example_nested_branch_dag.py
[2022-04-18 14:55:50,877] {logging_mixin.py:104} INFO - [2022-04-18 14:55:50,877] {dag.py:1818} INFO - Sync 1 DAGs
[2022-04-18 14:55:50,888] {logging_mixin.py:104} INFO - [2022-04-18 14:55:50,888] {dag.py:2273} INFO - Setting next_dagrun for example_nested_branch_dag to 2022-04-16 00:00:00+00:00
[2022-04-18 14:55:50,892] {scheduler_job.py:190} INFO - Processing /home/airflow/.local/lib/python3.6/site-packages/airflow/example_dags/example_nested_branch_dag.py took 0.043 seconds
[2022-04-18 14:56:21,535] {scheduler_job.py:182} INFO - Started process (PID=5597) to work on /home/airflow/.local/lib/python3.6/site-packages/airflow/example_dags/example_nested_branch_dag.py
[2022-04-18 14:56:21,536] {scheduler_job.py:629} INFO - Processing file /home/airflow/.local/lib/python3.6/site-packages/airflow/example_dags/example_nested_branch_dag.py for tasks to queue
[2022-04-18 14:56:21,537] {logging_mixin.py:104} INFO - [2022-04-18 14:56:21,537] {dagbag.py:448} INFO - Filling up the DagBag from /home/airflow/.local/lib/python3.6/site-packages/airflow/example_dags/example_nested_branch_dag.py
[2022-04-18 14:56:21,547] {scheduler_job.py:639} INFO - DAG(s) dict_keys(['example_nested_branch_dag']) retrieved from /home/airflow/.local/lib/python3.6/site-packages/airflow/example_dags/example_nested_branch_dag.py
[2022-04-18 14:56:21,563] {logging_mixin.py:104} INFO - [2022-04-18 14:56:21,563] {dag.py:1818} INFO - Sync 1 DAGs
[2022-04-18 14:56:21,575] {logging_mixin.py:104} INFO - [2022-04-18 14:56:21,575] {dag.py:2273} INFO - Setting next_dagrun for example_nested_branch_dag to 2022-04-16 00:00:00+00:00
[2022-04-18 14:56:21,579] {scheduler_job.py:190} INFO - Processing /home/airflow/.local/lib/python3.6/site-packages/airflow/example_dags/example_nested_branch_dag.py took 0.046 seconds
[2022-04-18 14:56:52,218] {scheduler_job.py:182} INFO - Started process (PID=5732) to work on /home/airflow/.local/lib/python3.6/site-packages/airflow/example_dags/example_nested_branch_dag.py
[2022-04-18 14:56:52,219] {scheduler_job.py:629} INFO - Processing file /home/airflow/.local/lib/python3.6/site-packages/airflow/example_dags/example_nested_branch_dag.py for tasks to queue
[2022-04-18 14:56:52,219] {logging_mixin.py:104} INFO - [2022-04-18 14:56:52,219] {dagbag.py:448} INFO - Filling up the DagBag from /home/airflow/.local/lib/python3.6/site-packages/airflow/example_dags/example_nested_branch_dag.py
[2022-04-18 14:56:52,226] {scheduler_job.py:639} INFO - DAG(s) dict_keys(['example_nested_branch_dag']) retrieved from /home/airflow/.local/lib/python3.6/site-packages/airflow/example_dags/example_nested_branch_dag.py
[2022-04-18 14:56:52,237] {logging_mixin.py:104} INFO - [2022-04-18 14:56:52,237] {dag.py:1818} INFO - Sync 1 DAGs
[2022-04-18 14:56:52,249] {logging_mixin.py:104} INFO - [2022-04-18 14:56:52,249] {dag.py:2273} INFO - Setting next_dagrun for example_nested_branch_dag to 2022-04-16 00:00:00+00:00
[2022-04-18 14:56:52,253] {scheduler_job.py:190} INFO - Processing /home/airflow/.local/lib/python3.6/site-packages/airflow/example_dags/example_nested_branch_dag.py took 0.037 seconds
[2022-04-18 14:57:22,954] {scheduler_job.py:182} INFO - Started process (PID=5867) to work on /home/airflow/.local/lib/python3.6/site-packages/airflow/example_dags/example_nested_branch_dag.py
[2022-04-18 14:57:22,955] {scheduler_job.py:629} INFO - Processing file /home/airflow/.local/lib/python3.6/site-packages/airflow/example_dags/example_nested_branch_dag.py for tasks to queue
[2022-04-18 14:57:22,956] {logging_mixin.py:104} INFO - [2022-04-18 14:57:22,955] {dagbag.py:448} INFO - Filling up the DagBag from /home/airflow/.local/lib/python3.6/site-packages/airflow/example_dags/example_nested_branch_dag.py
[2022-04-18 14:57:22,965] {scheduler_job.py:639} INFO - DAG(s) dict_keys(['example_nested_branch_dag']) retrieved from /home/airflow/.local/lib/python3.6/site-packages/airflow/example_dags/example_nested_branch_dag.py
[2022-04-18 14:57:22,980] {logging_mixin.py:104} INFO - [2022-04-18 14:57:22,980] {dag.py:1818} INFO - Sync 1 DAGs
[2022-04-18 14:57:22,991] {logging_mixin.py:104} INFO - [2022-04-18 14:57:22,991] {dag.py:2273} INFO - Setting next_dagrun for example_nested_branch_dag to 2022-04-16 00:00:00+00:00
[2022-04-18 14:57:22,995] {scheduler_job.py:190} INFO - Processing /home/airflow/.local/lib/python3.6/site-packages/airflow/example_dags/example_nested_branch_dag.py took 0.044 seconds
[2022-04-18 14:57:53,652] {scheduler_job.py:182} INFO - Started process (PID=6002) to work on /home/airflow/.local/lib/python3.6/site-packages/airflow/example_dags/example_nested_branch_dag.py
[2022-04-18 14:57:53,653] {scheduler_job.py:629} INFO - Processing file /home/airflow/.local/lib/python3.6/site-packages/airflow/example_dags/example_nested_branch_dag.py for tasks to queue
[2022-04-18 14:57:53,653] {logging_mixin.py:104} INFO - [2022-04-18 14:57:53,653] {dagbag.py:448} INFO - Filling up the DagBag from /home/airflow/.local/lib/python3.6/site-packages/airflow/example_dags/example_nested_branch_dag.py
[2022-04-18 14:57:53,663] {scheduler_job.py:639} INFO - DAG(s) dict_keys(['example_nested_branch_dag']) retrieved from /home/airflow/.local/lib/python3.6/site-packages/airflow/example_dags/example_nested_branch_dag.py
[2022-04-18 14:57:53,679] {logging_mixin.py:104} INFO - [2022-04-18 14:57:53,679] {dag.py:1818} INFO - Sync 1 DAGs
[2022-04-18 14:57:53,691] {logging_mixin.py:104} INFO - [2022-04-18 14:57:53,691] {dag.py:2273} INFO - Setting next_dagrun for example_nested_branch_dag to 2022-04-16 00:00:00+00:00
[2022-04-18 14:57:53,695] {scheduler_job.py:190} INFO - Processing /home/airflow/.local/lib/python3.6/site-packages/airflow/example_dags/example_nested_branch_dag.py took 0.046 seconds
[2022-04-18 14:58:24,375] {scheduler_job.py:182} INFO - Started process (PID=6137) to work on /home/airflow/.local/lib/python3.6/site-packages/airflow/example_dags/example_nested_branch_dag.py
[2022-04-18 14:58:24,376] {scheduler_job.py:629} INFO - Processing file /home/airflow/.local/lib/python3.6/site-packages/airflow/example_dags/example_nested_branch_dag.py for tasks to queue
[2022-04-18 14:58:24,376] {logging_mixin.py:104} INFO - [2022-04-18 14:58:24,376] {dagbag.py:448} INFO - Filling up the DagBag from /home/airflow/.local/lib/python3.6/site-packages/airflow/example_dags/example_nested_branch_dag.py
[2022-04-18 14:58:24,384] {scheduler_job.py:639} INFO - DAG(s) dict_keys(['example_nested_branch_dag']) retrieved from /home/airflow/.local/lib/python3.6/site-packages/airflow/example_dags/example_nested_branch_dag.py
[2022-04-18 14:58:24,395] {logging_mixin.py:104} INFO - [2022-04-18 14:58:24,395] {dag.py:1818} INFO - Sync 1 DAGs
[2022-04-18 14:58:24,406] {logging_mixin.py:104} INFO - [2022-04-18 14:58:24,406] {dag.py:2273} INFO - Setting next_dagrun for example_nested_branch_dag to 2022-04-16 00:00:00+00:00
[2022-04-18 14:58:24,410] {scheduler_job.py:190} INFO - Processing /home/airflow/.local/lib/python3.6/site-packages/airflow/example_dags/example_nested_branch_dag.py took 0.037 seconds
[2022-04-18 14:58:55,075] {scheduler_job.py:182} INFO - Started process (PID=6272) to work on /home/airflow/.local/lib/python3.6/site-packages/airflow/example_dags/example_nested_branch_dag.py
[2022-04-18 14:58:55,076] {scheduler_job.py:629} INFO - Processing file /home/airflow/.local/lib/python3.6/site-packages/airflow/example_dags/example_nested_branch_dag.py for tasks to queue
[2022-04-18 14:58:55,076] {logging_mixin.py:104} INFO - [2022-04-18 14:58:55,076] {dagbag.py:448} INFO - Filling up the DagBag from /home/airflow/.local/lib/python3.6/site-packages/airflow/example_dags/example_nested_branch_dag.py
[2022-04-18 14:58:55,084] {scheduler_job.py:639} INFO - DAG(s) dict_keys(['example_nested_branch_dag']) retrieved from /home/airflow/.local/lib/python3.6/site-packages/airflow/example_dags/example_nested_branch_dag.py
[2022-04-18 14:58:55,095] {logging_mixin.py:104} INFO - [2022-04-18 14:58:55,095] {dag.py:1818} INFO - Sync 1 DAGs
[2022-04-18 14:58:55,106] {logging_mixin.py:104} INFO - [2022-04-18 14:58:55,106] {dag.py:2273} INFO - Setting next_dagrun for example_nested_branch_dag to 2022-04-16 00:00:00+00:00
[2022-04-18 14:58:55,110] {scheduler_job.py:190} INFO - Processing /home/airflow/.local/lib/python3.6/site-packages/airflow/example_dags/example_nested_branch_dag.py took 0.036 seconds
[2022-04-18 14:59:25,744] {scheduler_job.py:182} INFO - Started process (PID=6407) to work on /home/airflow/.local/lib/python3.6/site-packages/airflow/example_dags/example_nested_branch_dag.py
[2022-04-18 14:59:25,745] {scheduler_job.py:629} INFO - Processing file /home/airflow/.local/lib/python3.6/site-packages/airflow/example_dags/example_nested_branch_dag.py for tasks to queue
[2022-04-18 14:59:25,746] {logging_mixin.py:104} INFO - [2022-04-18 14:59:25,745] {dagbag.py:448} INFO - Filling up the DagBag from /home/airflow/.local/lib/python3.6/site-packages/airflow/example_dags/example_nested_branch_dag.py
[2022-04-18 14:59:25,754] {scheduler_job.py:639} INFO - DAG(s) dict_keys(['example_nested_branch_dag']) retrieved from /home/airflow/.local/lib/python3.6/site-packages/airflow/example_dags/example_nested_branch_dag.py
[2022-04-18 14:59:25,768] {logging_mixin.py:104} INFO - [2022-04-18 14:59:25,768] {dag.py:1818} INFO - Sync 1 DAGs
[2022-04-18 14:59:25,781] {logging_mixin.py:104} INFO - [2022-04-18 14:59:25,780] {dag.py:2273} INFO - Setting next_dagrun for example_nested_branch_dag to 2022-04-16 00:00:00+00:00
[2022-04-18 14:59:25,784] {scheduler_job.py:190} INFO - Processing /home/airflow/.local/lib/python3.6/site-packages/airflow/example_dags/example_nested_branch_dag.py took 0.043 seconds
[2022-04-18 14:59:56,412] {scheduler_job.py:182} INFO - Started process (PID=6542) to work on /home/airflow/.local/lib/python3.6/site-packages/airflow/example_dags/example_nested_branch_dag.py
[2022-04-18 14:59:56,413] {scheduler_job.py:629} INFO - Processing file /home/airflow/.local/lib/python3.6/site-packages/airflow/example_dags/example_nested_branch_dag.py for tasks to queue
[2022-04-18 14:59:56,413] {logging_mixin.py:104} INFO - [2022-04-18 14:59:56,413] {dagbag.py:448} INFO - Filling up the DagBag from /home/airflow/.local/lib/python3.6/site-packages/airflow/example_dags/example_nested_branch_dag.py
[2022-04-18 14:59:56,422] {scheduler_job.py:639} INFO - DAG(s) dict_keys(['example_nested_branch_dag']) retrieved from /home/airflow/.local/lib/python3.6/site-packages/airflow/example_dags/example_nested_branch_dag.py
[2022-04-18 14:59:56,436] {logging_mixin.py:104} INFO - [2022-04-18 14:59:56,436] {dag.py:1818} INFO - Sync 1 DAGs
[2022-04-18 14:59:56,448] {logging_mixin.py:104} INFO - [2022-04-18 14:59:56,447] {dag.py:2273} INFO - Setting next_dagrun for example_nested_branch_dag to 2022-04-16 00:00:00+00:00
[2022-04-18 14:59:56,452] {scheduler_job.py:190} INFO - Processing /home/airflow/.local/lib/python3.6/site-packages/airflow/example_dags/example_nested_branch_dag.py took 0.041 seconds
[2022-04-18 15:00:27,106] {scheduler_job.py:182} INFO - Started process (PID=6677) to work on /home/airflow/.local/lib/python3.6/site-packages/airflow/example_dags/example_nested_branch_dag.py
[2022-04-18 15:00:27,107] {scheduler_job.py:629} INFO - Processing file /home/airflow/.local/lib/python3.6/site-packages/airflow/example_dags/example_nested_branch_dag.py for tasks to queue
[2022-04-18 15:00:27,108] {logging_mixin.py:104} INFO - [2022-04-18 15:00:27,108] {dagbag.py:448} INFO - Filling up the DagBag from /home/airflow/.local/lib/python3.6/site-packages/airflow/example_dags/example_nested_branch_dag.py
[2022-04-18 15:00:27,117] {scheduler_job.py:639} INFO - DAG(s) dict_keys(['example_nested_branch_dag']) retrieved from /home/airflow/.local/lib/python3.6/site-packages/airflow/example_dags/example_nested_branch_dag.py
[2022-04-18 15:00:27,127] {logging_mixin.py:104} INFO - [2022-04-18 15:00:27,127] {dag.py:1818} INFO - Sync 1 DAGs
[2022-04-18 15:00:27,138] {logging_mixin.py:104} INFO - [2022-04-18 15:00:27,138] {dag.py:2273} INFO - Setting next_dagrun for example_nested_branch_dag to 2022-04-16 00:00:00+00:00
[2022-04-18 15:00:27,142] {scheduler_job.py:190} INFO - Processing /home/airflow/.local/lib/python3.6/site-packages/airflow/example_dags/example_nested_branch_dag.py took 0.038 seconds
[2022-04-18 15:00:57,772] {scheduler_job.py:182} INFO - Started process (PID=6812) to work on /home/airflow/.local/lib/python3.6/site-packages/airflow/example_dags/example_nested_branch_dag.py
[2022-04-18 15:00:57,772] {scheduler_job.py:629} INFO - Processing file /home/airflow/.local/lib/python3.6/site-packages/airflow/example_dags/example_nested_branch_dag.py for tasks to queue
[2022-04-18 15:00:57,773] {logging_mixin.py:104} INFO - [2022-04-18 15:00:57,773] {dagbag.py:448} INFO - Filling up the DagBag from /home/airflow/.local/lib/python3.6/site-packages/airflow/example_dags/example_nested_branch_dag.py
[2022-04-18 15:00:57,784] {scheduler_job.py:639} INFO - DAG(s) dict_keys(['example_nested_branch_dag']) retrieved from /home/airflow/.local/lib/python3.6/site-packages/airflow/example_dags/example_nested_branch_dag.py
[2022-04-18 15:00:57,797] {logging_mixin.py:104} INFO - [2022-04-18 15:00:57,796] {dag.py:1818} INFO - Sync 1 DAGs
[2022-04-18 15:00:57,809] {logging_mixin.py:104} INFO - [2022-04-18 15:00:57,809] {dag.py:2273} INFO - Setting next_dagrun for example_nested_branch_dag to 2022-04-16 00:00:00+00:00
[2022-04-18 15:00:57,813] {scheduler_job.py:190} INFO - Processing /home/airflow/.local/lib/python3.6/site-packages/airflow/example_dags/example_nested_branch_dag.py took 0.043 seconds
[2022-04-18 15:01:28,470] {scheduler_job.py:182} INFO - Started process (PID=6947) to work on /home/airflow/.local/lib/python3.6/site-packages/airflow/example_dags/example_nested_branch_dag.py
[2022-04-18 15:01:28,471] {scheduler_job.py:629} INFO - Processing file /home/airflow/.local/lib/python3.6/site-packages/airflow/example_dags/example_nested_branch_dag.py for tasks to queue
[2022-04-18 15:01:28,471] {logging_mixin.py:104} INFO - [2022-04-18 15:01:28,471] {dagbag.py:448} INFO - Filling up the DagBag from /home/airflow/.local/lib/python3.6/site-packages/airflow/example_dags/example_nested_branch_dag.py
[2022-04-18 15:01:28,482] {scheduler_job.py:639} INFO - DAG(s) dict_keys(['example_nested_branch_dag']) retrieved from /home/airflow/.local/lib/python3.6/site-packages/airflow/example_dags/example_nested_branch_dag.py
[2022-04-18 15:01:28,495] {logging_mixin.py:104} INFO - [2022-04-18 15:01:28,495] {dag.py:1818} INFO - Sync 1 DAGs
[2022-04-18 15:01:28,509] {logging_mixin.py:104} INFO - [2022-04-18 15:01:28,509] {dag.py:2273} INFO - Setting next_dagrun for example_nested_branch_dag to 2022-04-16 00:00:00+00:00
[2022-04-18 15:01:28,513] {scheduler_job.py:190} INFO - Processing /home/airflow/.local/lib/python3.6/site-packages/airflow/example_dags/example_nested_branch_dag.py took 0.045 seconds
[2022-04-18 15:01:59,197] {scheduler_job.py:182} INFO - Started process (PID=7084) to work on /home/airflow/.local/lib/python3.6/site-packages/airflow/example_dags/example_nested_branch_dag.py
[2022-04-18 15:01:59,198] {scheduler_job.py:629} INFO - Processing file /home/airflow/.local/lib/python3.6/site-packages/airflow/example_dags/example_nested_branch_dag.py for tasks to queue
[2022-04-18 15:01:59,198] {logging_mixin.py:104} INFO - [2022-04-18 15:01:59,198] {dagbag.py:448} INFO - Filling up the DagBag from /home/airflow/.local/lib/python3.6/site-packages/airflow/example_dags/example_nested_branch_dag.py
[2022-04-18 15:01:59,209] {scheduler_job.py:639} INFO - DAG(s) dict_keys(['example_nested_branch_dag']) retrieved from /home/airflow/.local/lib/python3.6/site-packages/airflow/example_dags/example_nested_branch_dag.py
[2022-04-18 15:01:59,221] {logging_mixin.py:104} INFO - [2022-04-18 15:01:59,221] {dag.py:1818} INFO - Sync 1 DAGs
[2022-04-18 15:01:59,234] {logging_mixin.py:104} INFO - [2022-04-18 15:01:59,234] {dag.py:2273} INFO - Setting next_dagrun for example_nested_branch_dag to 2022-04-16 00:00:00+00:00
[2022-04-18 15:01:59,239] {scheduler_job.py:190} INFO - Processing /home/airflow/.local/lib/python3.6/site-packages/airflow/example_dags/example_nested_branch_dag.py took 0.044 seconds
[2022-04-18 15:02:29,912] {scheduler_job.py:182} INFO - Started process (PID=7217) to work on /home/airflow/.local/lib/python3.6/site-packages/airflow/example_dags/example_nested_branch_dag.py
[2022-04-18 15:02:29,913] {scheduler_job.py:629} INFO - Processing file /home/airflow/.local/lib/python3.6/site-packages/airflow/example_dags/example_nested_branch_dag.py for tasks to queue
[2022-04-18 15:02:29,914] {logging_mixin.py:104} INFO - [2022-04-18 15:02:29,914] {dagbag.py:448} INFO - Filling up the DagBag from /home/airflow/.local/lib/python3.6/site-packages/airflow/example_dags/example_nested_branch_dag.py
[2022-04-18 15:02:29,924] {scheduler_job.py:639} INFO - DAG(s) dict_keys(['example_nested_branch_dag']) retrieved from /home/airflow/.local/lib/python3.6/site-packages/airflow/example_dags/example_nested_branch_dag.py
[2022-04-18 15:02:29,935] {logging_mixin.py:104} INFO - [2022-04-18 15:02:29,935] {dag.py:1818} INFO - Sync 1 DAGs
[2022-04-18 15:02:29,946] {logging_mixin.py:104} INFO - [2022-04-18 15:02:29,946] {dag.py:2273} INFO - Setting next_dagrun for example_nested_branch_dag to 2022-04-16 00:00:00+00:00
[2022-04-18 15:02:29,950] {scheduler_job.py:190} INFO - Processing /home/airflow/.local/lib/python3.6/site-packages/airflow/example_dags/example_nested_branch_dag.py took 0.040 seconds
[2022-04-18 15:03:00,587] {scheduler_job.py:182} INFO - Started process (PID=7352) to work on /home/airflow/.local/lib/python3.6/site-packages/airflow/example_dags/example_nested_branch_dag.py
[2022-04-18 15:03:00,588] {scheduler_job.py:629} INFO - Processing file /home/airflow/.local/lib/python3.6/site-packages/airflow/example_dags/example_nested_branch_dag.py for tasks to queue
[2022-04-18 15:03:00,589] {logging_mixin.py:104} INFO - [2022-04-18 15:03:00,588] {dagbag.py:448} INFO - Filling up the DagBag from /home/airflow/.local/lib/python3.6/site-packages/airflow/example_dags/example_nested_branch_dag.py
[2022-04-18 15:03:00,601] {scheduler_job.py:639} INFO - DAG(s) dict_keys(['example_nested_branch_dag']) retrieved from /home/airflow/.local/lib/python3.6/site-packages/airflow/example_dags/example_nested_branch_dag.py
[2022-04-18 15:03:00,615] {logging_mixin.py:104} INFO - [2022-04-18 15:03:00,615] {dag.py:1818} INFO - Sync 1 DAGs
[2022-04-18 15:03:00,628] {logging_mixin.py:104} INFO - [2022-04-18 15:03:00,628] {dag.py:2273} INFO - Setting next_dagrun for example_nested_branch_dag to 2022-04-16 00:00:00+00:00
[2022-04-18 15:03:00,633] {scheduler_job.py:190} INFO - Processing /home/airflow/.local/lib/python3.6/site-packages/airflow/example_dags/example_nested_branch_dag.py took 0.049 seconds
[2022-04-18 15:03:31,268] {scheduler_job.py:182} INFO - Started process (PID=7487) to work on /home/airflow/.local/lib/python3.6/site-packages/airflow/example_dags/example_nested_branch_dag.py
[2022-04-18 15:03:31,269] {scheduler_job.py:629} INFO - Processing file /home/airflow/.local/lib/python3.6/site-packages/airflow/example_dags/example_nested_branch_dag.py for tasks to queue
[2022-04-18 15:03:31,269] {logging_mixin.py:104} INFO - [2022-04-18 15:03:31,269] {dagbag.py:448} INFO - Filling up the DagBag from /home/airflow/.local/lib/python3.6/site-packages/airflow/example_dags/example_nested_branch_dag.py
[2022-04-18 15:03:31,279] {scheduler_job.py:639} INFO - DAG(s) dict_keys(['example_nested_branch_dag']) retrieved from /home/airflow/.local/lib/python3.6/site-packages/airflow/example_dags/example_nested_branch_dag.py
[2022-04-18 15:03:31,297] {logging_mixin.py:104} INFO - [2022-04-18 15:03:31,297] {dag.py:1818} INFO - Sync 1 DAGs
[2022-04-18 15:03:31,308] {logging_mixin.py:104} INFO - [2022-04-18 15:03:31,308] {dag.py:2273} INFO - Setting next_dagrun for example_nested_branch_dag to 2022-04-16 00:00:00+00:00
[2022-04-18 15:03:31,312] {scheduler_job.py:190} INFO - Processing /home/airflow/.local/lib/python3.6/site-packages/airflow/example_dags/example_nested_branch_dag.py took 0.047 seconds
[2022-04-18 15:04:01,946] {scheduler_job.py:182} INFO - Started process (PID=7622) to work on /home/airflow/.local/lib/python3.6/site-packages/airflow/example_dags/example_nested_branch_dag.py
[2022-04-18 15:04:01,947] {scheduler_job.py:629} INFO - Processing file /home/airflow/.local/lib/python3.6/site-packages/airflow/example_dags/example_nested_branch_dag.py for tasks to queue
[2022-04-18 15:04:01,947] {logging_mixin.py:104} INFO - [2022-04-18 15:04:01,947] {dagbag.py:448} INFO - Filling up the DagBag from /home/airflow/.local/lib/python3.6/site-packages/airflow/example_dags/example_nested_branch_dag.py
[2022-04-18 15:04:01,957] {scheduler_job.py:639} INFO - DAG(s) dict_keys(['example_nested_branch_dag']) retrieved from /home/airflow/.local/lib/python3.6/site-packages/airflow/example_dags/example_nested_branch_dag.py
[2022-04-18 15:04:01,969] {logging_mixin.py:104} INFO - [2022-04-18 15:04:01,969] {dag.py:1818} INFO - Sync 1 DAGs
[2022-04-18 15:04:01,982] {logging_mixin.py:104} INFO - [2022-04-18 15:04:01,982] {dag.py:2273} INFO - Setting next_dagrun for example_nested_branch_dag to 2022-04-16 00:00:00+00:00
[2022-04-18 15:04:01,986] {scheduler_job.py:190} INFO - Processing /home/airflow/.local/lib/python3.6/site-packages/airflow/example_dags/example_nested_branch_dag.py took 0.043 seconds
[2022-04-18 15:04:32,664] {scheduler_job.py:182} INFO - Started process (PID=7759) to work on /home/airflow/.local/lib/python3.6/site-packages/airflow/example_dags/example_nested_branch_dag.py
[2022-04-18 15:04:32,665] {scheduler_job.py:629} INFO - Processing file /home/airflow/.local/lib/python3.6/site-packages/airflow/example_dags/example_nested_branch_dag.py for tasks to queue
[2022-04-18 15:04:32,665] {logging_mixin.py:104} INFO - [2022-04-18 15:04:32,665] {dagbag.py:448} INFO - Filling up the DagBag from /home/airflow/.local/lib/python3.6/site-packages/airflow/example_dags/example_nested_branch_dag.py
[2022-04-18 15:04:32,674] {scheduler_job.py:639} INFO - DAG(s) dict_keys(['example_nested_branch_dag']) retrieved from /home/airflow/.local/lib/python3.6/site-packages/airflow/example_dags/example_nested_branch_dag.py
[2022-04-18 15:04:32,687] {logging_mixin.py:104} INFO - [2022-04-18 15:04:32,687] {dag.py:1818} INFO - Sync 1 DAGs
[2022-04-18 15:04:32,699] {logging_mixin.py:104} INFO - [2022-04-18 15:04:32,698] {dag.py:2273} INFO - Setting next_dagrun for example_nested_branch_dag to 2022-04-16 00:00:00+00:00
[2022-04-18 15:04:32,702] {scheduler_job.py:190} INFO - Processing /home/airflow/.local/lib/python3.6/site-packages/airflow/example_dags/example_nested_branch_dag.py took 0.041 seconds
[2022-04-18 15:05:03,350] {scheduler_job.py:182} INFO - Started process (PID=7892) to work on /home/airflow/.local/lib/python3.6/site-packages/airflow/example_dags/example_nested_branch_dag.py
[2022-04-18 15:05:03,351] {scheduler_job.py:629} INFO - Processing file /home/airflow/.local/lib/python3.6/site-packages/airflow/example_dags/example_nested_branch_dag.py for tasks to queue
[2022-04-18 15:05:03,351] {logging_mixin.py:104} INFO - [2022-04-18 15:05:03,351] {dagbag.py:448} INFO - Filling up the DagBag from /home/airflow/.local/lib/python3.6/site-packages/airflow/example_dags/example_nested_branch_dag.py
[2022-04-18 15:05:03,359] {scheduler_job.py:639} INFO - DAG(s) dict_keys(['example_nested_branch_dag']) retrieved from /home/airflow/.local/lib/python3.6/site-packages/airflow/example_dags/example_nested_branch_dag.py
[2022-04-18 15:05:03,375] {logging_mixin.py:104} INFO - [2022-04-18 15:05:03,375] {dag.py:1818} INFO - Sync 1 DAGs
[2022-04-18 15:05:03,388] {logging_mixin.py:104} INFO - [2022-04-18 15:05:03,387] {dag.py:2273} INFO - Setting next_dagrun for example_nested_branch_dag to 2022-04-16 00:00:00+00:00
[2022-04-18 15:05:03,391] {scheduler_job.py:190} INFO - Processing /home/airflow/.local/lib/python3.6/site-packages/airflow/example_dags/example_nested_branch_dag.py took 0.044 seconds
[2022-04-18 15:05:34,044] {scheduler_job.py:182} INFO - Started process (PID=8027) to work on /home/airflow/.local/lib/python3.6/site-packages/airflow/example_dags/example_nested_branch_dag.py
[2022-04-18 15:05:34,045] {scheduler_job.py:629} INFO - Processing file /home/airflow/.local/lib/python3.6/site-packages/airflow/example_dags/example_nested_branch_dag.py for tasks to queue
[2022-04-18 15:05:34,045] {logging_mixin.py:104} INFO - [2022-04-18 15:05:34,045] {dagbag.py:448} INFO - Filling up the DagBag from /home/airflow/.local/lib/python3.6/site-packages/airflow/example_dags/example_nested_branch_dag.py
[2022-04-18 15:05:34,055] {scheduler_job.py:639} INFO - DAG(s) dict_keys(['example_nested_branch_dag']) retrieved from /home/airflow/.local/lib/python3.6/site-packages/airflow/example_dags/example_nested_branch_dag.py
[2022-04-18 15:05:34,071] {logging_mixin.py:104} INFO - [2022-04-18 15:05:34,071] {dag.py:1818} INFO - Sync 1 DAGs
[2022-04-18 15:05:34,086] {logging_mixin.py:104} INFO - [2022-04-18 15:05:34,086] {dag.py:2273} INFO - Setting next_dagrun for example_nested_branch_dag to 2022-04-16 00:00:00+00:00
[2022-04-18 15:05:34,090] {scheduler_job.py:190} INFO - Processing /home/airflow/.local/lib/python3.6/site-packages/airflow/example_dags/example_nested_branch_dag.py took 0.047 seconds
[2022-04-18 15:06:04,730] {scheduler_job.py:182} INFO - Started process (PID=8162) to work on /home/airflow/.local/lib/python3.6/site-packages/airflow/example_dags/example_nested_branch_dag.py
[2022-04-18 15:06:04,731] {scheduler_job.py:629} INFO - Processing file /home/airflow/.local/lib/python3.6/site-packages/airflow/example_dags/example_nested_branch_dag.py for tasks to queue
[2022-04-18 15:06:04,731] {logging_mixin.py:104} INFO - [2022-04-18 15:06:04,731] {dagbag.py:448} INFO - Filling up the DagBag from /home/airflow/.local/lib/python3.6/site-packages/airflow/example_dags/example_nested_branch_dag.py
[2022-04-18 15:06:04,741] {scheduler_job.py:639} INFO - DAG(s) dict_keys(['example_nested_branch_dag']) retrieved from /home/airflow/.local/lib/python3.6/site-packages/airflow/example_dags/example_nested_branch_dag.py
[2022-04-18 15:06:04,752] {logging_mixin.py:104} INFO - [2022-04-18 15:06:04,752] {dag.py:1818} INFO - Sync 1 DAGs
[2022-04-18 15:06:04,765] {logging_mixin.py:104} INFO - [2022-04-18 15:06:04,765] {dag.py:2273} INFO - Setting next_dagrun for example_nested_branch_dag to 2022-04-16 00:00:00+00:00
[2022-04-18 15:06:04,769] {scheduler_job.py:190} INFO - Processing /home/airflow/.local/lib/python3.6/site-packages/airflow/example_dags/example_nested_branch_dag.py took 0.041 seconds
[2022-04-18 15:06:35,452] {scheduler_job.py:182} INFO - Started process (PID=8299) to work on /home/airflow/.local/lib/python3.6/site-packages/airflow/example_dags/example_nested_branch_dag.py
[2022-04-18 15:06:35,453] {scheduler_job.py:629} INFO - Processing file /home/airflow/.local/lib/python3.6/site-packages/airflow/example_dags/example_nested_branch_dag.py for tasks to queue
[2022-04-18 15:06:35,453] {logging_mixin.py:104} INFO - [2022-04-18 15:06:35,453] {dagbag.py:448} INFO - Filling up the DagBag from /home/airflow/.local/lib/python3.6/site-packages/airflow/example_dags/example_nested_branch_dag.py
[2022-04-18 15:06:35,464] {scheduler_job.py:639} INFO - DAG(s) dict_keys(['example_nested_branch_dag']) retrieved from /home/airflow/.local/lib/python3.6/site-packages/airflow/example_dags/example_nested_branch_dag.py
[2022-04-18 15:06:35,476] {logging_mixin.py:104} INFO - [2022-04-18 15:06:35,476] {dag.py:1818} INFO - Sync 1 DAGs
[2022-04-18 15:06:35,488] {logging_mixin.py:104} INFO - [2022-04-18 15:06:35,488] {dag.py:2273} INFO - Setting next_dagrun for example_nested_branch_dag to 2022-04-16 00:00:00+00:00
[2022-04-18 15:06:35,492] {scheduler_job.py:190} INFO - Processing /home/airflow/.local/lib/python3.6/site-packages/airflow/example_dags/example_nested_branch_dag.py took 0.042 seconds
