[2022-04-18 14:37:01,578] {scheduler_job.py:182} INFO - Started process (PID=270) to work on /home/airflow/.local/lib/python3.6/site-packages/airflow/example_dags/example_kubernetes_executor.py
[2022-04-18 14:37:01,579] {scheduler_job.py:629} INFO - Processing file /home/airflow/.local/lib/python3.6/site-packages/airflow/example_dags/example_kubernetes_executor.py for tasks to queue
[2022-04-18 14:37:01,580] {logging_mixin.py:104} INFO - [2022-04-18 14:37:01,580] {dagbag.py:448} INFO - Filling up the DagBag from /home/airflow/.local/lib/python3.6/site-packages/airflow/example_dags/example_kubernetes_executor.py
[2022-04-18 14:37:01,590] {scheduler_job.py:639} INFO - DAG(s) dict_keys(['example_kubernetes_executor']) retrieved from /home/airflow/.local/lib/python3.6/site-packages/airflow/example_dags/example_kubernetes_executor.py
[2022-04-18 14:37:01,607] {logging_mixin.py:104} INFO - [2022-04-18 14:37:01,607] {dag.py:1818} INFO - Sync 1 DAGs
[2022-04-18 14:37:01,614] {logging_mixin.py:104} INFO - [2022-04-18 14:37:01,614] {dag.py:2273} INFO - Setting next_dagrun for example_kubernetes_executor to None
[2022-04-18 14:37:01,620] {scheduler_job.py:190} INFO - Processing /home/airflow/.local/lib/python3.6/site-packages/airflow/example_dags/example_kubernetes_executor.py took 0.044 seconds
[2022-04-18 14:37:31,689] {scheduler_job.py:182} INFO - Started process (PID=655) to work on /home/airflow/.local/lib/python3.6/site-packages/airflow/example_dags/example_kubernetes_executor.py
[2022-04-18 14:37:31,690] {scheduler_job.py:629} INFO - Processing file /home/airflow/.local/lib/python3.6/site-packages/airflow/example_dags/example_kubernetes_executor.py for tasks to queue
[2022-04-18 14:37:31,690] {logging_mixin.py:104} INFO - [2022-04-18 14:37:31,690] {dagbag.py:448} INFO - Filling up the DagBag from /home/airflow/.local/lib/python3.6/site-packages/airflow/example_dags/example_kubernetes_executor.py
[2022-04-18 14:37:31,700] {scheduler_job.py:639} INFO - DAG(s) dict_keys(['example_kubernetes_executor']) retrieved from /home/airflow/.local/lib/python3.6/site-packages/airflow/example_dags/example_kubernetes_executor.py
[2022-04-18 14:37:31,714] {logging_mixin.py:104} INFO - [2022-04-18 14:37:31,714] {dag.py:1818} INFO - Sync 1 DAGs
[2022-04-18 14:37:31,721] {logging_mixin.py:104} INFO - [2022-04-18 14:37:31,721] {dag.py:2273} INFO - Setting next_dagrun for example_kubernetes_executor to None
[2022-04-18 14:37:31,726] {scheduler_job.py:190} INFO - Processing /home/airflow/.local/lib/python3.6/site-packages/airflow/example_dags/example_kubernetes_executor.py took 0.039 seconds
[2022-04-18 14:38:01,749] {scheduler_job.py:182} INFO - Started process (PID=794) to work on /home/airflow/.local/lib/python3.6/site-packages/airflow/example_dags/example_kubernetes_executor.py
[2022-04-18 14:38:01,749] {scheduler_job.py:629} INFO - Processing file /home/airflow/.local/lib/python3.6/site-packages/airflow/example_dags/example_kubernetes_executor.py for tasks to queue
[2022-04-18 14:38:01,750] {logging_mixin.py:104} INFO - [2022-04-18 14:38:01,750] {dagbag.py:448} INFO - Filling up the DagBag from /home/airflow/.local/lib/python3.6/site-packages/airflow/example_dags/example_kubernetes_executor.py
[2022-04-18 14:38:01,759] {scheduler_job.py:639} INFO - DAG(s) dict_keys(['example_kubernetes_executor']) retrieved from /home/airflow/.local/lib/python3.6/site-packages/airflow/example_dags/example_kubernetes_executor.py
[2022-04-18 14:38:01,773] {logging_mixin.py:104} INFO - [2022-04-18 14:38:01,773] {dag.py:1818} INFO - Sync 1 DAGs
[2022-04-18 14:38:01,784] {logging_mixin.py:104} INFO - [2022-04-18 14:38:01,784] {dag.py:2273} INFO - Setting next_dagrun for example_kubernetes_executor to None
[2022-04-18 14:38:01,790] {scheduler_job.py:190} INFO - Processing /home/airflow/.local/lib/python3.6/site-packages/airflow/example_dags/example_kubernetes_executor.py took 0.044 seconds
[2022-04-18 14:38:31,854] {scheduler_job.py:182} INFO - Started process (PID=938) to work on /home/airflow/.local/lib/python3.6/site-packages/airflow/example_dags/example_kubernetes_executor.py
[2022-04-18 14:38:31,855] {scheduler_job.py:629} INFO - Processing file /home/airflow/.local/lib/python3.6/site-packages/airflow/example_dags/example_kubernetes_executor.py for tasks to queue
[2022-04-18 14:38:31,856] {logging_mixin.py:104} INFO - [2022-04-18 14:38:31,856] {dagbag.py:448} INFO - Filling up the DagBag from /home/airflow/.local/lib/python3.6/site-packages/airflow/example_dags/example_kubernetes_executor.py
[2022-04-18 14:38:31,864] {scheduler_job.py:639} INFO - DAG(s) dict_keys(['example_kubernetes_executor']) retrieved from /home/airflow/.local/lib/python3.6/site-packages/airflow/example_dags/example_kubernetes_executor.py
[2022-04-18 14:38:31,877] {logging_mixin.py:104} INFO - [2022-04-18 14:38:31,876] {dag.py:1818} INFO - Sync 1 DAGs
[2022-04-18 14:38:31,884] {logging_mixin.py:104} INFO - [2022-04-18 14:38:31,884] {dag.py:2273} INFO - Setting next_dagrun for example_kubernetes_executor to None
[2022-04-18 14:38:31,888] {scheduler_job.py:190} INFO - Processing /home/airflow/.local/lib/python3.6/site-packages/airflow/example_dags/example_kubernetes_executor.py took 0.036 seconds
[2022-04-18 14:39:01,954] {scheduler_job.py:182} INFO - Started process (PID=1082) to work on /home/airflow/.local/lib/python3.6/site-packages/airflow/example_dags/example_kubernetes_executor.py
[2022-04-18 14:39:01,954] {scheduler_job.py:629} INFO - Processing file /home/airflow/.local/lib/python3.6/site-packages/airflow/example_dags/example_kubernetes_executor.py for tasks to queue
[2022-04-18 14:39:01,955] {logging_mixin.py:104} INFO - [2022-04-18 14:39:01,955] {dagbag.py:448} INFO - Filling up the DagBag from /home/airflow/.local/lib/python3.6/site-packages/airflow/example_dags/example_kubernetes_executor.py
[2022-04-18 14:39:01,963] {scheduler_job.py:639} INFO - DAG(s) dict_keys(['example_kubernetes_executor']) retrieved from /home/airflow/.local/lib/python3.6/site-packages/airflow/example_dags/example_kubernetes_executor.py
[2022-04-18 14:39:01,977] {logging_mixin.py:104} INFO - [2022-04-18 14:39:01,977] {dag.py:1818} INFO - Sync 1 DAGs
[2022-04-18 14:39:01,987] {logging_mixin.py:104} INFO - [2022-04-18 14:39:01,987] {dag.py:2273} INFO - Setting next_dagrun for example_kubernetes_executor to None
[2022-04-18 14:39:01,991] {scheduler_job.py:190} INFO - Processing /home/airflow/.local/lib/python3.6/site-packages/airflow/example_dags/example_kubernetes_executor.py took 0.039 seconds
[2022-04-18 14:39:32,046] {scheduler_job.py:182} INFO - Started process (PID=1217) to work on /home/airflow/.local/lib/python3.6/site-packages/airflow/example_dags/example_kubernetes_executor.py
[2022-04-18 14:39:32,047] {scheduler_job.py:629} INFO - Processing file /home/airflow/.local/lib/python3.6/site-packages/airflow/example_dags/example_kubernetes_executor.py for tasks to queue
[2022-04-18 14:39:32,047] {logging_mixin.py:104} INFO - [2022-04-18 14:39:32,047] {dagbag.py:448} INFO - Filling up the DagBag from /home/airflow/.local/lib/python3.6/site-packages/airflow/example_dags/example_kubernetes_executor.py
[2022-04-18 14:39:32,057] {scheduler_job.py:639} INFO - DAG(s) dict_keys(['example_kubernetes_executor']) retrieved from /home/airflow/.local/lib/python3.6/site-packages/airflow/example_dags/example_kubernetes_executor.py
[2022-04-18 14:39:32,068] {logging_mixin.py:104} INFO - [2022-04-18 14:39:32,068] {dag.py:1818} INFO - Sync 1 DAGs
[2022-04-18 14:39:32,077] {logging_mixin.py:104} INFO - [2022-04-18 14:39:32,077] {dag.py:2273} INFO - Setting next_dagrun for example_kubernetes_executor to None
[2022-04-18 14:39:32,081] {scheduler_job.py:190} INFO - Processing /home/airflow/.local/lib/python3.6/site-packages/airflow/example_dags/example_kubernetes_executor.py took 0.037 seconds
[2022-04-18 14:40:02,961] {scheduler_job.py:182} INFO - Started process (PID=1336) to work on /home/airflow/.local/lib/python3.6/site-packages/airflow/example_dags/example_kubernetes_executor.py
[2022-04-18 14:40:02,962] {scheduler_job.py:629} INFO - Processing file /home/airflow/.local/lib/python3.6/site-packages/airflow/example_dags/example_kubernetes_executor.py for tasks to queue
[2022-04-18 14:40:02,962] {logging_mixin.py:104} INFO - [2022-04-18 14:40:02,962] {dagbag.py:448} INFO - Filling up the DagBag from /home/airflow/.local/lib/python3.6/site-packages/airflow/example_dags/example_kubernetes_executor.py
[2022-04-18 14:40:02,971] {scheduler_job.py:639} INFO - DAG(s) dict_keys(['example_kubernetes_executor']) retrieved from /home/airflow/.local/lib/python3.6/site-packages/airflow/example_dags/example_kubernetes_executor.py
[2022-04-18 14:40:02,985] {logging_mixin.py:104} INFO - [2022-04-18 14:40:02,985] {dag.py:1818} INFO - Sync 1 DAGs
[2022-04-18 14:40:02,993] {logging_mixin.py:104} INFO - [2022-04-18 14:40:02,993] {dag.py:2273} INFO - Setting next_dagrun for example_kubernetes_executor to None
[2022-04-18 14:40:02,997] {scheduler_job.py:190} INFO - Processing /home/airflow/.local/lib/python3.6/site-packages/airflow/example_dags/example_kubernetes_executor.py took 0.038 seconds
[2022-04-18 14:40:33,750] {scheduler_job.py:182} INFO - Started process (PID=1471) to work on /home/airflow/.local/lib/python3.6/site-packages/airflow/example_dags/example_kubernetes_executor.py
[2022-04-18 14:40:33,751] {scheduler_job.py:629} INFO - Processing file /home/airflow/.local/lib/python3.6/site-packages/airflow/example_dags/example_kubernetes_executor.py for tasks to queue
[2022-04-18 14:40:33,751] {logging_mixin.py:104} INFO - [2022-04-18 14:40:33,751] {dagbag.py:448} INFO - Filling up the DagBag from /home/airflow/.local/lib/python3.6/site-packages/airflow/example_dags/example_kubernetes_executor.py
[2022-04-18 14:40:33,758] {scheduler_job.py:639} INFO - DAG(s) dict_keys(['example_kubernetes_executor']) retrieved from /home/airflow/.local/lib/python3.6/site-packages/airflow/example_dags/example_kubernetes_executor.py
[2022-04-18 14:40:33,770] {logging_mixin.py:104} INFO - [2022-04-18 14:40:33,770] {dag.py:1818} INFO - Sync 1 DAGs
[2022-04-18 14:40:33,780] {logging_mixin.py:104} INFO - [2022-04-18 14:40:33,780] {dag.py:2273} INFO - Setting next_dagrun for example_kubernetes_executor to None
[2022-04-18 14:40:33,784] {scheduler_job.py:190} INFO - Processing /home/airflow/.local/lib/python3.6/site-packages/airflow/example_dags/example_kubernetes_executor.py took 0.037 seconds
[2022-04-18 14:41:04,709] {scheduler_job.py:182} INFO - Started process (PID=1606) to work on /home/airflow/.local/lib/python3.6/site-packages/airflow/example_dags/example_kubernetes_executor.py
[2022-04-18 14:41:04,709] {scheduler_job.py:629} INFO - Processing file /home/airflow/.local/lib/python3.6/site-packages/airflow/example_dags/example_kubernetes_executor.py for tasks to queue
[2022-04-18 14:41:04,710] {logging_mixin.py:104} INFO - [2022-04-18 14:41:04,710] {dagbag.py:448} INFO - Filling up the DagBag from /home/airflow/.local/lib/python3.6/site-packages/airflow/example_dags/example_kubernetes_executor.py
[2022-04-18 14:41:04,719] {scheduler_job.py:639} INFO - DAG(s) dict_keys(['example_kubernetes_executor']) retrieved from /home/airflow/.local/lib/python3.6/site-packages/airflow/example_dags/example_kubernetes_executor.py
[2022-04-18 14:41:04,734] {logging_mixin.py:104} INFO - [2022-04-18 14:41:04,734] {dag.py:1818} INFO - Sync 1 DAGs
[2022-04-18 14:41:04,741] {logging_mixin.py:104} INFO - [2022-04-18 14:41:04,741] {dag.py:2273} INFO - Setting next_dagrun for example_kubernetes_executor to None
[2022-04-18 14:41:04,745] {scheduler_job.py:190} INFO - Processing /home/airflow/.local/lib/python3.6/site-packages/airflow/example_dags/example_kubernetes_executor.py took 0.038 seconds
[2022-04-18 14:41:35,374] {scheduler_job.py:182} INFO - Started process (PID=1741) to work on /home/airflow/.local/lib/python3.6/site-packages/airflow/example_dags/example_kubernetes_executor.py
[2022-04-18 14:41:35,375] {scheduler_job.py:629} INFO - Processing file /home/airflow/.local/lib/python3.6/site-packages/airflow/example_dags/example_kubernetes_executor.py for tasks to queue
[2022-04-18 14:41:35,375] {logging_mixin.py:104} INFO - [2022-04-18 14:41:35,375] {dagbag.py:448} INFO - Filling up the DagBag from /home/airflow/.local/lib/python3.6/site-packages/airflow/example_dags/example_kubernetes_executor.py
[2022-04-18 14:41:35,383] {scheduler_job.py:639} INFO - DAG(s) dict_keys(['example_kubernetes_executor']) retrieved from /home/airflow/.local/lib/python3.6/site-packages/airflow/example_dags/example_kubernetes_executor.py
[2022-04-18 14:41:35,399] {logging_mixin.py:104} INFO - [2022-04-18 14:41:35,399] {dag.py:1818} INFO - Sync 1 DAGs
[2022-04-18 14:41:35,406] {logging_mixin.py:104} INFO - [2022-04-18 14:41:35,406] {dag.py:2273} INFO - Setting next_dagrun for example_kubernetes_executor to None
[2022-04-18 14:41:35,410] {scheduler_job.py:190} INFO - Processing /home/airflow/.local/lib/python3.6/site-packages/airflow/example_dags/example_kubernetes_executor.py took 0.038 seconds
[2022-04-18 14:42:06,074] {scheduler_job.py:182} INFO - Started process (PID=1876) to work on /home/airflow/.local/lib/python3.6/site-packages/airflow/example_dags/example_kubernetes_executor.py
[2022-04-18 14:42:06,075] {scheduler_job.py:629} INFO - Processing file /home/airflow/.local/lib/python3.6/site-packages/airflow/example_dags/example_kubernetes_executor.py for tasks to queue
[2022-04-18 14:42:06,076] {logging_mixin.py:104} INFO - [2022-04-18 14:42:06,076] {dagbag.py:448} INFO - Filling up the DagBag from /home/airflow/.local/lib/python3.6/site-packages/airflow/example_dags/example_kubernetes_executor.py
[2022-04-18 14:42:06,084] {scheduler_job.py:639} INFO - DAG(s) dict_keys(['example_kubernetes_executor']) retrieved from /home/airflow/.local/lib/python3.6/site-packages/airflow/example_dags/example_kubernetes_executor.py
[2022-04-18 14:42:06,096] {logging_mixin.py:104} INFO - [2022-04-18 14:42:06,096] {dag.py:1818} INFO - Sync 1 DAGs
[2022-04-18 14:42:06,105] {logging_mixin.py:104} INFO - [2022-04-18 14:42:06,105] {dag.py:2273} INFO - Setting next_dagrun for example_kubernetes_executor to None
[2022-04-18 14:42:06,109] {scheduler_job.py:190} INFO - Processing /home/airflow/.local/lib/python3.6/site-packages/airflow/example_dags/example_kubernetes_executor.py took 0.037 seconds
[2022-04-18 14:42:36,838] {scheduler_job.py:182} INFO - Started process (PID=2011) to work on /home/airflow/.local/lib/python3.6/site-packages/airflow/example_dags/example_kubernetes_executor.py
[2022-04-18 14:42:36,839] {scheduler_job.py:629} INFO - Processing file /home/airflow/.local/lib/python3.6/site-packages/airflow/example_dags/example_kubernetes_executor.py for tasks to queue
[2022-04-18 14:42:36,840] {logging_mixin.py:104} INFO - [2022-04-18 14:42:36,840] {dagbag.py:448} INFO - Filling up the DagBag from /home/airflow/.local/lib/python3.6/site-packages/airflow/example_dags/example_kubernetes_executor.py
[2022-04-18 14:42:36,850] {scheduler_job.py:639} INFO - DAG(s) dict_keys(['example_kubernetes_executor']) retrieved from /home/airflow/.local/lib/python3.6/site-packages/airflow/example_dags/example_kubernetes_executor.py
[2022-04-18 14:42:36,861] {logging_mixin.py:104} INFO - [2022-04-18 14:42:36,861] {dag.py:1818} INFO - Sync 1 DAGs
[2022-04-18 14:42:36,868] {logging_mixin.py:104} INFO - [2022-04-18 14:42:36,868] {dag.py:2273} INFO - Setting next_dagrun for example_kubernetes_executor to None
[2022-04-18 14:42:36,872] {scheduler_job.py:190} INFO - Processing /home/airflow/.local/lib/python3.6/site-packages/airflow/example_dags/example_kubernetes_executor.py took 0.036 seconds
[2022-04-18 14:43:07,593] {scheduler_job.py:182} INFO - Started process (PID=2146) to work on /home/airflow/.local/lib/python3.6/site-packages/airflow/example_dags/example_kubernetes_executor.py
[2022-04-18 14:43:07,594] {scheduler_job.py:629} INFO - Processing file /home/airflow/.local/lib/python3.6/site-packages/airflow/example_dags/example_kubernetes_executor.py for tasks to queue
[2022-04-18 14:43:07,594] {logging_mixin.py:104} INFO - [2022-04-18 14:43:07,594] {dagbag.py:448} INFO - Filling up the DagBag from /home/airflow/.local/lib/python3.6/site-packages/airflow/example_dags/example_kubernetes_executor.py
[2022-04-18 14:43:07,601] {scheduler_job.py:639} INFO - DAG(s) dict_keys(['example_kubernetes_executor']) retrieved from /home/airflow/.local/lib/python3.6/site-packages/airflow/example_dags/example_kubernetes_executor.py
[2022-04-18 14:43:07,613] {logging_mixin.py:104} INFO - [2022-04-18 14:43:07,613] {dag.py:1818} INFO - Sync 1 DAGs
[2022-04-18 14:43:07,621] {logging_mixin.py:104} INFO - [2022-04-18 14:43:07,621] {dag.py:2273} INFO - Setting next_dagrun for example_kubernetes_executor to None
[2022-04-18 14:43:07,624] {scheduler_job.py:190} INFO - Processing /home/airflow/.local/lib/python3.6/site-packages/airflow/example_dags/example_kubernetes_executor.py took 0.034 seconds
[2022-04-18 14:43:38,283] {scheduler_job.py:182} INFO - Started process (PID=2281) to work on /home/airflow/.local/lib/python3.6/site-packages/airflow/example_dags/example_kubernetes_executor.py
[2022-04-18 14:43:38,284] {scheduler_job.py:629} INFO - Processing file /home/airflow/.local/lib/python3.6/site-packages/airflow/example_dags/example_kubernetes_executor.py for tasks to queue
[2022-04-18 14:43:38,284] {logging_mixin.py:104} INFO - [2022-04-18 14:43:38,284] {dagbag.py:448} INFO - Filling up the DagBag from /home/airflow/.local/lib/python3.6/site-packages/airflow/example_dags/example_kubernetes_executor.py
[2022-04-18 14:43:38,291] {scheduler_job.py:639} INFO - DAG(s) dict_keys(['example_kubernetes_executor']) retrieved from /home/airflow/.local/lib/python3.6/site-packages/airflow/example_dags/example_kubernetes_executor.py
[2022-04-18 14:43:38,304] {logging_mixin.py:104} INFO - [2022-04-18 14:43:38,304] {dag.py:1818} INFO - Sync 1 DAGs
[2022-04-18 14:43:38,313] {logging_mixin.py:104} INFO - [2022-04-18 14:43:38,313] {dag.py:2273} INFO - Setting next_dagrun for example_kubernetes_executor to None
[2022-04-18 14:43:38,317] {scheduler_job.py:190} INFO - Processing /home/airflow/.local/lib/python3.6/site-packages/airflow/example_dags/example_kubernetes_executor.py took 0.037 seconds
[2022-04-18 14:44:08,970] {scheduler_job.py:182} INFO - Started process (PID=2416) to work on /home/airflow/.local/lib/python3.6/site-packages/airflow/example_dags/example_kubernetes_executor.py
[2022-04-18 14:44:08,971] {scheduler_job.py:629} INFO - Processing file /home/airflow/.local/lib/python3.6/site-packages/airflow/example_dags/example_kubernetes_executor.py for tasks to queue
[2022-04-18 14:44:08,971] {logging_mixin.py:104} INFO - [2022-04-18 14:44:08,971] {dagbag.py:448} INFO - Filling up the DagBag from /home/airflow/.local/lib/python3.6/site-packages/airflow/example_dags/example_kubernetes_executor.py
[2022-04-18 14:44:08,980] {scheduler_job.py:639} INFO - DAG(s) dict_keys(['example_kubernetes_executor']) retrieved from /home/airflow/.local/lib/python3.6/site-packages/airflow/example_dags/example_kubernetes_executor.py
[2022-04-18 14:44:08,992] {logging_mixin.py:104} INFO - [2022-04-18 14:44:08,992] {dag.py:1818} INFO - Sync 1 DAGs
[2022-04-18 14:44:09,002] {logging_mixin.py:104} INFO - [2022-04-18 14:44:09,002] {dag.py:2273} INFO - Setting next_dagrun for example_kubernetes_executor to None
[2022-04-18 14:44:09,006] {scheduler_job.py:190} INFO - Processing /home/airflow/.local/lib/python3.6/site-packages/airflow/example_dags/example_kubernetes_executor.py took 0.039 seconds
[2022-04-18 14:44:39,649] {scheduler_job.py:182} INFO - Started process (PID=2551) to work on /home/airflow/.local/lib/python3.6/site-packages/airflow/example_dags/example_kubernetes_executor.py
[2022-04-18 14:44:39,650] {scheduler_job.py:629} INFO - Processing file /home/airflow/.local/lib/python3.6/site-packages/airflow/example_dags/example_kubernetes_executor.py for tasks to queue
[2022-04-18 14:44:39,650] {logging_mixin.py:104} INFO - [2022-04-18 14:44:39,650] {dagbag.py:448} INFO - Filling up the DagBag from /home/airflow/.local/lib/python3.6/site-packages/airflow/example_dags/example_kubernetes_executor.py
[2022-04-18 14:44:39,657] {scheduler_job.py:639} INFO - DAG(s) dict_keys(['example_kubernetes_executor']) retrieved from /home/airflow/.local/lib/python3.6/site-packages/airflow/example_dags/example_kubernetes_executor.py
[2022-04-18 14:44:39,672] {logging_mixin.py:104} INFO - [2022-04-18 14:44:39,672] {dag.py:1818} INFO - Sync 1 DAGs
[2022-04-18 14:44:39,680] {logging_mixin.py:104} INFO - [2022-04-18 14:44:39,680] {dag.py:2273} INFO - Setting next_dagrun for example_kubernetes_executor to None
[2022-04-18 14:44:39,684] {scheduler_job.py:190} INFO - Processing /home/airflow/.local/lib/python3.6/site-packages/airflow/example_dags/example_kubernetes_executor.py took 0.037 seconds
[2022-04-18 14:45:10,322] {scheduler_job.py:182} INFO - Started process (PID=2686) to work on /home/airflow/.local/lib/python3.6/site-packages/airflow/example_dags/example_kubernetes_executor.py
[2022-04-18 14:45:10,322] {scheduler_job.py:629} INFO - Processing file /home/airflow/.local/lib/python3.6/site-packages/airflow/example_dags/example_kubernetes_executor.py for tasks to queue
[2022-04-18 14:45:10,323] {logging_mixin.py:104} INFO - [2022-04-18 14:45:10,323] {dagbag.py:448} INFO - Filling up the DagBag from /home/airflow/.local/lib/python3.6/site-packages/airflow/example_dags/example_kubernetes_executor.py
[2022-04-18 14:45:10,332] {scheduler_job.py:639} INFO - DAG(s) dict_keys(['example_kubernetes_executor']) retrieved from /home/airflow/.local/lib/python3.6/site-packages/airflow/example_dags/example_kubernetes_executor.py
[2022-04-18 14:45:10,345] {logging_mixin.py:104} INFO - [2022-04-18 14:45:10,345] {dag.py:1818} INFO - Sync 1 DAGs
[2022-04-18 14:45:10,353] {logging_mixin.py:104} INFO - [2022-04-18 14:45:10,353] {dag.py:2273} INFO - Setting next_dagrun for example_kubernetes_executor to None
[2022-04-18 14:45:10,357] {scheduler_job.py:190} INFO - Processing /home/airflow/.local/lib/python3.6/site-packages/airflow/example_dags/example_kubernetes_executor.py took 0.038 seconds
[2022-04-18 14:45:41,084] {scheduler_job.py:182} INFO - Started process (PID=2822) to work on /home/airflow/.local/lib/python3.6/site-packages/airflow/example_dags/example_kubernetes_executor.py
[2022-04-18 14:45:41,085] {scheduler_job.py:629} INFO - Processing file /home/airflow/.local/lib/python3.6/site-packages/airflow/example_dags/example_kubernetes_executor.py for tasks to queue
[2022-04-18 14:45:41,085] {logging_mixin.py:104} INFO - [2022-04-18 14:45:41,085] {dagbag.py:448} INFO - Filling up the DagBag from /home/airflow/.local/lib/python3.6/site-packages/airflow/example_dags/example_kubernetes_executor.py
[2022-04-18 14:45:41,094] {scheduler_job.py:639} INFO - DAG(s) dict_keys(['example_kubernetes_executor']) retrieved from /home/airflow/.local/lib/python3.6/site-packages/airflow/example_dags/example_kubernetes_executor.py
[2022-04-18 14:45:41,109] {logging_mixin.py:104} INFO - [2022-04-18 14:45:41,109] {dag.py:1818} INFO - Sync 1 DAGs
[2022-04-18 14:45:41,118] {logging_mixin.py:104} INFO - [2022-04-18 14:45:41,118] {dag.py:2273} INFO - Setting next_dagrun for example_kubernetes_executor to None
[2022-04-18 14:45:41,122] {scheduler_job.py:190} INFO - Processing /home/airflow/.local/lib/python3.6/site-packages/airflow/example_dags/example_kubernetes_executor.py took 0.040 seconds
[2022-04-18 14:46:11,754] {scheduler_job.py:182} INFO - Started process (PID=2956) to work on /home/airflow/.local/lib/python3.6/site-packages/airflow/example_dags/example_kubernetes_executor.py
[2022-04-18 14:46:11,756] {scheduler_job.py:629} INFO - Processing file /home/airflow/.local/lib/python3.6/site-packages/airflow/example_dags/example_kubernetes_executor.py for tasks to queue
[2022-04-18 14:46:11,756] {logging_mixin.py:104} INFO - [2022-04-18 14:46:11,756] {dagbag.py:448} INFO - Filling up the DagBag from /home/airflow/.local/lib/python3.6/site-packages/airflow/example_dags/example_kubernetes_executor.py
[2022-04-18 14:46:11,764] {scheduler_job.py:639} INFO - DAG(s) dict_keys(['example_kubernetes_executor']) retrieved from /home/airflow/.local/lib/python3.6/site-packages/airflow/example_dags/example_kubernetes_executor.py
[2022-04-18 14:46:11,775] {logging_mixin.py:104} INFO - [2022-04-18 14:46:11,774] {dag.py:1818} INFO - Sync 1 DAGs
[2022-04-18 14:46:11,784] {logging_mixin.py:104} INFO - [2022-04-18 14:46:11,783] {dag.py:2273} INFO - Setting next_dagrun for example_kubernetes_executor to None
[2022-04-18 14:46:11,788] {scheduler_job.py:190} INFO - Processing /home/airflow/.local/lib/python3.6/site-packages/airflow/example_dags/example_kubernetes_executor.py took 0.036 seconds
[2022-04-18 14:46:42,434] {scheduler_job.py:182} INFO - Started process (PID=3091) to work on /home/airflow/.local/lib/python3.6/site-packages/airflow/example_dags/example_kubernetes_executor.py
[2022-04-18 14:46:42,435] {scheduler_job.py:629} INFO - Processing file /home/airflow/.local/lib/python3.6/site-packages/airflow/example_dags/example_kubernetes_executor.py for tasks to queue
[2022-04-18 14:46:42,435] {logging_mixin.py:104} INFO - [2022-04-18 14:46:42,435] {dagbag.py:448} INFO - Filling up the DagBag from /home/airflow/.local/lib/python3.6/site-packages/airflow/example_dags/example_kubernetes_executor.py
[2022-04-18 14:46:42,446] {scheduler_job.py:639} INFO - DAG(s) dict_keys(['example_kubernetes_executor']) retrieved from /home/airflow/.local/lib/python3.6/site-packages/airflow/example_dags/example_kubernetes_executor.py
[2022-04-18 14:46:42,456] {logging_mixin.py:104} INFO - [2022-04-18 14:46:42,456] {dag.py:1818} INFO - Sync 1 DAGs
[2022-04-18 14:46:42,465] {logging_mixin.py:104} INFO - [2022-04-18 14:46:42,465] {dag.py:2273} INFO - Setting next_dagrun for example_kubernetes_executor to None
[2022-04-18 14:46:42,469] {scheduler_job.py:190} INFO - Processing /home/airflow/.local/lib/python3.6/site-packages/airflow/example_dags/example_kubernetes_executor.py took 0.038 seconds
[2022-04-18 14:47:13,143] {scheduler_job.py:182} INFO - Started process (PID=3226) to work on /home/airflow/.local/lib/python3.6/site-packages/airflow/example_dags/example_kubernetes_executor.py
[2022-04-18 14:47:13,144] {scheduler_job.py:629} INFO - Processing file /home/airflow/.local/lib/python3.6/site-packages/airflow/example_dags/example_kubernetes_executor.py for tasks to queue
[2022-04-18 14:47:13,144] {logging_mixin.py:104} INFO - [2022-04-18 14:47:13,144] {dagbag.py:448} INFO - Filling up the DagBag from /home/airflow/.local/lib/python3.6/site-packages/airflow/example_dags/example_kubernetes_executor.py
[2022-04-18 14:47:13,152] {scheduler_job.py:639} INFO - DAG(s) dict_keys(['example_kubernetes_executor']) retrieved from /home/airflow/.local/lib/python3.6/site-packages/airflow/example_dags/example_kubernetes_executor.py
[2022-04-18 14:47:13,165] {logging_mixin.py:104} INFO - [2022-04-18 14:47:13,165] {dag.py:1818} INFO - Sync 1 DAGs
[2022-04-18 14:47:13,173] {logging_mixin.py:104} INFO - [2022-04-18 14:47:13,173] {dag.py:2273} INFO - Setting next_dagrun for example_kubernetes_executor to None
[2022-04-18 14:47:13,177] {scheduler_job.py:190} INFO - Processing /home/airflow/.local/lib/python3.6/site-packages/airflow/example_dags/example_kubernetes_executor.py took 0.037 seconds
[2022-04-18 14:47:43,846] {scheduler_job.py:182} INFO - Started process (PID=3361) to work on /home/airflow/.local/lib/python3.6/site-packages/airflow/example_dags/example_kubernetes_executor.py
[2022-04-18 14:47:43,847] {scheduler_job.py:629} INFO - Processing file /home/airflow/.local/lib/python3.6/site-packages/airflow/example_dags/example_kubernetes_executor.py for tasks to queue
[2022-04-18 14:47:43,847] {logging_mixin.py:104} INFO - [2022-04-18 14:47:43,847] {dagbag.py:448} INFO - Filling up the DagBag from /home/airflow/.local/lib/python3.6/site-packages/airflow/example_dags/example_kubernetes_executor.py
[2022-04-18 14:47:43,854] {scheduler_job.py:639} INFO - DAG(s) dict_keys(['example_kubernetes_executor']) retrieved from /home/airflow/.local/lib/python3.6/site-packages/airflow/example_dags/example_kubernetes_executor.py
[2022-04-18 14:47:43,864] {logging_mixin.py:104} INFO - [2022-04-18 14:47:43,864] {dag.py:1818} INFO - Sync 1 DAGs
[2022-04-18 14:47:43,874] {logging_mixin.py:104} INFO - [2022-04-18 14:47:43,874] {dag.py:2273} INFO - Setting next_dagrun for example_kubernetes_executor to None
[2022-04-18 14:47:43,878] {scheduler_job.py:190} INFO - Processing /home/airflow/.local/lib/python3.6/site-packages/airflow/example_dags/example_kubernetes_executor.py took 0.034 seconds
[2022-04-18 14:48:14,638] {scheduler_job.py:182} INFO - Started process (PID=3496) to work on /home/airflow/.local/lib/python3.6/site-packages/airflow/example_dags/example_kubernetes_executor.py
[2022-04-18 14:48:14,639] {scheduler_job.py:629} INFO - Processing file /home/airflow/.local/lib/python3.6/site-packages/airflow/example_dags/example_kubernetes_executor.py for tasks to queue
[2022-04-18 14:48:14,640] {logging_mixin.py:104} INFO - [2022-04-18 14:48:14,639] {dagbag.py:448} INFO - Filling up the DagBag from /home/airflow/.local/lib/python3.6/site-packages/airflow/example_dags/example_kubernetes_executor.py
[2022-04-18 14:48:14,649] {scheduler_job.py:639} INFO - DAG(s) dict_keys(['example_kubernetes_executor']) retrieved from /home/airflow/.local/lib/python3.6/site-packages/airflow/example_dags/example_kubernetes_executor.py
[2022-04-18 14:48:14,661] {logging_mixin.py:104} INFO - [2022-04-18 14:48:14,661] {dag.py:1818} INFO - Sync 1 DAGs
[2022-04-18 14:48:14,669] {logging_mixin.py:104} INFO - [2022-04-18 14:48:14,669] {dag.py:2273} INFO - Setting next_dagrun for example_kubernetes_executor to None
[2022-04-18 14:48:14,673] {scheduler_job.py:190} INFO - Processing /home/airflow/.local/lib/python3.6/site-packages/airflow/example_dags/example_kubernetes_executor.py took 0.037 seconds
[2022-04-18 14:48:44,816] {scheduler_job.py:182} INFO - Started process (PID=3637) to work on /home/airflow/.local/lib/python3.6/site-packages/airflow/example_dags/example_kubernetes_executor.py
[2022-04-18 14:48:44,817] {scheduler_job.py:629} INFO - Processing file /home/airflow/.local/lib/python3.6/site-packages/airflow/example_dags/example_kubernetes_executor.py for tasks to queue
[2022-04-18 14:48:44,818] {logging_mixin.py:104} INFO - [2022-04-18 14:48:44,817] {dagbag.py:448} INFO - Filling up the DagBag from /home/airflow/.local/lib/python3.6/site-packages/airflow/example_dags/example_kubernetes_executor.py
[2022-04-18 14:48:44,828] {scheduler_job.py:639} INFO - DAG(s) dict_keys(['example_kubernetes_executor']) retrieved from /home/airflow/.local/lib/python3.6/site-packages/airflow/example_dags/example_kubernetes_executor.py
[2022-04-18 14:48:44,843] {logging_mixin.py:104} INFO - [2022-04-18 14:48:44,842] {dag.py:1818} INFO - Sync 1 DAGs
[2022-04-18 14:48:44,850] {logging_mixin.py:104} INFO - [2022-04-18 14:48:44,850] {dag.py:2273} INFO - Setting next_dagrun for example_kubernetes_executor to None
[2022-04-18 14:48:44,854] {scheduler_job.py:190} INFO - Processing /home/airflow/.local/lib/python3.6/site-packages/airflow/example_dags/example_kubernetes_executor.py took 0.040 seconds
[2022-04-18 14:49:14,949] {scheduler_job.py:182} INFO - Started process (PID=3782) to work on /home/airflow/.local/lib/python3.6/site-packages/airflow/example_dags/example_kubernetes_executor.py
[2022-04-18 14:49:14,949] {scheduler_job.py:629} INFO - Processing file /home/airflow/.local/lib/python3.6/site-packages/airflow/example_dags/example_kubernetes_executor.py for tasks to queue
[2022-04-18 14:49:14,950] {logging_mixin.py:104} INFO - [2022-04-18 14:49:14,950] {dagbag.py:448} INFO - Filling up the DagBag from /home/airflow/.local/lib/python3.6/site-packages/airflow/example_dags/example_kubernetes_executor.py
[2022-04-18 14:49:14,958] {scheduler_job.py:639} INFO - DAG(s) dict_keys(['example_kubernetes_executor']) retrieved from /home/airflow/.local/lib/python3.6/site-packages/airflow/example_dags/example_kubernetes_executor.py
[2022-04-18 14:49:14,975] {logging_mixin.py:104} INFO - [2022-04-18 14:49:14,975] {dag.py:1818} INFO - Sync 1 DAGs
[2022-04-18 14:49:14,982] {logging_mixin.py:104} INFO - [2022-04-18 14:49:14,982] {dag.py:2273} INFO - Setting next_dagrun for example_kubernetes_executor to None
[2022-04-18 14:49:14,986] {scheduler_job.py:190} INFO - Processing /home/airflow/.local/lib/python3.6/site-packages/airflow/example_dags/example_kubernetes_executor.py took 0.040 seconds
[2022-04-18 14:49:45,010] {scheduler_job.py:182} INFO - Started process (PID=3901) to work on /home/airflow/.local/lib/python3.6/site-packages/airflow/example_dags/example_kubernetes_executor.py
[2022-04-18 14:49:45,011] {scheduler_job.py:629} INFO - Processing file /home/airflow/.local/lib/python3.6/site-packages/airflow/example_dags/example_kubernetes_executor.py for tasks to queue
[2022-04-18 14:49:45,011] {logging_mixin.py:104} INFO - [2022-04-18 14:49:45,011] {dagbag.py:448} INFO - Filling up the DagBag from /home/airflow/.local/lib/python3.6/site-packages/airflow/example_dags/example_kubernetes_executor.py
[2022-04-18 14:49:45,020] {scheduler_job.py:639} INFO - DAG(s) dict_keys(['example_kubernetes_executor']) retrieved from /home/airflow/.local/lib/python3.6/site-packages/airflow/example_dags/example_kubernetes_executor.py
[2022-04-18 14:49:45,036] {logging_mixin.py:104} INFO - [2022-04-18 14:49:45,036] {dag.py:1818} INFO - Sync 1 DAGs
[2022-04-18 14:49:45,044] {logging_mixin.py:104} INFO - [2022-04-18 14:49:45,044] {dag.py:2273} INFO - Setting next_dagrun for example_kubernetes_executor to None
[2022-04-18 14:49:45,048] {scheduler_job.py:190} INFO - Processing /home/airflow/.local/lib/python3.6/site-packages/airflow/example_dags/example_kubernetes_executor.py took 0.040 seconds
[2022-04-18 14:50:15,077] {scheduler_job.py:182} INFO - Started process (PID=4036) to work on /home/airflow/.local/lib/python3.6/site-packages/airflow/example_dags/example_kubernetes_executor.py
[2022-04-18 14:50:15,078] {scheduler_job.py:629} INFO - Processing file /home/airflow/.local/lib/python3.6/site-packages/airflow/example_dags/example_kubernetes_executor.py for tasks to queue
[2022-04-18 14:50:15,079] {logging_mixin.py:104} INFO - [2022-04-18 14:50:15,079] {dagbag.py:448} INFO - Filling up the DagBag from /home/airflow/.local/lib/python3.6/site-packages/airflow/example_dags/example_kubernetes_executor.py
[2022-04-18 14:50:15,087] {scheduler_job.py:639} INFO - DAG(s) dict_keys(['example_kubernetes_executor']) retrieved from /home/airflow/.local/lib/python3.6/site-packages/airflow/example_dags/example_kubernetes_executor.py
[2022-04-18 14:50:15,103] {logging_mixin.py:104} INFO - [2022-04-18 14:50:15,103] {dag.py:1818} INFO - Sync 1 DAGs
[2022-04-18 14:50:15,112] {logging_mixin.py:104} INFO - [2022-04-18 14:50:15,112] {dag.py:2273} INFO - Setting next_dagrun for example_kubernetes_executor to None
[2022-04-18 14:50:15,116] {scheduler_job.py:190} INFO - Processing /home/airflow/.local/lib/python3.6/site-packages/airflow/example_dags/example_kubernetes_executor.py took 0.040 seconds
[2022-04-18 14:50:45,145] {scheduler_job.py:182} INFO - Started process (PID=4171) to work on /home/airflow/.local/lib/python3.6/site-packages/airflow/example_dags/example_kubernetes_executor.py
[2022-04-18 14:50:45,146] {scheduler_job.py:629} INFO - Processing file /home/airflow/.local/lib/python3.6/site-packages/airflow/example_dags/example_kubernetes_executor.py for tasks to queue
[2022-04-18 14:50:45,146] {logging_mixin.py:104} INFO - [2022-04-18 14:50:45,146] {dagbag.py:448} INFO - Filling up the DagBag from /home/airflow/.local/lib/python3.6/site-packages/airflow/example_dags/example_kubernetes_executor.py
[2022-04-18 14:50:45,155] {scheduler_job.py:639} INFO - DAG(s) dict_keys(['example_kubernetes_executor']) retrieved from /home/airflow/.local/lib/python3.6/site-packages/airflow/example_dags/example_kubernetes_executor.py
[2022-04-18 14:50:45,171] {logging_mixin.py:104} INFO - [2022-04-18 14:50:45,171] {dag.py:1818} INFO - Sync 1 DAGs
[2022-04-18 14:50:45,178] {logging_mixin.py:104} INFO - [2022-04-18 14:50:45,178] {dag.py:2273} INFO - Setting next_dagrun for example_kubernetes_executor to None
[2022-04-18 14:50:45,182] {scheduler_job.py:190} INFO - Processing /home/airflow/.local/lib/python3.6/site-packages/airflow/example_dags/example_kubernetes_executor.py took 0.039 seconds
[2022-04-18 14:51:15,827] {scheduler_job.py:182} INFO - Started process (PID=4307) to work on /home/airflow/.local/lib/python3.6/site-packages/airflow/example_dags/example_kubernetes_executor.py
[2022-04-18 14:51:15,828] {scheduler_job.py:629} INFO - Processing file /home/airflow/.local/lib/python3.6/site-packages/airflow/example_dags/example_kubernetes_executor.py for tasks to queue
[2022-04-18 14:51:15,828] {logging_mixin.py:104} INFO - [2022-04-18 14:51:15,828] {dagbag.py:448} INFO - Filling up the DagBag from /home/airflow/.local/lib/python3.6/site-packages/airflow/example_dags/example_kubernetes_executor.py
[2022-04-18 14:51:15,836] {scheduler_job.py:639} INFO - DAG(s) dict_keys(['example_kubernetes_executor']) retrieved from /home/airflow/.local/lib/python3.6/site-packages/airflow/example_dags/example_kubernetes_executor.py
[2022-04-18 14:51:15,849] {logging_mixin.py:104} INFO - [2022-04-18 14:51:15,849] {dag.py:1818} INFO - Sync 1 DAGs
[2022-04-18 14:51:15,856] {logging_mixin.py:104} INFO - [2022-04-18 14:51:15,856] {dag.py:2273} INFO - Setting next_dagrun for example_kubernetes_executor to None
[2022-04-18 14:51:15,860] {scheduler_job.py:190} INFO - Processing /home/airflow/.local/lib/python3.6/site-packages/airflow/example_dags/example_kubernetes_executor.py took 0.035 seconds
[2022-04-18 14:51:46,571] {scheduler_job.py:182} INFO - Started process (PID=4441) to work on /home/airflow/.local/lib/python3.6/site-packages/airflow/example_dags/example_kubernetes_executor.py
[2022-04-18 14:51:46,571] {scheduler_job.py:629} INFO - Processing file /home/airflow/.local/lib/python3.6/site-packages/airflow/example_dags/example_kubernetes_executor.py for tasks to queue
[2022-04-18 14:51:46,572] {logging_mixin.py:104} INFO - [2022-04-18 14:51:46,572] {dagbag.py:448} INFO - Filling up the DagBag from /home/airflow/.local/lib/python3.6/site-packages/airflow/example_dags/example_kubernetes_executor.py
[2022-04-18 14:51:46,579] {scheduler_job.py:639} INFO - DAG(s) dict_keys(['example_kubernetes_executor']) retrieved from /home/airflow/.local/lib/python3.6/site-packages/airflow/example_dags/example_kubernetes_executor.py
[2022-04-18 14:51:46,593] {logging_mixin.py:104} INFO - [2022-04-18 14:51:46,593] {dag.py:1818} INFO - Sync 1 DAGs
[2022-04-18 14:51:46,600] {logging_mixin.py:104} INFO - [2022-04-18 14:51:46,600] {dag.py:2273} INFO - Setting next_dagrun for example_kubernetes_executor to None
[2022-04-18 14:51:46,604] {scheduler_job.py:190} INFO - Processing /home/airflow/.local/lib/python3.6/site-packages/airflow/example_dags/example_kubernetes_executor.py took 0.035 seconds
[2022-04-18 14:52:17,248] {scheduler_job.py:182} INFO - Started process (PID=4576) to work on /home/airflow/.local/lib/python3.6/site-packages/airflow/example_dags/example_kubernetes_executor.py
[2022-04-18 14:52:17,249] {scheduler_job.py:629} INFO - Processing file /home/airflow/.local/lib/python3.6/site-packages/airflow/example_dags/example_kubernetes_executor.py for tasks to queue
[2022-04-18 14:52:17,250] {logging_mixin.py:104} INFO - [2022-04-18 14:52:17,250] {dagbag.py:448} INFO - Filling up the DagBag from /home/airflow/.local/lib/python3.6/site-packages/airflow/example_dags/example_kubernetes_executor.py
[2022-04-18 14:52:17,257] {scheduler_job.py:639} INFO - DAG(s) dict_keys(['example_kubernetes_executor']) retrieved from /home/airflow/.local/lib/python3.6/site-packages/airflow/example_dags/example_kubernetes_executor.py
[2022-04-18 14:52:17,270] {logging_mixin.py:104} INFO - [2022-04-18 14:52:17,270] {dag.py:1818} INFO - Sync 1 DAGs
[2022-04-18 14:52:17,279] {logging_mixin.py:104} INFO - [2022-04-18 14:52:17,279] {dag.py:2273} INFO - Setting next_dagrun for example_kubernetes_executor to None
[2022-04-18 14:52:17,283] {scheduler_job.py:190} INFO - Processing /home/airflow/.local/lib/python3.6/site-packages/airflow/example_dags/example_kubernetes_executor.py took 0.037 seconds
[2022-04-18 14:52:47,927] {scheduler_job.py:182} INFO - Started process (PID=4711) to work on /home/airflow/.local/lib/python3.6/site-packages/airflow/example_dags/example_kubernetes_executor.py
[2022-04-18 14:52:47,928] {scheduler_job.py:629} INFO - Processing file /home/airflow/.local/lib/python3.6/site-packages/airflow/example_dags/example_kubernetes_executor.py for tasks to queue
[2022-04-18 14:52:47,928] {logging_mixin.py:104} INFO - [2022-04-18 14:52:47,928] {dagbag.py:448} INFO - Filling up the DagBag from /home/airflow/.local/lib/python3.6/site-packages/airflow/example_dags/example_kubernetes_executor.py
[2022-04-18 14:52:47,938] {scheduler_job.py:639} INFO - DAG(s) dict_keys(['example_kubernetes_executor']) retrieved from /home/airflow/.local/lib/python3.6/site-packages/airflow/example_dags/example_kubernetes_executor.py
[2022-04-18 14:52:47,949] {logging_mixin.py:104} INFO - [2022-04-18 14:52:47,949] {dag.py:1818} INFO - Sync 1 DAGs
[2022-04-18 14:52:47,958] {logging_mixin.py:104} INFO - [2022-04-18 14:52:47,958] {dag.py:2273} INFO - Setting next_dagrun for example_kubernetes_executor to None
[2022-04-18 14:52:47,962] {scheduler_job.py:190} INFO - Processing /home/airflow/.local/lib/python3.6/site-packages/airflow/example_dags/example_kubernetes_executor.py took 0.037 seconds
[2022-04-18 14:53:18,605] {scheduler_job.py:182} INFO - Started process (PID=4846) to work on /home/airflow/.local/lib/python3.6/site-packages/airflow/example_dags/example_kubernetes_executor.py
[2022-04-18 14:53:18,606] {scheduler_job.py:629} INFO - Processing file /home/airflow/.local/lib/python3.6/site-packages/airflow/example_dags/example_kubernetes_executor.py for tasks to queue
[2022-04-18 14:53:18,607] {logging_mixin.py:104} INFO - [2022-04-18 14:53:18,607] {dagbag.py:448} INFO - Filling up the DagBag from /home/airflow/.local/lib/python3.6/site-packages/airflow/example_dags/example_kubernetes_executor.py
[2022-04-18 14:53:18,613] {scheduler_job.py:639} INFO - DAG(s) dict_keys(['example_kubernetes_executor']) retrieved from /home/airflow/.local/lib/python3.6/site-packages/airflow/example_dags/example_kubernetes_executor.py
[2022-04-18 14:53:18,628] {logging_mixin.py:104} INFO - [2022-04-18 14:53:18,627] {dag.py:1818} INFO - Sync 1 DAGs
[2022-04-18 14:53:18,636] {logging_mixin.py:104} INFO - [2022-04-18 14:53:18,636] {dag.py:2273} INFO - Setting next_dagrun for example_kubernetes_executor to None
[2022-04-18 14:53:18,640] {scheduler_job.py:190} INFO - Processing /home/airflow/.local/lib/python3.6/site-packages/airflow/example_dags/example_kubernetes_executor.py took 0.037 seconds
[2022-04-18 14:53:49,345] {scheduler_job.py:182} INFO - Started process (PID=4981) to work on /home/airflow/.local/lib/python3.6/site-packages/airflow/example_dags/example_kubernetes_executor.py
[2022-04-18 14:53:49,345] {scheduler_job.py:629} INFO - Processing file /home/airflow/.local/lib/python3.6/site-packages/airflow/example_dags/example_kubernetes_executor.py for tasks to queue
[2022-04-18 14:53:49,346] {logging_mixin.py:104} INFO - [2022-04-18 14:53:49,346] {dagbag.py:448} INFO - Filling up the DagBag from /home/airflow/.local/lib/python3.6/site-packages/airflow/example_dags/example_kubernetes_executor.py
[2022-04-18 14:53:49,354] {scheduler_job.py:639} INFO - DAG(s) dict_keys(['example_kubernetes_executor']) retrieved from /home/airflow/.local/lib/python3.6/site-packages/airflow/example_dags/example_kubernetes_executor.py
[2022-04-18 14:53:49,365] {logging_mixin.py:104} INFO - [2022-04-18 14:53:49,365] {dag.py:1818} INFO - Sync 1 DAGs
[2022-04-18 14:53:49,374] {logging_mixin.py:104} INFO - [2022-04-18 14:53:49,374] {dag.py:2273} INFO - Setting next_dagrun for example_kubernetes_executor to None
[2022-04-18 14:53:49,378] {scheduler_job.py:190} INFO - Processing /home/airflow/.local/lib/python3.6/site-packages/airflow/example_dags/example_kubernetes_executor.py took 0.036 seconds
[2022-04-18 14:54:20,030] {scheduler_job.py:182} INFO - Started process (PID=5116) to work on /home/airflow/.local/lib/python3.6/site-packages/airflow/example_dags/example_kubernetes_executor.py
[2022-04-18 14:54:20,031] {scheduler_job.py:629} INFO - Processing file /home/airflow/.local/lib/python3.6/site-packages/airflow/example_dags/example_kubernetes_executor.py for tasks to queue
[2022-04-18 14:54:20,032] {logging_mixin.py:104} INFO - [2022-04-18 14:54:20,032] {dagbag.py:448} INFO - Filling up the DagBag from /home/airflow/.local/lib/python3.6/site-packages/airflow/example_dags/example_kubernetes_executor.py
[2022-04-18 14:54:20,039] {scheduler_job.py:639} INFO - DAG(s) dict_keys(['example_kubernetes_executor']) retrieved from /home/airflow/.local/lib/python3.6/site-packages/airflow/example_dags/example_kubernetes_executor.py
[2022-04-18 14:54:20,054] {logging_mixin.py:104} INFO - [2022-04-18 14:54:20,054] {dag.py:1818} INFO - Sync 1 DAGs
[2022-04-18 14:54:20,061] {logging_mixin.py:104} INFO - [2022-04-18 14:54:20,061] {dag.py:2273} INFO - Setting next_dagrun for example_kubernetes_executor to None
[2022-04-18 14:54:20,065] {scheduler_job.py:190} INFO - Processing /home/airflow/.local/lib/python3.6/site-packages/airflow/example_dags/example_kubernetes_executor.py took 0.037 seconds
[2022-04-18 14:54:50,706] {scheduler_job.py:182} INFO - Started process (PID=5251) to work on /home/airflow/.local/lib/python3.6/site-packages/airflow/example_dags/example_kubernetes_executor.py
[2022-04-18 14:54:50,707] {scheduler_job.py:629} INFO - Processing file /home/airflow/.local/lib/python3.6/site-packages/airflow/example_dags/example_kubernetes_executor.py for tasks to queue
[2022-04-18 14:54:50,707] {logging_mixin.py:104} INFO - [2022-04-18 14:54:50,707] {dagbag.py:448} INFO - Filling up the DagBag from /home/airflow/.local/lib/python3.6/site-packages/airflow/example_dags/example_kubernetes_executor.py
[2022-04-18 14:54:50,715] {scheduler_job.py:639} INFO - DAG(s) dict_keys(['example_kubernetes_executor']) retrieved from /home/airflow/.local/lib/python3.6/site-packages/airflow/example_dags/example_kubernetes_executor.py
[2022-04-18 14:54:50,725] {logging_mixin.py:104} INFO - [2022-04-18 14:54:50,725] {dag.py:1818} INFO - Sync 1 DAGs
[2022-04-18 14:54:50,732] {logging_mixin.py:104} INFO - [2022-04-18 14:54:50,732] {dag.py:2273} INFO - Setting next_dagrun for example_kubernetes_executor to None
[2022-04-18 14:54:50,736] {scheduler_job.py:190} INFO - Processing /home/airflow/.local/lib/python3.6/site-packages/airflow/example_dags/example_kubernetes_executor.py took 0.032 seconds
[2022-04-18 14:55:21,451] {scheduler_job.py:182} INFO - Started process (PID=5386) to work on /home/airflow/.local/lib/python3.6/site-packages/airflow/example_dags/example_kubernetes_executor.py
[2022-04-18 14:55:21,452] {scheduler_job.py:629} INFO - Processing file /home/airflow/.local/lib/python3.6/site-packages/airflow/example_dags/example_kubernetes_executor.py for tasks to queue
[2022-04-18 14:55:21,453] {logging_mixin.py:104} INFO - [2022-04-18 14:55:21,453] {dagbag.py:448} INFO - Filling up the DagBag from /home/airflow/.local/lib/python3.6/site-packages/airflow/example_dags/example_kubernetes_executor.py
[2022-04-18 14:55:21,460] {scheduler_job.py:639} INFO - DAG(s) dict_keys(['example_kubernetes_executor']) retrieved from /home/airflow/.local/lib/python3.6/site-packages/airflow/example_dags/example_kubernetes_executor.py
[2022-04-18 14:55:21,477] {logging_mixin.py:104} INFO - [2022-04-18 14:55:21,477] {dag.py:1818} INFO - Sync 1 DAGs
[2022-04-18 14:55:21,487] {logging_mixin.py:104} INFO - [2022-04-18 14:55:21,487] {dag.py:2273} INFO - Setting next_dagrun for example_kubernetes_executor to None
[2022-04-18 14:55:21,493] {scheduler_job.py:190} INFO - Processing /home/airflow/.local/lib/python3.6/site-packages/airflow/example_dags/example_kubernetes_executor.py took 0.044 seconds
[2022-04-18 14:55:52,130] {scheduler_job.py:182} INFO - Started process (PID=5521) to work on /home/airflow/.local/lib/python3.6/site-packages/airflow/example_dags/example_kubernetes_executor.py
[2022-04-18 14:55:52,131] {scheduler_job.py:629} INFO - Processing file /home/airflow/.local/lib/python3.6/site-packages/airflow/example_dags/example_kubernetes_executor.py for tasks to queue
[2022-04-18 14:55:52,132] {logging_mixin.py:104} INFO - [2022-04-18 14:55:52,132] {dagbag.py:448} INFO - Filling up the DagBag from /home/airflow/.local/lib/python3.6/site-packages/airflow/example_dags/example_kubernetes_executor.py
[2022-04-18 14:55:52,138] {scheduler_job.py:639} INFO - DAG(s) dict_keys(['example_kubernetes_executor']) retrieved from /home/airflow/.local/lib/python3.6/site-packages/airflow/example_dags/example_kubernetes_executor.py
[2022-04-18 14:55:52,153] {logging_mixin.py:104} INFO - [2022-04-18 14:55:52,153] {dag.py:1818} INFO - Sync 1 DAGs
[2022-04-18 14:55:52,160] {logging_mixin.py:104} INFO - [2022-04-18 14:55:52,160] {dag.py:2273} INFO - Setting next_dagrun for example_kubernetes_executor to None
[2022-04-18 14:55:52,164] {scheduler_job.py:190} INFO - Processing /home/airflow/.local/lib/python3.6/site-packages/airflow/example_dags/example_kubernetes_executor.py took 0.036 seconds
[2022-04-18 14:56:22,822] {scheduler_job.py:182} INFO - Started process (PID=5656) to work on /home/airflow/.local/lib/python3.6/site-packages/airflow/example_dags/example_kubernetes_executor.py
[2022-04-18 14:56:22,823] {scheduler_job.py:629} INFO - Processing file /home/airflow/.local/lib/python3.6/site-packages/airflow/example_dags/example_kubernetes_executor.py for tasks to queue
[2022-04-18 14:56:22,823] {logging_mixin.py:104} INFO - [2022-04-18 14:56:22,823] {dagbag.py:448} INFO - Filling up the DagBag from /home/airflow/.local/lib/python3.6/site-packages/airflow/example_dags/example_kubernetes_executor.py
[2022-04-18 14:56:22,828] {scheduler_job.py:639} INFO - DAG(s) dict_keys(['example_kubernetes_executor']) retrieved from /home/airflow/.local/lib/python3.6/site-packages/airflow/example_dags/example_kubernetes_executor.py
[2022-04-18 14:56:22,844] {logging_mixin.py:104} INFO - [2022-04-18 14:56:22,844] {dag.py:1818} INFO - Sync 1 DAGs
[2022-04-18 14:56:22,853] {logging_mixin.py:104} INFO - [2022-04-18 14:56:22,853] {dag.py:2273} INFO - Setting next_dagrun for example_kubernetes_executor to None
[2022-04-18 14:56:22,857] {scheduler_job.py:190} INFO - Processing /home/airflow/.local/lib/python3.6/site-packages/airflow/example_dags/example_kubernetes_executor.py took 0.037 seconds
[2022-04-18 14:56:53,494] {scheduler_job.py:182} INFO - Started process (PID=5791) to work on /home/airflow/.local/lib/python3.6/site-packages/airflow/example_dags/example_kubernetes_executor.py
[2022-04-18 14:56:53,495] {scheduler_job.py:629} INFO - Processing file /home/airflow/.local/lib/python3.6/site-packages/airflow/example_dags/example_kubernetes_executor.py for tasks to queue
[2022-04-18 14:56:53,495] {logging_mixin.py:104} INFO - [2022-04-18 14:56:53,495] {dagbag.py:448} INFO - Filling up the DagBag from /home/airflow/.local/lib/python3.6/site-packages/airflow/example_dags/example_kubernetes_executor.py
[2022-04-18 14:56:53,503] {scheduler_job.py:639} INFO - DAG(s) dict_keys(['example_kubernetes_executor']) retrieved from /home/airflow/.local/lib/python3.6/site-packages/airflow/example_dags/example_kubernetes_executor.py
[2022-04-18 14:56:53,513] {logging_mixin.py:104} INFO - [2022-04-18 14:56:53,512] {dag.py:1818} INFO - Sync 1 DAGs
[2022-04-18 14:56:53,520] {logging_mixin.py:104} INFO - [2022-04-18 14:56:53,520] {dag.py:2273} INFO - Setting next_dagrun for example_kubernetes_executor to None
[2022-04-18 14:56:53,524] {scheduler_job.py:190} INFO - Processing /home/airflow/.local/lib/python3.6/site-packages/airflow/example_dags/example_kubernetes_executor.py took 0.032 seconds
[2022-04-18 14:57:24,258] {scheduler_job.py:182} INFO - Started process (PID=5927) to work on /home/airflow/.local/lib/python3.6/site-packages/airflow/example_dags/example_kubernetes_executor.py
[2022-04-18 14:57:24,259] {scheduler_job.py:629} INFO - Processing file /home/airflow/.local/lib/python3.6/site-packages/airflow/example_dags/example_kubernetes_executor.py for tasks to queue
[2022-04-18 14:57:24,260] {logging_mixin.py:104} INFO - [2022-04-18 14:57:24,260] {dagbag.py:448} INFO - Filling up the DagBag from /home/airflow/.local/lib/python3.6/site-packages/airflow/example_dags/example_kubernetes_executor.py
[2022-04-18 14:57:24,268] {scheduler_job.py:639} INFO - DAG(s) dict_keys(['example_kubernetes_executor']) retrieved from /home/airflow/.local/lib/python3.6/site-packages/airflow/example_dags/example_kubernetes_executor.py
[2022-04-18 14:57:24,280] {logging_mixin.py:104} INFO - [2022-04-18 14:57:24,280] {dag.py:1818} INFO - Sync 1 DAGs
[2022-04-18 14:57:24,290] {logging_mixin.py:104} INFO - [2022-04-18 14:57:24,290] {dag.py:2273} INFO - Setting next_dagrun for example_kubernetes_executor to None
[2022-04-18 14:57:24,294] {scheduler_job.py:190} INFO - Processing /home/airflow/.local/lib/python3.6/site-packages/airflow/example_dags/example_kubernetes_executor.py took 0.038 seconds
[2022-04-18 14:57:54,973] {scheduler_job.py:182} INFO - Started process (PID=6061) to work on /home/airflow/.local/lib/python3.6/site-packages/airflow/example_dags/example_kubernetes_executor.py
[2022-04-18 14:57:54,974] {scheduler_job.py:629} INFO - Processing file /home/airflow/.local/lib/python3.6/site-packages/airflow/example_dags/example_kubernetes_executor.py for tasks to queue
[2022-04-18 14:57:54,975] {logging_mixin.py:104} INFO - [2022-04-18 14:57:54,975] {dagbag.py:448} INFO - Filling up the DagBag from /home/airflow/.local/lib/python3.6/site-packages/airflow/example_dags/example_kubernetes_executor.py
[2022-04-18 14:57:54,985] {scheduler_job.py:639} INFO - DAG(s) dict_keys(['example_kubernetes_executor']) retrieved from /home/airflow/.local/lib/python3.6/site-packages/airflow/example_dags/example_kubernetes_executor.py
[2022-04-18 14:57:54,999] {logging_mixin.py:104} INFO - [2022-04-18 14:57:54,999] {dag.py:1818} INFO - Sync 1 DAGs
[2022-04-18 14:57:55,009] {logging_mixin.py:104} INFO - [2022-04-18 14:57:55,009] {dag.py:2273} INFO - Setting next_dagrun for example_kubernetes_executor to None
[2022-04-18 14:57:55,013] {scheduler_job.py:190} INFO - Processing /home/airflow/.local/lib/python3.6/site-packages/airflow/example_dags/example_kubernetes_executor.py took 0.041 seconds
[2022-04-18 14:58:25,672] {scheduler_job.py:182} INFO - Started process (PID=6196) to work on /home/airflow/.local/lib/python3.6/site-packages/airflow/example_dags/example_kubernetes_executor.py
[2022-04-18 14:58:25,673] {scheduler_job.py:629} INFO - Processing file /home/airflow/.local/lib/python3.6/site-packages/airflow/example_dags/example_kubernetes_executor.py for tasks to queue
[2022-04-18 14:58:25,674] {logging_mixin.py:104} INFO - [2022-04-18 14:58:25,674] {dagbag.py:448} INFO - Filling up the DagBag from /home/airflow/.local/lib/python3.6/site-packages/airflow/example_dags/example_kubernetes_executor.py
[2022-04-18 14:58:25,682] {scheduler_job.py:639} INFO - DAG(s) dict_keys(['example_kubernetes_executor']) retrieved from /home/airflow/.local/lib/python3.6/site-packages/airflow/example_dags/example_kubernetes_executor.py
[2022-04-18 14:58:25,695] {logging_mixin.py:104} INFO - [2022-04-18 14:58:25,695] {dag.py:1818} INFO - Sync 1 DAGs
[2022-04-18 14:58:25,703] {logging_mixin.py:104} INFO - [2022-04-18 14:58:25,703] {dag.py:2273} INFO - Setting next_dagrun for example_kubernetes_executor to None
[2022-04-18 14:58:25,707] {scheduler_job.py:190} INFO - Processing /home/airflow/.local/lib/python3.6/site-packages/airflow/example_dags/example_kubernetes_executor.py took 0.038 seconds
[2022-04-18 14:58:56,345] {scheduler_job.py:182} INFO - Started process (PID=6331) to work on /home/airflow/.local/lib/python3.6/site-packages/airflow/example_dags/example_kubernetes_executor.py
[2022-04-18 14:58:56,346] {scheduler_job.py:629} INFO - Processing file /home/airflow/.local/lib/python3.6/site-packages/airflow/example_dags/example_kubernetes_executor.py for tasks to queue
[2022-04-18 14:58:56,347] {logging_mixin.py:104} INFO - [2022-04-18 14:58:56,347] {dagbag.py:448} INFO - Filling up the DagBag from /home/airflow/.local/lib/python3.6/site-packages/airflow/example_dags/example_kubernetes_executor.py
[2022-04-18 14:58:56,353] {scheduler_job.py:639} INFO - DAG(s) dict_keys(['example_kubernetes_executor']) retrieved from /home/airflow/.local/lib/python3.6/site-packages/airflow/example_dags/example_kubernetes_executor.py
[2022-04-18 14:58:56,367] {logging_mixin.py:104} INFO - [2022-04-18 14:58:56,367] {dag.py:1818} INFO - Sync 1 DAGs
[2022-04-18 14:58:56,375] {logging_mixin.py:104} INFO - [2022-04-18 14:58:56,375] {dag.py:2273} INFO - Setting next_dagrun for example_kubernetes_executor to None
[2022-04-18 14:58:56,379] {scheduler_job.py:190} INFO - Processing /home/airflow/.local/lib/python3.6/site-packages/airflow/example_dags/example_kubernetes_executor.py took 0.036 seconds
[2022-04-18 14:59:27,013] {scheduler_job.py:182} INFO - Started process (PID=6466) to work on /home/airflow/.local/lib/python3.6/site-packages/airflow/example_dags/example_kubernetes_executor.py
[2022-04-18 14:59:27,014] {scheduler_job.py:629} INFO - Processing file /home/airflow/.local/lib/python3.6/site-packages/airflow/example_dags/example_kubernetes_executor.py for tasks to queue
[2022-04-18 14:59:27,015] {logging_mixin.py:104} INFO - [2022-04-18 14:59:27,015] {dagbag.py:448} INFO - Filling up the DagBag from /home/airflow/.local/lib/python3.6/site-packages/airflow/example_dags/example_kubernetes_executor.py
[2022-04-18 14:59:27,023] {scheduler_job.py:639} INFO - DAG(s) dict_keys(['example_kubernetes_executor']) retrieved from /home/airflow/.local/lib/python3.6/site-packages/airflow/example_dags/example_kubernetes_executor.py
[2022-04-18 14:59:27,035] {logging_mixin.py:104} INFO - [2022-04-18 14:59:27,035] {dag.py:1818} INFO - Sync 1 DAGs
[2022-04-18 14:59:27,042] {logging_mixin.py:104} INFO - [2022-04-18 14:59:27,042] {dag.py:2273} INFO - Setting next_dagrun for example_kubernetes_executor to None
[2022-04-18 14:59:27,046] {scheduler_job.py:190} INFO - Processing /home/airflow/.local/lib/python3.6/site-packages/airflow/example_dags/example_kubernetes_executor.py took 0.035 seconds
[2022-04-18 14:59:57,692] {scheduler_job.py:182} INFO - Started process (PID=6601) to work on /home/airflow/.local/lib/python3.6/site-packages/airflow/example_dags/example_kubernetes_executor.py
[2022-04-18 14:59:57,692] {scheduler_job.py:629} INFO - Processing file /home/airflow/.local/lib/python3.6/site-packages/airflow/example_dags/example_kubernetes_executor.py for tasks to queue
[2022-04-18 14:59:57,693] {logging_mixin.py:104} INFO - [2022-04-18 14:59:57,693] {dagbag.py:448} INFO - Filling up the DagBag from /home/airflow/.local/lib/python3.6/site-packages/airflow/example_dags/example_kubernetes_executor.py
[2022-04-18 14:59:57,701] {scheduler_job.py:639} INFO - DAG(s) dict_keys(['example_kubernetes_executor']) retrieved from /home/airflow/.local/lib/python3.6/site-packages/airflow/example_dags/example_kubernetes_executor.py
[2022-04-18 14:59:57,713] {logging_mixin.py:104} INFO - [2022-04-18 14:59:57,713] {dag.py:1818} INFO - Sync 1 DAGs
[2022-04-18 14:59:57,721] {logging_mixin.py:104} INFO - [2022-04-18 14:59:57,721] {dag.py:2273} INFO - Setting next_dagrun for example_kubernetes_executor to None
[2022-04-18 14:59:57,725] {scheduler_job.py:190} INFO - Processing /home/airflow/.local/lib/python3.6/site-packages/airflow/example_dags/example_kubernetes_executor.py took 0.036 seconds
[2022-04-18 15:00:28,380] {scheduler_job.py:182} INFO - Started process (PID=6736) to work on /home/airflow/.local/lib/python3.6/site-packages/airflow/example_dags/example_kubernetes_executor.py
[2022-04-18 15:00:28,380] {scheduler_job.py:629} INFO - Processing file /home/airflow/.local/lib/python3.6/site-packages/airflow/example_dags/example_kubernetes_executor.py for tasks to queue
[2022-04-18 15:00:28,381] {logging_mixin.py:104} INFO - [2022-04-18 15:00:28,381] {dagbag.py:448} INFO - Filling up the DagBag from /home/airflow/.local/lib/python3.6/site-packages/airflow/example_dags/example_kubernetes_executor.py
[2022-04-18 15:00:28,388] {scheduler_job.py:639} INFO - DAG(s) dict_keys(['example_kubernetes_executor']) retrieved from /home/airflow/.local/lib/python3.6/site-packages/airflow/example_dags/example_kubernetes_executor.py
[2022-04-18 15:00:28,401] {logging_mixin.py:104} INFO - [2022-04-18 15:00:28,401] {dag.py:1818} INFO - Sync 1 DAGs
[2022-04-18 15:00:28,408] {logging_mixin.py:104} INFO - [2022-04-18 15:00:28,408] {dag.py:2273} INFO - Setting next_dagrun for example_kubernetes_executor to None
[2022-04-18 15:00:28,412] {scheduler_job.py:190} INFO - Processing /home/airflow/.local/lib/python3.6/site-packages/airflow/example_dags/example_kubernetes_executor.py took 0.035 seconds
[2022-04-18 15:00:59,057] {scheduler_job.py:182} INFO - Started process (PID=6871) to work on /home/airflow/.local/lib/python3.6/site-packages/airflow/example_dags/example_kubernetes_executor.py
[2022-04-18 15:00:59,057] {scheduler_job.py:629} INFO - Processing file /home/airflow/.local/lib/python3.6/site-packages/airflow/example_dags/example_kubernetes_executor.py for tasks to queue
[2022-04-18 15:00:59,058] {logging_mixin.py:104} INFO - [2022-04-18 15:00:59,058] {dagbag.py:448} INFO - Filling up the DagBag from /home/airflow/.local/lib/python3.6/site-packages/airflow/example_dags/example_kubernetes_executor.py
[2022-04-18 15:00:59,067] {scheduler_job.py:639} INFO - DAG(s) dict_keys(['example_kubernetes_executor']) retrieved from /home/airflow/.local/lib/python3.6/site-packages/airflow/example_dags/example_kubernetes_executor.py
[2022-04-18 15:00:59,079] {logging_mixin.py:104} INFO - [2022-04-18 15:00:59,079] {dag.py:1818} INFO - Sync 1 DAGs
[2022-04-18 15:00:59,086] {logging_mixin.py:104} INFO - [2022-04-18 15:00:59,086] {dag.py:2273} INFO - Setting next_dagrun for example_kubernetes_executor to None
[2022-04-18 15:00:59,090] {scheduler_job.py:190} INFO - Processing /home/airflow/.local/lib/python3.6/site-packages/airflow/example_dags/example_kubernetes_executor.py took 0.036 seconds
[2022-04-18 15:01:29,747] {scheduler_job.py:182} INFO - Started process (PID=7007) to work on /home/airflow/.local/lib/python3.6/site-packages/airflow/example_dags/example_kubernetes_executor.py
[2022-04-18 15:01:29,748] {scheduler_job.py:629} INFO - Processing file /home/airflow/.local/lib/python3.6/site-packages/airflow/example_dags/example_kubernetes_executor.py for tasks to queue
[2022-04-18 15:01:29,749] {logging_mixin.py:104} INFO - [2022-04-18 15:01:29,749] {dagbag.py:448} INFO - Filling up the DagBag from /home/airflow/.local/lib/python3.6/site-packages/airflow/example_dags/example_kubernetes_executor.py
[2022-04-18 15:01:29,756] {scheduler_job.py:639} INFO - DAG(s) dict_keys(['example_kubernetes_executor']) retrieved from /home/airflow/.local/lib/python3.6/site-packages/airflow/example_dags/example_kubernetes_executor.py
[2022-04-18 15:01:29,769] {logging_mixin.py:104} INFO - [2022-04-18 15:01:29,769] {dag.py:1818} INFO - Sync 1 DAGs
[2022-04-18 15:01:29,777] {logging_mixin.py:104} INFO - [2022-04-18 15:01:29,777] {dag.py:2273} INFO - Setting next_dagrun for example_kubernetes_executor to None
[2022-04-18 15:01:29,781] {scheduler_job.py:190} INFO - Processing /home/airflow/.local/lib/python3.6/site-packages/airflow/example_dags/example_kubernetes_executor.py took 0.036 seconds
[2022-04-18 15:02:00,505] {scheduler_job.py:182} INFO - Started process (PID=7141) to work on /home/airflow/.local/lib/python3.6/site-packages/airflow/example_dags/example_kubernetes_executor.py
[2022-04-18 15:02:00,506] {scheduler_job.py:629} INFO - Processing file /home/airflow/.local/lib/python3.6/site-packages/airflow/example_dags/example_kubernetes_executor.py for tasks to queue
[2022-04-18 15:02:00,506] {logging_mixin.py:104} INFO - [2022-04-18 15:02:00,506] {dagbag.py:448} INFO - Filling up the DagBag from /home/airflow/.local/lib/python3.6/site-packages/airflow/example_dags/example_kubernetes_executor.py
[2022-04-18 15:02:00,514] {scheduler_job.py:639} INFO - DAG(s) dict_keys(['example_kubernetes_executor']) retrieved from /home/airflow/.local/lib/python3.6/site-packages/airflow/example_dags/example_kubernetes_executor.py
[2022-04-18 15:02:00,524] {logging_mixin.py:104} INFO - [2022-04-18 15:02:00,524] {dag.py:1818} INFO - Sync 1 DAGs
[2022-04-18 15:02:00,531] {logging_mixin.py:104} INFO - [2022-04-18 15:02:00,531] {dag.py:2273} INFO - Setting next_dagrun for example_kubernetes_executor to None
[2022-04-18 15:02:00,536] {scheduler_job.py:190} INFO - Processing /home/airflow/.local/lib/python3.6/site-packages/airflow/example_dags/example_kubernetes_executor.py took 0.033 seconds
[2022-04-18 15:02:31,182] {scheduler_job.py:182} INFO - Started process (PID=7276) to work on /home/airflow/.local/lib/python3.6/site-packages/airflow/example_dags/example_kubernetes_executor.py
[2022-04-18 15:02:31,183] {scheduler_job.py:629} INFO - Processing file /home/airflow/.local/lib/python3.6/site-packages/airflow/example_dags/example_kubernetes_executor.py for tasks to queue
[2022-04-18 15:02:31,184] {logging_mixin.py:104} INFO - [2022-04-18 15:02:31,184] {dagbag.py:448} INFO - Filling up the DagBag from /home/airflow/.local/lib/python3.6/site-packages/airflow/example_dags/example_kubernetes_executor.py
[2022-04-18 15:02:31,189] {scheduler_job.py:639} INFO - DAG(s) dict_keys(['example_kubernetes_executor']) retrieved from /home/airflow/.local/lib/python3.6/site-packages/airflow/example_dags/example_kubernetes_executor.py
[2022-04-18 15:02:31,206] {logging_mixin.py:104} INFO - [2022-04-18 15:02:31,206] {dag.py:1818} INFO - Sync 1 DAGs
[2022-04-18 15:02:31,216] {logging_mixin.py:104} INFO - [2022-04-18 15:02:31,216] {dag.py:2273} INFO - Setting next_dagrun for example_kubernetes_executor to None
[2022-04-18 15:02:31,221] {scheduler_job.py:190} INFO - Processing /home/airflow/.local/lib/python3.6/site-packages/airflow/example_dags/example_kubernetes_executor.py took 0.041 seconds
[2022-04-18 15:03:01,874] {scheduler_job.py:182} INFO - Started process (PID=7411) to work on /home/airflow/.local/lib/python3.6/site-packages/airflow/example_dags/example_kubernetes_executor.py
[2022-04-18 15:03:01,874] {scheduler_job.py:629} INFO - Processing file /home/airflow/.local/lib/python3.6/site-packages/airflow/example_dags/example_kubernetes_executor.py for tasks to queue
[2022-04-18 15:03:01,875] {logging_mixin.py:104} INFO - [2022-04-18 15:03:01,875] {dagbag.py:448} INFO - Filling up the DagBag from /home/airflow/.local/lib/python3.6/site-packages/airflow/example_dags/example_kubernetes_executor.py
[2022-04-18 15:03:01,883] {scheduler_job.py:639} INFO - DAG(s) dict_keys(['example_kubernetes_executor']) retrieved from /home/airflow/.local/lib/python3.6/site-packages/airflow/example_dags/example_kubernetes_executor.py
[2022-04-18 15:03:01,896] {logging_mixin.py:104} INFO - [2022-04-18 15:03:01,896] {dag.py:1818} INFO - Sync 1 DAGs
[2022-04-18 15:03:01,903] {logging_mixin.py:104} INFO - [2022-04-18 15:03:01,903] {dag.py:2273} INFO - Setting next_dagrun for example_kubernetes_executor to None
[2022-04-18 15:03:01,907] {scheduler_job.py:190} INFO - Processing /home/airflow/.local/lib/python3.6/site-packages/airflow/example_dags/example_kubernetes_executor.py took 0.036 seconds
[2022-04-18 15:03:32,558] {scheduler_job.py:182} INFO - Started process (PID=7546) to work on /home/airflow/.local/lib/python3.6/site-packages/airflow/example_dags/example_kubernetes_executor.py
[2022-04-18 15:03:32,559] {scheduler_job.py:629} INFO - Processing file /home/airflow/.local/lib/python3.6/site-packages/airflow/example_dags/example_kubernetes_executor.py for tasks to queue
[2022-04-18 15:03:32,560] {logging_mixin.py:104} INFO - [2022-04-18 15:03:32,559] {dagbag.py:448} INFO - Filling up the DagBag from /home/airflow/.local/lib/python3.6/site-packages/airflow/example_dags/example_kubernetes_executor.py
[2022-04-18 15:03:32,567] {scheduler_job.py:639} INFO - DAG(s) dict_keys(['example_kubernetes_executor']) retrieved from /home/airflow/.local/lib/python3.6/site-packages/airflow/example_dags/example_kubernetes_executor.py
[2022-04-18 15:03:32,583] {logging_mixin.py:104} INFO - [2022-04-18 15:03:32,582] {dag.py:1818} INFO - Sync 1 DAGs
[2022-04-18 15:03:32,590] {logging_mixin.py:104} INFO - [2022-04-18 15:03:32,590] {dag.py:2273} INFO - Setting next_dagrun for example_kubernetes_executor to None
[2022-04-18 15:03:32,594] {scheduler_job.py:190} INFO - Processing /home/airflow/.local/lib/python3.6/site-packages/airflow/example_dags/example_kubernetes_executor.py took 0.039 seconds
[2022-04-18 15:04:03,214] {scheduler_job.py:182} INFO - Started process (PID=7681) to work on /home/airflow/.local/lib/python3.6/site-packages/airflow/example_dags/example_kubernetes_executor.py
[2022-04-18 15:04:03,215] {scheduler_job.py:629} INFO - Processing file /home/airflow/.local/lib/python3.6/site-packages/airflow/example_dags/example_kubernetes_executor.py for tasks to queue
[2022-04-18 15:04:03,216] {logging_mixin.py:104} INFO - [2022-04-18 15:04:03,216] {dagbag.py:448} INFO - Filling up the DagBag from /home/airflow/.local/lib/python3.6/site-packages/airflow/example_dags/example_kubernetes_executor.py
[2022-04-18 15:04:03,224] {scheduler_job.py:639} INFO - DAG(s) dict_keys(['example_kubernetes_executor']) retrieved from /home/airflow/.local/lib/python3.6/site-packages/airflow/example_dags/example_kubernetes_executor.py
[2022-04-18 15:04:03,237] {logging_mixin.py:104} INFO - [2022-04-18 15:04:03,237] {dag.py:1818} INFO - Sync 1 DAGs
[2022-04-18 15:04:03,244] {logging_mixin.py:104} INFO - [2022-04-18 15:04:03,244] {dag.py:2273} INFO - Setting next_dagrun for example_kubernetes_executor to None
[2022-04-18 15:04:03,248] {scheduler_job.py:190} INFO - Processing /home/airflow/.local/lib/python3.6/site-packages/airflow/example_dags/example_kubernetes_executor.py took 0.036 seconds
[2022-04-18 15:04:33,953] {scheduler_job.py:182} INFO - Started process (PID=7816) to work on /home/airflow/.local/lib/python3.6/site-packages/airflow/example_dags/example_kubernetes_executor.py
[2022-04-18 15:04:33,954] {scheduler_job.py:629} INFO - Processing file /home/airflow/.local/lib/python3.6/site-packages/airflow/example_dags/example_kubernetes_executor.py for tasks to queue
[2022-04-18 15:04:33,954] {logging_mixin.py:104} INFO - [2022-04-18 15:04:33,954] {dagbag.py:448} INFO - Filling up the DagBag from /home/airflow/.local/lib/python3.6/site-packages/airflow/example_dags/example_kubernetes_executor.py
[2022-04-18 15:04:33,963] {scheduler_job.py:639} INFO - DAG(s) dict_keys(['example_kubernetes_executor']) retrieved from /home/airflow/.local/lib/python3.6/site-packages/airflow/example_dags/example_kubernetes_executor.py
[2022-04-18 15:04:33,976] {logging_mixin.py:104} INFO - [2022-04-18 15:04:33,976] {dag.py:1818} INFO - Sync 1 DAGs
[2022-04-18 15:04:33,985] {logging_mixin.py:104} INFO - [2022-04-18 15:04:33,985] {dag.py:2273} INFO - Setting next_dagrun for example_kubernetes_executor to None
[2022-04-18 15:04:33,989] {scheduler_job.py:190} INFO - Processing /home/airflow/.local/lib/python3.6/site-packages/airflow/example_dags/example_kubernetes_executor.py took 0.038 seconds
[2022-04-18 15:05:04,626] {scheduler_job.py:182} INFO - Started process (PID=7951) to work on /home/airflow/.local/lib/python3.6/site-packages/airflow/example_dags/example_kubernetes_executor.py
[2022-04-18 15:05:04,627] {scheduler_job.py:629} INFO - Processing file /home/airflow/.local/lib/python3.6/site-packages/airflow/example_dags/example_kubernetes_executor.py for tasks to queue
[2022-04-18 15:05:04,628] {logging_mixin.py:104} INFO - [2022-04-18 15:05:04,627] {dagbag.py:448} INFO - Filling up the DagBag from /home/airflow/.local/lib/python3.6/site-packages/airflow/example_dags/example_kubernetes_executor.py
[2022-04-18 15:05:04,634] {scheduler_job.py:639} INFO - DAG(s) dict_keys(['example_kubernetes_executor']) retrieved from /home/airflow/.local/lib/python3.6/site-packages/airflow/example_dags/example_kubernetes_executor.py
[2022-04-18 15:05:04,648] {logging_mixin.py:104} INFO - [2022-04-18 15:05:04,647] {dag.py:1818} INFO - Sync 1 DAGs
[2022-04-18 15:05:04,657] {logging_mixin.py:104} INFO - [2022-04-18 15:05:04,657] {dag.py:2273} INFO - Setting next_dagrun for example_kubernetes_executor to None
[2022-04-18 15:05:04,662] {scheduler_job.py:190} INFO - Processing /home/airflow/.local/lib/python3.6/site-packages/airflow/example_dags/example_kubernetes_executor.py took 0.037 seconds
[2022-04-18 15:05:35,325] {scheduler_job.py:182} INFO - Started process (PID=8086) to work on /home/airflow/.local/lib/python3.6/site-packages/airflow/example_dags/example_kubernetes_executor.py
[2022-04-18 15:05:35,326] {scheduler_job.py:629} INFO - Processing file /home/airflow/.local/lib/python3.6/site-packages/airflow/example_dags/example_kubernetes_executor.py for tasks to queue
[2022-04-18 15:05:35,326] {logging_mixin.py:104} INFO - [2022-04-18 15:05:35,326] {dagbag.py:448} INFO - Filling up the DagBag from /home/airflow/.local/lib/python3.6/site-packages/airflow/example_dags/example_kubernetes_executor.py
[2022-04-18 15:05:35,335] {scheduler_job.py:639} INFO - DAG(s) dict_keys(['example_kubernetes_executor']) retrieved from /home/airflow/.local/lib/python3.6/site-packages/airflow/example_dags/example_kubernetes_executor.py
[2022-04-18 15:05:35,351] {logging_mixin.py:104} INFO - [2022-04-18 15:05:35,351] {dag.py:1818} INFO - Sync 1 DAGs
[2022-04-18 15:05:35,362] {logging_mixin.py:104} INFO - [2022-04-18 15:05:35,362] {dag.py:2273} INFO - Setting next_dagrun for example_kubernetes_executor to None
[2022-04-18 15:05:35,368] {scheduler_job.py:190} INFO - Processing /home/airflow/.local/lib/python3.6/site-packages/airflow/example_dags/example_kubernetes_executor.py took 0.045 seconds
[2022-04-18 15:06:06,009] {scheduler_job.py:182} INFO - Started process (PID=8221) to work on /home/airflow/.local/lib/python3.6/site-packages/airflow/example_dags/example_kubernetes_executor.py
[2022-04-18 15:06:06,010] {scheduler_job.py:629} INFO - Processing file /home/airflow/.local/lib/python3.6/site-packages/airflow/example_dags/example_kubernetes_executor.py for tasks to queue
[2022-04-18 15:06:06,010] {logging_mixin.py:104} INFO - [2022-04-18 15:06:06,010] {dagbag.py:448} INFO - Filling up the DagBag from /home/airflow/.local/lib/python3.6/site-packages/airflow/example_dags/example_kubernetes_executor.py
[2022-04-18 15:06:06,019] {scheduler_job.py:639} INFO - DAG(s) dict_keys(['example_kubernetes_executor']) retrieved from /home/airflow/.local/lib/python3.6/site-packages/airflow/example_dags/example_kubernetes_executor.py
[2022-04-18 15:06:06,034] {logging_mixin.py:104} INFO - [2022-04-18 15:06:06,033] {dag.py:1818} INFO - Sync 1 DAGs
[2022-04-18 15:06:06,041] {logging_mixin.py:104} INFO - [2022-04-18 15:06:06,041] {dag.py:2273} INFO - Setting next_dagrun for example_kubernetes_executor to None
[2022-04-18 15:06:06,045] {scheduler_job.py:190} INFO - Processing /home/airflow/.local/lib/python3.6/site-packages/airflow/example_dags/example_kubernetes_executor.py took 0.038 seconds
[2022-04-18 15:06:36,757] {scheduler_job.py:182} INFO - Started process (PID=8356) to work on /home/airflow/.local/lib/python3.6/site-packages/airflow/example_dags/example_kubernetes_executor.py
[2022-04-18 15:06:36,758] {scheduler_job.py:629} INFO - Processing file /home/airflow/.local/lib/python3.6/site-packages/airflow/example_dags/example_kubernetes_executor.py for tasks to queue
[2022-04-18 15:06:36,758] {logging_mixin.py:104} INFO - [2022-04-18 15:06:36,758] {dagbag.py:448} INFO - Filling up the DagBag from /home/airflow/.local/lib/python3.6/site-packages/airflow/example_dags/example_kubernetes_executor.py
[2022-04-18 15:06:36,765] {scheduler_job.py:639} INFO - DAG(s) dict_keys(['example_kubernetes_executor']) retrieved from /home/airflow/.local/lib/python3.6/site-packages/airflow/example_dags/example_kubernetes_executor.py
[2022-04-18 15:06:36,776] {logging_mixin.py:104} INFO - [2022-04-18 15:06:36,776] {dag.py:1818} INFO - Sync 1 DAGs
[2022-04-18 15:06:36,785] {logging_mixin.py:104} INFO - [2022-04-18 15:06:36,785] {dag.py:2273} INFO - Setting next_dagrun for example_kubernetes_executor to None
[2022-04-18 15:06:36,789] {scheduler_job.py:190} INFO - Processing /home/airflow/.local/lib/python3.6/site-packages/airflow/example_dags/example_kubernetes_executor.py took 0.035 seconds
