[2022-04-18 14:37:01,359] {scheduler_job.py:182} INFO - Started process (PID=230) to work on /home/airflow/.local/lib/python3.6/site-packages/airflow/example_dags/tutorial_etl_dag.py
[2022-04-18 14:37:01,359] {scheduler_job.py:629} INFO - Processing file /home/airflow/.local/lib/python3.6/site-packages/airflow/example_dags/tutorial_etl_dag.py for tasks to queue
[2022-04-18 14:37:01,359] {logging_mixin.py:104} INFO - [2022-04-18 14:37:01,359] {dagbag.py:448} INFO - Filling up the DagBag from /home/airflow/.local/lib/python3.6/site-packages/airflow/example_dags/tutorial_etl_dag.py
[2022-04-18 14:37:01,367] {scheduler_job.py:639} INFO - DAG(s) dict_keys(['tutorial_etl_dag']) retrieved from /home/airflow/.local/lib/python3.6/site-packages/airflow/example_dags/tutorial_etl_dag.py
[2022-04-18 14:37:01,383] {logging_mixin.py:104} INFO - [2022-04-18 14:37:01,383] {dag.py:1818} INFO - Sync 1 DAGs
[2022-04-18 14:37:01,390] {logging_mixin.py:104} INFO - [2022-04-18 14:37:01,390] {dag.py:2273} INFO - Setting next_dagrun for tutorial_etl_dag to None
[2022-04-18 14:37:01,397] {scheduler_job.py:190} INFO - Processing /home/airflow/.local/lib/python3.6/site-packages/airflow/example_dags/tutorial_etl_dag.py took 0.040 seconds
[2022-04-18 14:37:31,431] {scheduler_job.py:182} INFO - Started process (PID=612) to work on /home/airflow/.local/lib/python3.6/site-packages/airflow/example_dags/tutorial_etl_dag.py
[2022-04-18 14:37:31,432] {scheduler_job.py:629} INFO - Processing file /home/airflow/.local/lib/python3.6/site-packages/airflow/example_dags/tutorial_etl_dag.py for tasks to queue
[2022-04-18 14:37:31,432] {logging_mixin.py:104} INFO - [2022-04-18 14:37:31,432] {dagbag.py:448} INFO - Filling up the DagBag from /home/airflow/.local/lib/python3.6/site-packages/airflow/example_dags/tutorial_etl_dag.py
[2022-04-18 14:37:31,441] {scheduler_job.py:639} INFO - DAG(s) dict_keys(['tutorial_etl_dag']) retrieved from /home/airflow/.local/lib/python3.6/site-packages/airflow/example_dags/tutorial_etl_dag.py
[2022-04-18 14:37:31,454] {logging_mixin.py:104} INFO - [2022-04-18 14:37:31,454] {dag.py:1818} INFO - Sync 1 DAGs
[2022-04-18 14:37:31,464] {logging_mixin.py:104} INFO - [2022-04-18 14:37:31,463] {dag.py:2273} INFO - Setting next_dagrun for tutorial_etl_dag to None
[2022-04-18 14:37:31,468] {scheduler_job.py:190} INFO - Processing /home/airflow/.local/lib/python3.6/site-packages/airflow/example_dags/tutorial_etl_dag.py took 0.039 seconds
[2022-04-18 14:38:01,498] {scheduler_job.py:182} INFO - Started process (PID=749) to work on /home/airflow/.local/lib/python3.6/site-packages/airflow/example_dags/tutorial_etl_dag.py
[2022-04-18 14:38:01,499] {scheduler_job.py:629} INFO - Processing file /home/airflow/.local/lib/python3.6/site-packages/airflow/example_dags/tutorial_etl_dag.py for tasks to queue
[2022-04-18 14:38:01,499] {logging_mixin.py:104} INFO - [2022-04-18 14:38:01,499] {dagbag.py:448} INFO - Filling up the DagBag from /home/airflow/.local/lib/python3.6/site-packages/airflow/example_dags/tutorial_etl_dag.py
[2022-04-18 14:38:01,509] {scheduler_job.py:639} INFO - DAG(s) dict_keys(['tutorial_etl_dag']) retrieved from /home/airflow/.local/lib/python3.6/site-packages/airflow/example_dags/tutorial_etl_dag.py
[2022-04-18 14:38:01,525] {logging_mixin.py:104} INFO - [2022-04-18 14:38:01,525] {dag.py:1818} INFO - Sync 1 DAGs
[2022-04-18 14:38:01,533] {logging_mixin.py:104} INFO - [2022-04-18 14:38:01,533] {dag.py:2273} INFO - Setting next_dagrun for tutorial_etl_dag to None
[2022-04-18 14:38:01,537] {scheduler_job.py:190} INFO - Processing /home/airflow/.local/lib/python3.6/site-packages/airflow/example_dags/tutorial_etl_dag.py took 0.042 seconds
[2022-04-18 14:38:31,571] {scheduler_job.py:182} INFO - Started process (PID=888) to work on /home/airflow/.local/lib/python3.6/site-packages/airflow/example_dags/tutorial_etl_dag.py
[2022-04-18 14:38:31,572] {scheduler_job.py:629} INFO - Processing file /home/airflow/.local/lib/python3.6/site-packages/airflow/example_dags/tutorial_etl_dag.py for tasks to queue
[2022-04-18 14:38:31,573] {logging_mixin.py:104} INFO - [2022-04-18 14:38:31,572] {dagbag.py:448} INFO - Filling up the DagBag from /home/airflow/.local/lib/python3.6/site-packages/airflow/example_dags/tutorial_etl_dag.py
[2022-04-18 14:38:31,582] {scheduler_job.py:639} INFO - DAG(s) dict_keys(['tutorial_etl_dag']) retrieved from /home/airflow/.local/lib/python3.6/site-packages/airflow/example_dags/tutorial_etl_dag.py
[2022-04-18 14:38:31,595] {logging_mixin.py:104} INFO - [2022-04-18 14:38:31,595] {dag.py:1818} INFO - Sync 1 DAGs
[2022-04-18 14:38:31,604] {logging_mixin.py:104} INFO - [2022-04-18 14:38:31,604] {dag.py:2273} INFO - Setting next_dagrun for tutorial_etl_dag to None
[2022-04-18 14:38:31,608] {scheduler_job.py:190} INFO - Processing /home/airflow/.local/lib/python3.6/site-packages/airflow/example_dags/tutorial_etl_dag.py took 0.039 seconds
[2022-04-18 14:39:01,642] {scheduler_job.py:182} INFO - Started process (PID=1027) to work on /home/airflow/.local/lib/python3.6/site-packages/airflow/example_dags/tutorial_etl_dag.py
[2022-04-18 14:39:01,643] {scheduler_job.py:629} INFO - Processing file /home/airflow/.local/lib/python3.6/site-packages/airflow/example_dags/tutorial_etl_dag.py for tasks to queue
[2022-04-18 14:39:01,643] {logging_mixin.py:104} INFO - [2022-04-18 14:39:01,643] {dagbag.py:448} INFO - Filling up the DagBag from /home/airflow/.local/lib/python3.6/site-packages/airflow/example_dags/tutorial_etl_dag.py
[2022-04-18 14:39:01,650] {scheduler_job.py:639} INFO - DAG(s) dict_keys(['tutorial_etl_dag']) retrieved from /home/airflow/.local/lib/python3.6/site-packages/airflow/example_dags/tutorial_etl_dag.py
[2022-04-18 14:39:01,662] {logging_mixin.py:104} INFO - [2022-04-18 14:39:01,662] {dag.py:1818} INFO - Sync 1 DAGs
[2022-04-18 14:39:01,671] {logging_mixin.py:104} INFO - [2022-04-18 14:39:01,671] {dag.py:2273} INFO - Setting next_dagrun for tutorial_etl_dag to None
[2022-04-18 14:39:01,675] {scheduler_job.py:190} INFO - Processing /home/airflow/.local/lib/python3.6/site-packages/airflow/example_dags/tutorial_etl_dag.py took 0.036 seconds
[2022-04-18 14:39:31,717] {scheduler_job.py:182} INFO - Started process (PID=1162) to work on /home/airflow/.local/lib/python3.6/site-packages/airflow/example_dags/tutorial_etl_dag.py
[2022-04-18 14:39:31,717] {scheduler_job.py:629} INFO - Processing file /home/airflow/.local/lib/python3.6/site-packages/airflow/example_dags/tutorial_etl_dag.py for tasks to queue
[2022-04-18 14:39:31,717] {logging_mixin.py:104} INFO - [2022-04-18 14:39:31,717] {dagbag.py:448} INFO - Filling up the DagBag from /home/airflow/.local/lib/python3.6/site-packages/airflow/example_dags/tutorial_etl_dag.py
[2022-04-18 14:39:31,726] {scheduler_job.py:639} INFO - DAG(s) dict_keys(['tutorial_etl_dag']) retrieved from /home/airflow/.local/lib/python3.6/site-packages/airflow/example_dags/tutorial_etl_dag.py
[2022-04-18 14:39:31,740] {logging_mixin.py:104} INFO - [2022-04-18 14:39:31,740] {dag.py:1818} INFO - Sync 1 DAGs
[2022-04-18 14:39:31,749] {logging_mixin.py:104} INFO - [2022-04-18 14:39:31,749] {dag.py:2273} INFO - Setting next_dagrun for tutorial_etl_dag to None
[2022-04-18 14:39:31,753] {scheduler_job.py:190} INFO - Processing /home/airflow/.local/lib/python3.6/site-packages/airflow/example_dags/tutorial_etl_dag.py took 0.037 seconds
[2022-04-18 14:40:01,781] {scheduler_job.py:182} INFO - Started process (PID=1297) to work on /home/airflow/.local/lib/python3.6/site-packages/airflow/example_dags/tutorial_etl_dag.py
[2022-04-18 14:40:01,782] {scheduler_job.py:629} INFO - Processing file /home/airflow/.local/lib/python3.6/site-packages/airflow/example_dags/tutorial_etl_dag.py for tasks to queue
[2022-04-18 14:40:01,782] {logging_mixin.py:104} INFO - [2022-04-18 14:40:01,782] {dagbag.py:448} INFO - Filling up the DagBag from /home/airflow/.local/lib/python3.6/site-packages/airflow/example_dags/tutorial_etl_dag.py
[2022-04-18 14:40:01,791] {scheduler_job.py:639} INFO - DAG(s) dict_keys(['tutorial_etl_dag']) retrieved from /home/airflow/.local/lib/python3.6/site-packages/airflow/example_dags/tutorial_etl_dag.py
[2022-04-18 14:40:01,805] {logging_mixin.py:104} INFO - [2022-04-18 14:40:01,804] {dag.py:1818} INFO - Sync 1 DAGs
[2022-04-18 14:40:01,812] {logging_mixin.py:104} INFO - [2022-04-18 14:40:01,812] {dag.py:2273} INFO - Setting next_dagrun for tutorial_etl_dag to None
[2022-04-18 14:40:01,816] {scheduler_job.py:190} INFO - Processing /home/airflow/.local/lib/python3.6/site-packages/airflow/example_dags/tutorial_etl_dag.py took 0.037 seconds
[2022-04-18 14:40:32,551] {scheduler_job.py:182} INFO - Started process (PID=1429) to work on /home/airflow/.local/lib/python3.6/site-packages/airflow/example_dags/tutorial_etl_dag.py
[2022-04-18 14:40:32,552] {scheduler_job.py:629} INFO - Processing file /home/airflow/.local/lib/python3.6/site-packages/airflow/example_dags/tutorial_etl_dag.py for tasks to queue
[2022-04-18 14:40:32,553] {logging_mixin.py:104} INFO - [2022-04-18 14:40:32,553] {dagbag.py:448} INFO - Filling up the DagBag from /home/airflow/.local/lib/python3.6/site-packages/airflow/example_dags/tutorial_etl_dag.py
[2022-04-18 14:40:32,563] {scheduler_job.py:639} INFO - DAG(s) dict_keys(['tutorial_etl_dag']) retrieved from /home/airflow/.local/lib/python3.6/site-packages/airflow/example_dags/tutorial_etl_dag.py
[2022-04-18 14:40:32,577] {logging_mixin.py:104} INFO - [2022-04-18 14:40:32,577] {dag.py:1818} INFO - Sync 1 DAGs
[2022-04-18 14:40:32,585] {logging_mixin.py:104} INFO - [2022-04-18 14:40:32,585] {dag.py:2273} INFO - Setting next_dagrun for tutorial_etl_dag to None
[2022-04-18 14:40:32,588] {scheduler_job.py:190} INFO - Processing /home/airflow/.local/lib/python3.6/site-packages/airflow/example_dags/tutorial_etl_dag.py took 0.039 seconds
[2022-04-18 14:41:03,513] {scheduler_job.py:182} INFO - Started process (PID=1562) to work on /home/airflow/.local/lib/python3.6/site-packages/airflow/example_dags/tutorial_etl_dag.py
[2022-04-18 14:41:03,514] {scheduler_job.py:629} INFO - Processing file /home/airflow/.local/lib/python3.6/site-packages/airflow/example_dags/tutorial_etl_dag.py for tasks to queue
[2022-04-18 14:41:03,516] {logging_mixin.py:104} INFO - [2022-04-18 14:41:03,514] {dagbag.py:448} INFO - Filling up the DagBag from /home/airflow/.local/lib/python3.6/site-packages/airflow/example_dags/tutorial_etl_dag.py
[2022-04-18 14:41:03,522] {scheduler_job.py:639} INFO - DAG(s) dict_keys(['tutorial_etl_dag']) retrieved from /home/airflow/.local/lib/python3.6/site-packages/airflow/example_dags/tutorial_etl_dag.py
[2022-04-18 14:41:03,535] {logging_mixin.py:104} INFO - [2022-04-18 14:41:03,535] {dag.py:1818} INFO - Sync 1 DAGs
[2022-04-18 14:41:03,544] {logging_mixin.py:104} INFO - [2022-04-18 14:41:03,544] {dag.py:2273} INFO - Setting next_dagrun for tutorial_etl_dag to None
[2022-04-18 14:41:03,548] {scheduler_job.py:190} INFO - Processing /home/airflow/.local/lib/python3.6/site-packages/airflow/example_dags/tutorial_etl_dag.py took 0.038 seconds
[2022-04-18 14:41:34,180] {scheduler_job.py:182} INFO - Started process (PID=1697) to work on /home/airflow/.local/lib/python3.6/site-packages/airflow/example_dags/tutorial_etl_dag.py
[2022-04-18 14:41:34,180] {scheduler_job.py:629} INFO - Processing file /home/airflow/.local/lib/python3.6/site-packages/airflow/example_dags/tutorial_etl_dag.py for tasks to queue
[2022-04-18 14:41:34,181] {logging_mixin.py:104} INFO - [2022-04-18 14:41:34,181] {dagbag.py:448} INFO - Filling up the DagBag from /home/airflow/.local/lib/python3.6/site-packages/airflow/example_dags/tutorial_etl_dag.py
[2022-04-18 14:41:34,186] {scheduler_job.py:639} INFO - DAG(s) dict_keys(['tutorial_etl_dag']) retrieved from /home/airflow/.local/lib/python3.6/site-packages/airflow/example_dags/tutorial_etl_dag.py
[2022-04-18 14:41:34,199] {logging_mixin.py:104} INFO - [2022-04-18 14:41:34,199] {dag.py:1818} INFO - Sync 1 DAGs
[2022-04-18 14:41:34,208] {logging_mixin.py:104} INFO - [2022-04-18 14:41:34,208] {dag.py:2273} INFO - Setting next_dagrun for tutorial_etl_dag to None
[2022-04-18 14:41:34,212] {scheduler_job.py:190} INFO - Processing /home/airflow/.local/lib/python3.6/site-packages/airflow/example_dags/tutorial_etl_dag.py took 0.035 seconds
[2022-04-18 14:42:04,874] {scheduler_job.py:182} INFO - Started process (PID=1832) to work on /home/airflow/.local/lib/python3.6/site-packages/airflow/example_dags/tutorial_etl_dag.py
[2022-04-18 14:42:04,874] {scheduler_job.py:629} INFO - Processing file /home/airflow/.local/lib/python3.6/site-packages/airflow/example_dags/tutorial_etl_dag.py for tasks to queue
[2022-04-18 14:42:04,875] {logging_mixin.py:104} INFO - [2022-04-18 14:42:04,875] {dagbag.py:448} INFO - Filling up the DagBag from /home/airflow/.local/lib/python3.6/site-packages/airflow/example_dags/tutorial_etl_dag.py
[2022-04-18 14:42:04,882] {scheduler_job.py:639} INFO - DAG(s) dict_keys(['tutorial_etl_dag']) retrieved from /home/airflow/.local/lib/python3.6/site-packages/airflow/example_dags/tutorial_etl_dag.py
[2022-04-18 14:42:04,893] {logging_mixin.py:104} INFO - [2022-04-18 14:42:04,893] {dag.py:1818} INFO - Sync 1 DAGs
[2022-04-18 14:42:04,901] {logging_mixin.py:104} INFO - [2022-04-18 14:42:04,901] {dag.py:2273} INFO - Setting next_dagrun for tutorial_etl_dag to None
[2022-04-18 14:42:04,905] {scheduler_job.py:190} INFO - Processing /home/airflow/.local/lib/python3.6/site-packages/airflow/example_dags/tutorial_etl_dag.py took 0.033 seconds
[2022-04-18 14:42:35,583] {scheduler_job.py:182} INFO - Started process (PID=1967) to work on /home/airflow/.local/lib/python3.6/site-packages/airflow/example_dags/tutorial_etl_dag.py
[2022-04-18 14:42:35,583] {scheduler_job.py:629} INFO - Processing file /home/airflow/.local/lib/python3.6/site-packages/airflow/example_dags/tutorial_etl_dag.py for tasks to queue
[2022-04-18 14:42:35,584] {logging_mixin.py:104} INFO - [2022-04-18 14:42:35,584] {dagbag.py:448} INFO - Filling up the DagBag from /home/airflow/.local/lib/python3.6/site-packages/airflow/example_dags/tutorial_etl_dag.py
[2022-04-18 14:42:35,590] {scheduler_job.py:639} INFO - DAG(s) dict_keys(['tutorial_etl_dag']) retrieved from /home/airflow/.local/lib/python3.6/site-packages/airflow/example_dags/tutorial_etl_dag.py
[2022-04-18 14:42:35,603] {logging_mixin.py:104} INFO - [2022-04-18 14:42:35,603] {dag.py:1818} INFO - Sync 1 DAGs
[2022-04-18 14:42:35,611] {logging_mixin.py:104} INFO - [2022-04-18 14:42:35,611] {dag.py:2273} INFO - Setting next_dagrun for tutorial_etl_dag to None
[2022-04-18 14:42:35,615] {scheduler_job.py:190} INFO - Processing /home/airflow/.local/lib/python3.6/site-packages/airflow/example_dags/tutorial_etl_dag.py took 0.033 seconds
[2022-04-18 14:43:06,391] {scheduler_job.py:182} INFO - Started process (PID=2104) to work on /home/airflow/.local/lib/python3.6/site-packages/airflow/example_dags/tutorial_etl_dag.py
[2022-04-18 14:43:06,391] {scheduler_job.py:629} INFO - Processing file /home/airflow/.local/lib/python3.6/site-packages/airflow/example_dags/tutorial_etl_dag.py for tasks to queue
[2022-04-18 14:43:06,392] {logging_mixin.py:104} INFO - [2022-04-18 14:43:06,392] {dagbag.py:448} INFO - Filling up the DagBag from /home/airflow/.local/lib/python3.6/site-packages/airflow/example_dags/tutorial_etl_dag.py
[2022-04-18 14:43:06,397] {scheduler_job.py:639} INFO - DAG(s) dict_keys(['tutorial_etl_dag']) retrieved from /home/airflow/.local/lib/python3.6/site-packages/airflow/example_dags/tutorial_etl_dag.py
[2022-04-18 14:43:06,410] {logging_mixin.py:104} INFO - [2022-04-18 14:43:06,410] {dag.py:1818} INFO - Sync 1 DAGs
[2022-04-18 14:43:06,419] {logging_mixin.py:104} INFO - [2022-04-18 14:43:06,419] {dag.py:2273} INFO - Setting next_dagrun for tutorial_etl_dag to None
[2022-04-18 14:43:06,422] {scheduler_job.py:190} INFO - Processing /home/airflow/.local/lib/python3.6/site-packages/airflow/example_dags/tutorial_etl_dag.py took 0.033 seconds
[2022-04-18 14:43:37,084] {scheduler_job.py:182} INFO - Started process (PID=2237) to work on /home/airflow/.local/lib/python3.6/site-packages/airflow/example_dags/tutorial_etl_dag.py
[2022-04-18 14:43:37,085] {scheduler_job.py:629} INFO - Processing file /home/airflow/.local/lib/python3.6/site-packages/airflow/example_dags/tutorial_etl_dag.py for tasks to queue
[2022-04-18 14:43:37,085] {logging_mixin.py:104} INFO - [2022-04-18 14:43:37,085] {dagbag.py:448} INFO - Filling up the DagBag from /home/airflow/.local/lib/python3.6/site-packages/airflow/example_dags/tutorial_etl_dag.py
[2022-04-18 14:43:37,092] {scheduler_job.py:639} INFO - DAG(s) dict_keys(['tutorial_etl_dag']) retrieved from /home/airflow/.local/lib/python3.6/site-packages/airflow/example_dags/tutorial_etl_dag.py
[2022-04-18 14:43:37,105] {logging_mixin.py:104} INFO - [2022-04-18 14:43:37,105] {dag.py:1818} INFO - Sync 1 DAGs
[2022-04-18 14:43:37,112] {logging_mixin.py:104} INFO - [2022-04-18 14:43:37,112] {dag.py:2273} INFO - Setting next_dagrun for tutorial_etl_dag to None
[2022-04-18 14:43:37,116] {scheduler_job.py:190} INFO - Processing /home/airflow/.local/lib/python3.6/site-packages/airflow/example_dags/tutorial_etl_dag.py took 0.035 seconds
[2022-04-18 14:44:07,771] {scheduler_job.py:182} INFO - Started process (PID=2372) to work on /home/airflow/.local/lib/python3.6/site-packages/airflow/example_dags/tutorial_etl_dag.py
[2022-04-18 14:44:07,771] {scheduler_job.py:629} INFO - Processing file /home/airflow/.local/lib/python3.6/site-packages/airflow/example_dags/tutorial_etl_dag.py for tasks to queue
[2022-04-18 14:44:07,772] {logging_mixin.py:104} INFO - [2022-04-18 14:44:07,772] {dagbag.py:448} INFO - Filling up the DagBag from /home/airflow/.local/lib/python3.6/site-packages/airflow/example_dags/tutorial_etl_dag.py
[2022-04-18 14:44:07,780] {scheduler_job.py:639} INFO - DAG(s) dict_keys(['tutorial_etl_dag']) retrieved from /home/airflow/.local/lib/python3.6/site-packages/airflow/example_dags/tutorial_etl_dag.py
[2022-04-18 14:44:07,791] {logging_mixin.py:104} INFO - [2022-04-18 14:44:07,790] {dag.py:1818} INFO - Sync 1 DAGs
[2022-04-18 14:44:07,800] {logging_mixin.py:104} INFO - [2022-04-18 14:44:07,800] {dag.py:2273} INFO - Setting next_dagrun for tutorial_etl_dag to None
[2022-04-18 14:44:07,804] {scheduler_job.py:190} INFO - Processing /home/airflow/.local/lib/python3.6/site-packages/airflow/example_dags/tutorial_etl_dag.py took 0.035 seconds
[2022-04-18 14:44:38,453] {scheduler_job.py:182} INFO - Started process (PID=2507) to work on /home/airflow/.local/lib/python3.6/site-packages/airflow/example_dags/tutorial_etl_dag.py
[2022-04-18 14:44:38,454] {scheduler_job.py:629} INFO - Processing file /home/airflow/.local/lib/python3.6/site-packages/airflow/example_dags/tutorial_etl_dag.py for tasks to queue
[2022-04-18 14:44:38,454] {logging_mixin.py:104} INFO - [2022-04-18 14:44:38,454] {dagbag.py:448} INFO - Filling up the DagBag from /home/airflow/.local/lib/python3.6/site-packages/airflow/example_dags/tutorial_etl_dag.py
[2022-04-18 14:44:38,463] {scheduler_job.py:639} INFO - DAG(s) dict_keys(['tutorial_etl_dag']) retrieved from /home/airflow/.local/lib/python3.6/site-packages/airflow/example_dags/tutorial_etl_dag.py
[2022-04-18 14:44:38,475] {logging_mixin.py:104} INFO - [2022-04-18 14:44:38,475] {dag.py:1818} INFO - Sync 1 DAGs
[2022-04-18 14:44:38,484] {logging_mixin.py:104} INFO - [2022-04-18 14:44:38,484] {dag.py:2273} INFO - Setting next_dagrun for tutorial_etl_dag to None
[2022-04-18 14:44:38,488] {scheduler_job.py:190} INFO - Processing /home/airflow/.local/lib/python3.6/site-packages/airflow/example_dags/tutorial_etl_dag.py took 0.037 seconds
[2022-04-18 14:45:09,125] {scheduler_job.py:182} INFO - Started process (PID=2642) to work on /home/airflow/.local/lib/python3.6/site-packages/airflow/example_dags/tutorial_etl_dag.py
[2022-04-18 14:45:09,125] {scheduler_job.py:629} INFO - Processing file /home/airflow/.local/lib/python3.6/site-packages/airflow/example_dags/tutorial_etl_dag.py for tasks to queue
[2022-04-18 14:45:09,126] {logging_mixin.py:104} INFO - [2022-04-18 14:45:09,126] {dagbag.py:448} INFO - Filling up the DagBag from /home/airflow/.local/lib/python3.6/site-packages/airflow/example_dags/tutorial_etl_dag.py
[2022-04-18 14:45:09,133] {scheduler_job.py:639} INFO - DAG(s) dict_keys(['tutorial_etl_dag']) retrieved from /home/airflow/.local/lib/python3.6/site-packages/airflow/example_dags/tutorial_etl_dag.py
[2022-04-18 14:45:09,147] {logging_mixin.py:104} INFO - [2022-04-18 14:45:09,146] {dag.py:1818} INFO - Sync 1 DAGs
[2022-04-18 14:45:09,155] {logging_mixin.py:104} INFO - [2022-04-18 14:45:09,155] {dag.py:2273} INFO - Setting next_dagrun for tutorial_etl_dag to None
[2022-04-18 14:45:09,159] {scheduler_job.py:190} INFO - Processing /home/airflow/.local/lib/python3.6/site-packages/airflow/example_dags/tutorial_etl_dag.py took 0.036 seconds
[2022-04-18 14:45:39,818] {scheduler_job.py:182} INFO - Started process (PID=2777) to work on /home/airflow/.local/lib/python3.6/site-packages/airflow/example_dags/tutorial_etl_dag.py
[2022-04-18 14:45:39,819] {scheduler_job.py:629} INFO - Processing file /home/airflow/.local/lib/python3.6/site-packages/airflow/example_dags/tutorial_etl_dag.py for tasks to queue
[2022-04-18 14:45:39,819] {logging_mixin.py:104} INFO - [2022-04-18 14:45:39,819] {dagbag.py:448} INFO - Filling up the DagBag from /home/airflow/.local/lib/python3.6/site-packages/airflow/example_dags/tutorial_etl_dag.py
[2022-04-18 14:45:39,829] {scheduler_job.py:639} INFO - DAG(s) dict_keys(['tutorial_etl_dag']) retrieved from /home/airflow/.local/lib/python3.6/site-packages/airflow/example_dags/tutorial_etl_dag.py
[2022-04-18 14:45:39,840] {logging_mixin.py:104} INFO - [2022-04-18 14:45:39,840] {dag.py:1818} INFO - Sync 1 DAGs
[2022-04-18 14:45:39,848] {logging_mixin.py:104} INFO - [2022-04-18 14:45:39,848] {dag.py:2273} INFO - Setting next_dagrun for tutorial_etl_dag to None
[2022-04-18 14:45:39,852] {scheduler_job.py:190} INFO - Processing /home/airflow/.local/lib/python3.6/site-packages/airflow/example_dags/tutorial_etl_dag.py took 0.036 seconds
[2022-04-18 14:46:10,566] {scheduler_job.py:182} INFO - Started process (PID=2912) to work on /home/airflow/.local/lib/python3.6/site-packages/airflow/example_dags/tutorial_etl_dag.py
[2022-04-18 14:46:10,566] {scheduler_job.py:629} INFO - Processing file /home/airflow/.local/lib/python3.6/site-packages/airflow/example_dags/tutorial_etl_dag.py for tasks to queue
[2022-04-18 14:46:10,567] {logging_mixin.py:104} INFO - [2022-04-18 14:46:10,567] {dagbag.py:448} INFO - Filling up the DagBag from /home/airflow/.local/lib/python3.6/site-packages/airflow/example_dags/tutorial_etl_dag.py
[2022-04-18 14:46:10,575] {scheduler_job.py:639} INFO - DAG(s) dict_keys(['tutorial_etl_dag']) retrieved from /home/airflow/.local/lib/python3.6/site-packages/airflow/example_dags/tutorial_etl_dag.py
[2022-04-18 14:46:10,587] {logging_mixin.py:104} INFO - [2022-04-18 14:46:10,586] {dag.py:1818} INFO - Sync 1 DAGs
[2022-04-18 14:46:10,594] {logging_mixin.py:104} INFO - [2022-04-18 14:46:10,594] {dag.py:2273} INFO - Setting next_dagrun for tutorial_etl_dag to None
[2022-04-18 14:46:10,598] {scheduler_job.py:190} INFO - Processing /home/airflow/.local/lib/python3.6/site-packages/airflow/example_dags/tutorial_etl_dag.py took 0.034 seconds
[2022-04-18 14:46:41,237] {scheduler_job.py:182} INFO - Started process (PID=3047) to work on /home/airflow/.local/lib/python3.6/site-packages/airflow/example_dags/tutorial_etl_dag.py
[2022-04-18 14:46:41,238] {scheduler_job.py:629} INFO - Processing file /home/airflow/.local/lib/python3.6/site-packages/airflow/example_dags/tutorial_etl_dag.py for tasks to queue
[2022-04-18 14:46:41,238] {logging_mixin.py:104} INFO - [2022-04-18 14:46:41,238] {dagbag.py:448} INFO - Filling up the DagBag from /home/airflow/.local/lib/python3.6/site-packages/airflow/example_dags/tutorial_etl_dag.py
[2022-04-18 14:46:41,245] {scheduler_job.py:639} INFO - DAG(s) dict_keys(['tutorial_etl_dag']) retrieved from /home/airflow/.local/lib/python3.6/site-packages/airflow/example_dags/tutorial_etl_dag.py
[2022-04-18 14:46:41,257] {logging_mixin.py:104} INFO - [2022-04-18 14:46:41,257] {dag.py:1818} INFO - Sync 1 DAGs
[2022-04-18 14:46:41,265] {logging_mixin.py:104} INFO - [2022-04-18 14:46:41,265] {dag.py:2273} INFO - Setting next_dagrun for tutorial_etl_dag to None
[2022-04-18 14:46:41,269] {scheduler_job.py:190} INFO - Processing /home/airflow/.local/lib/python3.6/site-packages/airflow/example_dags/tutorial_etl_dag.py took 0.034 seconds
[2022-04-18 14:47:11,954] {scheduler_job.py:182} INFO - Started process (PID=3182) to work on /home/airflow/.local/lib/python3.6/site-packages/airflow/example_dags/tutorial_etl_dag.py
[2022-04-18 14:47:11,955] {scheduler_job.py:629} INFO - Processing file /home/airflow/.local/lib/python3.6/site-packages/airflow/example_dags/tutorial_etl_dag.py for tasks to queue
[2022-04-18 14:47:11,956] {logging_mixin.py:104} INFO - [2022-04-18 14:47:11,956] {dagbag.py:448} INFO - Filling up the DagBag from /home/airflow/.local/lib/python3.6/site-packages/airflow/example_dags/tutorial_etl_dag.py
[2022-04-18 14:47:11,962] {scheduler_job.py:639} INFO - DAG(s) dict_keys(['tutorial_etl_dag']) retrieved from /home/airflow/.local/lib/python3.6/site-packages/airflow/example_dags/tutorial_etl_dag.py
[2022-04-18 14:47:11,975] {logging_mixin.py:104} INFO - [2022-04-18 14:47:11,975] {dag.py:1818} INFO - Sync 1 DAGs
[2022-04-18 14:47:11,983] {logging_mixin.py:104} INFO - [2022-04-18 14:47:11,983] {dag.py:2273} INFO - Setting next_dagrun for tutorial_etl_dag to None
[2022-04-18 14:47:11,987] {scheduler_job.py:190} INFO - Processing /home/airflow/.local/lib/python3.6/site-packages/airflow/example_dags/tutorial_etl_dag.py took 0.035 seconds
[2022-04-18 14:47:42,633] {scheduler_job.py:182} INFO - Started process (PID=3317) to work on /home/airflow/.local/lib/python3.6/site-packages/airflow/example_dags/tutorial_etl_dag.py
[2022-04-18 14:47:42,634] {scheduler_job.py:629} INFO - Processing file /home/airflow/.local/lib/python3.6/site-packages/airflow/example_dags/tutorial_etl_dag.py for tasks to queue
[2022-04-18 14:47:42,635] {logging_mixin.py:104} INFO - [2022-04-18 14:47:42,635] {dagbag.py:448} INFO - Filling up the DagBag from /home/airflow/.local/lib/python3.6/site-packages/airflow/example_dags/tutorial_etl_dag.py
[2022-04-18 14:47:42,644] {scheduler_job.py:639} INFO - DAG(s) dict_keys(['tutorial_etl_dag']) retrieved from /home/airflow/.local/lib/python3.6/site-packages/airflow/example_dags/tutorial_etl_dag.py
[2022-04-18 14:47:42,654] {logging_mixin.py:104} INFO - [2022-04-18 14:47:42,654] {dag.py:1818} INFO - Sync 1 DAGs
[2022-04-18 14:47:42,663] {logging_mixin.py:104} INFO - [2022-04-18 14:47:42,663] {dag.py:2273} INFO - Setting next_dagrun for tutorial_etl_dag to None
[2022-04-18 14:47:42,667] {scheduler_job.py:190} INFO - Processing /home/airflow/.local/lib/python3.6/site-packages/airflow/example_dags/tutorial_etl_dag.py took 0.036 seconds
[2022-04-18 14:48:13,422] {scheduler_job.py:182} INFO - Started process (PID=3454) to work on /home/airflow/.local/lib/python3.6/site-packages/airflow/example_dags/tutorial_etl_dag.py
[2022-04-18 14:48:13,424] {scheduler_job.py:629} INFO - Processing file /home/airflow/.local/lib/python3.6/site-packages/airflow/example_dags/tutorial_etl_dag.py for tasks to queue
[2022-04-18 14:48:13,424] {logging_mixin.py:104} INFO - [2022-04-18 14:48:13,424] {dagbag.py:448} INFO - Filling up the DagBag from /home/airflow/.local/lib/python3.6/site-packages/airflow/example_dags/tutorial_etl_dag.py
[2022-04-18 14:48:13,432] {scheduler_job.py:639} INFO - DAG(s) dict_keys(['tutorial_etl_dag']) retrieved from /home/airflow/.local/lib/python3.6/site-packages/airflow/example_dags/tutorial_etl_dag.py
[2022-04-18 14:48:13,446] {logging_mixin.py:104} INFO - [2022-04-18 14:48:13,445] {dag.py:1818} INFO - Sync 1 DAGs
[2022-04-18 14:48:13,455] {logging_mixin.py:104} INFO - [2022-04-18 14:48:13,455] {dag.py:2273} INFO - Setting next_dagrun for tutorial_etl_dag to None
[2022-04-18 14:48:13,459] {scheduler_job.py:190} INFO - Processing /home/airflow/.local/lib/python3.6/site-packages/airflow/example_dags/tutorial_etl_dag.py took 0.039 seconds
[2022-04-18 14:48:43,617] {scheduler_job.py:182} INFO - Started process (PID=3597) to work on /home/airflow/.local/lib/python3.6/site-packages/airflow/example_dags/tutorial_etl_dag.py
[2022-04-18 14:48:43,618] {scheduler_job.py:629} INFO - Processing file /home/airflow/.local/lib/python3.6/site-packages/airflow/example_dags/tutorial_etl_dag.py for tasks to queue
[2022-04-18 14:48:43,618] {logging_mixin.py:104} INFO - [2022-04-18 14:48:43,618] {dagbag.py:448} INFO - Filling up the DagBag from /home/airflow/.local/lib/python3.6/site-packages/airflow/example_dags/tutorial_etl_dag.py
[2022-04-18 14:48:43,623] {scheduler_job.py:639} INFO - DAG(s) dict_keys(['tutorial_etl_dag']) retrieved from /home/airflow/.local/lib/python3.6/site-packages/airflow/example_dags/tutorial_etl_dag.py
[2022-04-18 14:48:43,637] {logging_mixin.py:104} INFO - [2022-04-18 14:48:43,637] {dag.py:1818} INFO - Sync 1 DAGs
[2022-04-18 14:48:43,646] {logging_mixin.py:104} INFO - [2022-04-18 14:48:43,645] {dag.py:2273} INFO - Setting next_dagrun for tutorial_etl_dag to None
[2022-04-18 14:48:43,649] {scheduler_job.py:190} INFO - Processing /home/airflow/.local/lib/python3.6/site-packages/airflow/example_dags/tutorial_etl_dag.py took 0.034 seconds
[2022-04-18 14:49:13,759] {scheduler_job.py:182} INFO - Started process (PID=3739) to work on /home/airflow/.local/lib/python3.6/site-packages/airflow/example_dags/tutorial_etl_dag.py
[2022-04-18 14:49:13,760] {scheduler_job.py:629} INFO - Processing file /home/airflow/.local/lib/python3.6/site-packages/airflow/example_dags/tutorial_etl_dag.py for tasks to queue
[2022-04-18 14:49:13,761] {logging_mixin.py:104} INFO - [2022-04-18 14:49:13,760] {dagbag.py:448} INFO - Filling up the DagBag from /home/airflow/.local/lib/python3.6/site-packages/airflow/example_dags/tutorial_etl_dag.py
[2022-04-18 14:49:13,769] {scheduler_job.py:639} INFO - DAG(s) dict_keys(['tutorial_etl_dag']) retrieved from /home/airflow/.local/lib/python3.6/site-packages/airflow/example_dags/tutorial_etl_dag.py
[2022-04-18 14:49:13,782] {logging_mixin.py:104} INFO - [2022-04-18 14:49:13,782] {dag.py:1818} INFO - Sync 1 DAGs
[2022-04-18 14:49:13,789] {logging_mixin.py:104} INFO - [2022-04-18 14:49:13,789] {dag.py:2273} INFO - Setting next_dagrun for tutorial_etl_dag to None
[2022-04-18 14:49:13,793] {scheduler_job.py:190} INFO - Processing /home/airflow/.local/lib/python3.6/site-packages/airflow/example_dags/tutorial_etl_dag.py took 0.036 seconds
[2022-04-18 14:49:43,809] {scheduler_job.py:182} INFO - Started process (PID=3872) to work on /home/airflow/.local/lib/python3.6/site-packages/airflow/example_dags/tutorial_etl_dag.py
[2022-04-18 14:49:43,810] {scheduler_job.py:629} INFO - Processing file /home/airflow/.local/lib/python3.6/site-packages/airflow/example_dags/tutorial_etl_dag.py for tasks to queue
[2022-04-18 14:49:43,811] {logging_mixin.py:104} INFO - [2022-04-18 14:49:43,811] {dagbag.py:448} INFO - Filling up the DagBag from /home/airflow/.local/lib/python3.6/site-packages/airflow/example_dags/tutorial_etl_dag.py
[2022-04-18 14:49:43,819] {scheduler_job.py:639} INFO - DAG(s) dict_keys(['tutorial_etl_dag']) retrieved from /home/airflow/.local/lib/python3.6/site-packages/airflow/example_dags/tutorial_etl_dag.py
[2022-04-18 14:49:43,833] {logging_mixin.py:104} INFO - [2022-04-18 14:49:43,833] {dag.py:1818} INFO - Sync 1 DAGs
[2022-04-18 14:49:43,841] {logging_mixin.py:104} INFO - [2022-04-18 14:49:43,841] {dag.py:2273} INFO - Setting next_dagrun for tutorial_etl_dag to None
[2022-04-18 14:49:43,845] {scheduler_job.py:190} INFO - Processing /home/airflow/.local/lib/python3.6/site-packages/airflow/example_dags/tutorial_etl_dag.py took 0.038 seconds
[2022-04-18 14:50:13,871] {scheduler_job.py:182} INFO - Started process (PID=4006) to work on /home/airflow/.local/lib/python3.6/site-packages/airflow/example_dags/tutorial_etl_dag.py
[2022-04-18 14:50:13,871] {scheduler_job.py:629} INFO - Processing file /home/airflow/.local/lib/python3.6/site-packages/airflow/example_dags/tutorial_etl_dag.py for tasks to queue
[2022-04-18 14:50:13,872] {logging_mixin.py:104} INFO - [2022-04-18 14:50:13,872] {dagbag.py:448} INFO - Filling up the DagBag from /home/airflow/.local/lib/python3.6/site-packages/airflow/example_dags/tutorial_etl_dag.py
[2022-04-18 14:50:13,880] {scheduler_job.py:639} INFO - DAG(s) dict_keys(['tutorial_etl_dag']) retrieved from /home/airflow/.local/lib/python3.6/site-packages/airflow/example_dags/tutorial_etl_dag.py
[2022-04-18 14:50:13,894] {logging_mixin.py:104} INFO - [2022-04-18 14:50:13,894] {dag.py:1818} INFO - Sync 1 DAGs
[2022-04-18 14:50:13,903] {logging_mixin.py:104} INFO - [2022-04-18 14:50:13,903] {dag.py:2273} INFO - Setting next_dagrun for tutorial_etl_dag to None
[2022-04-18 14:50:13,907] {scheduler_job.py:190} INFO - Processing /home/airflow/.local/lib/python3.6/site-packages/airflow/example_dags/tutorial_etl_dag.py took 0.038 seconds
[2022-04-18 14:50:43,936] {scheduler_job.py:182} INFO - Started process (PID=4142) to work on /home/airflow/.local/lib/python3.6/site-packages/airflow/example_dags/tutorial_etl_dag.py
[2022-04-18 14:50:43,937] {scheduler_job.py:629} INFO - Processing file /home/airflow/.local/lib/python3.6/site-packages/airflow/example_dags/tutorial_etl_dag.py for tasks to queue
[2022-04-18 14:50:43,937] {logging_mixin.py:104} INFO - [2022-04-18 14:50:43,937] {dagbag.py:448} INFO - Filling up the DagBag from /home/airflow/.local/lib/python3.6/site-packages/airflow/example_dags/tutorial_etl_dag.py
[2022-04-18 14:50:43,946] {scheduler_job.py:639} INFO - DAG(s) dict_keys(['tutorial_etl_dag']) retrieved from /home/airflow/.local/lib/python3.6/site-packages/airflow/example_dags/tutorial_etl_dag.py
[2022-04-18 14:50:43,957] {logging_mixin.py:104} INFO - [2022-04-18 14:50:43,957] {dag.py:1818} INFO - Sync 1 DAGs
[2022-04-18 14:50:43,966] {logging_mixin.py:104} INFO - [2022-04-18 14:50:43,966] {dag.py:2273} INFO - Setting next_dagrun for tutorial_etl_dag to None
[2022-04-18 14:50:43,970] {scheduler_job.py:190} INFO - Processing /home/airflow/.local/lib/python3.6/site-packages/airflow/example_dags/tutorial_etl_dag.py took 0.036 seconds
[2022-04-18 14:51:14,624] {scheduler_job.py:182} INFO - Started process (PID=4262) to work on /home/airflow/.local/lib/python3.6/site-packages/airflow/example_dags/tutorial_etl_dag.py
[2022-04-18 14:51:14,626] {scheduler_job.py:629} INFO - Processing file /home/airflow/.local/lib/python3.6/site-packages/airflow/example_dags/tutorial_etl_dag.py for tasks to queue
[2022-04-18 14:51:14,626] {logging_mixin.py:104} INFO - [2022-04-18 14:51:14,626] {dagbag.py:448} INFO - Filling up the DagBag from /home/airflow/.local/lib/python3.6/site-packages/airflow/example_dags/tutorial_etl_dag.py
[2022-04-18 14:51:14,634] {scheduler_job.py:639} INFO - DAG(s) dict_keys(['tutorial_etl_dag']) retrieved from /home/airflow/.local/lib/python3.6/site-packages/airflow/example_dags/tutorial_etl_dag.py
[2022-04-18 14:51:14,649] {logging_mixin.py:104} INFO - [2022-04-18 14:51:14,649] {dag.py:1818} INFO - Sync 1 DAGs
[2022-04-18 14:51:14,661] {logging_mixin.py:104} INFO - [2022-04-18 14:51:14,661] {dag.py:2273} INFO - Setting next_dagrun for tutorial_etl_dag to None
[2022-04-18 14:51:14,665] {scheduler_job.py:190} INFO - Processing /home/airflow/.local/lib/python3.6/site-packages/airflow/example_dags/tutorial_etl_dag.py took 0.042 seconds
[2022-04-18 14:51:45,326] {scheduler_job.py:182} INFO - Started process (PID=4397) to work on /home/airflow/.local/lib/python3.6/site-packages/airflow/example_dags/tutorial_etl_dag.py
[2022-04-18 14:51:45,327] {scheduler_job.py:629} INFO - Processing file /home/airflow/.local/lib/python3.6/site-packages/airflow/example_dags/tutorial_etl_dag.py for tasks to queue
[2022-04-18 14:51:45,328] {logging_mixin.py:104} INFO - [2022-04-18 14:51:45,328] {dagbag.py:448} INFO - Filling up the DagBag from /home/airflow/.local/lib/python3.6/site-packages/airflow/example_dags/tutorial_etl_dag.py
[2022-04-18 14:51:45,336] {scheduler_job.py:639} INFO - DAG(s) dict_keys(['tutorial_etl_dag']) retrieved from /home/airflow/.local/lib/python3.6/site-packages/airflow/example_dags/tutorial_etl_dag.py
[2022-04-18 14:51:45,346] {logging_mixin.py:104} INFO - [2022-04-18 14:51:45,346] {dag.py:1818} INFO - Sync 1 DAGs
[2022-04-18 14:51:45,355] {logging_mixin.py:104} INFO - [2022-04-18 14:51:45,355] {dag.py:2273} INFO - Setting next_dagrun for tutorial_etl_dag to None
[2022-04-18 14:51:45,360] {scheduler_job.py:190} INFO - Processing /home/airflow/.local/lib/python3.6/site-packages/airflow/example_dags/tutorial_etl_dag.py took 0.036 seconds
[2022-04-18 14:52:16,060] {scheduler_job.py:182} INFO - Started process (PID=4532) to work on /home/airflow/.local/lib/python3.6/site-packages/airflow/example_dags/tutorial_etl_dag.py
[2022-04-18 14:52:16,060] {scheduler_job.py:629} INFO - Processing file /home/airflow/.local/lib/python3.6/site-packages/airflow/example_dags/tutorial_etl_dag.py for tasks to queue
[2022-04-18 14:52:16,061] {logging_mixin.py:104} INFO - [2022-04-18 14:52:16,061] {dagbag.py:448} INFO - Filling up the DagBag from /home/airflow/.local/lib/python3.6/site-packages/airflow/example_dags/tutorial_etl_dag.py
[2022-04-18 14:52:16,070] {scheduler_job.py:639} INFO - DAG(s) dict_keys(['tutorial_etl_dag']) retrieved from /home/airflow/.local/lib/python3.6/site-packages/airflow/example_dags/tutorial_etl_dag.py
[2022-04-18 14:52:16,079] {logging_mixin.py:104} INFO - [2022-04-18 14:52:16,079] {dag.py:1818} INFO - Sync 1 DAGs
[2022-04-18 14:52:16,086] {logging_mixin.py:104} INFO - [2022-04-18 14:52:16,086] {dag.py:2273} INFO - Setting next_dagrun for tutorial_etl_dag to None
[2022-04-18 14:52:16,089] {scheduler_job.py:190} INFO - Processing /home/airflow/.local/lib/python3.6/site-packages/airflow/example_dags/tutorial_etl_dag.py took 0.031 seconds
[2022-04-18 14:52:46,725] {scheduler_job.py:182} INFO - Started process (PID=4667) to work on /home/airflow/.local/lib/python3.6/site-packages/airflow/example_dags/tutorial_etl_dag.py
[2022-04-18 14:52:46,725] {scheduler_job.py:629} INFO - Processing file /home/airflow/.local/lib/python3.6/site-packages/airflow/example_dags/tutorial_etl_dag.py for tasks to queue
[2022-04-18 14:52:46,726] {logging_mixin.py:104} INFO - [2022-04-18 14:52:46,726] {dagbag.py:448} INFO - Filling up the DagBag from /home/airflow/.local/lib/python3.6/site-packages/airflow/example_dags/tutorial_etl_dag.py
[2022-04-18 14:52:46,733] {scheduler_job.py:639} INFO - DAG(s) dict_keys(['tutorial_etl_dag']) retrieved from /home/airflow/.local/lib/python3.6/site-packages/airflow/example_dags/tutorial_etl_dag.py
[2022-04-18 14:52:46,747] {logging_mixin.py:104} INFO - [2022-04-18 14:52:46,747] {dag.py:1818} INFO - Sync 1 DAGs
[2022-04-18 14:52:46,756] {logging_mixin.py:104} INFO - [2022-04-18 14:52:46,756] {dag.py:2273} INFO - Setting next_dagrun for tutorial_etl_dag to None
[2022-04-18 14:52:46,760] {scheduler_job.py:190} INFO - Processing /home/airflow/.local/lib/python3.6/site-packages/airflow/example_dags/tutorial_etl_dag.py took 0.038 seconds
[2022-04-18 14:53:17,407] {scheduler_job.py:182} INFO - Started process (PID=4802) to work on /home/airflow/.local/lib/python3.6/site-packages/airflow/example_dags/tutorial_etl_dag.py
[2022-04-18 14:53:17,408] {scheduler_job.py:629} INFO - Processing file /home/airflow/.local/lib/python3.6/site-packages/airflow/example_dags/tutorial_etl_dag.py for tasks to queue
[2022-04-18 14:53:17,409] {logging_mixin.py:104} INFO - [2022-04-18 14:53:17,409] {dagbag.py:448} INFO - Filling up the DagBag from /home/airflow/.local/lib/python3.6/site-packages/airflow/example_dags/tutorial_etl_dag.py
[2022-04-18 14:53:17,419] {scheduler_job.py:639} INFO - DAG(s) dict_keys(['tutorial_etl_dag']) retrieved from /home/airflow/.local/lib/python3.6/site-packages/airflow/example_dags/tutorial_etl_dag.py
[2022-04-18 14:53:17,434] {logging_mixin.py:104} INFO - [2022-04-18 14:53:17,434] {dag.py:1818} INFO - Sync 1 DAGs
[2022-04-18 14:53:17,443] {logging_mixin.py:104} INFO - [2022-04-18 14:53:17,443] {dag.py:2273} INFO - Setting next_dagrun for tutorial_etl_dag to None
[2022-04-18 14:53:17,447] {scheduler_job.py:190} INFO - Processing /home/airflow/.local/lib/python3.6/site-packages/airflow/example_dags/tutorial_etl_dag.py took 0.042 seconds
[2022-04-18 14:53:48,101] {scheduler_job.py:182} INFO - Started process (PID=4937) to work on /home/airflow/.local/lib/python3.6/site-packages/airflow/example_dags/tutorial_etl_dag.py
[2022-04-18 14:53:48,102] {scheduler_job.py:629} INFO - Processing file /home/airflow/.local/lib/python3.6/site-packages/airflow/example_dags/tutorial_etl_dag.py for tasks to queue
[2022-04-18 14:53:48,102] {logging_mixin.py:104} INFO - [2022-04-18 14:53:48,102] {dagbag.py:448} INFO - Filling up the DagBag from /home/airflow/.local/lib/python3.6/site-packages/airflow/example_dags/tutorial_etl_dag.py
[2022-04-18 14:53:48,109] {scheduler_job.py:639} INFO - DAG(s) dict_keys(['tutorial_etl_dag']) retrieved from /home/airflow/.local/lib/python3.6/site-packages/airflow/example_dags/tutorial_etl_dag.py
[2022-04-18 14:53:48,119] {logging_mixin.py:104} INFO - [2022-04-18 14:53:48,119] {dag.py:1818} INFO - Sync 1 DAGs
[2022-04-18 14:53:48,126] {logging_mixin.py:104} INFO - [2022-04-18 14:53:48,126] {dag.py:2273} INFO - Setting next_dagrun for tutorial_etl_dag to None
[2022-04-18 14:53:48,130] {scheduler_job.py:190} INFO - Processing /home/airflow/.local/lib/python3.6/site-packages/airflow/example_dags/tutorial_etl_dag.py took 0.032 seconds
[2022-04-18 14:54:18,842] {scheduler_job.py:182} INFO - Started process (PID=5072) to work on /home/airflow/.local/lib/python3.6/site-packages/airflow/example_dags/tutorial_etl_dag.py
[2022-04-18 14:54:18,843] {scheduler_job.py:629} INFO - Processing file /home/airflow/.local/lib/python3.6/site-packages/airflow/example_dags/tutorial_etl_dag.py for tasks to queue
[2022-04-18 14:54:18,843] {logging_mixin.py:104} INFO - [2022-04-18 14:54:18,843] {dagbag.py:448} INFO - Filling up the DagBag from /home/airflow/.local/lib/python3.6/site-packages/airflow/example_dags/tutorial_etl_dag.py
[2022-04-18 14:54:18,850] {scheduler_job.py:639} INFO - DAG(s) dict_keys(['tutorial_etl_dag']) retrieved from /home/airflow/.local/lib/python3.6/site-packages/airflow/example_dags/tutorial_etl_dag.py
[2022-04-18 14:54:18,863] {logging_mixin.py:104} INFO - [2022-04-18 14:54:18,863] {dag.py:1818} INFO - Sync 1 DAGs
[2022-04-18 14:54:18,872] {logging_mixin.py:104} INFO - [2022-04-18 14:54:18,872] {dag.py:2273} INFO - Setting next_dagrun for tutorial_etl_dag to None
[2022-04-18 14:54:18,876] {scheduler_job.py:190} INFO - Processing /home/airflow/.local/lib/python3.6/site-packages/airflow/example_dags/tutorial_etl_dag.py took 0.036 seconds
[2022-04-18 14:54:49,513] {scheduler_job.py:182} INFO - Started process (PID=5207) to work on /home/airflow/.local/lib/python3.6/site-packages/airflow/example_dags/tutorial_etl_dag.py
[2022-04-18 14:54:49,514] {scheduler_job.py:629} INFO - Processing file /home/airflow/.local/lib/python3.6/site-packages/airflow/example_dags/tutorial_etl_dag.py for tasks to queue
[2022-04-18 14:54:49,514] {logging_mixin.py:104} INFO - [2022-04-18 14:54:49,514] {dagbag.py:448} INFO - Filling up the DagBag from /home/airflow/.local/lib/python3.6/site-packages/airflow/example_dags/tutorial_etl_dag.py
[2022-04-18 14:54:49,521] {scheduler_job.py:639} INFO - DAG(s) dict_keys(['tutorial_etl_dag']) retrieved from /home/airflow/.local/lib/python3.6/site-packages/airflow/example_dags/tutorial_etl_dag.py
[2022-04-18 14:54:49,535] {logging_mixin.py:104} INFO - [2022-04-18 14:54:49,534] {dag.py:1818} INFO - Sync 1 DAGs
[2022-04-18 14:54:49,543] {logging_mixin.py:104} INFO - [2022-04-18 14:54:49,543] {dag.py:2273} INFO - Setting next_dagrun for tutorial_etl_dag to None
[2022-04-18 14:54:49,547] {scheduler_job.py:190} INFO - Processing /home/airflow/.local/lib/python3.6/site-packages/airflow/example_dags/tutorial_etl_dag.py took 0.037 seconds
[2022-04-18 14:55:20,238] {scheduler_job.py:182} INFO - Started process (PID=5344) to work on /home/airflow/.local/lib/python3.6/site-packages/airflow/example_dags/tutorial_etl_dag.py
[2022-04-18 14:55:20,239] {scheduler_job.py:629} INFO - Processing file /home/airflow/.local/lib/python3.6/site-packages/airflow/example_dags/tutorial_etl_dag.py for tasks to queue
[2022-04-18 14:55:20,240] {logging_mixin.py:104} INFO - [2022-04-18 14:55:20,240] {dagbag.py:448} INFO - Filling up the DagBag from /home/airflow/.local/lib/python3.6/site-packages/airflow/example_dags/tutorial_etl_dag.py
[2022-04-18 14:55:20,249] {scheduler_job.py:639} INFO - DAG(s) dict_keys(['tutorial_etl_dag']) retrieved from /home/airflow/.local/lib/python3.6/site-packages/airflow/example_dags/tutorial_etl_dag.py
[2022-04-18 14:55:20,264] {logging_mixin.py:104} INFO - [2022-04-18 14:55:20,264] {dag.py:1818} INFO - Sync 1 DAGs
[2022-04-18 14:55:20,271] {logging_mixin.py:104} INFO - [2022-04-18 14:55:20,271] {dag.py:2273} INFO - Setting next_dagrun for tutorial_etl_dag to None
[2022-04-18 14:55:20,275] {scheduler_job.py:190} INFO - Processing /home/airflow/.local/lib/python3.6/site-packages/airflow/example_dags/tutorial_etl_dag.py took 0.039 seconds
[2022-04-18 14:55:50,930] {scheduler_job.py:182} INFO - Started process (PID=5477) to work on /home/airflow/.local/lib/python3.6/site-packages/airflow/example_dags/tutorial_etl_dag.py
[2022-04-18 14:55:50,930] {scheduler_job.py:629} INFO - Processing file /home/airflow/.local/lib/python3.6/site-packages/airflow/example_dags/tutorial_etl_dag.py for tasks to queue
[2022-04-18 14:55:50,931] {logging_mixin.py:104} INFO - [2022-04-18 14:55:50,931] {dagbag.py:448} INFO - Filling up the DagBag from /home/airflow/.local/lib/python3.6/site-packages/airflow/example_dags/tutorial_etl_dag.py
[2022-04-18 14:55:50,939] {scheduler_job.py:639} INFO - DAG(s) dict_keys(['tutorial_etl_dag']) retrieved from /home/airflow/.local/lib/python3.6/site-packages/airflow/example_dags/tutorial_etl_dag.py
[2022-04-18 14:55:50,952] {logging_mixin.py:104} INFO - [2022-04-18 14:55:50,952] {dag.py:1818} INFO - Sync 1 DAGs
[2022-04-18 14:55:50,959] {logging_mixin.py:104} INFO - [2022-04-18 14:55:50,959] {dag.py:2273} INFO - Setting next_dagrun for tutorial_etl_dag to None
[2022-04-18 14:55:50,963] {scheduler_job.py:190} INFO - Processing /home/airflow/.local/lib/python3.6/site-packages/airflow/example_dags/tutorial_etl_dag.py took 0.036 seconds
[2022-04-18 14:56:21,621] {scheduler_job.py:182} INFO - Started process (PID=5612) to work on /home/airflow/.local/lib/python3.6/site-packages/airflow/example_dags/tutorial_etl_dag.py
[2022-04-18 14:56:21,622] {scheduler_job.py:629} INFO - Processing file /home/airflow/.local/lib/python3.6/site-packages/airflow/example_dags/tutorial_etl_dag.py for tasks to queue
[2022-04-18 14:56:21,622] {logging_mixin.py:104} INFO - [2022-04-18 14:56:21,622] {dagbag.py:448} INFO - Filling up the DagBag from /home/airflow/.local/lib/python3.6/site-packages/airflow/example_dags/tutorial_etl_dag.py
[2022-04-18 14:56:21,632] {scheduler_job.py:639} INFO - DAG(s) dict_keys(['tutorial_etl_dag']) retrieved from /home/airflow/.local/lib/python3.6/site-packages/airflow/example_dags/tutorial_etl_dag.py
[2022-04-18 14:56:21,647] {logging_mixin.py:104} INFO - [2022-04-18 14:56:21,647] {dag.py:1818} INFO - Sync 1 DAGs
[2022-04-18 14:56:21,656] {logging_mixin.py:104} INFO - [2022-04-18 14:56:21,656] {dag.py:2273} INFO - Setting next_dagrun for tutorial_etl_dag to None
[2022-04-18 14:56:21,660] {scheduler_job.py:190} INFO - Processing /home/airflow/.local/lib/python3.6/site-packages/airflow/example_dags/tutorial_etl_dag.py took 0.042 seconds
[2022-04-18 14:56:52,297] {scheduler_job.py:182} INFO - Started process (PID=5747) to work on /home/airflow/.local/lib/python3.6/site-packages/airflow/example_dags/tutorial_etl_dag.py
[2022-04-18 14:56:52,298] {scheduler_job.py:629} INFO - Processing file /home/airflow/.local/lib/python3.6/site-packages/airflow/example_dags/tutorial_etl_dag.py for tasks to queue
[2022-04-18 14:56:52,298] {logging_mixin.py:104} INFO - [2022-04-18 14:56:52,298] {dagbag.py:448} INFO - Filling up the DagBag from /home/airflow/.local/lib/python3.6/site-packages/airflow/example_dags/tutorial_etl_dag.py
[2022-04-18 14:56:52,305] {scheduler_job.py:639} INFO - DAG(s) dict_keys(['tutorial_etl_dag']) retrieved from /home/airflow/.local/lib/python3.6/site-packages/airflow/example_dags/tutorial_etl_dag.py
[2022-04-18 14:56:52,318] {logging_mixin.py:104} INFO - [2022-04-18 14:56:52,317] {dag.py:1818} INFO - Sync 1 DAGs
[2022-04-18 14:56:52,327] {logging_mixin.py:104} INFO - [2022-04-18 14:56:52,327] {dag.py:2273} INFO - Setting next_dagrun for tutorial_etl_dag to None
[2022-04-18 14:56:52,331] {scheduler_job.py:190} INFO - Processing /home/airflow/.local/lib/python3.6/site-packages/airflow/example_dags/tutorial_etl_dag.py took 0.036 seconds
[2022-04-18 14:57:23,055] {scheduler_job.py:182} INFO - Started process (PID=5884) to work on /home/airflow/.local/lib/python3.6/site-packages/airflow/example_dags/tutorial_etl_dag.py
[2022-04-18 14:57:23,056] {scheduler_job.py:629} INFO - Processing file /home/airflow/.local/lib/python3.6/site-packages/airflow/example_dags/tutorial_etl_dag.py for tasks to queue
[2022-04-18 14:57:23,056] {logging_mixin.py:104} INFO - [2022-04-18 14:57:23,056] {dagbag.py:448} INFO - Filling up the DagBag from /home/airflow/.local/lib/python3.6/site-packages/airflow/example_dags/tutorial_etl_dag.py
[2022-04-18 14:57:23,065] {scheduler_job.py:639} INFO - DAG(s) dict_keys(['tutorial_etl_dag']) retrieved from /home/airflow/.local/lib/python3.6/site-packages/airflow/example_dags/tutorial_etl_dag.py
[2022-04-18 14:57:23,082] {logging_mixin.py:104} INFO - [2022-04-18 14:57:23,082] {dag.py:1818} INFO - Sync 1 DAGs
[2022-04-18 14:57:23,089] {logging_mixin.py:104} INFO - [2022-04-18 14:57:23,089] {dag.py:2273} INFO - Setting next_dagrun for tutorial_etl_dag to None
[2022-04-18 14:57:23,092] {scheduler_job.py:190} INFO - Processing /home/airflow/.local/lib/python3.6/site-packages/airflow/example_dags/tutorial_etl_dag.py took 0.039 seconds
[2022-04-18 14:57:53,726] {scheduler_job.py:182} INFO - Started process (PID=6017) to work on /home/airflow/.local/lib/python3.6/site-packages/airflow/example_dags/tutorial_etl_dag.py
[2022-04-18 14:57:53,727] {scheduler_job.py:629} INFO - Processing file /home/airflow/.local/lib/python3.6/site-packages/airflow/example_dags/tutorial_etl_dag.py for tasks to queue
[2022-04-18 14:57:53,727] {logging_mixin.py:104} INFO - [2022-04-18 14:57:53,727] {dagbag.py:448} INFO - Filling up the DagBag from /home/airflow/.local/lib/python3.6/site-packages/airflow/example_dags/tutorial_etl_dag.py
[2022-04-18 14:57:53,735] {scheduler_job.py:639} INFO - DAG(s) dict_keys(['tutorial_etl_dag']) retrieved from /home/airflow/.local/lib/python3.6/site-packages/airflow/example_dags/tutorial_etl_dag.py
[2022-04-18 14:57:53,748] {logging_mixin.py:104} INFO - [2022-04-18 14:57:53,748] {dag.py:1818} INFO - Sync 1 DAGs
[2022-04-18 14:57:53,757] {logging_mixin.py:104} INFO - [2022-04-18 14:57:53,757] {dag.py:2273} INFO - Setting next_dagrun for tutorial_etl_dag to None
[2022-04-18 14:57:53,761] {scheduler_job.py:190} INFO - Processing /home/airflow/.local/lib/python3.6/site-packages/airflow/example_dags/tutorial_etl_dag.py took 0.036 seconds
[2022-04-18 14:58:24,466] {scheduler_job.py:182} INFO - Started process (PID=6154) to work on /home/airflow/.local/lib/python3.6/site-packages/airflow/example_dags/tutorial_etl_dag.py
[2022-04-18 14:58:24,467] {scheduler_job.py:629} INFO - Processing file /home/airflow/.local/lib/python3.6/site-packages/airflow/example_dags/tutorial_etl_dag.py for tasks to queue
[2022-04-18 14:58:24,468] {logging_mixin.py:104} INFO - [2022-04-18 14:58:24,468] {dagbag.py:448} INFO - Filling up the DagBag from /home/airflow/.local/lib/python3.6/site-packages/airflow/example_dags/tutorial_etl_dag.py
[2022-04-18 14:58:24,475] {scheduler_job.py:639} INFO - DAG(s) dict_keys(['tutorial_etl_dag']) retrieved from /home/airflow/.local/lib/python3.6/site-packages/airflow/example_dags/tutorial_etl_dag.py
[2022-04-18 14:58:24,489] {logging_mixin.py:104} INFO - [2022-04-18 14:58:24,489] {dag.py:1818} INFO - Sync 1 DAGs
[2022-04-18 14:58:24,496] {logging_mixin.py:104} INFO - [2022-04-18 14:58:24,496] {dag.py:2273} INFO - Setting next_dagrun for tutorial_etl_dag to None
[2022-04-18 14:58:24,500] {scheduler_job.py:190} INFO - Processing /home/airflow/.local/lib/python3.6/site-packages/airflow/example_dags/tutorial_etl_dag.py took 0.037 seconds
[2022-04-18 14:58:55,148] {scheduler_job.py:182} INFO - Started process (PID=6287) to work on /home/airflow/.local/lib/python3.6/site-packages/airflow/example_dags/tutorial_etl_dag.py
[2022-04-18 14:58:55,149] {scheduler_job.py:629} INFO - Processing file /home/airflow/.local/lib/python3.6/site-packages/airflow/example_dags/tutorial_etl_dag.py for tasks to queue
[2022-04-18 14:58:55,149] {logging_mixin.py:104} INFO - [2022-04-18 14:58:55,149] {dagbag.py:448} INFO - Filling up the DagBag from /home/airflow/.local/lib/python3.6/site-packages/airflow/example_dags/tutorial_etl_dag.py
[2022-04-18 14:58:55,157] {scheduler_job.py:639} INFO - DAG(s) dict_keys(['tutorial_etl_dag']) retrieved from /home/airflow/.local/lib/python3.6/site-packages/airflow/example_dags/tutorial_etl_dag.py
[2022-04-18 14:58:55,173] {logging_mixin.py:104} INFO - [2022-04-18 14:58:55,173] {dag.py:1818} INFO - Sync 1 DAGs
[2022-04-18 14:58:55,180] {logging_mixin.py:104} INFO - [2022-04-18 14:58:55,180] {dag.py:2273} INFO - Setting next_dagrun for tutorial_etl_dag to None
[2022-04-18 14:58:55,184] {scheduler_job.py:190} INFO - Processing /home/airflow/.local/lib/python3.6/site-packages/airflow/example_dags/tutorial_etl_dag.py took 0.038 seconds
[2022-04-18 14:59:25,811] {scheduler_job.py:182} INFO - Started process (PID=6422) to work on /home/airflow/.local/lib/python3.6/site-packages/airflow/example_dags/tutorial_etl_dag.py
[2022-04-18 14:59:25,812] {scheduler_job.py:629} INFO - Processing file /home/airflow/.local/lib/python3.6/site-packages/airflow/example_dags/tutorial_etl_dag.py for tasks to queue
[2022-04-18 14:59:25,812] {logging_mixin.py:104} INFO - [2022-04-18 14:59:25,812] {dagbag.py:448} INFO - Filling up the DagBag from /home/airflow/.local/lib/python3.6/site-packages/airflow/example_dags/tutorial_etl_dag.py
[2022-04-18 14:59:25,820] {scheduler_job.py:639} INFO - DAG(s) dict_keys(['tutorial_etl_dag']) retrieved from /home/airflow/.local/lib/python3.6/site-packages/airflow/example_dags/tutorial_etl_dag.py
[2022-04-18 14:59:25,836] {logging_mixin.py:104} INFO - [2022-04-18 14:59:25,836] {dag.py:1818} INFO - Sync 1 DAGs
[2022-04-18 14:59:25,844] {logging_mixin.py:104} INFO - [2022-04-18 14:59:25,844] {dag.py:2273} INFO - Setting next_dagrun for tutorial_etl_dag to None
[2022-04-18 14:59:25,848] {scheduler_job.py:190} INFO - Processing /home/airflow/.local/lib/python3.6/site-packages/airflow/example_dags/tutorial_etl_dag.py took 0.038 seconds
[2022-04-18 14:59:56,498] {scheduler_job.py:182} INFO - Started process (PID=6557) to work on /home/airflow/.local/lib/python3.6/site-packages/airflow/example_dags/tutorial_etl_dag.py
[2022-04-18 14:59:56,499] {scheduler_job.py:629} INFO - Processing file /home/airflow/.local/lib/python3.6/site-packages/airflow/example_dags/tutorial_etl_dag.py for tasks to queue
[2022-04-18 14:59:56,500] {logging_mixin.py:104} INFO - [2022-04-18 14:59:56,499] {dagbag.py:448} INFO - Filling up the DagBag from /home/airflow/.local/lib/python3.6/site-packages/airflow/example_dags/tutorial_etl_dag.py
[2022-04-18 14:59:56,508] {scheduler_job.py:639} INFO - DAG(s) dict_keys(['tutorial_etl_dag']) retrieved from /home/airflow/.local/lib/python3.6/site-packages/airflow/example_dags/tutorial_etl_dag.py
[2022-04-18 14:59:56,521] {logging_mixin.py:104} INFO - [2022-04-18 14:59:56,521] {dag.py:1818} INFO - Sync 1 DAGs
[2022-04-18 14:59:56,528] {logging_mixin.py:104} INFO - [2022-04-18 14:59:56,528] {dag.py:2273} INFO - Setting next_dagrun for tutorial_etl_dag to None
[2022-04-18 14:59:56,532] {scheduler_job.py:190} INFO - Processing /home/airflow/.local/lib/python3.6/site-packages/airflow/example_dags/tutorial_etl_dag.py took 0.036 seconds
[2022-04-18 15:00:27,192] {scheduler_job.py:182} INFO - Started process (PID=6692) to work on /home/airflow/.local/lib/python3.6/site-packages/airflow/example_dags/tutorial_etl_dag.py
[2022-04-18 15:00:27,193] {scheduler_job.py:629} INFO - Processing file /home/airflow/.local/lib/python3.6/site-packages/airflow/example_dags/tutorial_etl_dag.py for tasks to queue
[2022-04-18 15:00:27,193] {logging_mixin.py:104} INFO - [2022-04-18 15:00:27,193] {dagbag.py:448} INFO - Filling up the DagBag from /home/airflow/.local/lib/python3.6/site-packages/airflow/example_dags/tutorial_etl_dag.py
[2022-04-18 15:00:27,201] {scheduler_job.py:639} INFO - DAG(s) dict_keys(['tutorial_etl_dag']) retrieved from /home/airflow/.local/lib/python3.6/site-packages/airflow/example_dags/tutorial_etl_dag.py
[2022-04-18 15:00:27,210] {logging_mixin.py:104} INFO - [2022-04-18 15:00:27,210] {dag.py:1818} INFO - Sync 1 DAGs
[2022-04-18 15:00:27,217] {logging_mixin.py:104} INFO - [2022-04-18 15:00:27,217] {dag.py:2273} INFO - Setting next_dagrun for tutorial_etl_dag to None
[2022-04-18 15:00:27,221] {scheduler_job.py:190} INFO - Processing /home/airflow/.local/lib/python3.6/site-packages/airflow/example_dags/tutorial_etl_dag.py took 0.031 seconds
[2022-04-18 15:00:57,852] {scheduler_job.py:182} INFO - Started process (PID=6827) to work on /home/airflow/.local/lib/python3.6/site-packages/airflow/example_dags/tutorial_etl_dag.py
[2022-04-18 15:00:57,853] {scheduler_job.py:629} INFO - Processing file /home/airflow/.local/lib/python3.6/site-packages/airflow/example_dags/tutorial_etl_dag.py for tasks to queue
[2022-04-18 15:00:57,854] {logging_mixin.py:104} INFO - [2022-04-18 15:00:57,853] {dagbag.py:448} INFO - Filling up the DagBag from /home/airflow/.local/lib/python3.6/site-packages/airflow/example_dags/tutorial_etl_dag.py
[2022-04-18 15:00:57,862] {scheduler_job.py:639} INFO - DAG(s) dict_keys(['tutorial_etl_dag']) retrieved from /home/airflow/.local/lib/python3.6/site-packages/airflow/example_dags/tutorial_etl_dag.py
[2022-04-18 15:00:57,876] {logging_mixin.py:104} INFO - [2022-04-18 15:00:57,876] {dag.py:1818} INFO - Sync 1 DAGs
[2022-04-18 15:00:57,886] {logging_mixin.py:104} INFO - [2022-04-18 15:00:57,886] {dag.py:2273} INFO - Setting next_dagrun for tutorial_etl_dag to None
[2022-04-18 15:00:57,890] {scheduler_job.py:190} INFO - Processing /home/airflow/.local/lib/python3.6/site-packages/airflow/example_dags/tutorial_etl_dag.py took 0.040 seconds
[2022-04-18 15:01:28,540] {scheduler_job.py:182} INFO - Started process (PID=6962) to work on /home/airflow/.local/lib/python3.6/site-packages/airflow/example_dags/tutorial_etl_dag.py
[2022-04-18 15:01:28,541] {scheduler_job.py:629} INFO - Processing file /home/airflow/.local/lib/python3.6/site-packages/airflow/example_dags/tutorial_etl_dag.py for tasks to queue
[2022-04-18 15:01:28,541] {logging_mixin.py:104} INFO - [2022-04-18 15:01:28,541] {dagbag.py:448} INFO - Filling up the DagBag from /home/airflow/.local/lib/python3.6/site-packages/airflow/example_dags/tutorial_etl_dag.py
[2022-04-18 15:01:28,548] {scheduler_job.py:639} INFO - DAG(s) dict_keys(['tutorial_etl_dag']) retrieved from /home/airflow/.local/lib/python3.6/site-packages/airflow/example_dags/tutorial_etl_dag.py
[2022-04-18 15:01:28,562] {logging_mixin.py:104} INFO - [2022-04-18 15:01:28,561] {dag.py:1818} INFO - Sync 1 DAGs
[2022-04-18 15:01:28,571] {logging_mixin.py:104} INFO - [2022-04-18 15:01:28,571] {dag.py:2273} INFO - Setting next_dagrun for tutorial_etl_dag to None
[2022-04-18 15:01:28,575] {scheduler_job.py:190} INFO - Processing /home/airflow/.local/lib/python3.6/site-packages/airflow/example_dags/tutorial_etl_dag.py took 0.038 seconds
[2022-04-18 15:01:59,298] {scheduler_job.py:182} INFO - Started process (PID=7099) to work on /home/airflow/.local/lib/python3.6/site-packages/airflow/example_dags/tutorial_etl_dag.py
[2022-04-18 15:01:59,299] {scheduler_job.py:629} INFO - Processing file /home/airflow/.local/lib/python3.6/site-packages/airflow/example_dags/tutorial_etl_dag.py for tasks to queue
[2022-04-18 15:01:59,300] {logging_mixin.py:104} INFO - [2022-04-18 15:01:59,299] {dagbag.py:448} INFO - Filling up the DagBag from /home/airflow/.local/lib/python3.6/site-packages/airflow/example_dags/tutorial_etl_dag.py
[2022-04-18 15:01:59,306] {scheduler_job.py:639} INFO - DAG(s) dict_keys(['tutorial_etl_dag']) retrieved from /home/airflow/.local/lib/python3.6/site-packages/airflow/example_dags/tutorial_etl_dag.py
[2022-04-18 15:01:59,321] {logging_mixin.py:104} INFO - [2022-04-18 15:01:59,321] {dag.py:1818} INFO - Sync 1 DAGs
[2022-04-18 15:01:59,328] {logging_mixin.py:104} INFO - [2022-04-18 15:01:59,328] {dag.py:2273} INFO - Setting next_dagrun for tutorial_etl_dag to None
[2022-04-18 15:01:59,332] {scheduler_job.py:190} INFO - Processing /home/airflow/.local/lib/python3.6/site-packages/airflow/example_dags/tutorial_etl_dag.py took 0.035 seconds
[2022-04-18 15:02:29,987] {scheduler_job.py:182} INFO - Started process (PID=7232) to work on /home/airflow/.local/lib/python3.6/site-packages/airflow/example_dags/tutorial_etl_dag.py
[2022-04-18 15:02:29,987] {scheduler_job.py:629} INFO - Processing file /home/airflow/.local/lib/python3.6/site-packages/airflow/example_dags/tutorial_etl_dag.py for tasks to queue
[2022-04-18 15:02:29,988] {logging_mixin.py:104} INFO - [2022-04-18 15:02:29,988] {dagbag.py:448} INFO - Filling up the DagBag from /home/airflow/.local/lib/python3.6/site-packages/airflow/example_dags/tutorial_etl_dag.py
[2022-04-18 15:02:29,996] {scheduler_job.py:639} INFO - DAG(s) dict_keys(['tutorial_etl_dag']) retrieved from /home/airflow/.local/lib/python3.6/site-packages/airflow/example_dags/tutorial_etl_dag.py
[2022-04-18 15:02:30,009] {logging_mixin.py:104} INFO - [2022-04-18 15:02:30,009] {dag.py:1818} INFO - Sync 1 DAGs
[2022-04-18 15:02:30,021] {logging_mixin.py:104} INFO - [2022-04-18 15:02:30,021] {dag.py:2273} INFO - Setting next_dagrun for tutorial_etl_dag to None
[2022-04-18 15:02:30,025] {scheduler_job.py:190} INFO - Processing /home/airflow/.local/lib/python3.6/site-packages/airflow/example_dags/tutorial_etl_dag.py took 0.040 seconds
[2022-04-18 15:03:00,669] {scheduler_job.py:182} INFO - Started process (PID=7367) to work on /home/airflow/.local/lib/python3.6/site-packages/airflow/example_dags/tutorial_etl_dag.py
[2022-04-18 15:03:00,670] {scheduler_job.py:629} INFO - Processing file /home/airflow/.local/lib/python3.6/site-packages/airflow/example_dags/tutorial_etl_dag.py for tasks to queue
[2022-04-18 15:03:00,670] {logging_mixin.py:104} INFO - [2022-04-18 15:03:00,670] {dagbag.py:448} INFO - Filling up the DagBag from /home/airflow/.local/lib/python3.6/site-packages/airflow/example_dags/tutorial_etl_dag.py
[2022-04-18 15:03:00,679] {scheduler_job.py:639} INFO - DAG(s) dict_keys(['tutorial_etl_dag']) retrieved from /home/airflow/.local/lib/python3.6/site-packages/airflow/example_dags/tutorial_etl_dag.py
[2022-04-18 15:03:00,691] {logging_mixin.py:104} INFO - [2022-04-18 15:03:00,691] {dag.py:1818} INFO - Sync 1 DAGs
[2022-04-18 15:03:00,700] {logging_mixin.py:104} INFO - [2022-04-18 15:03:00,700] {dag.py:2273} INFO - Setting next_dagrun for tutorial_etl_dag to None
[2022-04-18 15:03:00,704] {scheduler_job.py:190} INFO - Processing /home/airflow/.local/lib/python3.6/site-packages/airflow/example_dags/tutorial_etl_dag.py took 0.037 seconds
[2022-04-18 15:03:31,349] {scheduler_job.py:182} INFO - Started process (PID=7502) to work on /home/airflow/.local/lib/python3.6/site-packages/airflow/example_dags/tutorial_etl_dag.py
[2022-04-18 15:03:31,351] {scheduler_job.py:629} INFO - Processing file /home/airflow/.local/lib/python3.6/site-packages/airflow/example_dags/tutorial_etl_dag.py for tasks to queue
[2022-04-18 15:03:31,351] {logging_mixin.py:104} INFO - [2022-04-18 15:03:31,351] {dagbag.py:448} INFO - Filling up the DagBag from /home/airflow/.local/lib/python3.6/site-packages/airflow/example_dags/tutorial_etl_dag.py
[2022-04-18 15:03:31,362] {scheduler_job.py:639} INFO - DAG(s) dict_keys(['tutorial_etl_dag']) retrieved from /home/airflow/.local/lib/python3.6/site-packages/airflow/example_dags/tutorial_etl_dag.py
[2022-04-18 15:03:31,377] {logging_mixin.py:104} INFO - [2022-04-18 15:03:31,377] {dag.py:1818} INFO - Sync 1 DAGs
[2022-04-18 15:03:31,389] {logging_mixin.py:104} INFO - [2022-04-18 15:03:31,389] {dag.py:2273} INFO - Setting next_dagrun for tutorial_etl_dag to None
[2022-04-18 15:03:31,393] {scheduler_job.py:190} INFO - Processing /home/airflow/.local/lib/python3.6/site-packages/airflow/example_dags/tutorial_etl_dag.py took 0.046 seconds
[2022-04-18 15:04:02,019] {scheduler_job.py:182} INFO - Started process (PID=7637) to work on /home/airflow/.local/lib/python3.6/site-packages/airflow/example_dags/tutorial_etl_dag.py
[2022-04-18 15:04:02,020] {scheduler_job.py:629} INFO - Processing file /home/airflow/.local/lib/python3.6/site-packages/airflow/example_dags/tutorial_etl_dag.py for tasks to queue
[2022-04-18 15:04:02,021] {logging_mixin.py:104} INFO - [2022-04-18 15:04:02,021] {dagbag.py:448} INFO - Filling up the DagBag from /home/airflow/.local/lib/python3.6/site-packages/airflow/example_dags/tutorial_etl_dag.py
[2022-04-18 15:04:02,028] {scheduler_job.py:639} INFO - DAG(s) dict_keys(['tutorial_etl_dag']) retrieved from /home/airflow/.local/lib/python3.6/site-packages/airflow/example_dags/tutorial_etl_dag.py
[2022-04-18 15:04:02,039] {logging_mixin.py:104} INFO - [2022-04-18 15:04:02,039] {dag.py:1818} INFO - Sync 1 DAGs
[2022-04-18 15:04:02,048] {logging_mixin.py:104} INFO - [2022-04-18 15:04:02,048] {dag.py:2273} INFO - Setting next_dagrun for tutorial_etl_dag to None
[2022-04-18 15:04:02,052] {scheduler_job.py:190} INFO - Processing /home/airflow/.local/lib/python3.6/site-packages/airflow/example_dags/tutorial_etl_dag.py took 0.035 seconds
[2022-04-18 15:04:32,763] {scheduler_job.py:182} INFO - Started process (PID=7774) to work on /home/airflow/.local/lib/python3.6/site-packages/airflow/example_dags/tutorial_etl_dag.py
[2022-04-18 15:04:32,764] {scheduler_job.py:629} INFO - Processing file /home/airflow/.local/lib/python3.6/site-packages/airflow/example_dags/tutorial_etl_dag.py for tasks to queue
[2022-04-18 15:04:32,764] {logging_mixin.py:104} INFO - [2022-04-18 15:04:32,764] {dagbag.py:448} INFO - Filling up the DagBag from /home/airflow/.local/lib/python3.6/site-packages/airflow/example_dags/tutorial_etl_dag.py
[2022-04-18 15:04:32,773] {scheduler_job.py:639} INFO - DAG(s) dict_keys(['tutorial_etl_dag']) retrieved from /home/airflow/.local/lib/python3.6/site-packages/airflow/example_dags/tutorial_etl_dag.py
[2022-04-18 15:04:32,783] {logging_mixin.py:104} INFO - [2022-04-18 15:04:32,783] {dag.py:1818} INFO - Sync 1 DAGs
[2022-04-18 15:04:32,793] {logging_mixin.py:104} INFO - [2022-04-18 15:04:32,793] {dag.py:2273} INFO - Setting next_dagrun for tutorial_etl_dag to None
[2022-04-18 15:04:32,797] {scheduler_job.py:190} INFO - Processing /home/airflow/.local/lib/python3.6/site-packages/airflow/example_dags/tutorial_etl_dag.py took 0.036 seconds
[2022-04-18 15:05:03,421] {scheduler_job.py:182} INFO - Started process (PID=7907) to work on /home/airflow/.local/lib/python3.6/site-packages/airflow/example_dags/tutorial_etl_dag.py
[2022-04-18 15:05:03,421] {scheduler_job.py:629} INFO - Processing file /home/airflow/.local/lib/python3.6/site-packages/airflow/example_dags/tutorial_etl_dag.py for tasks to queue
[2022-04-18 15:05:03,422] {logging_mixin.py:104} INFO - [2022-04-18 15:05:03,422] {dagbag.py:448} INFO - Filling up the DagBag from /home/airflow/.local/lib/python3.6/site-packages/airflow/example_dags/tutorial_etl_dag.py
[2022-04-18 15:05:03,427] {scheduler_job.py:639} INFO - DAG(s) dict_keys(['tutorial_etl_dag']) retrieved from /home/airflow/.local/lib/python3.6/site-packages/airflow/example_dags/tutorial_etl_dag.py
[2022-04-18 15:05:03,442] {logging_mixin.py:104} INFO - [2022-04-18 15:05:03,442] {dag.py:1818} INFO - Sync 1 DAGs
[2022-04-18 15:05:03,453] {logging_mixin.py:104} INFO - [2022-04-18 15:05:03,453] {dag.py:2273} INFO - Setting next_dagrun for tutorial_etl_dag to None
[2022-04-18 15:05:03,457] {scheduler_job.py:190} INFO - Processing /home/airflow/.local/lib/python3.6/site-packages/airflow/example_dags/tutorial_etl_dag.py took 0.038 seconds
[2022-04-18 15:05:34,123] {scheduler_job.py:182} INFO - Started process (PID=8042) to work on /home/airflow/.local/lib/python3.6/site-packages/airflow/example_dags/tutorial_etl_dag.py
[2022-04-18 15:05:34,123] {scheduler_job.py:629} INFO - Processing file /home/airflow/.local/lib/python3.6/site-packages/airflow/example_dags/tutorial_etl_dag.py for tasks to queue
[2022-04-18 15:05:34,124] {logging_mixin.py:104} INFO - [2022-04-18 15:05:34,124] {dagbag.py:448} INFO - Filling up the DagBag from /home/airflow/.local/lib/python3.6/site-packages/airflow/example_dags/tutorial_etl_dag.py
[2022-04-18 15:05:34,132] {scheduler_job.py:639} INFO - DAG(s) dict_keys(['tutorial_etl_dag']) retrieved from /home/airflow/.local/lib/python3.6/site-packages/airflow/example_dags/tutorial_etl_dag.py
[2022-04-18 15:05:34,143] {logging_mixin.py:104} INFO - [2022-04-18 15:05:34,143] {dag.py:1818} INFO - Sync 1 DAGs
[2022-04-18 15:05:34,153] {logging_mixin.py:104} INFO - [2022-04-18 15:05:34,153] {dag.py:2273} INFO - Setting next_dagrun for tutorial_etl_dag to None
[2022-04-18 15:05:34,157] {scheduler_job.py:190} INFO - Processing /home/airflow/.local/lib/python3.6/site-packages/airflow/example_dags/tutorial_etl_dag.py took 0.036 seconds
[2022-04-18 15:06:04,817] {scheduler_job.py:182} INFO - Started process (PID=8177) to work on /home/airflow/.local/lib/python3.6/site-packages/airflow/example_dags/tutorial_etl_dag.py
[2022-04-18 15:06:04,818] {scheduler_job.py:629} INFO - Processing file /home/airflow/.local/lib/python3.6/site-packages/airflow/example_dags/tutorial_etl_dag.py for tasks to queue
[2022-04-18 15:06:04,818] {logging_mixin.py:104} INFO - [2022-04-18 15:06:04,818] {dagbag.py:448} INFO - Filling up the DagBag from /home/airflow/.local/lib/python3.6/site-packages/airflow/example_dags/tutorial_etl_dag.py
[2022-04-18 15:06:04,825] {scheduler_job.py:639} INFO - DAG(s) dict_keys(['tutorial_etl_dag']) retrieved from /home/airflow/.local/lib/python3.6/site-packages/airflow/example_dags/tutorial_etl_dag.py
[2022-04-18 15:06:04,836] {logging_mixin.py:104} INFO - [2022-04-18 15:06:04,836] {dag.py:1818} INFO - Sync 1 DAGs
[2022-04-18 15:06:04,843] {logging_mixin.py:104} INFO - [2022-04-18 15:06:04,843] {dag.py:2273} INFO - Setting next_dagrun for tutorial_etl_dag to None
[2022-04-18 15:06:04,847] {scheduler_job.py:190} INFO - Processing /home/airflow/.local/lib/python3.6/site-packages/airflow/example_dags/tutorial_etl_dag.py took 0.031 seconds
[2022-04-18 15:06:35,554] {scheduler_job.py:182} INFO - Started process (PID=8314) to work on /home/airflow/.local/lib/python3.6/site-packages/airflow/example_dags/tutorial_etl_dag.py
[2022-04-18 15:06:35,555] {scheduler_job.py:629} INFO - Processing file /home/airflow/.local/lib/python3.6/site-packages/airflow/example_dags/tutorial_etl_dag.py for tasks to queue
[2022-04-18 15:06:35,556] {logging_mixin.py:104} INFO - [2022-04-18 15:06:35,556] {dagbag.py:448} INFO - Filling up the DagBag from /home/airflow/.local/lib/python3.6/site-packages/airflow/example_dags/tutorial_etl_dag.py
[2022-04-18 15:06:35,564] {scheduler_job.py:639} INFO - DAG(s) dict_keys(['tutorial_etl_dag']) retrieved from /home/airflow/.local/lib/python3.6/site-packages/airflow/example_dags/tutorial_etl_dag.py
[2022-04-18 15:06:35,578] {logging_mixin.py:104} INFO - [2022-04-18 15:06:35,578] {dag.py:1818} INFO - Sync 1 DAGs
[2022-04-18 15:06:35,589] {logging_mixin.py:104} INFO - [2022-04-18 15:06:35,589] {dag.py:2273} INFO - Setting next_dagrun for tutorial_etl_dag to None
[2022-04-18 15:06:35,592] {scheduler_job.py:190} INFO - Processing /home/airflow/.local/lib/python3.6/site-packages/airflow/example_dags/tutorial_etl_dag.py took 0.040 seconds
