[2022-04-18 14:37:01,441] {scheduler_job.py:182} INFO - Started process (PID=245) to work on /home/airflow/.local/lib/python3.6/site-packages/airflow/example_dags/tutorial_taskflow_api_etl.py
[2022-04-18 14:37:01,441] {scheduler_job.py:629} INFO - Processing file /home/airflow/.local/lib/python3.6/site-packages/airflow/example_dags/tutorial_taskflow_api_etl.py for tasks to queue
[2022-04-18 14:37:01,442] {logging_mixin.py:104} INFO - [2022-04-18 14:37:01,442] {dagbag.py:448} INFO - Filling up the DagBag from /home/airflow/.local/lib/python3.6/site-packages/airflow/example_dags/tutorial_taskflow_api_etl.py
[2022-04-18 14:37:01,448] {scheduler_job.py:639} INFO - DAG(s) dict_keys(['tutorial_taskflow_api_etl']) retrieved from /home/airflow/.local/lib/python3.6/site-packages/airflow/example_dags/tutorial_taskflow_api_etl.py
[2022-04-18 14:37:01,461] {logging_mixin.py:104} INFO - [2022-04-18 14:37:01,461] {dag.py:1818} INFO - Sync 1 DAGs
[2022-04-18 14:37:01,471] {logging_mixin.py:104} INFO - [2022-04-18 14:37:01,471] {dag.py:2273} INFO - Setting next_dagrun for tutorial_taskflow_api_etl to None
[2022-04-18 14:37:01,478] {scheduler_job.py:190} INFO - Processing /home/airflow/.local/lib/python3.6/site-packages/airflow/example_dags/tutorial_taskflow_api_etl.py took 0.039 seconds
[2022-04-18 14:37:31,593] {scheduler_job.py:182} INFO - Started process (PID=635) to work on /home/airflow/.local/lib/python3.6/site-packages/airflow/example_dags/tutorial_taskflow_api_etl.py
[2022-04-18 14:37:31,594] {scheduler_job.py:629} INFO - Processing file /home/airflow/.local/lib/python3.6/site-packages/airflow/example_dags/tutorial_taskflow_api_etl.py for tasks to queue
[2022-04-18 14:37:31,595] {logging_mixin.py:104} INFO - [2022-04-18 14:37:31,595] {dagbag.py:448} INFO - Filling up the DagBag from /home/airflow/.local/lib/python3.6/site-packages/airflow/example_dags/tutorial_taskflow_api_etl.py
[2022-04-18 14:37:31,605] {scheduler_job.py:639} INFO - DAG(s) dict_keys(['tutorial_taskflow_api_etl']) retrieved from /home/airflow/.local/lib/python3.6/site-packages/airflow/example_dags/tutorial_taskflow_api_etl.py
[2022-04-18 14:37:31,618] {logging_mixin.py:104} INFO - [2022-04-18 14:37:31,618] {dag.py:1818} INFO - Sync 1 DAGs
[2022-04-18 14:37:31,626] {logging_mixin.py:104} INFO - [2022-04-18 14:37:31,626] {dag.py:2273} INFO - Setting next_dagrun for tutorial_taskflow_api_etl to None
[2022-04-18 14:37:31,630] {scheduler_job.py:190} INFO - Processing /home/airflow/.local/lib/python3.6/site-packages/airflow/example_dags/tutorial_taskflow_api_etl.py took 0.039 seconds
[2022-04-18 14:38:01,652] {scheduler_job.py:182} INFO - Started process (PID=774) to work on /home/airflow/.local/lib/python3.6/site-packages/airflow/example_dags/tutorial_taskflow_api_etl.py
[2022-04-18 14:38:01,653] {scheduler_job.py:629} INFO - Processing file /home/airflow/.local/lib/python3.6/site-packages/airflow/example_dags/tutorial_taskflow_api_etl.py for tasks to queue
[2022-04-18 14:38:01,653] {logging_mixin.py:104} INFO - [2022-04-18 14:38:01,653] {dagbag.py:448} INFO - Filling up the DagBag from /home/airflow/.local/lib/python3.6/site-packages/airflow/example_dags/tutorial_taskflow_api_etl.py
[2022-04-18 14:38:01,664] {scheduler_job.py:639} INFO - DAG(s) dict_keys(['tutorial_taskflow_api_etl']) retrieved from /home/airflow/.local/lib/python3.6/site-packages/airflow/example_dags/tutorial_taskflow_api_etl.py
[2022-04-18 14:38:01,675] {logging_mixin.py:104} INFO - [2022-04-18 14:38:01,675] {dag.py:1818} INFO - Sync 1 DAGs
[2022-04-18 14:38:01,683] {logging_mixin.py:104} INFO - [2022-04-18 14:38:01,683] {dag.py:2273} INFO - Setting next_dagrun for tutorial_taskflow_api_etl to None
[2022-04-18 14:38:01,688] {scheduler_job.py:190} INFO - Processing /home/airflow/.local/lib/python3.6/site-packages/airflow/example_dags/tutorial_taskflow_api_etl.py took 0.037 seconds
[2022-04-18 14:38:31,720] {scheduler_job.py:182} INFO - Started process (PID=913) to work on /home/airflow/.local/lib/python3.6/site-packages/airflow/example_dags/tutorial_taskflow_api_etl.py
[2022-04-18 14:38:31,721] {scheduler_job.py:629} INFO - Processing file /home/airflow/.local/lib/python3.6/site-packages/airflow/example_dags/tutorial_taskflow_api_etl.py for tasks to queue
[2022-04-18 14:38:31,721] {logging_mixin.py:104} INFO - [2022-04-18 14:38:31,721] {dagbag.py:448} INFO - Filling up the DagBag from /home/airflow/.local/lib/python3.6/site-packages/airflow/example_dags/tutorial_taskflow_api_etl.py
[2022-04-18 14:38:31,730] {scheduler_job.py:639} INFO - DAG(s) dict_keys(['tutorial_taskflow_api_etl']) retrieved from /home/airflow/.local/lib/python3.6/site-packages/airflow/example_dags/tutorial_taskflow_api_etl.py
[2022-04-18 14:38:31,746] {logging_mixin.py:104} INFO - [2022-04-18 14:38:31,746] {dag.py:1818} INFO - Sync 1 DAGs
[2022-04-18 14:38:31,754] {logging_mixin.py:104} INFO - [2022-04-18 14:38:31,753] {dag.py:2273} INFO - Setting next_dagrun for tutorial_taskflow_api_etl to None
[2022-04-18 14:38:31,758] {scheduler_job.py:190} INFO - Processing /home/airflow/.local/lib/python3.6/site-packages/airflow/example_dags/tutorial_taskflow_api_etl.py took 0.040 seconds
[2022-04-18 14:39:01,781] {scheduler_job.py:182} INFO - Started process (PID=1052) to work on /home/airflow/.local/lib/python3.6/site-packages/airflow/example_dags/tutorial_taskflow_api_etl.py
[2022-04-18 14:39:01,782] {scheduler_job.py:629} INFO - Processing file /home/airflow/.local/lib/python3.6/site-packages/airflow/example_dags/tutorial_taskflow_api_etl.py for tasks to queue
[2022-04-18 14:39:01,782] {logging_mixin.py:104} INFO - [2022-04-18 14:39:01,782] {dagbag.py:448} INFO - Filling up the DagBag from /home/airflow/.local/lib/python3.6/site-packages/airflow/example_dags/tutorial_taskflow_api_etl.py
[2022-04-18 14:39:01,791] {scheduler_job.py:639} INFO - DAG(s) dict_keys(['tutorial_taskflow_api_etl']) retrieved from /home/airflow/.local/lib/python3.6/site-packages/airflow/example_dags/tutorial_taskflow_api_etl.py
[2022-04-18 14:39:01,806] {logging_mixin.py:104} INFO - [2022-04-18 14:39:01,806] {dag.py:1818} INFO - Sync 1 DAGs
[2022-04-18 14:39:01,815] {logging_mixin.py:104} INFO - [2022-04-18 14:39:01,815] {dag.py:2273} INFO - Setting next_dagrun for tutorial_taskflow_api_etl to None
[2022-04-18 14:39:01,820] {scheduler_job.py:190} INFO - Processing /home/airflow/.local/lib/python3.6/site-packages/airflow/example_dags/tutorial_taskflow_api_etl.py took 0.040 seconds
[2022-04-18 14:39:31,840] {scheduler_job.py:182} INFO - Started process (PID=1187) to work on /home/airflow/.local/lib/python3.6/site-packages/airflow/example_dags/tutorial_taskflow_api_etl.py
[2022-04-18 14:39:31,841] {scheduler_job.py:629} INFO - Processing file /home/airflow/.local/lib/python3.6/site-packages/airflow/example_dags/tutorial_taskflow_api_etl.py for tasks to queue
[2022-04-18 14:39:31,841] {logging_mixin.py:104} INFO - [2022-04-18 14:39:31,841] {dagbag.py:448} INFO - Filling up the DagBag from /home/airflow/.local/lib/python3.6/site-packages/airflow/example_dags/tutorial_taskflow_api_etl.py
[2022-04-18 14:39:31,849] {scheduler_job.py:639} INFO - DAG(s) dict_keys(['tutorial_taskflow_api_etl']) retrieved from /home/airflow/.local/lib/python3.6/site-packages/airflow/example_dags/tutorial_taskflow_api_etl.py
[2022-04-18 14:39:31,864] {logging_mixin.py:104} INFO - [2022-04-18 14:39:31,864] {dag.py:1818} INFO - Sync 1 DAGs
[2022-04-18 14:39:31,871] {logging_mixin.py:104} INFO - [2022-04-18 14:39:31,871] {dag.py:2273} INFO - Setting next_dagrun for tutorial_taskflow_api_etl to None
[2022-04-18 14:39:31,876] {scheduler_job.py:190} INFO - Processing /home/airflow/.local/lib/python3.6/site-packages/airflow/example_dags/tutorial_taskflow_api_etl.py took 0.038 seconds
[2022-04-18 14:40:01,902] {scheduler_job.py:182} INFO - Started process (PID=1322) to work on /home/airflow/.local/lib/python3.6/site-packages/airflow/example_dags/tutorial_taskflow_api_etl.py
[2022-04-18 14:40:01,903] {scheduler_job.py:629} INFO - Processing file /home/airflow/.local/lib/python3.6/site-packages/airflow/example_dags/tutorial_taskflow_api_etl.py for tasks to queue
[2022-04-18 14:40:01,904] {logging_mixin.py:104} INFO - [2022-04-18 14:40:01,904] {dagbag.py:448} INFO - Filling up the DagBag from /home/airflow/.local/lib/python3.6/site-packages/airflow/example_dags/tutorial_taskflow_api_etl.py
[2022-04-18 14:40:01,912] {scheduler_job.py:639} INFO - DAG(s) dict_keys(['tutorial_taskflow_api_etl']) retrieved from /home/airflow/.local/lib/python3.6/site-packages/airflow/example_dags/tutorial_taskflow_api_etl.py
[2022-04-18 14:40:01,928] {logging_mixin.py:104} INFO - [2022-04-18 14:40:01,928] {dag.py:1818} INFO - Sync 1 DAGs
[2022-04-18 14:40:01,937] {logging_mixin.py:104} INFO - [2022-04-18 14:40:01,937] {dag.py:2273} INFO - Setting next_dagrun for tutorial_taskflow_api_etl to None
[2022-04-18 14:40:01,942] {scheduler_job.py:190} INFO - Processing /home/airflow/.local/lib/python3.6/site-packages/airflow/example_dags/tutorial_taskflow_api_etl.py took 0.042 seconds
[2022-04-18 14:40:32,608] {scheduler_job.py:182} INFO - Started process (PID=1442) to work on /home/airflow/.local/lib/python3.6/site-packages/airflow/example_dags/tutorial_taskflow_api_etl.py
[2022-04-18 14:40:32,609] {scheduler_job.py:629} INFO - Processing file /home/airflow/.local/lib/python3.6/site-packages/airflow/example_dags/tutorial_taskflow_api_etl.py for tasks to queue
[2022-04-18 14:40:32,609] {logging_mixin.py:104} INFO - [2022-04-18 14:40:32,609] {dagbag.py:448} INFO - Filling up the DagBag from /home/airflow/.local/lib/python3.6/site-packages/airflow/example_dags/tutorial_taskflow_api_etl.py
[2022-04-18 14:40:32,619] {scheduler_job.py:639} INFO - DAG(s) dict_keys(['tutorial_taskflow_api_etl']) retrieved from /home/airflow/.local/lib/python3.6/site-packages/airflow/example_dags/tutorial_taskflow_api_etl.py
[2022-04-18 14:40:32,633] {logging_mixin.py:104} INFO - [2022-04-18 14:40:32,633] {dag.py:1818} INFO - Sync 1 DAGs
[2022-04-18 14:40:32,642] {logging_mixin.py:104} INFO - [2022-04-18 14:40:32,642] {dag.py:2273} INFO - Setting next_dagrun for tutorial_taskflow_api_etl to None
[2022-04-18 14:40:32,647] {scheduler_job.py:190} INFO - Processing /home/airflow/.local/lib/python3.6/site-packages/airflow/example_dags/tutorial_taskflow_api_etl.py took 0.040 seconds
[2022-04-18 14:41:03,581] {scheduler_job.py:182} INFO - Started process (PID=1577) to work on /home/airflow/.local/lib/python3.6/site-packages/airflow/example_dags/tutorial_taskflow_api_etl.py
[2022-04-18 14:41:03,581] {scheduler_job.py:629} INFO - Processing file /home/airflow/.local/lib/python3.6/site-packages/airflow/example_dags/tutorial_taskflow_api_etl.py for tasks to queue
[2022-04-18 14:41:03,584] {logging_mixin.py:104} INFO - [2022-04-18 14:41:03,582] {dagbag.py:448} INFO - Filling up the DagBag from /home/airflow/.local/lib/python3.6/site-packages/airflow/example_dags/tutorial_taskflow_api_etl.py
[2022-04-18 14:41:03,591] {scheduler_job.py:639} INFO - DAG(s) dict_keys(['tutorial_taskflow_api_etl']) retrieved from /home/airflow/.local/lib/python3.6/site-packages/airflow/example_dags/tutorial_taskflow_api_etl.py
[2022-04-18 14:41:03,608] {logging_mixin.py:104} INFO - [2022-04-18 14:41:03,607] {dag.py:1818} INFO - Sync 1 DAGs
[2022-04-18 14:41:03,615] {logging_mixin.py:104} INFO - [2022-04-18 14:41:03,615] {dag.py:2273} INFO - Setting next_dagrun for tutorial_taskflow_api_etl to None
[2022-04-18 14:41:03,623] {scheduler_job.py:190} INFO - Processing /home/airflow/.local/lib/python3.6/site-packages/airflow/example_dags/tutorial_taskflow_api_etl.py took 0.044 seconds
[2022-04-18 14:41:34,260] {scheduler_job.py:182} INFO - Started process (PID=1712) to work on /home/airflow/.local/lib/python3.6/site-packages/airflow/example_dags/tutorial_taskflow_api_etl.py
[2022-04-18 14:41:34,261] {scheduler_job.py:629} INFO - Processing file /home/airflow/.local/lib/python3.6/site-packages/airflow/example_dags/tutorial_taskflow_api_etl.py for tasks to queue
[2022-04-18 14:41:34,261] {logging_mixin.py:104} INFO - [2022-04-18 14:41:34,261] {dagbag.py:448} INFO - Filling up the DagBag from /home/airflow/.local/lib/python3.6/site-packages/airflow/example_dags/tutorial_taskflow_api_etl.py
[2022-04-18 14:41:34,269] {scheduler_job.py:639} INFO - DAG(s) dict_keys(['tutorial_taskflow_api_etl']) retrieved from /home/airflow/.local/lib/python3.6/site-packages/airflow/example_dags/tutorial_taskflow_api_etl.py
[2022-04-18 14:41:34,281] {logging_mixin.py:104} INFO - [2022-04-18 14:41:34,281] {dag.py:1818} INFO - Sync 1 DAGs
[2022-04-18 14:41:34,291] {logging_mixin.py:104} INFO - [2022-04-18 14:41:34,291] {dag.py:2273} INFO - Setting next_dagrun for tutorial_taskflow_api_etl to None
[2022-04-18 14:41:34,295] {scheduler_job.py:190} INFO - Processing /home/airflow/.local/lib/python3.6/site-packages/airflow/example_dags/tutorial_taskflow_api_etl.py took 0.038 seconds
[2022-04-18 14:42:04,961] {scheduler_job.py:182} INFO - Started process (PID=1847) to work on /home/airflow/.local/lib/python3.6/site-packages/airflow/example_dags/tutorial_taskflow_api_etl.py
[2022-04-18 14:42:04,962] {scheduler_job.py:629} INFO - Processing file /home/airflow/.local/lib/python3.6/site-packages/airflow/example_dags/tutorial_taskflow_api_etl.py for tasks to queue
[2022-04-18 14:42:04,962] {logging_mixin.py:104} INFO - [2022-04-18 14:42:04,962] {dagbag.py:448} INFO - Filling up the DagBag from /home/airflow/.local/lib/python3.6/site-packages/airflow/example_dags/tutorial_taskflow_api_etl.py
[2022-04-18 14:42:04,971] {scheduler_job.py:639} INFO - DAG(s) dict_keys(['tutorial_taskflow_api_etl']) retrieved from /home/airflow/.local/lib/python3.6/site-packages/airflow/example_dags/tutorial_taskflow_api_etl.py
[2022-04-18 14:42:04,987] {logging_mixin.py:104} INFO - [2022-04-18 14:42:04,987] {dag.py:1818} INFO - Sync 1 DAGs
[2022-04-18 14:42:04,996] {logging_mixin.py:104} INFO - [2022-04-18 14:42:04,996] {dag.py:2273} INFO - Setting next_dagrun for tutorial_taskflow_api_etl to None
[2022-04-18 14:42:05,001] {scheduler_job.py:190} INFO - Processing /home/airflow/.local/lib/python3.6/site-packages/airflow/example_dags/tutorial_taskflow_api_etl.py took 0.042 seconds
[2022-04-18 14:42:35,686] {scheduler_job.py:182} INFO - Started process (PID=1982) to work on /home/airflow/.local/lib/python3.6/site-packages/airflow/example_dags/tutorial_taskflow_api_etl.py
[2022-04-18 14:42:35,687] {scheduler_job.py:629} INFO - Processing file /home/airflow/.local/lib/python3.6/site-packages/airflow/example_dags/tutorial_taskflow_api_etl.py for tasks to queue
[2022-04-18 14:42:35,688] {logging_mixin.py:104} INFO - [2022-04-18 14:42:35,687] {dagbag.py:448} INFO - Filling up the DagBag from /home/airflow/.local/lib/python3.6/site-packages/airflow/example_dags/tutorial_taskflow_api_etl.py
[2022-04-18 14:42:35,696] {scheduler_job.py:639} INFO - DAG(s) dict_keys(['tutorial_taskflow_api_etl']) retrieved from /home/airflow/.local/lib/python3.6/site-packages/airflow/example_dags/tutorial_taskflow_api_etl.py
[2022-04-18 14:42:35,709] {logging_mixin.py:104} INFO - [2022-04-18 14:42:35,709] {dag.py:1818} INFO - Sync 1 DAGs
[2022-04-18 14:42:35,716] {logging_mixin.py:104} INFO - [2022-04-18 14:42:35,716] {dag.py:2273} INFO - Setting next_dagrun for tutorial_taskflow_api_etl to None
[2022-04-18 14:42:35,720] {scheduler_job.py:190} INFO - Processing /home/airflow/.local/lib/python3.6/site-packages/airflow/example_dags/tutorial_taskflow_api_etl.py took 0.037 seconds
[2022-04-18 14:43:06,482] {scheduler_job.py:182} INFO - Started process (PID=2117) to work on /home/airflow/.local/lib/python3.6/site-packages/airflow/example_dags/tutorial_taskflow_api_etl.py
[2022-04-18 14:43:06,483] {scheduler_job.py:629} INFO - Processing file /home/airflow/.local/lib/python3.6/site-packages/airflow/example_dags/tutorial_taskflow_api_etl.py for tasks to queue
[2022-04-18 14:43:06,483] {logging_mixin.py:104} INFO - [2022-04-18 14:43:06,483] {dagbag.py:448} INFO - Filling up the DagBag from /home/airflow/.local/lib/python3.6/site-packages/airflow/example_dags/tutorial_taskflow_api_etl.py
[2022-04-18 14:43:06,491] {scheduler_job.py:639} INFO - DAG(s) dict_keys(['tutorial_taskflow_api_etl']) retrieved from /home/airflow/.local/lib/python3.6/site-packages/airflow/example_dags/tutorial_taskflow_api_etl.py
[2022-04-18 14:43:06,506] {logging_mixin.py:104} INFO - [2022-04-18 14:43:06,506] {dag.py:1818} INFO - Sync 1 DAGs
[2022-04-18 14:43:06,514] {logging_mixin.py:104} INFO - [2022-04-18 14:43:06,514] {dag.py:2273} INFO - Setting next_dagrun for tutorial_taskflow_api_etl to None
[2022-04-18 14:43:06,519] {scheduler_job.py:190} INFO - Processing /home/airflow/.local/lib/python3.6/site-packages/airflow/example_dags/tutorial_taskflow_api_etl.py took 0.040 seconds
[2022-04-18 14:43:37,158] {scheduler_job.py:182} INFO - Started process (PID=2252) to work on /home/airflow/.local/lib/python3.6/site-packages/airflow/example_dags/tutorial_taskflow_api_etl.py
[2022-04-18 14:43:37,159] {scheduler_job.py:629} INFO - Processing file /home/airflow/.local/lib/python3.6/site-packages/airflow/example_dags/tutorial_taskflow_api_etl.py for tasks to queue
[2022-04-18 14:43:37,159] {logging_mixin.py:104} INFO - [2022-04-18 14:43:37,159] {dagbag.py:448} INFO - Filling up the DagBag from /home/airflow/.local/lib/python3.6/site-packages/airflow/example_dags/tutorial_taskflow_api_etl.py
[2022-04-18 14:43:37,167] {scheduler_job.py:639} INFO - DAG(s) dict_keys(['tutorial_taskflow_api_etl']) retrieved from /home/airflow/.local/lib/python3.6/site-packages/airflow/example_dags/tutorial_taskflow_api_etl.py
[2022-04-18 14:43:37,183] {logging_mixin.py:104} INFO - [2022-04-18 14:43:37,183] {dag.py:1818} INFO - Sync 1 DAGs
[2022-04-18 14:43:37,192] {logging_mixin.py:104} INFO - [2022-04-18 14:43:37,192] {dag.py:2273} INFO - Setting next_dagrun for tutorial_taskflow_api_etl to None
[2022-04-18 14:43:37,197] {scheduler_job.py:190} INFO - Processing /home/airflow/.local/lib/python3.6/site-packages/airflow/example_dags/tutorial_taskflow_api_etl.py took 0.041 seconds
[2022-04-18 14:44:07,849] {scheduler_job.py:182} INFO - Started process (PID=2387) to work on /home/airflow/.local/lib/python3.6/site-packages/airflow/example_dags/tutorial_taskflow_api_etl.py
[2022-04-18 14:44:07,850] {scheduler_job.py:629} INFO - Processing file /home/airflow/.local/lib/python3.6/site-packages/airflow/example_dags/tutorial_taskflow_api_etl.py for tasks to queue
[2022-04-18 14:44:07,850] {logging_mixin.py:104} INFO - [2022-04-18 14:44:07,850] {dagbag.py:448} INFO - Filling up the DagBag from /home/airflow/.local/lib/python3.6/site-packages/airflow/example_dags/tutorial_taskflow_api_etl.py
[2022-04-18 14:44:07,859] {scheduler_job.py:639} INFO - DAG(s) dict_keys(['tutorial_taskflow_api_etl']) retrieved from /home/airflow/.local/lib/python3.6/site-packages/airflow/example_dags/tutorial_taskflow_api_etl.py
[2022-04-18 14:44:07,873] {logging_mixin.py:104} INFO - [2022-04-18 14:44:07,873] {dag.py:1818} INFO - Sync 1 DAGs
[2022-04-18 14:44:07,880] {logging_mixin.py:104} INFO - [2022-04-18 14:44:07,880] {dag.py:2273} INFO - Setting next_dagrun for tutorial_taskflow_api_etl to None
[2022-04-18 14:44:07,885] {scheduler_job.py:190} INFO - Processing /home/airflow/.local/lib/python3.6/site-packages/airflow/example_dags/tutorial_taskflow_api_etl.py took 0.038 seconds
[2022-04-18 14:44:38,527] {scheduler_job.py:182} INFO - Started process (PID=2522) to work on /home/airflow/.local/lib/python3.6/site-packages/airflow/example_dags/tutorial_taskflow_api_etl.py
[2022-04-18 14:44:38,528] {scheduler_job.py:629} INFO - Processing file /home/airflow/.local/lib/python3.6/site-packages/airflow/example_dags/tutorial_taskflow_api_etl.py for tasks to queue
[2022-04-18 14:44:38,528] {logging_mixin.py:104} INFO - [2022-04-18 14:44:38,528] {dagbag.py:448} INFO - Filling up the DagBag from /home/airflow/.local/lib/python3.6/site-packages/airflow/example_dags/tutorial_taskflow_api_etl.py
[2022-04-18 14:44:38,536] {scheduler_job.py:639} INFO - DAG(s) dict_keys(['tutorial_taskflow_api_etl']) retrieved from /home/airflow/.local/lib/python3.6/site-packages/airflow/example_dags/tutorial_taskflow_api_etl.py
[2022-04-18 14:44:38,554] {logging_mixin.py:104} INFO - [2022-04-18 14:44:38,554] {dag.py:1818} INFO - Sync 1 DAGs
[2022-04-18 14:44:38,562] {logging_mixin.py:104} INFO - [2022-04-18 14:44:38,562] {dag.py:2273} INFO - Setting next_dagrun for tutorial_taskflow_api_etl to None
[2022-04-18 14:44:38,567] {scheduler_job.py:190} INFO - Processing /home/airflow/.local/lib/python3.6/site-packages/airflow/example_dags/tutorial_taskflow_api_etl.py took 0.042 seconds
[2022-04-18 14:45:09,198] {scheduler_job.py:182} INFO - Started process (PID=2657) to work on /home/airflow/.local/lib/python3.6/site-packages/airflow/example_dags/tutorial_taskflow_api_etl.py
[2022-04-18 14:45:09,199] {scheduler_job.py:629} INFO - Processing file /home/airflow/.local/lib/python3.6/site-packages/airflow/example_dags/tutorial_taskflow_api_etl.py for tasks to queue
[2022-04-18 14:45:09,199] {logging_mixin.py:104} INFO - [2022-04-18 14:45:09,199] {dagbag.py:448} INFO - Filling up the DagBag from /home/airflow/.local/lib/python3.6/site-packages/airflow/example_dags/tutorial_taskflow_api_etl.py
[2022-04-18 14:45:09,207] {scheduler_job.py:639} INFO - DAG(s) dict_keys(['tutorial_taskflow_api_etl']) retrieved from /home/airflow/.local/lib/python3.6/site-packages/airflow/example_dags/tutorial_taskflow_api_etl.py
[2022-04-18 14:45:09,221] {logging_mixin.py:104} INFO - [2022-04-18 14:45:09,221] {dag.py:1818} INFO - Sync 1 DAGs
[2022-04-18 14:45:09,228] {logging_mixin.py:104} INFO - [2022-04-18 14:45:09,228] {dag.py:2273} INFO - Setting next_dagrun for tutorial_taskflow_api_etl to None
[2022-04-18 14:45:09,233] {scheduler_job.py:190} INFO - Processing /home/airflow/.local/lib/python3.6/site-packages/airflow/example_dags/tutorial_taskflow_api_etl.py took 0.037 seconds
[2022-04-18 14:45:39,919] {scheduler_job.py:182} INFO - Started process (PID=2791) to work on /home/airflow/.local/lib/python3.6/site-packages/airflow/example_dags/tutorial_taskflow_api_etl.py
[2022-04-18 14:45:39,920] {scheduler_job.py:629} INFO - Processing file /home/airflow/.local/lib/python3.6/site-packages/airflow/example_dags/tutorial_taskflow_api_etl.py for tasks to queue
[2022-04-18 14:45:39,920] {logging_mixin.py:104} INFO - [2022-04-18 14:45:39,920] {dagbag.py:448} INFO - Filling up the DagBag from /home/airflow/.local/lib/python3.6/site-packages/airflow/example_dags/tutorial_taskflow_api_etl.py
[2022-04-18 14:45:39,928] {scheduler_job.py:639} INFO - DAG(s) dict_keys(['tutorial_taskflow_api_etl']) retrieved from /home/airflow/.local/lib/python3.6/site-packages/airflow/example_dags/tutorial_taskflow_api_etl.py
[2022-04-18 14:45:39,945] {logging_mixin.py:104} INFO - [2022-04-18 14:45:39,945] {dag.py:1818} INFO - Sync 1 DAGs
[2022-04-18 14:45:39,951] {logging_mixin.py:104} INFO - [2022-04-18 14:45:39,951] {dag.py:2273} INFO - Setting next_dagrun for tutorial_taskflow_api_etl to None
[2022-04-18 14:45:39,956] {scheduler_job.py:190} INFO - Processing /home/airflow/.local/lib/python3.6/site-packages/airflow/example_dags/tutorial_taskflow_api_etl.py took 0.039 seconds
[2022-04-18 14:46:10,641] {scheduler_job.py:182} INFO - Started process (PID=2927) to work on /home/airflow/.local/lib/python3.6/site-packages/airflow/example_dags/tutorial_taskflow_api_etl.py
[2022-04-18 14:46:10,643] {scheduler_job.py:629} INFO - Processing file /home/airflow/.local/lib/python3.6/site-packages/airflow/example_dags/tutorial_taskflow_api_etl.py for tasks to queue
[2022-04-18 14:46:10,643] {logging_mixin.py:104} INFO - [2022-04-18 14:46:10,643] {dagbag.py:448} INFO - Filling up the DagBag from /home/airflow/.local/lib/python3.6/site-packages/airflow/example_dags/tutorial_taskflow_api_etl.py
[2022-04-18 14:46:10,651] {scheduler_job.py:639} INFO - DAG(s) dict_keys(['tutorial_taskflow_api_etl']) retrieved from /home/airflow/.local/lib/python3.6/site-packages/airflow/example_dags/tutorial_taskflow_api_etl.py
[2022-04-18 14:46:10,665] {logging_mixin.py:104} INFO - [2022-04-18 14:46:10,664] {dag.py:1818} INFO - Sync 1 DAGs
[2022-04-18 14:46:10,673] {logging_mixin.py:104} INFO - [2022-04-18 14:46:10,673] {dag.py:2273} INFO - Setting next_dagrun for tutorial_taskflow_api_etl to None
[2022-04-18 14:46:10,678] {scheduler_job.py:190} INFO - Processing /home/airflow/.local/lib/python3.6/site-packages/airflow/example_dags/tutorial_taskflow_api_etl.py took 0.039 seconds
[2022-04-18 14:46:41,307] {scheduler_job.py:182} INFO - Started process (PID=3062) to work on /home/airflow/.local/lib/python3.6/site-packages/airflow/example_dags/tutorial_taskflow_api_etl.py
[2022-04-18 14:46:41,308] {scheduler_job.py:629} INFO - Processing file /home/airflow/.local/lib/python3.6/site-packages/airflow/example_dags/tutorial_taskflow_api_etl.py for tasks to queue
[2022-04-18 14:46:41,308] {logging_mixin.py:104} INFO - [2022-04-18 14:46:41,308] {dagbag.py:448} INFO - Filling up the DagBag from /home/airflow/.local/lib/python3.6/site-packages/airflow/example_dags/tutorial_taskflow_api_etl.py
[2022-04-18 14:46:41,317] {scheduler_job.py:639} INFO - DAG(s) dict_keys(['tutorial_taskflow_api_etl']) retrieved from /home/airflow/.local/lib/python3.6/site-packages/airflow/example_dags/tutorial_taskflow_api_etl.py
[2022-04-18 14:46:41,332] {logging_mixin.py:104} INFO - [2022-04-18 14:46:41,331] {dag.py:1818} INFO - Sync 1 DAGs
[2022-04-18 14:46:41,341] {logging_mixin.py:104} INFO - [2022-04-18 14:46:41,340] {dag.py:2273} INFO - Setting next_dagrun for tutorial_taskflow_api_etl to None
[2022-04-18 14:46:41,345] {scheduler_job.py:190} INFO - Processing /home/airflow/.local/lib/python3.6/site-packages/airflow/example_dags/tutorial_taskflow_api_etl.py took 0.040 seconds
[2022-04-18 14:47:12,021] {scheduler_job.py:182} INFO - Started process (PID=3197) to work on /home/airflow/.local/lib/python3.6/site-packages/airflow/example_dags/tutorial_taskflow_api_etl.py
[2022-04-18 14:47:12,022] {scheduler_job.py:629} INFO - Processing file /home/airflow/.local/lib/python3.6/site-packages/airflow/example_dags/tutorial_taskflow_api_etl.py for tasks to queue
[2022-04-18 14:47:12,022] {logging_mixin.py:104} INFO - [2022-04-18 14:47:12,022] {dagbag.py:448} INFO - Filling up the DagBag from /home/airflow/.local/lib/python3.6/site-packages/airflow/example_dags/tutorial_taskflow_api_etl.py
[2022-04-18 14:47:12,030] {scheduler_job.py:639} INFO - DAG(s) dict_keys(['tutorial_taskflow_api_etl']) retrieved from /home/airflow/.local/lib/python3.6/site-packages/airflow/example_dags/tutorial_taskflow_api_etl.py
[2022-04-18 14:47:12,045] {logging_mixin.py:104} INFO - [2022-04-18 14:47:12,045] {dag.py:1818} INFO - Sync 1 DAGs
[2022-04-18 14:47:12,053] {logging_mixin.py:104} INFO - [2022-04-18 14:47:12,052] {dag.py:2273} INFO - Setting next_dagrun for tutorial_taskflow_api_etl to None
[2022-04-18 14:47:12,057] {scheduler_job.py:190} INFO - Processing /home/airflow/.local/lib/python3.6/site-packages/airflow/example_dags/tutorial_taskflow_api_etl.py took 0.038 seconds
[2022-04-18 14:47:42,736] {scheduler_job.py:182} INFO - Started process (PID=3332) to work on /home/airflow/.local/lib/python3.6/site-packages/airflow/example_dags/tutorial_taskflow_api_etl.py
[2022-04-18 14:47:42,737] {scheduler_job.py:629} INFO - Processing file /home/airflow/.local/lib/python3.6/site-packages/airflow/example_dags/tutorial_taskflow_api_etl.py for tasks to queue
[2022-04-18 14:47:42,738] {logging_mixin.py:104} INFO - [2022-04-18 14:47:42,738] {dagbag.py:448} INFO - Filling up the DagBag from /home/airflow/.local/lib/python3.6/site-packages/airflow/example_dags/tutorial_taskflow_api_etl.py
[2022-04-18 14:47:42,745] {scheduler_job.py:639} INFO - DAG(s) dict_keys(['tutorial_taskflow_api_etl']) retrieved from /home/airflow/.local/lib/python3.6/site-packages/airflow/example_dags/tutorial_taskflow_api_etl.py
[2022-04-18 14:47:42,757] {logging_mixin.py:104} INFO - [2022-04-18 14:47:42,757] {dag.py:1818} INFO - Sync 1 DAGs
[2022-04-18 14:47:42,764] {logging_mixin.py:104} INFO - [2022-04-18 14:47:42,764] {dag.py:2273} INFO - Setting next_dagrun for tutorial_taskflow_api_etl to None
[2022-04-18 14:47:42,769] {scheduler_job.py:190} INFO - Processing /home/airflow/.local/lib/python3.6/site-packages/airflow/example_dags/tutorial_taskflow_api_etl.py took 0.035 seconds
[2022-04-18 14:48:13,524] {scheduler_job.py:182} INFO - Started process (PID=3469) to work on /home/airflow/.local/lib/python3.6/site-packages/airflow/example_dags/tutorial_taskflow_api_etl.py
[2022-04-18 14:48:13,525] {scheduler_job.py:629} INFO - Processing file /home/airflow/.local/lib/python3.6/site-packages/airflow/example_dags/tutorial_taskflow_api_etl.py for tasks to queue
[2022-04-18 14:48:13,526] {logging_mixin.py:104} INFO - [2022-04-18 14:48:13,526] {dagbag.py:448} INFO - Filling up the DagBag from /home/airflow/.local/lib/python3.6/site-packages/airflow/example_dags/tutorial_taskflow_api_etl.py
[2022-04-18 14:48:13,534] {scheduler_job.py:639} INFO - DAG(s) dict_keys(['tutorial_taskflow_api_etl']) retrieved from /home/airflow/.local/lib/python3.6/site-packages/airflow/example_dags/tutorial_taskflow_api_etl.py
[2022-04-18 14:48:13,550] {logging_mixin.py:104} INFO - [2022-04-18 14:48:13,550] {dag.py:1818} INFO - Sync 1 DAGs
[2022-04-18 14:48:13,557] {logging_mixin.py:104} INFO - [2022-04-18 14:48:13,557] {dag.py:2273} INFO - Setting next_dagrun for tutorial_taskflow_api_etl to None
[2022-04-18 14:48:13,562] {scheduler_job.py:190} INFO - Processing /home/airflow/.local/lib/python3.6/site-packages/airflow/example_dags/tutorial_taskflow_api_etl.py took 0.040 seconds
[2022-04-18 14:48:43,662] {scheduler_job.py:182} INFO - Started process (PID=3607) to work on /home/airflow/.local/lib/python3.6/site-packages/airflow/example_dags/tutorial_taskflow_api_etl.py
[2022-04-18 14:48:43,663] {scheduler_job.py:629} INFO - Processing file /home/airflow/.local/lib/python3.6/site-packages/airflow/example_dags/tutorial_taskflow_api_etl.py for tasks to queue
[2022-04-18 14:48:43,663] {logging_mixin.py:104} INFO - [2022-04-18 14:48:43,663] {dagbag.py:448} INFO - Filling up the DagBag from /home/airflow/.local/lib/python3.6/site-packages/airflow/example_dags/tutorial_taskflow_api_etl.py
[2022-04-18 14:48:43,672] {scheduler_job.py:639} INFO - DAG(s) dict_keys(['tutorial_taskflow_api_etl']) retrieved from /home/airflow/.local/lib/python3.6/site-packages/airflow/example_dags/tutorial_taskflow_api_etl.py
[2022-04-18 14:48:43,687] {logging_mixin.py:104} INFO - [2022-04-18 14:48:43,687] {dag.py:1818} INFO - Sync 1 DAGs
[2022-04-18 14:48:43,695] {logging_mixin.py:104} INFO - [2022-04-18 14:48:43,695] {dag.py:2273} INFO - Setting next_dagrun for tutorial_taskflow_api_etl to None
[2022-04-18 14:48:43,700] {scheduler_job.py:190} INFO - Processing /home/airflow/.local/lib/python3.6/site-packages/airflow/example_dags/tutorial_taskflow_api_etl.py took 0.040 seconds
[2022-04-18 14:49:13,857] {scheduler_job.py:182} INFO - Started process (PID=3754) to work on /home/airflow/.local/lib/python3.6/site-packages/airflow/example_dags/tutorial_taskflow_api_etl.py
[2022-04-18 14:49:13,858] {scheduler_job.py:629} INFO - Processing file /home/airflow/.local/lib/python3.6/site-packages/airflow/example_dags/tutorial_taskflow_api_etl.py for tasks to queue
[2022-04-18 14:49:13,858] {logging_mixin.py:104} INFO - [2022-04-18 14:49:13,858] {dagbag.py:448} INFO - Filling up the DagBag from /home/airflow/.local/lib/python3.6/site-packages/airflow/example_dags/tutorial_taskflow_api_etl.py
[2022-04-18 14:49:13,868] {scheduler_job.py:639} INFO - DAG(s) dict_keys(['tutorial_taskflow_api_etl']) retrieved from /home/airflow/.local/lib/python3.6/site-packages/airflow/example_dags/tutorial_taskflow_api_etl.py
[2022-04-18 14:49:13,883] {logging_mixin.py:104} INFO - [2022-04-18 14:49:13,883] {dag.py:1818} INFO - Sync 1 DAGs
[2022-04-18 14:49:13,890] {logging_mixin.py:104} INFO - [2022-04-18 14:49:13,890] {dag.py:2273} INFO - Setting next_dagrun for tutorial_taskflow_api_etl to None
[2022-04-18 14:49:13,895] {scheduler_job.py:190} INFO - Processing /home/airflow/.local/lib/python3.6/site-packages/airflow/example_dags/tutorial_taskflow_api_etl.py took 0.040 seconds
[2022-04-18 14:49:43,962] {scheduler_job.py:182} INFO - Started process (PID=3892) to work on /home/airflow/.local/lib/python3.6/site-packages/airflow/example_dags/tutorial_taskflow_api_etl.py
[2022-04-18 14:49:43,963] {scheduler_job.py:629} INFO - Processing file /home/airflow/.local/lib/python3.6/site-packages/airflow/example_dags/tutorial_taskflow_api_etl.py for tasks to queue
[2022-04-18 14:49:43,963] {logging_mixin.py:104} INFO - [2022-04-18 14:49:43,963] {dagbag.py:448} INFO - Filling up the DagBag from /home/airflow/.local/lib/python3.6/site-packages/airflow/example_dags/tutorial_taskflow_api_etl.py
[2022-04-18 14:49:43,971] {scheduler_job.py:639} INFO - DAG(s) dict_keys(['tutorial_taskflow_api_etl']) retrieved from /home/airflow/.local/lib/python3.6/site-packages/airflow/example_dags/tutorial_taskflow_api_etl.py
[2022-04-18 14:49:43,984] {logging_mixin.py:104} INFO - [2022-04-18 14:49:43,984] {dag.py:1818} INFO - Sync 1 DAGs
[2022-04-18 14:49:43,992] {logging_mixin.py:104} INFO - [2022-04-18 14:49:43,992] {dag.py:2273} INFO - Setting next_dagrun for tutorial_taskflow_api_etl to None
[2022-04-18 14:49:43,997] {scheduler_job.py:190} INFO - Processing /home/airflow/.local/lib/python3.6/site-packages/airflow/example_dags/tutorial_taskflow_api_etl.py took 0.038 seconds
[2022-04-18 14:50:14,025] {scheduler_job.py:182} INFO - Started process (PID=4027) to work on /home/airflow/.local/lib/python3.6/site-packages/airflow/example_dags/tutorial_taskflow_api_etl.py
[2022-04-18 14:50:14,025] {scheduler_job.py:629} INFO - Processing file /home/airflow/.local/lib/python3.6/site-packages/airflow/example_dags/tutorial_taskflow_api_etl.py for tasks to queue
[2022-04-18 14:50:14,026] {logging_mixin.py:104} INFO - [2022-04-18 14:50:14,026] {dagbag.py:448} INFO - Filling up the DagBag from /home/airflow/.local/lib/python3.6/site-packages/airflow/example_dags/tutorial_taskflow_api_etl.py
[2022-04-18 14:50:14,034] {scheduler_job.py:639} INFO - DAG(s) dict_keys(['tutorial_taskflow_api_etl']) retrieved from /home/airflow/.local/lib/python3.6/site-packages/airflow/example_dags/tutorial_taskflow_api_etl.py
[2022-04-18 14:50:14,048] {logging_mixin.py:104} INFO - [2022-04-18 14:50:14,048] {dag.py:1818} INFO - Sync 1 DAGs
[2022-04-18 14:50:14,055] {logging_mixin.py:104} INFO - [2022-04-18 14:50:14,055] {dag.py:2273} INFO - Setting next_dagrun for tutorial_taskflow_api_etl to None
[2022-04-18 14:50:14,060] {scheduler_job.py:190} INFO - Processing /home/airflow/.local/lib/python3.6/site-packages/airflow/example_dags/tutorial_taskflow_api_etl.py took 0.037 seconds
[2022-04-18 14:50:44,092] {scheduler_job.py:182} INFO - Started process (PID=4162) to work on /home/airflow/.local/lib/python3.6/site-packages/airflow/example_dags/tutorial_taskflow_api_etl.py
[2022-04-18 14:50:44,093] {scheduler_job.py:629} INFO - Processing file /home/airflow/.local/lib/python3.6/site-packages/airflow/example_dags/tutorial_taskflow_api_etl.py for tasks to queue
[2022-04-18 14:50:44,093] {logging_mixin.py:104} INFO - [2022-04-18 14:50:44,093] {dagbag.py:448} INFO - Filling up the DagBag from /home/airflow/.local/lib/python3.6/site-packages/airflow/example_dags/tutorial_taskflow_api_etl.py
[2022-04-18 14:50:44,099] {scheduler_job.py:639} INFO - DAG(s) dict_keys(['tutorial_taskflow_api_etl']) retrieved from /home/airflow/.local/lib/python3.6/site-packages/airflow/example_dags/tutorial_taskflow_api_etl.py
[2022-04-18 14:50:44,115] {logging_mixin.py:104} INFO - [2022-04-18 14:50:44,115] {dag.py:1818} INFO - Sync 1 DAGs
[2022-04-18 14:50:44,125] {logging_mixin.py:104} INFO - [2022-04-18 14:50:44,125] {dag.py:2273} INFO - Setting next_dagrun for tutorial_taskflow_api_etl to None
[2022-04-18 14:50:44,130] {scheduler_job.py:190} INFO - Processing /home/airflow/.local/lib/python3.6/site-packages/airflow/example_dags/tutorial_taskflow_api_etl.py took 0.041 seconds
[2022-04-18 14:51:14,704] {scheduler_job.py:182} INFO - Started process (PID=4277) to work on /home/airflow/.local/lib/python3.6/site-packages/airflow/example_dags/tutorial_taskflow_api_etl.py
[2022-04-18 14:51:14,706] {scheduler_job.py:629} INFO - Processing file /home/airflow/.local/lib/python3.6/site-packages/airflow/example_dags/tutorial_taskflow_api_etl.py for tasks to queue
[2022-04-18 14:51:14,706] {logging_mixin.py:104} INFO - [2022-04-18 14:51:14,706] {dagbag.py:448} INFO - Filling up the DagBag from /home/airflow/.local/lib/python3.6/site-packages/airflow/example_dags/tutorial_taskflow_api_etl.py
[2022-04-18 14:51:14,713] {scheduler_job.py:639} INFO - DAG(s) dict_keys(['tutorial_taskflow_api_etl']) retrieved from /home/airflow/.local/lib/python3.6/site-packages/airflow/example_dags/tutorial_taskflow_api_etl.py
[2022-04-18 14:51:14,726] {logging_mixin.py:104} INFO - [2022-04-18 14:51:14,726] {dag.py:1818} INFO - Sync 1 DAGs
[2022-04-18 14:51:14,734] {logging_mixin.py:104} INFO - [2022-04-18 14:51:14,734] {dag.py:2273} INFO - Setting next_dagrun for tutorial_taskflow_api_etl to None
[2022-04-18 14:51:14,739] {scheduler_job.py:190} INFO - Processing /home/airflow/.local/lib/python3.6/site-packages/airflow/example_dags/tutorial_taskflow_api_etl.py took 0.037 seconds
[2022-04-18 14:51:45,420] {scheduler_job.py:182} INFO - Started process (PID=4414) to work on /home/airflow/.local/lib/python3.6/site-packages/airflow/example_dags/tutorial_taskflow_api_etl.py
[2022-04-18 14:51:45,421] {scheduler_job.py:629} INFO - Processing file /home/airflow/.local/lib/python3.6/site-packages/airflow/example_dags/tutorial_taskflow_api_etl.py for tasks to queue
[2022-04-18 14:51:45,421] {logging_mixin.py:104} INFO - [2022-04-18 14:51:45,421] {dagbag.py:448} INFO - Filling up the DagBag from /home/airflow/.local/lib/python3.6/site-packages/airflow/example_dags/tutorial_taskflow_api_etl.py
[2022-04-18 14:51:45,430] {scheduler_job.py:639} INFO - DAG(s) dict_keys(['tutorial_taskflow_api_etl']) retrieved from /home/airflow/.local/lib/python3.6/site-packages/airflow/example_dags/tutorial_taskflow_api_etl.py
[2022-04-18 14:51:45,446] {logging_mixin.py:104} INFO - [2022-04-18 14:51:45,446] {dag.py:1818} INFO - Sync 1 DAGs
[2022-04-18 14:51:45,455] {logging_mixin.py:104} INFO - [2022-04-18 14:51:45,455] {dag.py:2273} INFO - Setting next_dagrun for tutorial_taskflow_api_etl to None
[2022-04-18 14:51:45,460] {scheduler_job.py:190} INFO - Processing /home/airflow/.local/lib/python3.6/site-packages/airflow/example_dags/tutorial_taskflow_api_etl.py took 0.041 seconds
[2022-04-18 14:52:16,141] {scheduler_job.py:182} INFO - Started process (PID=4549) to work on /home/airflow/.local/lib/python3.6/site-packages/airflow/example_dags/tutorial_taskflow_api_etl.py
[2022-04-18 14:52:16,141] {scheduler_job.py:629} INFO - Processing file /home/airflow/.local/lib/python3.6/site-packages/airflow/example_dags/tutorial_taskflow_api_etl.py for tasks to queue
[2022-04-18 14:52:16,142] {logging_mixin.py:104} INFO - [2022-04-18 14:52:16,141] {dagbag.py:448} INFO - Filling up the DagBag from /home/airflow/.local/lib/python3.6/site-packages/airflow/example_dags/tutorial_taskflow_api_etl.py
[2022-04-18 14:52:16,150] {scheduler_job.py:639} INFO - DAG(s) dict_keys(['tutorial_taskflow_api_etl']) retrieved from /home/airflow/.local/lib/python3.6/site-packages/airflow/example_dags/tutorial_taskflow_api_etl.py
[2022-04-18 14:52:16,163] {logging_mixin.py:104} INFO - [2022-04-18 14:52:16,163] {dag.py:1818} INFO - Sync 1 DAGs
[2022-04-18 14:52:16,172] {logging_mixin.py:104} INFO - [2022-04-18 14:52:16,172] {dag.py:2273} INFO - Setting next_dagrun for tutorial_taskflow_api_etl to None
[2022-04-18 14:52:16,176] {scheduler_job.py:190} INFO - Processing /home/airflow/.local/lib/python3.6/site-packages/airflow/example_dags/tutorial_taskflow_api_etl.py took 0.038 seconds
[2022-04-18 14:52:46,815] {scheduler_job.py:182} INFO - Started process (PID=4682) to work on /home/airflow/.local/lib/python3.6/site-packages/airflow/example_dags/tutorial_taskflow_api_etl.py
[2022-04-18 14:52:46,816] {scheduler_job.py:629} INFO - Processing file /home/airflow/.local/lib/python3.6/site-packages/airflow/example_dags/tutorial_taskflow_api_etl.py for tasks to queue
[2022-04-18 14:52:46,817] {logging_mixin.py:104} INFO - [2022-04-18 14:52:46,817] {dagbag.py:448} INFO - Filling up the DagBag from /home/airflow/.local/lib/python3.6/site-packages/airflow/example_dags/tutorial_taskflow_api_etl.py
[2022-04-18 14:52:46,824] {scheduler_job.py:639} INFO - DAG(s) dict_keys(['tutorial_taskflow_api_etl']) retrieved from /home/airflow/.local/lib/python3.6/site-packages/airflow/example_dags/tutorial_taskflow_api_etl.py
[2022-04-18 14:52:46,839] {logging_mixin.py:104} INFO - [2022-04-18 14:52:46,838] {dag.py:1818} INFO - Sync 1 DAGs
[2022-04-18 14:52:46,846] {logging_mixin.py:104} INFO - [2022-04-18 14:52:46,846] {dag.py:2273} INFO - Setting next_dagrun for tutorial_taskflow_api_etl to None
[2022-04-18 14:52:46,851] {scheduler_job.py:190} INFO - Processing /home/airflow/.local/lib/python3.6/site-packages/airflow/example_dags/tutorial_taskflow_api_etl.py took 0.038 seconds
[2022-04-18 14:53:17,479] {scheduler_job.py:182} INFO - Started process (PID=4817) to work on /home/airflow/.local/lib/python3.6/site-packages/airflow/example_dags/tutorial_taskflow_api_etl.py
[2022-04-18 14:53:17,480] {scheduler_job.py:629} INFO - Processing file /home/airflow/.local/lib/python3.6/site-packages/airflow/example_dags/tutorial_taskflow_api_etl.py for tasks to queue
[2022-04-18 14:53:17,480] {logging_mixin.py:104} INFO - [2022-04-18 14:53:17,480] {dagbag.py:448} INFO - Filling up the DagBag from /home/airflow/.local/lib/python3.6/site-packages/airflow/example_dags/tutorial_taskflow_api_etl.py
[2022-04-18 14:53:17,487] {scheduler_job.py:639} INFO - DAG(s) dict_keys(['tutorial_taskflow_api_etl']) retrieved from /home/airflow/.local/lib/python3.6/site-packages/airflow/example_dags/tutorial_taskflow_api_etl.py
[2022-04-18 14:53:17,504] {logging_mixin.py:104} INFO - [2022-04-18 14:53:17,503] {dag.py:1818} INFO - Sync 1 DAGs
[2022-04-18 14:53:17,511] {logging_mixin.py:104} INFO - [2022-04-18 14:53:17,511] {dag.py:2273} INFO - Setting next_dagrun for tutorial_taskflow_api_etl to None
[2022-04-18 14:53:17,516] {scheduler_job.py:190} INFO - Processing /home/airflow/.local/lib/python3.6/site-packages/airflow/example_dags/tutorial_taskflow_api_etl.py took 0.039 seconds
[2022-04-18 14:53:48,189] {scheduler_job.py:182} INFO - Started process (PID=4954) to work on /home/airflow/.local/lib/python3.6/site-packages/airflow/example_dags/tutorial_taskflow_api_etl.py
[2022-04-18 14:53:48,189] {scheduler_job.py:629} INFO - Processing file /home/airflow/.local/lib/python3.6/site-packages/airflow/example_dags/tutorial_taskflow_api_etl.py for tasks to queue
[2022-04-18 14:53:48,190] {logging_mixin.py:104} INFO - [2022-04-18 14:53:48,190] {dagbag.py:448} INFO - Filling up the DagBag from /home/airflow/.local/lib/python3.6/site-packages/airflow/example_dags/tutorial_taskflow_api_etl.py
[2022-04-18 14:53:48,198] {scheduler_job.py:639} INFO - DAG(s) dict_keys(['tutorial_taskflow_api_etl']) retrieved from /home/airflow/.local/lib/python3.6/site-packages/airflow/example_dags/tutorial_taskflow_api_etl.py
[2022-04-18 14:53:48,215] {logging_mixin.py:104} INFO - [2022-04-18 14:53:48,214] {dag.py:1818} INFO - Sync 1 DAGs
[2022-04-18 14:53:48,222] {logging_mixin.py:104} INFO - [2022-04-18 14:53:48,222] {dag.py:2273} INFO - Setting next_dagrun for tutorial_taskflow_api_etl to None
[2022-04-18 14:53:48,226] {scheduler_job.py:190} INFO - Processing /home/airflow/.local/lib/python3.6/site-packages/airflow/example_dags/tutorial_taskflow_api_etl.py took 0.039 seconds
[2022-04-18 14:54:18,916] {scheduler_job.py:182} INFO - Started process (PID=5087) to work on /home/airflow/.local/lib/python3.6/site-packages/airflow/example_dags/tutorial_taskflow_api_etl.py
[2022-04-18 14:54:18,916] {scheduler_job.py:629} INFO - Processing file /home/airflow/.local/lib/python3.6/site-packages/airflow/example_dags/tutorial_taskflow_api_etl.py for tasks to queue
[2022-04-18 14:54:18,917] {logging_mixin.py:104} INFO - [2022-04-18 14:54:18,917] {dagbag.py:448} INFO - Filling up the DagBag from /home/airflow/.local/lib/python3.6/site-packages/airflow/example_dags/tutorial_taskflow_api_etl.py
[2022-04-18 14:54:18,923] {scheduler_job.py:639} INFO - DAG(s) dict_keys(['tutorial_taskflow_api_etl']) retrieved from /home/airflow/.local/lib/python3.6/site-packages/airflow/example_dags/tutorial_taskflow_api_etl.py
[2022-04-18 14:54:18,937] {logging_mixin.py:104} INFO - [2022-04-18 14:54:18,937] {dag.py:1818} INFO - Sync 1 DAGs
[2022-04-18 14:54:18,945] {logging_mixin.py:104} INFO - [2022-04-18 14:54:18,945] {dag.py:2273} INFO - Setting next_dagrun for tutorial_taskflow_api_etl to None
[2022-04-18 14:54:18,950] {scheduler_job.py:190} INFO - Processing /home/airflow/.local/lib/python3.6/site-packages/airflow/example_dags/tutorial_taskflow_api_etl.py took 0.035 seconds
[2022-04-18 14:54:49,582] {scheduler_job.py:182} INFO - Started process (PID=5222) to work on /home/airflow/.local/lib/python3.6/site-packages/airflow/example_dags/tutorial_taskflow_api_etl.py
[2022-04-18 14:54:49,582] {scheduler_job.py:629} INFO - Processing file /home/airflow/.local/lib/python3.6/site-packages/airflow/example_dags/tutorial_taskflow_api_etl.py for tasks to queue
[2022-04-18 14:54:49,583] {logging_mixin.py:104} INFO - [2022-04-18 14:54:49,583] {dagbag.py:448} INFO - Filling up the DagBag from /home/airflow/.local/lib/python3.6/site-packages/airflow/example_dags/tutorial_taskflow_api_etl.py
[2022-04-18 14:54:49,590] {scheduler_job.py:639} INFO - DAG(s) dict_keys(['tutorial_taskflow_api_etl']) retrieved from /home/airflow/.local/lib/python3.6/site-packages/airflow/example_dags/tutorial_taskflow_api_etl.py
[2022-04-18 14:54:49,604] {logging_mixin.py:104} INFO - [2022-04-18 14:54:49,603] {dag.py:1818} INFO - Sync 1 DAGs
[2022-04-18 14:54:49,612] {logging_mixin.py:104} INFO - [2022-04-18 14:54:49,612] {dag.py:2273} INFO - Setting next_dagrun for tutorial_taskflow_api_etl to None
[2022-04-18 14:54:49,617] {scheduler_job.py:190} INFO - Processing /home/airflow/.local/lib/python3.6/site-packages/airflow/example_dags/tutorial_taskflow_api_etl.py took 0.037 seconds
[2022-04-18 14:55:20,343] {scheduler_job.py:182} INFO - Started process (PID=5359) to work on /home/airflow/.local/lib/python3.6/site-packages/airflow/example_dags/tutorial_taskflow_api_etl.py
[2022-04-18 14:55:20,344] {scheduler_job.py:629} INFO - Processing file /home/airflow/.local/lib/python3.6/site-packages/airflow/example_dags/tutorial_taskflow_api_etl.py for tasks to queue
[2022-04-18 14:55:20,345] {logging_mixin.py:104} INFO - [2022-04-18 14:55:20,345] {dagbag.py:448} INFO - Filling up the DagBag from /home/airflow/.local/lib/python3.6/site-packages/airflow/example_dags/tutorial_taskflow_api_etl.py
[2022-04-18 14:55:20,353] {scheduler_job.py:639} INFO - DAG(s) dict_keys(['tutorial_taskflow_api_etl']) retrieved from /home/airflow/.local/lib/python3.6/site-packages/airflow/example_dags/tutorial_taskflow_api_etl.py
[2022-04-18 14:55:20,368] {logging_mixin.py:104} INFO - [2022-04-18 14:55:20,368] {dag.py:1818} INFO - Sync 1 DAGs
[2022-04-18 14:55:20,376] {logging_mixin.py:104} INFO - [2022-04-18 14:55:20,376] {dag.py:2273} INFO - Setting next_dagrun for tutorial_taskflow_api_etl to None
[2022-04-18 14:55:20,381] {scheduler_job.py:190} INFO - Processing /home/airflow/.local/lib/python3.6/site-packages/airflow/example_dags/tutorial_taskflow_api_etl.py took 0.041 seconds
[2022-04-18 14:55:51,012] {scheduler_job.py:182} INFO - Started process (PID=5492) to work on /home/airflow/.local/lib/python3.6/site-packages/airflow/example_dags/tutorial_taskflow_api_etl.py
[2022-04-18 14:55:51,013] {scheduler_job.py:629} INFO - Processing file /home/airflow/.local/lib/python3.6/site-packages/airflow/example_dags/tutorial_taskflow_api_etl.py for tasks to queue
[2022-04-18 14:55:51,014] {logging_mixin.py:104} INFO - [2022-04-18 14:55:51,014] {dagbag.py:448} INFO - Filling up the DagBag from /home/airflow/.local/lib/python3.6/site-packages/airflow/example_dags/tutorial_taskflow_api_etl.py
[2022-04-18 14:55:51,023] {scheduler_job.py:639} INFO - DAG(s) dict_keys(['tutorial_taskflow_api_etl']) retrieved from /home/airflow/.local/lib/python3.6/site-packages/airflow/example_dags/tutorial_taskflow_api_etl.py
[2022-04-18 14:55:51,039] {logging_mixin.py:104} INFO - [2022-04-18 14:55:51,039] {dag.py:1818} INFO - Sync 1 DAGs
[2022-04-18 14:55:51,051] {logging_mixin.py:104} INFO - [2022-04-18 14:55:51,051] {dag.py:2273} INFO - Setting next_dagrun for tutorial_taskflow_api_etl to None
[2022-04-18 14:55:51,056] {scheduler_job.py:190} INFO - Processing /home/airflow/.local/lib/python3.6/site-packages/airflow/example_dags/tutorial_taskflow_api_etl.py took 0.045 seconds
[2022-04-18 14:56:21,698] {scheduler_job.py:182} INFO - Started process (PID=5627) to work on /home/airflow/.local/lib/python3.6/site-packages/airflow/example_dags/tutorial_taskflow_api_etl.py
[2022-04-18 14:56:21,699] {scheduler_job.py:629} INFO - Processing file /home/airflow/.local/lib/python3.6/site-packages/airflow/example_dags/tutorial_taskflow_api_etl.py for tasks to queue
[2022-04-18 14:56:21,699] {logging_mixin.py:104} INFO - [2022-04-18 14:56:21,699] {dagbag.py:448} INFO - Filling up the DagBag from /home/airflow/.local/lib/python3.6/site-packages/airflow/example_dags/tutorial_taskflow_api_etl.py
[2022-04-18 14:56:21,707] {scheduler_job.py:639} INFO - DAG(s) dict_keys(['tutorial_taskflow_api_etl']) retrieved from /home/airflow/.local/lib/python3.6/site-packages/airflow/example_dags/tutorial_taskflow_api_etl.py
[2022-04-18 14:56:21,720] {logging_mixin.py:104} INFO - [2022-04-18 14:56:21,720] {dag.py:1818} INFO - Sync 1 DAGs
[2022-04-18 14:56:21,731] {logging_mixin.py:104} INFO - [2022-04-18 14:56:21,731] {dag.py:2273} INFO - Setting next_dagrun for tutorial_taskflow_api_etl to None
[2022-04-18 14:56:21,740] {scheduler_job.py:190} INFO - Processing /home/airflow/.local/lib/python3.6/site-packages/airflow/example_dags/tutorial_taskflow_api_etl.py took 0.043 seconds
[2022-04-18 14:56:52,370] {scheduler_job.py:182} INFO - Started process (PID=5762) to work on /home/airflow/.local/lib/python3.6/site-packages/airflow/example_dags/tutorial_taskflow_api_etl.py
[2022-04-18 14:56:52,371] {scheduler_job.py:629} INFO - Processing file /home/airflow/.local/lib/python3.6/site-packages/airflow/example_dags/tutorial_taskflow_api_etl.py for tasks to queue
[2022-04-18 14:56:52,372] {logging_mixin.py:104} INFO - [2022-04-18 14:56:52,372] {dagbag.py:448} INFO - Filling up the DagBag from /home/airflow/.local/lib/python3.6/site-packages/airflow/example_dags/tutorial_taskflow_api_etl.py
[2022-04-18 14:56:52,380] {scheduler_job.py:639} INFO - DAG(s) dict_keys(['tutorial_taskflow_api_etl']) retrieved from /home/airflow/.local/lib/python3.6/site-packages/airflow/example_dags/tutorial_taskflow_api_etl.py
[2022-04-18 14:56:52,396] {logging_mixin.py:104} INFO - [2022-04-18 14:56:52,396] {dag.py:1818} INFO - Sync 1 DAGs
[2022-04-18 14:56:52,403] {logging_mixin.py:104} INFO - [2022-04-18 14:56:52,403] {dag.py:2273} INFO - Setting next_dagrun for tutorial_taskflow_api_etl to None
[2022-04-18 14:56:52,408] {scheduler_job.py:190} INFO - Processing /home/airflow/.local/lib/python3.6/site-packages/airflow/example_dags/tutorial_taskflow_api_etl.py took 0.040 seconds
[2022-04-18 14:57:23,118] {scheduler_job.py:182} INFO - Started process (PID=5897) to work on /home/airflow/.local/lib/python3.6/site-packages/airflow/example_dags/tutorial_taskflow_api_etl.py
[2022-04-18 14:57:23,119] {scheduler_job.py:629} INFO - Processing file /home/airflow/.local/lib/python3.6/site-packages/airflow/example_dags/tutorial_taskflow_api_etl.py for tasks to queue
[2022-04-18 14:57:23,120] {logging_mixin.py:104} INFO - [2022-04-18 14:57:23,120] {dagbag.py:448} INFO - Filling up the DagBag from /home/airflow/.local/lib/python3.6/site-packages/airflow/example_dags/tutorial_taskflow_api_etl.py
[2022-04-18 14:57:23,128] {scheduler_job.py:639} INFO - DAG(s) dict_keys(['tutorial_taskflow_api_etl']) retrieved from /home/airflow/.local/lib/python3.6/site-packages/airflow/example_dags/tutorial_taskflow_api_etl.py
[2022-04-18 14:57:23,143] {logging_mixin.py:104} INFO - [2022-04-18 14:57:23,143] {dag.py:1818} INFO - Sync 1 DAGs
[2022-04-18 14:57:23,151] {logging_mixin.py:104} INFO - [2022-04-18 14:57:23,151] {dag.py:2273} INFO - Setting next_dagrun for tutorial_taskflow_api_etl to None
[2022-04-18 14:57:23,156] {scheduler_job.py:190} INFO - Processing /home/airflow/.local/lib/python3.6/site-packages/airflow/example_dags/tutorial_taskflow_api_etl.py took 0.039 seconds
[2022-04-18 14:57:53,817] {scheduler_job.py:182} INFO - Started process (PID=6033) to work on /home/airflow/.local/lib/python3.6/site-packages/airflow/example_dags/tutorial_taskflow_api_etl.py
[2022-04-18 14:57:53,818] {scheduler_job.py:629} INFO - Processing file /home/airflow/.local/lib/python3.6/site-packages/airflow/example_dags/tutorial_taskflow_api_etl.py for tasks to queue
[2022-04-18 14:57:53,819] {logging_mixin.py:104} INFO - [2022-04-18 14:57:53,818] {dagbag.py:448} INFO - Filling up the DagBag from /home/airflow/.local/lib/python3.6/site-packages/airflow/example_dags/tutorial_taskflow_api_etl.py
[2022-04-18 14:57:53,827] {scheduler_job.py:639} INFO - DAG(s) dict_keys(['tutorial_taskflow_api_etl']) retrieved from /home/airflow/.local/lib/python3.6/site-packages/airflow/example_dags/tutorial_taskflow_api_etl.py
[2022-04-18 14:57:53,843] {logging_mixin.py:104} INFO - [2022-04-18 14:57:53,843] {dag.py:1818} INFO - Sync 1 DAGs
[2022-04-18 14:57:53,850] {logging_mixin.py:104} INFO - [2022-04-18 14:57:53,850] {dag.py:2273} INFO - Setting next_dagrun for tutorial_taskflow_api_etl to None
[2022-04-18 14:57:53,855] {scheduler_job.py:190} INFO - Processing /home/airflow/.local/lib/python3.6/site-packages/airflow/example_dags/tutorial_taskflow_api_etl.py took 0.039 seconds
[2022-04-18 14:58:24,560] {scheduler_job.py:182} INFO - Started process (PID=6167) to work on /home/airflow/.local/lib/python3.6/site-packages/airflow/example_dags/tutorial_taskflow_api_etl.py
[2022-04-18 14:58:24,561] {scheduler_job.py:629} INFO - Processing file /home/airflow/.local/lib/python3.6/site-packages/airflow/example_dags/tutorial_taskflow_api_etl.py for tasks to queue
[2022-04-18 14:58:24,562] {logging_mixin.py:104} INFO - [2022-04-18 14:58:24,562] {dagbag.py:448} INFO - Filling up the DagBag from /home/airflow/.local/lib/python3.6/site-packages/airflow/example_dags/tutorial_taskflow_api_etl.py
[2022-04-18 14:58:24,570] {scheduler_job.py:639} INFO - DAG(s) dict_keys(['tutorial_taskflow_api_etl']) retrieved from /home/airflow/.local/lib/python3.6/site-packages/airflow/example_dags/tutorial_taskflow_api_etl.py
[2022-04-18 14:58:24,585] {logging_mixin.py:104} INFO - [2022-04-18 14:58:24,584] {dag.py:1818} INFO - Sync 1 DAGs
[2022-04-18 14:58:24,593] {logging_mixin.py:104} INFO - [2022-04-18 14:58:24,593] {dag.py:2273} INFO - Setting next_dagrun for tutorial_taskflow_api_etl to None
[2022-04-18 14:58:24,598] {scheduler_job.py:190} INFO - Processing /home/airflow/.local/lib/python3.6/site-packages/airflow/example_dags/tutorial_taskflow_api_etl.py took 0.040 seconds
[2022-04-18 14:58:55,218] {scheduler_job.py:182} INFO - Started process (PID=6302) to work on /home/airflow/.local/lib/python3.6/site-packages/airflow/example_dags/tutorial_taskflow_api_etl.py
[2022-04-18 14:58:55,219] {scheduler_job.py:629} INFO - Processing file /home/airflow/.local/lib/python3.6/site-packages/airflow/example_dags/tutorial_taskflow_api_etl.py for tasks to queue
[2022-04-18 14:58:55,219] {logging_mixin.py:104} INFO - [2022-04-18 14:58:55,219] {dagbag.py:448} INFO - Filling up the DagBag from /home/airflow/.local/lib/python3.6/site-packages/airflow/example_dags/tutorial_taskflow_api_etl.py
[2022-04-18 14:58:55,226] {scheduler_job.py:639} INFO - DAG(s) dict_keys(['tutorial_taskflow_api_etl']) retrieved from /home/airflow/.local/lib/python3.6/site-packages/airflow/example_dags/tutorial_taskflow_api_etl.py
[2022-04-18 14:58:55,237] {logging_mixin.py:104} INFO - [2022-04-18 14:58:55,237] {dag.py:1818} INFO - Sync 1 DAGs
[2022-04-18 14:58:55,244] {logging_mixin.py:104} INFO - [2022-04-18 14:58:55,244] {dag.py:2273} INFO - Setting next_dagrun for tutorial_taskflow_api_etl to None
[2022-04-18 14:58:55,248] {scheduler_job.py:190} INFO - Processing /home/airflow/.local/lib/python3.6/site-packages/airflow/example_dags/tutorial_taskflow_api_etl.py took 0.033 seconds
[2022-04-18 14:59:25,894] {scheduler_job.py:182} INFO - Started process (PID=6437) to work on /home/airflow/.local/lib/python3.6/site-packages/airflow/example_dags/tutorial_taskflow_api_etl.py
[2022-04-18 14:59:25,895] {scheduler_job.py:629} INFO - Processing file /home/airflow/.local/lib/python3.6/site-packages/airflow/example_dags/tutorial_taskflow_api_etl.py for tasks to queue
[2022-04-18 14:59:25,895] {logging_mixin.py:104} INFO - [2022-04-18 14:59:25,895] {dagbag.py:448} INFO - Filling up the DagBag from /home/airflow/.local/lib/python3.6/site-packages/airflow/example_dags/tutorial_taskflow_api_etl.py
[2022-04-18 14:59:25,903] {scheduler_job.py:639} INFO - DAG(s) dict_keys(['tutorial_taskflow_api_etl']) retrieved from /home/airflow/.local/lib/python3.6/site-packages/airflow/example_dags/tutorial_taskflow_api_etl.py
[2022-04-18 14:59:25,918] {logging_mixin.py:104} INFO - [2022-04-18 14:59:25,918] {dag.py:1818} INFO - Sync 1 DAGs
[2022-04-18 14:59:25,925] {logging_mixin.py:104} INFO - [2022-04-18 14:59:25,925] {dag.py:2273} INFO - Setting next_dagrun for tutorial_taskflow_api_etl to None
[2022-04-18 14:59:25,929] {scheduler_job.py:190} INFO - Processing /home/airflow/.local/lib/python3.6/site-packages/airflow/example_dags/tutorial_taskflow_api_etl.py took 0.037 seconds
[2022-04-18 14:59:56,560] {scheduler_job.py:182} INFO - Started process (PID=6572) to work on /home/airflow/.local/lib/python3.6/site-packages/airflow/example_dags/tutorial_taskflow_api_etl.py
[2022-04-18 14:59:56,561] {scheduler_job.py:629} INFO - Processing file /home/airflow/.local/lib/python3.6/site-packages/airflow/example_dags/tutorial_taskflow_api_etl.py for tasks to queue
[2022-04-18 14:59:56,561] {logging_mixin.py:104} INFO - [2022-04-18 14:59:56,561] {dagbag.py:448} INFO - Filling up the DagBag from /home/airflow/.local/lib/python3.6/site-packages/airflow/example_dags/tutorial_taskflow_api_etl.py
[2022-04-18 14:59:56,571] {scheduler_job.py:639} INFO - DAG(s) dict_keys(['tutorial_taskflow_api_etl']) retrieved from /home/airflow/.local/lib/python3.6/site-packages/airflow/example_dags/tutorial_taskflow_api_etl.py
[2022-04-18 14:59:56,587] {logging_mixin.py:104} INFO - [2022-04-18 14:59:56,587] {dag.py:1818} INFO - Sync 1 DAGs
[2022-04-18 14:59:56,596] {logging_mixin.py:104} INFO - [2022-04-18 14:59:56,596] {dag.py:2273} INFO - Setting next_dagrun for tutorial_taskflow_api_etl to None
[2022-04-18 14:59:56,600] {scheduler_job.py:190} INFO - Processing /home/airflow/.local/lib/python3.6/site-packages/airflow/example_dags/tutorial_taskflow_api_etl.py took 0.042 seconds
[2022-04-18 15:00:27,264] {scheduler_job.py:182} INFO - Started process (PID=6707) to work on /home/airflow/.local/lib/python3.6/site-packages/airflow/example_dags/tutorial_taskflow_api_etl.py
[2022-04-18 15:00:27,264] {scheduler_job.py:629} INFO - Processing file /home/airflow/.local/lib/python3.6/site-packages/airflow/example_dags/tutorial_taskflow_api_etl.py for tasks to queue
[2022-04-18 15:00:27,265] {logging_mixin.py:104} INFO - [2022-04-18 15:00:27,265] {dagbag.py:448} INFO - Filling up the DagBag from /home/airflow/.local/lib/python3.6/site-packages/airflow/example_dags/tutorial_taskflow_api_etl.py
[2022-04-18 15:00:27,273] {scheduler_job.py:639} INFO - DAG(s) dict_keys(['tutorial_taskflow_api_etl']) retrieved from /home/airflow/.local/lib/python3.6/site-packages/airflow/example_dags/tutorial_taskflow_api_etl.py
[2022-04-18 15:00:27,286] {logging_mixin.py:104} INFO - [2022-04-18 15:00:27,286] {dag.py:1818} INFO - Sync 1 DAGs
[2022-04-18 15:00:27,294] {logging_mixin.py:104} INFO - [2022-04-18 15:00:27,294] {dag.py:2273} INFO - Setting next_dagrun for tutorial_taskflow_api_etl to None
[2022-04-18 15:00:27,299] {scheduler_job.py:190} INFO - Processing /home/airflow/.local/lib/python3.6/site-packages/airflow/example_dags/tutorial_taskflow_api_etl.py took 0.037 seconds
[2022-04-18 15:00:57,925] {scheduler_job.py:182} INFO - Started process (PID=6842) to work on /home/airflow/.local/lib/python3.6/site-packages/airflow/example_dags/tutorial_taskflow_api_etl.py
[2022-04-18 15:00:57,926] {scheduler_job.py:629} INFO - Processing file /home/airflow/.local/lib/python3.6/site-packages/airflow/example_dags/tutorial_taskflow_api_etl.py for tasks to queue
[2022-04-18 15:00:57,926] {logging_mixin.py:104} INFO - [2022-04-18 15:00:57,926] {dagbag.py:448} INFO - Filling up the DagBag from /home/airflow/.local/lib/python3.6/site-packages/airflow/example_dags/tutorial_taskflow_api_etl.py
[2022-04-18 15:00:57,935] {scheduler_job.py:639} INFO - DAG(s) dict_keys(['tutorial_taskflow_api_etl']) retrieved from /home/airflow/.local/lib/python3.6/site-packages/airflow/example_dags/tutorial_taskflow_api_etl.py
[2022-04-18 15:00:57,951] {logging_mixin.py:104} INFO - [2022-04-18 15:00:57,950] {dag.py:1818} INFO - Sync 1 DAGs
[2022-04-18 15:00:57,960] {logging_mixin.py:104} INFO - [2022-04-18 15:00:57,960] {dag.py:2273} INFO - Setting next_dagrun for tutorial_taskflow_api_etl to None
[2022-04-18 15:00:57,965] {scheduler_job.py:190} INFO - Processing /home/airflow/.local/lib/python3.6/site-packages/airflow/example_dags/tutorial_taskflow_api_etl.py took 0.042 seconds
[2022-04-18 15:01:28,630] {scheduler_job.py:182} INFO - Started process (PID=6977) to work on /home/airflow/.local/lib/python3.6/site-packages/airflow/example_dags/tutorial_taskflow_api_etl.py
[2022-04-18 15:01:28,632] {scheduler_job.py:629} INFO - Processing file /home/airflow/.local/lib/python3.6/site-packages/airflow/example_dags/tutorial_taskflow_api_etl.py for tasks to queue
[2022-04-18 15:01:28,632] {logging_mixin.py:104} INFO - [2022-04-18 15:01:28,632] {dagbag.py:448} INFO - Filling up the DagBag from /home/airflow/.local/lib/python3.6/site-packages/airflow/example_dags/tutorial_taskflow_api_etl.py
[2022-04-18 15:01:28,641] {scheduler_job.py:639} INFO - DAG(s) dict_keys(['tutorial_taskflow_api_etl']) retrieved from /home/airflow/.local/lib/python3.6/site-packages/airflow/example_dags/tutorial_taskflow_api_etl.py
[2022-04-18 15:01:28,657] {logging_mixin.py:104} INFO - [2022-04-18 15:01:28,657] {dag.py:1818} INFO - Sync 1 DAGs
[2022-04-18 15:01:28,666] {logging_mixin.py:104} INFO - [2022-04-18 15:01:28,666] {dag.py:2273} INFO - Setting next_dagrun for tutorial_taskflow_api_etl to None
[2022-04-18 15:01:28,671] {scheduler_job.py:190} INFO - Processing /home/airflow/.local/lib/python3.6/site-packages/airflow/example_dags/tutorial_taskflow_api_etl.py took 0.044 seconds
[2022-04-18 15:01:59,359] {scheduler_job.py:182} INFO - Started process (PID=7112) to work on /home/airflow/.local/lib/python3.6/site-packages/airflow/example_dags/tutorial_taskflow_api_etl.py
[2022-04-18 15:01:59,359] {scheduler_job.py:629} INFO - Processing file /home/airflow/.local/lib/python3.6/site-packages/airflow/example_dags/tutorial_taskflow_api_etl.py for tasks to queue
[2022-04-18 15:01:59,360] {logging_mixin.py:104} INFO - [2022-04-18 15:01:59,360] {dagbag.py:448} INFO - Filling up the DagBag from /home/airflow/.local/lib/python3.6/site-packages/airflow/example_dags/tutorial_taskflow_api_etl.py
[2022-04-18 15:01:59,368] {scheduler_job.py:639} INFO - DAG(s) dict_keys(['tutorial_taskflow_api_etl']) retrieved from /home/airflow/.local/lib/python3.6/site-packages/airflow/example_dags/tutorial_taskflow_api_etl.py
[2022-04-18 15:01:59,384] {logging_mixin.py:104} INFO - [2022-04-18 15:01:59,384] {dag.py:1818} INFO - Sync 1 DAGs
[2022-04-18 15:01:59,391] {logging_mixin.py:104} INFO - [2022-04-18 15:01:59,391] {dag.py:2273} INFO - Setting next_dagrun for tutorial_taskflow_api_etl to None
[2022-04-18 15:01:59,396] {scheduler_job.py:190} INFO - Processing /home/airflow/.local/lib/python3.6/site-packages/airflow/example_dags/tutorial_taskflow_api_etl.py took 0.040 seconds
[2022-04-18 15:02:30,065] {scheduler_job.py:182} INFO - Started process (PID=7247) to work on /home/airflow/.local/lib/python3.6/site-packages/airflow/example_dags/tutorial_taskflow_api_etl.py
[2022-04-18 15:02:30,065] {scheduler_job.py:629} INFO - Processing file /home/airflow/.local/lib/python3.6/site-packages/airflow/example_dags/tutorial_taskflow_api_etl.py for tasks to queue
[2022-04-18 15:02:30,066] {logging_mixin.py:104} INFO - [2022-04-18 15:02:30,066] {dagbag.py:448} INFO - Filling up the DagBag from /home/airflow/.local/lib/python3.6/site-packages/airflow/example_dags/tutorial_taskflow_api_etl.py
[2022-04-18 15:02:30,074] {scheduler_job.py:639} INFO - DAG(s) dict_keys(['tutorial_taskflow_api_etl']) retrieved from /home/airflow/.local/lib/python3.6/site-packages/airflow/example_dags/tutorial_taskflow_api_etl.py
[2022-04-18 15:02:30,088] {logging_mixin.py:104} INFO - [2022-04-18 15:02:30,088] {dag.py:1818} INFO - Sync 1 DAGs
[2022-04-18 15:02:30,097] {logging_mixin.py:104} INFO - [2022-04-18 15:02:30,097] {dag.py:2273} INFO - Setting next_dagrun for tutorial_taskflow_api_etl to None
[2022-04-18 15:02:30,102] {scheduler_job.py:190} INFO - Processing /home/airflow/.local/lib/python3.6/site-packages/airflow/example_dags/tutorial_taskflow_api_etl.py took 0.039 seconds
[2022-04-18 15:03:00,753] {scheduler_job.py:182} INFO - Started process (PID=7382) to work on /home/airflow/.local/lib/python3.6/site-packages/airflow/example_dags/tutorial_taskflow_api_etl.py
[2022-04-18 15:03:00,754] {scheduler_job.py:629} INFO - Processing file /home/airflow/.local/lib/python3.6/site-packages/airflow/example_dags/tutorial_taskflow_api_etl.py for tasks to queue
[2022-04-18 15:03:00,754] {logging_mixin.py:104} INFO - [2022-04-18 15:03:00,754] {dagbag.py:448} INFO - Filling up the DagBag from /home/airflow/.local/lib/python3.6/site-packages/airflow/example_dags/tutorial_taskflow_api_etl.py
[2022-04-18 15:03:00,763] {scheduler_job.py:639} INFO - DAG(s) dict_keys(['tutorial_taskflow_api_etl']) retrieved from /home/airflow/.local/lib/python3.6/site-packages/airflow/example_dags/tutorial_taskflow_api_etl.py
[2022-04-18 15:03:00,779] {logging_mixin.py:104} INFO - [2022-04-18 15:03:00,779] {dag.py:1818} INFO - Sync 1 DAGs
[2022-04-18 15:03:00,787] {logging_mixin.py:104} INFO - [2022-04-18 15:03:00,787] {dag.py:2273} INFO - Setting next_dagrun for tutorial_taskflow_api_etl to None
[2022-04-18 15:03:00,792] {scheduler_job.py:190} INFO - Processing /home/airflow/.local/lib/python3.6/site-packages/airflow/example_dags/tutorial_taskflow_api_etl.py took 0.040 seconds
[2022-04-18 15:03:31,429] {scheduler_job.py:182} INFO - Started process (PID=7517) to work on /home/airflow/.local/lib/python3.6/site-packages/airflow/example_dags/tutorial_taskflow_api_etl.py
[2022-04-18 15:03:31,430] {scheduler_job.py:629} INFO - Processing file /home/airflow/.local/lib/python3.6/site-packages/airflow/example_dags/tutorial_taskflow_api_etl.py for tasks to queue
[2022-04-18 15:03:31,431] {logging_mixin.py:104} INFO - [2022-04-18 15:03:31,431] {dagbag.py:448} INFO - Filling up the DagBag from /home/airflow/.local/lib/python3.6/site-packages/airflow/example_dags/tutorial_taskflow_api_etl.py
[2022-04-18 15:03:31,438] {scheduler_job.py:639} INFO - DAG(s) dict_keys(['tutorial_taskflow_api_etl']) retrieved from /home/airflow/.local/lib/python3.6/site-packages/airflow/example_dags/tutorial_taskflow_api_etl.py
[2022-04-18 15:03:31,453] {logging_mixin.py:104} INFO - [2022-04-18 15:03:31,453] {dag.py:1818} INFO - Sync 1 DAGs
[2022-04-18 15:03:31,461] {logging_mixin.py:104} INFO - [2022-04-18 15:03:31,461] {dag.py:2273} INFO - Setting next_dagrun for tutorial_taskflow_api_etl to None
[2022-04-18 15:03:31,466] {scheduler_job.py:190} INFO - Processing /home/airflow/.local/lib/python3.6/site-packages/airflow/example_dags/tutorial_taskflow_api_etl.py took 0.038 seconds
[2022-04-18 15:04:02,101] {scheduler_job.py:182} INFO - Started process (PID=7652) to work on /home/airflow/.local/lib/python3.6/site-packages/airflow/example_dags/tutorial_taskflow_api_etl.py
[2022-04-18 15:04:02,102] {scheduler_job.py:629} INFO - Processing file /home/airflow/.local/lib/python3.6/site-packages/airflow/example_dags/tutorial_taskflow_api_etl.py for tasks to queue
[2022-04-18 15:04:02,103] {logging_mixin.py:104} INFO - [2022-04-18 15:04:02,102] {dagbag.py:448} INFO - Filling up the DagBag from /home/airflow/.local/lib/python3.6/site-packages/airflow/example_dags/tutorial_taskflow_api_etl.py
[2022-04-18 15:04:02,112] {scheduler_job.py:639} INFO - DAG(s) dict_keys(['tutorial_taskflow_api_etl']) retrieved from /home/airflow/.local/lib/python3.6/site-packages/airflow/example_dags/tutorial_taskflow_api_etl.py
[2022-04-18 15:04:02,125] {logging_mixin.py:104} INFO - [2022-04-18 15:04:02,125] {dag.py:1818} INFO - Sync 1 DAGs
[2022-04-18 15:04:02,133] {logging_mixin.py:104} INFO - [2022-04-18 15:04:02,133] {dag.py:2273} INFO - Setting next_dagrun for tutorial_taskflow_api_etl to None
[2022-04-18 15:04:02,138] {scheduler_job.py:190} INFO - Processing /home/airflow/.local/lib/python3.6/site-packages/airflow/example_dags/tutorial_taskflow_api_etl.py took 0.039 seconds
[2022-04-18 15:04:32,824] {scheduler_job.py:182} INFO - Started process (PID=7787) to work on /home/airflow/.local/lib/python3.6/site-packages/airflow/example_dags/tutorial_taskflow_api_etl.py
[2022-04-18 15:04:32,825] {scheduler_job.py:629} INFO - Processing file /home/airflow/.local/lib/python3.6/site-packages/airflow/example_dags/tutorial_taskflow_api_etl.py for tasks to queue
[2022-04-18 15:04:32,825] {logging_mixin.py:104} INFO - [2022-04-18 15:04:32,825] {dagbag.py:448} INFO - Filling up the DagBag from /home/airflow/.local/lib/python3.6/site-packages/airflow/example_dags/tutorial_taskflow_api_etl.py
[2022-04-18 15:04:32,834] {scheduler_job.py:639} INFO - DAG(s) dict_keys(['tutorial_taskflow_api_etl']) retrieved from /home/airflow/.local/lib/python3.6/site-packages/airflow/example_dags/tutorial_taskflow_api_etl.py
[2022-04-18 15:04:32,851] {logging_mixin.py:104} INFO - [2022-04-18 15:04:32,850] {dag.py:1818} INFO - Sync 1 DAGs
[2022-04-18 15:04:32,860] {logging_mixin.py:104} INFO - [2022-04-18 15:04:32,860] {dag.py:2273} INFO - Setting next_dagrun for tutorial_taskflow_api_etl to None
[2022-04-18 15:04:32,865] {scheduler_job.py:190} INFO - Processing /home/airflow/.local/lib/python3.6/site-packages/airflow/example_dags/tutorial_taskflow_api_etl.py took 0.044 seconds
[2022-04-18 15:05:03,511] {scheduler_job.py:182} INFO - Started process (PID=7922) to work on /home/airflow/.local/lib/python3.6/site-packages/airflow/example_dags/tutorial_taskflow_api_etl.py
[2022-04-18 15:05:03,511] {scheduler_job.py:629} INFO - Processing file /home/airflow/.local/lib/python3.6/site-packages/airflow/example_dags/tutorial_taskflow_api_etl.py for tasks to queue
[2022-04-18 15:05:03,512] {logging_mixin.py:104} INFO - [2022-04-18 15:05:03,512] {dagbag.py:448} INFO - Filling up the DagBag from /home/airflow/.local/lib/python3.6/site-packages/airflow/example_dags/tutorial_taskflow_api_etl.py
[2022-04-18 15:05:03,520] {scheduler_job.py:639} INFO - DAG(s) dict_keys(['tutorial_taskflow_api_etl']) retrieved from /home/airflow/.local/lib/python3.6/site-packages/airflow/example_dags/tutorial_taskflow_api_etl.py
[2022-04-18 15:05:03,537] {logging_mixin.py:104} INFO - [2022-04-18 15:05:03,537] {dag.py:1818} INFO - Sync 1 DAGs
[2022-04-18 15:05:03,546] {logging_mixin.py:104} INFO - [2022-04-18 15:05:03,546] {dag.py:2273} INFO - Setting next_dagrun for tutorial_taskflow_api_etl to None
[2022-04-18 15:05:03,551] {scheduler_job.py:190} INFO - Processing /home/airflow/.local/lib/python3.6/site-packages/airflow/example_dags/tutorial_taskflow_api_etl.py took 0.043 seconds
[2022-04-18 15:05:34,198] {scheduler_job.py:182} INFO - Started process (PID=8057) to work on /home/airflow/.local/lib/python3.6/site-packages/airflow/example_dags/tutorial_taskflow_api_etl.py
[2022-04-18 15:05:34,199] {scheduler_job.py:629} INFO - Processing file /home/airflow/.local/lib/python3.6/site-packages/airflow/example_dags/tutorial_taskflow_api_etl.py for tasks to queue
[2022-04-18 15:05:34,199] {logging_mixin.py:104} INFO - [2022-04-18 15:05:34,199] {dagbag.py:448} INFO - Filling up the DagBag from /home/airflow/.local/lib/python3.6/site-packages/airflow/example_dags/tutorial_taskflow_api_etl.py
[2022-04-18 15:05:34,208] {scheduler_job.py:639} INFO - DAG(s) dict_keys(['tutorial_taskflow_api_etl']) retrieved from /home/airflow/.local/lib/python3.6/site-packages/airflow/example_dags/tutorial_taskflow_api_etl.py
[2022-04-18 15:05:34,224] {logging_mixin.py:104} INFO - [2022-04-18 15:05:34,224] {dag.py:1818} INFO - Sync 1 DAGs
[2022-04-18 15:05:34,233] {logging_mixin.py:104} INFO - [2022-04-18 15:05:34,233] {dag.py:2273} INFO - Setting next_dagrun for tutorial_taskflow_api_etl to None
[2022-04-18 15:05:34,237] {scheduler_job.py:190} INFO - Processing /home/airflow/.local/lib/python3.6/site-packages/airflow/example_dags/tutorial_taskflow_api_etl.py took 0.041 seconds
[2022-04-18 15:06:04,888] {scheduler_job.py:182} INFO - Started process (PID=8192) to work on /home/airflow/.local/lib/python3.6/site-packages/airflow/example_dags/tutorial_taskflow_api_etl.py
[2022-04-18 15:06:04,889] {scheduler_job.py:629} INFO - Processing file /home/airflow/.local/lib/python3.6/site-packages/airflow/example_dags/tutorial_taskflow_api_etl.py for tasks to queue
[2022-04-18 15:06:04,890] {logging_mixin.py:104} INFO - [2022-04-18 15:06:04,890] {dagbag.py:448} INFO - Filling up the DagBag from /home/airflow/.local/lib/python3.6/site-packages/airflow/example_dags/tutorial_taskflow_api_etl.py
[2022-04-18 15:06:04,899] {scheduler_job.py:639} INFO - DAG(s) dict_keys(['tutorial_taskflow_api_etl']) retrieved from /home/airflow/.local/lib/python3.6/site-packages/airflow/example_dags/tutorial_taskflow_api_etl.py
[2022-04-18 15:06:04,917] {logging_mixin.py:104} INFO - [2022-04-18 15:06:04,917] {dag.py:1818} INFO - Sync 1 DAGs
[2022-04-18 15:06:04,924] {logging_mixin.py:104} INFO - [2022-04-18 15:06:04,924] {dag.py:2273} INFO - Setting next_dagrun for tutorial_taskflow_api_etl to None
[2022-04-18 15:06:04,928] {scheduler_job.py:190} INFO - Processing /home/airflow/.local/lib/python3.6/site-packages/airflow/example_dags/tutorial_taskflow_api_etl.py took 0.042 seconds
[2022-04-18 15:06:35,622] {scheduler_job.py:182} INFO - Started process (PID=8327) to work on /home/airflow/.local/lib/python3.6/site-packages/airflow/example_dags/tutorial_taskflow_api_etl.py
[2022-04-18 15:06:35,623] {scheduler_job.py:629} INFO - Processing file /home/airflow/.local/lib/python3.6/site-packages/airflow/example_dags/tutorial_taskflow_api_etl.py for tasks to queue
[2022-04-18 15:06:35,624] {logging_mixin.py:104} INFO - [2022-04-18 15:06:35,624] {dagbag.py:448} INFO - Filling up the DagBag from /home/airflow/.local/lib/python3.6/site-packages/airflow/example_dags/tutorial_taskflow_api_etl.py
[2022-04-18 15:06:35,631] {scheduler_job.py:639} INFO - DAG(s) dict_keys(['tutorial_taskflow_api_etl']) retrieved from /home/airflow/.local/lib/python3.6/site-packages/airflow/example_dags/tutorial_taskflow_api_etl.py
[2022-04-18 15:06:35,643] {logging_mixin.py:104} INFO - [2022-04-18 15:06:35,643] {dag.py:1818} INFO - Sync 1 DAGs
[2022-04-18 15:06:35,652] {logging_mixin.py:104} INFO - [2022-04-18 15:06:35,652] {dag.py:2273} INFO - Setting next_dagrun for tutorial_taskflow_api_etl to None
[2022-04-18 15:06:35,657] {scheduler_job.py:190} INFO - Processing /home/airflow/.local/lib/python3.6/site-packages/airflow/example_dags/tutorial_taskflow_api_etl.py took 0.037 seconds
