[2022-06-18 15:10:37,333] {scheduler_job.py:182} INFO - Started process (PID=196) to work on /opt/airflow/dags/dagRun.py
[2022-06-18 15:10:37,334] {scheduler_job.py:629} INFO - Processing file /opt/airflow/dags/dagRun.py for tasks to queue
[2022-06-18 15:10:37,335] {logging_mixin.py:104} INFO - [2022-06-18 15:10:37,335] {dagbag.py:448} INFO - Filling up the DagBag from /opt/airflow/dags/dagRun.py
[2022-06-18 15:10:37,874] {scheduler_job.py:639} INFO - DAG(s) dict_keys(['analyze_json_data']) retrieved from /opt/airflow/dags/dagRun.py
[2022-06-18 15:10:37,889] {logging_mixin.py:104} INFO - [2022-06-18 15:10:37,889] {dag.py:1818} INFO - Sync 1 DAGs
[2022-06-18 15:10:37,901] {logging_mixin.py:104} INFO - [2022-06-18 15:10:37,901] {dag.py:2273} INFO - Setting next_dagrun for analyze_json_data to 2022-06-18 00:00:00+00:00
[2022-06-18 15:10:37,909] {scheduler_job.py:190} INFO - Processing /opt/airflow/dags/dagRun.py took 0.577 seconds
[2022-06-18 15:11:08,493] {scheduler_job.py:182} INFO - Started process (PID=829) to work on /opt/airflow/dags/dagRun.py
[2022-06-18 15:11:08,494] {scheduler_job.py:629} INFO - Processing file /opt/airflow/dags/dagRun.py for tasks to queue
[2022-06-18 15:11:08,494] {logging_mixin.py:104} INFO - [2022-06-18 15:11:08,494] {dagbag.py:448} INFO - Filling up the DagBag from /opt/airflow/dags/dagRun.py
[2022-06-18 15:11:08,754] {scheduler_job.py:639} INFO - DAG(s) dict_keys(['analyze_json_data']) retrieved from /opt/airflow/dags/dagRun.py
[2022-06-18 15:11:08,765] {logging_mixin.py:104} INFO - [2022-06-18 15:11:08,765] {dag.py:1818} INFO - Sync 1 DAGs
[2022-06-18 15:11:08,777] {logging_mixin.py:104} INFO - [2022-06-18 15:11:08,777] {dag.py:2273} INFO - Setting next_dagrun for analyze_json_data to 2022-06-18 00:00:00+00:00
[2022-06-18 15:11:08,780] {scheduler_job.py:190} INFO - Processing /opt/airflow/dags/dagRun.py took 0.290 seconds
[2022-06-18 15:11:39,430] {scheduler_job.py:182} INFO - Started process (PID=1154) to work on /opt/airflow/dags/dagRun.py
[2022-06-18 15:11:39,430] {scheduler_job.py:629} INFO - Processing file /opt/airflow/dags/dagRun.py for tasks to queue
[2022-06-18 15:11:39,430] {logging_mixin.py:104} INFO - [2022-06-18 15:11:39,430] {dagbag.py:448} INFO - Filling up the DagBag from /opt/airflow/dags/dagRun.py
[2022-06-18 15:11:39,698] {scheduler_job.py:639} INFO - DAG(s) dict_keys(['analyze_json_data']) retrieved from /opt/airflow/dags/dagRun.py
[2022-06-18 15:11:39,708] {logging_mixin.py:104} INFO - [2022-06-18 15:11:39,708] {dag.py:1818} INFO - Sync 1 DAGs
[2022-06-18 15:11:39,719] {logging_mixin.py:104} INFO - [2022-06-18 15:11:39,719] {dag.py:2273} INFO - Setting next_dagrun for analyze_json_data to 2022-06-18 00:00:00+00:00
[2022-06-18 15:11:39,722] {scheduler_job.py:190} INFO - Processing /opt/airflow/dags/dagRun.py took 0.294 seconds
[2022-06-18 15:12:10,287] {scheduler_job.py:182} INFO - Started process (PID=1482) to work on /opt/airflow/dags/dagRun.py
[2022-06-18 15:12:10,288] {scheduler_job.py:629} INFO - Processing file /opt/airflow/dags/dagRun.py for tasks to queue
[2022-06-18 15:12:10,289] {logging_mixin.py:104} INFO - [2022-06-18 15:12:10,289] {dagbag.py:448} INFO - Filling up the DagBag from /opt/airflow/dags/dagRun.py
[2022-06-18 15:12:10,545] {scheduler_job.py:639} INFO - DAG(s) dict_keys(['analyze_json_data']) retrieved from /opt/airflow/dags/dagRun.py
[2022-06-18 15:12:10,562] {logging_mixin.py:104} INFO - [2022-06-18 15:12:10,562] {dag.py:1818} INFO - Sync 1 DAGs
[2022-06-18 15:12:10,573] {logging_mixin.py:104} INFO - [2022-06-18 15:12:10,573] {dag.py:2273} INFO - Setting next_dagrun for analyze_json_data to 2022-06-18 00:00:00+00:00
[2022-06-18 15:12:10,576] {scheduler_job.py:190} INFO - Processing /opt/airflow/dags/dagRun.py took 0.292 seconds
[2022-06-18 15:12:41,206] {scheduler_job.py:182} INFO - Started process (PID=1709) to work on /opt/airflow/dags/dagRun.py
[2022-06-18 15:12:41,206] {scheduler_job.py:629} INFO - Processing file /opt/airflow/dags/dagRun.py for tasks to queue
[2022-06-18 15:12:41,207] {logging_mixin.py:104} INFO - [2022-06-18 15:12:41,207] {dagbag.py:448} INFO - Filling up the DagBag from /opt/airflow/dags/dagRun.py
[2022-06-18 15:12:41,482] {scheduler_job.py:639} INFO - DAG(s) dict_keys(['analyze_json_data']) retrieved from /opt/airflow/dags/dagRun.py
[2022-06-18 15:12:41,492] {logging_mixin.py:104} INFO - [2022-06-18 15:12:41,492] {dag.py:1818} INFO - Sync 1 DAGs
[2022-06-18 15:12:41,505] {logging_mixin.py:104} INFO - [2022-06-18 15:12:41,505] {dag.py:2273} INFO - Setting next_dagrun for analyze_json_data to 2022-06-18 00:00:00+00:00
[2022-06-18 15:12:41,509] {scheduler_job.py:190} INFO - Processing /opt/airflow/dags/dagRun.py took 0.305 seconds
[2022-06-18 15:13:12,145] {scheduler_job.py:182} INFO - Started process (PID=1948) to work on /opt/airflow/dags/dagRun.py
[2022-06-18 15:13:12,146] {scheduler_job.py:629} INFO - Processing file /opt/airflow/dags/dagRun.py for tasks to queue
[2022-06-18 15:13:12,146] {logging_mixin.py:104} INFO - [2022-06-18 15:13:12,146] {dagbag.py:448} INFO - Filling up the DagBag from /opt/airflow/dags/dagRun.py
[2022-06-18 15:13:12,409] {scheduler_job.py:639} INFO - DAG(s) dict_keys(['analyze_json_data']) retrieved from /opt/airflow/dags/dagRun.py
[2022-06-18 15:13:12,424] {logging_mixin.py:104} INFO - [2022-06-18 15:13:12,424] {dag.py:1818} INFO - Sync 1 DAGs
[2022-06-18 15:13:12,435] {logging_mixin.py:104} INFO - [2022-06-18 15:13:12,435] {dag.py:2273} INFO - Setting next_dagrun for analyze_json_data to 2022-06-18 00:00:00+00:00
[2022-06-18 15:13:12,438] {scheduler_job.py:190} INFO - Processing /opt/airflow/dags/dagRun.py took 0.295 seconds
[2022-06-18 15:13:43,084] {scheduler_job.py:182} INFO - Started process (PID=2083) to work on /opt/airflow/dags/dagRun.py
[2022-06-18 15:13:43,084] {scheduler_job.py:629} INFO - Processing file /opt/airflow/dags/dagRun.py for tasks to queue
[2022-06-18 15:13:43,085] {logging_mixin.py:104} INFO - [2022-06-18 15:13:43,085] {dagbag.py:448} INFO - Filling up the DagBag from /opt/airflow/dags/dagRun.py
[2022-06-18 15:13:43,343] {scheduler_job.py:639} INFO - DAG(s) dict_keys(['analyze_json_data']) retrieved from /opt/airflow/dags/dagRun.py
[2022-06-18 15:13:43,358] {logging_mixin.py:104} INFO - [2022-06-18 15:13:43,357] {dag.py:1818} INFO - Sync 1 DAGs
[2022-06-18 15:13:43,369] {logging_mixin.py:104} INFO - [2022-06-18 15:13:43,368] {dag.py:2273} INFO - Setting next_dagrun for analyze_json_data to 2022-06-18 00:00:00+00:00
[2022-06-18 15:13:43,372] {scheduler_job.py:190} INFO - Processing /opt/airflow/dags/dagRun.py took 0.291 seconds
[2022-06-18 15:14:14,047] {scheduler_job.py:182} INFO - Started process (PID=2218) to work on /opt/airflow/dags/dagRun.py
[2022-06-18 15:14:14,048] {scheduler_job.py:629} INFO - Processing file /opt/airflow/dags/dagRun.py for tasks to queue
[2022-06-18 15:14:14,049] {logging_mixin.py:104} INFO - [2022-06-18 15:14:14,049] {dagbag.py:448} INFO - Filling up the DagBag from /opt/airflow/dags/dagRun.py
[2022-06-18 15:14:14,305] {scheduler_job.py:639} INFO - DAG(s) dict_keys(['analyze_json_data']) retrieved from /opt/airflow/dags/dagRun.py
[2022-06-18 15:14:14,319] {logging_mixin.py:104} INFO - [2022-06-18 15:14:14,319] {dag.py:1818} INFO - Sync 1 DAGs
[2022-06-18 15:14:14,331] {logging_mixin.py:104} INFO - [2022-06-18 15:14:14,331] {dag.py:2273} INFO - Setting next_dagrun for analyze_json_data to 2022-06-18 00:00:00+00:00
[2022-06-18 15:14:14,334] {scheduler_job.py:190} INFO - Processing /opt/airflow/dags/dagRun.py took 0.289 seconds
[2022-06-18 15:14:45,003] {scheduler_job.py:182} INFO - Started process (PID=2353) to work on /opt/airflow/dags/dagRun.py
[2022-06-18 15:14:45,004] {scheduler_job.py:629} INFO - Processing file /opt/airflow/dags/dagRun.py for tasks to queue
[2022-06-18 15:14:45,005] {logging_mixin.py:104} INFO - [2022-06-18 15:14:45,005] {dagbag.py:448} INFO - Filling up the DagBag from /opt/airflow/dags/dagRun.py
[2022-06-18 15:14:45,271] {scheduler_job.py:639} INFO - DAG(s) dict_keys(['analyze_json_data']) retrieved from /opt/airflow/dags/dagRun.py
[2022-06-18 15:14:45,282] {logging_mixin.py:104} INFO - [2022-06-18 15:14:45,282] {dag.py:1818} INFO - Sync 1 DAGs
[2022-06-18 15:14:45,294] {logging_mixin.py:104} INFO - [2022-06-18 15:14:45,294] {dag.py:2273} INFO - Setting next_dagrun for analyze_json_data to 2022-06-18 00:00:00+00:00
[2022-06-18 15:14:45,298] {scheduler_job.py:190} INFO - Processing /opt/airflow/dags/dagRun.py took 0.297 seconds
[2022-06-18 15:15:15,945] {scheduler_job.py:182} INFO - Started process (PID=2488) to work on /opt/airflow/dags/dagRun.py
[2022-06-18 15:15:15,946] {scheduler_job.py:629} INFO - Processing file /opt/airflow/dags/dagRun.py for tasks to queue
[2022-06-18 15:15:15,947] {logging_mixin.py:104} INFO - [2022-06-18 15:15:15,947] {dagbag.py:448} INFO - Filling up the DagBag from /opt/airflow/dags/dagRun.py
[2022-06-18 15:15:16,212] {scheduler_job.py:639} INFO - DAG(s) dict_keys(['analyze_json_data']) retrieved from /opt/airflow/dags/dagRun.py
[2022-06-18 15:15:16,226] {logging_mixin.py:104} INFO - [2022-06-18 15:15:16,226] {dag.py:1818} INFO - Sync 1 DAGs
[2022-06-18 15:15:16,238] {logging_mixin.py:104} INFO - [2022-06-18 15:15:16,238] {dag.py:2273} INFO - Setting next_dagrun for analyze_json_data to 2022-06-18 00:00:00+00:00
[2022-06-18 15:15:16,241] {scheduler_job.py:190} INFO - Processing /opt/airflow/dags/dagRun.py took 0.298 seconds
[2022-06-18 15:15:46,826] {scheduler_job.py:182} INFO - Started process (PID=2623) to work on /opt/airflow/dags/dagRun.py
[2022-06-18 15:15:46,827] {scheduler_job.py:629} INFO - Processing file /opt/airflow/dags/dagRun.py for tasks to queue
[2022-06-18 15:15:46,828] {logging_mixin.py:104} INFO - [2022-06-18 15:15:46,827] {dagbag.py:448} INFO - Filling up the DagBag from /opt/airflow/dags/dagRun.py
[2022-06-18 15:15:47,113] {scheduler_job.py:639} INFO - DAG(s) dict_keys(['analyze_json_data']) retrieved from /opt/airflow/dags/dagRun.py
[2022-06-18 15:15:47,122] {logging_mixin.py:104} INFO - [2022-06-18 15:15:47,122] {dag.py:1818} INFO - Sync 1 DAGs
[2022-06-18 15:15:47,135] {logging_mixin.py:104} INFO - [2022-06-18 15:15:47,135] {dag.py:2273} INFO - Setting next_dagrun for analyze_json_data to 2022-06-18 00:00:00+00:00
[2022-06-18 15:15:47,138] {scheduler_job.py:190} INFO - Processing /opt/airflow/dags/dagRun.py took 0.315 seconds
[2022-06-18 15:16:17,781] {scheduler_job.py:182} INFO - Started process (PID=2758) to work on /opt/airflow/dags/dagRun.py
[2022-06-18 15:16:17,781] {scheduler_job.py:629} INFO - Processing file /opt/airflow/dags/dagRun.py for tasks to queue
[2022-06-18 15:16:17,782] {logging_mixin.py:104} INFO - [2022-06-18 15:16:17,782] {dagbag.py:448} INFO - Filling up the DagBag from /opt/airflow/dags/dagRun.py
[2022-06-18 15:16:18,101] {scheduler_job.py:639} INFO - DAG(s) dict_keys(['analyze_json_data']) retrieved from /opt/airflow/dags/dagRun.py
[2022-06-18 15:16:18,115] {logging_mixin.py:104} INFO - [2022-06-18 15:16:18,115] {dag.py:1818} INFO - Sync 1 DAGs
[2022-06-18 15:16:18,128] {logging_mixin.py:104} INFO - [2022-06-18 15:16:18,128] {dag.py:2273} INFO - Setting next_dagrun for analyze_json_data to 2022-06-18 00:00:00+00:00
[2022-06-18 15:16:18,131] {scheduler_job.py:190} INFO - Processing /opt/airflow/dags/dagRun.py took 0.353 seconds
[2022-06-18 15:16:48,642] {scheduler_job.py:182} INFO - Started process (PID=2893) to work on /opt/airflow/dags/dagRun.py
[2022-06-18 15:16:48,643] {scheduler_job.py:629} INFO - Processing file /opt/airflow/dags/dagRun.py for tasks to queue
[2022-06-18 15:16:48,644] {logging_mixin.py:104} INFO - [2022-06-18 15:16:48,643] {dagbag.py:448} INFO - Filling up the DagBag from /opt/airflow/dags/dagRun.py
[2022-06-18 15:16:48,910] {scheduler_job.py:639} INFO - DAG(s) dict_keys(['analyze_json_data']) retrieved from /opt/airflow/dags/dagRun.py
[2022-06-18 15:16:48,924] {logging_mixin.py:104} INFO - [2022-06-18 15:16:48,924] {dag.py:1818} INFO - Sync 1 DAGs
[2022-06-18 15:16:48,937] {logging_mixin.py:104} INFO - [2022-06-18 15:16:48,937] {dag.py:2273} INFO - Setting next_dagrun for analyze_json_data to 2022-06-18 00:00:00+00:00
[2022-06-18 15:16:48,940] {scheduler_job.py:190} INFO - Processing /opt/airflow/dags/dagRun.py took 0.300 seconds
[2022-06-18 15:17:19,583] {scheduler_job.py:182} INFO - Started process (PID=3028) to work on /opt/airflow/dags/dagRun.py
[2022-06-18 15:17:19,584] {scheduler_job.py:629} INFO - Processing file /opt/airflow/dags/dagRun.py for tasks to queue
[2022-06-18 15:17:19,585] {logging_mixin.py:104} INFO - [2022-06-18 15:17:19,585] {dagbag.py:448} INFO - Filling up the DagBag from /opt/airflow/dags/dagRun.py
[2022-06-18 15:17:19,854] {scheduler_job.py:639} INFO - DAG(s) dict_keys(['analyze_json_data']) retrieved from /opt/airflow/dags/dagRun.py
[2022-06-18 15:17:19,869] {logging_mixin.py:104} INFO - [2022-06-18 15:17:19,869] {dag.py:1818} INFO - Sync 1 DAGs
[2022-06-18 15:17:19,880] {logging_mixin.py:104} INFO - [2022-06-18 15:17:19,880] {dag.py:2273} INFO - Setting next_dagrun for analyze_json_data to 2022-06-18 00:00:00+00:00
[2022-06-18 15:17:19,884] {scheduler_job.py:190} INFO - Processing /opt/airflow/dags/dagRun.py took 0.303 seconds
[2022-06-18 15:17:50,526] {scheduler_job.py:182} INFO - Started process (PID=3163) to work on /opt/airflow/dags/dagRun.py
[2022-06-18 15:17:50,527] {scheduler_job.py:629} INFO - Processing file /opt/airflow/dags/dagRun.py for tasks to queue
[2022-06-18 15:17:50,528] {logging_mixin.py:104} INFO - [2022-06-18 15:17:50,527] {dagbag.py:448} INFO - Filling up the DagBag from /opt/airflow/dags/dagRun.py
[2022-06-18 15:17:50,795] {scheduler_job.py:639} INFO - DAG(s) dict_keys(['analyze_json_data']) retrieved from /opt/airflow/dags/dagRun.py
[2022-06-18 15:17:50,811] {logging_mixin.py:104} INFO - [2022-06-18 15:17:50,810] {dag.py:1818} INFO - Sync 1 DAGs
[2022-06-18 15:17:50,823] {logging_mixin.py:104} INFO - [2022-06-18 15:17:50,823] {dag.py:2273} INFO - Setting next_dagrun for analyze_json_data to 2022-06-18 00:00:00+00:00
[2022-06-18 15:17:50,827] {scheduler_job.py:190} INFO - Processing /opt/airflow/dags/dagRun.py took 0.303 seconds
[2022-06-18 15:18:21,403] {scheduler_job.py:182} INFO - Started process (PID=3298) to work on /opt/airflow/dags/dagRun.py
[2022-06-18 15:18:21,404] {scheduler_job.py:629} INFO - Processing file /opt/airflow/dags/dagRun.py for tasks to queue
[2022-06-18 15:18:21,405] {logging_mixin.py:104} INFO - [2022-06-18 15:18:21,405] {dagbag.py:448} INFO - Filling up the DagBag from /opt/airflow/dags/dagRun.py
[2022-06-18 15:18:21,669] {scheduler_job.py:639} INFO - DAG(s) dict_keys(['analyze_json_data']) retrieved from /opt/airflow/dags/dagRun.py
[2022-06-18 15:18:21,681] {logging_mixin.py:104} INFO - [2022-06-18 15:18:21,681] {dag.py:1818} INFO - Sync 1 DAGs
[2022-06-18 15:18:21,697] {logging_mixin.py:104} INFO - [2022-06-18 15:18:21,697] {dag.py:2273} INFO - Setting next_dagrun for analyze_json_data to 2022-06-18 00:00:00+00:00
[2022-06-18 15:18:21,702] {scheduler_job.py:190} INFO - Processing /opt/airflow/dags/dagRun.py took 0.301 seconds
[2022-06-18 15:18:52,343] {scheduler_job.py:182} INFO - Started process (PID=3433) to work on /opt/airflow/dags/dagRun.py
[2022-06-18 15:18:52,343] {scheduler_job.py:629} INFO - Processing file /opt/airflow/dags/dagRun.py for tasks to queue
[2022-06-18 15:18:52,344] {logging_mixin.py:104} INFO - [2022-06-18 15:18:52,344] {dagbag.py:448} INFO - Filling up the DagBag from /opt/airflow/dags/dagRun.py
[2022-06-18 15:18:52,614] {scheduler_job.py:639} INFO - DAG(s) dict_keys(['analyze_json_data']) retrieved from /opt/airflow/dags/dagRun.py
[2022-06-18 15:18:52,624] {logging_mixin.py:104} INFO - [2022-06-18 15:18:52,624] {dag.py:1818} INFO - Sync 1 DAGs
[2022-06-18 15:18:52,634] {logging_mixin.py:104} INFO - [2022-06-18 15:18:52,634] {dag.py:2273} INFO - Setting next_dagrun for analyze_json_data to 2022-06-18 00:00:00+00:00
[2022-06-18 15:18:52,638] {scheduler_job.py:190} INFO - Processing /opt/airflow/dags/dagRun.py took 0.297 seconds
[2022-06-18 15:19:23,236] {scheduler_job.py:182} INFO - Started process (PID=3568) to work on /opt/airflow/dags/dagRun.py
[2022-06-18 15:19:23,236] {scheduler_job.py:629} INFO - Processing file /opt/airflow/dags/dagRun.py for tasks to queue
[2022-06-18 15:19:23,237] {logging_mixin.py:104} INFO - [2022-06-18 15:19:23,237] {dagbag.py:448} INFO - Filling up the DagBag from /opt/airflow/dags/dagRun.py
[2022-06-18 15:19:23,504] {scheduler_job.py:639} INFO - DAG(s) dict_keys(['analyze_json_data']) retrieved from /opt/airflow/dags/dagRun.py
[2022-06-18 15:19:23,517] {logging_mixin.py:104} INFO - [2022-06-18 15:19:23,517] {dag.py:1818} INFO - Sync 1 DAGs
[2022-06-18 15:19:23,529] {logging_mixin.py:104} INFO - [2022-06-18 15:19:23,529] {dag.py:2273} INFO - Setting next_dagrun for analyze_json_data to 2022-06-18 00:00:00+00:00
[2022-06-18 15:19:23,533] {scheduler_job.py:190} INFO - Processing /opt/airflow/dags/dagRun.py took 0.299 seconds
[2022-06-18 15:19:54,181] {scheduler_job.py:182} INFO - Started process (PID=3703) to work on /opt/airflow/dags/dagRun.py
[2022-06-18 15:19:54,182] {scheduler_job.py:629} INFO - Processing file /opt/airflow/dags/dagRun.py for tasks to queue
[2022-06-18 15:19:54,183] {logging_mixin.py:104} INFO - [2022-06-18 15:19:54,182] {dagbag.py:448} INFO - Filling up the DagBag from /opt/airflow/dags/dagRun.py
[2022-06-18 15:19:54,459] {scheduler_job.py:639} INFO - DAG(s) dict_keys(['analyze_json_data']) retrieved from /opt/airflow/dags/dagRun.py
[2022-06-18 15:19:54,471] {logging_mixin.py:104} INFO - [2022-06-18 15:19:54,471] {dag.py:1818} INFO - Sync 1 DAGs
[2022-06-18 15:19:54,483] {logging_mixin.py:104} INFO - [2022-06-18 15:19:54,483] {dag.py:2273} INFO - Setting next_dagrun for analyze_json_data to 2022-06-18 00:00:00+00:00
[2022-06-18 15:19:54,486] {scheduler_job.py:190} INFO - Processing /opt/airflow/dags/dagRun.py took 0.307 seconds
[2022-06-18 15:20:25,073] {scheduler_job.py:182} INFO - Started process (PID=3838) to work on /opt/airflow/dags/dagRun.py
[2022-06-18 15:20:25,074] {scheduler_job.py:629} INFO - Processing file /opt/airflow/dags/dagRun.py for tasks to queue
[2022-06-18 15:20:25,074] {logging_mixin.py:104} INFO - [2022-06-18 15:20:25,074] {dagbag.py:448} INFO - Filling up the DagBag from /opt/airflow/dags/dagRun.py
[2022-06-18 15:20:25,343] {scheduler_job.py:639} INFO - DAG(s) dict_keys(['analyze_json_data']) retrieved from /opt/airflow/dags/dagRun.py
[2022-06-18 15:20:25,356] {logging_mixin.py:104} INFO - [2022-06-18 15:20:25,356] {dag.py:1818} INFO - Sync 1 DAGs
[2022-06-18 15:20:25,369] {logging_mixin.py:104} INFO - [2022-06-18 15:20:25,369] {dag.py:2273} INFO - Setting next_dagrun for analyze_json_data to 2022-06-18 00:00:00+00:00
[2022-06-18 15:20:25,373] {scheduler_job.py:190} INFO - Processing /opt/airflow/dags/dagRun.py took 0.302 seconds
[2022-06-18 15:20:55,985] {scheduler_job.py:182} INFO - Started process (PID=3973) to work on /opt/airflow/dags/dagRun.py
[2022-06-18 15:20:55,986] {scheduler_job.py:629} INFO - Processing file /opt/airflow/dags/dagRun.py for tasks to queue
[2022-06-18 15:20:55,987] {logging_mixin.py:104} INFO - [2022-06-18 15:20:55,986] {dagbag.py:448} INFO - Filling up the DagBag from /opt/airflow/dags/dagRun.py
[2022-06-18 15:20:56,249] {scheduler_job.py:639} INFO - DAG(s) dict_keys(['analyze_json_data']) retrieved from /opt/airflow/dags/dagRun.py
[2022-06-18 15:20:56,262] {logging_mixin.py:104} INFO - [2022-06-18 15:20:56,262] {dag.py:1818} INFO - Sync 1 DAGs
[2022-06-18 15:20:56,276] {logging_mixin.py:104} INFO - [2022-06-18 15:20:56,276] {dag.py:2273} INFO - Setting next_dagrun for analyze_json_data to 2022-06-18 00:00:00+00:00
[2022-06-18 15:20:56,279] {scheduler_job.py:190} INFO - Processing /opt/airflow/dags/dagRun.py took 0.296 seconds
[2022-06-18 15:21:26,885] {scheduler_job.py:182} INFO - Started process (PID=4108) to work on /opt/airflow/dags/dagRun.py
[2022-06-18 15:21:26,886] {scheduler_job.py:629} INFO - Processing file /opt/airflow/dags/dagRun.py for tasks to queue
[2022-06-18 15:21:26,887] {logging_mixin.py:104} INFO - [2022-06-18 15:21:26,887] {dagbag.py:448} INFO - Filling up the DagBag from /opt/airflow/dags/dagRun.py
[2022-06-18 15:21:27,141] {scheduler_job.py:639} INFO - DAG(s) dict_keys(['analyze_json_data']) retrieved from /opt/airflow/dags/dagRun.py
[2022-06-18 15:21:27,157] {logging_mixin.py:104} INFO - [2022-06-18 15:21:27,157] {dag.py:1818} INFO - Sync 1 DAGs
[2022-06-18 15:21:27,168] {logging_mixin.py:104} INFO - [2022-06-18 15:21:27,168] {dag.py:2273} INFO - Setting next_dagrun for analyze_json_data to 2022-06-18 00:00:00+00:00
[2022-06-18 15:21:27,172] {scheduler_job.py:190} INFO - Processing /opt/airflow/dags/dagRun.py took 0.289 seconds
[2022-06-18 15:21:57,775] {scheduler_job.py:182} INFO - Started process (PID=4243) to work on /opt/airflow/dags/dagRun.py
[2022-06-18 15:21:57,776] {scheduler_job.py:629} INFO - Processing file /opt/airflow/dags/dagRun.py for tasks to queue
[2022-06-18 15:21:57,777] {logging_mixin.py:104} INFO - [2022-06-18 15:21:57,777] {dagbag.py:448} INFO - Filling up the DagBag from /opt/airflow/dags/dagRun.py
[2022-06-18 15:21:58,039] {scheduler_job.py:639} INFO - DAG(s) dict_keys(['analyze_json_data']) retrieved from /opt/airflow/dags/dagRun.py
[2022-06-18 15:21:58,052] {logging_mixin.py:104} INFO - [2022-06-18 15:21:58,051] {dag.py:1818} INFO - Sync 1 DAGs
[2022-06-18 15:21:58,064] {logging_mixin.py:104} INFO - [2022-06-18 15:21:58,064] {dag.py:2273} INFO - Setting next_dagrun for analyze_json_data to 2022-06-18 00:00:00+00:00
[2022-06-18 15:21:58,067] {scheduler_job.py:190} INFO - Processing /opt/airflow/dags/dagRun.py took 0.295 seconds
[2022-06-18 15:22:28,681] {scheduler_job.py:182} INFO - Started process (PID=4378) to work on /opt/airflow/dags/dagRun.py
[2022-06-18 15:22:28,682] {scheduler_job.py:629} INFO - Processing file /opt/airflow/dags/dagRun.py for tasks to queue
[2022-06-18 15:22:28,683] {logging_mixin.py:104} INFO - [2022-06-18 15:22:28,682] {dagbag.py:448} INFO - Filling up the DagBag from /opt/airflow/dags/dagRun.py
[2022-06-18 15:22:28,938] {scheduler_job.py:639} INFO - DAG(s) dict_keys(['analyze_json_data']) retrieved from /opt/airflow/dags/dagRun.py
[2022-06-18 15:22:28,953] {logging_mixin.py:104} INFO - [2022-06-18 15:22:28,953] {dag.py:1818} INFO - Sync 1 DAGs
[2022-06-18 15:22:28,963] {logging_mixin.py:104} INFO - [2022-06-18 15:22:28,963] {dag.py:2273} INFO - Setting next_dagrun for analyze_json_data to 2022-06-18 00:00:00+00:00
[2022-06-18 15:22:28,967] {scheduler_job.py:190} INFO - Processing /opt/airflow/dags/dagRun.py took 0.288 seconds
[2022-06-18 15:22:59,549] {scheduler_job.py:182} INFO - Started process (PID=4513) to work on /opt/airflow/dags/dagRun.py
[2022-06-18 15:22:59,550] {scheduler_job.py:629} INFO - Processing file /opt/airflow/dags/dagRun.py for tasks to queue
[2022-06-18 15:22:59,551] {logging_mixin.py:104} INFO - [2022-06-18 15:22:59,551] {dagbag.py:448} INFO - Filling up the DagBag from /opt/airflow/dags/dagRun.py
[2022-06-18 15:22:59,816] {scheduler_job.py:639} INFO - DAG(s) dict_keys(['analyze_json_data']) retrieved from /opt/airflow/dags/dagRun.py
[2022-06-18 15:22:59,832] {logging_mixin.py:104} INFO - [2022-06-18 15:22:59,832] {dag.py:1818} INFO - Sync 1 DAGs
[2022-06-18 15:22:59,842] {logging_mixin.py:104} INFO - [2022-06-18 15:22:59,842] {dag.py:2273} INFO - Setting next_dagrun for analyze_json_data to 2022-06-18 00:00:00+00:00
[2022-06-18 15:22:59,847] {scheduler_job.py:190} INFO - Processing /opt/airflow/dags/dagRun.py took 0.300 seconds
[2022-06-18 15:23:30,438] {scheduler_job.py:182} INFO - Started process (PID=4648) to work on /opt/airflow/dags/dagRun.py
[2022-06-18 15:23:30,439] {scheduler_job.py:629} INFO - Processing file /opt/airflow/dags/dagRun.py for tasks to queue
[2022-06-18 15:23:30,440] {logging_mixin.py:104} INFO - [2022-06-18 15:23:30,440] {dagbag.py:448} INFO - Filling up the DagBag from /opt/airflow/dags/dagRun.py
[2022-06-18 15:23:30,722] {scheduler_job.py:639} INFO - DAG(s) dict_keys(['analyze_json_data']) retrieved from /opt/airflow/dags/dagRun.py
[2022-06-18 15:23:30,736] {logging_mixin.py:104} INFO - [2022-06-18 15:23:30,736] {dag.py:1818} INFO - Sync 1 DAGs
[2022-06-18 15:23:30,753] {logging_mixin.py:104} INFO - [2022-06-18 15:23:30,753] {dag.py:2273} INFO - Setting next_dagrun for analyze_json_data to 2022-06-18 00:00:00+00:00
[2022-06-18 15:23:30,758] {scheduler_job.py:190} INFO - Processing /opt/airflow/dags/dagRun.py took 0.323 seconds
[2022-06-18 15:24:01,359] {scheduler_job.py:182} INFO - Started process (PID=4783) to work on /opt/airflow/dags/dagRun.py
[2022-06-18 15:24:01,360] {scheduler_job.py:629} INFO - Processing file /opt/airflow/dags/dagRun.py for tasks to queue
[2022-06-18 15:24:01,360] {logging_mixin.py:104} INFO - [2022-06-18 15:24:01,360] {dagbag.py:448} INFO - Filling up the DagBag from /opt/airflow/dags/dagRun.py
[2022-06-18 15:24:01,620] {scheduler_job.py:639} INFO - DAG(s) dict_keys(['analyze_json_data']) retrieved from /opt/airflow/dags/dagRun.py
[2022-06-18 15:24:01,635] {logging_mixin.py:104} INFO - [2022-06-18 15:24:01,635] {dag.py:1818} INFO - Sync 1 DAGs
[2022-06-18 15:24:01,646] {logging_mixin.py:104} INFO - [2022-06-18 15:24:01,646] {dag.py:2273} INFO - Setting next_dagrun for analyze_json_data to 2022-06-18 00:00:00+00:00
[2022-06-18 15:24:01,649] {scheduler_job.py:190} INFO - Processing /opt/airflow/dags/dagRun.py took 0.293 seconds
[2022-06-18 15:24:32,279] {scheduler_job.py:182} INFO - Started process (PID=4918) to work on /opt/airflow/dags/dagRun.py
[2022-06-18 15:24:32,280] {scheduler_job.py:629} INFO - Processing file /opt/airflow/dags/dagRun.py for tasks to queue
[2022-06-18 15:24:32,280] {logging_mixin.py:104} INFO - [2022-06-18 15:24:32,280] {dagbag.py:448} INFO - Filling up the DagBag from /opt/airflow/dags/dagRun.py
[2022-06-18 15:24:32,544] {scheduler_job.py:639} INFO - DAG(s) dict_keys(['analyze_json_data']) retrieved from /opt/airflow/dags/dagRun.py
[2022-06-18 15:24:32,558] {logging_mixin.py:104} INFO - [2022-06-18 15:24:32,558] {dag.py:1818} INFO - Sync 1 DAGs
[2022-06-18 15:24:32,569] {logging_mixin.py:104} INFO - [2022-06-18 15:24:32,569] {dag.py:2273} INFO - Setting next_dagrun for analyze_json_data to 2022-06-18 00:00:00+00:00
[2022-06-18 15:24:32,572] {scheduler_job.py:190} INFO - Processing /opt/airflow/dags/dagRun.py took 0.296 seconds
[2022-06-18 15:25:03,159] {scheduler_job.py:182} INFO - Started process (PID=5053) to work on /opt/airflow/dags/dagRun.py
[2022-06-18 15:25:03,160] {scheduler_job.py:629} INFO - Processing file /opt/airflow/dags/dagRun.py for tasks to queue
[2022-06-18 15:25:03,161] {logging_mixin.py:104} INFO - [2022-06-18 15:25:03,160] {dagbag.py:448} INFO - Filling up the DagBag from /opt/airflow/dags/dagRun.py
[2022-06-18 15:25:03,442] {scheduler_job.py:639} INFO - DAG(s) dict_keys(['analyze_json_data']) retrieved from /opt/airflow/dags/dagRun.py
[2022-06-18 15:25:03,453] {logging_mixin.py:104} INFO - [2022-06-18 15:25:03,453] {dag.py:1818} INFO - Sync 1 DAGs
[2022-06-18 15:25:03,469] {logging_mixin.py:104} INFO - [2022-06-18 15:25:03,469] {dag.py:2273} INFO - Setting next_dagrun for analyze_json_data to 2022-06-18 00:00:00+00:00
[2022-06-18 15:25:03,474] {scheduler_job.py:190} INFO - Processing /opt/airflow/dags/dagRun.py took 0.317 seconds
[2022-06-18 15:25:34,075] {scheduler_job.py:182} INFO - Started process (PID=5188) to work on /opt/airflow/dags/dagRun.py
[2022-06-18 15:25:34,076] {scheduler_job.py:629} INFO - Processing file /opt/airflow/dags/dagRun.py for tasks to queue
[2022-06-18 15:25:34,076] {logging_mixin.py:104} INFO - [2022-06-18 15:25:34,076] {dagbag.py:448} INFO - Filling up the DagBag from /opt/airflow/dags/dagRun.py
[2022-06-18 15:25:34,339] {scheduler_job.py:639} INFO - DAG(s) dict_keys(['analyze_json_data']) retrieved from /opt/airflow/dags/dagRun.py
[2022-06-18 15:25:34,352] {logging_mixin.py:104} INFO - [2022-06-18 15:25:34,352] {dag.py:1818} INFO - Sync 1 DAGs
[2022-06-18 15:25:34,365] {logging_mixin.py:104} INFO - [2022-06-18 15:25:34,365] {dag.py:2273} INFO - Setting next_dagrun for analyze_json_data to 2022-06-18 00:00:00+00:00
[2022-06-18 15:25:34,369] {scheduler_job.py:190} INFO - Processing /opt/airflow/dags/dagRun.py took 0.296 seconds
[2022-06-18 15:26:05,038] {scheduler_job.py:182} INFO - Started process (PID=5323) to work on /opt/airflow/dags/dagRun.py
[2022-06-18 15:26:05,039] {scheduler_job.py:629} INFO - Processing file /opt/airflow/dags/dagRun.py for tasks to queue
[2022-06-18 15:26:05,040] {logging_mixin.py:104} INFO - [2022-06-18 15:26:05,039] {dagbag.py:448} INFO - Filling up the DagBag from /opt/airflow/dags/dagRun.py
[2022-06-18 15:26:05,305] {scheduler_job.py:639} INFO - DAG(s) dict_keys(['analyze_json_data']) retrieved from /opt/airflow/dags/dagRun.py
[2022-06-18 15:26:05,316] {logging_mixin.py:104} INFO - [2022-06-18 15:26:05,316] {dag.py:1818} INFO - Sync 1 DAGs
[2022-06-18 15:26:05,329] {logging_mixin.py:104} INFO - [2022-06-18 15:26:05,329] {dag.py:2273} INFO - Setting next_dagrun for analyze_json_data to 2022-06-18 00:00:00+00:00
[2022-06-18 15:26:05,332] {scheduler_job.py:190} INFO - Processing /opt/airflow/dags/dagRun.py took 0.297 seconds
[2022-06-18 15:26:35,965] {scheduler_job.py:182} INFO - Started process (PID=5458) to work on /opt/airflow/dags/dagRun.py
[2022-06-18 15:26:35,965] {scheduler_job.py:629} INFO - Processing file /opt/airflow/dags/dagRun.py for tasks to queue
[2022-06-18 15:26:35,966] {logging_mixin.py:104} INFO - [2022-06-18 15:26:35,966] {dagbag.py:448} INFO - Filling up the DagBag from /opt/airflow/dags/dagRun.py
[2022-06-18 15:26:36,225] {scheduler_job.py:639} INFO - DAG(s) dict_keys(['analyze_json_data']) retrieved from /opt/airflow/dags/dagRun.py
[2022-06-18 15:26:36,239] {logging_mixin.py:104} INFO - [2022-06-18 15:26:36,239] {dag.py:1818} INFO - Sync 1 DAGs
[2022-06-18 15:26:36,251] {logging_mixin.py:104} INFO - [2022-06-18 15:26:36,251] {dag.py:2273} INFO - Setting next_dagrun for analyze_json_data to 2022-06-18 00:00:00+00:00
[2022-06-18 15:26:36,254] {scheduler_job.py:190} INFO - Processing /opt/airflow/dags/dagRun.py took 0.292 seconds
[2022-06-18 15:27:06,853] {scheduler_job.py:182} INFO - Started process (PID=5593) to work on /opt/airflow/dags/dagRun.py
[2022-06-18 15:27:06,854] {scheduler_job.py:629} INFO - Processing file /opt/airflow/dags/dagRun.py for tasks to queue
[2022-06-18 15:27:06,854] {logging_mixin.py:104} INFO - [2022-06-18 15:27:06,854] {dagbag.py:448} INFO - Filling up the DagBag from /opt/airflow/dags/dagRun.py
[2022-06-18 15:27:07,110] {scheduler_job.py:639} INFO - DAG(s) dict_keys(['analyze_json_data']) retrieved from /opt/airflow/dags/dagRun.py
[2022-06-18 15:27:07,123] {logging_mixin.py:104} INFO - [2022-06-18 15:27:07,123] {dag.py:1818} INFO - Sync 1 DAGs
[2022-06-18 15:27:07,137] {logging_mixin.py:104} INFO - [2022-06-18 15:27:07,137] {dag.py:2273} INFO - Setting next_dagrun for analyze_json_data to 2022-06-18 00:00:00+00:00
[2022-06-18 15:27:07,141] {scheduler_job.py:190} INFO - Processing /opt/airflow/dags/dagRun.py took 0.290 seconds
[2022-06-18 15:27:37,732] {scheduler_job.py:182} INFO - Started process (PID=5728) to work on /opt/airflow/dags/dagRun.py
[2022-06-18 15:27:37,733] {scheduler_job.py:629} INFO - Processing file /opt/airflow/dags/dagRun.py for tasks to queue
[2022-06-18 15:27:37,733] {logging_mixin.py:104} INFO - [2022-06-18 15:27:37,733] {dagbag.py:448} INFO - Filling up the DagBag from /opt/airflow/dags/dagRun.py
[2022-06-18 15:27:37,983] {scheduler_job.py:639} INFO - DAG(s) dict_keys(['analyze_json_data']) retrieved from /opt/airflow/dags/dagRun.py
[2022-06-18 15:27:37,993] {logging_mixin.py:104} INFO - [2022-06-18 15:27:37,993] {dag.py:1818} INFO - Sync 1 DAGs
[2022-06-18 15:27:38,005] {logging_mixin.py:104} INFO - [2022-06-18 15:27:38,004] {dag.py:2273} INFO - Setting next_dagrun for analyze_json_data to 2022-06-18 00:00:00+00:00
[2022-06-18 15:27:38,008] {scheduler_job.py:190} INFO - Processing /opt/airflow/dags/dagRun.py took 0.278 seconds
[2022-06-18 15:28:08,667] {scheduler_job.py:182} INFO - Started process (PID=5863) to work on /opt/airflow/dags/dagRun.py
[2022-06-18 15:28:08,668] {scheduler_job.py:629} INFO - Processing file /opt/airflow/dags/dagRun.py for tasks to queue
[2022-06-18 15:28:08,669] {logging_mixin.py:104} INFO - [2022-06-18 15:28:08,668] {dagbag.py:448} INFO - Filling up the DagBag from /opt/airflow/dags/dagRun.py
[2022-06-18 15:28:08,927] {scheduler_job.py:639} INFO - DAG(s) dict_keys(['analyze_json_data']) retrieved from /opt/airflow/dags/dagRun.py
[2022-06-18 15:28:08,941] {logging_mixin.py:104} INFO - [2022-06-18 15:28:08,941] {dag.py:1818} INFO - Sync 1 DAGs
[2022-06-18 15:28:08,953] {logging_mixin.py:104} INFO - [2022-06-18 15:28:08,953] {dag.py:2273} INFO - Setting next_dagrun for analyze_json_data to 2022-06-18 00:00:00+00:00
[2022-06-18 15:28:08,956] {scheduler_job.py:190} INFO - Processing /opt/airflow/dags/dagRun.py took 0.291 seconds
[2022-06-18 15:28:39,615] {scheduler_job.py:182} INFO - Started process (PID=5998) to work on /opt/airflow/dags/dagRun.py
[2022-06-18 15:28:39,616] {scheduler_job.py:629} INFO - Processing file /opt/airflow/dags/dagRun.py for tasks to queue
[2022-06-18 15:28:39,616] {logging_mixin.py:104} INFO - [2022-06-18 15:28:39,616] {dagbag.py:448} INFO - Filling up the DagBag from /opt/airflow/dags/dagRun.py
[2022-06-18 15:28:39,873] {scheduler_job.py:639} INFO - DAG(s) dict_keys(['analyze_json_data']) retrieved from /opt/airflow/dags/dagRun.py
[2022-06-18 15:28:39,885] {logging_mixin.py:104} INFO - [2022-06-18 15:28:39,884] {dag.py:1818} INFO - Sync 1 DAGs
[2022-06-18 15:28:39,897] {logging_mixin.py:104} INFO - [2022-06-18 15:28:39,897] {dag.py:2273} INFO - Setting next_dagrun for analyze_json_data to 2022-06-18 00:00:00+00:00
[2022-06-18 15:28:39,900] {scheduler_job.py:190} INFO - Processing /opt/airflow/dags/dagRun.py took 0.287 seconds
[2022-06-18 15:29:10,491] {scheduler_job.py:182} INFO - Started process (PID=6133) to work on /opt/airflow/dags/dagRun.py
[2022-06-18 15:29:10,492] {scheduler_job.py:629} INFO - Processing file /opt/airflow/dags/dagRun.py for tasks to queue
[2022-06-18 15:29:10,493] {logging_mixin.py:104} INFO - [2022-06-18 15:29:10,493] {dagbag.py:448} INFO - Filling up the DagBag from /opt/airflow/dags/dagRun.py
[2022-06-18 15:29:10,746] {scheduler_job.py:639} INFO - DAG(s) dict_keys(['analyze_json_data']) retrieved from /opt/airflow/dags/dagRun.py
[2022-06-18 15:29:10,757] {logging_mixin.py:104} INFO - [2022-06-18 15:29:10,757] {dag.py:1818} INFO - Sync 1 DAGs
[2022-06-18 15:29:10,770] {logging_mixin.py:104} INFO - [2022-06-18 15:29:10,770] {dag.py:2273} INFO - Setting next_dagrun for analyze_json_data to 2022-06-18 00:00:00+00:00
[2022-06-18 15:29:10,773] {scheduler_job.py:190} INFO - Processing /opt/airflow/dags/dagRun.py took 0.284 seconds
[2022-06-18 15:29:41,334] {scheduler_job.py:182} INFO - Started process (PID=6268) to work on /opt/airflow/dags/dagRun.py
[2022-06-18 15:29:41,335] {scheduler_job.py:629} INFO - Processing file /opt/airflow/dags/dagRun.py for tasks to queue
[2022-06-18 15:29:41,335] {logging_mixin.py:104} INFO - [2022-06-18 15:29:41,335] {dagbag.py:448} INFO - Filling up the DagBag from /opt/airflow/dags/dagRun.py
[2022-06-18 15:29:41,601] {scheduler_job.py:639} INFO - DAG(s) dict_keys(['analyze_json_data']) retrieved from /opt/airflow/dags/dagRun.py
[2022-06-18 15:29:41,612] {logging_mixin.py:104} INFO - [2022-06-18 15:29:41,612] {dag.py:1818} INFO - Sync 1 DAGs
[2022-06-18 15:29:41,627] {logging_mixin.py:104} INFO - [2022-06-18 15:29:41,627] {dag.py:2273} INFO - Setting next_dagrun for analyze_json_data to 2022-06-18 00:00:00+00:00
[2022-06-18 15:29:41,630] {scheduler_job.py:190} INFO - Processing /opt/airflow/dags/dagRun.py took 0.299 seconds
[2022-06-18 15:30:12,274] {scheduler_job.py:182} INFO - Started process (PID=6403) to work on /opt/airflow/dags/dagRun.py
[2022-06-18 15:30:12,275] {scheduler_job.py:629} INFO - Processing file /opt/airflow/dags/dagRun.py for tasks to queue
[2022-06-18 15:30:12,276] {logging_mixin.py:104} INFO - [2022-06-18 15:30:12,275] {dagbag.py:448} INFO - Filling up the DagBag from /opt/airflow/dags/dagRun.py
[2022-06-18 15:30:12,541] {scheduler_job.py:639} INFO - DAG(s) dict_keys(['analyze_json_data']) retrieved from /opt/airflow/dags/dagRun.py
[2022-06-18 15:30:12,557] {logging_mixin.py:104} INFO - [2022-06-18 15:30:12,556] {dag.py:1818} INFO - Sync 1 DAGs
[2022-06-18 15:30:12,574] {logging_mixin.py:104} INFO - [2022-06-18 15:30:12,574] {dag.py:2273} INFO - Setting next_dagrun for analyze_json_data to 2022-06-18 00:00:00+00:00
[2022-06-18 15:30:12,578] {scheduler_job.py:190} INFO - Processing /opt/airflow/dags/dagRun.py took 0.306 seconds
[2022-06-18 15:30:43,134] {scheduler_job.py:182} INFO - Started process (PID=6538) to work on /opt/airflow/dags/dagRun.py
[2022-06-18 15:30:43,135] {scheduler_job.py:629} INFO - Processing file /opt/airflow/dags/dagRun.py for tasks to queue
[2022-06-18 15:30:43,136] {logging_mixin.py:104} INFO - [2022-06-18 15:30:43,136] {dagbag.py:448} INFO - Filling up the DagBag from /opt/airflow/dags/dagRun.py
[2022-06-18 15:30:43,391] {scheduler_job.py:639} INFO - DAG(s) dict_keys(['analyze_json_data']) retrieved from /opt/airflow/dags/dagRun.py
[2022-06-18 15:30:43,406] {logging_mixin.py:104} INFO - [2022-06-18 15:30:43,406] {dag.py:1818} INFO - Sync 1 DAGs
[2022-06-18 15:30:43,417] {logging_mixin.py:104} INFO - [2022-06-18 15:30:43,417] {dag.py:2273} INFO - Setting next_dagrun for analyze_json_data to 2022-06-18 00:00:00+00:00
[2022-06-18 15:30:43,421] {scheduler_job.py:190} INFO - Processing /opt/airflow/dags/dagRun.py took 0.289 seconds
[2022-06-18 15:31:14,075] {scheduler_job.py:182} INFO - Started process (PID=6673) to work on /opt/airflow/dags/dagRun.py
[2022-06-18 15:31:14,076] {scheduler_job.py:629} INFO - Processing file /opt/airflow/dags/dagRun.py for tasks to queue
[2022-06-18 15:31:14,077] {logging_mixin.py:104} INFO - [2022-06-18 15:31:14,077] {dagbag.py:448} INFO - Filling up the DagBag from /opt/airflow/dags/dagRun.py
[2022-06-18 15:31:14,341] {scheduler_job.py:639} INFO - DAG(s) dict_keys(['analyze_json_data']) retrieved from /opt/airflow/dags/dagRun.py
[2022-06-18 15:31:14,354] {logging_mixin.py:104} INFO - [2022-06-18 15:31:14,354] {dag.py:1818} INFO - Sync 1 DAGs
[2022-06-18 15:31:14,365] {logging_mixin.py:104} INFO - [2022-06-18 15:31:14,365] {dag.py:2273} INFO - Setting next_dagrun for analyze_json_data to 2022-06-18 00:00:00+00:00
[2022-06-18 15:31:14,368] {scheduler_job.py:190} INFO - Processing /opt/airflow/dags/dagRun.py took 0.296 seconds
[2022-06-18 15:31:44,951] {scheduler_job.py:182} INFO - Started process (PID=6808) to work on /opt/airflow/dags/dagRun.py
[2022-06-18 15:31:44,952] {scheduler_job.py:629} INFO - Processing file /opt/airflow/dags/dagRun.py for tasks to queue
[2022-06-18 15:31:44,952] {logging_mixin.py:104} INFO - [2022-06-18 15:31:44,952] {dagbag.py:448} INFO - Filling up the DagBag from /opt/airflow/dags/dagRun.py
[2022-06-18 15:31:45,209] {scheduler_job.py:639} INFO - DAG(s) dict_keys(['analyze_json_data']) retrieved from /opt/airflow/dags/dagRun.py
[2022-06-18 15:31:45,222] {logging_mixin.py:104} INFO - [2022-06-18 15:31:45,222] {dag.py:1818} INFO - Sync 1 DAGs
[2022-06-18 15:31:45,234] {logging_mixin.py:104} INFO - [2022-06-18 15:31:45,234] {dag.py:2273} INFO - Setting next_dagrun for analyze_json_data to 2022-06-18 00:00:00+00:00
[2022-06-18 15:31:45,237] {scheduler_job.py:190} INFO - Processing /opt/airflow/dags/dagRun.py took 0.289 seconds
[2022-06-18 15:32:15,862] {scheduler_job.py:182} INFO - Started process (PID=6943) to work on /opt/airflow/dags/dagRun.py
[2022-06-18 15:32:15,863] {scheduler_job.py:629} INFO - Processing file /opt/airflow/dags/dagRun.py for tasks to queue
[2022-06-18 15:32:15,863] {logging_mixin.py:104} INFO - [2022-06-18 15:32:15,863] {dagbag.py:448} INFO - Filling up the DagBag from /opt/airflow/dags/dagRun.py
[2022-06-18 15:32:16,132] {scheduler_job.py:639} INFO - DAG(s) dict_keys(['analyze_json_data']) retrieved from /opt/airflow/dags/dagRun.py
[2022-06-18 15:32:16,146] {logging_mixin.py:104} INFO - [2022-06-18 15:32:16,146] {dag.py:1818} INFO - Sync 1 DAGs
[2022-06-18 15:32:16,157] {logging_mixin.py:104} INFO - [2022-06-18 15:32:16,157] {dag.py:2273} INFO - Setting next_dagrun for analyze_json_data to 2022-06-18 00:00:00+00:00
[2022-06-18 15:32:16,161] {scheduler_job.py:190} INFO - Processing /opt/airflow/dags/dagRun.py took 0.301 seconds
[2022-06-18 15:32:46,752] {scheduler_job.py:182} INFO - Started process (PID=7078) to work on /opt/airflow/dags/dagRun.py
[2022-06-18 15:32:46,753] {scheduler_job.py:629} INFO - Processing file /opt/airflow/dags/dagRun.py for tasks to queue
[2022-06-18 15:32:46,754] {logging_mixin.py:104} INFO - [2022-06-18 15:32:46,754] {dagbag.py:448} INFO - Filling up the DagBag from /opt/airflow/dags/dagRun.py
[2022-06-18 15:32:47,013] {scheduler_job.py:639} INFO - DAG(s) dict_keys(['analyze_json_data']) retrieved from /opt/airflow/dags/dagRun.py
[2022-06-18 15:32:47,028] {logging_mixin.py:104} INFO - [2022-06-18 15:32:47,028] {dag.py:1818} INFO - Sync 1 DAGs
[2022-06-18 15:32:47,040] {logging_mixin.py:104} INFO - [2022-06-18 15:32:47,039] {dag.py:2273} INFO - Setting next_dagrun for analyze_json_data to 2022-06-18 00:00:00+00:00
[2022-06-18 15:32:47,043] {scheduler_job.py:190} INFO - Processing /opt/airflow/dags/dagRun.py took 0.293 seconds
[2022-06-18 15:33:17,662] {scheduler_job.py:182} INFO - Started process (PID=7213) to work on /opt/airflow/dags/dagRun.py
[2022-06-18 15:33:17,663] {scheduler_job.py:629} INFO - Processing file /opt/airflow/dags/dagRun.py for tasks to queue
[2022-06-18 15:33:17,664] {logging_mixin.py:104} INFO - [2022-06-18 15:33:17,664] {dagbag.py:448} INFO - Filling up the DagBag from /opt/airflow/dags/dagRun.py
[2022-06-18 15:33:17,924] {scheduler_job.py:639} INFO - DAG(s) dict_keys(['analyze_json_data']) retrieved from /opt/airflow/dags/dagRun.py
[2022-06-18 15:33:17,937] {logging_mixin.py:104} INFO - [2022-06-18 15:33:17,937] {dag.py:1818} INFO - Sync 1 DAGs
[2022-06-18 15:33:17,948] {logging_mixin.py:104} INFO - [2022-06-18 15:33:17,948] {dag.py:2273} INFO - Setting next_dagrun for analyze_json_data to 2022-06-18 00:00:00+00:00
[2022-06-18 15:33:17,952] {scheduler_job.py:190} INFO - Processing /opt/airflow/dags/dagRun.py took 0.292 seconds
[2022-06-18 15:33:48,565] {scheduler_job.py:182} INFO - Started process (PID=7348) to work on /opt/airflow/dags/dagRun.py
[2022-06-18 15:33:48,566] {scheduler_job.py:629} INFO - Processing file /opt/airflow/dags/dagRun.py for tasks to queue
[2022-06-18 15:33:48,567] {logging_mixin.py:104} INFO - [2022-06-18 15:33:48,567] {dagbag.py:448} INFO - Filling up the DagBag from /opt/airflow/dags/dagRun.py
[2022-06-18 15:33:48,835] {scheduler_job.py:639} INFO - DAG(s) dict_keys(['analyze_json_data']) retrieved from /opt/airflow/dags/dagRun.py
[2022-06-18 15:33:48,847] {logging_mixin.py:104} INFO - [2022-06-18 15:33:48,847] {dag.py:1818} INFO - Sync 1 DAGs
[2022-06-18 15:33:48,860] {logging_mixin.py:104} INFO - [2022-06-18 15:33:48,859] {dag.py:2273} INFO - Setting next_dagrun for analyze_json_data to 2022-06-18 00:00:00+00:00
[2022-06-18 15:33:48,863] {scheduler_job.py:190} INFO - Processing /opt/airflow/dags/dagRun.py took 0.299 seconds
[2022-06-18 15:34:19,518] {scheduler_job.py:182} INFO - Started process (PID=7483) to work on /opt/airflow/dags/dagRun.py
[2022-06-18 15:34:19,519] {scheduler_job.py:629} INFO - Processing file /opt/airflow/dags/dagRun.py for tasks to queue
[2022-06-18 15:34:19,519] {logging_mixin.py:104} INFO - [2022-06-18 15:34:19,519] {dagbag.py:448} INFO - Filling up the DagBag from /opt/airflow/dags/dagRun.py
[2022-06-18 15:34:19,777] {scheduler_job.py:639} INFO - DAG(s) dict_keys(['analyze_json_data']) retrieved from /opt/airflow/dags/dagRun.py
[2022-06-18 15:34:19,792] {logging_mixin.py:104} INFO - [2022-06-18 15:34:19,792] {dag.py:1818} INFO - Sync 1 DAGs
[2022-06-18 15:34:19,803] {logging_mixin.py:104} INFO - [2022-06-18 15:34:19,803] {dag.py:2273} INFO - Setting next_dagrun for analyze_json_data to 2022-06-18 00:00:00+00:00
[2022-06-18 15:34:19,806] {scheduler_job.py:190} INFO - Processing /opt/airflow/dags/dagRun.py took 0.291 seconds
[2022-06-18 15:34:50,462] {scheduler_job.py:182} INFO - Started process (PID=7618) to work on /opt/airflow/dags/dagRun.py
[2022-06-18 15:34:50,462] {scheduler_job.py:629} INFO - Processing file /opt/airflow/dags/dagRun.py for tasks to queue
[2022-06-18 15:34:50,463] {logging_mixin.py:104} INFO - [2022-06-18 15:34:50,463] {dagbag.py:448} INFO - Filling up the DagBag from /opt/airflow/dags/dagRun.py
[2022-06-18 15:34:50,733] {scheduler_job.py:639} INFO - DAG(s) dict_keys(['analyze_json_data']) retrieved from /opt/airflow/dags/dagRun.py
[2022-06-18 15:34:50,743] {logging_mixin.py:104} INFO - [2022-06-18 15:34:50,743] {dag.py:1818} INFO - Sync 1 DAGs
[2022-06-18 15:34:50,759] {logging_mixin.py:104} INFO - [2022-06-18 15:34:50,759] {dag.py:2273} INFO - Setting next_dagrun for analyze_json_data to 2022-06-18 00:00:00+00:00
[2022-06-18 15:34:50,763] {scheduler_job.py:190} INFO - Processing /opt/airflow/dags/dagRun.py took 0.303 seconds
[2022-06-18 15:35:21,317] {scheduler_job.py:182} INFO - Started process (PID=7753) to work on /opt/airflow/dags/dagRun.py
[2022-06-18 15:35:21,317] {scheduler_job.py:629} INFO - Processing file /opt/airflow/dags/dagRun.py for tasks to queue
[2022-06-18 15:35:21,318] {logging_mixin.py:104} INFO - [2022-06-18 15:35:21,318] {dagbag.py:448} INFO - Filling up the DagBag from /opt/airflow/dags/dagRun.py
[2022-06-18 15:35:21,581] {scheduler_job.py:639} INFO - DAG(s) dict_keys(['analyze_json_data']) retrieved from /opt/airflow/dags/dagRun.py
[2022-06-18 15:35:21,596] {logging_mixin.py:104} INFO - [2022-06-18 15:35:21,596] {dag.py:1818} INFO - Sync 1 DAGs
[2022-06-18 15:35:21,609] {logging_mixin.py:104} INFO - [2022-06-18 15:35:21,608] {dag.py:2273} INFO - Setting next_dagrun for analyze_json_data to 2022-06-18 00:00:00+00:00
[2022-06-18 15:35:21,612] {scheduler_job.py:190} INFO - Processing /opt/airflow/dags/dagRun.py took 0.297 seconds
[2022-06-18 15:35:52,275] {scheduler_job.py:182} INFO - Started process (PID=7888) to work on /opt/airflow/dags/dagRun.py
[2022-06-18 15:35:52,276] {scheduler_job.py:629} INFO - Processing file /opt/airflow/dags/dagRun.py for tasks to queue
[2022-06-18 15:35:52,276] {logging_mixin.py:104} INFO - [2022-06-18 15:35:52,276] {dagbag.py:448} INFO - Filling up the DagBag from /opt/airflow/dags/dagRun.py
[2022-06-18 15:35:52,552] {scheduler_job.py:639} INFO - DAG(s) dict_keys(['analyze_json_data']) retrieved from /opt/airflow/dags/dagRun.py
[2022-06-18 15:35:52,566] {logging_mixin.py:104} INFO - [2022-06-18 15:35:52,566] {dag.py:1818} INFO - Sync 1 DAGs
[2022-06-18 15:35:52,576] {logging_mixin.py:104} INFO - [2022-06-18 15:35:52,576] {dag.py:2273} INFO - Setting next_dagrun for analyze_json_data to 2022-06-18 00:00:00+00:00
[2022-06-18 15:35:52,579] {scheduler_job.py:190} INFO - Processing /opt/airflow/dags/dagRun.py took 0.307 seconds
[2022-06-18 15:36:23,178] {scheduler_job.py:182} INFO - Started process (PID=8023) to work on /opt/airflow/dags/dagRun.py
[2022-06-18 15:36:23,179] {scheduler_job.py:629} INFO - Processing file /opt/airflow/dags/dagRun.py for tasks to queue
[2022-06-18 15:36:23,180] {logging_mixin.py:104} INFO - [2022-06-18 15:36:23,179] {dagbag.py:448} INFO - Filling up the DagBag from /opt/airflow/dags/dagRun.py
[2022-06-18 15:36:23,445] {scheduler_job.py:639} INFO - DAG(s) dict_keys(['analyze_json_data']) retrieved from /opt/airflow/dags/dagRun.py
[2022-06-18 15:36:23,459] {logging_mixin.py:104} INFO - [2022-06-18 15:36:23,459] {dag.py:1818} INFO - Sync 1 DAGs
[2022-06-18 15:36:23,472] {logging_mixin.py:104} INFO - [2022-06-18 15:36:23,472] {dag.py:2273} INFO - Setting next_dagrun for analyze_json_data to 2022-06-18 00:00:00+00:00
[2022-06-18 15:36:23,476] {scheduler_job.py:190} INFO - Processing /opt/airflow/dags/dagRun.py took 0.300 seconds
[2022-06-18 15:36:54,124] {scheduler_job.py:182} INFO - Started process (PID=8158) to work on /opt/airflow/dags/dagRun.py
[2022-06-18 15:36:54,125] {scheduler_job.py:629} INFO - Processing file /opt/airflow/dags/dagRun.py for tasks to queue
[2022-06-18 15:36:54,126] {logging_mixin.py:104} INFO - [2022-06-18 15:36:54,126] {dagbag.py:448} INFO - Filling up the DagBag from /opt/airflow/dags/dagRun.py
[2022-06-18 15:36:54,393] {scheduler_job.py:639} INFO - DAG(s) dict_keys(['analyze_json_data']) retrieved from /opt/airflow/dags/dagRun.py
[2022-06-18 15:36:54,405] {logging_mixin.py:104} INFO - [2022-06-18 15:36:54,405] {dag.py:1818} INFO - Sync 1 DAGs
[2022-06-18 15:36:54,415] {logging_mixin.py:104} INFO - [2022-06-18 15:36:54,415] {dag.py:2273} INFO - Setting next_dagrun for analyze_json_data to 2022-06-18 00:00:00+00:00
[2022-06-18 15:36:54,419] {scheduler_job.py:190} INFO - Processing /opt/airflow/dags/dagRun.py took 0.297 seconds
[2022-06-18 15:37:25,061] {scheduler_job.py:182} INFO - Started process (PID=8293) to work on /opt/airflow/dags/dagRun.py
[2022-06-18 15:37:25,062] {scheduler_job.py:629} INFO - Processing file /opt/airflow/dags/dagRun.py for tasks to queue
[2022-06-18 15:37:25,062] {logging_mixin.py:104} INFO - [2022-06-18 15:37:25,062] {dagbag.py:448} INFO - Filling up the DagBag from /opt/airflow/dags/dagRun.py
[2022-06-18 15:37:25,329] {scheduler_job.py:639} INFO - DAG(s) dict_keys(['analyze_json_data']) retrieved from /opt/airflow/dags/dagRun.py
[2022-06-18 15:37:25,344] {logging_mixin.py:104} INFO - [2022-06-18 15:37:25,344] {dag.py:1818} INFO - Sync 1 DAGs
[2022-06-18 15:37:25,357] {logging_mixin.py:104} INFO - [2022-06-18 15:37:25,357] {dag.py:2273} INFO - Setting next_dagrun for analyze_json_data to 2022-06-18 00:00:00+00:00
[2022-06-18 15:37:25,360] {scheduler_job.py:190} INFO - Processing /opt/airflow/dags/dagRun.py took 0.302 seconds
[2022-06-18 15:37:55,975] {scheduler_job.py:182} INFO - Started process (PID=8428) to work on /opt/airflow/dags/dagRun.py
[2022-06-18 15:37:55,976] {scheduler_job.py:629} INFO - Processing file /opt/airflow/dags/dagRun.py for tasks to queue
[2022-06-18 15:37:55,976] {logging_mixin.py:104} INFO - [2022-06-18 15:37:55,976] {dagbag.py:448} INFO - Filling up the DagBag from /opt/airflow/dags/dagRun.py
[2022-06-18 15:37:56,246] {scheduler_job.py:639} INFO - DAG(s) dict_keys(['analyze_json_data']) retrieved from /opt/airflow/dags/dagRun.py
[2022-06-18 15:37:56,260] {logging_mixin.py:104} INFO - [2022-06-18 15:37:56,260] {dag.py:1818} INFO - Sync 1 DAGs
[2022-06-18 15:37:56,273] {logging_mixin.py:104} INFO - [2022-06-18 15:37:56,273] {dag.py:2273} INFO - Setting next_dagrun for analyze_json_data to 2022-06-18 00:00:00+00:00
[2022-06-18 15:37:56,276] {scheduler_job.py:190} INFO - Processing /opt/airflow/dags/dagRun.py took 0.303 seconds
[2022-06-18 15:38:11,938] {scheduler_job.py:182} INFO - Started process (PID=179) to work on /opt/airflow/dags/dagRun.py
[2022-06-18 15:38:11,939] {scheduler_job.py:629} INFO - Processing file /opt/airflow/dags/dagRun.py for tasks to queue
[2022-06-18 15:38:11,939] {logging_mixin.py:104} INFO - [2022-06-18 15:38:11,939] {dagbag.py:448} INFO - Filling up the DagBag from /opt/airflow/dags/dagRun.py
[2022-06-18 15:38:12,220] {scheduler_job.py:639} INFO - DAG(s) dict_keys(['analyze_json_data']) retrieved from /opt/airflow/dags/dagRun.py
[2022-06-18 15:38:12,237] {logging_mixin.py:104} INFO - [2022-06-18 15:38:12,237] {dag.py:1818} INFO - Sync 1 DAGs
[2022-06-18 15:38:12,249] {logging_mixin.py:104} INFO - [2022-06-18 15:38:12,249] {dag.py:2273} INFO - Setting next_dagrun for analyze_json_data to 2022-06-18 00:00:00+00:00
[2022-06-18 15:38:12,254] {scheduler_job.py:190} INFO - Processing /opt/airflow/dags/dagRun.py took 0.319 seconds
[2022-06-18 15:38:43,016] {scheduler_job.py:182} INFO - Started process (PID=314) to work on /opt/airflow/dags/dagRun.py
[2022-06-18 15:38:43,017] {scheduler_job.py:629} INFO - Processing file /opt/airflow/dags/dagRun.py for tasks to queue
[2022-06-18 15:38:43,018] {logging_mixin.py:104} INFO - [2022-06-18 15:38:43,018] {dagbag.py:448} INFO - Filling up the DagBag from /opt/airflow/dags/dagRun.py
[2022-06-18 15:38:43,290] {scheduler_job.py:639} INFO - DAG(s) dict_keys(['analyze_json_data']) retrieved from /opt/airflow/dags/dagRun.py
[2022-06-18 15:38:43,305] {logging_mixin.py:104} INFO - [2022-06-18 15:38:43,305] {dag.py:1818} INFO - Sync 1 DAGs
[2022-06-18 15:38:43,318] {logging_mixin.py:104} INFO - [2022-06-18 15:38:43,317] {dag.py:2273} INFO - Setting next_dagrun for analyze_json_data to 2022-06-18 00:00:00+00:00
[2022-06-18 15:38:43,321] {scheduler_job.py:190} INFO - Processing /opt/airflow/dags/dagRun.py took 0.307 seconds
[2022-06-18 15:39:03,432] {scheduler_job.py:182} INFO - Started process (PID=248) to work on /opt/airflow/dags/dagRun.py
[2022-06-18 15:39:03,432] {scheduler_job.py:629} INFO - Processing file /opt/airflow/dags/dagRun.py for tasks to queue
[2022-06-18 15:39:03,433] {logging_mixin.py:104} INFO - [2022-06-18 15:39:03,433] {dagbag.py:448} INFO - Filling up the DagBag from /opt/airflow/dags/dagRun.py
[2022-06-18 15:39:03,723] {scheduler_job.py:639} INFO - DAG(s) dict_keys(['analyze_json_data']) retrieved from /opt/airflow/dags/dagRun.py
[2022-06-18 15:39:03,735] {logging_mixin.py:104} INFO - [2022-06-18 15:39:03,734] {dag.py:1818} INFO - Sync 1 DAGs
[2022-06-18 15:39:03,746] {logging_mixin.py:104} INFO - [2022-06-18 15:39:03,746] {dag.py:2273} INFO - Setting next_dagrun for analyze_json_data to 2022-06-18 00:00:00+00:00
[2022-06-18 15:39:03,752] {scheduler_job.py:190} INFO - Processing /opt/airflow/dags/dagRun.py took 0.323 seconds
[2022-06-18 15:39:34,393] {scheduler_job.py:182} INFO - Started process (PID=383) to work on /opt/airflow/dags/dagRun.py
[2022-06-18 15:39:34,394] {scheduler_job.py:629} INFO - Processing file /opt/airflow/dags/dagRun.py for tasks to queue
[2022-06-18 15:39:34,394] {logging_mixin.py:104} INFO - [2022-06-18 15:39:34,394] {dagbag.py:448} INFO - Filling up the DagBag from /opt/airflow/dags/dagRun.py
[2022-06-18 15:39:34,670] {scheduler_job.py:639} INFO - DAG(s) dict_keys(['analyze_json_data']) retrieved from /opt/airflow/dags/dagRun.py
[2022-06-18 15:39:34,683] {logging_mixin.py:104} INFO - [2022-06-18 15:39:34,683] {dag.py:1818} INFO - Sync 1 DAGs
[2022-06-18 15:39:34,694] {logging_mixin.py:104} INFO - [2022-06-18 15:39:34,694] {dag.py:2273} INFO - Setting next_dagrun for analyze_json_data to 2022-06-18 00:00:00+00:00
[2022-06-18 15:39:34,698] {scheduler_job.py:190} INFO - Processing /opt/airflow/dags/dagRun.py took 0.307 seconds
[2022-06-18 15:40:05,404] {scheduler_job.py:182} INFO - Started process (PID=520) to work on /opt/airflow/dags/dagRun.py
[2022-06-18 15:40:05,404] {scheduler_job.py:629} INFO - Processing file /opt/airflow/dags/dagRun.py for tasks to queue
[2022-06-18 15:40:05,404] {logging_mixin.py:104} INFO - [2022-06-18 15:40:05,404] {dagbag.py:448} INFO - Filling up the DagBag from /opt/airflow/dags/dagRun.py
[2022-06-18 15:40:05,709] {scheduler_job.py:639} INFO - DAG(s) dict_keys(['analyze_json_data']) retrieved from /opt/airflow/dags/dagRun.py
[2022-06-18 15:40:05,718] {logging_mixin.py:104} INFO - [2022-06-18 15:40:05,718] {dag.py:1818} INFO - Sync 1 DAGs
[2022-06-18 15:40:05,729] {logging_mixin.py:104} INFO - [2022-06-18 15:40:05,729] {dag.py:2273} INFO - Setting next_dagrun for analyze_json_data to 2022-06-18 00:00:00+00:00
[2022-06-18 15:40:05,732] {scheduler_job.py:190} INFO - Processing /opt/airflow/dags/dagRun.py took 0.330 seconds
[2022-06-18 15:40:36,335] {scheduler_job.py:182} INFO - Started process (PID=653) to work on /opt/airflow/dags/dagRun.py
[2022-06-18 15:40:36,336] {scheduler_job.py:629} INFO - Processing file /opt/airflow/dags/dagRun.py for tasks to queue
[2022-06-18 15:40:36,336] {logging_mixin.py:104} INFO - [2022-06-18 15:40:36,336] {dagbag.py:448} INFO - Filling up the DagBag from /opt/airflow/dags/dagRun.py
[2022-06-18 15:40:36,594] {scheduler_job.py:639} INFO - DAG(s) dict_keys(['analyze_json_data']) retrieved from /opt/airflow/dags/dagRun.py
[2022-06-18 15:40:36,609] {logging_mixin.py:104} INFO - [2022-06-18 15:40:36,609] {dag.py:1818} INFO - Sync 1 DAGs
[2022-06-18 15:40:36,620] {logging_mixin.py:104} INFO - [2022-06-18 15:40:36,620] {dag.py:2273} INFO - Setting next_dagrun for analyze_json_data to 2022-06-18 00:00:00+00:00
[2022-06-18 15:40:36,623] {scheduler_job.py:190} INFO - Processing /opt/airflow/dags/dagRun.py took 0.290 seconds
[2022-06-18 15:41:07,225] {scheduler_job.py:182} INFO - Started process (PID=788) to work on /opt/airflow/dags/dagRun.py
[2022-06-18 15:41:07,226] {scheduler_job.py:629} INFO - Processing file /opt/airflow/dags/dagRun.py for tasks to queue
[2022-06-18 15:41:07,226] {logging_mixin.py:104} INFO - [2022-06-18 15:41:07,226] {dagbag.py:448} INFO - Filling up the DagBag from /opt/airflow/dags/dagRun.py
[2022-06-18 15:41:07,497] {scheduler_job.py:639} INFO - DAG(s) dict_keys(['analyze_json_data']) retrieved from /opt/airflow/dags/dagRun.py
[2022-06-18 15:41:07,512] {logging_mixin.py:104} INFO - [2022-06-18 15:41:07,512] {dag.py:1818} INFO - Sync 1 DAGs
[2022-06-18 15:41:07,525] {logging_mixin.py:104} INFO - [2022-06-18 15:41:07,525] {dag.py:2273} INFO - Setting next_dagrun for analyze_json_data to 2022-06-18 00:00:00+00:00
[2022-06-18 15:41:07,529] {scheduler_job.py:190} INFO - Processing /opt/airflow/dags/dagRun.py took 0.307 seconds
[2022-06-18 15:42:21,300] {scheduler_job.py:182} INFO - Started process (PID=260) to work on /opt/airflow/dags/dagRun.py
[2022-06-18 15:42:21,301] {scheduler_job.py:629} INFO - Processing file /opt/airflow/dags/dagRun.py for tasks to queue
[2022-06-18 15:42:21,301] {logging_mixin.py:104} INFO - [2022-06-18 15:42:21,301] {dagbag.py:448} INFO - Filling up the DagBag from /opt/airflow/dags/dagRun.py
[2022-06-18 15:42:21,740] {scheduler_job.py:639} INFO - DAG(s) dict_keys(['analyze_json_data']) retrieved from /opt/airflow/dags/dagRun.py
[2022-06-18 15:42:21,756] {logging_mixin.py:104} INFO - [2022-06-18 15:42:21,756] {dag.py:1818} INFO - Sync 1 DAGs
[2022-06-18 15:42:21,767] {logging_mixin.py:104} INFO - [2022-06-18 15:42:21,767] {dag.py:2273} INFO - Setting next_dagrun for analyze_json_data to 2022-06-18 00:00:00+00:00
[2022-06-18 15:42:21,771] {scheduler_job.py:190} INFO - Processing /opt/airflow/dags/dagRun.py took 0.473 seconds
[2022-06-18 15:42:52,282] {scheduler_job.py:182} INFO - Started process (PID=395) to work on /opt/airflow/dags/dagRun.py
[2022-06-18 15:42:52,283] {scheduler_job.py:629} INFO - Processing file /opt/airflow/dags/dagRun.py for tasks to queue
[2022-06-18 15:42:52,284] {logging_mixin.py:104} INFO - [2022-06-18 15:42:52,284] {dagbag.py:448} INFO - Filling up the DagBag from /opt/airflow/dags/dagRun.py
[2022-06-18 15:42:52,538] {scheduler_job.py:639} INFO - DAG(s) dict_keys(['analyze_json_data']) retrieved from /opt/airflow/dags/dagRun.py
[2022-06-18 15:42:52,549] {logging_mixin.py:104} INFO - [2022-06-18 15:42:52,549] {dag.py:1818} INFO - Sync 1 DAGs
[2022-06-18 15:42:52,561] {logging_mixin.py:104} INFO - [2022-06-18 15:42:52,561] {dag.py:2273} INFO - Setting next_dagrun for analyze_json_data to 2022-06-18 00:00:00+00:00
[2022-06-18 15:42:52,564] {scheduler_job.py:190} INFO - Processing /opt/airflow/dags/dagRun.py took 0.284 seconds
[2022-06-18 15:43:23,375] {scheduler_job.py:182} INFO - Started process (PID=528) to work on /opt/airflow/dags/dagRun.py
[2022-06-18 15:43:23,376] {scheduler_job.py:629} INFO - Processing file /opt/airflow/dags/dagRun.py for tasks to queue
[2022-06-18 15:43:23,376] {logging_mixin.py:104} INFO - [2022-06-18 15:43:23,376] {dagbag.py:448} INFO - Filling up the DagBag from /opt/airflow/dags/dagRun.py
[2022-06-18 15:43:23,646] {scheduler_job.py:639} INFO - DAG(s) dict_keys(['analyze_json_data']) retrieved from /opt/airflow/dags/dagRun.py
[2022-06-18 15:43:23,656] {logging_mixin.py:104} INFO - [2022-06-18 15:43:23,656] {dag.py:1818} INFO - Sync 1 DAGs
[2022-06-18 15:43:23,670] {logging_mixin.py:104} INFO - [2022-06-18 15:43:23,670] {dag.py:2273} INFO - Setting next_dagrun for analyze_json_data to 2022-06-18 00:00:00+00:00
[2022-06-18 15:43:23,673] {scheduler_job.py:190} INFO - Processing /opt/airflow/dags/dagRun.py took 0.300 seconds
[2022-06-18 15:43:54,090] {scheduler_job.py:182} INFO - Started process (PID=698) to work on /opt/airflow/dags/dagRun.py
[2022-06-18 15:43:54,091] {scheduler_job.py:629} INFO - Processing file /opt/airflow/dags/dagRun.py for tasks to queue
[2022-06-18 15:43:54,092] {logging_mixin.py:104} INFO - [2022-06-18 15:43:54,091] {dagbag.py:448} INFO - Filling up the DagBag from /opt/airflow/dags/dagRun.py
[2022-06-18 15:43:54,353] {scheduler_job.py:639} INFO - DAG(s) dict_keys(['analyze_json_data']) retrieved from /opt/airflow/dags/dagRun.py
[2022-06-18 15:43:54,366] {logging_mixin.py:104} INFO - [2022-06-18 15:43:54,366] {dag.py:1818} INFO - Sync 1 DAGs
[2022-06-18 15:43:54,376] {logging_mixin.py:104} INFO - [2022-06-18 15:43:54,376] {dag.py:2273} INFO - Setting next_dagrun for analyze_json_data to 2022-06-18 00:00:00+00:00
[2022-06-18 15:43:54,379] {scheduler_job.py:190} INFO - Processing /opt/airflow/dags/dagRun.py took 0.291 seconds
[2022-06-18 15:44:24,914] {scheduler_job.py:182} INFO - Started process (PID=838) to work on /opt/airflow/dags/dagRun.py
[2022-06-18 15:44:24,915] {scheduler_job.py:629} INFO - Processing file /opt/airflow/dags/dagRun.py for tasks to queue
[2022-06-18 15:44:24,915] {logging_mixin.py:104} INFO - [2022-06-18 15:44:24,915] {dagbag.py:448} INFO - Filling up the DagBag from /opt/airflow/dags/dagRun.py
[2022-06-18 15:44:25,160] {scheduler_job.py:639} INFO - DAG(s) dict_keys(['analyze_json_data']) retrieved from /opt/airflow/dags/dagRun.py
[2022-06-18 15:44:25,174] {logging_mixin.py:104} INFO - [2022-06-18 15:44:25,173] {dag.py:1818} INFO - Sync 1 DAGs
[2022-06-18 15:44:25,184] {logging_mixin.py:104} INFO - [2022-06-18 15:44:25,184] {dag.py:2273} INFO - Setting next_dagrun for analyze_json_data to 2022-06-18 00:00:00+00:00
[2022-06-18 15:44:25,191] {scheduler_job.py:190} INFO - Processing /opt/airflow/dags/dagRun.py took 0.278 seconds
[2022-06-18 15:44:55,656] {scheduler_job.py:182} INFO - Started process (PID=973) to work on /opt/airflow/dags/dagRun.py
[2022-06-18 15:44:55,657] {scheduler_job.py:629} INFO - Processing file /opt/airflow/dags/dagRun.py for tasks to queue
[2022-06-18 15:44:55,658] {logging_mixin.py:104} INFO - [2022-06-18 15:44:55,658] {dagbag.py:448} INFO - Filling up the DagBag from /opt/airflow/dags/dagRun.py
[2022-06-18 15:44:55,911] {scheduler_job.py:639} INFO - DAG(s) dict_keys(['analyze_json_data']) retrieved from /opt/airflow/dags/dagRun.py
[2022-06-18 15:44:55,925] {logging_mixin.py:104} INFO - [2022-06-18 15:44:55,925] {dag.py:1818} INFO - Sync 1 DAGs
[2022-06-18 15:44:55,938] {logging_mixin.py:104} INFO - [2022-06-18 15:44:55,938] {dag.py:2273} INFO - Setting next_dagrun for analyze_json_data to 2022-06-18 00:00:00+00:00
[2022-06-18 15:44:55,941] {scheduler_job.py:190} INFO - Processing /opt/airflow/dags/dagRun.py took 0.287 seconds
[2022-06-18 15:45:26,429] {scheduler_job.py:182} INFO - Started process (PID=1108) to work on /opt/airflow/dags/dagRun.py
[2022-06-18 15:45:26,430] {scheduler_job.py:629} INFO - Processing file /opt/airflow/dags/dagRun.py for tasks to queue
[2022-06-18 15:45:26,430] {logging_mixin.py:104} INFO - [2022-06-18 15:45:26,430] {dagbag.py:448} INFO - Filling up the DagBag from /opt/airflow/dags/dagRun.py
[2022-06-18 15:45:26,681] {scheduler_job.py:639} INFO - DAG(s) dict_keys(['analyze_json_data']) retrieved from /opt/airflow/dags/dagRun.py
[2022-06-18 15:45:26,694] {logging_mixin.py:104} INFO - [2022-06-18 15:45:26,694] {dag.py:1818} INFO - Sync 1 DAGs
[2022-06-18 15:45:26,705] {logging_mixin.py:104} INFO - [2022-06-18 15:45:26,705] {dag.py:2273} INFO - Setting next_dagrun for analyze_json_data to 2022-06-18 00:00:00+00:00
[2022-06-18 15:45:26,709] {scheduler_job.py:190} INFO - Processing /opt/airflow/dags/dagRun.py took 0.282 seconds
[2022-06-18 15:45:57,136] {scheduler_job.py:182} INFO - Started process (PID=1243) to work on /opt/airflow/dags/dagRun.py
[2022-06-18 15:45:57,137] {scheduler_job.py:629} INFO - Processing file /opt/airflow/dags/dagRun.py for tasks to queue
[2022-06-18 15:45:57,137] {logging_mixin.py:104} INFO - [2022-06-18 15:45:57,137] {dagbag.py:448} INFO - Filling up the DagBag from /opt/airflow/dags/dagRun.py
[2022-06-18 15:45:57,386] {scheduler_job.py:639} INFO - DAG(s) dict_keys(['analyze_json_data']) retrieved from /opt/airflow/dags/dagRun.py
[2022-06-18 15:45:57,401] {logging_mixin.py:104} INFO - [2022-06-18 15:45:57,400] {dag.py:1818} INFO - Sync 1 DAGs
[2022-06-18 15:45:57,412] {logging_mixin.py:104} INFO - [2022-06-18 15:45:57,412] {dag.py:2273} INFO - Setting next_dagrun for analyze_json_data to 2022-06-18 00:00:00+00:00
[2022-06-18 15:45:57,416] {scheduler_job.py:190} INFO - Processing /opt/airflow/dags/dagRun.py took 0.282 seconds
[2022-06-18 15:46:27,984] {scheduler_job.py:182} INFO - Started process (PID=1380) to work on /opt/airflow/dags/dagRun.py
[2022-06-18 15:46:27,985] {scheduler_job.py:629} INFO - Processing file /opt/airflow/dags/dagRun.py for tasks to queue
[2022-06-18 15:46:27,985] {logging_mixin.py:104} INFO - [2022-06-18 15:46:27,985] {dagbag.py:448} INFO - Filling up the DagBag from /opt/airflow/dags/dagRun.py
[2022-06-18 15:46:28,245] {scheduler_job.py:639} INFO - DAG(s) dict_keys(['analyze_json_data']) retrieved from /opt/airflow/dags/dagRun.py
[2022-06-18 15:46:28,260] {logging_mixin.py:104} INFO - [2022-06-18 15:46:28,260] {dag.py:1818} INFO - Sync 1 DAGs
[2022-06-18 15:46:28,272] {logging_mixin.py:104} INFO - [2022-06-18 15:46:28,272] {dag.py:2273} INFO - Setting next_dagrun for analyze_json_data to 2022-06-18 00:00:00+00:00
[2022-06-18 15:46:28,276] {scheduler_job.py:190} INFO - Processing /opt/airflow/dags/dagRun.py took 0.294 seconds
[2022-06-18 15:46:59,021] {scheduler_job.py:182} INFO - Started process (PID=1515) to work on /opt/airflow/dags/dagRun.py
[2022-06-18 15:46:59,022] {scheduler_job.py:629} INFO - Processing file /opt/airflow/dags/dagRun.py for tasks to queue
[2022-06-18 15:46:59,023] {logging_mixin.py:104} INFO - [2022-06-18 15:46:59,022] {dagbag.py:448} INFO - Filling up the DagBag from /opt/airflow/dags/dagRun.py
[2022-06-18 15:46:59,281] {scheduler_job.py:639} INFO - DAG(s) dict_keys(['analyze_json_data']) retrieved from /opt/airflow/dags/dagRun.py
[2022-06-18 15:46:59,295] {logging_mixin.py:104} INFO - [2022-06-18 15:46:59,295] {dag.py:1818} INFO - Sync 1 DAGs
[2022-06-18 15:46:59,307] {logging_mixin.py:104} INFO - [2022-06-18 15:46:59,307] {dag.py:2273} INFO - Setting next_dagrun for analyze_json_data to 2022-06-18 00:00:00+00:00
[2022-06-18 15:46:59,310] {scheduler_job.py:190} INFO - Processing /opt/airflow/dags/dagRun.py took 0.292 seconds
[2022-06-18 15:47:30,081] {scheduler_job.py:182} INFO - Started process (PID=1650) to work on /opt/airflow/dags/dagRun.py
[2022-06-18 15:47:30,081] {scheduler_job.py:629} INFO - Processing file /opt/airflow/dags/dagRun.py for tasks to queue
[2022-06-18 15:47:30,082] {logging_mixin.py:104} INFO - [2022-06-18 15:47:30,082] {dagbag.py:448} INFO - Filling up the DagBag from /opt/airflow/dags/dagRun.py
[2022-06-18 15:47:30,326] {scheduler_job.py:639} INFO - DAG(s) dict_keys(['analyze_json_data']) retrieved from /opt/airflow/dags/dagRun.py
[2022-06-18 15:47:30,341] {logging_mixin.py:104} INFO - [2022-06-18 15:47:30,341] {dag.py:1818} INFO - Sync 1 DAGs
[2022-06-18 15:47:30,352] {logging_mixin.py:104} INFO - [2022-06-18 15:47:30,352] {dag.py:2273} INFO - Setting next_dagrun for analyze_json_data to 2022-06-18 00:00:00+00:00
[2022-06-18 15:47:30,355] {scheduler_job.py:190} INFO - Processing /opt/airflow/dags/dagRun.py took 0.276 seconds
[2022-06-18 15:48:01,089] {scheduler_job.py:182} INFO - Started process (PID=1785) to work on /opt/airflow/dags/dagRun.py
[2022-06-18 15:48:01,089] {scheduler_job.py:629} INFO - Processing file /opt/airflow/dags/dagRun.py for tasks to queue
[2022-06-18 15:48:01,090] {logging_mixin.py:104} INFO - [2022-06-18 15:48:01,090] {dagbag.py:448} INFO - Filling up the DagBag from /opt/airflow/dags/dagRun.py
[2022-06-18 15:48:01,336] {scheduler_job.py:639} INFO - DAG(s) dict_keys(['analyze_json_data']) retrieved from /opt/airflow/dags/dagRun.py
[2022-06-18 15:48:01,351] {logging_mixin.py:104} INFO - [2022-06-18 15:48:01,351] {dag.py:1818} INFO - Sync 1 DAGs
[2022-06-18 15:48:01,362] {logging_mixin.py:104} INFO - [2022-06-18 15:48:01,361] {dag.py:2273} INFO - Setting next_dagrun for analyze_json_data to 2022-06-18 00:00:00+00:00
[2022-06-18 15:48:01,365] {scheduler_job.py:190} INFO - Processing /opt/airflow/dags/dagRun.py took 0.279 seconds
[2022-06-18 15:48:31,812] {scheduler_job.py:182} INFO - Started process (PID=1920) to work on /opt/airflow/dags/dagRun.py
[2022-06-18 15:48:31,813] {scheduler_job.py:629} INFO - Processing file /opt/airflow/dags/dagRun.py for tasks to queue
[2022-06-18 15:48:31,814] {logging_mixin.py:104} INFO - [2022-06-18 15:48:31,813] {dagbag.py:448} INFO - Filling up the DagBag from /opt/airflow/dags/dagRun.py
[2022-06-18 15:48:32,059] {scheduler_job.py:639} INFO - DAG(s) dict_keys(['analyze_json_data']) retrieved from /opt/airflow/dags/dagRun.py
[2022-06-18 15:48:32,075] {logging_mixin.py:104} INFO - [2022-06-18 15:48:32,074] {dag.py:1818} INFO - Sync 1 DAGs
[2022-06-18 15:48:32,085] {logging_mixin.py:104} INFO - [2022-06-18 15:48:32,085] {dag.py:2273} INFO - Setting next_dagrun for analyze_json_data to 2022-06-18 00:00:00+00:00
[2022-06-18 15:48:32,088] {scheduler_job.py:190} INFO - Processing /opt/airflow/dags/dagRun.py took 0.278 seconds
[2022-06-18 15:49:02,546] {scheduler_job.py:182} INFO - Started process (PID=2055) to work on /opt/airflow/dags/dagRun.py
[2022-06-18 15:49:02,547] {scheduler_job.py:629} INFO - Processing file /opt/airflow/dags/dagRun.py for tasks to queue
[2022-06-18 15:49:02,547] {logging_mixin.py:104} INFO - [2022-06-18 15:49:02,547] {dagbag.py:448} INFO - Filling up the DagBag from /opt/airflow/dags/dagRun.py
[2022-06-18 15:49:02,791] {scheduler_job.py:639} INFO - DAG(s) dict_keys(['analyze_json_data']) retrieved from /opt/airflow/dags/dagRun.py
[2022-06-18 15:49:02,804] {logging_mixin.py:104} INFO - [2022-06-18 15:49:02,804] {dag.py:1818} INFO - Sync 1 DAGs
[2022-06-18 15:49:02,814] {logging_mixin.py:104} INFO - [2022-06-18 15:49:02,814] {dag.py:2273} INFO - Setting next_dagrun for analyze_json_data to 2022-06-18 00:00:00+00:00
[2022-06-18 15:49:02,818] {scheduler_job.py:190} INFO - Processing /opt/airflow/dags/dagRun.py took 0.273 seconds
[2022-06-18 15:49:33,319] {scheduler_job.py:182} INFO - Started process (PID=2190) to work on /opt/airflow/dags/dagRun.py
[2022-06-18 15:49:33,319] {scheduler_job.py:629} INFO - Processing file /opt/airflow/dags/dagRun.py for tasks to queue
[2022-06-18 15:49:33,320] {logging_mixin.py:104} INFO - [2022-06-18 15:49:33,320] {dagbag.py:448} INFO - Filling up the DagBag from /opt/airflow/dags/dagRun.py
[2022-06-18 15:49:33,570] {scheduler_job.py:639} INFO - DAG(s) dict_keys(['analyze_json_data']) retrieved from /opt/airflow/dags/dagRun.py
[2022-06-18 15:49:33,584] {logging_mixin.py:104} INFO - [2022-06-18 15:49:33,584] {dag.py:1818} INFO - Sync 1 DAGs
[2022-06-18 15:49:33,597] {logging_mixin.py:104} INFO - [2022-06-18 15:49:33,597] {dag.py:2273} INFO - Setting next_dagrun for analyze_json_data to 2022-06-18 00:00:00+00:00
[2022-06-18 15:49:33,600] {scheduler_job.py:190} INFO - Processing /opt/airflow/dags/dagRun.py took 0.283 seconds
[2022-06-18 15:50:04,054] {scheduler_job.py:182} INFO - Started process (PID=2325) to work on /opt/airflow/dags/dagRun.py
[2022-06-18 15:50:04,055] {scheduler_job.py:629} INFO - Processing file /opt/airflow/dags/dagRun.py for tasks to queue
[2022-06-18 15:50:04,056] {logging_mixin.py:104} INFO - [2022-06-18 15:50:04,056] {dagbag.py:448} INFO - Filling up the DagBag from /opt/airflow/dags/dagRun.py
[2022-06-18 15:50:04,313] {scheduler_job.py:639} INFO - DAG(s) dict_keys(['analyze_json_data']) retrieved from /opt/airflow/dags/dagRun.py
[2022-06-18 15:50:04,327] {logging_mixin.py:104} INFO - [2022-06-18 15:50:04,327] {dag.py:1818} INFO - Sync 1 DAGs
[2022-06-18 15:50:04,340] {logging_mixin.py:104} INFO - [2022-06-18 15:50:04,340] {dag.py:2273} INFO - Setting next_dagrun for analyze_json_data to 2022-06-18 00:00:00+00:00
[2022-06-18 15:50:04,343] {scheduler_job.py:190} INFO - Processing /opt/airflow/dags/dagRun.py took 0.292 seconds
[2022-06-18 15:50:34,883] {scheduler_job.py:182} INFO - Started process (PID=2460) to work on /opt/airflow/dags/dagRun.py
[2022-06-18 15:50:34,883] {scheduler_job.py:629} INFO - Processing file /opt/airflow/dags/dagRun.py for tasks to queue
[2022-06-18 15:50:34,884] {logging_mixin.py:104} INFO - [2022-06-18 15:50:34,884] {dagbag.py:448} INFO - Filling up the DagBag from /opt/airflow/dags/dagRun.py
[2022-06-18 15:50:35,142] {scheduler_job.py:639} INFO - DAG(s) dict_keys(['analyze_json_data']) retrieved from /opt/airflow/dags/dagRun.py
[2022-06-18 15:50:35,155] {logging_mixin.py:104} INFO - [2022-06-18 15:50:35,155] {dag.py:1818} INFO - Sync 1 DAGs
[2022-06-18 15:50:35,168] {logging_mixin.py:104} INFO - [2022-06-18 15:50:35,168] {dag.py:2273} INFO - Setting next_dagrun for analyze_json_data to 2022-06-18 00:00:00+00:00
[2022-06-18 15:50:35,171] {scheduler_job.py:190} INFO - Processing /opt/airflow/dags/dagRun.py took 0.291 seconds
[2022-06-18 15:51:05,961] {scheduler_job.py:182} INFO - Started process (PID=2595) to work on /opt/airflow/dags/dagRun.py
[2022-06-18 15:51:05,962] {scheduler_job.py:629} INFO - Processing file /opt/airflow/dags/dagRun.py for tasks to queue
[2022-06-18 15:51:05,962] {logging_mixin.py:104} INFO - [2022-06-18 15:51:05,962] {dagbag.py:448} INFO - Filling up the DagBag from /opt/airflow/dags/dagRun.py
[2022-06-18 15:51:06,215] {scheduler_job.py:639} INFO - DAG(s) dict_keys(['analyze_json_data']) retrieved from /opt/airflow/dags/dagRun.py
[2022-06-18 15:51:06,231] {logging_mixin.py:104} INFO - [2022-06-18 15:51:06,231] {dag.py:1818} INFO - Sync 1 DAGs
[2022-06-18 15:51:06,243] {logging_mixin.py:104} INFO - [2022-06-18 15:51:06,243] {dag.py:2273} INFO - Setting next_dagrun for analyze_json_data to 2022-06-18 00:00:00+00:00
[2022-06-18 15:51:06,247] {scheduler_job.py:190} INFO - Processing /opt/airflow/dags/dagRun.py took 0.289 seconds
[2022-06-18 15:51:37,045] {scheduler_job.py:182} INFO - Started process (PID=2730) to work on /opt/airflow/dags/dagRun.py
[2022-06-18 15:51:37,046] {scheduler_job.py:629} INFO - Processing file /opt/airflow/dags/dagRun.py for tasks to queue
[2022-06-18 15:51:37,047] {logging_mixin.py:104} INFO - [2022-06-18 15:51:37,046] {dagbag.py:448} INFO - Filling up the DagBag from /opt/airflow/dags/dagRun.py
[2022-06-18 15:51:37,293] {scheduler_job.py:639} INFO - DAG(s) dict_keys(['analyze_json_data']) retrieved from /opt/airflow/dags/dagRun.py
[2022-06-18 15:51:37,307] {logging_mixin.py:104} INFO - [2022-06-18 15:51:37,307] {dag.py:1818} INFO - Sync 1 DAGs
[2022-06-18 15:51:37,320] {logging_mixin.py:104} INFO - [2022-06-18 15:51:37,320] {dag.py:2273} INFO - Setting next_dagrun for analyze_json_data to 2022-06-18 00:00:00+00:00
[2022-06-18 15:51:37,323] {scheduler_job.py:190} INFO - Processing /opt/airflow/dags/dagRun.py took 0.281 seconds
[2022-06-18 15:52:08,182] {scheduler_job.py:182} INFO - Started process (PID=2865) to work on /opt/airflow/dags/dagRun.py
[2022-06-18 15:52:08,182] {scheduler_job.py:629} INFO - Processing file /opt/airflow/dags/dagRun.py for tasks to queue
[2022-06-18 15:52:08,183] {logging_mixin.py:104} INFO - [2022-06-18 15:52:08,183] {dagbag.py:448} INFO - Filling up the DagBag from /opt/airflow/dags/dagRun.py
[2022-06-18 15:52:08,425] {scheduler_job.py:639} INFO - DAG(s) dict_keys(['analyze_json_data']) retrieved from /opt/airflow/dags/dagRun.py
[2022-06-18 15:52:08,440] {logging_mixin.py:104} INFO - [2022-06-18 15:52:08,440] {dag.py:1818} INFO - Sync 1 DAGs
[2022-06-18 15:52:08,451] {logging_mixin.py:104} INFO - [2022-06-18 15:52:08,451] {dag.py:2273} INFO - Setting next_dagrun for analyze_json_data to 2022-06-18 00:00:00+00:00
[2022-06-18 15:52:08,454] {scheduler_job.py:190} INFO - Processing /opt/airflow/dags/dagRun.py took 0.275 seconds
[2022-06-18 15:52:39,305] {scheduler_job.py:182} INFO - Started process (PID=3000) to work on /opt/airflow/dags/dagRun.py
[2022-06-18 15:52:39,306] {scheduler_job.py:629} INFO - Processing file /opt/airflow/dags/dagRun.py for tasks to queue
[2022-06-18 15:52:39,307] {logging_mixin.py:104} INFO - [2022-06-18 15:52:39,306] {dagbag.py:448} INFO - Filling up the DagBag from /opt/airflow/dags/dagRun.py
[2022-06-18 15:52:39,598] {scheduler_job.py:639} INFO - DAG(s) dict_keys(['analyze_json_data']) retrieved from /opt/airflow/dags/dagRun.py
[2022-06-18 15:52:39,613] {logging_mixin.py:104} INFO - [2022-06-18 15:52:39,613] {dag.py:1818} INFO - Sync 1 DAGs
[2022-06-18 15:52:39,623] {logging_mixin.py:104} INFO - [2022-06-18 15:52:39,623] {dag.py:2273} INFO - Setting next_dagrun for analyze_json_data to 2022-06-18 00:00:00+00:00
[2022-06-18 15:52:39,626] {scheduler_job.py:190} INFO - Processing /opt/airflow/dags/dagRun.py took 0.323 seconds
[2022-06-18 15:53:10,383] {scheduler_job.py:182} INFO - Started process (PID=3135) to work on /opt/airflow/dags/dagRun.py
[2022-06-18 15:53:10,384] {scheduler_job.py:629} INFO - Processing file /opt/airflow/dags/dagRun.py for tasks to queue
[2022-06-18 15:53:10,384] {logging_mixin.py:104} INFO - [2022-06-18 15:53:10,384] {dagbag.py:448} INFO - Filling up the DagBag from /opt/airflow/dags/dagRun.py
[2022-06-18 15:53:10,660] {scheduler_job.py:639} INFO - DAG(s) dict_keys(['analyze_json_data']) retrieved from /opt/airflow/dags/dagRun.py
[2022-06-18 15:53:10,674] {logging_mixin.py:104} INFO - [2022-06-18 15:53:10,674] {dag.py:1818} INFO - Sync 1 DAGs
[2022-06-18 15:53:10,685] {logging_mixin.py:104} INFO - [2022-06-18 15:53:10,685] {dag.py:2273} INFO - Setting next_dagrun for analyze_json_data to 2022-06-18 00:00:00+00:00
[2022-06-18 15:53:10,689] {scheduler_job.py:190} INFO - Processing /opt/airflow/dags/dagRun.py took 0.308 seconds
[2022-06-18 15:53:41,546] {scheduler_job.py:182} INFO - Started process (PID=3270) to work on /opt/airflow/dags/dagRun.py
[2022-06-18 15:53:41,547] {scheduler_job.py:629} INFO - Processing file /opt/airflow/dags/dagRun.py for tasks to queue
[2022-06-18 15:53:41,547] {logging_mixin.py:104} INFO - [2022-06-18 15:53:41,547] {dagbag.py:448} INFO - Filling up the DagBag from /opt/airflow/dags/dagRun.py
[2022-06-18 15:53:41,812] {scheduler_job.py:639} INFO - DAG(s) dict_keys(['analyze_json_data']) retrieved from /opt/airflow/dags/dagRun.py
[2022-06-18 15:53:41,822] {logging_mixin.py:104} INFO - [2022-06-18 15:53:41,822] {dag.py:1818} INFO - Sync 1 DAGs
[2022-06-18 15:53:41,835] {logging_mixin.py:104} INFO - [2022-06-18 15:53:41,835] {dag.py:2273} INFO - Setting next_dagrun for analyze_json_data to 2022-06-18 00:00:00+00:00
[2022-06-18 15:53:41,838] {scheduler_job.py:190} INFO - Processing /opt/airflow/dags/dagRun.py took 0.294 seconds
[2022-06-18 15:54:12,699] {scheduler_job.py:182} INFO - Started process (PID=3405) to work on /opt/airflow/dags/dagRun.py
[2022-06-18 15:54:12,700] {scheduler_job.py:629} INFO - Processing file /opt/airflow/dags/dagRun.py for tasks to queue
[2022-06-18 15:54:12,701] {logging_mixin.py:104} INFO - [2022-06-18 15:54:12,701] {dagbag.py:448} INFO - Filling up the DagBag from /opt/airflow/dags/dagRun.py
[2022-06-18 15:54:12,958] {scheduler_job.py:639} INFO - DAG(s) dict_keys(['analyze_json_data']) retrieved from /opt/airflow/dags/dagRun.py
[2022-06-18 15:54:12,968] {logging_mixin.py:104} INFO - [2022-06-18 15:54:12,968] {dag.py:1818} INFO - Sync 1 DAGs
[2022-06-18 15:54:12,981] {logging_mixin.py:104} INFO - [2022-06-18 15:54:12,981] {dag.py:2273} INFO - Setting next_dagrun for analyze_json_data to 2022-06-18 00:00:00+00:00
[2022-06-18 15:54:12,984] {scheduler_job.py:190} INFO - Processing /opt/airflow/dags/dagRun.py took 0.287 seconds
[2022-06-18 15:54:43,941] {scheduler_job.py:182} INFO - Started process (PID=3540) to work on /opt/airflow/dags/dagRun.py
[2022-06-18 15:54:43,942] {scheduler_job.py:629} INFO - Processing file /opt/airflow/dags/dagRun.py for tasks to queue
[2022-06-18 15:54:43,943] {logging_mixin.py:104} INFO - [2022-06-18 15:54:43,943] {dagbag.py:448} INFO - Filling up the DagBag from /opt/airflow/dags/dagRun.py
[2022-06-18 15:54:44,196] {scheduler_job.py:639} INFO - DAG(s) dict_keys(['analyze_json_data']) retrieved from /opt/airflow/dags/dagRun.py
[2022-06-18 15:54:44,209] {logging_mixin.py:104} INFO - [2022-06-18 15:54:44,209] {dag.py:1818} INFO - Sync 1 DAGs
[2022-06-18 15:54:44,219] {logging_mixin.py:104} INFO - [2022-06-18 15:54:44,219] {dag.py:2273} INFO - Setting next_dagrun for analyze_json_data to 2022-06-18 00:00:00+00:00
[2022-06-18 15:54:44,323] {scheduler_job.py:190} INFO - Processing /opt/airflow/dags/dagRun.py took 0.384 seconds
[2022-06-18 15:55:14,363] {scheduler_job.py:182} INFO - Started process (PID=3675) to work on /opt/airflow/dags/dagRun.py
[2022-06-18 15:55:14,364] {scheduler_job.py:629} INFO - Processing file /opt/airflow/dags/dagRun.py for tasks to queue
[2022-06-18 15:55:14,365] {logging_mixin.py:104} INFO - [2022-06-18 15:55:14,365] {dagbag.py:448} INFO - Filling up the DagBag from /opt/airflow/dags/dagRun.py
[2022-06-18 15:55:14,614] {scheduler_job.py:639} INFO - DAG(s) dict_keys(['analyze_json_data']) retrieved from /opt/airflow/dags/dagRun.py
[2022-06-18 15:55:14,628] {logging_mixin.py:104} INFO - [2022-06-18 15:55:14,628] {dag.py:1818} INFO - Sync 1 DAGs
[2022-06-18 15:55:14,642] {logging_mixin.py:104} INFO - [2022-06-18 15:55:14,642] {dag.py:2273} INFO - Setting next_dagrun for analyze_json_data to 2022-06-18 00:00:00+00:00
[2022-06-18 15:55:14,651] {scheduler_job.py:190} INFO - Processing /opt/airflow/dags/dagRun.py took 0.290 seconds
[2022-06-18 15:55:45,195] {scheduler_job.py:182} INFO - Started process (PID=3810) to work on /opt/airflow/dags/dagRun.py
[2022-06-18 15:55:45,196] {scheduler_job.py:629} INFO - Processing file /opt/airflow/dags/dagRun.py for tasks to queue
[2022-06-18 15:55:45,197] {logging_mixin.py:104} INFO - [2022-06-18 15:55:45,197] {dagbag.py:448} INFO - Filling up the DagBag from /opt/airflow/dags/dagRun.py
[2022-06-18 15:55:45,450] {scheduler_job.py:639} INFO - DAG(s) dict_keys(['analyze_json_data']) retrieved from /opt/airflow/dags/dagRun.py
[2022-06-18 15:55:45,464] {logging_mixin.py:104} INFO - [2022-06-18 15:55:45,464] {dag.py:1818} INFO - Sync 1 DAGs
[2022-06-18 15:55:45,477] {logging_mixin.py:104} INFO - [2022-06-18 15:55:45,477] {dag.py:2273} INFO - Setting next_dagrun for analyze_json_data to 2022-06-18 00:00:00+00:00
[2022-06-18 15:55:45,501] {scheduler_job.py:190} INFO - Processing /opt/airflow/dags/dagRun.py took 0.308 seconds
[2022-06-18 15:56:16,442] {scheduler_job.py:182} INFO - Started process (PID=3945) to work on /opt/airflow/dags/dagRun.py
[2022-06-18 15:56:16,443] {scheduler_job.py:629} INFO - Processing file /opt/airflow/dags/dagRun.py for tasks to queue
[2022-06-18 15:56:16,443] {logging_mixin.py:104} INFO - [2022-06-18 15:56:16,443] {dagbag.py:448} INFO - Filling up the DagBag from /opt/airflow/dags/dagRun.py
[2022-06-18 15:56:16,713] {scheduler_job.py:639} INFO - DAG(s) dict_keys(['analyze_json_data']) retrieved from /opt/airflow/dags/dagRun.py
[2022-06-18 15:56:16,728] {logging_mixin.py:104} INFO - [2022-06-18 15:56:16,728] {dag.py:1818} INFO - Sync 1 DAGs
[2022-06-18 15:56:16,740] {logging_mixin.py:104} INFO - [2022-06-18 15:56:16,740] {dag.py:2273} INFO - Setting next_dagrun for analyze_json_data to 2022-06-18 00:00:00+00:00
[2022-06-18 15:56:16,744] {scheduler_job.py:190} INFO - Processing /opt/airflow/dags/dagRun.py took 0.304 seconds
[2022-06-18 15:56:47,515] {scheduler_job.py:182} INFO - Started process (PID=4080) to work on /opt/airflow/dags/dagRun.py
[2022-06-18 15:56:47,516] {scheduler_job.py:629} INFO - Processing file /opt/airflow/dags/dagRun.py for tasks to queue
[2022-06-18 15:56:47,517] {logging_mixin.py:104} INFO - [2022-06-18 15:56:47,517] {dagbag.py:448} INFO - Filling up the DagBag from /opt/airflow/dags/dagRun.py
[2022-06-18 15:56:47,811] {scheduler_job.py:639} INFO - DAG(s) dict_keys(['analyze_json_data']) retrieved from /opt/airflow/dags/dagRun.py
[2022-06-18 15:56:47,824] {logging_mixin.py:104} INFO - [2022-06-18 15:56:47,824] {dag.py:1818} INFO - Sync 1 DAGs
[2022-06-18 15:56:47,838] {logging_mixin.py:104} INFO - [2022-06-18 15:56:47,837] {dag.py:2273} INFO - Setting next_dagrun for analyze_json_data to 2022-06-18 00:00:00+00:00
[2022-06-18 15:56:47,842] {scheduler_job.py:190} INFO - Processing /opt/airflow/dags/dagRun.py took 0.329 seconds
[2022-06-18 15:57:18,664] {scheduler_job.py:182} INFO - Started process (PID=4215) to work on /opt/airflow/dags/dagRun.py
[2022-06-18 15:57:18,665] {scheduler_job.py:629} INFO - Processing file /opt/airflow/dags/dagRun.py for tasks to queue
[2022-06-18 15:57:18,665] {logging_mixin.py:104} INFO - [2022-06-18 15:57:18,665] {dagbag.py:448} INFO - Filling up the DagBag from /opt/airflow/dags/dagRun.py
[2022-06-18 15:57:18,928] {scheduler_job.py:639} INFO - DAG(s) dict_keys(['analyze_json_data']) retrieved from /opt/airflow/dags/dagRun.py
[2022-06-18 15:57:18,942] {logging_mixin.py:104} INFO - [2022-06-18 15:57:18,942] {dag.py:1818} INFO - Sync 1 DAGs
[2022-06-18 15:57:18,954] {logging_mixin.py:104} INFO - [2022-06-18 15:57:18,954] {dag.py:2273} INFO - Setting next_dagrun for analyze_json_data to 2022-06-18 00:00:00+00:00
[2022-06-18 15:57:18,958] {scheduler_job.py:190} INFO - Processing /opt/airflow/dags/dagRun.py took 0.296 seconds
[2022-06-18 15:57:49,710] {scheduler_job.py:182} INFO - Started process (PID=4350) to work on /opt/airflow/dags/dagRun.py
[2022-06-18 15:57:49,719] {scheduler_job.py:629} INFO - Processing file /opt/airflow/dags/dagRun.py for tasks to queue
[2022-06-18 15:57:49,720] {logging_mixin.py:104} INFO - [2022-06-18 15:57:49,719] {dagbag.py:448} INFO - Filling up the DagBag from /opt/airflow/dags/dagRun.py
[2022-06-18 15:57:49,979] {scheduler_job.py:639} INFO - DAG(s) dict_keys(['analyze_json_data']) retrieved from /opt/airflow/dags/dagRun.py
[2022-06-18 15:57:49,992] {logging_mixin.py:104} INFO - [2022-06-18 15:57:49,992] {dag.py:1818} INFO - Sync 1 DAGs
[2022-06-18 15:57:50,005] {logging_mixin.py:104} INFO - [2022-06-18 15:57:50,005] {dag.py:2273} INFO - Setting next_dagrun for analyze_json_data to 2022-06-18 00:00:00+00:00
[2022-06-18 15:57:50,008] {scheduler_job.py:190} INFO - Processing /opt/airflow/dags/dagRun.py took 0.300 seconds
[2022-06-18 15:58:20,839] {scheduler_job.py:182} INFO - Started process (PID=4485) to work on /opt/airflow/dags/dagRun.py
[2022-06-18 15:58:20,839] {scheduler_job.py:629} INFO - Processing file /opt/airflow/dags/dagRun.py for tasks to queue
[2022-06-18 15:58:20,840] {logging_mixin.py:104} INFO - [2022-06-18 15:58:20,840] {dagbag.py:448} INFO - Filling up the DagBag from /opt/airflow/dags/dagRun.py
[2022-06-18 15:58:21,094] {scheduler_job.py:639} INFO - DAG(s) dict_keys(['analyze_json_data']) retrieved from /opt/airflow/dags/dagRun.py
[2022-06-18 15:58:21,104] {logging_mixin.py:104} INFO - [2022-06-18 15:58:21,104] {dag.py:1818} INFO - Sync 1 DAGs
[2022-06-18 15:58:21,118] {logging_mixin.py:104} INFO - [2022-06-18 15:58:21,118] {dag.py:2273} INFO - Setting next_dagrun for analyze_json_data to 2022-06-18 00:00:00+00:00
[2022-06-18 15:58:21,122] {scheduler_job.py:190} INFO - Processing /opt/airflow/dags/dagRun.py took 0.286 seconds
[2022-06-18 15:58:51,976] {scheduler_job.py:182} INFO - Started process (PID=4620) to work on /opt/airflow/dags/dagRun.py
[2022-06-18 15:58:51,977] {scheduler_job.py:629} INFO - Processing file /opt/airflow/dags/dagRun.py for tasks to queue
[2022-06-18 15:58:51,977] {logging_mixin.py:104} INFO - [2022-06-18 15:58:51,977] {dagbag.py:448} INFO - Filling up the DagBag from /opt/airflow/dags/dagRun.py
[2022-06-18 15:58:52,225] {scheduler_job.py:639} INFO - DAG(s) dict_keys(['analyze_json_data']) retrieved from /opt/airflow/dags/dagRun.py
[2022-06-18 15:58:52,240] {logging_mixin.py:104} INFO - [2022-06-18 15:58:52,240] {dag.py:1818} INFO - Sync 1 DAGs
[2022-06-18 15:58:52,251] {logging_mixin.py:104} INFO - [2022-06-18 15:58:52,251] {dag.py:2273} INFO - Setting next_dagrun for analyze_json_data to 2022-06-18 00:00:00+00:00
[2022-06-18 15:58:52,275] {scheduler_job.py:190} INFO - Processing /opt/airflow/dags/dagRun.py took 0.301 seconds
