[2022-04-11 14:33:44,688] {taskinstance.py:851} INFO - Dependencies all met for <TaskInstance: analyze_json_data.getLastProcessedDate 2022-04-11T14:32:59.946213+00:00 [queued]>
[2022-04-11 14:33:44,698] {taskinstance.py:851} INFO - Dependencies all met for <TaskInstance: analyze_json_data.getLastProcessedDate 2022-04-11T14:32:59.946213+00:00 [queued]>
[2022-04-11 14:33:44,699] {taskinstance.py:1042} INFO - 
--------------------------------------------------------------------------------
[2022-04-11 14:33:44,699] {taskinstance.py:1043} INFO - Starting attempt 1 of 4
[2022-04-11 14:33:44,699] {taskinstance.py:1044} INFO - 
--------------------------------------------------------------------------------
[2022-04-11 14:33:44,706] {taskinstance.py:1063} INFO - Executing <Task(PythonOperator): getLastProcessedDate> on 2022-04-11T14:32:59.946213+00:00
[2022-04-11 14:33:44,711] {standard_task_runner.py:52} INFO - Started process 5839 to run task
[2022-04-11 14:33:44,714] {standard_task_runner.py:76} INFO - Running: ['airflow', 'tasks', 'run', 'analyze_json_data', 'getLastProcessedDate', '2022-04-11T14:32:59.946213+00:00', '--job-id', '108', '--pool', 'default_pool', '--raw', '--subdir', 'DAGS_FOLDER/dagRun.py', '--cfg-path', '/tmp/tmpgxjnizm3', '--error-file', '/tmp/tmpa872o8h8']
[2022-04-11 14:33:44,716] {standard_task_runner.py:77} INFO - Job 108: Subtask getLastProcessedDate
[2022-04-11 14:33:44,746] {logging_mixin.py:104} INFO - Running <TaskInstance: analyze_json_data.getLastProcessedDate 2022-04-11T14:32:59.946213+00:00 [running]> on host ac6721d0506b
[2022-04-11 14:33:44,816] {taskinstance.py:1257} INFO - Exporting the following env vars:
AIRFLOW_CTX_DAG_OWNER=Renato_Otescu
AIRFLOW_CTX_DAG_ID=analyze_json_data
AIRFLOW_CTX_TASK_ID=getLastProcessedDate
AIRFLOW_CTX_EXECUTION_DATE=2022-04-11T14:32:59.946213+00:00
AIRFLOW_CTX_DAG_RUN_ID=manual__2022-04-11T14:32:59.946213+00:00
[2022-04-11 14:33:45,200] {python.py:118} INFO - Done. Returned value was: None
[2022-04-11 14:33:45,206] {taskinstance.py:1166} INFO - Marking task as SUCCESS. dag_id=analyze_json_data, task_id=getLastProcessedDate, execution_date=20220411T143259, start_date=20220411T143344, end_date=20220411T143345
[2022-04-11 14:33:45,230] {taskinstance.py:1220} INFO - 1 downstream tasks scheduled from follow-on schedule check
[2022-04-11 14:33:45,245] {local_task_job.py:146} INFO - Task exited with return code 0
