[2022-04-16 01:52:11,904] {taskinstance.py:851} INFO - Dependencies all met for <TaskInstance: analyze_json_data.getLastProcessedDate 2022-04-15T00:00:00+00:00 [queued]>
[2022-04-16 01:52:11,915] {taskinstance.py:851} INFO - Dependencies all met for <TaskInstance: analyze_json_data.getLastProcessedDate 2022-04-15T00:00:00+00:00 [queued]>
[2022-04-16 01:52:11,915] {taskinstance.py:1042} INFO - 
--------------------------------------------------------------------------------
[2022-04-16 01:52:11,915] {taskinstance.py:1043} INFO - Starting attempt 1 of 4
[2022-04-16 01:52:11,915] {taskinstance.py:1044} INFO - 
--------------------------------------------------------------------------------
[2022-04-16 01:52:11,920] {taskinstance.py:1063} INFO - Executing <Task(PythonOperator): getLastProcessedDate> on 2022-04-15T00:00:00+00:00
[2022-04-16 01:52:11,924] {standard_task_runner.py:52} INFO - Started process 263 to run task
[2022-04-16 01:52:11,925] {standard_task_runner.py:76} INFO - Running: ['airflow', 'tasks', 'run', 'analyze_json_data', 'getLastProcessedDate', '2022-04-15T00:00:00+00:00', '--job-id', '170', '--pool', 'default_pool', '--raw', '--subdir', 'DAGS_FOLDER/dagRun.py', '--cfg-path', '/tmp/tmppcyw2nry', '--error-file', '/tmp/tmpdf3mg3og']
[2022-04-16 01:52:11,927] {standard_task_runner.py:77} INFO - Job 170: Subtask getLastProcessedDate
[2022-04-16 01:52:11,957] {logging_mixin.py:104} INFO - Running <TaskInstance: analyze_json_data.getLastProcessedDate 2022-04-15T00:00:00+00:00 [running]> on host 184ae5fa8a0d
[2022-04-16 01:52:11,991] {taskinstance.py:1257} INFO - Exporting the following env vars:
AIRFLOW_CTX_DAG_OWNER=Renato_Otescu
AIRFLOW_CTX_DAG_ID=analyze_json_data
AIRFLOW_CTX_TASK_ID=getLastProcessedDate
AIRFLOW_CTX_EXECUTION_DATE=2022-04-15T00:00:00+00:00
AIRFLOW_CTX_DAG_RUN_ID=scheduled__2022-04-15T00:00:00+00:00
[2022-04-16 01:52:13,289] {python.py:118} INFO - Done. Returned value was: None
[2022-04-16 01:52:13,296] {taskinstance.py:1166} INFO - Marking task as SUCCESS. dag_id=analyze_json_data, task_id=getLastProcessedDate, execution_date=20220415T000000, start_date=20220416T015211, end_date=20220416T015213
[2022-04-16 01:52:13,317] {taskinstance.py:1220} INFO - 1 downstream tasks scheduled from follow-on schedule check
[2022-04-16 01:52:13,340] {local_task_job.py:146} INFO - Task exited with return code 0
