[2022-04-11 14:33:45,736] {taskinstance.py:851} INFO - Dependencies all met for <TaskInstance: analyze_json_data.getDate 2022-04-11T14:32:59.946213+00:00 [queued]>
[2022-04-11 14:33:45,748] {taskinstance.py:851} INFO - Dependencies all met for <TaskInstance: analyze_json_data.getDate 2022-04-11T14:32:59.946213+00:00 [queued]>
[2022-04-11 14:33:45,748] {taskinstance.py:1042} INFO - 
--------------------------------------------------------------------------------
[2022-04-11 14:33:45,748] {taskinstance.py:1043} INFO - Starting attempt 1 of 4
[2022-04-11 14:33:45,748] {taskinstance.py:1044} INFO - 
--------------------------------------------------------------------------------
[2022-04-11 14:33:45,754] {taskinstance.py:1063} INFO - Executing <Task(BranchPythonOperator): getDate> on 2022-04-11T14:32:59.946213+00:00
[2022-04-11 14:33:45,758] {standard_task_runner.py:52} INFO - Started process 5843 to run task
[2022-04-11 14:33:45,760] {standard_task_runner.py:76} INFO - Running: ['airflow', 'tasks', 'run', 'analyze_json_data', 'getDate', '2022-04-11T14:32:59.946213+00:00', '--job-id', '110', '--pool', 'default_pool', '--raw', '--subdir', 'DAGS_FOLDER/dagRun.py', '--cfg-path', '/tmp/tmp0jsgg9jm', '--error-file', '/tmp/tmp3beqn7b0']
[2022-04-11 14:33:45,761] {standard_task_runner.py:77} INFO - Job 110: Subtask getDate
[2022-04-11 14:33:45,792] {logging_mixin.py:104} INFO - Running <TaskInstance: analyze_json_data.getDate 2022-04-11T14:32:59.946213+00:00 [running]> on host ac6721d0506b
[2022-04-11 14:33:45,819] {taskinstance.py:1257} INFO - Exporting the following env vars:
AIRFLOW_CTX_DAG_OWNER=Renato_Otescu
AIRFLOW_CTX_DAG_ID=analyze_json_data
AIRFLOW_CTX_TASK_ID=getDate
AIRFLOW_CTX_EXECUTION_DATE=2022-04-11T14:32:59.946213+00:00
AIRFLOW_CTX_DAG_RUN_ID=manual__2022-04-11T14:32:59.946213+00:00
[2022-04-11 14:33:45,825] {python.py:118} INFO - Done. Returned value was: parseJsonFile
[2022-04-11 14:33:45,825] {skipmixin.py:124} INFO - Following branch parseJsonFile
[2022-04-11 14:33:45,830] {skipmixin.py:155} INFO - Skipping tasks []
[2022-04-11 14:33:45,852] {taskinstance.py:1166} INFO - Marking task as SUCCESS. dag_id=analyze_json_data, task_id=getDate, execution_date=20220411T143259, start_date=20220411T143345, end_date=20220411T143345
[2022-04-11 14:33:45,877] {taskinstance.py:1220} INFO - 1 downstream tasks scheduled from follow-on schedule check
[2022-04-11 14:33:45,891] {local_task_job.py:146} INFO - Task exited with return code 0
