[2022-04-11 15:25:19,837] {taskinstance.py:851} INFO - Dependencies all met for <TaskInstance: analyze_json_data.parseJsonFile 2022-04-11T15:23:36.252209+00:00 [queued]>
[2022-04-11 15:25:19,846] {taskinstance.py:851} INFO - Dependencies all met for <TaskInstance: analyze_json_data.parseJsonFile 2022-04-11T15:23:36.252209+00:00 [queued]>
[2022-04-11 15:25:19,846] {taskinstance.py:1042} INFO - 
--------------------------------------------------------------------------------
[2022-04-11 15:25:19,846] {taskinstance.py:1043} INFO - Starting attempt 3 of 4
[2022-04-11 15:25:19,846] {taskinstance.py:1044} INFO - 
--------------------------------------------------------------------------------
[2022-04-11 15:25:19,854] {taskinstance.py:1063} INFO - Executing <Task(BranchPythonOperator): parseJsonFile> on 2022-04-11T15:23:36.252209+00:00
[2022-04-11 15:25:19,858] {standard_task_runner.py:52} INFO - Started process 308 to run task
[2022-04-11 15:25:19,860] {standard_task_runner.py:76} INFO - Running: ['airflow', 'tasks', 'run', 'analyze_json_data', 'parseJsonFile', '2022-04-11T15:23:36.252209+00:00', '--job-id', '154', '--pool', 'default_pool', '--raw', '--subdir', 'DAGS_FOLDER/dagRun.py', '--cfg-path', '/tmp/tmp0r3fvmo_', '--error-file', '/tmp/tmprrqk33j9']
[2022-04-11 15:25:19,863] {standard_task_runner.py:77} INFO - Job 154: Subtask parseJsonFile
[2022-04-11 15:25:19,888] {logging_mixin.py:104} INFO - Running <TaskInstance: analyze_json_data.parseJsonFile 2022-04-11T15:23:36.252209+00:00 [running]> on host 184ae5fa8a0d
[2022-04-11 15:25:19,917] {taskinstance.py:1257} INFO - Exporting the following env vars:
AIRFLOW_CTX_DAG_OWNER=Renato_Otescu
AIRFLOW_CTX_DAG_ID=analyze_json_data
AIRFLOW_CTX_TASK_ID=parseJsonFile
AIRFLOW_CTX_EXECUTION_DATE=2022-04-11T15:23:36.252209+00:00
AIRFLOW_CTX_DAG_RUN_ID=manual__2022-04-11T15:23:36.252209+00:00
[2022-04-11 15:25:19,931] {s3.py:793} INFO - Downloading source S3 file from Bucket airflow-raw with path countyData.json
[2022-04-11 15:25:19,932] {base_aws.py:362} INFO - Airflow Connection: aws_conn_id=aws_default
[2022-04-11 15:25:19,932] {crypto.py:82} WARNING - empty cryptography key - values will not be stored encrypted.
[2022-04-11 15:25:19,933] {base_aws.py:171} INFO - Credentials retrieved from extra_config['s3_config_file']
[2022-04-11 15:25:19,933] {base_aws.py:81} INFO - Creating session with aws_access_key_id=AKIA2RNRZHIUSS5EYBCG region_name=None
[2022-04-11 15:25:19,941] {base_aws.py:151} INFO - role_arn is None
[2022-04-11 15:25:20,610] {base_aws.py:362} INFO - Airflow Connection: aws_conn_id=aws_default
[2022-04-11 15:25:20,612] {base_aws.py:171} INFO - Credentials retrieved from extra_config['s3_config_file']
[2022-04-11 15:25:20,612] {base_aws.py:81} INFO - Creating session with aws_access_key_id=AKIA2RNRZHIUSS5EYBCG region_name=None
[2022-04-11 15:25:20,625] {base_aws.py:151} INFO - role_arn is None
[2022-04-11 15:25:26,977] {python.py:118} INFO - Done. Returned value was: processParsedData
[2022-04-11 15:25:26,978] {skipmixin.py:124} INFO - Following branch processParsedData
[2022-04-11 15:25:26,985] {skipmixin.py:155} INFO - Skipping tasks []
[2022-04-11 15:25:27,006] {taskinstance.py:1166} INFO - Marking task as SUCCESS. dag_id=analyze_json_data, task_id=parseJsonFile, execution_date=20220411T152336, start_date=20220411T152519, end_date=20220411T152527
[2022-04-11 15:25:27,034] {taskinstance.py:1220} INFO - 1 downstream tasks scheduled from follow-on schedule check
[2022-04-11 15:25:27,076] {local_task_job.py:146} INFO - Task exited with return code 0
