[2022-04-11 09:41:56,637] {taskinstance.py:851} INFO - Dependencies all met for <TaskInstance: analyze_json_data.getDate 2022-04-11T09:27:03.154703+00:00 [queued]>
[2022-04-11 09:41:56,648] {taskinstance.py:851} INFO - Dependencies all met for <TaskInstance: analyze_json_data.getDate 2022-04-11T09:27:03.154703+00:00 [queued]>
[2022-04-11 09:41:56,648] {taskinstance.py:1042} INFO - 
--------------------------------------------------------------------------------
[2022-04-11 09:41:56,648] {taskinstance.py:1043} INFO - Starting attempt 1 of 4
[2022-04-11 09:41:56,648] {taskinstance.py:1044} INFO - 
--------------------------------------------------------------------------------
[2022-04-11 09:41:56,654] {taskinstance.py:1063} INFO - Executing <Task(BranchPythonOperator): getDate> on 2022-04-11T09:27:03.154703+00:00
[2022-04-11 09:41:56,657] {standard_task_runner.py:52} INFO - Started process 447 to run task
[2022-04-11 09:41:56,660] {standard_task_runner.py:76} INFO - Running: ['airflow', 'tasks', 'run', 'analyze_json_data', 'getDate', '2022-04-11T09:27:03.154703+00:00', '--job-id', '71', '--pool', 'default_pool', '--raw', '--subdir', 'DAGS_FOLDER/dagRun.py', '--cfg-path', '/tmp/tmprfw1bnjc', '--error-file', '/tmp/tmpypn7vqga']
[2022-04-11 09:41:56,662] {standard_task_runner.py:77} INFO - Job 71: Subtask getDate
[2022-04-11 09:41:56,690] {logging_mixin.py:104} INFO - Running <TaskInstance: analyze_json_data.getDate 2022-04-11T09:27:03.154703+00:00 [running]> on host bde73782e253
[2022-04-11 09:41:56,718] {taskinstance.py:1257} INFO - Exporting the following env vars:
AIRFLOW_CTX_DAG_OWNER=Renato_Otescu
AIRFLOW_CTX_DAG_ID=analyze_json_data
AIRFLOW_CTX_TASK_ID=getDate
AIRFLOW_CTX_EXECUTION_DATE=2022-04-11T09:27:03.154703+00:00
AIRFLOW_CTX_DAG_RUN_ID=manual__2022-04-11T09:27:03.154703+00:00
[2022-04-11 09:41:56,725] {python.py:118} INFO - Done. Returned value was: endRun
[2022-04-11 09:41:56,725] {skipmixin.py:124} INFO - Following branch endRun
[2022-04-11 09:41:56,731] {skipmixin.py:155} INFO - Skipping tasks ['parseJsonFile']
[2022-04-11 09:41:56,752] {taskinstance.py:1166} INFO - Marking task as SUCCESS. dag_id=analyze_json_data, task_id=getDate, execution_date=20220411T092703, start_date=20220411T094156, end_date=20220411T094156
[2022-04-11 09:41:56,774] {taskinstance.py:1220} INFO - 0 downstream tasks scheduled from follow-on schedule check
[2022-04-11 09:41:56,790] {local_task_job.py:146} INFO - Task exited with return code 0
