[2022-04-11 15:25:56,481] {taskinstance.py:851} INFO - Dependencies all met for <TaskInstance: analyze_json_data.processParsedData 2022-04-11T15:25:45.726543+00:00 [queued]>
[2022-04-11 15:25:56,488] {taskinstance.py:851} INFO - Dependencies all met for <TaskInstance: analyze_json_data.processParsedData 2022-04-11T15:25:45.726543+00:00 [queued]>
[2022-04-11 15:25:56,488] {taskinstance.py:1042} INFO - 
--------------------------------------------------------------------------------
[2022-04-11 15:25:56,488] {taskinstance.py:1043} INFO - Starting attempt 1 of 4
[2022-04-11 15:25:56,488] {taskinstance.py:1044} INFO - 
--------------------------------------------------------------------------------
[2022-04-11 15:25:56,497] {taskinstance.py:1063} INFO - Executing <Task(BashOperator): processParsedData> on 2022-04-11T15:25:45.726543+00:00
[2022-04-11 15:25:56,502] {standard_task_runner.py:52} INFO - Started process 686 to run task
[2022-04-11 15:25:56,504] {standard_task_runner.py:76} INFO - Running: ['airflow', 'tasks', 'run', 'analyze_json_data', 'processParsedData', '2022-04-11T15:25:45.726543+00:00', '--job-id', '160', '--pool', 'default_pool', '--raw', '--subdir', 'DAGS_FOLDER/dagRun.py', '--cfg-path', '/tmp/tmpfvqpd8wc', '--error-file', '/tmp/tmp9hor7vmq']
[2022-04-11 15:25:56,507] {standard_task_runner.py:77} INFO - Job 160: Subtask processParsedData
[2022-04-11 15:25:56,534] {logging_mixin.py:104} INFO - Running <TaskInstance: analyze_json_data.processParsedData 2022-04-11T15:25:45.726543+00:00 [running]> on host 184ae5fa8a0d
[2022-04-11 15:25:56,560] {taskinstance.py:1257} INFO - Exporting the following env vars:
AIRFLOW_CTX_DAG_OWNER=Renato_Otescu
AIRFLOW_CTX_DAG_ID=analyze_json_data
AIRFLOW_CTX_TASK_ID=processParsedData
AIRFLOW_CTX_EXECUTION_DATE=2022-04-11T15:25:45.726543+00:00
AIRFLOW_CTX_DAG_RUN_ID=manual__2022-04-11T15:25:45.726543+00:00
[2022-04-11 15:25:56,560] {bash.py:135} INFO - Tmp dir root location: 
 /tmp
[2022-04-11 15:25:56,561] {bash.py:158} INFO - Running command: python /opt/airflow/sparkFiles/sparkProcess.py
[2022-04-11 15:25:56,569] {bash.py:169} INFO - Output:
[2022-04-11 15:25:57,747] {bash.py:173} INFO - WARNING: An illegal reflective access operation has occurred
[2022-04-11 15:25:57,747] {bash.py:173} INFO - WARNING: Illegal reflective access by org.apache.spark.unsafe.Platform (file:/home/airflow/.local/lib/python3.6/site-packages/pyspark/jars/spark-unsafe_2.12-3.2.1.jar) to constructor java.nio.DirectByteBuffer(long,int)
[2022-04-11 15:25:57,747] {bash.py:173} INFO - WARNING: Please consider reporting this to the maintainers of org.apache.spark.unsafe.Platform
[2022-04-11 15:25:57,747] {bash.py:173} INFO - WARNING: Use --illegal-access=warn to enable warnings of further illegal reflective access operations
[2022-04-11 15:25:57,748] {bash.py:173} INFO - WARNING: All illegal access operations will be denied in a future release
[2022-04-11 15:25:57,942] {bash.py:173} INFO - Using Spark's default log4j profile: org/apache/spark/log4j-defaults.properties
[2022-04-11 15:25:57,942] {bash.py:173} INFO - Setting default log level to "WARN".
[2022-04-11 15:25:57,942] {bash.py:173} INFO - To adjust logging level use sc.setLogLevel(newLevel). For SparkR, use setLogLevel(newLevel).
[2022-04-11 15:25:58,109] {bash.py:173} INFO - 22/04/11 15:25:58 WARN NativeCodeLoader: Unable to load native-hadoop library for your platform... using builtin-java classes where applicable
[2022-04-11 15:26:03,697] {bash.py:173} INFO - 22/04/11 15:26:03 WARN WindowExec: No Partition Defined for Window operation! Moving all data to a single partition, this can cause serious performance degradation.
[2022-04-11 15:26:03,712] {bash.py:173} INFO - 22/04/11 15:26:03 WARN WindowExec: No Partition Defined for Window operation! Moving all data to a single partition, this can cause serious performance degradation.
[2022-04-11 15:26:03,725] {bash.py:173} INFO - 22/04/11 15:26:03 WARN package: Truncated the string representation of a plan since it was too large. This behavior can be adjusted by setting 'spark.sql.debug.maxToStringFields'.
[2022-04-11 15:26:04,022] {bash.py:173} INFO - 22/04/11 15:26:04 WARN WindowExec: No Partition Defined for Window operation! Moving all data to a single partition, this can cause serious performance degradation.
[2022-04-11 15:26:04,526] {bash.py:173} INFO - /home/airflow/.local/lib/python3.6/site-packages/pyspark/context.py:238: FutureWarning: Python 3.6 support is deprecated in Spark 3.2.
[2022-04-11 15:26:04,526] {bash.py:173} INFO -   FutureWarning
[2022-04-11 15:26:04,978] {bash.py:177} INFO - Command exited with return code 0
[2022-04-11 15:26:04,998] {taskinstance.py:1166} INFO - Marking task as SUCCESS. dag_id=analyze_json_data, task_id=processParsedData, execution_date=20220411T152545, start_date=20220411T152556, end_date=20220411T152604
[2022-04-11 15:26:05,021] {taskinstance.py:1220} INFO - 1 downstream tasks scheduled from follow-on schedule check
[2022-04-11 15:26:05,046] {local_task_job.py:146} INFO - Task exited with return code 0
