[2022-04-18 14:37:01,726] {scheduler_job.py:182} INFO - Started process (PID=297) to work on /opt/airflow/dags/dagRun.py
[2022-04-18 14:37:01,726] {scheduler_job.py:629} INFO - Processing file /opt/airflow/dags/dagRun.py for tasks to queue
[2022-04-18 14:37:01,727] {logging_mixin.py:104} INFO - [2022-04-18 14:37:01,727] {dagbag.py:448} INFO - Filling up the DagBag from /opt/airflow/dags/dagRun.py
[2022-04-18 14:37:01,990] {scheduler_job.py:639} INFO - DAG(s) dict_keys(['analyze_json_data']) retrieved from /opt/airflow/dags/dagRun.py
[2022-04-18 14:37:02,003] {logging_mixin.py:104} INFO - [2022-04-18 14:37:02,003] {dag.py:1818} INFO - Sync 1 DAGs
[2022-04-18 14:37:02,016] {logging_mixin.py:104} INFO - [2022-04-18 14:37:02,016] {dag.py:2273} INFO - Setting next_dagrun for analyze_json_data to 2022-04-18 00:00:00+00:00
[2022-04-18 14:37:02,020] {scheduler_job.py:190} INFO - Processing /opt/airflow/dags/dagRun.py took 0.295 seconds
[2022-04-18 14:37:32,816] {scheduler_job.py:182} INFO - Started process (PID=682) to work on /opt/airflow/dags/dagRun.py
[2022-04-18 14:37:32,817] {scheduler_job.py:629} INFO - Processing file /opt/airflow/dags/dagRun.py for tasks to queue
[2022-04-18 14:37:32,817] {logging_mixin.py:104} INFO - [2022-04-18 14:37:32,817] {dagbag.py:448} INFO - Filling up the DagBag from /opt/airflow/dags/dagRun.py
[2022-04-18 14:37:33,070] {scheduler_job.py:639} INFO - DAG(s) dict_keys(['analyze_json_data']) retrieved from /opt/airflow/dags/dagRun.py
[2022-04-18 14:37:33,084] {logging_mixin.py:104} INFO - [2022-04-18 14:37:33,084] {dag.py:1818} INFO - Sync 1 DAGs
[2022-04-18 14:37:33,095] {logging_mixin.py:104} INFO - [2022-04-18 14:37:33,095] {dag.py:2273} INFO - Setting next_dagrun for analyze_json_data to 2022-04-18 00:00:00+00:00
[2022-04-18 14:37:33,098] {scheduler_job.py:190} INFO - Processing /opt/airflow/dags/dagRun.py took 0.285 seconds
[2022-04-18 14:38:03,882] {scheduler_job.py:182} INFO - Started process (PID=821) to work on /opt/airflow/dags/dagRun.py
[2022-04-18 14:38:03,882] {scheduler_job.py:629} INFO - Processing file /opt/airflow/dags/dagRun.py for tasks to queue
[2022-04-18 14:38:03,883] {logging_mixin.py:104} INFO - [2022-04-18 14:38:03,883] {dagbag.py:448} INFO - Filling up the DagBag from /opt/airflow/dags/dagRun.py
[2022-04-18 14:38:04,139] {scheduler_job.py:639} INFO - DAG(s) dict_keys(['analyze_json_data']) retrieved from /opt/airflow/dags/dagRun.py
[2022-04-18 14:38:04,154] {logging_mixin.py:104} INFO - [2022-04-18 14:38:04,154] {dag.py:1818} INFO - Sync 1 DAGs
[2022-04-18 14:38:04,166] {logging_mixin.py:104} INFO - [2022-04-18 14:38:04,166] {dag.py:2273} INFO - Setting next_dagrun for analyze_json_data to 2022-04-18 00:00:00+00:00
[2022-04-18 14:38:04,169] {scheduler_job.py:190} INFO - Processing /opt/airflow/dags/dagRun.py took 0.290 seconds
[2022-04-18 14:38:34,956] {scheduler_job.py:182} INFO - Started process (PID=960) to work on /opt/airflow/dags/dagRun.py
[2022-04-18 14:38:34,957] {scheduler_job.py:629} INFO - Processing file /opt/airflow/dags/dagRun.py for tasks to queue
[2022-04-18 14:38:34,958] {logging_mixin.py:104} INFO - [2022-04-18 14:38:34,958] {dagbag.py:448} INFO - Filling up the DagBag from /opt/airflow/dags/dagRun.py
[2022-04-18 14:38:35,212] {scheduler_job.py:639} INFO - DAG(s) dict_keys(['analyze_json_data']) retrieved from /opt/airflow/dags/dagRun.py
[2022-04-18 14:38:35,226] {logging_mixin.py:104} INFO - [2022-04-18 14:38:35,226] {dag.py:1818} INFO - Sync 1 DAGs
[2022-04-18 14:38:35,238] {logging_mixin.py:104} INFO - [2022-04-18 14:38:35,238] {dag.py:2273} INFO - Setting next_dagrun for analyze_json_data to 2022-04-18 00:00:00+00:00
[2022-04-18 14:38:35,241] {scheduler_job.py:190} INFO - Processing /opt/airflow/dags/dagRun.py took 0.288 seconds
[2022-04-18 14:39:06,044] {scheduler_job.py:182} INFO - Started process (PID=1099) to work on /opt/airflow/dags/dagRun.py
[2022-04-18 14:39:06,045] {scheduler_job.py:629} INFO - Processing file /opt/airflow/dags/dagRun.py for tasks to queue
[2022-04-18 14:39:06,046] {logging_mixin.py:104} INFO - [2022-04-18 14:39:06,046] {dagbag.py:448} INFO - Filling up the DagBag from /opt/airflow/dags/dagRun.py
[2022-04-18 14:39:06,290] {scheduler_job.py:639} INFO - DAG(s) dict_keys(['analyze_json_data']) retrieved from /opt/airflow/dags/dagRun.py
[2022-04-18 14:39:06,304] {logging_mixin.py:104} INFO - [2022-04-18 14:39:06,304] {dag.py:1818} INFO - Sync 1 DAGs
[2022-04-18 14:39:06,316] {logging_mixin.py:104} INFO - [2022-04-18 14:39:06,316] {dag.py:2273} INFO - Setting next_dagrun for analyze_json_data to 2022-04-18 00:00:00+00:00
[2022-04-18 14:39:06,319] {scheduler_job.py:190} INFO - Processing /opt/airflow/dags/dagRun.py took 0.277 seconds
[2022-04-18 14:39:37,116] {scheduler_job.py:182} INFO - Started process (PID=1234) to work on /opt/airflow/dags/dagRun.py
[2022-04-18 14:39:37,117] {scheduler_job.py:629} INFO - Processing file /opt/airflow/dags/dagRun.py for tasks to queue
[2022-04-18 14:39:37,118] {logging_mixin.py:104} INFO - [2022-04-18 14:39:37,118] {dagbag.py:448} INFO - Filling up the DagBag from /opt/airflow/dags/dagRun.py
[2022-04-18 14:39:37,363] {scheduler_job.py:639} INFO - DAG(s) dict_keys(['analyze_json_data']) retrieved from /opt/airflow/dags/dagRun.py
[2022-04-18 14:39:37,377] {logging_mixin.py:104} INFO - [2022-04-18 14:39:37,377] {dag.py:1818} INFO - Sync 1 DAGs
[2022-04-18 14:39:37,389] {logging_mixin.py:104} INFO - [2022-04-18 14:39:37,389] {dag.py:2273} INFO - Setting next_dagrun for analyze_json_data to 2022-04-18 00:00:00+00:00
[2022-04-18 14:39:37,392] {scheduler_job.py:190} INFO - Processing /opt/airflow/dags/dagRun.py took 0.278 seconds
[2022-04-18 14:40:08,149] {scheduler_job.py:182} INFO - Started process (PID=1369) to work on /opt/airflow/dags/dagRun.py
[2022-04-18 14:40:08,150] {scheduler_job.py:629} INFO - Processing file /opt/airflow/dags/dagRun.py for tasks to queue
[2022-04-18 14:40:08,150] {logging_mixin.py:104} INFO - [2022-04-18 14:40:08,150] {dagbag.py:448} INFO - Filling up the DagBag from /opt/airflow/dags/dagRun.py
[2022-04-18 14:40:08,400] {scheduler_job.py:639} INFO - DAG(s) dict_keys(['analyze_json_data']) retrieved from /opt/airflow/dags/dagRun.py
[2022-04-18 14:40:08,415] {logging_mixin.py:104} INFO - [2022-04-18 14:40:08,415] {dag.py:1818} INFO - Sync 1 DAGs
[2022-04-18 14:40:08,426] {logging_mixin.py:104} INFO - [2022-04-18 14:40:08,426] {dag.py:2273} INFO - Setting next_dagrun for analyze_json_data to 2022-04-18 00:00:00+00:00
[2022-04-18 14:40:08,429] {scheduler_job.py:190} INFO - Processing /opt/airflow/dags/dagRun.py took 0.282 seconds
[2022-04-18 14:40:38,933] {scheduler_job.py:182} INFO - Started process (PID=1504) to work on /opt/airflow/dags/dagRun.py
[2022-04-18 14:40:38,934] {scheduler_job.py:629} INFO - Processing file /opt/airflow/dags/dagRun.py for tasks to queue
[2022-04-18 14:40:38,935] {logging_mixin.py:104} INFO - [2022-04-18 14:40:38,935] {dagbag.py:448} INFO - Filling up the DagBag from /opt/airflow/dags/dagRun.py
[2022-04-18 14:40:39,188] {scheduler_job.py:639} INFO - DAG(s) dict_keys(['analyze_json_data']) retrieved from /opt/airflow/dags/dagRun.py
[2022-04-18 14:40:39,201] {logging_mixin.py:104} INFO - [2022-04-18 14:40:39,201] {dag.py:1818} INFO - Sync 1 DAGs
[2022-04-18 14:40:39,213] {logging_mixin.py:104} INFO - [2022-04-18 14:40:39,213] {dag.py:2273} INFO - Setting next_dagrun for analyze_json_data to 2022-04-18 00:00:00+00:00
[2022-04-18 14:40:39,217] {scheduler_job.py:190} INFO - Processing /opt/airflow/dags/dagRun.py took 0.286 seconds
[2022-04-18 14:41:09,891] {scheduler_job.py:182} INFO - Started process (PID=1639) to work on /opt/airflow/dags/dagRun.py
[2022-04-18 14:41:09,892] {scheduler_job.py:629} INFO - Processing file /opt/airflow/dags/dagRun.py for tasks to queue
[2022-04-18 14:41:09,892] {logging_mixin.py:104} INFO - [2022-04-18 14:41:09,892] {dagbag.py:448} INFO - Filling up the DagBag from /opt/airflow/dags/dagRun.py
[2022-04-18 14:41:10,146] {scheduler_job.py:639} INFO - DAG(s) dict_keys(['analyze_json_data']) retrieved from /opt/airflow/dags/dagRun.py
[2022-04-18 14:41:10,155] {logging_mixin.py:104} INFO - [2022-04-18 14:41:10,155] {dag.py:1818} INFO - Sync 1 DAGs
[2022-04-18 14:41:10,168] {logging_mixin.py:104} INFO - [2022-04-18 14:41:10,168] {dag.py:2273} INFO - Setting next_dagrun for analyze_json_data to 2022-04-18 00:00:00+00:00
[2022-04-18 14:41:10,171] {scheduler_job.py:190} INFO - Processing /opt/airflow/dags/dagRun.py took 0.282 seconds
[2022-04-18 14:41:40,532] {scheduler_job.py:182} INFO - Started process (PID=1774) to work on /opt/airflow/dags/dagRun.py
[2022-04-18 14:41:40,532] {scheduler_job.py:629} INFO - Processing file /opt/airflow/dags/dagRun.py for tasks to queue
[2022-04-18 14:41:40,533] {logging_mixin.py:104} INFO - [2022-04-18 14:41:40,533] {dagbag.py:448} INFO - Filling up the DagBag from /opt/airflow/dags/dagRun.py
[2022-04-18 14:41:40,779] {scheduler_job.py:639} INFO - DAG(s) dict_keys(['analyze_json_data']) retrieved from /opt/airflow/dags/dagRun.py
[2022-04-18 14:41:40,793] {logging_mixin.py:104} INFO - [2022-04-18 14:41:40,793] {dag.py:1818} INFO - Sync 1 DAGs
[2022-04-18 14:41:40,804] {logging_mixin.py:104} INFO - [2022-04-18 14:41:40,804] {dag.py:2273} INFO - Setting next_dagrun for analyze_json_data to 2022-04-18 00:00:00+00:00
[2022-04-18 14:41:40,807] {scheduler_job.py:190} INFO - Processing /opt/airflow/dags/dagRun.py took 0.276 seconds
[2022-04-18 14:42:11,253] {scheduler_job.py:182} INFO - Started process (PID=1909) to work on /opt/airflow/dags/dagRun.py
[2022-04-18 14:42:11,253] {scheduler_job.py:629} INFO - Processing file /opt/airflow/dags/dagRun.py for tasks to queue
[2022-04-18 14:42:11,254] {logging_mixin.py:104} INFO - [2022-04-18 14:42:11,254] {dagbag.py:448} INFO - Filling up the DagBag from /opt/airflow/dags/dagRun.py
[2022-04-18 14:42:11,503] {scheduler_job.py:639} INFO - DAG(s) dict_keys(['analyze_json_data']) retrieved from /opt/airflow/dags/dagRun.py
[2022-04-18 14:42:11,513] {logging_mixin.py:104} INFO - [2022-04-18 14:42:11,513] {dag.py:1818} INFO - Sync 1 DAGs
[2022-04-18 14:42:11,525] {logging_mixin.py:104} INFO - [2022-04-18 14:42:11,525] {dag.py:2273} INFO - Setting next_dagrun for analyze_json_data to 2022-04-18 00:00:00+00:00
[2022-04-18 14:42:11,528] {scheduler_job.py:190} INFO - Processing /opt/airflow/dags/dagRun.py took 0.278 seconds
[2022-04-18 14:42:41,976] {scheduler_job.py:182} INFO - Started process (PID=2044) to work on /opt/airflow/dags/dagRun.py
[2022-04-18 14:42:41,977] {scheduler_job.py:629} INFO - Processing file /opt/airflow/dags/dagRun.py for tasks to queue
[2022-04-18 14:42:41,977] {logging_mixin.py:104} INFO - [2022-04-18 14:42:41,977] {dagbag.py:448} INFO - Filling up the DagBag from /opt/airflow/dags/dagRun.py
[2022-04-18 14:42:42,238] {scheduler_job.py:639} INFO - DAG(s) dict_keys(['analyze_json_data']) retrieved from /opt/airflow/dags/dagRun.py
[2022-04-18 14:42:42,252] {logging_mixin.py:104} INFO - [2022-04-18 14:42:42,252] {dag.py:1818} INFO - Sync 1 DAGs
[2022-04-18 14:42:42,263] {logging_mixin.py:104} INFO - [2022-04-18 14:42:42,263] {dag.py:2273} INFO - Setting next_dagrun for analyze_json_data to 2022-04-18 00:00:00+00:00
[2022-04-18 14:42:42,266] {scheduler_job.py:190} INFO - Processing /opt/airflow/dags/dagRun.py took 0.292 seconds
[2022-04-18 14:43:12,771] {scheduler_job.py:182} INFO - Started process (PID=2179) to work on /opt/airflow/dags/dagRun.py
[2022-04-18 14:43:12,771] {scheduler_job.py:629} INFO - Processing file /opt/airflow/dags/dagRun.py for tasks to queue
[2022-04-18 14:43:12,772] {logging_mixin.py:104} INFO - [2022-04-18 14:43:12,772] {dagbag.py:448} INFO - Filling up the DagBag from /opt/airflow/dags/dagRun.py
[2022-04-18 14:43:13,024] {scheduler_job.py:639} INFO - DAG(s) dict_keys(['analyze_json_data']) retrieved from /opt/airflow/dags/dagRun.py
[2022-04-18 14:43:13,038] {logging_mixin.py:104} INFO - [2022-04-18 14:43:13,038] {dag.py:1818} INFO - Sync 1 DAGs
[2022-04-18 14:43:13,048] {logging_mixin.py:104} INFO - [2022-04-18 14:43:13,048] {dag.py:2273} INFO - Setting next_dagrun for analyze_json_data to 2022-04-18 00:00:00+00:00
[2022-04-18 14:43:13,051] {scheduler_job.py:190} INFO - Processing /opt/airflow/dags/dagRun.py took 0.282 seconds
[2022-04-18 14:43:43,464] {scheduler_job.py:182} INFO - Started process (PID=2314) to work on /opt/airflow/dags/dagRun.py
[2022-04-18 14:43:43,465] {scheduler_job.py:629} INFO - Processing file /opt/airflow/dags/dagRun.py for tasks to queue
[2022-04-18 14:43:43,465] {logging_mixin.py:104} INFO - [2022-04-18 14:43:43,465] {dagbag.py:448} INFO - Filling up the DagBag from /opt/airflow/dags/dagRun.py
[2022-04-18 14:43:43,714] {scheduler_job.py:639} INFO - DAG(s) dict_keys(['analyze_json_data']) retrieved from /opt/airflow/dags/dagRun.py
[2022-04-18 14:43:43,726] {logging_mixin.py:104} INFO - [2022-04-18 14:43:43,726] {dag.py:1818} INFO - Sync 1 DAGs
[2022-04-18 14:43:43,737] {logging_mixin.py:104} INFO - [2022-04-18 14:43:43,737] {dag.py:2273} INFO - Setting next_dagrun for analyze_json_data to 2022-04-18 00:00:00+00:00
[2022-04-18 14:43:43,740] {scheduler_job.py:190} INFO - Processing /opt/airflow/dags/dagRun.py took 0.278 seconds
[2022-04-18 14:44:14,131] {scheduler_job.py:182} INFO - Started process (PID=2449) to work on /opt/airflow/dags/dagRun.py
[2022-04-18 14:44:14,132] {scheduler_job.py:629} INFO - Processing file /opt/airflow/dags/dagRun.py for tasks to queue
[2022-04-18 14:44:14,132] {logging_mixin.py:104} INFO - [2022-04-18 14:44:14,132] {dagbag.py:448} INFO - Filling up the DagBag from /opt/airflow/dags/dagRun.py
[2022-04-18 14:44:14,380] {scheduler_job.py:639} INFO - DAG(s) dict_keys(['analyze_json_data']) retrieved from /opt/airflow/dags/dagRun.py
[2022-04-18 14:44:14,393] {logging_mixin.py:104} INFO - [2022-04-18 14:44:14,393] {dag.py:1818} INFO - Sync 1 DAGs
[2022-04-18 14:44:14,403] {logging_mixin.py:104} INFO - [2022-04-18 14:44:14,403] {dag.py:2273} INFO - Setting next_dagrun for analyze_json_data to 2022-04-18 00:00:00+00:00
[2022-04-18 14:44:14,407] {scheduler_job.py:190} INFO - Processing /opt/airflow/dags/dagRun.py took 0.278 seconds
[2022-04-18 14:44:44,807] {scheduler_job.py:182} INFO - Started process (PID=2584) to work on /opt/airflow/dags/dagRun.py
[2022-04-18 14:44:44,808] {scheduler_job.py:629} INFO - Processing file /opt/airflow/dags/dagRun.py for tasks to queue
[2022-04-18 14:44:44,808] {logging_mixin.py:104} INFO - [2022-04-18 14:44:44,808] {dagbag.py:448} INFO - Filling up the DagBag from /opt/airflow/dags/dagRun.py
[2022-04-18 14:44:45,055] {scheduler_job.py:639} INFO - DAG(s) dict_keys(['analyze_json_data']) retrieved from /opt/airflow/dags/dagRun.py
[2022-04-18 14:44:45,066] {logging_mixin.py:104} INFO - [2022-04-18 14:44:45,066] {dag.py:1818} INFO - Sync 1 DAGs
[2022-04-18 14:44:45,079] {logging_mixin.py:104} INFO - [2022-04-18 14:44:45,079] {dag.py:2273} INFO - Setting next_dagrun for analyze_json_data to 2022-04-18 00:00:00+00:00
[2022-04-18 14:44:45,082] {scheduler_job.py:190} INFO - Processing /opt/airflow/dags/dagRun.py took 0.277 seconds
[2022-04-18 14:45:15,499] {scheduler_job.py:182} INFO - Started process (PID=2719) to work on /opt/airflow/dags/dagRun.py
[2022-04-18 14:45:15,500] {scheduler_job.py:629} INFO - Processing file /opt/airflow/dags/dagRun.py for tasks to queue
[2022-04-18 14:45:15,501] {logging_mixin.py:104} INFO - [2022-04-18 14:45:15,501] {dagbag.py:448} INFO - Filling up the DagBag from /opt/airflow/dags/dagRun.py
[2022-04-18 14:45:15,749] {scheduler_job.py:639} INFO - DAG(s) dict_keys(['analyze_json_data']) retrieved from /opt/airflow/dags/dagRun.py
[2022-04-18 14:45:15,763] {logging_mixin.py:104} INFO - [2022-04-18 14:45:15,763] {dag.py:1818} INFO - Sync 1 DAGs
[2022-04-18 14:45:15,774] {logging_mixin.py:104} INFO - [2022-04-18 14:45:15,774] {dag.py:2273} INFO - Setting next_dagrun for analyze_json_data to 2022-04-18 00:00:00+00:00
[2022-04-18 14:45:15,778] {scheduler_job.py:190} INFO - Processing /opt/airflow/dags/dagRun.py took 0.281 seconds
[2022-04-18 14:45:46,270] {scheduler_job.py:182} INFO - Started process (PID=2854) to work on /opt/airflow/dags/dagRun.py
[2022-04-18 14:45:46,270] {scheduler_job.py:629} INFO - Processing file /opt/airflow/dags/dagRun.py for tasks to queue
[2022-04-18 14:45:46,271] {logging_mixin.py:104} INFO - [2022-04-18 14:45:46,271] {dagbag.py:448} INFO - Filling up the DagBag from /opt/airflow/dags/dagRun.py
[2022-04-18 14:45:46,524] {scheduler_job.py:639} INFO - DAG(s) dict_keys(['analyze_json_data']) retrieved from /opt/airflow/dags/dagRun.py
[2022-04-18 14:45:46,534] {logging_mixin.py:104} INFO - [2022-04-18 14:45:46,534] {dag.py:1818} INFO - Sync 1 DAGs
[2022-04-18 14:45:46,547] {logging_mixin.py:104} INFO - [2022-04-18 14:45:46,546] {dag.py:2273} INFO - Setting next_dagrun for analyze_json_data to 2022-04-18 00:00:00+00:00
[2022-04-18 14:45:46,550] {scheduler_job.py:190} INFO - Processing /opt/airflow/dags/dagRun.py took 0.282 seconds
[2022-04-18 14:46:16,913] {scheduler_job.py:182} INFO - Started process (PID=2989) to work on /opt/airflow/dags/dagRun.py
[2022-04-18 14:46:16,913] {scheduler_job.py:629} INFO - Processing file /opt/airflow/dags/dagRun.py for tasks to queue
[2022-04-18 14:46:16,914] {logging_mixin.py:104} INFO - [2022-04-18 14:46:16,914] {dagbag.py:448} INFO - Filling up the DagBag from /opt/airflow/dags/dagRun.py
[2022-04-18 14:46:17,172] {scheduler_job.py:639} INFO - DAG(s) dict_keys(['analyze_json_data']) retrieved from /opt/airflow/dags/dagRun.py
[2022-04-18 14:46:17,186] {logging_mixin.py:104} INFO - [2022-04-18 14:46:17,186] {dag.py:1818} INFO - Sync 1 DAGs
[2022-04-18 14:46:17,197] {logging_mixin.py:104} INFO - [2022-04-18 14:46:17,197] {dag.py:2273} INFO - Setting next_dagrun for analyze_json_data to 2022-04-18 00:00:00+00:00
[2022-04-18 14:46:17,200] {scheduler_job.py:190} INFO - Processing /opt/airflow/dags/dagRun.py took 0.290 seconds
[2022-04-18 14:46:47,617] {scheduler_job.py:182} INFO - Started process (PID=3124) to work on /opt/airflow/dags/dagRun.py
[2022-04-18 14:46:47,617] {scheduler_job.py:629} INFO - Processing file /opt/airflow/dags/dagRun.py for tasks to queue
[2022-04-18 14:46:47,618] {logging_mixin.py:104} INFO - [2022-04-18 14:46:47,618] {dagbag.py:448} INFO - Filling up the DagBag from /opt/airflow/dags/dagRun.py
[2022-04-18 14:46:47,870] {scheduler_job.py:639} INFO - DAG(s) dict_keys(['analyze_json_data']) retrieved from /opt/airflow/dags/dagRun.py
[2022-04-18 14:46:47,880] {logging_mixin.py:104} INFO - [2022-04-18 14:46:47,880] {dag.py:1818} INFO - Sync 1 DAGs
[2022-04-18 14:46:47,893] {logging_mixin.py:104} INFO - [2022-04-18 14:46:47,893] {dag.py:2273} INFO - Setting next_dagrun for analyze_json_data to 2022-04-18 00:00:00+00:00
[2022-04-18 14:46:47,896] {scheduler_job.py:190} INFO - Processing /opt/airflow/dags/dagRun.py took 0.282 seconds
[2022-04-18 14:47:18,298] {scheduler_job.py:182} INFO - Started process (PID=3259) to work on /opt/airflow/dags/dagRun.py
[2022-04-18 14:47:18,299] {scheduler_job.py:629} INFO - Processing file /opt/airflow/dags/dagRun.py for tasks to queue
[2022-04-18 14:47:18,299] {logging_mixin.py:104} INFO - [2022-04-18 14:47:18,299] {dagbag.py:448} INFO - Filling up the DagBag from /opt/airflow/dags/dagRun.py
[2022-04-18 14:47:18,552] {scheduler_job.py:639} INFO - DAG(s) dict_keys(['analyze_json_data']) retrieved from /opt/airflow/dags/dagRun.py
[2022-04-18 14:47:18,566] {logging_mixin.py:104} INFO - [2022-04-18 14:47:18,566] {dag.py:1818} INFO - Sync 1 DAGs
[2022-04-18 14:47:18,582] {logging_mixin.py:104} INFO - [2022-04-18 14:47:18,582] {dag.py:2273} INFO - Setting next_dagrun for analyze_json_data to 2022-04-18 00:00:00+00:00
[2022-04-18 14:47:18,585] {scheduler_job.py:190} INFO - Processing /opt/airflow/dags/dagRun.py took 0.289 seconds
[2022-04-18 14:47:49,036] {scheduler_job.py:182} INFO - Started process (PID=3394) to work on /opt/airflow/dags/dagRun.py
[2022-04-18 14:47:49,037] {scheduler_job.py:629} INFO - Processing file /opt/airflow/dags/dagRun.py for tasks to queue
[2022-04-18 14:47:49,038] {logging_mixin.py:104} INFO - [2022-04-18 14:47:49,038] {dagbag.py:448} INFO - Filling up the DagBag from /opt/airflow/dags/dagRun.py
[2022-04-18 14:47:49,305] {scheduler_job.py:639} INFO - DAG(s) dict_keys(['analyze_json_data']) retrieved from /opt/airflow/dags/dagRun.py
[2022-04-18 14:47:49,320] {logging_mixin.py:104} INFO - [2022-04-18 14:47:49,320] {dag.py:1818} INFO - Sync 1 DAGs
[2022-04-18 14:47:49,332] {logging_mixin.py:104} INFO - [2022-04-18 14:47:49,332] {dag.py:2273} INFO - Setting next_dagrun for analyze_json_data to 2022-04-18 00:00:00+00:00
[2022-04-18 14:47:49,336] {scheduler_job.py:190} INFO - Processing /opt/airflow/dags/dagRun.py took 0.302 seconds
[2022-04-18 14:48:19,822] {scheduler_job.py:182} INFO - Started process (PID=3529) to work on /opt/airflow/dags/dagRun.py
[2022-04-18 14:48:19,822] {scheduler_job.py:629} INFO - Processing file /opt/airflow/dags/dagRun.py for tasks to queue
[2022-04-18 14:48:19,823] {logging_mixin.py:104} INFO - [2022-04-18 14:48:19,823] {dagbag.py:448} INFO - Filling up the DagBag from /opt/airflow/dags/dagRun.py
[2022-04-18 14:48:20,076] {scheduler_job.py:639} INFO - DAG(s) dict_keys(['analyze_json_data']) retrieved from /opt/airflow/dags/dagRun.py
[2022-04-18 14:48:20,091] {logging_mixin.py:104} INFO - [2022-04-18 14:48:20,091] {dag.py:1818} INFO - Sync 1 DAGs
[2022-04-18 14:48:20,104] {logging_mixin.py:104} INFO - [2022-04-18 14:48:20,104] {dag.py:2273} INFO - Setting next_dagrun for analyze_json_data to 2022-04-18 00:00:00+00:00
[2022-04-18 14:48:20,107] {scheduler_job.py:190} INFO - Processing /opt/airflow/dags/dagRun.py took 0.287 seconds
[2022-04-18 14:48:50,938] {scheduler_job.py:182} INFO - Started process (PID=3664) to work on /opt/airflow/dags/dagRun.py
[2022-04-18 14:48:50,938] {scheduler_job.py:629} INFO - Processing file /opt/airflow/dags/dagRun.py for tasks to queue
[2022-04-18 14:48:50,939] {logging_mixin.py:104} INFO - [2022-04-18 14:48:50,939] {dagbag.py:448} INFO - Filling up the DagBag from /opt/airflow/dags/dagRun.py
[2022-04-18 14:48:51,185] {scheduler_job.py:639} INFO - DAG(s) dict_keys(['analyze_json_data']) retrieved from /opt/airflow/dags/dagRun.py
[2022-04-18 14:48:51,199] {logging_mixin.py:104} INFO - [2022-04-18 14:48:51,199] {dag.py:1818} INFO - Sync 1 DAGs
[2022-04-18 14:48:51,211] {logging_mixin.py:104} INFO - [2022-04-18 14:48:51,211] {dag.py:2273} INFO - Setting next_dagrun for analyze_json_data to 2022-04-18 00:00:00+00:00
[2022-04-18 14:48:51,215] {scheduler_job.py:190} INFO - Processing /opt/airflow/dags/dagRun.py took 0.280 seconds
[2022-04-18 14:49:22,034] {scheduler_job.py:182} INFO - Started process (PID=3799) to work on /opt/airflow/dags/dagRun.py
[2022-04-18 14:49:22,035] {scheduler_job.py:629} INFO - Processing file /opt/airflow/dags/dagRun.py for tasks to queue
[2022-04-18 14:49:22,035] {logging_mixin.py:104} INFO - [2022-04-18 14:49:22,035] {dagbag.py:448} INFO - Filling up the DagBag from /opt/airflow/dags/dagRun.py
[2022-04-18 14:49:22,289] {scheduler_job.py:639} INFO - DAG(s) dict_keys(['analyze_json_data']) retrieved from /opt/airflow/dags/dagRun.py
[2022-04-18 14:49:22,303] {logging_mixin.py:104} INFO - [2022-04-18 14:49:22,303] {dag.py:1818} INFO - Sync 1 DAGs
[2022-04-18 14:49:22,315] {logging_mixin.py:104} INFO - [2022-04-18 14:49:22,315] {dag.py:2273} INFO - Setting next_dagrun for analyze_json_data to 2022-04-18 00:00:00+00:00
[2022-04-18 14:49:22,318] {scheduler_job.py:190} INFO - Processing /opt/airflow/dags/dagRun.py took 0.287 seconds
[2022-04-18 14:49:53,206] {scheduler_job.py:182} INFO - Started process (PID=3934) to work on /opt/airflow/dags/dagRun.py
[2022-04-18 14:49:53,206] {scheduler_job.py:629} INFO - Processing file /opt/airflow/dags/dagRun.py for tasks to queue
[2022-04-18 14:49:53,207] {logging_mixin.py:104} INFO - [2022-04-18 14:49:53,207] {dagbag.py:448} INFO - Filling up the DagBag from /opt/airflow/dags/dagRun.py
[2022-04-18 14:49:53,454] {scheduler_job.py:639} INFO - DAG(s) dict_keys(['analyze_json_data']) retrieved from /opt/airflow/dags/dagRun.py
[2022-04-18 14:49:53,468] {logging_mixin.py:104} INFO - [2022-04-18 14:49:53,468] {dag.py:1818} INFO - Sync 1 DAGs
[2022-04-18 14:49:53,478] {logging_mixin.py:104} INFO - [2022-04-18 14:49:53,478] {dag.py:2273} INFO - Setting next_dagrun for analyze_json_data to 2022-04-18 00:00:00+00:00
[2022-04-18 14:49:53,481] {scheduler_job.py:190} INFO - Processing /opt/airflow/dags/dagRun.py took 0.278 seconds
[2022-04-18 14:50:24,275] {scheduler_job.py:182} INFO - Started process (PID=4069) to work on /opt/airflow/dags/dagRun.py
[2022-04-18 14:50:24,276] {scheduler_job.py:629} INFO - Processing file /opt/airflow/dags/dagRun.py for tasks to queue
[2022-04-18 14:50:24,276] {logging_mixin.py:104} INFO - [2022-04-18 14:50:24,276] {dagbag.py:448} INFO - Filling up the DagBag from /opt/airflow/dags/dagRun.py
[2022-04-18 14:50:24,522] {scheduler_job.py:639} INFO - DAG(s) dict_keys(['analyze_json_data']) retrieved from /opt/airflow/dags/dagRun.py
[2022-04-18 14:50:24,536] {logging_mixin.py:104} INFO - [2022-04-18 14:50:24,536] {dag.py:1818} INFO - Sync 1 DAGs
[2022-04-18 14:50:24,546] {logging_mixin.py:104} INFO - [2022-04-18 14:50:24,546] {dag.py:2273} INFO - Setting next_dagrun for analyze_json_data to 2022-04-18 00:00:00+00:00
[2022-04-18 14:50:24,549] {scheduler_job.py:190} INFO - Processing /opt/airflow/dags/dagRun.py took 0.277 seconds
[2022-04-18 14:50:55,301] {scheduler_job.py:182} INFO - Started process (PID=4204) to work on /opt/airflow/dags/dagRun.py
[2022-04-18 14:50:55,302] {scheduler_job.py:629} INFO - Processing file /opt/airflow/dags/dagRun.py for tasks to queue
[2022-04-18 14:50:55,302] {logging_mixin.py:104} INFO - [2022-04-18 14:50:55,302] {dagbag.py:448} INFO - Filling up the DagBag from /opt/airflow/dags/dagRun.py
[2022-04-18 14:50:55,549] {scheduler_job.py:639} INFO - DAG(s) dict_keys(['analyze_json_data']) retrieved from /opt/airflow/dags/dagRun.py
[2022-04-18 14:50:55,563] {logging_mixin.py:104} INFO - [2022-04-18 14:50:55,563] {dag.py:1818} INFO - Sync 1 DAGs
[2022-04-18 14:50:55,575] {logging_mixin.py:104} INFO - [2022-04-18 14:50:55,575] {dag.py:2273} INFO - Setting next_dagrun for analyze_json_data to 2022-04-18 00:00:00+00:00
[2022-04-18 14:50:55,579] {scheduler_job.py:190} INFO - Processing /opt/airflow/dags/dagRun.py took 0.280 seconds
[2022-04-18 14:51:26,021] {scheduler_job.py:182} INFO - Started process (PID=4339) to work on /opt/airflow/dags/dagRun.py
[2022-04-18 14:51:26,022] {scheduler_job.py:629} INFO - Processing file /opt/airflow/dags/dagRun.py for tasks to queue
[2022-04-18 14:51:26,022] {logging_mixin.py:104} INFO - [2022-04-18 14:51:26,022] {dagbag.py:448} INFO - Filling up the DagBag from /opt/airflow/dags/dagRun.py
[2022-04-18 14:51:26,271] {scheduler_job.py:639} INFO - DAG(s) dict_keys(['analyze_json_data']) retrieved from /opt/airflow/dags/dagRun.py
[2022-04-18 14:51:26,286] {logging_mixin.py:104} INFO - [2022-04-18 14:51:26,286] {dag.py:1818} INFO - Sync 1 DAGs
[2022-04-18 14:51:26,298] {logging_mixin.py:104} INFO - [2022-04-18 14:51:26,298] {dag.py:2273} INFO - Setting next_dagrun for analyze_json_data to 2022-04-18 00:00:00+00:00
[2022-04-18 14:51:26,303] {scheduler_job.py:190} INFO - Processing /opt/airflow/dags/dagRun.py took 0.284 seconds
[2022-04-18 14:51:56,725] {scheduler_job.py:182} INFO - Started process (PID=4474) to work on /opt/airflow/dags/dagRun.py
[2022-04-18 14:51:56,726] {scheduler_job.py:629} INFO - Processing file /opt/airflow/dags/dagRun.py for tasks to queue
[2022-04-18 14:51:56,726] {logging_mixin.py:104} INFO - [2022-04-18 14:51:56,726] {dagbag.py:448} INFO - Filling up the DagBag from /opt/airflow/dags/dagRun.py
[2022-04-18 14:51:56,981] {scheduler_job.py:639} INFO - DAG(s) dict_keys(['analyze_json_data']) retrieved from /opt/airflow/dags/dagRun.py
[2022-04-18 14:51:56,997] {logging_mixin.py:104} INFO - [2022-04-18 14:51:56,996] {dag.py:1818} INFO - Sync 1 DAGs
[2022-04-18 14:51:57,009] {logging_mixin.py:104} INFO - [2022-04-18 14:51:57,009] {dag.py:2273} INFO - Setting next_dagrun for analyze_json_data to 2022-04-18 00:00:00+00:00
[2022-04-18 14:51:57,013] {scheduler_job.py:190} INFO - Processing /opt/airflow/dags/dagRun.py took 0.291 seconds
[2022-04-18 14:52:27,423] {scheduler_job.py:182} INFO - Started process (PID=4609) to work on /opt/airflow/dags/dagRun.py
[2022-04-18 14:52:27,424] {scheduler_job.py:629} INFO - Processing file /opt/airflow/dags/dagRun.py for tasks to queue
[2022-04-18 14:52:27,425] {logging_mixin.py:104} INFO - [2022-04-18 14:52:27,425] {dagbag.py:448} INFO - Filling up the DagBag from /opt/airflow/dags/dagRun.py
[2022-04-18 14:52:27,675] {scheduler_job.py:639} INFO - DAG(s) dict_keys(['analyze_json_data']) retrieved from /opt/airflow/dags/dagRun.py
[2022-04-18 14:52:27,702] {logging_mixin.py:104} INFO - [2022-04-18 14:52:27,701] {dag.py:1818} INFO - Sync 1 DAGs
[2022-04-18 14:52:27,718] {logging_mixin.py:104} INFO - [2022-04-18 14:52:27,718] {dag.py:2273} INFO - Setting next_dagrun for analyze_json_data to 2022-04-18 00:00:00+00:00
[2022-04-18 14:52:27,723] {scheduler_job.py:190} INFO - Processing /opt/airflow/dags/dagRun.py took 0.301 seconds
[2022-04-18 14:52:58,079] {scheduler_job.py:182} INFO - Started process (PID=4744) to work on /opt/airflow/dags/dagRun.py
[2022-04-18 14:52:58,080] {scheduler_job.py:629} INFO - Processing file /opt/airflow/dags/dagRun.py for tasks to queue
[2022-04-18 14:52:58,080] {logging_mixin.py:104} INFO - [2022-04-18 14:52:58,080] {dagbag.py:448} INFO - Filling up the DagBag from /opt/airflow/dags/dagRun.py
[2022-04-18 14:52:58,334] {scheduler_job.py:639} INFO - DAG(s) dict_keys(['analyze_json_data']) retrieved from /opt/airflow/dags/dagRun.py
[2022-04-18 14:52:58,347] {logging_mixin.py:104} INFO - [2022-04-18 14:52:58,347] {dag.py:1818} INFO - Sync 1 DAGs
[2022-04-18 14:52:58,360] {logging_mixin.py:104} INFO - [2022-04-18 14:52:58,360] {dag.py:2273} INFO - Setting next_dagrun for analyze_json_data to 2022-04-18 00:00:00+00:00
[2022-04-18 14:52:58,363] {scheduler_job.py:190} INFO - Processing /opt/airflow/dags/dagRun.py took 0.286 seconds
[2022-04-18 14:53:28,782] {scheduler_job.py:182} INFO - Started process (PID=4879) to work on /opt/airflow/dags/dagRun.py
[2022-04-18 14:53:28,783] {scheduler_job.py:629} INFO - Processing file /opt/airflow/dags/dagRun.py for tasks to queue
[2022-04-18 14:53:28,783] {logging_mixin.py:104} INFO - [2022-04-18 14:53:28,783] {dagbag.py:448} INFO - Filling up the DagBag from /opt/airflow/dags/dagRun.py
[2022-04-18 14:53:29,031] {scheduler_job.py:639} INFO - DAG(s) dict_keys(['analyze_json_data']) retrieved from /opt/airflow/dags/dagRun.py
[2022-04-18 14:53:29,045] {logging_mixin.py:104} INFO - [2022-04-18 14:53:29,045] {dag.py:1818} INFO - Sync 1 DAGs
[2022-04-18 14:53:29,056] {logging_mixin.py:104} INFO - [2022-04-18 14:53:29,056] {dag.py:2273} INFO - Setting next_dagrun for analyze_json_data to 2022-04-18 00:00:00+00:00
[2022-04-18 14:53:29,059] {scheduler_job.py:190} INFO - Processing /opt/airflow/dags/dagRun.py took 0.280 seconds
[2022-04-18 14:53:59,518] {scheduler_job.py:182} INFO - Started process (PID=5014) to work on /opt/airflow/dags/dagRun.py
[2022-04-18 14:53:59,519] {scheduler_job.py:629} INFO - Processing file /opt/airflow/dags/dagRun.py for tasks to queue
[2022-04-18 14:53:59,519] {logging_mixin.py:104} INFO - [2022-04-18 14:53:59,519] {dagbag.py:448} INFO - Filling up the DagBag from /opt/airflow/dags/dagRun.py
[2022-04-18 14:53:59,787] {scheduler_job.py:639} INFO - DAG(s) dict_keys(['analyze_json_data']) retrieved from /opt/airflow/dags/dagRun.py
[2022-04-18 14:53:59,801] {logging_mixin.py:104} INFO - [2022-04-18 14:53:59,801] {dag.py:1818} INFO - Sync 1 DAGs
[2022-04-18 14:53:59,812] {logging_mixin.py:104} INFO - [2022-04-18 14:53:59,812] {dag.py:2273} INFO - Setting next_dagrun for analyze_json_data to 2022-04-18 00:00:00+00:00
[2022-04-18 14:53:59,815] {scheduler_job.py:190} INFO - Processing /opt/airflow/dags/dagRun.py took 0.300 seconds
[2022-04-18 14:54:30,209] {scheduler_job.py:182} INFO - Started process (PID=5149) to work on /opt/airflow/dags/dagRun.py
[2022-04-18 14:54:30,209] {scheduler_job.py:629} INFO - Processing file /opt/airflow/dags/dagRun.py for tasks to queue
[2022-04-18 14:54:30,210] {logging_mixin.py:104} INFO - [2022-04-18 14:54:30,210] {dagbag.py:448} INFO - Filling up the DagBag from /opt/airflow/dags/dagRun.py
[2022-04-18 14:54:30,459] {scheduler_job.py:639} INFO - DAG(s) dict_keys(['analyze_json_data']) retrieved from /opt/airflow/dags/dagRun.py
[2022-04-18 14:54:30,474] {logging_mixin.py:104} INFO - [2022-04-18 14:54:30,474] {dag.py:1818} INFO - Sync 1 DAGs
[2022-04-18 14:54:30,484] {logging_mixin.py:104} INFO - [2022-04-18 14:54:30,484] {dag.py:2273} INFO - Setting next_dagrun for analyze_json_data to 2022-04-18 00:00:00+00:00
[2022-04-18 14:54:30,488] {scheduler_job.py:190} INFO - Processing /opt/airflow/dags/dagRun.py took 0.281 seconds
[2022-04-18 14:55:00,882] {scheduler_job.py:182} INFO - Started process (PID=5284) to work on /opt/airflow/dags/dagRun.py
[2022-04-18 14:55:00,883] {scheduler_job.py:629} INFO - Processing file /opt/airflow/dags/dagRun.py for tasks to queue
[2022-04-18 14:55:00,884] {logging_mixin.py:104} INFO - [2022-04-18 14:55:00,884] {dagbag.py:448} INFO - Filling up the DagBag from /opt/airflow/dags/dagRun.py
[2022-04-18 14:55:01,145] {scheduler_job.py:639} INFO - DAG(s) dict_keys(['analyze_json_data']) retrieved from /opt/airflow/dags/dagRun.py
[2022-04-18 14:55:01,160] {logging_mixin.py:104} INFO - [2022-04-18 14:55:01,160] {dag.py:1818} INFO - Sync 1 DAGs
[2022-04-18 14:55:01,171] {logging_mixin.py:104} INFO - [2022-04-18 14:55:01,171] {dag.py:2273} INFO - Setting next_dagrun for analyze_json_data to 2022-04-18 00:00:00+00:00
[2022-04-18 14:55:01,174] {scheduler_job.py:190} INFO - Processing /opt/airflow/dags/dagRun.py took 0.294 seconds
[2022-04-18 14:55:31,640] {scheduler_job.py:182} INFO - Started process (PID=5419) to work on /opt/airflow/dags/dagRun.py
[2022-04-18 14:55:31,641] {scheduler_job.py:629} INFO - Processing file /opt/airflow/dags/dagRun.py for tasks to queue
[2022-04-18 14:55:31,641] {logging_mixin.py:104} INFO - [2022-04-18 14:55:31,641] {dagbag.py:448} INFO - Filling up the DagBag from /opt/airflow/dags/dagRun.py
[2022-04-18 14:55:31,895] {scheduler_job.py:639} INFO - DAG(s) dict_keys(['analyze_json_data']) retrieved from /opt/airflow/dags/dagRun.py
[2022-04-18 14:55:31,910] {logging_mixin.py:104} INFO - [2022-04-18 14:55:31,910] {dag.py:1818} INFO - Sync 1 DAGs
[2022-04-18 14:55:31,922] {logging_mixin.py:104} INFO - [2022-04-18 14:55:31,922] {dag.py:2273} INFO - Setting next_dagrun for analyze_json_data to 2022-04-18 00:00:00+00:00
[2022-04-18 14:55:31,925] {scheduler_job.py:190} INFO - Processing /opt/airflow/dags/dagRun.py took 0.287 seconds
[2022-04-18 14:56:02,323] {scheduler_job.py:182} INFO - Started process (PID=5554) to work on /opt/airflow/dags/dagRun.py
[2022-04-18 14:56:02,324] {scheduler_job.py:629} INFO - Processing file /opt/airflow/dags/dagRun.py for tasks to queue
[2022-04-18 14:56:02,325] {logging_mixin.py:104} INFO - [2022-04-18 14:56:02,325] {dagbag.py:448} INFO - Filling up the DagBag from /opt/airflow/dags/dagRun.py
[2022-04-18 14:56:02,570] {scheduler_job.py:639} INFO - DAG(s) dict_keys(['analyze_json_data']) retrieved from /opt/airflow/dags/dagRun.py
[2022-04-18 14:56:02,584] {logging_mixin.py:104} INFO - [2022-04-18 14:56:02,584] {dag.py:1818} INFO - Sync 1 DAGs
[2022-04-18 14:56:02,596] {logging_mixin.py:104} INFO - [2022-04-18 14:56:02,596] {dag.py:2273} INFO - Setting next_dagrun for analyze_json_data to 2022-04-18 00:00:00+00:00
[2022-04-18 14:56:02,599] {scheduler_job.py:190} INFO - Processing /opt/airflow/dags/dagRun.py took 0.278 seconds
[2022-04-18 14:56:33,002] {scheduler_job.py:182} INFO - Started process (PID=5689) to work on /opt/airflow/dags/dagRun.py
[2022-04-18 14:56:33,003] {scheduler_job.py:629} INFO - Processing file /opt/airflow/dags/dagRun.py for tasks to queue
[2022-04-18 14:56:33,003] {logging_mixin.py:104} INFO - [2022-04-18 14:56:33,003] {dagbag.py:448} INFO - Filling up the DagBag from /opt/airflow/dags/dagRun.py
[2022-04-18 14:56:33,249] {scheduler_job.py:639} INFO - DAG(s) dict_keys(['analyze_json_data']) retrieved from /opt/airflow/dags/dagRun.py
[2022-04-18 14:56:33,264] {logging_mixin.py:104} INFO - [2022-04-18 14:56:33,264] {dag.py:1818} INFO - Sync 1 DAGs
[2022-04-18 14:56:33,276] {logging_mixin.py:104} INFO - [2022-04-18 14:56:33,276] {dag.py:2273} INFO - Setting next_dagrun for analyze_json_data to 2022-04-18 00:00:00+00:00
[2022-04-18 14:56:33,280] {scheduler_job.py:190} INFO - Processing /opt/airflow/dags/dagRun.py took 0.280 seconds
[2022-04-18 14:57:03,692] {scheduler_job.py:182} INFO - Started process (PID=5824) to work on /opt/airflow/dags/dagRun.py
[2022-04-18 14:57:03,693] {scheduler_job.py:629} INFO - Processing file /opt/airflow/dags/dagRun.py for tasks to queue
[2022-04-18 14:57:03,693] {logging_mixin.py:104} INFO - [2022-04-18 14:57:03,693] {dagbag.py:448} INFO - Filling up the DagBag from /opt/airflow/dags/dagRun.py
[2022-04-18 14:57:03,943] {scheduler_job.py:639} INFO - DAG(s) dict_keys(['analyze_json_data']) retrieved from /opt/airflow/dags/dagRun.py
[2022-04-18 14:57:03,958] {logging_mixin.py:104} INFO - [2022-04-18 14:57:03,958] {dag.py:1818} INFO - Sync 1 DAGs
[2022-04-18 14:57:03,970] {logging_mixin.py:104} INFO - [2022-04-18 14:57:03,970] {dag.py:2273} INFO - Setting next_dagrun for analyze_json_data to 2022-04-18 00:00:00+00:00
[2022-04-18 14:57:03,974] {scheduler_job.py:190} INFO - Processing /opt/airflow/dags/dagRun.py took 0.284 seconds
[2022-04-18 14:57:34,433] {scheduler_job.py:182} INFO - Started process (PID=5959) to work on /opt/airflow/dags/dagRun.py
[2022-04-18 14:57:34,434] {scheduler_job.py:629} INFO - Processing file /opt/airflow/dags/dagRun.py for tasks to queue
[2022-04-18 14:57:34,434] {logging_mixin.py:104} INFO - [2022-04-18 14:57:34,434] {dagbag.py:448} INFO - Filling up the DagBag from /opt/airflow/dags/dagRun.py
[2022-04-18 14:57:34,683] {scheduler_job.py:639} INFO - DAG(s) dict_keys(['analyze_json_data']) retrieved from /opt/airflow/dags/dagRun.py
[2022-04-18 14:57:34,697] {logging_mixin.py:104} INFO - [2022-04-18 14:57:34,697] {dag.py:1818} INFO - Sync 1 DAGs
[2022-04-18 14:57:34,707] {logging_mixin.py:104} INFO - [2022-04-18 14:57:34,707] {dag.py:2273} INFO - Setting next_dagrun for analyze_json_data to 2022-04-18 00:00:00+00:00
[2022-04-18 14:57:34,711] {scheduler_job.py:190} INFO - Processing /opt/airflow/dags/dagRun.py took 0.280 seconds
[2022-04-18 14:58:05,152] {scheduler_job.py:182} INFO - Started process (PID=6094) to work on /opt/airflow/dags/dagRun.py
[2022-04-18 14:58:05,153] {scheduler_job.py:629} INFO - Processing file /opt/airflow/dags/dagRun.py for tasks to queue
[2022-04-18 14:58:05,154] {logging_mixin.py:104} INFO - [2022-04-18 14:58:05,154] {dagbag.py:448} INFO - Filling up the DagBag from /opt/airflow/dags/dagRun.py
[2022-04-18 14:58:05,408] {scheduler_job.py:639} INFO - DAG(s) dict_keys(['analyze_json_data']) retrieved from /opt/airflow/dags/dagRun.py
[2022-04-18 14:58:05,423] {logging_mixin.py:104} INFO - [2022-04-18 14:58:05,423] {dag.py:1818} INFO - Sync 1 DAGs
[2022-04-18 14:58:05,435] {logging_mixin.py:104} INFO - [2022-04-18 14:58:05,435] {dag.py:2273} INFO - Setting next_dagrun for analyze_json_data to 2022-04-18 00:00:00+00:00
[2022-04-18 14:58:05,438] {scheduler_job.py:190} INFO - Processing /opt/airflow/dags/dagRun.py took 0.288 seconds
[2022-04-18 14:58:35,854] {scheduler_job.py:182} INFO - Started process (PID=6229) to work on /opt/airflow/dags/dagRun.py
[2022-04-18 14:58:35,855] {scheduler_job.py:629} INFO - Processing file /opt/airflow/dags/dagRun.py for tasks to queue
[2022-04-18 14:58:35,856] {logging_mixin.py:104} INFO - [2022-04-18 14:58:35,855] {dagbag.py:448} INFO - Filling up the DagBag from /opt/airflow/dags/dagRun.py
[2022-04-18 14:58:36,104] {scheduler_job.py:639} INFO - DAG(s) dict_keys(['analyze_json_data']) retrieved from /opt/airflow/dags/dagRun.py
[2022-04-18 14:58:36,119] {logging_mixin.py:104} INFO - [2022-04-18 14:58:36,119] {dag.py:1818} INFO - Sync 1 DAGs
[2022-04-18 14:58:36,129] {logging_mixin.py:104} INFO - [2022-04-18 14:58:36,129] {dag.py:2273} INFO - Setting next_dagrun for analyze_json_data to 2022-04-18 00:00:00+00:00
[2022-04-18 14:58:36,133] {scheduler_job.py:190} INFO - Processing /opt/airflow/dags/dagRun.py took 0.281 seconds
[2022-04-18 14:59:06,521] {scheduler_job.py:182} INFO - Started process (PID=6364) to work on /opt/airflow/dags/dagRun.py
[2022-04-18 14:59:06,521] {scheduler_job.py:629} INFO - Processing file /opt/airflow/dags/dagRun.py for tasks to queue
[2022-04-18 14:59:06,522] {logging_mixin.py:104} INFO - [2022-04-18 14:59:06,522] {dagbag.py:448} INFO - Filling up the DagBag from /opt/airflow/dags/dagRun.py
[2022-04-18 14:59:06,771] {scheduler_job.py:639} INFO - DAG(s) dict_keys(['analyze_json_data']) retrieved from /opt/airflow/dags/dagRun.py
[2022-04-18 14:59:06,786] {logging_mixin.py:104} INFO - [2022-04-18 14:59:06,786] {dag.py:1818} INFO - Sync 1 DAGs
[2022-04-18 14:59:06,798] {logging_mixin.py:104} INFO - [2022-04-18 14:59:06,798] {dag.py:2273} INFO - Setting next_dagrun for analyze_json_data to 2022-04-18 00:00:00+00:00
[2022-04-18 14:59:06,801] {scheduler_job.py:190} INFO - Processing /opt/airflow/dags/dagRun.py took 0.283 seconds
[2022-04-18 14:59:37,193] {scheduler_job.py:182} INFO - Started process (PID=6499) to work on /opt/airflow/dags/dagRun.py
[2022-04-18 14:59:37,194] {scheduler_job.py:629} INFO - Processing file /opt/airflow/dags/dagRun.py for tasks to queue
[2022-04-18 14:59:37,194] {logging_mixin.py:104} INFO - [2022-04-18 14:59:37,194] {dagbag.py:448} INFO - Filling up the DagBag from /opt/airflow/dags/dagRun.py
[2022-04-18 14:59:37,443] {scheduler_job.py:639} INFO - DAG(s) dict_keys(['analyze_json_data']) retrieved from /opt/airflow/dags/dagRun.py
[2022-04-18 14:59:37,458] {logging_mixin.py:104} INFO - [2022-04-18 14:59:37,458] {dag.py:1818} INFO - Sync 1 DAGs
[2022-04-18 14:59:37,468] {logging_mixin.py:104} INFO - [2022-04-18 14:59:37,468] {dag.py:2273} INFO - Setting next_dagrun for analyze_json_data to 2022-04-18 00:00:00+00:00
[2022-04-18 14:59:37,472] {scheduler_job.py:190} INFO - Processing /opt/airflow/dags/dagRun.py took 0.281 seconds
[2022-04-18 15:00:07,889] {scheduler_job.py:182} INFO - Started process (PID=6634) to work on /opt/airflow/dags/dagRun.py
[2022-04-18 15:00:07,890] {scheduler_job.py:629} INFO - Processing file /opt/airflow/dags/dagRun.py for tasks to queue
[2022-04-18 15:00:07,890] {logging_mixin.py:104} INFO - [2022-04-18 15:00:07,890] {dagbag.py:448} INFO - Filling up the DagBag from /opt/airflow/dags/dagRun.py
[2022-04-18 15:00:08,139] {scheduler_job.py:639} INFO - DAG(s) dict_keys(['analyze_json_data']) retrieved from /opt/airflow/dags/dagRun.py
[2022-04-18 15:00:08,155] {logging_mixin.py:104} INFO - [2022-04-18 15:00:08,155] {dag.py:1818} INFO - Sync 1 DAGs
[2022-04-18 15:00:08,166] {logging_mixin.py:104} INFO - [2022-04-18 15:00:08,166] {dag.py:2273} INFO - Setting next_dagrun for analyze_json_data to 2022-04-18 00:00:00+00:00
[2022-04-18 15:00:08,169] {scheduler_job.py:190} INFO - Processing /opt/airflow/dags/dagRun.py took 0.282 seconds
[2022-04-18 15:00:38,553] {scheduler_job.py:182} INFO - Started process (PID=6769) to work on /opt/airflow/dags/dagRun.py
[2022-04-18 15:00:38,554] {scheduler_job.py:629} INFO - Processing file /opt/airflow/dags/dagRun.py for tasks to queue
[2022-04-18 15:00:38,554] {logging_mixin.py:104} INFO - [2022-04-18 15:00:38,554] {dagbag.py:448} INFO - Filling up the DagBag from /opt/airflow/dags/dagRun.py
[2022-04-18 15:00:38,803] {scheduler_job.py:639} INFO - DAG(s) dict_keys(['analyze_json_data']) retrieved from /opt/airflow/dags/dagRun.py
[2022-04-18 15:00:38,817] {logging_mixin.py:104} INFO - [2022-04-18 15:00:38,817] {dag.py:1818} INFO - Sync 1 DAGs
[2022-04-18 15:00:38,828] {logging_mixin.py:104} INFO - [2022-04-18 15:00:38,828] {dag.py:2273} INFO - Setting next_dagrun for analyze_json_data to 2022-04-18 00:00:00+00:00
[2022-04-18 15:00:38,831] {scheduler_job.py:190} INFO - Processing /opt/airflow/dags/dagRun.py took 0.280 seconds
[2022-04-18 15:01:09,239] {scheduler_job.py:182} INFO - Started process (PID=6904) to work on /opt/airflow/dags/dagRun.py
[2022-04-18 15:01:09,239] {scheduler_job.py:629} INFO - Processing file /opt/airflow/dags/dagRun.py for tasks to queue
[2022-04-18 15:01:09,240] {logging_mixin.py:104} INFO - [2022-04-18 15:01:09,240] {dagbag.py:448} INFO - Filling up the DagBag from /opt/airflow/dags/dagRun.py
[2022-04-18 15:01:09,487] {scheduler_job.py:639} INFO - DAG(s) dict_keys(['analyze_json_data']) retrieved from /opt/airflow/dags/dagRun.py
[2022-04-18 15:01:09,501] {logging_mixin.py:104} INFO - [2022-04-18 15:01:09,501] {dag.py:1818} INFO - Sync 1 DAGs
[2022-04-18 15:01:09,514] {logging_mixin.py:104} INFO - [2022-04-18 15:01:09,514] {dag.py:2273} INFO - Setting next_dagrun for analyze_json_data to 2022-04-18 00:00:00+00:00
[2022-04-18 15:01:09,517] {scheduler_job.py:190} INFO - Processing /opt/airflow/dags/dagRun.py took 0.281 seconds
[2022-04-18 15:01:39,924] {scheduler_job.py:182} INFO - Started process (PID=7039) to work on /opt/airflow/dags/dagRun.py
[2022-04-18 15:01:39,925] {scheduler_job.py:629} INFO - Processing file /opt/airflow/dags/dagRun.py for tasks to queue
[2022-04-18 15:01:39,925] {logging_mixin.py:104} INFO - [2022-04-18 15:01:39,925] {dagbag.py:448} INFO - Filling up the DagBag from /opt/airflow/dags/dagRun.py
[2022-04-18 15:01:40,172] {scheduler_job.py:639} INFO - DAG(s) dict_keys(['analyze_json_data']) retrieved from /opt/airflow/dags/dagRun.py
[2022-04-18 15:01:40,187] {logging_mixin.py:104} INFO - [2022-04-18 15:01:40,187] {dag.py:1818} INFO - Sync 1 DAGs
[2022-04-18 15:01:40,199] {logging_mixin.py:104} INFO - [2022-04-18 15:01:40,198] {dag.py:2273} INFO - Setting next_dagrun for analyze_json_data to 2022-04-18 00:00:00+00:00
[2022-04-18 15:01:40,202] {scheduler_job.py:190} INFO - Processing /opt/airflow/dags/dagRun.py took 0.280 seconds
[2022-04-18 15:02:10,679] {scheduler_job.py:182} INFO - Started process (PID=7174) to work on /opt/airflow/dags/dagRun.py
[2022-04-18 15:02:10,680] {scheduler_job.py:629} INFO - Processing file /opt/airflow/dags/dagRun.py for tasks to queue
[2022-04-18 15:02:10,681] {logging_mixin.py:104} INFO - [2022-04-18 15:02:10,681] {dagbag.py:448} INFO - Filling up the DagBag from /opt/airflow/dags/dagRun.py
[2022-04-18 15:02:10,946] {scheduler_job.py:639} INFO - DAG(s) dict_keys(['analyze_json_data']) retrieved from /opt/airflow/dags/dagRun.py
[2022-04-18 15:02:10,959] {logging_mixin.py:104} INFO - [2022-04-18 15:02:10,959] {dag.py:1818} INFO - Sync 1 DAGs
[2022-04-18 15:02:10,970] {logging_mixin.py:104} INFO - [2022-04-18 15:02:10,970] {dag.py:2273} INFO - Setting next_dagrun for analyze_json_data to 2022-04-18 00:00:00+00:00
[2022-04-18 15:02:10,973] {scheduler_job.py:190} INFO - Processing /opt/airflow/dags/dagRun.py took 0.297 seconds
[2022-04-18 15:02:41,360] {scheduler_job.py:182} INFO - Started process (PID=7309) to work on /opt/airflow/dags/dagRun.py
[2022-04-18 15:02:41,361] {scheduler_job.py:629} INFO - Processing file /opt/airflow/dags/dagRun.py for tasks to queue
[2022-04-18 15:02:41,362] {logging_mixin.py:104} INFO - [2022-04-18 15:02:41,361] {dagbag.py:448} INFO - Filling up the DagBag from /opt/airflow/dags/dagRun.py
[2022-04-18 15:02:41,611] {scheduler_job.py:639} INFO - DAG(s) dict_keys(['analyze_json_data']) retrieved from /opt/airflow/dags/dagRun.py
[2022-04-18 15:02:41,625] {logging_mixin.py:104} INFO - [2022-04-18 15:02:41,625] {dag.py:1818} INFO - Sync 1 DAGs
[2022-04-18 15:02:41,638] {logging_mixin.py:104} INFO - [2022-04-18 15:02:41,638] {dag.py:2273} INFO - Setting next_dagrun for analyze_json_data to 2022-04-18 00:00:00+00:00
[2022-04-18 15:02:41,641] {scheduler_job.py:190} INFO - Processing /opt/airflow/dags/dagRun.py took 0.283 seconds
[2022-04-18 15:03:12,053] {scheduler_job.py:182} INFO - Started process (PID=7444) to work on /opt/airflow/dags/dagRun.py
[2022-04-18 15:03:12,054] {scheduler_job.py:629} INFO - Processing file /opt/airflow/dags/dagRun.py for tasks to queue
[2022-04-18 15:03:12,055] {logging_mixin.py:104} INFO - [2022-04-18 15:03:12,055] {dagbag.py:448} INFO - Filling up the DagBag from /opt/airflow/dags/dagRun.py
[2022-04-18 15:03:12,300] {scheduler_job.py:639} INFO - DAG(s) dict_keys(['analyze_json_data']) retrieved from /opt/airflow/dags/dagRun.py
[2022-04-18 15:03:12,314] {logging_mixin.py:104} INFO - [2022-04-18 15:03:12,314] {dag.py:1818} INFO - Sync 1 DAGs
[2022-04-18 15:03:12,324] {logging_mixin.py:104} INFO - [2022-04-18 15:03:12,324] {dag.py:2273} INFO - Setting next_dagrun for analyze_json_data to 2022-04-18 00:00:00+00:00
[2022-04-18 15:03:12,327] {scheduler_job.py:190} INFO - Processing /opt/airflow/dags/dagRun.py took 0.276 seconds
[2022-04-18 15:03:42,732] {scheduler_job.py:182} INFO - Started process (PID=7579) to work on /opt/airflow/dags/dagRun.py
[2022-04-18 15:03:42,733] {scheduler_job.py:629} INFO - Processing file /opt/airflow/dags/dagRun.py for tasks to queue
[2022-04-18 15:03:42,733] {logging_mixin.py:104} INFO - [2022-04-18 15:03:42,733] {dagbag.py:448} INFO - Filling up the DagBag from /opt/airflow/dags/dagRun.py
[2022-04-18 15:03:42,980] {scheduler_job.py:639} INFO - DAG(s) dict_keys(['analyze_json_data']) retrieved from /opt/airflow/dags/dagRun.py
[2022-04-18 15:03:42,994] {logging_mixin.py:104} INFO - [2022-04-18 15:03:42,994] {dag.py:1818} INFO - Sync 1 DAGs
[2022-04-18 15:03:43,006] {logging_mixin.py:104} INFO - [2022-04-18 15:03:43,006] {dag.py:2273} INFO - Setting next_dagrun for analyze_json_data to 2022-04-18 00:00:00+00:00
[2022-04-18 15:03:43,010] {scheduler_job.py:190} INFO - Processing /opt/airflow/dags/dagRun.py took 0.280 seconds
[2022-04-18 15:04:13,392] {scheduler_job.py:182} INFO - Started process (PID=7714) to work on /opt/airflow/dags/dagRun.py
[2022-04-18 15:04:13,393] {scheduler_job.py:629} INFO - Processing file /opt/airflow/dags/dagRun.py for tasks to queue
[2022-04-18 15:04:13,393] {logging_mixin.py:104} INFO - [2022-04-18 15:04:13,393] {dagbag.py:448} INFO - Filling up the DagBag from /opt/airflow/dags/dagRun.py
[2022-04-18 15:04:13,638] {scheduler_job.py:639} INFO - DAG(s) dict_keys(['analyze_json_data']) retrieved from /opt/airflow/dags/dagRun.py
[2022-04-18 15:04:13,652] {logging_mixin.py:104} INFO - [2022-04-18 15:04:13,652] {dag.py:1818} INFO - Sync 1 DAGs
[2022-04-18 15:04:13,664] {logging_mixin.py:104} INFO - [2022-04-18 15:04:13,664] {dag.py:2273} INFO - Setting next_dagrun for analyze_json_data to 2022-04-18 00:00:00+00:00
[2022-04-18 15:04:13,668] {scheduler_job.py:190} INFO - Processing /opt/airflow/dags/dagRun.py took 0.278 seconds
[2022-04-18 15:04:44,133] {scheduler_job.py:182} INFO - Started process (PID=7849) to work on /opt/airflow/dags/dagRun.py
[2022-04-18 15:04:44,134] {scheduler_job.py:629} INFO - Processing file /opt/airflow/dags/dagRun.py for tasks to queue
[2022-04-18 15:04:44,135] {logging_mixin.py:104} INFO - [2022-04-18 15:04:44,134] {dagbag.py:448} INFO - Filling up the DagBag from /opt/airflow/dags/dagRun.py
[2022-04-18 15:04:44,381] {scheduler_job.py:639} INFO - DAG(s) dict_keys(['analyze_json_data']) retrieved from /opt/airflow/dags/dagRun.py
[2022-04-18 15:04:44,394] {logging_mixin.py:104} INFO - [2022-04-18 15:04:44,393] {dag.py:1818} INFO - Sync 1 DAGs
[2022-04-18 15:04:44,406] {logging_mixin.py:104} INFO - [2022-04-18 15:04:44,406] {dag.py:2273} INFO - Setting next_dagrun for analyze_json_data to 2022-04-18 00:00:00+00:00
[2022-04-18 15:04:44,409] {scheduler_job.py:190} INFO - Processing /opt/airflow/dags/dagRun.py took 0.278 seconds
[2022-04-18 15:05:14,797] {scheduler_job.py:182} INFO - Started process (PID=7984) to work on /opt/airflow/dags/dagRun.py
[2022-04-18 15:05:14,798] {scheduler_job.py:629} INFO - Processing file /opt/airflow/dags/dagRun.py for tasks to queue
[2022-04-18 15:05:14,798] {logging_mixin.py:104} INFO - [2022-04-18 15:05:14,798] {dagbag.py:448} INFO - Filling up the DagBag from /opt/airflow/dags/dagRun.py
[2022-04-18 15:05:15,049] {scheduler_job.py:639} INFO - DAG(s) dict_keys(['analyze_json_data']) retrieved from /opt/airflow/dags/dagRun.py
[2022-04-18 15:05:15,064] {logging_mixin.py:104} INFO - [2022-04-18 15:05:15,064] {dag.py:1818} INFO - Sync 1 DAGs
[2022-04-18 15:05:15,076] {logging_mixin.py:104} INFO - [2022-04-18 15:05:15,076] {dag.py:2273} INFO - Setting next_dagrun for analyze_json_data to 2022-04-18 00:00:00+00:00
[2022-04-18 15:05:15,079] {scheduler_job.py:190} INFO - Processing /opt/airflow/dags/dagRun.py took 0.285 seconds
[2022-04-18 15:05:45,510] {scheduler_job.py:182} INFO - Started process (PID=8119) to work on /opt/airflow/dags/dagRun.py
[2022-04-18 15:05:45,511] {scheduler_job.py:629} INFO - Processing file /opt/airflow/dags/dagRun.py for tasks to queue
[2022-04-18 15:05:45,512] {logging_mixin.py:104} INFO - [2022-04-18 15:05:45,512] {dagbag.py:448} INFO - Filling up the DagBag from /opt/airflow/dags/dagRun.py
[2022-04-18 15:05:45,764] {scheduler_job.py:639} INFO - DAG(s) dict_keys(['analyze_json_data']) retrieved from /opt/airflow/dags/dagRun.py
[2022-04-18 15:05:45,778] {logging_mixin.py:104} INFO - [2022-04-18 15:05:45,778] {dag.py:1818} INFO - Sync 1 DAGs
[2022-04-18 15:05:45,788] {logging_mixin.py:104} INFO - [2022-04-18 15:05:45,788] {dag.py:2273} INFO - Setting next_dagrun for analyze_json_data to 2022-04-18 00:00:00+00:00
[2022-04-18 15:05:45,791] {scheduler_job.py:190} INFO - Processing /opt/airflow/dags/dagRun.py took 0.283 seconds
[2022-04-18 15:06:16,168] {scheduler_job.py:182} INFO - Started process (PID=8254) to work on /opt/airflow/dags/dagRun.py
[2022-04-18 15:06:16,169] {scheduler_job.py:629} INFO - Processing file /opt/airflow/dags/dagRun.py for tasks to queue
[2022-04-18 15:06:16,170] {logging_mixin.py:104} INFO - [2022-04-18 15:06:16,170] {dagbag.py:448} INFO - Filling up the DagBag from /opt/airflow/dags/dagRun.py
[2022-04-18 15:06:16,414] {scheduler_job.py:639} INFO - DAG(s) dict_keys(['analyze_json_data']) retrieved from /opt/airflow/dags/dagRun.py
[2022-04-18 15:06:16,428] {logging_mixin.py:104} INFO - [2022-04-18 15:06:16,428] {dag.py:1818} INFO - Sync 1 DAGs
[2022-04-18 15:06:16,440] {logging_mixin.py:104} INFO - [2022-04-18 15:06:16,440] {dag.py:2273} INFO - Setting next_dagrun for analyze_json_data to 2022-04-18 00:00:00+00:00
[2022-04-18 15:06:16,443] {scheduler_job.py:190} INFO - Processing /opt/airflow/dags/dagRun.py took 0.277 seconds
[2022-04-18 15:06:46,923] {scheduler_job.py:182} INFO - Started process (PID=8389) to work on /opt/airflow/dags/dagRun.py
[2022-04-18 15:06:46,924] {scheduler_job.py:629} INFO - Processing file /opt/airflow/dags/dagRun.py for tasks to queue
[2022-04-18 15:06:46,924] {logging_mixin.py:104} INFO - [2022-04-18 15:06:46,924] {dagbag.py:448} INFO - Filling up the DagBag from /opt/airflow/dags/dagRun.py
[2022-04-18 15:06:47,182] {scheduler_job.py:639} INFO - DAG(s) dict_keys(['analyze_json_data']) retrieved from /opt/airflow/dags/dagRun.py
[2022-04-18 15:06:47,197] {logging_mixin.py:104} INFO - [2022-04-18 15:06:47,197] {dag.py:1818} INFO - Sync 1 DAGs
[2022-04-18 15:06:47,207] {logging_mixin.py:104} INFO - [2022-04-18 15:06:47,207] {dag.py:2273} INFO - Setting next_dagrun for analyze_json_data to 2022-04-18 00:00:00+00:00
[2022-04-18 15:06:47,210] {scheduler_job.py:190} INFO - Processing /opt/airflow/dags/dagRun.py took 0.290 seconds
