[2022-06-25 08:30:29,537] {taskinstance.py:851} INFO - Dependencies all met for <TaskInstance: analyze_json_data.getLastProcessedDate 2022-06-24T00:00:00+00:00 [queued]>
[2022-06-25 08:30:29,544] {taskinstance.py:851} INFO - Dependencies all met for <TaskInstance: analyze_json_data.getLastProcessedDate 2022-06-24T00:00:00+00:00 [queued]>
[2022-06-25 08:30:29,544] {taskinstance.py:1042} INFO - 
--------------------------------------------------------------------------------
[2022-06-25 08:30:29,544] {taskinstance.py:1043} INFO - Starting attempt 1 of 4
[2022-06-25 08:30:29,544] {taskinstance.py:1044} INFO - 
--------------------------------------------------------------------------------
[2022-06-25 08:30:29,554] {taskinstance.py:1063} INFO - Executing <Task(PythonOperator): getLastProcessedDate> on 2022-06-24T00:00:00+00:00
[2022-06-25 08:30:29,557] {standard_task_runner.py:52} INFO - Started process 282 to run task
[2022-06-25 08:30:29,560] {standard_task_runner.py:76} INFO - Running: ['airflow', 'tasks', 'run', 'analyze_json_data', 'getLastProcessedDate', '2022-06-24T00:00:00+00:00', '--job-id', '332', '--pool', 'default_pool', '--raw', '--subdir', 'DAGS_FOLDER/dagRun.py', '--cfg-path', '/tmp/tmpu7b0feh1', '--error-file', '/tmp/tmpk8pdapug']
[2022-06-25 08:30:29,562] {standard_task_runner.py:77} INFO - Job 332: Subtask getLastProcessedDate
[2022-06-25 08:30:29,594] {logging_mixin.py:104} INFO - Running <TaskInstance: analyze_json_data.getLastProcessedDate 2022-06-24T00:00:00+00:00 [running]> on host 1189a6233bd7
[2022-06-25 08:30:29,623] {taskinstance.py:1257} INFO - Exporting the following env vars:
AIRFLOW_CTX_DAG_OWNER=Renato_Otescu
AIRFLOW_CTX_DAG_ID=analyze_json_data
AIRFLOW_CTX_TASK_ID=getLastProcessedDate
AIRFLOW_CTX_EXECUTION_DATE=2022-06-24T00:00:00+00:00
AIRFLOW_CTX_DAG_RUN_ID=scheduled__2022-06-24T00:00:00+00:00
[2022-06-25 08:30:30,076] {python.py:118} INFO - Done. Returned value was: None
[2022-06-25 08:30:30,083] {taskinstance.py:1166} INFO - Marking task as SUCCESS. dag_id=analyze_json_data, task_id=getLastProcessedDate, execution_date=20220624T000000, start_date=20220625T083029, end_date=20220625T083030
[2022-06-25 08:30:30,104] {taskinstance.py:1220} INFO - 1 downstream tasks scheduled from follow-on schedule check
[2022-06-25 08:30:30,131] {local_task_job.py:146} INFO - Task exited with return code 0
[2022-06-25 09:11:59,003] {taskinstance.py:851} INFO - Dependencies all met for <TaskInstance: analyze_json_data.getLastProcessedDate 2022-06-24T00:00:00+00:00 [queued]>
[2022-06-25 09:11:59,015] {taskinstance.py:851} INFO - Dependencies all met for <TaskInstance: analyze_json_data.getLastProcessedDate 2022-06-24T00:00:00+00:00 [queued]>
[2022-06-25 09:11:59,015] {taskinstance.py:1042} INFO - 
--------------------------------------------------------------------------------
[2022-06-25 09:11:59,016] {taskinstance.py:1043} INFO - Starting attempt 1 of 4
[2022-06-25 09:11:59,016] {taskinstance.py:1044} INFO - 
--------------------------------------------------------------------------------
[2022-06-25 09:11:59,021] {taskinstance.py:1063} INFO - Executing <Task(PythonOperator): getLastProcessedDate> on 2022-06-24T00:00:00+00:00
[2022-06-25 09:11:59,025] {standard_task_runner.py:52} INFO - Started process 849 to run task
[2022-06-25 09:11:59,027] {standard_task_runner.py:76} INFO - Running: ['airflow', 'tasks', 'run', 'analyze_json_data', 'getLastProcessedDate', '2022-06-24T00:00:00+00:00', '--job-id', '349', '--pool', 'default_pool', '--raw', '--subdir', 'DAGS_FOLDER/dagRun.py', '--cfg-path', '/tmp/tmp3lne_540', '--error-file', '/tmp/tmporm4yamj']
[2022-06-25 09:11:59,029] {standard_task_runner.py:77} INFO - Job 349: Subtask getLastProcessedDate
[2022-06-25 09:11:59,061] {logging_mixin.py:104} INFO - Running <TaskInstance: analyze_json_data.getLastProcessedDate 2022-06-24T00:00:00+00:00 [running]> on host bb303642214a
[2022-06-25 09:11:59,090] {taskinstance.py:1257} INFO - Exporting the following env vars:
AIRFLOW_CTX_DAG_OWNER=Renato_Otescu
AIRFLOW_CTX_DAG_ID=analyze_json_data
AIRFLOW_CTX_TASK_ID=getLastProcessedDate
AIRFLOW_CTX_EXECUTION_DATE=2022-06-24T00:00:00+00:00
AIRFLOW_CTX_DAG_RUN_ID=scheduled__2022-06-24T00:00:00+00:00
[2022-06-25 09:11:59,531] {python.py:118} INFO - Done. Returned value was: None
[2022-06-25 09:11:59,537] {taskinstance.py:1166} INFO - Marking task as SUCCESS. dag_id=analyze_json_data, task_id=getLastProcessedDate, execution_date=20220624T000000, start_date=20220625T091159, end_date=20220625T091159
[2022-06-25 09:11:59,560] {taskinstance.py:1220} INFO - 1 downstream tasks scheduled from follow-on schedule check
[2022-06-25 09:11:59,599] {local_task_job.py:146} INFO - Task exited with return code 0
