[2022-04-16 01:52:14,955] {taskinstance.py:851} INFO - Dependencies all met for <TaskInstance: analyze_json_data.parseJsonFile 2022-04-11T00:00:00+00:00 [queued]>
[2022-04-16 01:52:14,966] {taskinstance.py:851} INFO - Dependencies all met for <TaskInstance: analyze_json_data.parseJsonFile 2022-04-11T00:00:00+00:00 [queued]>
[2022-04-16 01:52:14,966] {taskinstance.py:1042} INFO - 
--------------------------------------------------------------------------------
[2022-04-16 01:52:14,966] {taskinstance.py:1043} INFO - Starting attempt 1 of 4
[2022-04-16 01:52:14,966] {taskinstance.py:1044} INFO - 
--------------------------------------------------------------------------------
[2022-04-16 01:52:14,970] {taskinstance.py:1063} INFO - Executing <Task(BranchPythonOperator): parseJsonFile> on 2022-04-11T00:00:00+00:00
[2022-04-16 01:52:14,973] {standard_task_runner.py:52} INFO - Started process 315 to run task
[2022-04-16 01:52:14,975] {standard_task_runner.py:76} INFO - Running: ['airflow', 'tasks', 'run', 'analyze_json_data', 'parseJsonFile', '2022-04-11T00:00:00+00:00', '--job-id', '174', '--pool', 'default_pool', '--raw', '--subdir', 'DAGS_FOLDER/dagRun.py', '--cfg-path', '/tmp/tmpy9qk863b', '--error-file', '/tmp/tmp6yyip4ox']
[2022-04-16 01:52:14,977] {standard_task_runner.py:77} INFO - Job 174: Subtask parseJsonFile
[2022-04-16 01:52:15,005] {logging_mixin.py:104} INFO - Running <TaskInstance: analyze_json_data.parseJsonFile 2022-04-11T00:00:00+00:00 [running]> on host 184ae5fa8a0d
[2022-04-16 01:52:15,033] {taskinstance.py:1257} INFO - Exporting the following env vars:
AIRFLOW_CTX_DAG_OWNER=Renato_Otescu
AIRFLOW_CTX_DAG_ID=analyze_json_data
AIRFLOW_CTX_TASK_ID=parseJsonFile
AIRFLOW_CTX_EXECUTION_DATE=2022-04-11T00:00:00+00:00
AIRFLOW_CTX_DAG_RUN_ID=scheduled__2022-04-11T00:00:00+00:00
[2022-04-16 01:52:15,044] {s3.py:793} INFO - Downloading source S3 file from Bucket airflow-raw with path countyData.json
[2022-04-16 01:52:15,045] {base_aws.py:362} INFO - Airflow Connection: aws_conn_id=aws_default
[2022-04-16 01:52:15,045] {crypto.py:82} WARNING - empty cryptography key - values will not be stored encrypted.
[2022-04-16 01:52:15,047] {base_aws.py:171} INFO - Credentials retrieved from extra_config['s3_config_file']
[2022-04-16 01:52:15,047] {base_aws.py:81} INFO - Creating session with aws_access_key_id=AKIA2RNRZHIUSS5EYBCG region_name=None
[2022-04-16 01:52:15,055] {base_aws.py:151} INFO - role_arn is None
[2022-04-16 01:52:15,797] {base_aws.py:362} INFO - Airflow Connection: aws_conn_id=aws_default
[2022-04-16 01:52:15,798] {base_aws.py:171} INFO - Credentials retrieved from extra_config['s3_config_file']
[2022-04-16 01:52:15,798] {base_aws.py:81} INFO - Creating session with aws_access_key_id=AKIA2RNRZHIUSS5EYBCG region_name=None
[2022-04-16 01:52:15,810] {base_aws.py:151} INFO - role_arn is None
[2022-04-16 01:52:22,448] {python.py:118} INFO - Done. Returned value was: processParsedData
[2022-04-16 01:52:22,448] {skipmixin.py:124} INFO - Following branch processParsedData
[2022-04-16 01:52:22,454] {skipmixin.py:155} INFO - Skipping tasks []
[2022-04-16 01:52:22,476] {taskinstance.py:1166} INFO - Marking task as SUCCESS. dag_id=analyze_json_data, task_id=parseJsonFile, execution_date=20220411T000000, start_date=20220416T015214, end_date=20220416T015222
[2022-04-16 01:52:22,498] {taskinstance.py:1220} INFO - 1 downstream tasks scheduled from follow-on schedule check
[2022-04-16 01:52:22,513] {local_task_job.py:146} INFO - Task exited with return code 0
