[2022-04-19 15:30:58,400] {taskinstance.py:851} INFO - Dependencies all met for <TaskInstance: analyze_json_data.getDate 2022-04-19T15:30:56.246116+00:00 [queued]>
[2022-04-19 15:30:58,407] {taskinstance.py:851} INFO - Dependencies all met for <TaskInstance: analyze_json_data.getDate 2022-04-19T15:30:56.246116+00:00 [queued]>
[2022-04-19 15:30:58,407] {taskinstance.py:1042} INFO - 
--------------------------------------------------------------------------------
[2022-04-19 15:30:58,407] {taskinstance.py:1043} INFO - Starting attempt 1 of 4
[2022-04-19 15:30:58,407] {taskinstance.py:1044} INFO - 
--------------------------------------------------------------------------------
[2022-04-19 15:30:58,417] {taskinstance.py:1063} INFO - Executing <Task(BranchPythonOperator): getDate> on 2022-04-19T15:30:56.246116+00:00
[2022-04-19 15:30:58,422] {standard_task_runner.py:52} INFO - Started process 443 to run task
[2022-04-19 15:30:58,425] {standard_task_runner.py:76} INFO - Running: ['airflow', 'tasks', 'run', 'analyze_json_data', 'getDate', '2022-04-19T15:30:56.246116+00:00', '--job-id', '239', '--pool', 'default_pool', '--raw', '--subdir', 'DAGS_FOLDER/dagRun.py', '--cfg-path', '/tmp/tmpe8a2cksx', '--error-file', '/tmp/tmpmufzlu3w']
[2022-04-19 15:30:58,427] {standard_task_runner.py:77} INFO - Job 239: Subtask getDate
[2022-04-19 15:30:58,459] {logging_mixin.py:104} INFO - Running <TaskInstance: analyze_json_data.getDate 2022-04-19T15:30:56.246116+00:00 [running]> on host 6a1987cfb959
[2022-04-19 15:30:58,529] {taskinstance.py:1257} INFO - Exporting the following env vars:
AIRFLOW_CTX_DAG_OWNER=anhlbt
AIRFLOW_CTX_DAG_ID=analyze_json_data
AIRFLOW_CTX_TASK_ID=getDate
AIRFLOW_CTX_EXECUTION_DATE=2022-04-19T15:30:56.246116+00:00
AIRFLOW_CTX_DAG_RUN_ID=manual__2022-04-19T15:30:56.246116+00:00
[2022-04-19 15:30:58,534] {python.py:118} INFO - Done. Returned value was: parseJsonFile
[2022-04-19 15:30:58,534] {skipmixin.py:124} INFO - Following branch parseJsonFile
[2022-04-19 15:30:58,539] {skipmixin.py:155} INFO - Skipping tasks []
[2022-04-19 15:30:58,559] {taskinstance.py:1166} INFO - Marking task as SUCCESS. dag_id=analyze_json_data, task_id=getDate, execution_date=20220419T153056, start_date=20220419T153058, end_date=20220419T153058
[2022-04-19 15:30:58,586] {taskinstance.py:1220} INFO - 1 downstream tasks scheduled from follow-on schedule check
[2022-04-19 15:30:58,595] {local_task_job.py:146} INFO - Task exited with return code 0
