[2022-04-17 01:54:15,863] {taskinstance.py:851} INFO - Dependencies all met for <TaskInstance: analyze_json_data.getDate 2022-04-16T00:00:00+00:00 [queued]>
[2022-04-17 01:54:15,868] {taskinstance.py:851} INFO - Dependencies all met for <TaskInstance: analyze_json_data.getDate 2022-04-16T00:00:00+00:00 [queued]>
[2022-04-17 01:54:15,868] {taskinstance.py:1042} INFO - 
--------------------------------------------------------------------------------
[2022-04-17 01:54:15,868] {taskinstance.py:1043} INFO - Starting attempt 1 of 4
[2022-04-17 01:54:15,868] {taskinstance.py:1044} INFO - 
--------------------------------------------------------------------------------
[2022-04-17 01:54:15,876] {taskinstance.py:1063} INFO - Executing <Task(BranchPythonOperator): getDate> on 2022-04-16T00:00:00+00:00
[2022-04-17 01:54:15,879] {standard_task_runner.py:52} INFO - Started process 308 to run task
[2022-04-17 01:54:15,882] {standard_task_runner.py:76} INFO - Running: ['airflow', 'tasks', 'run', 'analyze_json_data', 'getDate', '2022-04-16T00:00:00+00:00', '--job-id', '186', '--pool', 'default_pool', '--raw', '--subdir', 'DAGS_FOLDER/dagRun.py', '--cfg-path', '/tmp/tmpf6ztq5gu', '--error-file', '/tmp/tmpu8pjnfij']
[2022-04-17 01:54:15,884] {standard_task_runner.py:77} INFO - Job 186: Subtask getDate
[2022-04-17 01:54:15,909] {logging_mixin.py:104} INFO - Running <TaskInstance: analyze_json_data.getDate 2022-04-16T00:00:00+00:00 [running]> on host 184ae5fa8a0d
[2022-04-17 01:54:15,936] {taskinstance.py:1257} INFO - Exporting the following env vars:
AIRFLOW_CTX_DAG_OWNER=Renato_Otescu
AIRFLOW_CTX_DAG_ID=analyze_json_data
AIRFLOW_CTX_TASK_ID=getDate
AIRFLOW_CTX_EXECUTION_DATE=2022-04-16T00:00:00+00:00
AIRFLOW_CTX_DAG_RUN_ID=scheduled__2022-04-16T00:00:00+00:00
[2022-04-17 01:54:15,943] {python.py:118} INFO - Done. Returned value was: parseJsonFile
[2022-04-17 01:54:15,943] {skipmixin.py:124} INFO - Following branch parseJsonFile
[2022-04-17 01:54:15,948] {skipmixin.py:155} INFO - Skipping tasks []
[2022-04-17 01:54:15,969] {taskinstance.py:1166} INFO - Marking task as SUCCESS. dag_id=analyze_json_data, task_id=getDate, execution_date=20220416T000000, start_date=20220417T015415, end_date=20220417T015415
[2022-04-17 01:54:15,993] {taskinstance.py:1220} INFO - 1 downstream tasks scheduled from follow-on schedule check
[2022-04-17 01:54:16,012] {local_task_job.py:146} INFO - Task exited with return code 0
