[2022-04-11 14:33:45,750] {taskinstance.py:851} INFO - Dependencies all met for <TaskInstance: analyze_json_data.getDate 2022-04-11T14:14:58.677983+00:00 [queued]>
[2022-04-11 14:33:45,762] {taskinstance.py:851} INFO - Dependencies all met for <TaskInstance: analyze_json_data.getDate 2022-04-11T14:14:58.677983+00:00 [queued]>
[2022-04-11 14:33:45,763] {taskinstance.py:1042} INFO - 
--------------------------------------------------------------------------------
[2022-04-11 14:33:45,763] {taskinstance.py:1043} INFO - Starting attempt 1 of 4
[2022-04-11 14:33:45,763] {taskinstance.py:1044} INFO - 
--------------------------------------------------------------------------------
[2022-04-11 14:33:45,771] {taskinstance.py:1063} INFO - Executing <Task(BranchPythonOperator): getDate> on 2022-04-11T14:14:58.677983+00:00
[2022-04-11 14:33:45,776] {standard_task_runner.py:52} INFO - Started process 5844 to run task
[2022-04-11 14:33:45,779] {standard_task_runner.py:76} INFO - Running: ['airflow', 'tasks', 'run', 'analyze_json_data', 'getDate', '2022-04-11T14:14:58.677983+00:00', '--job-id', '111', '--pool', 'default_pool', '--raw', '--subdir', 'DAGS_FOLDER/dagRun.py', '--cfg-path', '/tmp/tmp67hkk_6c', '--error-file', '/tmp/tmp6jhhqd7p']
[2022-04-11 14:33:45,781] {standard_task_runner.py:77} INFO - Job 111: Subtask getDate
[2022-04-11 14:33:45,806] {logging_mixin.py:104} INFO - Running <TaskInstance: analyze_json_data.getDate 2022-04-11T14:14:58.677983+00:00 [running]> on host ac6721d0506b
[2022-04-11 14:33:45,832] {taskinstance.py:1257} INFO - Exporting the following env vars:
AIRFLOW_CTX_DAG_OWNER=Renato_Otescu
AIRFLOW_CTX_DAG_ID=analyze_json_data
AIRFLOW_CTX_TASK_ID=getDate
AIRFLOW_CTX_EXECUTION_DATE=2022-04-11T14:14:58.677983+00:00
AIRFLOW_CTX_DAG_RUN_ID=manual__2022-04-11T14:14:58.677983+00:00
[2022-04-11 14:33:45,839] {python.py:118} INFO - Done. Returned value was: parseJsonFile
[2022-04-11 14:33:45,839] {skipmixin.py:124} INFO - Following branch parseJsonFile
[2022-04-11 14:33:45,844] {skipmixin.py:155} INFO - Skipping tasks []
[2022-04-11 14:33:45,863] {taskinstance.py:1166} INFO - Marking task as SUCCESS. dag_id=analyze_json_data, task_id=getDate, execution_date=20220411T141458, start_date=20220411T143345, end_date=20220411T143345
[2022-04-11 14:33:45,891] {taskinstance.py:1220} INFO - 1 downstream tasks scheduled from follow-on schedule check
[2022-04-11 14:33:45,909] {local_task_job.py:146} INFO - Task exited with return code 0
