[2022-05-02 14:46:30,790] {taskinstance.py:851} INFO - Dependencies all met for <TaskInstance: analyze_json_data.getDate 2022-05-01T00:00:00+00:00 [queued]>
[2022-05-02 14:46:30,796] {taskinstance.py:851} INFO - Dependencies all met for <TaskInstance: analyze_json_data.getDate 2022-05-01T00:00:00+00:00 [queued]>
[2022-05-02 14:46:30,797] {taskinstance.py:1042} INFO - 
--------------------------------------------------------------------------------
[2022-05-02 14:46:30,797] {taskinstance.py:1043} INFO - Starting attempt 1 of 4
[2022-05-02 14:46:30,797] {taskinstance.py:1044} INFO - 
--------------------------------------------------------------------------------
[2022-05-02 14:46:30,806] {taskinstance.py:1063} INFO - Executing <Task(BranchPythonOperator): getDate> on 2022-05-01T00:00:00+00:00
[2022-05-02 14:46:30,809] {standard_task_runner.py:52} INFO - Started process 311 to run task
[2022-05-02 14:46:30,812] {standard_task_runner.py:76} INFO - Running: ['airflow', 'tasks', 'run', 'analyze_json_data', 'getDate', '2022-05-01T00:00:00+00:00', '--job-id', '282', '--pool', 'default_pool', '--raw', '--subdir', 'DAGS_FOLDER/dagRun.py', '--cfg-path', '/tmp/tmpzj_29786', '--error-file', '/tmp/tmp9j857xjg']
[2022-05-02 14:46:30,814] {standard_task_runner.py:77} INFO - Job 282: Subtask getDate
[2022-05-02 14:46:30,842] {logging_mixin.py:104} INFO - Running <TaskInstance: analyze_json_data.getDate 2022-05-01T00:00:00+00:00 [running]> on host 1189a6233bd7
[2022-05-02 14:46:30,867] {taskinstance.py:1257} INFO - Exporting the following env vars:
AIRFLOW_CTX_DAG_OWNER=Renato_Otescu
AIRFLOW_CTX_DAG_ID=analyze_json_data
AIRFLOW_CTX_TASK_ID=getDate
AIRFLOW_CTX_EXECUTION_DATE=2022-05-01T00:00:00+00:00
AIRFLOW_CTX_DAG_RUN_ID=scheduled__2022-05-01T00:00:00+00:00
[2022-05-02 14:46:30,873] {python.py:118} INFO - Done. Returned value was: parseJsonFile
[2022-05-02 14:46:30,873] {skipmixin.py:124} INFO - Following branch parseJsonFile
[2022-05-02 14:46:30,878] {skipmixin.py:155} INFO - Skipping tasks []
[2022-05-02 14:46:30,898] {taskinstance.py:1166} INFO - Marking task as SUCCESS. dag_id=analyze_json_data, task_id=getDate, execution_date=20220501T000000, start_date=20220502T144630, end_date=20220502T144630
[2022-05-02 14:46:30,925] {taskinstance.py:1220} INFO - 1 downstream tasks scheduled from follow-on schedule check
[2022-05-02 14:46:30,943] {local_task_job.py:146} INFO - Task exited with return code 0
