[2022-05-02 14:46:31,833] {taskinstance.py:851} INFO - Dependencies all met for <TaskInstance: analyze_json_data.parseJsonFile 2022-05-01T00:00:00+00:00 [queued]>
[2022-05-02 14:46:31,842] {taskinstance.py:851} INFO - Dependencies all met for <TaskInstance: analyze_json_data.parseJsonFile 2022-05-01T00:00:00+00:00 [queued]>
[2022-05-02 14:46:31,842] {taskinstance.py:1042} INFO - 
--------------------------------------------------------------------------------
[2022-05-02 14:46:31,842] {taskinstance.py:1043} INFO - Starting attempt 1 of 4
[2022-05-02 14:46:31,842] {taskinstance.py:1044} INFO - 
--------------------------------------------------------------------------------
[2022-05-02 14:46:31,852] {taskinstance.py:1063} INFO - Executing <Task(BranchPythonOperator): parseJsonFile> on 2022-05-01T00:00:00+00:00
[2022-05-02 14:46:31,856] {standard_task_runner.py:52} INFO - Started process 315 to run task
[2022-05-02 14:46:31,858] {standard_task_runner.py:76} INFO - Running: ['airflow', 'tasks', 'run', 'analyze_json_data', 'parseJsonFile', '2022-05-01T00:00:00+00:00', '--job-id', '284', '--pool', 'default_pool', '--raw', '--subdir', 'DAGS_FOLDER/dagRun.py', '--cfg-path', '/tmp/tmpfkwx5rvj', '--error-file', '/tmp/tmpzlx0plzk']
[2022-05-02 14:46:31,860] {standard_task_runner.py:77} INFO - Job 284: Subtask parseJsonFile
[2022-05-02 14:46:31,891] {logging_mixin.py:104} INFO - Running <TaskInstance: analyze_json_data.parseJsonFile 2022-05-01T00:00:00+00:00 [running]> on host 1189a6233bd7
[2022-05-02 14:46:31,920] {taskinstance.py:1257} INFO - Exporting the following env vars:
AIRFLOW_CTX_DAG_OWNER=Renato_Otescu
AIRFLOW_CTX_DAG_ID=analyze_json_data
AIRFLOW_CTX_TASK_ID=parseJsonFile
AIRFLOW_CTX_EXECUTION_DATE=2022-05-01T00:00:00+00:00
AIRFLOW_CTX_DAG_RUN_ID=scheduled__2022-05-01T00:00:00+00:00
[2022-05-02 14:46:31,931] {s3.py:793} INFO - Downloading source S3 file from Bucket airflow-raw with path countyData.json
[2022-05-02 14:46:31,932] {base_aws.py:362} INFO - Airflow Connection: aws_conn_id=aws_default
[2022-05-02 14:46:31,932] {crypto.py:82} WARNING - empty cryptography key - values will not be stored encrypted.
[2022-05-02 14:46:31,933] {base_aws.py:171} INFO - Credentials retrieved from extra_config['s3_config_file']
[2022-05-02 14:46:31,933] {base_aws.py:81} INFO - Creating session with aws_access_key_id=AKIA2RNRZHIUSS5EYBCG region_name=None
[2022-05-02 14:46:31,941] {base_aws.py:151} INFO - role_arn is None
[2022-05-02 14:46:32,682] {base_aws.py:362} INFO - Airflow Connection: aws_conn_id=aws_default
[2022-05-02 14:46:32,683] {base_aws.py:171} INFO - Credentials retrieved from extra_config['s3_config_file']
[2022-05-02 14:46:32,683] {base_aws.py:81} INFO - Creating session with aws_access_key_id=AKIA2RNRZHIUSS5EYBCG region_name=None
[2022-05-02 14:46:32,693] {base_aws.py:151} INFO - role_arn is None
[2022-05-02 14:46:39,656] {python.py:118} INFO - Done. Returned value was: processParsedData
[2022-05-02 14:46:39,657] {skipmixin.py:124} INFO - Following branch processParsedData
[2022-05-02 14:46:39,663] {skipmixin.py:155} INFO - Skipping tasks []
[2022-05-02 14:46:39,686] {taskinstance.py:1166} INFO - Marking task as SUCCESS. dag_id=analyze_json_data, task_id=parseJsonFile, execution_date=20220501T000000, start_date=20220502T144631, end_date=20220502T144639
[2022-05-02 14:46:39,713] {taskinstance.py:1220} INFO - 1 downstream tasks scheduled from follow-on schedule check
[2022-05-02 14:46:39,757] {local_task_job.py:146} INFO - Task exited with return code 0
