[2022-04-11 15:25:47,448] {taskinstance.py:851} INFO - Dependencies all met for <TaskInstance: analyze_json_data.getDate 2022-04-11T15:25:45.726543+00:00 [queued]>
[2022-04-11 15:25:47,456] {taskinstance.py:851} INFO - Dependencies all met for <TaskInstance: analyze_json_data.getDate 2022-04-11T15:25:45.726543+00:00 [queued]>
[2022-04-11 15:25:47,456] {taskinstance.py:1042} INFO - 
--------------------------------------------------------------------------------
[2022-04-11 15:25:47,456] {taskinstance.py:1043} INFO - Starting attempt 1 of 4
[2022-04-11 15:25:47,456] {taskinstance.py:1044} INFO - 
--------------------------------------------------------------------------------
[2022-04-11 15:25:47,465] {taskinstance.py:1063} INFO - Executing <Task(BranchPythonOperator): getDate> on 2022-04-11T15:25:45.726543+00:00
[2022-04-11 15:25:47,470] {standard_task_runner.py:52} INFO - Started process 541 to run task
[2022-04-11 15:25:47,472] {standard_task_runner.py:76} INFO - Running: ['airflow', 'tasks', 'run', 'analyze_json_data', 'getDate', '2022-04-11T15:25:45.726543+00:00', '--job-id', '158', '--pool', 'default_pool', '--raw', '--subdir', 'DAGS_FOLDER/dagRun.py', '--cfg-path', '/tmp/tmpt2nrqfxn', '--error-file', '/tmp/tmpznhngqbz']
[2022-04-11 15:25:47,475] {standard_task_runner.py:77} INFO - Job 158: Subtask getDate
[2022-04-11 15:25:47,505] {logging_mixin.py:104} INFO - Running <TaskInstance: analyze_json_data.getDate 2022-04-11T15:25:45.726543+00:00 [running]> on host 184ae5fa8a0d
[2022-04-11 15:25:47,535] {taskinstance.py:1257} INFO - Exporting the following env vars:
AIRFLOW_CTX_DAG_OWNER=Renato_Otescu
AIRFLOW_CTX_DAG_ID=analyze_json_data
AIRFLOW_CTX_TASK_ID=getDate
AIRFLOW_CTX_EXECUTION_DATE=2022-04-11T15:25:45.726543+00:00
AIRFLOW_CTX_DAG_RUN_ID=manual__2022-04-11T15:25:45.726543+00:00
[2022-04-11 15:25:47,541] {python.py:118} INFO - Done. Returned value was: parseJsonFile
[2022-04-11 15:25:47,542] {skipmixin.py:124} INFO - Following branch parseJsonFile
[2022-04-11 15:25:47,547] {skipmixin.py:155} INFO - Skipping tasks []
[2022-04-11 15:25:47,567] {taskinstance.py:1166} INFO - Marking task as SUCCESS. dag_id=analyze_json_data, task_id=getDate, execution_date=20220411T152545, start_date=20220411T152547, end_date=20220411T152547
[2022-04-11 15:25:47,593] {taskinstance.py:1220} INFO - 1 downstream tasks scheduled from follow-on schedule check
[2022-04-11 15:25:47,603] {local_task_job.py:146} INFO - Task exited with return code 0
