[2022-05-07 14:14:00,710] {taskinstance.py:851} INFO - Dependencies all met for <TaskInstance: analyze_json_data.getLastProcessedDate 2022-05-06T00:00:00+00:00 [queued]>
[2022-05-07 14:14:00,718] {taskinstance.py:851} INFO - Dependencies all met for <TaskInstance: analyze_json_data.getLastProcessedDate 2022-05-06T00:00:00+00:00 [queued]>
[2022-05-07 14:14:00,718] {taskinstance.py:1042} INFO - 
--------------------------------------------------------------------------------
[2022-05-07 14:14:00,718] {taskinstance.py:1043} INFO - Starting attempt 1 of 4
[2022-05-07 14:14:00,718] {taskinstance.py:1044} INFO - 
--------------------------------------------------------------------------------
[2022-05-07 14:14:00,728] {taskinstance.py:1063} INFO - Executing <Task(PythonOperator): getLastProcessedDate> on 2022-05-06T00:00:00+00:00
[2022-05-07 14:14:00,731] {standard_task_runner.py:52} INFO - Started process 274 to run task
[2022-05-07 14:14:00,733] {standard_task_runner.py:76} INFO - Running: ['airflow', 'tasks', 'run', 'analyze_json_data', 'getLastProcessedDate', '2022-05-06T00:00:00+00:00', '--job-id', '296', '--pool', 'default_pool', '--raw', '--subdir', 'DAGS_FOLDER/dagRun.py', '--cfg-path', '/tmp/tmprodwtx2i', '--error-file', '/tmp/tmprbh3qt9y']
[2022-05-07 14:14:00,734] {standard_task_runner.py:77} INFO - Job 296: Subtask getLastProcessedDate
[2022-05-07 14:14:00,768] {logging_mixin.py:104} INFO - Running <TaskInstance: analyze_json_data.getLastProcessedDate 2022-05-06T00:00:00+00:00 [running]> on host 1189a6233bd7
[2022-05-07 14:14:00,801] {taskinstance.py:1257} INFO - Exporting the following env vars:
AIRFLOW_CTX_DAG_OWNER=Renato_Otescu
AIRFLOW_CTX_DAG_ID=analyze_json_data
AIRFLOW_CTX_TASK_ID=getLastProcessedDate
AIRFLOW_CTX_EXECUTION_DATE=2022-05-06T00:00:00+00:00
AIRFLOW_CTX_DAG_RUN_ID=scheduled__2022-05-06T00:00:00+00:00
[2022-05-07 14:14:01,203] {python.py:118} INFO - Done. Returned value was: None
[2022-05-07 14:14:01,211] {taskinstance.py:1166} INFO - Marking task as SUCCESS. dag_id=analyze_json_data, task_id=getLastProcessedDate, execution_date=20220506T000000, start_date=20220507T141400, end_date=20220507T141401
[2022-05-07 14:14:01,233] {taskinstance.py:1220} INFO - 1 downstream tasks scheduled from follow-on schedule check
[2022-05-07 14:14:01,266] {local_task_job.py:146} INFO - Task exited with return code 0
