[2022-04-18 14:37:03,571] {taskinstance.py:851} INFO - Dependencies all met for <TaskInstance: analyze_json_data.getDate 2022-04-17T00:00:00+00:00 [queued]>
[2022-04-18 14:37:03,578] {taskinstance.py:851} INFO - Dependencies all met for <TaskInstance: analyze_json_data.getDate 2022-04-17T00:00:00+00:00 [queued]>
[2022-04-18 14:37:03,578] {taskinstance.py:1042} INFO - 
--------------------------------------------------------------------------------
[2022-04-18 14:37:03,579] {taskinstance.py:1043} INFO - Starting attempt 1 of 4
[2022-04-18 14:37:03,579] {taskinstance.py:1044} INFO - 
--------------------------------------------------------------------------------
[2022-04-18 14:37:03,587] {taskinstance.py:1063} INFO - Executing <Task(BranchPythonOperator): getDate> on 2022-04-17T00:00:00+00:00
[2022-04-18 14:37:03,590] {standard_task_runner.py:52} INFO - Started process 309 to run task
[2022-04-18 14:37:03,592] {standard_task_runner.py:76} INFO - Running: ['airflow', 'tasks', 'run', 'analyze_json_data', 'getDate', '2022-04-17T00:00:00+00:00', '--job-id', '204', '--pool', 'default_pool', '--raw', '--subdir', 'DAGS_FOLDER/dagRun.py', '--cfg-path', '/tmp/tmp6sy2xrfi', '--error-file', '/tmp/tmp9vrcqzbd']
[2022-04-18 14:37:03,593] {standard_task_runner.py:77} INFO - Job 204: Subtask getDate
[2022-04-18 14:37:03,622] {logging_mixin.py:104} INFO - Running <TaskInstance: analyze_json_data.getDate 2022-04-17T00:00:00+00:00 [running]> on host 79776f5a39da
[2022-04-18 14:37:03,652] {taskinstance.py:1257} INFO - Exporting the following env vars:
AIRFLOW_CTX_DAG_OWNER=Renato_Otescu
AIRFLOW_CTX_DAG_ID=analyze_json_data
AIRFLOW_CTX_TASK_ID=getDate
AIRFLOW_CTX_EXECUTION_DATE=2022-04-17T00:00:00+00:00
AIRFLOW_CTX_DAG_RUN_ID=scheduled__2022-04-17T00:00:00+00:00
[2022-04-18 14:37:03,658] {python.py:118} INFO - Done. Returned value was: parseJsonFile
[2022-04-18 14:37:03,659] {skipmixin.py:124} INFO - Following branch parseJsonFile
[2022-04-18 14:37:03,665] {skipmixin.py:155} INFO - Skipping tasks []
[2022-04-18 14:37:03,684] {taskinstance.py:1166} INFO - Marking task as SUCCESS. dag_id=analyze_json_data, task_id=getDate, execution_date=20220417T000000, start_date=20220418T143703, end_date=20220418T143703
[2022-04-18 14:37:03,709] {taskinstance.py:1220} INFO - 1 downstream tasks scheduled from follow-on schedule check
[2022-04-18 14:37:03,724] {local_task_job.py:146} INFO - Task exited with return code 0
