[2022-05-02 14:46:28,887] {taskinstance.py:851} INFO - Dependencies all met for <TaskInstance: analyze_json_data.getLastProcessedDate 2022-05-01T00:00:00+00:00 [queued]>
[2022-05-02 14:46:28,895] {taskinstance.py:851} INFO - Dependencies all met for <TaskInstance: analyze_json_data.getLastProcessedDate 2022-05-01T00:00:00+00:00 [queued]>
[2022-05-02 14:46:28,895] {taskinstance.py:1042} INFO - 
--------------------------------------------------------------------------------
[2022-05-02 14:46:28,895] {taskinstance.py:1043} INFO - Starting attempt 1 of 4
[2022-05-02 14:46:28,895] {taskinstance.py:1044} INFO - 
--------------------------------------------------------------------------------
[2022-05-02 14:46:28,911] {taskinstance.py:1063} INFO - Executing <Task(PythonOperator): getLastProcessedDate> on 2022-05-01T00:00:00+00:00
[2022-05-02 14:46:28,949] {standard_task_runner.py:52} INFO - Started process 293 to run task
[2022-05-02 14:46:28,952] {standard_task_runner.py:76} INFO - Running: ['airflow', 'tasks', 'run', 'analyze_json_data', 'getLastProcessedDate', '2022-05-01T00:00:00+00:00', '--job-id', '280', '--pool', 'default_pool', '--raw', '--subdir', 'DAGS_FOLDER/dagRun.py', '--cfg-path', '/tmp/tmp7mefyf49', '--error-file', '/tmp/tmpx64vshlo']
[2022-05-02 14:46:28,954] {standard_task_runner.py:77} INFO - Job 280: Subtask getLastProcessedDate
[2022-05-02 14:46:28,984] {logging_mixin.py:104} INFO - Running <TaskInstance: analyze_json_data.getLastProcessedDate 2022-05-01T00:00:00+00:00 [running]> on host 1189a6233bd7
[2022-05-02 14:46:29,014] {taskinstance.py:1257} INFO - Exporting the following env vars:
AIRFLOW_CTX_DAG_OWNER=Renato_Otescu
AIRFLOW_CTX_DAG_ID=analyze_json_data
AIRFLOW_CTX_TASK_ID=getLastProcessedDate
AIRFLOW_CTX_EXECUTION_DATE=2022-05-01T00:00:00+00:00
AIRFLOW_CTX_DAG_RUN_ID=scheduled__2022-05-01T00:00:00+00:00
[2022-05-02 14:46:29,508] {python.py:118} INFO - Done. Returned value was: None
[2022-05-02 14:46:29,516] {taskinstance.py:1166} INFO - Marking task as SUCCESS. dag_id=analyze_json_data, task_id=getLastProcessedDate, execution_date=20220501T000000, start_date=20220502T144628, end_date=20220502T144629
[2022-05-02 14:46:29,538] {taskinstance.py:1220} INFO - 1 downstream tasks scheduled from follow-on schedule check
[2022-05-02 14:46:29,564] {local_task_job.py:146} INFO - Task exited with return code 0
