[2022-04-19 15:05:12,051] {taskinstance.py:851} INFO - Dependencies all met for <TaskInstance: analyze_json_data.getDate 2022-04-19T15:05:10.267375+00:00 [queued]>
[2022-04-19 15:05:12,063] {taskinstance.py:851} INFO - Dependencies all met for <TaskInstance: analyze_json_data.getDate 2022-04-19T15:05:10.267375+00:00 [queued]>
[2022-04-19 15:05:12,063] {taskinstance.py:1042} INFO - 
--------------------------------------------------------------------------------
[2022-04-19 15:05:12,063] {taskinstance.py:1043} INFO - Starting attempt 1 of 4
[2022-04-19 15:05:12,063] {taskinstance.py:1044} INFO - 
--------------------------------------------------------------------------------
[2022-04-19 15:05:12,069] {taskinstance.py:1063} INFO - Executing <Task(BranchPythonOperator): getDate> on 2022-04-19T15:05:10.267375+00:00
[2022-04-19 15:05:12,073] {standard_task_runner.py:52} INFO - Started process 7585 to run task
[2022-04-19 15:05:12,075] {standard_task_runner.py:76} INFO - Running: ['airflow', 'tasks', 'run', 'analyze_json_data', 'getDate', '2022-04-19T15:05:10.267375+00:00', '--job-id', '221', '--pool', 'default_pool', '--raw', '--subdir', 'DAGS_FOLDER/dagRun.py', '--cfg-path', '/tmp/tmprqqd_63b', '--error-file', '/tmp/tmpbk30_uhl']
[2022-04-19 15:05:12,078] {standard_task_runner.py:77} INFO - Job 221: Subtask getDate
[2022-04-19 15:05:12,107] {logging_mixin.py:104} INFO - Running <TaskInstance: analyze_json_data.getDate 2022-04-19T15:05:10.267375+00:00 [running]> on host 79776f5a39da
[2022-04-19 15:05:12,132] {taskinstance.py:1257} INFO - Exporting the following env vars:
AIRFLOW_CTX_DAG_OWNER=Renato_Otescu
AIRFLOW_CTX_DAG_ID=analyze_json_data
AIRFLOW_CTX_TASK_ID=getDate
AIRFLOW_CTX_EXECUTION_DATE=2022-04-19T15:05:10.267375+00:00
AIRFLOW_CTX_DAG_RUN_ID=manual__2022-04-19T15:05:10.267375+00:00
[2022-04-19 15:05:12,137] {python.py:118} INFO - Done. Returned value was: parseJsonFile
[2022-04-19 15:05:12,137] {skipmixin.py:124} INFO - Following branch parseJsonFile
[2022-04-19 15:05:12,143] {skipmixin.py:155} INFO - Skipping tasks []
[2022-04-19 15:05:12,162] {taskinstance.py:1166} INFO - Marking task as SUCCESS. dag_id=analyze_json_data, task_id=getDate, execution_date=20220419T150510, start_date=20220419T150512, end_date=20220419T150512
[2022-04-19 15:05:12,188] {taskinstance.py:1220} INFO - 1 downstream tasks scheduled from follow-on schedule check
[2022-04-19 15:05:12,206] {local_task_job.py:146} INFO - Task exited with return code 0
