[2022-04-11 09:41:55,638] {taskinstance.py:851} INFO - Dependencies all met for <TaskInstance: analyze_json_data.getLastProcessedDate 2022-04-11T09:27:03.154703+00:00 [queued]>
[2022-04-11 09:41:55,650] {taskinstance.py:851} INFO - Dependencies all met for <TaskInstance: analyze_json_data.getLastProcessedDate 2022-04-11T09:27:03.154703+00:00 [queued]>
[2022-04-11 09:41:55,650] {taskinstance.py:1042} INFO - 
--------------------------------------------------------------------------------
[2022-04-11 09:41:55,650] {taskinstance.py:1043} INFO - Starting attempt 1 of 4
[2022-04-11 09:41:55,650] {taskinstance.py:1044} INFO - 
--------------------------------------------------------------------------------
[2022-04-11 09:41:55,656] {taskinstance.py:1063} INFO - Executing <Task(PythonOperator): getLastProcessedDate> on 2022-04-11T09:27:03.154703+00:00
[2022-04-11 09:41:55,660] {standard_task_runner.py:52} INFO - Started process 443 to run task
[2022-04-11 09:41:55,662] {standard_task_runner.py:76} INFO - Running: ['airflow', 'tasks', 'run', 'analyze_json_data', 'getLastProcessedDate', '2022-04-11T09:27:03.154703+00:00', '--job-id', '70', '--pool', 'default_pool', '--raw', '--subdir', 'DAGS_FOLDER/dagRun.py', '--cfg-path', '/tmp/tmp19wbwphz', '--error-file', '/tmp/tmpzj0ol7dr']
[2022-04-11 09:41:55,664] {standard_task_runner.py:77} INFO - Job 70: Subtask getLastProcessedDate
[2022-04-11 09:41:55,688] {logging_mixin.py:104} INFO - Running <TaskInstance: analyze_json_data.getLastProcessedDate 2022-04-11T09:27:03.154703+00:00 [running]> on host bde73782e253
[2022-04-11 09:41:55,709] {taskinstance.py:1257} INFO - Exporting the following env vars:
AIRFLOW_CTX_DAG_OWNER=Renato_Otescu
AIRFLOW_CTX_DAG_ID=analyze_json_data
AIRFLOW_CTX_TASK_ID=getLastProcessedDate
AIRFLOW_CTX_EXECUTION_DATE=2022-04-11T09:27:03.154703+00:00
AIRFLOW_CTX_DAG_RUN_ID=manual__2022-04-11T09:27:03.154703+00:00
[2022-04-11 09:41:56,001] {python.py:118} INFO - Done. Returned value was: None
[2022-04-11 09:41:56,006] {taskinstance.py:1166} INFO - Marking task as SUCCESS. dag_id=analyze_json_data, task_id=getLastProcessedDate, execution_date=20220411T092703, start_date=20220411T094155, end_date=20220411T094156
[2022-04-11 09:41:56,028] {taskinstance.py:1220} INFO - 1 downstream tasks scheduled from follow-on schedule check
[2022-04-11 09:41:56,034] {local_task_job.py:146} INFO - Task exited with return code 0
