[2022-05-07 14:14:00,078] {scheduler_job.py:182} INFO - Started process (PID=180) to work on /home/airflow/.local/lib/python3.6/site-packages/airflow/example_dags/example_xcom.py
[2022-05-07 14:14:00,079] {scheduler_job.py:629} INFO - Processing file /home/airflow/.local/lib/python3.6/site-packages/airflow/example_dags/example_xcom.py for tasks to queue
[2022-05-07 14:14:00,080] {logging_mixin.py:104} INFO - [2022-05-07 14:14:00,080] {dagbag.py:448} INFO - Filling up the DagBag from /home/airflow/.local/lib/python3.6/site-packages/airflow/example_dags/example_xcom.py
[2022-05-07 14:14:00,086] {scheduler_job.py:639} INFO - DAG(s) dict_keys(['example_xcom']) retrieved from /home/airflow/.local/lib/python3.6/site-packages/airflow/example_dags/example_xcom.py
[2022-05-07 14:14:00,102] {logging_mixin.py:104} INFO - [2022-05-07 14:14:00,101] {dag.py:1818} INFO - Sync 1 DAGs
[2022-05-07 14:14:00,114] {logging_mixin.py:104} INFO - [2022-05-07 14:14:00,113] {dag.py:2273} INFO - Setting next_dagrun for example_xcom to 2022-05-05 00:00:00+00:00
[2022-05-07 14:14:00,122] {scheduler_job.py:190} INFO - Processing /home/airflow/.local/lib/python3.6/site-packages/airflow/example_dags/example_xcom.py took 0.046 seconds
[2022-05-07 14:14:31,056] {scheduler_job.py:182} INFO - Started process (PID=811) to work on /home/airflow/.local/lib/python3.6/site-packages/airflow/example_dags/example_xcom.py
[2022-05-07 14:14:31,057] {scheduler_job.py:629} INFO - Processing file /home/airflow/.local/lib/python3.6/site-packages/airflow/example_dags/example_xcom.py for tasks to queue
[2022-05-07 14:14:31,058] {logging_mixin.py:104} INFO - [2022-05-07 14:14:31,057] {dagbag.py:448} INFO - Filling up the DagBag from /home/airflow/.local/lib/python3.6/site-packages/airflow/example_dags/example_xcom.py
[2022-05-07 14:14:31,064] {scheduler_job.py:639} INFO - DAG(s) dict_keys(['example_xcom']) retrieved from /home/airflow/.local/lib/python3.6/site-packages/airflow/example_dags/example_xcom.py
[2022-05-07 14:14:31,078] {logging_mixin.py:104} INFO - [2022-05-07 14:14:31,077] {dag.py:1818} INFO - Sync 1 DAGs
[2022-05-07 14:14:31,087] {logging_mixin.py:104} INFO - [2022-05-07 14:14:31,087] {dag.py:2273} INFO - Setting next_dagrun for example_xcom to 2022-05-05 00:00:00+00:00
[2022-05-07 14:14:31,091] {scheduler_job.py:190} INFO - Processing /home/airflow/.local/lib/python3.6/site-packages/airflow/example_dags/example_xcom.py took 0.037 seconds
[2022-05-07 14:15:01,916] {scheduler_job.py:182} INFO - Started process (PID=1136) to work on /home/airflow/.local/lib/python3.6/site-packages/airflow/example_dags/example_xcom.py
[2022-05-07 14:15:01,917] {scheduler_job.py:629} INFO - Processing file /home/airflow/.local/lib/python3.6/site-packages/airflow/example_dags/example_xcom.py for tasks to queue
[2022-05-07 14:15:01,917] {logging_mixin.py:104} INFO - [2022-05-07 14:15:01,917] {dagbag.py:448} INFO - Filling up the DagBag from /home/airflow/.local/lib/python3.6/site-packages/airflow/example_dags/example_xcom.py
[2022-05-07 14:15:01,926] {scheduler_job.py:639} INFO - DAG(s) dict_keys(['example_xcom']) retrieved from /home/airflow/.local/lib/python3.6/site-packages/airflow/example_dags/example_xcom.py
[2022-05-07 14:15:01,938] {logging_mixin.py:104} INFO - [2022-05-07 14:15:01,938] {dag.py:1818} INFO - Sync 1 DAGs
[2022-05-07 14:15:01,947] {logging_mixin.py:104} INFO - [2022-05-07 14:15:01,947] {dag.py:2273} INFO - Setting next_dagrun for example_xcom to 2022-05-05 00:00:00+00:00
[2022-05-07 14:15:01,953] {scheduler_job.py:190} INFO - Processing /home/airflow/.local/lib/python3.6/site-packages/airflow/example_dags/example_xcom.py took 0.039 seconds
[2022-05-07 14:15:31,997] {scheduler_job.py:182} INFO - Started process (PID=1462) to work on /home/airflow/.local/lib/python3.6/site-packages/airflow/example_dags/example_xcom.py
[2022-05-07 14:15:31,998] {scheduler_job.py:629} INFO - Processing file /home/airflow/.local/lib/python3.6/site-packages/airflow/example_dags/example_xcom.py for tasks to queue
[2022-05-07 14:15:31,999] {logging_mixin.py:104} INFO - [2022-05-07 14:15:31,999] {dagbag.py:448} INFO - Filling up the DagBag from /home/airflow/.local/lib/python3.6/site-packages/airflow/example_dags/example_xcom.py
[2022-05-07 14:15:32,007] {scheduler_job.py:639} INFO - DAG(s) dict_keys(['example_xcom']) retrieved from /home/airflow/.local/lib/python3.6/site-packages/airflow/example_dags/example_xcom.py
[2022-05-07 14:15:32,018] {logging_mixin.py:104} INFO - [2022-05-07 14:15:32,018] {dag.py:1818} INFO - Sync 1 DAGs
[2022-05-07 14:15:32,027] {logging_mixin.py:104} INFO - [2022-05-07 14:15:32,027] {dag.py:2273} INFO - Setting next_dagrun for example_xcom to 2022-05-05 00:00:00+00:00
[2022-05-07 14:15:32,031] {scheduler_job.py:190} INFO - Processing /home/airflow/.local/lib/python3.6/site-packages/airflow/example_dags/example_xcom.py took 0.036 seconds
[2022-05-07 14:16:02,803] {scheduler_job.py:182} INFO - Started process (PID=1606) to work on /home/airflow/.local/lib/python3.6/site-packages/airflow/example_dags/example_xcom.py
[2022-05-07 14:16:02,803] {scheduler_job.py:629} INFO - Processing file /home/airflow/.local/lib/python3.6/site-packages/airflow/example_dags/example_xcom.py for tasks to queue
[2022-05-07 14:16:02,804] {logging_mixin.py:104} INFO - [2022-05-07 14:16:02,804] {dagbag.py:448} INFO - Filling up the DagBag from /home/airflow/.local/lib/python3.6/site-packages/airflow/example_dags/example_xcom.py
[2022-05-07 14:16:02,814] {scheduler_job.py:639} INFO - DAG(s) dict_keys(['example_xcom']) retrieved from /home/airflow/.local/lib/python3.6/site-packages/airflow/example_dags/example_xcom.py
[2022-05-07 14:16:02,826] {logging_mixin.py:104} INFO - [2022-05-07 14:16:02,826] {dag.py:1818} INFO - Sync 1 DAGs
[2022-05-07 14:16:02,835] {logging_mixin.py:104} INFO - [2022-05-07 14:16:02,835] {dag.py:2273} INFO - Setting next_dagrun for example_xcom to 2022-05-05 00:00:00+00:00
[2022-05-07 14:16:02,840] {scheduler_job.py:190} INFO - Processing /home/airflow/.local/lib/python3.6/site-packages/airflow/example_dags/example_xcom.py took 0.038 seconds
[2022-05-07 14:16:33,619] {scheduler_job.py:182} INFO - Started process (PID=1928) to work on /home/airflow/.local/lib/python3.6/site-packages/airflow/example_dags/example_xcom.py
[2022-05-07 14:16:33,620] {scheduler_job.py:629} INFO - Processing file /home/airflow/.local/lib/python3.6/site-packages/airflow/example_dags/example_xcom.py for tasks to queue
[2022-05-07 14:16:33,620] {logging_mixin.py:104} INFO - [2022-05-07 14:16:33,620] {dagbag.py:448} INFO - Filling up the DagBag from /home/airflow/.local/lib/python3.6/site-packages/airflow/example_dags/example_xcom.py
[2022-05-07 14:16:33,627] {scheduler_job.py:639} INFO - DAG(s) dict_keys(['example_xcom']) retrieved from /home/airflow/.local/lib/python3.6/site-packages/airflow/example_dags/example_xcom.py
[2022-05-07 14:16:33,642] {logging_mixin.py:104} INFO - [2022-05-07 14:16:33,642] {dag.py:1818} INFO - Sync 1 DAGs
[2022-05-07 14:16:33,651] {logging_mixin.py:104} INFO - [2022-05-07 14:16:33,651] {dag.py:2273} INFO - Setting next_dagrun for example_xcom to 2022-05-05 00:00:00+00:00
[2022-05-07 14:16:33,655] {scheduler_job.py:190} INFO - Processing /home/airflow/.local/lib/python3.6/site-packages/airflow/example_dags/example_xcom.py took 0.038 seconds
[2022-05-07 14:17:04,355] {scheduler_job.py:182} INFO - Started process (PID=2065) to work on /home/airflow/.local/lib/python3.6/site-packages/airflow/example_dags/example_xcom.py
[2022-05-07 14:17:04,356] {scheduler_job.py:629} INFO - Processing file /home/airflow/.local/lib/python3.6/site-packages/airflow/example_dags/example_xcom.py for tasks to queue
[2022-05-07 14:17:04,357] {logging_mixin.py:104} INFO - [2022-05-07 14:17:04,356] {dagbag.py:448} INFO - Filling up the DagBag from /home/airflow/.local/lib/python3.6/site-packages/airflow/example_dags/example_xcom.py
[2022-05-07 14:17:04,366] {scheduler_job.py:639} INFO - DAG(s) dict_keys(['example_xcom']) retrieved from /home/airflow/.local/lib/python3.6/site-packages/airflow/example_dags/example_xcom.py
[2022-05-07 14:17:04,379] {logging_mixin.py:104} INFO - [2022-05-07 14:17:04,379] {dag.py:1818} INFO - Sync 1 DAGs
[2022-05-07 14:17:04,387] {logging_mixin.py:104} INFO - [2022-05-07 14:17:04,387] {dag.py:2273} INFO - Setting next_dagrun for example_xcom to 2022-05-05 00:00:00+00:00
[2022-05-07 14:17:04,390] {scheduler_job.py:190} INFO - Processing /home/airflow/.local/lib/python3.6/site-packages/airflow/example_dags/example_xcom.py took 0.038 seconds
[2022-05-07 14:17:35,111] {scheduler_job.py:182} INFO - Started process (PID=2200) to work on /home/airflow/.local/lib/python3.6/site-packages/airflow/example_dags/example_xcom.py
[2022-05-07 14:17:35,111] {scheduler_job.py:629} INFO - Processing file /home/airflow/.local/lib/python3.6/site-packages/airflow/example_dags/example_xcom.py for tasks to queue
[2022-05-07 14:17:35,112] {logging_mixin.py:104} INFO - [2022-05-07 14:17:35,111] {dagbag.py:448} INFO - Filling up the DagBag from /home/airflow/.local/lib/python3.6/site-packages/airflow/example_dags/example_xcom.py
[2022-05-07 14:17:35,120] {scheduler_job.py:639} INFO - DAG(s) dict_keys(['example_xcom']) retrieved from /home/airflow/.local/lib/python3.6/site-packages/airflow/example_dags/example_xcom.py
[2022-05-07 14:17:35,132] {logging_mixin.py:104} INFO - [2022-05-07 14:17:35,132] {dag.py:1818} INFO - Sync 1 DAGs
[2022-05-07 14:17:35,141] {logging_mixin.py:104} INFO - [2022-05-07 14:17:35,140] {dag.py:2273} INFO - Setting next_dagrun for example_xcom to 2022-05-05 00:00:00+00:00
[2022-05-07 14:17:35,145] {scheduler_job.py:190} INFO - Processing /home/airflow/.local/lib/python3.6/site-packages/airflow/example_dags/example_xcom.py took 0.036 seconds
[2022-05-07 14:18:05,927] {scheduler_job.py:182} INFO - Started process (PID=2335) to work on /home/airflow/.local/lib/python3.6/site-packages/airflow/example_dags/example_xcom.py
[2022-05-07 14:18:05,927] {scheduler_job.py:629} INFO - Processing file /home/airflow/.local/lib/python3.6/site-packages/airflow/example_dags/example_xcom.py for tasks to queue
[2022-05-07 14:18:05,928] {logging_mixin.py:104} INFO - [2022-05-07 14:18:05,928] {dagbag.py:448} INFO - Filling up the DagBag from /home/airflow/.local/lib/python3.6/site-packages/airflow/example_dags/example_xcom.py
[2022-05-07 14:18:05,938] {scheduler_job.py:639} INFO - DAG(s) dict_keys(['example_xcom']) retrieved from /home/airflow/.local/lib/python3.6/site-packages/airflow/example_dags/example_xcom.py
[2022-05-07 14:18:05,951] {logging_mixin.py:104} INFO - [2022-05-07 14:18:05,951] {dag.py:1818} INFO - Sync 1 DAGs
[2022-05-07 14:18:05,958] {logging_mixin.py:104} INFO - [2022-05-07 14:18:05,958] {dag.py:2273} INFO - Setting next_dagrun for example_xcom to 2022-05-05 00:00:00+00:00
[2022-05-07 14:18:05,962] {scheduler_job.py:190} INFO - Processing /home/airflow/.local/lib/python3.6/site-packages/airflow/example_dags/example_xcom.py took 0.038 seconds
[2022-05-07 14:18:36,707] {scheduler_job.py:182} INFO - Started process (PID=2470) to work on /home/airflow/.local/lib/python3.6/site-packages/airflow/example_dags/example_xcom.py
[2022-05-07 14:18:36,708] {scheduler_job.py:629} INFO - Processing file /home/airflow/.local/lib/python3.6/site-packages/airflow/example_dags/example_xcom.py for tasks to queue
[2022-05-07 14:18:36,709] {logging_mixin.py:104} INFO - [2022-05-07 14:18:36,709] {dagbag.py:448} INFO - Filling up the DagBag from /home/airflow/.local/lib/python3.6/site-packages/airflow/example_dags/example_xcom.py
[2022-05-07 14:18:36,714] {scheduler_job.py:639} INFO - DAG(s) dict_keys(['example_xcom']) retrieved from /home/airflow/.local/lib/python3.6/site-packages/airflow/example_dags/example_xcom.py
[2022-05-07 14:18:36,726] {logging_mixin.py:104} INFO - [2022-05-07 14:18:36,726] {dag.py:1818} INFO - Sync 1 DAGs
[2022-05-07 14:18:36,734] {logging_mixin.py:104} INFO - [2022-05-07 14:18:36,734] {dag.py:2273} INFO - Setting next_dagrun for example_xcom to 2022-05-05 00:00:00+00:00
[2022-05-07 14:18:36,738] {scheduler_job.py:190} INFO - Processing /home/airflow/.local/lib/python3.6/site-packages/airflow/example_dags/example_xcom.py took 0.033 seconds
[2022-05-07 14:19:07,693] {scheduler_job.py:182} INFO - Started process (PID=2603) to work on /home/airflow/.local/lib/python3.6/site-packages/airflow/example_dags/example_xcom.py
[2022-05-07 14:19:07,694] {scheduler_job.py:629} INFO - Processing file /home/airflow/.local/lib/python3.6/site-packages/airflow/example_dags/example_xcom.py for tasks to queue
[2022-05-07 14:19:07,694] {logging_mixin.py:104} INFO - [2022-05-07 14:19:07,694] {dagbag.py:448} INFO - Filling up the DagBag from /home/airflow/.local/lib/python3.6/site-packages/airflow/example_dags/example_xcom.py
[2022-05-07 14:19:07,702] {scheduler_job.py:639} INFO - DAG(s) dict_keys(['example_xcom']) retrieved from /home/airflow/.local/lib/python3.6/site-packages/airflow/example_dags/example_xcom.py
[2022-05-07 14:19:07,716] {logging_mixin.py:104} INFO - [2022-05-07 14:19:07,716] {dag.py:1818} INFO - Sync 1 DAGs
[2022-05-07 14:19:07,724] {logging_mixin.py:104} INFO - [2022-05-07 14:19:07,724] {dag.py:2273} INFO - Setting next_dagrun for example_xcom to 2022-05-05 00:00:00+00:00
[2022-05-07 14:19:07,728] {scheduler_job.py:190} INFO - Processing /home/airflow/.local/lib/python3.6/site-packages/airflow/example_dags/example_xcom.py took 0.038 seconds
[2022-05-07 14:19:38,418] {scheduler_job.py:182} INFO - Started process (PID=2738) to work on /home/airflow/.local/lib/python3.6/site-packages/airflow/example_dags/example_xcom.py
[2022-05-07 14:19:38,418] {scheduler_job.py:629} INFO - Processing file /home/airflow/.local/lib/python3.6/site-packages/airflow/example_dags/example_xcom.py for tasks to queue
[2022-05-07 14:19:38,419] {logging_mixin.py:104} INFO - [2022-05-07 14:19:38,419] {dagbag.py:448} INFO - Filling up the DagBag from /home/airflow/.local/lib/python3.6/site-packages/airflow/example_dags/example_xcom.py
[2022-05-07 14:19:38,425] {scheduler_job.py:639} INFO - DAG(s) dict_keys(['example_xcom']) retrieved from /home/airflow/.local/lib/python3.6/site-packages/airflow/example_dags/example_xcom.py
[2022-05-07 14:19:38,436] {logging_mixin.py:104} INFO - [2022-05-07 14:19:38,436] {dag.py:1818} INFO - Sync 1 DAGs
[2022-05-07 14:19:38,444] {logging_mixin.py:104} INFO - [2022-05-07 14:19:38,444] {dag.py:2273} INFO - Setting next_dagrun for example_xcom to 2022-05-05 00:00:00+00:00
[2022-05-07 14:19:38,448] {scheduler_job.py:190} INFO - Processing /home/airflow/.local/lib/python3.6/site-packages/airflow/example_dags/example_xcom.py took 0.032 seconds
[2022-05-07 14:20:09,153] {scheduler_job.py:182} INFO - Started process (PID=2875) to work on /home/airflow/.local/lib/python3.6/site-packages/airflow/example_dags/example_xcom.py
[2022-05-07 14:20:09,154] {scheduler_job.py:629} INFO - Processing file /home/airflow/.local/lib/python3.6/site-packages/airflow/example_dags/example_xcom.py for tasks to queue
[2022-05-07 14:20:09,154] {logging_mixin.py:104} INFO - [2022-05-07 14:20:09,154] {dagbag.py:448} INFO - Filling up the DagBag from /home/airflow/.local/lib/python3.6/site-packages/airflow/example_dags/example_xcom.py
[2022-05-07 14:20:09,161] {scheduler_job.py:639} INFO - DAG(s) dict_keys(['example_xcom']) retrieved from /home/airflow/.local/lib/python3.6/site-packages/airflow/example_dags/example_xcom.py
[2022-05-07 14:20:09,174] {logging_mixin.py:104} INFO - [2022-05-07 14:20:09,174] {dag.py:1818} INFO - Sync 1 DAGs
[2022-05-07 14:20:09,181] {logging_mixin.py:104} INFO - [2022-05-07 14:20:09,181] {dag.py:2273} INFO - Setting next_dagrun for example_xcom to 2022-05-05 00:00:00+00:00
[2022-05-07 14:20:09,185] {scheduler_job.py:190} INFO - Processing /home/airflow/.local/lib/python3.6/site-packages/airflow/example_dags/example_xcom.py took 0.035 seconds
[2022-05-07 14:20:39,941] {scheduler_job.py:182} INFO - Started process (PID=3010) to work on /home/airflow/.local/lib/python3.6/site-packages/airflow/example_dags/example_xcom.py
[2022-05-07 14:20:39,941] {scheduler_job.py:629} INFO - Processing file /home/airflow/.local/lib/python3.6/site-packages/airflow/example_dags/example_xcom.py for tasks to queue
[2022-05-07 14:20:39,942] {logging_mixin.py:104} INFO - [2022-05-07 14:20:39,942] {dagbag.py:448} INFO - Filling up the DagBag from /home/airflow/.local/lib/python3.6/site-packages/airflow/example_dags/example_xcom.py
[2022-05-07 14:20:39,951] {scheduler_job.py:639} INFO - DAG(s) dict_keys(['example_xcom']) retrieved from /home/airflow/.local/lib/python3.6/site-packages/airflow/example_dags/example_xcom.py
[2022-05-07 14:20:39,965] {logging_mixin.py:104} INFO - [2022-05-07 14:20:39,965] {dag.py:1818} INFO - Sync 1 DAGs
[2022-05-07 14:20:39,974] {logging_mixin.py:104} INFO - [2022-05-07 14:20:39,973] {dag.py:2273} INFO - Setting next_dagrun for example_xcom to 2022-05-05 00:00:00+00:00
[2022-05-07 14:20:39,977] {scheduler_job.py:190} INFO - Processing /home/airflow/.local/lib/python3.6/site-packages/airflow/example_dags/example_xcom.py took 0.039 seconds
[2022-05-07 14:21:10,682] {scheduler_job.py:182} INFO - Started process (PID=3145) to work on /home/airflow/.local/lib/python3.6/site-packages/airflow/example_dags/example_xcom.py
[2022-05-07 14:21:10,683] {scheduler_job.py:629} INFO - Processing file /home/airflow/.local/lib/python3.6/site-packages/airflow/example_dags/example_xcom.py for tasks to queue
[2022-05-07 14:21:10,683] {logging_mixin.py:104} INFO - [2022-05-07 14:21:10,683] {dagbag.py:448} INFO - Filling up the DagBag from /home/airflow/.local/lib/python3.6/site-packages/airflow/example_dags/example_xcom.py
[2022-05-07 14:21:10,691] {scheduler_job.py:639} INFO - DAG(s) dict_keys(['example_xcom']) retrieved from /home/airflow/.local/lib/python3.6/site-packages/airflow/example_dags/example_xcom.py
[2022-05-07 14:21:10,706] {logging_mixin.py:104} INFO - [2022-05-07 14:21:10,705] {dag.py:1818} INFO - Sync 1 DAGs
[2022-05-07 14:21:10,716] {logging_mixin.py:104} INFO - [2022-05-07 14:21:10,716] {dag.py:2273} INFO - Setting next_dagrun for example_xcom to 2022-05-05 00:00:00+00:00
[2022-05-07 14:21:10,722] {scheduler_job.py:190} INFO - Processing /home/airflow/.local/lib/python3.6/site-packages/airflow/example_dags/example_xcom.py took 0.042 seconds
[2022-05-07 14:21:41,442] {scheduler_job.py:182} INFO - Started process (PID=3278) to work on /home/airflow/.local/lib/python3.6/site-packages/airflow/example_dags/example_xcom.py
[2022-05-07 14:21:41,443] {scheduler_job.py:629} INFO - Processing file /home/airflow/.local/lib/python3.6/site-packages/airflow/example_dags/example_xcom.py for tasks to queue
[2022-05-07 14:21:41,443] {logging_mixin.py:104} INFO - [2022-05-07 14:21:41,443] {dagbag.py:448} INFO - Filling up the DagBag from /home/airflow/.local/lib/python3.6/site-packages/airflow/example_dags/example_xcom.py
[2022-05-07 14:21:41,449] {scheduler_job.py:639} INFO - DAG(s) dict_keys(['example_xcom']) retrieved from /home/airflow/.local/lib/python3.6/site-packages/airflow/example_dags/example_xcom.py
[2022-05-07 14:21:41,459] {logging_mixin.py:104} INFO - [2022-05-07 14:21:41,459] {dag.py:1818} INFO - Sync 1 DAGs
[2022-05-07 14:21:41,468] {logging_mixin.py:104} INFO - [2022-05-07 14:21:41,468] {dag.py:2273} INFO - Setting next_dagrun for example_xcom to 2022-05-05 00:00:00+00:00
[2022-05-07 14:21:41,471] {scheduler_job.py:190} INFO - Processing /home/airflow/.local/lib/python3.6/site-packages/airflow/example_dags/example_xcom.py took 0.033 seconds
[2022-05-07 14:22:12,244] {scheduler_job.py:182} INFO - Started process (PID=3413) to work on /home/airflow/.local/lib/python3.6/site-packages/airflow/example_dags/example_xcom.py
[2022-05-07 14:22:12,245] {scheduler_job.py:629} INFO - Processing file /home/airflow/.local/lib/python3.6/site-packages/airflow/example_dags/example_xcom.py for tasks to queue
[2022-05-07 14:22:12,245] {logging_mixin.py:104} INFO - [2022-05-07 14:22:12,245] {dagbag.py:448} INFO - Filling up the DagBag from /home/airflow/.local/lib/python3.6/site-packages/airflow/example_dags/example_xcom.py
[2022-05-07 14:22:12,251] {scheduler_job.py:639} INFO - DAG(s) dict_keys(['example_xcom']) retrieved from /home/airflow/.local/lib/python3.6/site-packages/airflow/example_dags/example_xcom.py
[2022-05-07 14:22:12,261] {logging_mixin.py:104} INFO - [2022-05-07 14:22:12,261] {dag.py:1818} INFO - Sync 1 DAGs
[2022-05-07 14:22:12,269] {logging_mixin.py:104} INFO - [2022-05-07 14:22:12,269] {dag.py:2273} INFO - Setting next_dagrun for example_xcom to 2022-05-05 00:00:00+00:00
[2022-05-07 14:22:12,273] {scheduler_job.py:190} INFO - Processing /home/airflow/.local/lib/python3.6/site-packages/airflow/example_dags/example_xcom.py took 0.032 seconds
[2022-05-07 14:22:43,009] {scheduler_job.py:182} INFO - Started process (PID=3550) to work on /home/airflow/.local/lib/python3.6/site-packages/airflow/example_dags/example_xcom.py
[2022-05-07 14:22:43,010] {scheduler_job.py:629} INFO - Processing file /home/airflow/.local/lib/python3.6/site-packages/airflow/example_dags/example_xcom.py for tasks to queue
[2022-05-07 14:22:43,011] {logging_mixin.py:104} INFO - [2022-05-07 14:22:43,010] {dagbag.py:448} INFO - Filling up the DagBag from /home/airflow/.local/lib/python3.6/site-packages/airflow/example_dags/example_xcom.py
[2022-05-07 14:22:43,018] {scheduler_job.py:639} INFO - DAG(s) dict_keys(['example_xcom']) retrieved from /home/airflow/.local/lib/python3.6/site-packages/airflow/example_dags/example_xcom.py
[2022-05-07 14:22:43,029] {logging_mixin.py:104} INFO - [2022-05-07 14:22:43,029] {dag.py:1818} INFO - Sync 1 DAGs
[2022-05-07 14:22:43,038] {logging_mixin.py:104} INFO - [2022-05-07 14:22:43,038] {dag.py:2273} INFO - Setting next_dagrun for example_xcom to 2022-05-05 00:00:00+00:00
[2022-05-07 14:22:43,042] {scheduler_job.py:190} INFO - Processing /home/airflow/.local/lib/python3.6/site-packages/airflow/example_dags/example_xcom.py took 0.035 seconds
[2022-05-07 14:23:13,764] {scheduler_job.py:182} INFO - Started process (PID=3685) to work on /home/airflow/.local/lib/python3.6/site-packages/airflow/example_dags/example_xcom.py
[2022-05-07 14:23:13,765] {scheduler_job.py:629} INFO - Processing file /home/airflow/.local/lib/python3.6/site-packages/airflow/example_dags/example_xcom.py for tasks to queue
[2022-05-07 14:23:13,765] {logging_mixin.py:104} INFO - [2022-05-07 14:23:13,765] {dagbag.py:448} INFO - Filling up the DagBag from /home/airflow/.local/lib/python3.6/site-packages/airflow/example_dags/example_xcom.py
[2022-05-07 14:23:13,774] {scheduler_job.py:639} INFO - DAG(s) dict_keys(['example_xcom']) retrieved from /home/airflow/.local/lib/python3.6/site-packages/airflow/example_dags/example_xcom.py
[2022-05-07 14:23:13,788] {logging_mixin.py:104} INFO - [2022-05-07 14:23:13,787] {dag.py:1818} INFO - Sync 1 DAGs
[2022-05-07 14:23:13,795] {logging_mixin.py:104} INFO - [2022-05-07 14:23:13,795] {dag.py:2273} INFO - Setting next_dagrun for example_xcom to 2022-05-05 00:00:00+00:00
[2022-05-07 14:23:13,799] {scheduler_job.py:190} INFO - Processing /home/airflow/.local/lib/python3.6/site-packages/airflow/example_dags/example_xcom.py took 0.036 seconds
[2022-05-07 14:23:44,511] {scheduler_job.py:182} INFO - Started process (PID=3820) to work on /home/airflow/.local/lib/python3.6/site-packages/airflow/example_dags/example_xcom.py
[2022-05-07 14:23:44,511] {scheduler_job.py:629} INFO - Processing file /home/airflow/.local/lib/python3.6/site-packages/airflow/example_dags/example_xcom.py for tasks to queue
[2022-05-07 14:23:44,512] {logging_mixin.py:104} INFO - [2022-05-07 14:23:44,512] {dagbag.py:448} INFO - Filling up the DagBag from /home/airflow/.local/lib/python3.6/site-packages/airflow/example_dags/example_xcom.py
[2022-05-07 14:23:44,519] {scheduler_job.py:639} INFO - DAG(s) dict_keys(['example_xcom']) retrieved from /home/airflow/.local/lib/python3.6/site-packages/airflow/example_dags/example_xcom.py
[2022-05-07 14:23:44,532] {logging_mixin.py:104} INFO - [2022-05-07 14:23:44,532] {dag.py:1818} INFO - Sync 1 DAGs
[2022-05-07 14:23:44,541] {logging_mixin.py:104} INFO - [2022-05-07 14:23:44,541] {dag.py:2273} INFO - Setting next_dagrun for example_xcom to 2022-05-05 00:00:00+00:00
[2022-05-07 14:23:44,545] {scheduler_job.py:190} INFO - Processing /home/airflow/.local/lib/python3.6/site-packages/airflow/example_dags/example_xcom.py took 0.036 seconds
[2022-05-07 14:24:15,325] {scheduler_job.py:182} INFO - Started process (PID=3955) to work on /home/airflow/.local/lib/python3.6/site-packages/airflow/example_dags/example_xcom.py
[2022-05-07 14:24:15,325] {scheduler_job.py:629} INFO - Processing file /home/airflow/.local/lib/python3.6/site-packages/airflow/example_dags/example_xcom.py for tasks to queue
[2022-05-07 14:24:15,325] {logging_mixin.py:104} INFO - [2022-05-07 14:24:15,325] {dagbag.py:448} INFO - Filling up the DagBag from /home/airflow/.local/lib/python3.6/site-packages/airflow/example_dags/example_xcom.py
[2022-05-07 14:24:15,331] {scheduler_job.py:639} INFO - DAG(s) dict_keys(['example_xcom']) retrieved from /home/airflow/.local/lib/python3.6/site-packages/airflow/example_dags/example_xcom.py
[2022-05-07 14:24:15,341] {logging_mixin.py:104} INFO - [2022-05-07 14:24:15,341] {dag.py:1818} INFO - Sync 1 DAGs
[2022-05-07 14:24:15,351] {logging_mixin.py:104} INFO - [2022-05-07 14:24:15,351] {dag.py:2273} INFO - Setting next_dagrun for example_xcom to 2022-05-05 00:00:00+00:00
[2022-05-07 14:24:15,355] {scheduler_job.py:190} INFO - Processing /home/airflow/.local/lib/python3.6/site-packages/airflow/example_dags/example_xcom.py took 0.032 seconds
[2022-05-07 14:24:46,088] {scheduler_job.py:182} INFO - Started process (PID=4090) to work on /home/airflow/.local/lib/python3.6/site-packages/airflow/example_dags/example_xcom.py
[2022-05-07 14:24:46,089] {scheduler_job.py:629} INFO - Processing file /home/airflow/.local/lib/python3.6/site-packages/airflow/example_dags/example_xcom.py for tasks to queue
[2022-05-07 14:24:46,090] {logging_mixin.py:104} INFO - [2022-05-07 14:24:46,090] {dagbag.py:448} INFO - Filling up the DagBag from /home/airflow/.local/lib/python3.6/site-packages/airflow/example_dags/example_xcom.py
[2022-05-07 14:24:46,095] {scheduler_job.py:639} INFO - DAG(s) dict_keys(['example_xcom']) retrieved from /home/airflow/.local/lib/python3.6/site-packages/airflow/example_dags/example_xcom.py
[2022-05-07 14:24:46,109] {logging_mixin.py:104} INFO - [2022-05-07 14:24:46,109] {dag.py:1818} INFO - Sync 1 DAGs
[2022-05-07 14:24:46,118] {logging_mixin.py:104} INFO - [2022-05-07 14:24:46,118] {dag.py:2273} INFO - Setting next_dagrun for example_xcom to 2022-05-05 00:00:00+00:00
[2022-05-07 14:24:46,122] {scheduler_job.py:190} INFO - Processing /home/airflow/.local/lib/python3.6/site-packages/airflow/example_dags/example_xcom.py took 0.037 seconds
[2022-05-07 14:25:16,891] {scheduler_job.py:182} INFO - Started process (PID=4225) to work on /home/airflow/.local/lib/python3.6/site-packages/airflow/example_dags/example_xcom.py
[2022-05-07 14:25:16,893] {scheduler_job.py:629} INFO - Processing file /home/airflow/.local/lib/python3.6/site-packages/airflow/example_dags/example_xcom.py for tasks to queue
[2022-05-07 14:25:16,893] {logging_mixin.py:104} INFO - [2022-05-07 14:25:16,893] {dagbag.py:448} INFO - Filling up the DagBag from /home/airflow/.local/lib/python3.6/site-packages/airflow/example_dags/example_xcom.py
[2022-05-07 14:25:16,901] {scheduler_job.py:639} INFO - DAG(s) dict_keys(['example_xcom']) retrieved from /home/airflow/.local/lib/python3.6/site-packages/airflow/example_dags/example_xcom.py
[2022-05-07 14:25:16,915] {logging_mixin.py:104} INFO - [2022-05-07 14:25:16,915] {dag.py:1818} INFO - Sync 1 DAGs
[2022-05-07 14:25:16,922] {logging_mixin.py:104} INFO - [2022-05-07 14:25:16,922] {dag.py:2273} INFO - Setting next_dagrun for example_xcom to 2022-05-05 00:00:00+00:00
[2022-05-07 14:25:16,925] {scheduler_job.py:190} INFO - Processing /home/airflow/.local/lib/python3.6/site-packages/airflow/example_dags/example_xcom.py took 0.037 seconds
[2022-05-07 14:25:47,688] {scheduler_job.py:182} INFO - Started process (PID=4360) to work on /home/airflow/.local/lib/python3.6/site-packages/airflow/example_dags/example_xcom.py
[2022-05-07 14:25:47,688] {scheduler_job.py:629} INFO - Processing file /home/airflow/.local/lib/python3.6/site-packages/airflow/example_dags/example_xcom.py for tasks to queue
[2022-05-07 14:25:47,689] {logging_mixin.py:104} INFO - [2022-05-07 14:25:47,689] {dagbag.py:448} INFO - Filling up the DagBag from /home/airflow/.local/lib/python3.6/site-packages/airflow/example_dags/example_xcom.py
[2022-05-07 14:25:47,696] {scheduler_job.py:639} INFO - DAG(s) dict_keys(['example_xcom']) retrieved from /home/airflow/.local/lib/python3.6/site-packages/airflow/example_dags/example_xcom.py
[2022-05-07 14:25:47,712] {logging_mixin.py:104} INFO - [2022-05-07 14:25:47,712] {dag.py:1818} INFO - Sync 1 DAGs
[2022-05-07 14:25:47,720] {logging_mixin.py:104} INFO - [2022-05-07 14:25:47,720] {dag.py:2273} INFO - Setting next_dagrun for example_xcom to 2022-05-05 00:00:00+00:00
[2022-05-07 14:25:47,724] {scheduler_job.py:190} INFO - Processing /home/airflow/.local/lib/python3.6/site-packages/airflow/example_dags/example_xcom.py took 0.038 seconds
[2022-05-07 14:26:18,490] {scheduler_job.py:182} INFO - Started process (PID=4495) to work on /home/airflow/.local/lib/python3.6/site-packages/airflow/example_dags/example_xcom.py
[2022-05-07 14:26:18,491] {scheduler_job.py:629} INFO - Processing file /home/airflow/.local/lib/python3.6/site-packages/airflow/example_dags/example_xcom.py for tasks to queue
[2022-05-07 14:26:18,491] {logging_mixin.py:104} INFO - [2022-05-07 14:26:18,491] {dagbag.py:448} INFO - Filling up the DagBag from /home/airflow/.local/lib/python3.6/site-packages/airflow/example_dags/example_xcom.py
[2022-05-07 14:26:18,500] {scheduler_job.py:639} INFO - DAG(s) dict_keys(['example_xcom']) retrieved from /home/airflow/.local/lib/python3.6/site-packages/airflow/example_dags/example_xcom.py
[2022-05-07 14:26:18,514] {logging_mixin.py:104} INFO - [2022-05-07 14:26:18,514] {dag.py:1818} INFO - Sync 1 DAGs
[2022-05-07 14:26:18,524] {logging_mixin.py:104} INFO - [2022-05-07 14:26:18,524] {dag.py:2273} INFO - Setting next_dagrun for example_xcom to 2022-05-05 00:00:00+00:00
[2022-05-07 14:26:18,527] {scheduler_job.py:190} INFO - Processing /home/airflow/.local/lib/python3.6/site-packages/airflow/example_dags/example_xcom.py took 0.040 seconds
[2022-05-07 14:26:49,238] {scheduler_job.py:182} INFO - Started process (PID=4629) to work on /home/airflow/.local/lib/python3.6/site-packages/airflow/example_dags/example_xcom.py
[2022-05-07 14:26:49,239] {scheduler_job.py:629} INFO - Processing file /home/airflow/.local/lib/python3.6/site-packages/airflow/example_dags/example_xcom.py for tasks to queue
[2022-05-07 14:26:49,240] {logging_mixin.py:104} INFO - [2022-05-07 14:26:49,240] {dagbag.py:448} INFO - Filling up the DagBag from /home/airflow/.local/lib/python3.6/site-packages/airflow/example_dags/example_xcom.py
[2022-05-07 14:26:49,248] {scheduler_job.py:639} INFO - DAG(s) dict_keys(['example_xcom']) retrieved from /home/airflow/.local/lib/python3.6/site-packages/airflow/example_dags/example_xcom.py
[2022-05-07 14:26:49,264] {logging_mixin.py:104} INFO - [2022-05-07 14:26:49,264] {dag.py:1818} INFO - Sync 1 DAGs
[2022-05-07 14:26:49,271] {logging_mixin.py:104} INFO - [2022-05-07 14:26:49,271] {dag.py:2273} INFO - Setting next_dagrun for example_xcom to 2022-05-05 00:00:00+00:00
[2022-05-07 14:26:49,275] {scheduler_job.py:190} INFO - Processing /home/airflow/.local/lib/python3.6/site-packages/airflow/example_dags/example_xcom.py took 0.039 seconds
[2022-05-07 14:27:20,030] {scheduler_job.py:182} INFO - Started process (PID=4765) to work on /home/airflow/.local/lib/python3.6/site-packages/airflow/example_dags/example_xcom.py
[2022-05-07 14:27:20,030] {scheduler_job.py:629} INFO - Processing file /home/airflow/.local/lib/python3.6/site-packages/airflow/example_dags/example_xcom.py for tasks to queue
[2022-05-07 14:27:20,031] {logging_mixin.py:104} INFO - [2022-05-07 14:27:20,031] {dagbag.py:448} INFO - Filling up the DagBag from /home/airflow/.local/lib/python3.6/site-packages/airflow/example_dags/example_xcom.py
[2022-05-07 14:27:20,039] {scheduler_job.py:639} INFO - DAG(s) dict_keys(['example_xcom']) retrieved from /home/airflow/.local/lib/python3.6/site-packages/airflow/example_dags/example_xcom.py
[2022-05-07 14:27:20,053] {logging_mixin.py:104} INFO - [2022-05-07 14:27:20,053] {dag.py:1818} INFO - Sync 1 DAGs
[2022-05-07 14:27:20,064] {logging_mixin.py:104} INFO - [2022-05-07 14:27:20,064] {dag.py:2273} INFO - Setting next_dagrun for example_xcom to 2022-05-05 00:00:00+00:00
[2022-05-07 14:27:20,070] {scheduler_job.py:190} INFO - Processing /home/airflow/.local/lib/python3.6/site-packages/airflow/example_dags/example_xcom.py took 0.043 seconds
[2022-05-07 14:27:50,119] {scheduler_job.py:182} INFO - Started process (PID=4900) to work on /home/airflow/.local/lib/python3.6/site-packages/airflow/example_dags/example_xcom.py
[2022-05-07 14:27:50,120] {scheduler_job.py:629} INFO - Processing file /home/airflow/.local/lib/python3.6/site-packages/airflow/example_dags/example_xcom.py for tasks to queue
[2022-05-07 14:27:50,121] {logging_mixin.py:104} INFO - [2022-05-07 14:27:50,120] {dagbag.py:448} INFO - Filling up the DagBag from /home/airflow/.local/lib/python3.6/site-packages/airflow/example_dags/example_xcom.py
[2022-05-07 14:27:50,128] {scheduler_job.py:639} INFO - DAG(s) dict_keys(['example_xcom']) retrieved from /home/airflow/.local/lib/python3.6/site-packages/airflow/example_dags/example_xcom.py
[2022-05-07 14:27:50,142] {logging_mixin.py:104} INFO - [2022-05-07 14:27:50,142] {dag.py:1818} INFO - Sync 1 DAGs
[2022-05-07 14:27:50,149] {logging_mixin.py:104} INFO - [2022-05-07 14:27:50,149] {dag.py:2273} INFO - Setting next_dagrun for example_xcom to 2022-05-05 00:00:00+00:00
[2022-05-07 14:27:50,153] {scheduler_job.py:190} INFO - Processing /home/airflow/.local/lib/python3.6/site-packages/airflow/example_dags/example_xcom.py took 0.035 seconds
[2022-05-07 14:28:20,206] {scheduler_job.py:182} INFO - Started process (PID=5033) to work on /home/airflow/.local/lib/python3.6/site-packages/airflow/example_dags/example_xcom.py
[2022-05-07 14:28:20,207] {scheduler_job.py:629} INFO - Processing file /home/airflow/.local/lib/python3.6/site-packages/airflow/example_dags/example_xcom.py for tasks to queue
[2022-05-07 14:28:20,208] {logging_mixin.py:104} INFO - [2022-05-07 14:28:20,208] {dagbag.py:448} INFO - Filling up the DagBag from /home/airflow/.local/lib/python3.6/site-packages/airflow/example_dags/example_xcom.py
[2022-05-07 14:28:20,218] {scheduler_job.py:639} INFO - DAG(s) dict_keys(['example_xcom']) retrieved from /home/airflow/.local/lib/python3.6/site-packages/airflow/example_dags/example_xcom.py
[2022-05-07 14:28:20,231] {logging_mixin.py:104} INFO - [2022-05-07 14:28:20,230] {dag.py:1818} INFO - Sync 1 DAGs
[2022-05-07 14:28:20,240] {logging_mixin.py:104} INFO - [2022-05-07 14:28:20,240] {dag.py:2273} INFO - Setting next_dagrun for example_xcom to 2022-05-05 00:00:00+00:00
[2022-05-07 14:28:20,245] {scheduler_job.py:190} INFO - Processing /home/airflow/.local/lib/python3.6/site-packages/airflow/example_dags/example_xcom.py took 0.041 seconds
[2022-05-07 14:28:51,015] {scheduler_job.py:182} INFO - Started process (PID=5170) to work on /home/airflow/.local/lib/python3.6/site-packages/airflow/example_dags/example_xcom.py
[2022-05-07 14:28:51,015] {scheduler_job.py:629} INFO - Processing file /home/airflow/.local/lib/python3.6/site-packages/airflow/example_dags/example_xcom.py for tasks to queue
[2022-05-07 14:28:51,016] {logging_mixin.py:104} INFO - [2022-05-07 14:28:51,016] {dagbag.py:448} INFO - Filling up the DagBag from /home/airflow/.local/lib/python3.6/site-packages/airflow/example_dags/example_xcom.py
[2022-05-07 14:28:51,024] {scheduler_job.py:639} INFO - DAG(s) dict_keys(['example_xcom']) retrieved from /home/airflow/.local/lib/python3.6/site-packages/airflow/example_dags/example_xcom.py
[2022-05-07 14:28:51,039] {logging_mixin.py:104} INFO - [2022-05-07 14:28:51,039] {dag.py:1818} INFO - Sync 1 DAGs
[2022-05-07 14:28:51,050] {logging_mixin.py:104} INFO - [2022-05-07 14:28:51,050] {dag.py:2273} INFO - Setting next_dagrun for example_xcom to 2022-05-05 00:00:00+00:00
[2022-05-07 14:28:51,053] {scheduler_job.py:190} INFO - Processing /home/airflow/.local/lib/python3.6/site-packages/airflow/example_dags/example_xcom.py took 0.041 seconds
[2022-05-07 14:29:21,783] {scheduler_job.py:182} INFO - Started process (PID=5305) to work on /home/airflow/.local/lib/python3.6/site-packages/airflow/example_dags/example_xcom.py
[2022-05-07 14:29:21,784] {scheduler_job.py:629} INFO - Processing file /home/airflow/.local/lib/python3.6/site-packages/airflow/example_dags/example_xcom.py for tasks to queue
[2022-05-07 14:29:21,784] {logging_mixin.py:104} INFO - [2022-05-07 14:29:21,784] {dagbag.py:448} INFO - Filling up the DagBag from /home/airflow/.local/lib/python3.6/site-packages/airflow/example_dags/example_xcom.py
[2022-05-07 14:29:21,792] {scheduler_job.py:639} INFO - DAG(s) dict_keys(['example_xcom']) retrieved from /home/airflow/.local/lib/python3.6/site-packages/airflow/example_dags/example_xcom.py
[2022-05-07 14:29:21,806] {logging_mixin.py:104} INFO - [2022-05-07 14:29:21,806] {dag.py:1818} INFO - Sync 1 DAGs
[2022-05-07 14:29:21,814] {logging_mixin.py:104} INFO - [2022-05-07 14:29:21,814] {dag.py:2273} INFO - Setting next_dagrun for example_xcom to 2022-05-05 00:00:00+00:00
[2022-05-07 14:29:21,818] {scheduler_job.py:190} INFO - Processing /home/airflow/.local/lib/python3.6/site-packages/airflow/example_dags/example_xcom.py took 0.037 seconds
[2022-05-07 14:29:52,547] {scheduler_job.py:182} INFO - Started process (PID=5440) to work on /home/airflow/.local/lib/python3.6/site-packages/airflow/example_dags/example_xcom.py
[2022-05-07 14:29:52,547] {scheduler_job.py:629} INFO - Processing file /home/airflow/.local/lib/python3.6/site-packages/airflow/example_dags/example_xcom.py for tasks to queue
[2022-05-07 14:29:52,548] {logging_mixin.py:104} INFO - [2022-05-07 14:29:52,548] {dagbag.py:448} INFO - Filling up the DagBag from /home/airflow/.local/lib/python3.6/site-packages/airflow/example_dags/example_xcom.py
[2022-05-07 14:29:52,555] {scheduler_job.py:639} INFO - DAG(s) dict_keys(['example_xcom']) retrieved from /home/airflow/.local/lib/python3.6/site-packages/airflow/example_dags/example_xcom.py
[2022-05-07 14:29:52,568] {logging_mixin.py:104} INFO - [2022-05-07 14:29:52,568] {dag.py:1818} INFO - Sync 1 DAGs
[2022-05-07 14:29:52,578] {logging_mixin.py:104} INFO - [2022-05-07 14:29:52,578] {dag.py:2273} INFO - Setting next_dagrun for example_xcom to 2022-05-05 00:00:00+00:00
[2022-05-07 14:29:52,582] {scheduler_job.py:190} INFO - Processing /home/airflow/.local/lib/python3.6/site-packages/airflow/example_dags/example_xcom.py took 0.037 seconds
[2022-05-07 14:30:23,355] {scheduler_job.py:182} INFO - Started process (PID=5575) to work on /home/airflow/.local/lib/python3.6/site-packages/airflow/example_dags/example_xcom.py
[2022-05-07 14:30:23,357] {scheduler_job.py:629} INFO - Processing file /home/airflow/.local/lib/python3.6/site-packages/airflow/example_dags/example_xcom.py for tasks to queue
[2022-05-07 14:30:23,357] {logging_mixin.py:104} INFO - [2022-05-07 14:30:23,357] {dagbag.py:448} INFO - Filling up the DagBag from /home/airflow/.local/lib/python3.6/site-packages/airflow/example_dags/example_xcom.py
[2022-05-07 14:30:23,365] {scheduler_job.py:639} INFO - DAG(s) dict_keys(['example_xcom']) retrieved from /home/airflow/.local/lib/python3.6/site-packages/airflow/example_dags/example_xcom.py
[2022-05-07 14:30:23,379] {logging_mixin.py:104} INFO - [2022-05-07 14:30:23,379] {dag.py:1818} INFO - Sync 1 DAGs
[2022-05-07 14:30:23,388] {logging_mixin.py:104} INFO - [2022-05-07 14:30:23,388] {dag.py:2273} INFO - Setting next_dagrun for example_xcom to 2022-05-05 00:00:00+00:00
[2022-05-07 14:30:23,392] {scheduler_job.py:190} INFO - Processing /home/airflow/.local/lib/python3.6/site-packages/airflow/example_dags/example_xcom.py took 0.039 seconds
[2022-05-07 14:30:54,091] {scheduler_job.py:182} INFO - Started process (PID=5710) to work on /home/airflow/.local/lib/python3.6/site-packages/airflow/example_dags/example_xcom.py
[2022-05-07 14:30:54,092] {scheduler_job.py:629} INFO - Processing file /home/airflow/.local/lib/python3.6/site-packages/airflow/example_dags/example_xcom.py for tasks to queue
[2022-05-07 14:30:54,092] {logging_mixin.py:104} INFO - [2022-05-07 14:30:54,092] {dagbag.py:448} INFO - Filling up the DagBag from /home/airflow/.local/lib/python3.6/site-packages/airflow/example_dags/example_xcom.py
[2022-05-07 14:30:54,099] {scheduler_job.py:639} INFO - DAG(s) dict_keys(['example_xcom']) retrieved from /home/airflow/.local/lib/python3.6/site-packages/airflow/example_dags/example_xcom.py
[2022-05-07 14:30:54,113] {logging_mixin.py:104} INFO - [2022-05-07 14:30:54,113] {dag.py:1818} INFO - Sync 1 DAGs
[2022-05-07 14:30:54,121] {logging_mixin.py:104} INFO - [2022-05-07 14:30:54,121] {dag.py:2273} INFO - Setting next_dagrun for example_xcom to 2022-05-05 00:00:00+00:00
[2022-05-07 14:30:54,126] {scheduler_job.py:190} INFO - Processing /home/airflow/.local/lib/python3.6/site-packages/airflow/example_dags/example_xcom.py took 0.036 seconds
[2022-05-07 14:31:24,861] {scheduler_job.py:182} INFO - Started process (PID=5845) to work on /home/airflow/.local/lib/python3.6/site-packages/airflow/example_dags/example_xcom.py
[2022-05-07 14:31:24,862] {scheduler_job.py:629} INFO - Processing file /home/airflow/.local/lib/python3.6/site-packages/airflow/example_dags/example_xcom.py for tasks to queue
[2022-05-07 14:31:24,862] {logging_mixin.py:104} INFO - [2022-05-07 14:31:24,862] {dagbag.py:448} INFO - Filling up the DagBag from /home/airflow/.local/lib/python3.6/site-packages/airflow/example_dags/example_xcom.py
[2022-05-07 14:31:24,869] {scheduler_job.py:639} INFO - DAG(s) dict_keys(['example_xcom']) retrieved from /home/airflow/.local/lib/python3.6/site-packages/airflow/example_dags/example_xcom.py
[2022-05-07 14:31:24,884] {logging_mixin.py:104} INFO - [2022-05-07 14:31:24,883] {dag.py:1818} INFO - Sync 1 DAGs
[2022-05-07 14:31:24,891] {logging_mixin.py:104} INFO - [2022-05-07 14:31:24,891] {dag.py:2273} INFO - Setting next_dagrun for example_xcom to 2022-05-05 00:00:00+00:00
[2022-05-07 14:31:24,895] {scheduler_job.py:190} INFO - Processing /home/airflow/.local/lib/python3.6/site-packages/airflow/example_dags/example_xcom.py took 0.035 seconds
[2022-05-07 14:31:54,953] {scheduler_job.py:182} INFO - Started process (PID=5980) to work on /home/airflow/.local/lib/python3.6/site-packages/airflow/example_dags/example_xcom.py
[2022-05-07 14:31:54,954] {scheduler_job.py:629} INFO - Processing file /home/airflow/.local/lib/python3.6/site-packages/airflow/example_dags/example_xcom.py for tasks to queue
[2022-05-07 14:31:54,954] {logging_mixin.py:104} INFO - [2022-05-07 14:31:54,954] {dagbag.py:448} INFO - Filling up the DagBag from /home/airflow/.local/lib/python3.6/site-packages/airflow/example_dags/example_xcom.py
[2022-05-07 14:31:54,962] {scheduler_job.py:639} INFO - DAG(s) dict_keys(['example_xcom']) retrieved from /home/airflow/.local/lib/python3.6/site-packages/airflow/example_dags/example_xcom.py
[2022-05-07 14:31:54,977] {logging_mixin.py:104} INFO - [2022-05-07 14:31:54,977] {dag.py:1818} INFO - Sync 1 DAGs
[2022-05-07 14:31:54,986] {logging_mixin.py:104} INFO - [2022-05-07 14:31:54,986] {dag.py:2273} INFO - Setting next_dagrun for example_xcom to 2022-05-05 00:00:00+00:00
[2022-05-07 14:31:54,990] {scheduler_job.py:190} INFO - Processing /home/airflow/.local/lib/python3.6/site-packages/airflow/example_dags/example_xcom.py took 0.040 seconds
[2022-05-07 14:32:25,118] {scheduler_job.py:182} INFO - Started process (PID=6115) to work on /home/airflow/.local/lib/python3.6/site-packages/airflow/example_dags/example_xcom.py
[2022-05-07 14:32:25,118] {scheduler_job.py:629} INFO - Processing file /home/airflow/.local/lib/python3.6/site-packages/airflow/example_dags/example_xcom.py for tasks to queue
[2022-05-07 14:32:25,119] {logging_mixin.py:104} INFO - [2022-05-07 14:32:25,119] {dagbag.py:448} INFO - Filling up the DagBag from /home/airflow/.local/lib/python3.6/site-packages/airflow/example_dags/example_xcom.py
[2022-05-07 14:32:25,125] {scheduler_job.py:639} INFO - DAG(s) dict_keys(['example_xcom']) retrieved from /home/airflow/.local/lib/python3.6/site-packages/airflow/example_dags/example_xcom.py
[2022-05-07 14:32:25,136] {logging_mixin.py:104} INFO - [2022-05-07 14:32:25,136] {dag.py:1818} INFO - Sync 1 DAGs
[2022-05-07 14:32:25,146] {logging_mixin.py:104} INFO - [2022-05-07 14:32:25,146] {dag.py:2273} INFO - Setting next_dagrun for example_xcom to 2022-05-05 00:00:00+00:00
[2022-05-07 14:32:25,150] {scheduler_job.py:190} INFO - Processing /home/airflow/.local/lib/python3.6/site-packages/airflow/example_dags/example_xcom.py took 0.034 seconds
[2022-05-07 14:32:55,234] {scheduler_job.py:182} INFO - Started process (PID=6250) to work on /home/airflow/.local/lib/python3.6/site-packages/airflow/example_dags/example_xcom.py
[2022-05-07 14:32:55,235] {scheduler_job.py:629} INFO - Processing file /home/airflow/.local/lib/python3.6/site-packages/airflow/example_dags/example_xcom.py for tasks to queue
[2022-05-07 14:32:55,235] {logging_mixin.py:104} INFO - [2022-05-07 14:32:55,235] {dagbag.py:448} INFO - Filling up the DagBag from /home/airflow/.local/lib/python3.6/site-packages/airflow/example_dags/example_xcom.py
[2022-05-07 14:32:55,243] {scheduler_job.py:639} INFO - DAG(s) dict_keys(['example_xcom']) retrieved from /home/airflow/.local/lib/python3.6/site-packages/airflow/example_dags/example_xcom.py
[2022-05-07 14:32:55,257] {logging_mixin.py:104} INFO - [2022-05-07 14:32:55,257] {dag.py:1818} INFO - Sync 1 DAGs
[2022-05-07 14:32:55,268] {logging_mixin.py:104} INFO - [2022-05-07 14:32:55,267] {dag.py:2273} INFO - Setting next_dagrun for example_xcom to 2022-05-05 00:00:00+00:00
[2022-05-07 14:32:55,272] {scheduler_job.py:190} INFO - Processing /home/airflow/.local/lib/python3.6/site-packages/airflow/example_dags/example_xcom.py took 0.040 seconds
[2022-05-07 14:33:25,367] {scheduler_job.py:182} INFO - Started process (PID=6385) to work on /home/airflow/.local/lib/python3.6/site-packages/airflow/example_dags/example_xcom.py
[2022-05-07 14:33:25,369] {scheduler_job.py:629} INFO - Processing file /home/airflow/.local/lib/python3.6/site-packages/airflow/example_dags/example_xcom.py for tasks to queue
[2022-05-07 14:33:25,369] {logging_mixin.py:104} INFO - [2022-05-07 14:33:25,369] {dagbag.py:448} INFO - Filling up the DagBag from /home/airflow/.local/lib/python3.6/site-packages/airflow/example_dags/example_xcom.py
[2022-05-07 14:33:25,377] {scheduler_job.py:639} INFO - DAG(s) dict_keys(['example_xcom']) retrieved from /home/airflow/.local/lib/python3.6/site-packages/airflow/example_dags/example_xcom.py
[2022-05-07 14:33:25,392] {logging_mixin.py:104} INFO - [2022-05-07 14:33:25,391] {dag.py:1818} INFO - Sync 1 DAGs
[2022-05-07 14:33:25,401] {logging_mixin.py:104} INFO - [2022-05-07 14:33:25,401] {dag.py:2273} INFO - Setting next_dagrun for example_xcom to 2022-05-05 00:00:00+00:00
[2022-05-07 14:33:25,406] {scheduler_job.py:190} INFO - Processing /home/airflow/.local/lib/python3.6/site-packages/airflow/example_dags/example_xcom.py took 0.042 seconds
[2022-05-07 14:33:56,072] {scheduler_job.py:182} INFO - Started process (PID=6520) to work on /home/airflow/.local/lib/python3.6/site-packages/airflow/example_dags/example_xcom.py
[2022-05-07 14:33:56,073] {scheduler_job.py:629} INFO - Processing file /home/airflow/.local/lib/python3.6/site-packages/airflow/example_dags/example_xcom.py for tasks to queue
[2022-05-07 14:33:56,073] {logging_mixin.py:104} INFO - [2022-05-07 14:33:56,073] {dagbag.py:448} INFO - Filling up the DagBag from /home/airflow/.local/lib/python3.6/site-packages/airflow/example_dags/example_xcom.py
[2022-05-07 14:33:56,080] {scheduler_job.py:639} INFO - DAG(s) dict_keys(['example_xcom']) retrieved from /home/airflow/.local/lib/python3.6/site-packages/airflow/example_dags/example_xcom.py
[2022-05-07 14:33:56,093] {logging_mixin.py:104} INFO - [2022-05-07 14:33:56,093] {dag.py:1818} INFO - Sync 1 DAGs
[2022-05-07 14:33:56,101] {logging_mixin.py:104} INFO - [2022-05-07 14:33:56,101] {dag.py:2273} INFO - Setting next_dagrun for example_xcom to 2022-05-05 00:00:00+00:00
[2022-05-07 14:33:56,105] {scheduler_job.py:190} INFO - Processing /home/airflow/.local/lib/python3.6/site-packages/airflow/example_dags/example_xcom.py took 0.035 seconds
[2022-05-07 14:34:26,802] {scheduler_job.py:182} INFO - Started process (PID=6653) to work on /home/airflow/.local/lib/python3.6/site-packages/airflow/example_dags/example_xcom.py
[2022-05-07 14:34:26,803] {scheduler_job.py:629} INFO - Processing file /home/airflow/.local/lib/python3.6/site-packages/airflow/example_dags/example_xcom.py for tasks to queue
[2022-05-07 14:34:26,804] {logging_mixin.py:104} INFO - [2022-05-07 14:34:26,804] {dagbag.py:448} INFO - Filling up the DagBag from /home/airflow/.local/lib/python3.6/site-packages/airflow/example_dags/example_xcom.py
[2022-05-07 14:34:26,811] {scheduler_job.py:639} INFO - DAG(s) dict_keys(['example_xcom']) retrieved from /home/airflow/.local/lib/python3.6/site-packages/airflow/example_dags/example_xcom.py
[2022-05-07 14:34:26,823] {logging_mixin.py:104} INFO - [2022-05-07 14:34:26,822] {dag.py:1818} INFO - Sync 1 DAGs
[2022-05-07 14:34:26,833] {logging_mixin.py:104} INFO - [2022-05-07 14:34:26,833] {dag.py:2273} INFO - Setting next_dagrun for example_xcom to 2022-05-05 00:00:00+00:00
[2022-05-07 14:34:26,837] {scheduler_job.py:190} INFO - Processing /home/airflow/.local/lib/python3.6/site-packages/airflow/example_dags/example_xcom.py took 0.037 seconds
[2022-05-07 14:34:57,534] {scheduler_job.py:182} INFO - Started process (PID=6790) to work on /home/airflow/.local/lib/python3.6/site-packages/airflow/example_dags/example_xcom.py
[2022-05-07 14:34:57,534] {scheduler_job.py:629} INFO - Processing file /home/airflow/.local/lib/python3.6/site-packages/airflow/example_dags/example_xcom.py for tasks to queue
[2022-05-07 14:34:57,535] {logging_mixin.py:104} INFO - [2022-05-07 14:34:57,535] {dagbag.py:448} INFO - Filling up the DagBag from /home/airflow/.local/lib/python3.6/site-packages/airflow/example_dags/example_xcom.py
[2022-05-07 14:34:57,543] {scheduler_job.py:639} INFO - DAG(s) dict_keys(['example_xcom']) retrieved from /home/airflow/.local/lib/python3.6/site-packages/airflow/example_dags/example_xcom.py
[2022-05-07 14:34:57,558] {logging_mixin.py:104} INFO - [2022-05-07 14:34:57,557] {dag.py:1818} INFO - Sync 1 DAGs
[2022-05-07 14:34:57,566] {logging_mixin.py:104} INFO - [2022-05-07 14:34:57,566] {dag.py:2273} INFO - Setting next_dagrun for example_xcom to 2022-05-05 00:00:00+00:00
[2022-05-07 14:34:57,570] {scheduler_job.py:190} INFO - Processing /home/airflow/.local/lib/python3.6/site-packages/airflow/example_dags/example_xcom.py took 0.039 seconds
[2022-05-07 14:35:28,249] {scheduler_job.py:182} INFO - Started process (PID=6925) to work on /home/airflow/.local/lib/python3.6/site-packages/airflow/example_dags/example_xcom.py
[2022-05-07 14:35:28,250] {scheduler_job.py:629} INFO - Processing file /home/airflow/.local/lib/python3.6/site-packages/airflow/example_dags/example_xcom.py for tasks to queue
[2022-05-07 14:35:28,251] {logging_mixin.py:104} INFO - [2022-05-07 14:35:28,251] {dagbag.py:448} INFO - Filling up the DagBag from /home/airflow/.local/lib/python3.6/site-packages/airflow/example_dags/example_xcom.py
[2022-05-07 14:35:28,259] {scheduler_job.py:639} INFO - DAG(s) dict_keys(['example_xcom']) retrieved from /home/airflow/.local/lib/python3.6/site-packages/airflow/example_dags/example_xcom.py
[2022-05-07 14:35:28,275] {logging_mixin.py:104} INFO - [2022-05-07 14:35:28,275] {dag.py:1818} INFO - Sync 1 DAGs
[2022-05-07 14:35:28,282] {logging_mixin.py:104} INFO - [2022-05-07 14:35:28,282] {dag.py:2273} INFO - Setting next_dagrun for example_xcom to 2022-05-05 00:00:00+00:00
[2022-05-07 14:35:28,286] {scheduler_job.py:190} INFO - Processing /home/airflow/.local/lib/python3.6/site-packages/airflow/example_dags/example_xcom.py took 0.039 seconds
[2022-05-07 14:35:58,311] {scheduler_job.py:182} INFO - Started process (PID=7060) to work on /home/airflow/.local/lib/python3.6/site-packages/airflow/example_dags/example_xcom.py
[2022-05-07 14:35:58,312] {scheduler_job.py:629} INFO - Processing file /home/airflow/.local/lib/python3.6/site-packages/airflow/example_dags/example_xcom.py for tasks to queue
[2022-05-07 14:35:58,312] {logging_mixin.py:104} INFO - [2022-05-07 14:35:58,312] {dagbag.py:448} INFO - Filling up the DagBag from /home/airflow/.local/lib/python3.6/site-packages/airflow/example_dags/example_xcom.py
[2022-05-07 14:35:58,320] {scheduler_job.py:639} INFO - DAG(s) dict_keys(['example_xcom']) retrieved from /home/airflow/.local/lib/python3.6/site-packages/airflow/example_dags/example_xcom.py
[2022-05-07 14:35:58,331] {logging_mixin.py:104} INFO - [2022-05-07 14:35:58,331] {dag.py:1818} INFO - Sync 1 DAGs
[2022-05-07 14:35:58,340] {logging_mixin.py:104} INFO - [2022-05-07 14:35:58,340] {dag.py:2273} INFO - Setting next_dagrun for example_xcom to 2022-05-05 00:00:00+00:00
[2022-05-07 14:35:58,344] {scheduler_job.py:190} INFO - Processing /home/airflow/.local/lib/python3.6/site-packages/airflow/example_dags/example_xcom.py took 0.035 seconds
[2022-05-07 14:36:28,377] {scheduler_job.py:182} INFO - Started process (PID=7195) to work on /home/airflow/.local/lib/python3.6/site-packages/airflow/example_dags/example_xcom.py
[2022-05-07 14:36:28,378] {scheduler_job.py:629} INFO - Processing file /home/airflow/.local/lib/python3.6/site-packages/airflow/example_dags/example_xcom.py for tasks to queue
[2022-05-07 14:36:28,378] {logging_mixin.py:104} INFO - [2022-05-07 14:36:28,378] {dagbag.py:448} INFO - Filling up the DagBag from /home/airflow/.local/lib/python3.6/site-packages/airflow/example_dags/example_xcom.py
[2022-05-07 14:36:28,386] {scheduler_job.py:639} INFO - DAG(s) dict_keys(['example_xcom']) retrieved from /home/airflow/.local/lib/python3.6/site-packages/airflow/example_dags/example_xcom.py
[2022-05-07 14:36:28,399] {logging_mixin.py:104} INFO - [2022-05-07 14:36:28,399] {dag.py:1818} INFO - Sync 1 DAGs
[2022-05-07 14:36:28,411] {logging_mixin.py:104} INFO - [2022-05-07 14:36:28,410] {dag.py:2273} INFO - Setting next_dagrun for example_xcom to 2022-05-05 00:00:00+00:00
[2022-05-07 14:36:28,416] {scheduler_job.py:190} INFO - Processing /home/airflow/.local/lib/python3.6/site-packages/airflow/example_dags/example_xcom.py took 0.041 seconds
[2022-05-07 14:36:58,494] {scheduler_job.py:182} INFO - Started process (PID=7338) to work on /home/airflow/.local/lib/python3.6/site-packages/airflow/example_dags/example_xcom.py
[2022-05-07 14:36:58,495] {scheduler_job.py:629} INFO - Processing file /home/airflow/.local/lib/python3.6/site-packages/airflow/example_dags/example_xcom.py for tasks to queue
[2022-05-07 14:36:58,495] {logging_mixin.py:104} INFO - [2022-05-07 14:36:58,495] {dagbag.py:448} INFO - Filling up the DagBag from /home/airflow/.local/lib/python3.6/site-packages/airflow/example_dags/example_xcom.py
[2022-05-07 14:36:58,504] {scheduler_job.py:639} INFO - DAG(s) dict_keys(['example_xcom']) retrieved from /home/airflow/.local/lib/python3.6/site-packages/airflow/example_dags/example_xcom.py
[2022-05-07 14:36:58,517] {logging_mixin.py:104} INFO - [2022-05-07 14:36:58,517] {dag.py:1818} INFO - Sync 1 DAGs
[2022-05-07 14:36:58,525] {logging_mixin.py:104} INFO - [2022-05-07 14:36:58,525] {dag.py:2273} INFO - Setting next_dagrun for example_xcom to 2022-05-05 00:00:00+00:00
[2022-05-07 14:36:58,529] {scheduler_job.py:190} INFO - Processing /home/airflow/.local/lib/python3.6/site-packages/airflow/example_dags/example_xcom.py took 0.037 seconds
[2022-05-07 14:37:28,599] {scheduler_job.py:182} INFO - Started process (PID=7473) to work on /home/airflow/.local/lib/python3.6/site-packages/airflow/example_dags/example_xcom.py
[2022-05-07 14:37:28,599] {scheduler_job.py:629} INFO - Processing file /home/airflow/.local/lib/python3.6/site-packages/airflow/example_dags/example_xcom.py for tasks to queue
[2022-05-07 14:37:28,600] {logging_mixin.py:104} INFO - [2022-05-07 14:37:28,600] {dagbag.py:448} INFO - Filling up the DagBag from /home/airflow/.local/lib/python3.6/site-packages/airflow/example_dags/example_xcom.py
[2022-05-07 14:37:28,610] {scheduler_job.py:639} INFO - DAG(s) dict_keys(['example_xcom']) retrieved from /home/airflow/.local/lib/python3.6/site-packages/airflow/example_dags/example_xcom.py
[2022-05-07 14:37:28,624] {logging_mixin.py:104} INFO - [2022-05-07 14:37:28,624] {dag.py:1818} INFO - Sync 1 DAGs
[2022-05-07 14:37:28,632] {logging_mixin.py:104} INFO - [2022-05-07 14:37:28,632] {dag.py:2273} INFO - Setting next_dagrun for example_xcom to 2022-05-05 00:00:00+00:00
[2022-05-07 14:37:28,636] {scheduler_job.py:190} INFO - Processing /home/airflow/.local/lib/python3.6/site-packages/airflow/example_dags/example_xcom.py took 0.040 seconds
[2022-05-07 14:37:59,271] {scheduler_job.py:182} INFO - Started process (PID=7598) to work on /home/airflow/.local/lib/python3.6/site-packages/airflow/example_dags/example_xcom.py
[2022-05-07 14:37:59,272] {scheduler_job.py:629} INFO - Processing file /home/airflow/.local/lib/python3.6/site-packages/airflow/example_dags/example_xcom.py for tasks to queue
[2022-05-07 14:37:59,272] {logging_mixin.py:104} INFO - [2022-05-07 14:37:59,272] {dagbag.py:448} INFO - Filling up the DagBag from /home/airflow/.local/lib/python3.6/site-packages/airflow/example_dags/example_xcom.py
[2022-05-07 14:37:59,280] {scheduler_job.py:639} INFO - DAG(s) dict_keys(['example_xcom']) retrieved from /home/airflow/.local/lib/python3.6/site-packages/airflow/example_dags/example_xcom.py
[2022-05-07 14:37:59,293] {logging_mixin.py:104} INFO - [2022-05-07 14:37:59,293] {dag.py:1818} INFO - Sync 1 DAGs
[2022-05-07 14:37:59,301] {logging_mixin.py:104} INFO - [2022-05-07 14:37:59,301] {dag.py:2273} INFO - Setting next_dagrun for example_xcom to 2022-05-05 00:00:00+00:00
[2022-05-07 14:37:59,305] {scheduler_job.py:190} INFO - Processing /home/airflow/.local/lib/python3.6/site-packages/airflow/example_dags/example_xcom.py took 0.036 seconds
[2022-05-07 14:38:29,986] {scheduler_job.py:182} INFO - Started process (PID=7735) to work on /home/airflow/.local/lib/python3.6/site-packages/airflow/example_dags/example_xcom.py
[2022-05-07 14:38:29,987] {scheduler_job.py:629} INFO - Processing file /home/airflow/.local/lib/python3.6/site-packages/airflow/example_dags/example_xcom.py for tasks to queue
[2022-05-07 14:38:29,988] {logging_mixin.py:104} INFO - [2022-05-07 14:38:29,988] {dagbag.py:448} INFO - Filling up the DagBag from /home/airflow/.local/lib/python3.6/site-packages/airflow/example_dags/example_xcom.py
[2022-05-07 14:38:29,995] {scheduler_job.py:639} INFO - DAG(s) dict_keys(['example_xcom']) retrieved from /home/airflow/.local/lib/python3.6/site-packages/airflow/example_dags/example_xcom.py
[2022-05-07 14:38:30,009] {logging_mixin.py:104} INFO - [2022-05-07 14:38:30,009] {dag.py:1818} INFO - Sync 1 DAGs
[2022-05-07 14:38:30,019] {logging_mixin.py:104} INFO - [2022-05-07 14:38:30,019] {dag.py:2273} INFO - Setting next_dagrun for example_xcom to 2022-05-05 00:00:00+00:00
[2022-05-07 14:38:30,023] {scheduler_job.py:190} INFO - Processing /home/airflow/.local/lib/python3.6/site-packages/airflow/example_dags/example_xcom.py took 0.038 seconds
[2022-05-07 14:39:00,712] {scheduler_job.py:182} INFO - Started process (PID=7870) to work on /home/airflow/.local/lib/python3.6/site-packages/airflow/example_dags/example_xcom.py
[2022-05-07 14:39:00,713] {scheduler_job.py:629} INFO - Processing file /home/airflow/.local/lib/python3.6/site-packages/airflow/example_dags/example_xcom.py for tasks to queue
[2022-05-07 14:39:00,713] {logging_mixin.py:104} INFO - [2022-05-07 14:39:00,713] {dagbag.py:448} INFO - Filling up the DagBag from /home/airflow/.local/lib/python3.6/site-packages/airflow/example_dags/example_xcom.py
[2022-05-07 14:39:00,721] {scheduler_job.py:639} INFO - DAG(s) dict_keys(['example_xcom']) retrieved from /home/airflow/.local/lib/python3.6/site-packages/airflow/example_dags/example_xcom.py
[2022-05-07 14:39:00,735] {logging_mixin.py:104} INFO - [2022-05-07 14:39:00,735] {dag.py:1818} INFO - Sync 1 DAGs
[2022-05-07 14:39:00,743] {logging_mixin.py:104} INFO - [2022-05-07 14:39:00,743] {dag.py:2273} INFO - Setting next_dagrun for example_xcom to 2022-05-05 00:00:00+00:00
[2022-05-07 14:39:00,747] {scheduler_job.py:190} INFO - Processing /home/airflow/.local/lib/python3.6/site-packages/airflow/example_dags/example_xcom.py took 0.036 seconds
[2022-05-07 14:39:31,530] {scheduler_job.py:182} INFO - Started process (PID=8005) to work on /home/airflow/.local/lib/python3.6/site-packages/airflow/example_dags/example_xcom.py
[2022-05-07 14:39:31,531] {scheduler_job.py:629} INFO - Processing file /home/airflow/.local/lib/python3.6/site-packages/airflow/example_dags/example_xcom.py for tasks to queue
[2022-05-07 14:39:31,531] {logging_mixin.py:104} INFO - [2022-05-07 14:39:31,531] {dagbag.py:448} INFO - Filling up the DagBag from /home/airflow/.local/lib/python3.6/site-packages/airflow/example_dags/example_xcom.py
[2022-05-07 14:39:31,540] {scheduler_job.py:639} INFO - DAG(s) dict_keys(['example_xcom']) retrieved from /home/airflow/.local/lib/python3.6/site-packages/airflow/example_dags/example_xcom.py
[2022-05-07 14:39:31,550] {logging_mixin.py:104} INFO - [2022-05-07 14:39:31,550] {dag.py:1818} INFO - Sync 1 DAGs
[2022-05-07 14:39:31,560] {logging_mixin.py:104} INFO - [2022-05-07 14:39:31,560] {dag.py:2273} INFO - Setting next_dagrun for example_xcom to 2022-05-05 00:00:00+00:00
[2022-05-07 14:39:31,564] {scheduler_job.py:190} INFO - Processing /home/airflow/.local/lib/python3.6/site-packages/airflow/example_dags/example_xcom.py took 0.036 seconds
[2022-05-07 14:40:02,274] {scheduler_job.py:182} INFO - Started process (PID=8140) to work on /home/airflow/.local/lib/python3.6/site-packages/airflow/example_dags/example_xcom.py
[2022-05-07 14:40:02,275] {scheduler_job.py:629} INFO - Processing file /home/airflow/.local/lib/python3.6/site-packages/airflow/example_dags/example_xcom.py for tasks to queue
[2022-05-07 14:40:02,275] {logging_mixin.py:104} INFO - [2022-05-07 14:40:02,275] {dagbag.py:448} INFO - Filling up the DagBag from /home/airflow/.local/lib/python3.6/site-packages/airflow/example_dags/example_xcom.py
[2022-05-07 14:40:02,284] {scheduler_job.py:639} INFO - DAG(s) dict_keys(['example_xcom']) retrieved from /home/airflow/.local/lib/python3.6/site-packages/airflow/example_dags/example_xcom.py
[2022-05-07 14:40:02,299] {logging_mixin.py:104} INFO - [2022-05-07 14:40:02,299] {dag.py:1818} INFO - Sync 1 DAGs
[2022-05-07 14:40:02,308] {logging_mixin.py:104} INFO - [2022-05-07 14:40:02,308] {dag.py:2273} INFO - Setting next_dagrun for example_xcom to 2022-05-05 00:00:00+00:00
[2022-05-07 14:40:02,313] {scheduler_job.py:190} INFO - Processing /home/airflow/.local/lib/python3.6/site-packages/airflow/example_dags/example_xcom.py took 0.041 seconds
[2022-05-07 14:40:33,050] {scheduler_job.py:182} INFO - Started process (PID=8273) to work on /home/airflow/.local/lib/python3.6/site-packages/airflow/example_dags/example_xcom.py
[2022-05-07 14:40:33,051] {scheduler_job.py:629} INFO - Processing file /home/airflow/.local/lib/python3.6/site-packages/airflow/example_dags/example_xcom.py for tasks to queue
[2022-05-07 14:40:33,051] {logging_mixin.py:104} INFO - [2022-05-07 14:40:33,051] {dagbag.py:448} INFO - Filling up the DagBag from /home/airflow/.local/lib/python3.6/site-packages/airflow/example_dags/example_xcom.py
[2022-05-07 14:40:33,060] {scheduler_job.py:639} INFO - DAG(s) dict_keys(['example_xcom']) retrieved from /home/airflow/.local/lib/python3.6/site-packages/airflow/example_dags/example_xcom.py
[2022-05-07 14:40:33,072] {logging_mixin.py:104} INFO - [2022-05-07 14:40:33,072] {dag.py:1818} INFO - Sync 1 DAGs
[2022-05-07 14:40:33,082] {logging_mixin.py:104} INFO - [2022-05-07 14:40:33,082] {dag.py:2273} INFO - Setting next_dagrun for example_xcom to 2022-05-05 00:00:00+00:00
[2022-05-07 14:40:33,086] {scheduler_job.py:190} INFO - Processing /home/airflow/.local/lib/python3.6/site-packages/airflow/example_dags/example_xcom.py took 0.038 seconds
[2022-05-07 14:41:03,784] {scheduler_job.py:182} INFO - Started process (PID=8408) to work on /home/airflow/.local/lib/python3.6/site-packages/airflow/example_dags/example_xcom.py
[2022-05-07 14:41:03,784] {scheduler_job.py:629} INFO - Processing file /home/airflow/.local/lib/python3.6/site-packages/airflow/example_dags/example_xcom.py for tasks to queue
[2022-05-07 14:41:03,785] {logging_mixin.py:104} INFO - [2022-05-07 14:41:03,785] {dagbag.py:448} INFO - Filling up the DagBag from /home/airflow/.local/lib/python3.6/site-packages/airflow/example_dags/example_xcom.py
[2022-05-07 14:41:03,793] {scheduler_job.py:639} INFO - DAG(s) dict_keys(['example_xcom']) retrieved from /home/airflow/.local/lib/python3.6/site-packages/airflow/example_dags/example_xcom.py
[2022-05-07 14:41:03,807] {logging_mixin.py:104} INFO - [2022-05-07 14:41:03,807] {dag.py:1818} INFO - Sync 1 DAGs
[2022-05-07 14:41:03,818] {logging_mixin.py:104} INFO - [2022-05-07 14:41:03,818] {dag.py:2273} INFO - Setting next_dagrun for example_xcom to 2022-05-05 00:00:00+00:00
[2022-05-07 14:41:03,822] {scheduler_job.py:190} INFO - Processing /home/airflow/.local/lib/python3.6/site-packages/airflow/example_dags/example_xcom.py took 0.040 seconds
[2022-05-07 14:41:34,514] {scheduler_job.py:182} INFO - Started process (PID=8543) to work on /home/airflow/.local/lib/python3.6/site-packages/airflow/example_dags/example_xcom.py
[2022-05-07 14:41:34,515] {scheduler_job.py:629} INFO - Processing file /home/airflow/.local/lib/python3.6/site-packages/airflow/example_dags/example_xcom.py for tasks to queue
[2022-05-07 14:41:34,515] {logging_mixin.py:104} INFO - [2022-05-07 14:41:34,515] {dagbag.py:448} INFO - Filling up the DagBag from /home/airflow/.local/lib/python3.6/site-packages/airflow/example_dags/example_xcom.py
[2022-05-07 14:41:34,522] {scheduler_job.py:639} INFO - DAG(s) dict_keys(['example_xcom']) retrieved from /home/airflow/.local/lib/python3.6/site-packages/airflow/example_dags/example_xcom.py
[2022-05-07 14:41:34,535] {logging_mixin.py:104} INFO - [2022-05-07 14:41:34,535] {dag.py:1818} INFO - Sync 1 DAGs
[2022-05-07 14:41:34,544] {logging_mixin.py:104} INFO - [2022-05-07 14:41:34,544] {dag.py:2273} INFO - Setting next_dagrun for example_xcom to 2022-05-05 00:00:00+00:00
[2022-05-07 14:41:34,548] {scheduler_job.py:190} INFO - Processing /home/airflow/.local/lib/python3.6/site-packages/airflow/example_dags/example_xcom.py took 0.037 seconds
[2022-05-07 14:42:05,249] {scheduler_job.py:182} INFO - Started process (PID=8680) to work on /home/airflow/.local/lib/python3.6/site-packages/airflow/example_dags/example_xcom.py
[2022-05-07 14:42:05,249] {scheduler_job.py:629} INFO - Processing file /home/airflow/.local/lib/python3.6/site-packages/airflow/example_dags/example_xcom.py for tasks to queue
[2022-05-07 14:42:05,250] {logging_mixin.py:104} INFO - [2022-05-07 14:42:05,250] {dagbag.py:448} INFO - Filling up the DagBag from /home/airflow/.local/lib/python3.6/site-packages/airflow/example_dags/example_xcom.py
[2022-05-07 14:42:05,255] {scheduler_job.py:639} INFO - DAG(s) dict_keys(['example_xcom']) retrieved from /home/airflow/.local/lib/python3.6/site-packages/airflow/example_dags/example_xcom.py
[2022-05-07 14:42:05,266] {logging_mixin.py:104} INFO - [2022-05-07 14:42:05,266] {dag.py:1818} INFO - Sync 1 DAGs
[2022-05-07 14:42:05,274] {logging_mixin.py:104} INFO - [2022-05-07 14:42:05,274] {dag.py:2273} INFO - Setting next_dagrun for example_xcom to 2022-05-05 00:00:00+00:00
[2022-05-07 14:42:05,278] {scheduler_job.py:190} INFO - Processing /home/airflow/.local/lib/python3.6/site-packages/airflow/example_dags/example_xcom.py took 0.031 seconds
[2022-05-07 14:42:35,994] {scheduler_job.py:182} INFO - Started process (PID=8815) to work on /home/airflow/.local/lib/python3.6/site-packages/airflow/example_dags/example_xcom.py
[2022-05-07 14:42:35,994] {scheduler_job.py:629} INFO - Processing file /home/airflow/.local/lib/python3.6/site-packages/airflow/example_dags/example_xcom.py for tasks to queue
[2022-05-07 14:42:35,995] {logging_mixin.py:104} INFO - [2022-05-07 14:42:35,995] {dagbag.py:448} INFO - Filling up the DagBag from /home/airflow/.local/lib/python3.6/site-packages/airflow/example_dags/example_xcom.py
[2022-05-07 14:42:36,002] {scheduler_job.py:639} INFO - DAG(s) dict_keys(['example_xcom']) retrieved from /home/airflow/.local/lib/python3.6/site-packages/airflow/example_dags/example_xcom.py
[2022-05-07 14:42:36,013] {logging_mixin.py:104} INFO - [2022-05-07 14:42:36,013] {dag.py:1818} INFO - Sync 1 DAGs
[2022-05-07 14:42:36,022] {logging_mixin.py:104} INFO - [2022-05-07 14:42:36,022] {dag.py:2273} INFO - Setting next_dagrun for example_xcom to 2022-05-05 00:00:00+00:00
[2022-05-07 14:42:36,026] {scheduler_job.py:190} INFO - Processing /home/airflow/.local/lib/python3.6/site-packages/airflow/example_dags/example_xcom.py took 0.034 seconds
[2022-05-07 14:43:06,747] {scheduler_job.py:182} INFO - Started process (PID=8950) to work on /home/airflow/.local/lib/python3.6/site-packages/airflow/example_dags/example_xcom.py
[2022-05-07 14:43:06,747] {scheduler_job.py:629} INFO - Processing file /home/airflow/.local/lib/python3.6/site-packages/airflow/example_dags/example_xcom.py for tasks to queue
[2022-05-07 14:43:06,748] {logging_mixin.py:104} INFO - [2022-05-07 14:43:06,748] {dagbag.py:448} INFO - Filling up the DagBag from /home/airflow/.local/lib/python3.6/site-packages/airflow/example_dags/example_xcom.py
[2022-05-07 14:43:06,755] {scheduler_job.py:639} INFO - DAG(s) dict_keys(['example_xcom']) retrieved from /home/airflow/.local/lib/python3.6/site-packages/airflow/example_dags/example_xcom.py
[2022-05-07 14:43:06,770] {logging_mixin.py:104} INFO - [2022-05-07 14:43:06,770] {dag.py:1818} INFO - Sync 1 DAGs
[2022-05-07 14:43:06,779] {logging_mixin.py:104} INFO - [2022-05-07 14:43:06,779] {dag.py:2273} INFO - Setting next_dagrun for example_xcom to 2022-05-05 00:00:00+00:00
[2022-05-07 14:43:06,783] {scheduler_job.py:190} INFO - Processing /home/airflow/.local/lib/python3.6/site-packages/airflow/example_dags/example_xcom.py took 0.039 seconds
[2022-05-07 14:43:37,469] {scheduler_job.py:182} INFO - Started process (PID=9085) to work on /home/airflow/.local/lib/python3.6/site-packages/airflow/example_dags/example_xcom.py
[2022-05-07 14:43:37,470] {scheduler_job.py:629} INFO - Processing file /home/airflow/.local/lib/python3.6/site-packages/airflow/example_dags/example_xcom.py for tasks to queue
[2022-05-07 14:43:37,471] {logging_mixin.py:104} INFO - [2022-05-07 14:43:37,471] {dagbag.py:448} INFO - Filling up the DagBag from /home/airflow/.local/lib/python3.6/site-packages/airflow/example_dags/example_xcom.py
[2022-05-07 14:43:37,479] {scheduler_job.py:639} INFO - DAG(s) dict_keys(['example_xcom']) retrieved from /home/airflow/.local/lib/python3.6/site-packages/airflow/example_dags/example_xcom.py
[2022-05-07 14:43:37,492] {logging_mixin.py:104} INFO - [2022-05-07 14:43:37,492] {dag.py:1818} INFO - Sync 1 DAGs
[2022-05-07 14:43:37,501] {logging_mixin.py:104} INFO - [2022-05-07 14:43:37,501] {dag.py:2273} INFO - Setting next_dagrun for example_xcom to 2022-05-05 00:00:00+00:00
[2022-05-07 14:43:37,505] {scheduler_job.py:190} INFO - Processing /home/airflow/.local/lib/python3.6/site-packages/airflow/example_dags/example_xcom.py took 0.038 seconds
[2022-05-07 14:44:08,282] {scheduler_job.py:182} INFO - Started process (PID=9220) to work on /home/airflow/.local/lib/python3.6/site-packages/airflow/example_dags/example_xcom.py
[2022-05-07 14:44:08,282] {scheduler_job.py:629} INFO - Processing file /home/airflow/.local/lib/python3.6/site-packages/airflow/example_dags/example_xcom.py for tasks to queue
[2022-05-07 14:44:08,283] {logging_mixin.py:104} INFO - [2022-05-07 14:44:08,282] {dagbag.py:448} INFO - Filling up the DagBag from /home/airflow/.local/lib/python3.6/site-packages/airflow/example_dags/example_xcom.py
[2022-05-07 14:44:08,290] {scheduler_job.py:639} INFO - DAG(s) dict_keys(['example_xcom']) retrieved from /home/airflow/.local/lib/python3.6/site-packages/airflow/example_dags/example_xcom.py
[2022-05-07 14:44:08,305] {logging_mixin.py:104} INFO - [2022-05-07 14:44:08,305] {dag.py:1818} INFO - Sync 1 DAGs
[2022-05-07 14:44:08,312] {logging_mixin.py:104} INFO - [2022-05-07 14:44:08,312] {dag.py:2273} INFO - Setting next_dagrun for example_xcom to 2022-05-05 00:00:00+00:00
[2022-05-07 14:44:08,316] {scheduler_job.py:190} INFO - Processing /home/airflow/.local/lib/python3.6/site-packages/airflow/example_dags/example_xcom.py took 0.035 seconds
[2022-05-07 14:44:39,037] {scheduler_job.py:182} INFO - Started process (PID=9355) to work on /home/airflow/.local/lib/python3.6/site-packages/airflow/example_dags/example_xcom.py
[2022-05-07 14:44:39,037] {scheduler_job.py:629} INFO - Processing file /home/airflow/.local/lib/python3.6/site-packages/airflow/example_dags/example_xcom.py for tasks to queue
[2022-05-07 14:44:39,037] {logging_mixin.py:104} INFO - [2022-05-07 14:44:39,037] {dagbag.py:448} INFO - Filling up the DagBag from /home/airflow/.local/lib/python3.6/site-packages/airflow/example_dags/example_xcom.py
[2022-05-07 14:44:39,043] {scheduler_job.py:639} INFO - DAG(s) dict_keys(['example_xcom']) retrieved from /home/airflow/.local/lib/python3.6/site-packages/airflow/example_dags/example_xcom.py
[2022-05-07 14:44:39,058] {logging_mixin.py:104} INFO - [2022-05-07 14:44:39,058] {dag.py:1818} INFO - Sync 1 DAGs
[2022-05-07 14:44:39,068] {logging_mixin.py:104} INFO - [2022-05-07 14:44:39,068] {dag.py:2273} INFO - Setting next_dagrun for example_xcom to 2022-05-05 00:00:00+00:00
[2022-05-07 14:44:39,072] {scheduler_job.py:190} INFO - Processing /home/airflow/.local/lib/python3.6/site-packages/airflow/example_dags/example_xcom.py took 0.036 seconds
[2022-05-07 14:45:09,798] {scheduler_job.py:182} INFO - Started process (PID=9490) to work on /home/airflow/.local/lib/python3.6/site-packages/airflow/example_dags/example_xcom.py
[2022-05-07 14:45:09,799] {scheduler_job.py:629} INFO - Processing file /home/airflow/.local/lib/python3.6/site-packages/airflow/example_dags/example_xcom.py for tasks to queue
[2022-05-07 14:45:09,799] {logging_mixin.py:104} INFO - [2022-05-07 14:45:09,799] {dagbag.py:448} INFO - Filling up the DagBag from /home/airflow/.local/lib/python3.6/site-packages/airflow/example_dags/example_xcom.py
[2022-05-07 14:45:09,808] {scheduler_job.py:639} INFO - DAG(s) dict_keys(['example_xcom']) retrieved from /home/airflow/.local/lib/python3.6/site-packages/airflow/example_dags/example_xcom.py
[2022-05-07 14:45:09,822] {logging_mixin.py:104} INFO - [2022-05-07 14:45:09,822] {dag.py:1818} INFO - Sync 1 DAGs
[2022-05-07 14:45:09,829] {logging_mixin.py:104} INFO - [2022-05-07 14:45:09,829] {dag.py:2273} INFO - Setting next_dagrun for example_xcom to 2022-05-05 00:00:00+00:00
[2022-05-07 14:45:09,833] {scheduler_job.py:190} INFO - Processing /home/airflow/.local/lib/python3.6/site-packages/airflow/example_dags/example_xcom.py took 0.037 seconds
[2022-05-07 14:45:40,534] {scheduler_job.py:182} INFO - Started process (PID=9625) to work on /home/airflow/.local/lib/python3.6/site-packages/airflow/example_dags/example_xcom.py
[2022-05-07 14:45:40,535] {scheduler_job.py:629} INFO - Processing file /home/airflow/.local/lib/python3.6/site-packages/airflow/example_dags/example_xcom.py for tasks to queue
[2022-05-07 14:45:40,535] {logging_mixin.py:104} INFO - [2022-05-07 14:45:40,535] {dagbag.py:448} INFO - Filling up the DagBag from /home/airflow/.local/lib/python3.6/site-packages/airflow/example_dags/example_xcom.py
[2022-05-07 14:45:40,543] {scheduler_job.py:639} INFO - DAG(s) dict_keys(['example_xcom']) retrieved from /home/airflow/.local/lib/python3.6/site-packages/airflow/example_dags/example_xcom.py
[2022-05-07 14:45:40,557] {logging_mixin.py:104} INFO - [2022-05-07 14:45:40,557] {dag.py:1818} INFO - Sync 1 DAGs
[2022-05-07 14:45:40,565] {logging_mixin.py:104} INFO - [2022-05-07 14:45:40,565] {dag.py:2273} INFO - Setting next_dagrun for example_xcom to 2022-05-05 00:00:00+00:00
[2022-05-07 14:45:40,568] {scheduler_job.py:190} INFO - Processing /home/airflow/.local/lib/python3.6/site-packages/airflow/example_dags/example_xcom.py took 0.036 seconds
[2022-05-07 14:46:11,279] {scheduler_job.py:182} INFO - Started process (PID=9760) to work on /home/airflow/.local/lib/python3.6/site-packages/airflow/example_dags/example_xcom.py
[2022-05-07 14:46:11,280] {scheduler_job.py:629} INFO - Processing file /home/airflow/.local/lib/python3.6/site-packages/airflow/example_dags/example_xcom.py for tasks to queue
[2022-05-07 14:46:11,281] {logging_mixin.py:104} INFO - [2022-05-07 14:46:11,281] {dagbag.py:448} INFO - Filling up the DagBag from /home/airflow/.local/lib/python3.6/site-packages/airflow/example_dags/example_xcom.py
[2022-05-07 14:46:11,290] {scheduler_job.py:639} INFO - DAG(s) dict_keys(['example_xcom']) retrieved from /home/airflow/.local/lib/python3.6/site-packages/airflow/example_dags/example_xcom.py
[2022-05-07 14:46:11,304] {logging_mixin.py:104} INFO - [2022-05-07 14:46:11,304] {dag.py:1818} INFO - Sync 1 DAGs
[2022-05-07 14:46:11,314] {logging_mixin.py:104} INFO - [2022-05-07 14:46:11,314] {dag.py:2273} INFO - Setting next_dagrun for example_xcom to 2022-05-05 00:00:00+00:00
[2022-05-07 14:46:11,318] {scheduler_job.py:190} INFO - Processing /home/airflow/.local/lib/python3.6/site-packages/airflow/example_dags/example_xcom.py took 0.040 seconds
[2022-05-07 14:46:42,028] {scheduler_job.py:182} INFO - Started process (PID=9895) to work on /home/airflow/.local/lib/python3.6/site-packages/airflow/example_dags/example_xcom.py
[2022-05-07 14:46:42,029] {scheduler_job.py:629} INFO - Processing file /home/airflow/.local/lib/python3.6/site-packages/airflow/example_dags/example_xcom.py for tasks to queue
[2022-05-07 14:46:42,030] {logging_mixin.py:104} INFO - [2022-05-07 14:46:42,029] {dagbag.py:448} INFO - Filling up the DagBag from /home/airflow/.local/lib/python3.6/site-packages/airflow/example_dags/example_xcom.py
[2022-05-07 14:46:42,039] {scheduler_job.py:639} INFO - DAG(s) dict_keys(['example_xcom']) retrieved from /home/airflow/.local/lib/python3.6/site-packages/airflow/example_dags/example_xcom.py
[2022-05-07 14:46:42,053] {logging_mixin.py:104} INFO - [2022-05-07 14:46:42,053] {dag.py:1818} INFO - Sync 1 DAGs
[2022-05-07 14:46:42,062] {logging_mixin.py:104} INFO - [2022-05-07 14:46:42,062] {dag.py:2273} INFO - Setting next_dagrun for example_xcom to 2022-05-05 00:00:00+00:00
[2022-05-07 14:46:42,065] {scheduler_job.py:190} INFO - Processing /home/airflow/.local/lib/python3.6/site-packages/airflow/example_dags/example_xcom.py took 0.040 seconds
[2022-05-07 14:47:12,789] {scheduler_job.py:182} INFO - Started process (PID=10030) to work on /home/airflow/.local/lib/python3.6/site-packages/airflow/example_dags/example_xcom.py
[2022-05-07 14:47:12,789] {scheduler_job.py:629} INFO - Processing file /home/airflow/.local/lib/python3.6/site-packages/airflow/example_dags/example_xcom.py for tasks to queue
[2022-05-07 14:47:12,790] {logging_mixin.py:104} INFO - [2022-05-07 14:47:12,790] {dagbag.py:448} INFO - Filling up the DagBag from /home/airflow/.local/lib/python3.6/site-packages/airflow/example_dags/example_xcom.py
[2022-05-07 14:47:12,798] {scheduler_job.py:639} INFO - DAG(s) dict_keys(['example_xcom']) retrieved from /home/airflow/.local/lib/python3.6/site-packages/airflow/example_dags/example_xcom.py
[2022-05-07 14:47:12,812] {logging_mixin.py:104} INFO - [2022-05-07 14:47:12,811] {dag.py:1818} INFO - Sync 1 DAGs
[2022-05-07 14:47:12,820] {logging_mixin.py:104} INFO - [2022-05-07 14:47:12,820] {dag.py:2273} INFO - Setting next_dagrun for example_xcom to 2022-05-05 00:00:00+00:00
[2022-05-07 14:47:12,824] {scheduler_job.py:190} INFO - Processing /home/airflow/.local/lib/python3.6/site-packages/airflow/example_dags/example_xcom.py took 0.038 seconds
[2022-05-07 14:47:42,872] {scheduler_job.py:182} INFO - Started process (PID=10165) to work on /home/airflow/.local/lib/python3.6/site-packages/airflow/example_dags/example_xcom.py
[2022-05-07 14:47:42,873] {scheduler_job.py:629} INFO - Processing file /home/airflow/.local/lib/python3.6/site-packages/airflow/example_dags/example_xcom.py for tasks to queue
[2022-05-07 14:47:42,873] {logging_mixin.py:104} INFO - [2022-05-07 14:47:42,873] {dagbag.py:448} INFO - Filling up the DagBag from /home/airflow/.local/lib/python3.6/site-packages/airflow/example_dags/example_xcom.py
[2022-05-07 14:47:42,881] {scheduler_job.py:639} INFO - DAG(s) dict_keys(['example_xcom']) retrieved from /home/airflow/.local/lib/python3.6/site-packages/airflow/example_dags/example_xcom.py
[2022-05-07 14:47:42,894] {logging_mixin.py:104} INFO - [2022-05-07 14:47:42,893] {dag.py:1818} INFO - Sync 1 DAGs
[2022-05-07 14:47:42,901] {logging_mixin.py:104} INFO - [2022-05-07 14:47:42,901] {dag.py:2273} INFO - Setting next_dagrun for example_xcom to 2022-05-05 00:00:00+00:00
[2022-05-07 14:47:42,905] {scheduler_job.py:190} INFO - Processing /home/airflow/.local/lib/python3.6/site-packages/airflow/example_dags/example_xcom.py took 0.035 seconds
[2022-05-07 14:48:13,656] {scheduler_job.py:182} INFO - Started process (PID=10300) to work on /home/airflow/.local/lib/python3.6/site-packages/airflow/example_dags/example_xcom.py
[2022-05-07 14:48:13,657] {scheduler_job.py:629} INFO - Processing file /home/airflow/.local/lib/python3.6/site-packages/airflow/example_dags/example_xcom.py for tasks to queue
[2022-05-07 14:48:13,658] {logging_mixin.py:104} INFO - [2022-05-07 14:48:13,658] {dagbag.py:448} INFO - Filling up the DagBag from /home/airflow/.local/lib/python3.6/site-packages/airflow/example_dags/example_xcom.py
[2022-05-07 14:48:13,663] {scheduler_job.py:639} INFO - DAG(s) dict_keys(['example_xcom']) retrieved from /home/airflow/.local/lib/python3.6/site-packages/airflow/example_dags/example_xcom.py
[2022-05-07 14:48:13,678] {logging_mixin.py:104} INFO - [2022-05-07 14:48:13,678] {dag.py:1818} INFO - Sync 1 DAGs
[2022-05-07 14:48:13,686] {logging_mixin.py:104} INFO - [2022-05-07 14:48:13,686] {dag.py:2273} INFO - Setting next_dagrun for example_xcom to 2022-05-05 00:00:00+00:00
[2022-05-07 14:48:13,690] {scheduler_job.py:190} INFO - Processing /home/airflow/.local/lib/python3.6/site-packages/airflow/example_dags/example_xcom.py took 0.036 seconds
[2022-05-07 14:48:44,404] {scheduler_job.py:182} INFO - Started process (PID=10433) to work on /home/airflow/.local/lib/python3.6/site-packages/airflow/example_dags/example_xcom.py
[2022-05-07 14:48:44,404] {scheduler_job.py:629} INFO - Processing file /home/airflow/.local/lib/python3.6/site-packages/airflow/example_dags/example_xcom.py for tasks to queue
[2022-05-07 14:48:44,405] {logging_mixin.py:104} INFO - [2022-05-07 14:48:44,405] {dagbag.py:448} INFO - Filling up the DagBag from /home/airflow/.local/lib/python3.6/site-packages/airflow/example_dags/example_xcom.py
[2022-05-07 14:48:44,410] {scheduler_job.py:639} INFO - DAG(s) dict_keys(['example_xcom']) retrieved from /home/airflow/.local/lib/python3.6/site-packages/airflow/example_dags/example_xcom.py
[2022-05-07 14:48:44,424] {logging_mixin.py:104} INFO - [2022-05-07 14:48:44,424] {dag.py:1818} INFO - Sync 1 DAGs
[2022-05-07 14:48:44,433] {logging_mixin.py:104} INFO - [2022-05-07 14:48:44,433] {dag.py:2273} INFO - Setting next_dagrun for example_xcom to 2022-05-05 00:00:00+00:00
[2022-05-07 14:48:44,437] {scheduler_job.py:190} INFO - Processing /home/airflow/.local/lib/python3.6/site-packages/airflow/example_dags/example_xcom.py took 0.034 seconds
[2022-05-07 14:49:15,136] {scheduler_job.py:182} INFO - Started process (PID=10570) to work on /home/airflow/.local/lib/python3.6/site-packages/airflow/example_dags/example_xcom.py
[2022-05-07 14:49:15,137] {scheduler_job.py:629} INFO - Processing file /home/airflow/.local/lib/python3.6/site-packages/airflow/example_dags/example_xcom.py for tasks to queue
[2022-05-07 14:49:15,137] {logging_mixin.py:104} INFO - [2022-05-07 14:49:15,137] {dagbag.py:448} INFO - Filling up the DagBag from /home/airflow/.local/lib/python3.6/site-packages/airflow/example_dags/example_xcom.py
[2022-05-07 14:49:15,145] {scheduler_job.py:639} INFO - DAG(s) dict_keys(['example_xcom']) retrieved from /home/airflow/.local/lib/python3.6/site-packages/airflow/example_dags/example_xcom.py
[2022-05-07 14:49:15,158] {logging_mixin.py:104} INFO - [2022-05-07 14:49:15,158] {dag.py:1818} INFO - Sync 1 DAGs
[2022-05-07 14:49:15,167] {logging_mixin.py:104} INFO - [2022-05-07 14:49:15,166] {dag.py:2273} INFO - Setting next_dagrun for example_xcom to 2022-05-05 00:00:00+00:00
[2022-05-07 14:49:15,171] {scheduler_job.py:190} INFO - Processing /home/airflow/.local/lib/python3.6/site-packages/airflow/example_dags/example_xcom.py took 0.037 seconds
[2022-05-07 14:49:45,878] {scheduler_job.py:182} INFO - Started process (PID=10705) to work on /home/airflow/.local/lib/python3.6/site-packages/airflow/example_dags/example_xcom.py
[2022-05-07 14:49:45,879] {scheduler_job.py:629} INFO - Processing file /home/airflow/.local/lib/python3.6/site-packages/airflow/example_dags/example_xcom.py for tasks to queue
[2022-05-07 14:49:45,880] {logging_mixin.py:104} INFO - [2022-05-07 14:49:45,880] {dagbag.py:448} INFO - Filling up the DagBag from /home/airflow/.local/lib/python3.6/site-packages/airflow/example_dags/example_xcom.py
[2022-05-07 14:49:45,889] {scheduler_job.py:639} INFO - DAG(s) dict_keys(['example_xcom']) retrieved from /home/airflow/.local/lib/python3.6/site-packages/airflow/example_dags/example_xcom.py
[2022-05-07 14:49:45,903] {logging_mixin.py:104} INFO - [2022-05-07 14:49:45,903] {dag.py:1818} INFO - Sync 1 DAGs
[2022-05-07 14:49:45,912] {logging_mixin.py:104} INFO - [2022-05-07 14:49:45,912] {dag.py:2273} INFO - Setting next_dagrun for example_xcom to 2022-05-05 00:00:00+00:00
[2022-05-07 14:49:45,917] {scheduler_job.py:190} INFO - Processing /home/airflow/.local/lib/python3.6/site-packages/airflow/example_dags/example_xcom.py took 0.041 seconds
[2022-05-07 14:50:16,619] {scheduler_job.py:182} INFO - Started process (PID=10838) to work on /home/airflow/.local/lib/python3.6/site-packages/airflow/example_dags/example_xcom.py
[2022-05-07 14:50:16,620] {scheduler_job.py:629} INFO - Processing file /home/airflow/.local/lib/python3.6/site-packages/airflow/example_dags/example_xcom.py for tasks to queue
[2022-05-07 14:50:16,620] {logging_mixin.py:104} INFO - [2022-05-07 14:50:16,620] {dagbag.py:448} INFO - Filling up the DagBag from /home/airflow/.local/lib/python3.6/site-packages/airflow/example_dags/example_xcom.py
[2022-05-07 14:50:16,629] {scheduler_job.py:639} INFO - DAG(s) dict_keys(['example_xcom']) retrieved from /home/airflow/.local/lib/python3.6/site-packages/airflow/example_dags/example_xcom.py
[2022-05-07 14:50:16,644] {logging_mixin.py:104} INFO - [2022-05-07 14:50:16,643] {dag.py:1818} INFO - Sync 1 DAGs
[2022-05-07 14:50:16,652] {logging_mixin.py:104} INFO - [2022-05-07 14:50:16,652] {dag.py:2273} INFO - Setting next_dagrun for example_xcom to 2022-05-05 00:00:00+00:00
[2022-05-07 14:50:16,656] {scheduler_job.py:190} INFO - Processing /home/airflow/.local/lib/python3.6/site-packages/airflow/example_dags/example_xcom.py took 0.039 seconds
[2022-05-07 14:50:47,367] {scheduler_job.py:182} INFO - Started process (PID=10975) to work on /home/airflow/.local/lib/python3.6/site-packages/airflow/example_dags/example_xcom.py
[2022-05-07 14:50:47,368] {scheduler_job.py:629} INFO - Processing file /home/airflow/.local/lib/python3.6/site-packages/airflow/example_dags/example_xcom.py for tasks to queue
[2022-05-07 14:50:47,368] {logging_mixin.py:104} INFO - [2022-05-07 14:50:47,368] {dagbag.py:448} INFO - Filling up the DagBag from /home/airflow/.local/lib/python3.6/site-packages/airflow/example_dags/example_xcom.py
[2022-05-07 14:50:47,374] {scheduler_job.py:639} INFO - DAG(s) dict_keys(['example_xcom']) retrieved from /home/airflow/.local/lib/python3.6/site-packages/airflow/example_dags/example_xcom.py
[2022-05-07 14:50:47,389] {logging_mixin.py:104} INFO - [2022-05-07 14:50:47,389] {dag.py:1818} INFO - Sync 1 DAGs
[2022-05-07 14:50:47,396] {logging_mixin.py:104} INFO - [2022-05-07 14:50:47,396] {dag.py:2273} INFO - Setting next_dagrun for example_xcom to 2022-05-05 00:00:00+00:00
[2022-05-07 14:50:47,400] {scheduler_job.py:190} INFO - Processing /home/airflow/.local/lib/python3.6/site-packages/airflow/example_dags/example_xcom.py took 0.035 seconds
[2022-05-07 14:51:18,076] {scheduler_job.py:182} INFO - Started process (PID=11110) to work on /home/airflow/.local/lib/python3.6/site-packages/airflow/example_dags/example_xcom.py
[2022-05-07 14:51:18,078] {scheduler_job.py:629} INFO - Processing file /home/airflow/.local/lib/python3.6/site-packages/airflow/example_dags/example_xcom.py for tasks to queue
[2022-05-07 14:51:18,078] {logging_mixin.py:104} INFO - [2022-05-07 14:51:18,078] {dagbag.py:448} INFO - Filling up the DagBag from /home/airflow/.local/lib/python3.6/site-packages/airflow/example_dags/example_xcom.py
[2022-05-07 14:51:18,085] {scheduler_job.py:639} INFO - DAG(s) dict_keys(['example_xcom']) retrieved from /home/airflow/.local/lib/python3.6/site-packages/airflow/example_dags/example_xcom.py
[2022-05-07 14:51:18,100] {logging_mixin.py:104} INFO - [2022-05-07 14:51:18,100] {dag.py:1818} INFO - Sync 1 DAGs
[2022-05-07 14:51:18,108] {logging_mixin.py:104} INFO - [2022-05-07 14:51:18,108] {dag.py:2273} INFO - Setting next_dagrun for example_xcom to 2022-05-05 00:00:00+00:00
[2022-05-07 14:51:18,112] {scheduler_job.py:190} INFO - Processing /home/airflow/.local/lib/python3.6/site-packages/airflow/example_dags/example_xcom.py took 0.038 seconds
[2022-05-07 14:51:48,814] {scheduler_job.py:182} INFO - Started process (PID=11245) to work on /home/airflow/.local/lib/python3.6/site-packages/airflow/example_dags/example_xcom.py
[2022-05-07 14:51:48,815] {scheduler_job.py:629} INFO - Processing file /home/airflow/.local/lib/python3.6/site-packages/airflow/example_dags/example_xcom.py for tasks to queue
[2022-05-07 14:51:48,816] {logging_mixin.py:104} INFO - [2022-05-07 14:51:48,815] {dagbag.py:448} INFO - Filling up the DagBag from /home/airflow/.local/lib/python3.6/site-packages/airflow/example_dags/example_xcom.py
[2022-05-07 14:51:48,823] {scheduler_job.py:639} INFO - DAG(s) dict_keys(['example_xcom']) retrieved from /home/airflow/.local/lib/python3.6/site-packages/airflow/example_dags/example_xcom.py
[2022-05-07 14:51:48,837] {logging_mixin.py:104} INFO - [2022-05-07 14:51:48,837] {dag.py:1818} INFO - Sync 1 DAGs
[2022-05-07 14:51:48,846] {logging_mixin.py:104} INFO - [2022-05-07 14:51:48,846] {dag.py:2273} INFO - Setting next_dagrun for example_xcom to 2022-05-05 00:00:00+00:00
[2022-05-07 14:51:48,850] {scheduler_job.py:190} INFO - Processing /home/airflow/.local/lib/python3.6/site-packages/airflow/example_dags/example_xcom.py took 0.037 seconds
[2022-05-07 14:52:19,568] {scheduler_job.py:182} INFO - Started process (PID=11380) to work on /home/airflow/.local/lib/python3.6/site-packages/airflow/example_dags/example_xcom.py
[2022-05-07 14:52:19,569] {scheduler_job.py:629} INFO - Processing file /home/airflow/.local/lib/python3.6/site-packages/airflow/example_dags/example_xcom.py for tasks to queue
[2022-05-07 14:52:19,569] {logging_mixin.py:104} INFO - [2022-05-07 14:52:19,569] {dagbag.py:448} INFO - Filling up the DagBag from /home/airflow/.local/lib/python3.6/site-packages/airflow/example_dags/example_xcom.py
[2022-05-07 14:52:19,576] {scheduler_job.py:639} INFO - DAG(s) dict_keys(['example_xcom']) retrieved from /home/airflow/.local/lib/python3.6/site-packages/airflow/example_dags/example_xcom.py
[2022-05-07 14:52:19,592] {logging_mixin.py:104} INFO - [2022-05-07 14:52:19,592] {dag.py:1818} INFO - Sync 1 DAGs
[2022-05-07 14:52:19,601] {logging_mixin.py:104} INFO - [2022-05-07 14:52:19,601] {dag.py:2273} INFO - Setting next_dagrun for example_xcom to 2022-05-05 00:00:00+00:00
[2022-05-07 14:52:19,604] {scheduler_job.py:190} INFO - Processing /home/airflow/.local/lib/python3.6/site-packages/airflow/example_dags/example_xcom.py took 0.039 seconds
[2022-05-07 14:52:50,296] {scheduler_job.py:182} INFO - Started process (PID=11515) to work on /home/airflow/.local/lib/python3.6/site-packages/airflow/example_dags/example_xcom.py
[2022-05-07 14:52:50,297] {scheduler_job.py:629} INFO - Processing file /home/airflow/.local/lib/python3.6/site-packages/airflow/example_dags/example_xcom.py for tasks to queue
[2022-05-07 14:52:50,298] {logging_mixin.py:104} INFO - [2022-05-07 14:52:50,298] {dagbag.py:448} INFO - Filling up the DagBag from /home/airflow/.local/lib/python3.6/site-packages/airflow/example_dags/example_xcom.py
[2022-05-07 14:52:50,307] {scheduler_job.py:639} INFO - DAG(s) dict_keys(['example_xcom']) retrieved from /home/airflow/.local/lib/python3.6/site-packages/airflow/example_dags/example_xcom.py
[2022-05-07 14:52:50,322] {logging_mixin.py:104} INFO - [2022-05-07 14:52:50,322] {dag.py:1818} INFO - Sync 1 DAGs
[2022-05-07 14:52:50,331] {logging_mixin.py:104} INFO - [2022-05-07 14:52:50,330] {dag.py:2273} INFO - Setting next_dagrun for example_xcom to 2022-05-05 00:00:00+00:00
[2022-05-07 14:52:50,334] {scheduler_job.py:190} INFO - Processing /home/airflow/.local/lib/python3.6/site-packages/airflow/example_dags/example_xcom.py took 0.040 seconds
[2022-05-07 14:53:21,025] {scheduler_job.py:182} INFO - Started process (PID=11650) to work on /home/airflow/.local/lib/python3.6/site-packages/airflow/example_dags/example_xcom.py
[2022-05-07 14:53:21,026] {scheduler_job.py:629} INFO - Processing file /home/airflow/.local/lib/python3.6/site-packages/airflow/example_dags/example_xcom.py for tasks to queue
[2022-05-07 14:53:21,027] {logging_mixin.py:104} INFO - [2022-05-07 14:53:21,027] {dagbag.py:448} INFO - Filling up the DagBag from /home/airflow/.local/lib/python3.6/site-packages/airflow/example_dags/example_xcom.py
[2022-05-07 14:53:21,037] {scheduler_job.py:639} INFO - DAG(s) dict_keys(['example_xcom']) retrieved from /home/airflow/.local/lib/python3.6/site-packages/airflow/example_dags/example_xcom.py
[2022-05-07 14:53:21,052] {logging_mixin.py:104} INFO - [2022-05-07 14:53:21,052] {dag.py:1818} INFO - Sync 1 DAGs
[2022-05-07 14:53:21,062] {logging_mixin.py:104} INFO - [2022-05-07 14:53:21,062] {dag.py:2273} INFO - Setting next_dagrun for example_xcom to 2022-05-05 00:00:00+00:00
[2022-05-07 14:53:21,065] {scheduler_job.py:190} INFO - Processing /home/airflow/.local/lib/python3.6/site-packages/airflow/example_dags/example_xcom.py took 0.043 seconds
[2022-05-07 14:53:51,791] {scheduler_job.py:182} INFO - Started process (PID=11785) to work on /home/airflow/.local/lib/python3.6/site-packages/airflow/example_dags/example_xcom.py
[2022-05-07 14:53:51,792] {scheduler_job.py:629} INFO - Processing file /home/airflow/.local/lib/python3.6/site-packages/airflow/example_dags/example_xcom.py for tasks to queue
[2022-05-07 14:53:51,792] {logging_mixin.py:104} INFO - [2022-05-07 14:53:51,792] {dagbag.py:448} INFO - Filling up the DagBag from /home/airflow/.local/lib/python3.6/site-packages/airflow/example_dags/example_xcom.py
[2022-05-07 14:53:51,800] {scheduler_job.py:639} INFO - DAG(s) dict_keys(['example_xcom']) retrieved from /home/airflow/.local/lib/python3.6/site-packages/airflow/example_dags/example_xcom.py
[2022-05-07 14:53:51,815] {logging_mixin.py:104} INFO - [2022-05-07 14:53:51,815] {dag.py:1818} INFO - Sync 1 DAGs
[2022-05-07 14:53:51,824] {logging_mixin.py:104} INFO - [2022-05-07 14:53:51,824] {dag.py:2273} INFO - Setting next_dagrun for example_xcom to 2022-05-05 00:00:00+00:00
[2022-05-07 14:53:51,828] {scheduler_job.py:190} INFO - Processing /home/airflow/.local/lib/python3.6/site-packages/airflow/example_dags/example_xcom.py took 0.040 seconds
[2022-05-07 14:54:22,528] {scheduler_job.py:182} INFO - Started process (PID=11920) to work on /home/airflow/.local/lib/python3.6/site-packages/airflow/example_dags/example_xcom.py
[2022-05-07 14:54:22,529] {scheduler_job.py:629} INFO - Processing file /home/airflow/.local/lib/python3.6/site-packages/airflow/example_dags/example_xcom.py for tasks to queue
[2022-05-07 14:54:22,529] {logging_mixin.py:104} INFO - [2022-05-07 14:54:22,529] {dagbag.py:448} INFO - Filling up the DagBag from /home/airflow/.local/lib/python3.6/site-packages/airflow/example_dags/example_xcom.py
[2022-05-07 14:54:22,537] {scheduler_job.py:639} INFO - DAG(s) dict_keys(['example_xcom']) retrieved from /home/airflow/.local/lib/python3.6/site-packages/airflow/example_dags/example_xcom.py
[2022-05-07 14:54:22,550] {logging_mixin.py:104} INFO - [2022-05-07 14:54:22,550] {dag.py:1818} INFO - Sync 1 DAGs
[2022-05-07 14:54:22,559] {logging_mixin.py:104} INFO - [2022-05-07 14:54:22,559] {dag.py:2273} INFO - Setting next_dagrun for example_xcom to 2022-05-05 00:00:00+00:00
[2022-05-07 14:54:22,563] {scheduler_job.py:190} INFO - Processing /home/airflow/.local/lib/python3.6/site-packages/airflow/example_dags/example_xcom.py took 0.037 seconds
