[2022-05-07 14:14:00,891] {scheduler_job.py:182} INFO - Started process (PID=303) to work on /home/airflow/.local/lib/python3.6/site-packages/airflow/example_dags/example_complex.py
[2022-05-07 14:14:00,892] {scheduler_job.py:629} INFO - Processing file /home/airflow/.local/lib/python3.6/site-packages/airflow/example_dags/example_complex.py for tasks to queue
[2022-05-07 14:14:00,892] {logging_mixin.py:104} INFO - [2022-05-07 14:14:00,892] {dagbag.py:448} INFO - Filling up the DagBag from /home/airflow/.local/lib/python3.6/site-packages/airflow/example_dags/example_complex.py
[2022-05-07 14:14:00,903] {scheduler_job.py:639} INFO - DAG(s) dict_keys(['example_complex']) retrieved from /home/airflow/.local/lib/python3.6/site-packages/airflow/example_dags/example_complex.py
[2022-05-07 14:14:00,925] {logging_mixin.py:104} INFO - [2022-05-07 14:14:00,925] {dag.py:1818} INFO - Sync 1 DAGs
[2022-05-07 14:14:00,932] {logging_mixin.py:104} INFO - [2022-05-07 14:14:00,932] {dag.py:2273} INFO - Setting next_dagrun for example_complex to None
[2022-05-07 14:14:00,938] {scheduler_job.py:190} INFO - Processing /home/airflow/.local/lib/python3.6/site-packages/airflow/example_dags/example_complex.py took 0.048 seconds
[2022-05-07 14:14:31,763] {scheduler_job.py:182} INFO - Started process (PID=929) to work on /home/airflow/.local/lib/python3.6/site-packages/airflow/example_dags/example_complex.py
[2022-05-07 14:14:31,764] {scheduler_job.py:629} INFO - Processing file /home/airflow/.local/lib/python3.6/site-packages/airflow/example_dags/example_complex.py for tasks to queue
[2022-05-07 14:14:31,765] {logging_mixin.py:104} INFO - [2022-05-07 14:14:31,765] {dagbag.py:448} INFO - Filling up the DagBag from /home/airflow/.local/lib/python3.6/site-packages/airflow/example_dags/example_complex.py
[2022-05-07 14:14:31,777] {scheduler_job.py:639} INFO - DAG(s) dict_keys(['example_complex']) retrieved from /home/airflow/.local/lib/python3.6/site-packages/airflow/example_dags/example_complex.py
[2022-05-07 14:14:31,793] {logging_mixin.py:104} INFO - [2022-05-07 14:14:31,792] {dag.py:1818} INFO - Sync 1 DAGs
[2022-05-07 14:14:31,800] {logging_mixin.py:104} INFO - [2022-05-07 14:14:31,800] {dag.py:2273} INFO - Setting next_dagrun for example_complex to None
[2022-05-07 14:14:31,804] {scheduler_job.py:190} INFO - Processing /home/airflow/.local/lib/python3.6/site-packages/airflow/example_dags/example_complex.py took 0.043 seconds
[2022-05-07 14:15:02,635] {scheduler_job.py:182} INFO - Started process (PID=1254) to work on /home/airflow/.local/lib/python3.6/site-packages/airflow/example_dags/example_complex.py
[2022-05-07 14:15:02,636] {scheduler_job.py:629} INFO - Processing file /home/airflow/.local/lib/python3.6/site-packages/airflow/example_dags/example_complex.py for tasks to queue
[2022-05-07 14:15:02,636] {logging_mixin.py:104} INFO - [2022-05-07 14:15:02,636] {dagbag.py:448} INFO - Filling up the DagBag from /home/airflow/.local/lib/python3.6/site-packages/airflow/example_dags/example_complex.py
[2022-05-07 14:15:02,648] {scheduler_job.py:639} INFO - DAG(s) dict_keys(['example_complex']) retrieved from /home/airflow/.local/lib/python3.6/site-packages/airflow/example_dags/example_complex.py
[2022-05-07 14:15:02,662] {logging_mixin.py:104} INFO - [2022-05-07 14:15:02,662] {dag.py:1818} INFO - Sync 1 DAGs
[2022-05-07 14:15:02,671] {logging_mixin.py:104} INFO - [2022-05-07 14:15:02,671] {dag.py:2273} INFO - Setting next_dagrun for example_complex to None
[2022-05-07 14:15:02,675] {scheduler_job.py:190} INFO - Processing /home/airflow/.local/lib/python3.6/site-packages/airflow/example_dags/example_complex.py took 0.042 seconds
[2022-05-07 14:15:33,203] {scheduler_job.py:182} INFO - Started process (PID=1509) to work on /home/airflow/.local/lib/python3.6/site-packages/airflow/example_dags/example_complex.py
[2022-05-07 14:15:33,204] {scheduler_job.py:629} INFO - Processing file /home/airflow/.local/lib/python3.6/site-packages/airflow/example_dags/example_complex.py for tasks to queue
[2022-05-07 14:15:33,205] {logging_mixin.py:104} INFO - [2022-05-07 14:15:33,205] {dagbag.py:448} INFO - Filling up the DagBag from /home/airflow/.local/lib/python3.6/site-packages/airflow/example_dags/example_complex.py
[2022-05-07 14:15:33,222] {scheduler_job.py:639} INFO - DAG(s) dict_keys(['example_complex']) retrieved from /home/airflow/.local/lib/python3.6/site-packages/airflow/example_dags/example_complex.py
[2022-05-07 14:15:33,240] {logging_mixin.py:104} INFO - [2022-05-07 14:15:33,240] {dag.py:1818} INFO - Sync 1 DAGs
[2022-05-07 14:15:33,250] {logging_mixin.py:104} INFO - [2022-05-07 14:15:33,250] {dag.py:2273} INFO - Setting next_dagrun for example_complex to None
[2022-05-07 14:15:33,255] {scheduler_job.py:190} INFO - Processing /home/airflow/.local/lib/python3.6/site-packages/airflow/example_dags/example_complex.py took 0.054 seconds
[2022-05-07 14:16:04,068] {scheduler_job.py:182} INFO - Started process (PID=1733) to work on /home/airflow/.local/lib/python3.6/site-packages/airflow/example_dags/example_complex.py
[2022-05-07 14:16:04,069] {scheduler_job.py:629} INFO - Processing file /home/airflow/.local/lib/python3.6/site-packages/airflow/example_dags/example_complex.py for tasks to queue
[2022-05-07 14:16:04,069] {logging_mixin.py:104} INFO - [2022-05-07 14:16:04,069] {dagbag.py:448} INFO - Filling up the DagBag from /home/airflow/.local/lib/python3.6/site-packages/airflow/example_dags/example_complex.py
[2022-05-07 14:16:04,081] {scheduler_job.py:639} INFO - DAG(s) dict_keys(['example_complex']) retrieved from /home/airflow/.local/lib/python3.6/site-packages/airflow/example_dags/example_complex.py
[2022-05-07 14:16:04,101] {logging_mixin.py:104} INFO - [2022-05-07 14:16:04,101] {dag.py:1818} INFO - Sync 1 DAGs
[2022-05-07 14:16:04,109] {logging_mixin.py:104} INFO - [2022-05-07 14:16:04,109] {dag.py:2273} INFO - Setting next_dagrun for example_complex to None
[2022-05-07 14:16:04,113] {scheduler_job.py:190} INFO - Processing /home/airflow/.local/lib/python3.6/site-packages/airflow/example_dags/example_complex.py took 0.047 seconds
[2022-05-07 14:16:34,818] {scheduler_job.py:182} INFO - Started process (PID=1975) to work on /home/airflow/.local/lib/python3.6/site-packages/airflow/example_dags/example_complex.py
[2022-05-07 14:16:34,819] {scheduler_job.py:629} INFO - Processing file /home/airflow/.local/lib/python3.6/site-packages/airflow/example_dags/example_complex.py for tasks to queue
[2022-05-07 14:16:34,820] {logging_mixin.py:104} INFO - [2022-05-07 14:16:34,820] {dagbag.py:448} INFO - Filling up the DagBag from /home/airflow/.local/lib/python3.6/site-packages/airflow/example_dags/example_complex.py
[2022-05-07 14:16:34,833] {scheduler_job.py:639} INFO - DAG(s) dict_keys(['example_complex']) retrieved from /home/airflow/.local/lib/python3.6/site-packages/airflow/example_dags/example_complex.py
[2022-05-07 14:16:34,847] {logging_mixin.py:104} INFO - [2022-05-07 14:16:34,847] {dag.py:1818} INFO - Sync 1 DAGs
[2022-05-07 14:16:34,855] {logging_mixin.py:104} INFO - [2022-05-07 14:16:34,855] {dag.py:2273} INFO - Setting next_dagrun for example_complex to None
[2022-05-07 14:16:34,860] {scheduler_job.py:190} INFO - Processing /home/airflow/.local/lib/python3.6/site-packages/airflow/example_dags/example_complex.py took 0.044 seconds
[2022-05-07 14:17:05,576] {scheduler_job.py:182} INFO - Started process (PID=2110) to work on /home/airflow/.local/lib/python3.6/site-packages/airflow/example_dags/example_complex.py
[2022-05-07 14:17:05,576] {scheduler_job.py:629} INFO - Processing file /home/airflow/.local/lib/python3.6/site-packages/airflow/example_dags/example_complex.py for tasks to queue
[2022-05-07 14:17:05,577] {logging_mixin.py:104} INFO - [2022-05-07 14:17:05,576] {dagbag.py:448} INFO - Filling up the DagBag from /home/airflow/.local/lib/python3.6/site-packages/airflow/example_dags/example_complex.py
[2022-05-07 14:17:05,590] {scheduler_job.py:639} INFO - DAG(s) dict_keys(['example_complex']) retrieved from /home/airflow/.local/lib/python3.6/site-packages/airflow/example_dags/example_complex.py
[2022-05-07 14:17:05,606] {logging_mixin.py:104} INFO - [2022-05-07 14:17:05,606] {dag.py:1818} INFO - Sync 1 DAGs
[2022-05-07 14:17:05,613] {logging_mixin.py:104} INFO - [2022-05-07 14:17:05,613] {dag.py:2273} INFO - Setting next_dagrun for example_complex to None
[2022-05-07 14:17:05,618] {scheduler_job.py:190} INFO - Processing /home/airflow/.local/lib/python3.6/site-packages/airflow/example_dags/example_complex.py took 0.044 seconds
[2022-05-07 14:17:36,307] {scheduler_job.py:182} INFO - Started process (PID=2245) to work on /home/airflow/.local/lib/python3.6/site-packages/airflow/example_dags/example_complex.py
[2022-05-07 14:17:36,308] {scheduler_job.py:629} INFO - Processing file /home/airflow/.local/lib/python3.6/site-packages/airflow/example_dags/example_complex.py for tasks to queue
[2022-05-07 14:17:36,309] {logging_mixin.py:104} INFO - [2022-05-07 14:17:36,308] {dagbag.py:448} INFO - Filling up the DagBag from /home/airflow/.local/lib/python3.6/site-packages/airflow/example_dags/example_complex.py
[2022-05-07 14:17:36,321] {scheduler_job.py:639} INFO - DAG(s) dict_keys(['example_complex']) retrieved from /home/airflow/.local/lib/python3.6/site-packages/airflow/example_dags/example_complex.py
[2022-05-07 14:17:36,338] {logging_mixin.py:104} INFO - [2022-05-07 14:17:36,338] {dag.py:1818} INFO - Sync 1 DAGs
[2022-05-07 14:17:36,345] {logging_mixin.py:104} INFO - [2022-05-07 14:17:36,345] {dag.py:2273} INFO - Setting next_dagrun for example_complex to None
[2022-05-07 14:17:36,350] {scheduler_job.py:190} INFO - Processing /home/airflow/.local/lib/python3.6/site-packages/airflow/example_dags/example_complex.py took 0.045 seconds
[2022-05-07 14:18:07,121] {scheduler_job.py:182} INFO - Started process (PID=2380) to work on /home/airflow/.local/lib/python3.6/site-packages/airflow/example_dags/example_complex.py
[2022-05-07 14:18:07,121] {scheduler_job.py:629} INFO - Processing file /home/airflow/.local/lib/python3.6/site-packages/airflow/example_dags/example_complex.py for tasks to queue
[2022-05-07 14:18:07,122] {logging_mixin.py:104} INFO - [2022-05-07 14:18:07,122] {dagbag.py:448} INFO - Filling up the DagBag from /home/airflow/.local/lib/python3.6/site-packages/airflow/example_dags/example_complex.py
[2022-05-07 14:18:07,135] {scheduler_job.py:639} INFO - DAG(s) dict_keys(['example_complex']) retrieved from /home/airflow/.local/lib/python3.6/site-packages/airflow/example_dags/example_complex.py
[2022-05-07 14:18:07,148] {logging_mixin.py:104} INFO - [2022-05-07 14:18:07,148] {dag.py:1818} INFO - Sync 1 DAGs
[2022-05-07 14:18:07,156] {logging_mixin.py:104} INFO - [2022-05-07 14:18:07,156] {dag.py:2273} INFO - Setting next_dagrun for example_complex to None
[2022-05-07 14:18:07,160] {scheduler_job.py:190} INFO - Processing /home/airflow/.local/lib/python3.6/site-packages/airflow/example_dags/example_complex.py took 0.041 seconds
[2022-05-07 14:18:37,918] {scheduler_job.py:182} INFO - Started process (PID=2515) to work on /home/airflow/.local/lib/python3.6/site-packages/airflow/example_dags/example_complex.py
[2022-05-07 14:18:37,919] {scheduler_job.py:629} INFO - Processing file /home/airflow/.local/lib/python3.6/site-packages/airflow/example_dags/example_complex.py for tasks to queue
[2022-05-07 14:18:37,919] {logging_mixin.py:104} INFO - [2022-05-07 14:18:37,919] {dagbag.py:448} INFO - Filling up the DagBag from /home/airflow/.local/lib/python3.6/site-packages/airflow/example_dags/example_complex.py
[2022-05-07 14:18:37,929] {scheduler_job.py:639} INFO - DAG(s) dict_keys(['example_complex']) retrieved from /home/airflow/.local/lib/python3.6/site-packages/airflow/example_dags/example_complex.py
[2022-05-07 14:18:37,945] {logging_mixin.py:104} INFO - [2022-05-07 14:18:37,945] {dag.py:1818} INFO - Sync 1 DAGs
[2022-05-07 14:18:37,952] {logging_mixin.py:104} INFO - [2022-05-07 14:18:37,952] {dag.py:2273} INFO - Setting next_dagrun for example_complex to None
[2022-05-07 14:18:37,956] {scheduler_job.py:190} INFO - Processing /home/airflow/.local/lib/python3.6/site-packages/airflow/example_dags/example_complex.py took 0.041 seconds
[2022-05-07 14:19:08,885] {scheduler_job.py:182} INFO - Started process (PID=2650) to work on /home/airflow/.local/lib/python3.6/site-packages/airflow/example_dags/example_complex.py
[2022-05-07 14:19:08,886] {scheduler_job.py:629} INFO - Processing file /home/airflow/.local/lib/python3.6/site-packages/airflow/example_dags/example_complex.py for tasks to queue
[2022-05-07 14:19:08,887] {logging_mixin.py:104} INFO - [2022-05-07 14:19:08,887] {dagbag.py:448} INFO - Filling up the DagBag from /home/airflow/.local/lib/python3.6/site-packages/airflow/example_dags/example_complex.py
[2022-05-07 14:19:08,897] {scheduler_job.py:639} INFO - DAG(s) dict_keys(['example_complex']) retrieved from /home/airflow/.local/lib/python3.6/site-packages/airflow/example_dags/example_complex.py
[2022-05-07 14:19:08,916] {logging_mixin.py:104} INFO - [2022-05-07 14:19:08,916] {dag.py:1818} INFO - Sync 1 DAGs
[2022-05-07 14:19:08,927] {logging_mixin.py:104} INFO - [2022-05-07 14:19:08,927] {dag.py:2273} INFO - Setting next_dagrun for example_complex to None
[2022-05-07 14:19:08,933] {scheduler_job.py:190} INFO - Processing /home/airflow/.local/lib/python3.6/site-packages/airflow/example_dags/example_complex.py took 0.049 seconds
[2022-05-07 14:19:39,609] {scheduler_job.py:182} INFO - Started process (PID=2785) to work on /home/airflow/.local/lib/python3.6/site-packages/airflow/example_dags/example_complex.py
[2022-05-07 14:19:39,610] {scheduler_job.py:629} INFO - Processing file /home/airflow/.local/lib/python3.6/site-packages/airflow/example_dags/example_complex.py for tasks to queue
[2022-05-07 14:19:39,610] {logging_mixin.py:104} INFO - [2022-05-07 14:19:39,610] {dagbag.py:448} INFO - Filling up the DagBag from /home/airflow/.local/lib/python3.6/site-packages/airflow/example_dags/example_complex.py
[2022-05-07 14:19:39,621] {scheduler_job.py:639} INFO - DAG(s) dict_keys(['example_complex']) retrieved from /home/airflow/.local/lib/python3.6/site-packages/airflow/example_dags/example_complex.py
[2022-05-07 14:19:39,638] {logging_mixin.py:104} INFO - [2022-05-07 14:19:39,638] {dag.py:1818} INFO - Sync 1 DAGs
[2022-05-07 14:19:39,646] {logging_mixin.py:104} INFO - [2022-05-07 14:19:39,646] {dag.py:2273} INFO - Setting next_dagrun for example_complex to None
[2022-05-07 14:19:39,650] {scheduler_job.py:190} INFO - Processing /home/airflow/.local/lib/python3.6/site-packages/airflow/example_dags/example_complex.py took 0.044 seconds
[2022-05-07 14:20:10,345] {scheduler_job.py:182} INFO - Started process (PID=2920) to work on /home/airflow/.local/lib/python3.6/site-packages/airflow/example_dags/example_complex.py
[2022-05-07 14:20:10,346] {scheduler_job.py:629} INFO - Processing file /home/airflow/.local/lib/python3.6/site-packages/airflow/example_dags/example_complex.py for tasks to queue
[2022-05-07 14:20:10,347] {logging_mixin.py:104} INFO - [2022-05-07 14:20:10,347] {dagbag.py:448} INFO - Filling up the DagBag from /home/airflow/.local/lib/python3.6/site-packages/airflow/example_dags/example_complex.py
[2022-05-07 14:20:10,360] {scheduler_job.py:639} INFO - DAG(s) dict_keys(['example_complex']) retrieved from /home/airflow/.local/lib/python3.6/site-packages/airflow/example_dags/example_complex.py
[2022-05-07 14:20:10,377] {logging_mixin.py:104} INFO - [2022-05-07 14:20:10,377] {dag.py:1818} INFO - Sync 1 DAGs
[2022-05-07 14:20:10,385] {logging_mixin.py:104} INFO - [2022-05-07 14:20:10,385] {dag.py:2273} INFO - Setting next_dagrun for example_complex to None
[2022-05-07 14:20:10,389] {scheduler_job.py:190} INFO - Processing /home/airflow/.local/lib/python3.6/site-packages/airflow/example_dags/example_complex.py took 0.046 seconds
[2022-05-07 14:20:41,156] {scheduler_job.py:182} INFO - Started process (PID=3055) to work on /home/airflow/.local/lib/python3.6/site-packages/airflow/example_dags/example_complex.py
[2022-05-07 14:20:41,157] {scheduler_job.py:629} INFO - Processing file /home/airflow/.local/lib/python3.6/site-packages/airflow/example_dags/example_complex.py for tasks to queue
[2022-05-07 14:20:41,157] {logging_mixin.py:104} INFO - [2022-05-07 14:20:41,157] {dagbag.py:448} INFO - Filling up the DagBag from /home/airflow/.local/lib/python3.6/site-packages/airflow/example_dags/example_complex.py
[2022-05-07 14:20:41,170] {scheduler_job.py:639} INFO - DAG(s) dict_keys(['example_complex']) retrieved from /home/airflow/.local/lib/python3.6/site-packages/airflow/example_dags/example_complex.py
[2022-05-07 14:20:41,184] {logging_mixin.py:104} INFO - [2022-05-07 14:20:41,184] {dag.py:1818} INFO - Sync 1 DAGs
[2022-05-07 14:20:41,192] {logging_mixin.py:104} INFO - [2022-05-07 14:20:41,192] {dag.py:2273} INFO - Setting next_dagrun for example_complex to None
[2022-05-07 14:20:41,197] {scheduler_job.py:190} INFO - Processing /home/airflow/.local/lib/python3.6/site-packages/airflow/example_dags/example_complex.py took 0.043 seconds
[2022-05-07 14:21:11,906] {scheduler_job.py:182} INFO - Started process (PID=3190) to work on /home/airflow/.local/lib/python3.6/site-packages/airflow/example_dags/example_complex.py
[2022-05-07 14:21:11,907] {scheduler_job.py:629} INFO - Processing file /home/airflow/.local/lib/python3.6/site-packages/airflow/example_dags/example_complex.py for tasks to queue
[2022-05-07 14:21:11,908] {logging_mixin.py:104} INFO - [2022-05-07 14:21:11,908] {dagbag.py:448} INFO - Filling up the DagBag from /home/airflow/.local/lib/python3.6/site-packages/airflow/example_dags/example_complex.py
[2022-05-07 14:21:11,917] {scheduler_job.py:639} INFO - DAG(s) dict_keys(['example_complex']) retrieved from /home/airflow/.local/lib/python3.6/site-packages/airflow/example_dags/example_complex.py
[2022-05-07 14:21:11,939] {logging_mixin.py:104} INFO - [2022-05-07 14:21:11,939] {dag.py:1818} INFO - Sync 1 DAGs
[2022-05-07 14:21:11,948] {logging_mixin.py:104} INFO - [2022-05-07 14:21:11,948] {dag.py:2273} INFO - Setting next_dagrun for example_complex to None
[2022-05-07 14:21:11,953] {scheduler_job.py:190} INFO - Processing /home/airflow/.local/lib/python3.6/site-packages/airflow/example_dags/example_complex.py took 0.049 seconds
[2022-05-07 14:21:42,673] {scheduler_job.py:182} INFO - Started process (PID=3325) to work on /home/airflow/.local/lib/python3.6/site-packages/airflow/example_dags/example_complex.py
[2022-05-07 14:21:42,674] {scheduler_job.py:629} INFO - Processing file /home/airflow/.local/lib/python3.6/site-packages/airflow/example_dags/example_complex.py for tasks to queue
[2022-05-07 14:21:42,674] {logging_mixin.py:104} INFO - [2022-05-07 14:21:42,674] {dagbag.py:448} INFO - Filling up the DagBag from /home/airflow/.local/lib/python3.6/site-packages/airflow/example_dags/example_complex.py
[2022-05-07 14:21:42,689] {scheduler_job.py:639} INFO - DAG(s) dict_keys(['example_complex']) retrieved from /home/airflow/.local/lib/python3.6/site-packages/airflow/example_dags/example_complex.py
[2022-05-07 14:21:42,706] {logging_mixin.py:104} INFO - [2022-05-07 14:21:42,706] {dag.py:1818} INFO - Sync 1 DAGs
[2022-05-07 14:21:42,713] {logging_mixin.py:104} INFO - [2022-05-07 14:21:42,713] {dag.py:2273} INFO - Setting next_dagrun for example_complex to None
[2022-05-07 14:21:42,717] {scheduler_job.py:190} INFO - Processing /home/airflow/.local/lib/python3.6/site-packages/airflow/example_dags/example_complex.py took 0.047 seconds
[2022-05-07 14:22:13,438] {scheduler_job.py:182} INFO - Started process (PID=3460) to work on /home/airflow/.local/lib/python3.6/site-packages/airflow/example_dags/example_complex.py
[2022-05-07 14:22:13,438] {scheduler_job.py:629} INFO - Processing file /home/airflow/.local/lib/python3.6/site-packages/airflow/example_dags/example_complex.py for tasks to queue
[2022-05-07 14:22:13,439] {logging_mixin.py:104} INFO - [2022-05-07 14:22:13,439] {dagbag.py:448} INFO - Filling up the DagBag from /home/airflow/.local/lib/python3.6/site-packages/airflow/example_dags/example_complex.py
[2022-05-07 14:22:13,451] {scheduler_job.py:639} INFO - DAG(s) dict_keys(['example_complex']) retrieved from /home/airflow/.local/lib/python3.6/site-packages/airflow/example_dags/example_complex.py
[2022-05-07 14:22:13,471] {logging_mixin.py:104} INFO - [2022-05-07 14:22:13,471] {dag.py:1818} INFO - Sync 1 DAGs
[2022-05-07 14:22:13,480] {logging_mixin.py:104} INFO - [2022-05-07 14:22:13,480] {dag.py:2273} INFO - Setting next_dagrun for example_complex to None
[2022-05-07 14:22:13,486] {scheduler_job.py:190} INFO - Processing /home/airflow/.local/lib/python3.6/site-packages/airflow/example_dags/example_complex.py took 0.051 seconds
[2022-05-07 14:22:44,200] {scheduler_job.py:182} INFO - Started process (PID=3595) to work on /home/airflow/.local/lib/python3.6/site-packages/airflow/example_dags/example_complex.py
[2022-05-07 14:22:44,201] {scheduler_job.py:629} INFO - Processing file /home/airflow/.local/lib/python3.6/site-packages/airflow/example_dags/example_complex.py for tasks to queue
[2022-05-07 14:22:44,201] {logging_mixin.py:104} INFO - [2022-05-07 14:22:44,201] {dagbag.py:448} INFO - Filling up the DagBag from /home/airflow/.local/lib/python3.6/site-packages/airflow/example_dags/example_complex.py
[2022-05-07 14:22:44,213] {scheduler_job.py:639} INFO - DAG(s) dict_keys(['example_complex']) retrieved from /home/airflow/.local/lib/python3.6/site-packages/airflow/example_dags/example_complex.py
[2022-05-07 14:22:44,230] {logging_mixin.py:104} INFO - [2022-05-07 14:22:44,230] {dag.py:1818} INFO - Sync 1 DAGs
[2022-05-07 14:22:44,238] {logging_mixin.py:104} INFO - [2022-05-07 14:22:44,238] {dag.py:2273} INFO - Setting next_dagrun for example_complex to None
[2022-05-07 14:22:44,242] {scheduler_job.py:190} INFO - Processing /home/airflow/.local/lib/python3.6/site-packages/airflow/example_dags/example_complex.py took 0.044 seconds
[2022-05-07 14:23:14,956] {scheduler_job.py:182} INFO - Started process (PID=3730) to work on /home/airflow/.local/lib/python3.6/site-packages/airflow/example_dags/example_complex.py
[2022-05-07 14:23:14,957] {scheduler_job.py:629} INFO - Processing file /home/airflow/.local/lib/python3.6/site-packages/airflow/example_dags/example_complex.py for tasks to queue
[2022-05-07 14:23:14,958] {logging_mixin.py:104} INFO - [2022-05-07 14:23:14,957] {dagbag.py:448} INFO - Filling up the DagBag from /home/airflow/.local/lib/python3.6/site-packages/airflow/example_dags/example_complex.py
[2022-05-07 14:23:14,972] {scheduler_job.py:639} INFO - DAG(s) dict_keys(['example_complex']) retrieved from /home/airflow/.local/lib/python3.6/site-packages/airflow/example_dags/example_complex.py
[2022-05-07 14:23:14,989] {logging_mixin.py:104} INFO - [2022-05-07 14:23:14,989] {dag.py:1818} INFO - Sync 1 DAGs
[2022-05-07 14:23:14,998] {logging_mixin.py:104} INFO - [2022-05-07 14:23:14,998] {dag.py:2273} INFO - Setting next_dagrun for example_complex to None
[2022-05-07 14:23:15,003] {scheduler_job.py:190} INFO - Processing /home/airflow/.local/lib/python3.6/site-packages/airflow/example_dags/example_complex.py took 0.049 seconds
[2022-05-07 14:23:45,736] {scheduler_job.py:182} INFO - Started process (PID=3865) to work on /home/airflow/.local/lib/python3.6/site-packages/airflow/example_dags/example_complex.py
[2022-05-07 14:23:45,737] {scheduler_job.py:629} INFO - Processing file /home/airflow/.local/lib/python3.6/site-packages/airflow/example_dags/example_complex.py for tasks to queue
[2022-05-07 14:23:45,737] {logging_mixin.py:104} INFO - [2022-05-07 14:23:45,737] {dagbag.py:448} INFO - Filling up the DagBag from /home/airflow/.local/lib/python3.6/site-packages/airflow/example_dags/example_complex.py
[2022-05-07 14:23:45,750] {scheduler_job.py:639} INFO - DAG(s) dict_keys(['example_complex']) retrieved from /home/airflow/.local/lib/python3.6/site-packages/airflow/example_dags/example_complex.py
[2022-05-07 14:23:45,763] {logging_mixin.py:104} INFO - [2022-05-07 14:23:45,763] {dag.py:1818} INFO - Sync 1 DAGs
[2022-05-07 14:23:45,770] {logging_mixin.py:104} INFO - [2022-05-07 14:23:45,770] {dag.py:2273} INFO - Setting next_dagrun for example_complex to None
[2022-05-07 14:23:45,775] {scheduler_job.py:190} INFO - Processing /home/airflow/.local/lib/python3.6/site-packages/airflow/example_dags/example_complex.py took 0.041 seconds
[2022-05-07 14:24:16,522] {scheduler_job.py:182} INFO - Started process (PID=4000) to work on /home/airflow/.local/lib/python3.6/site-packages/airflow/example_dags/example_complex.py
[2022-05-07 14:24:16,523] {scheduler_job.py:629} INFO - Processing file /home/airflow/.local/lib/python3.6/site-packages/airflow/example_dags/example_complex.py for tasks to queue
[2022-05-07 14:24:16,524] {logging_mixin.py:104} INFO - [2022-05-07 14:24:16,524] {dagbag.py:448} INFO - Filling up the DagBag from /home/airflow/.local/lib/python3.6/site-packages/airflow/example_dags/example_complex.py
[2022-05-07 14:24:16,536] {scheduler_job.py:639} INFO - DAG(s) dict_keys(['example_complex']) retrieved from /home/airflow/.local/lib/python3.6/site-packages/airflow/example_dags/example_complex.py
[2022-05-07 14:24:16,549] {logging_mixin.py:104} INFO - [2022-05-07 14:24:16,549] {dag.py:1818} INFO - Sync 1 DAGs
[2022-05-07 14:24:16,558] {logging_mixin.py:104} INFO - [2022-05-07 14:24:16,558] {dag.py:2273} INFO - Setting next_dagrun for example_complex to None
[2022-05-07 14:24:16,562] {scheduler_job.py:190} INFO - Processing /home/airflow/.local/lib/python3.6/site-packages/airflow/example_dags/example_complex.py took 0.042 seconds
[2022-05-07 14:24:47,297] {scheduler_job.py:182} INFO - Started process (PID=4135) to work on /home/airflow/.local/lib/python3.6/site-packages/airflow/example_dags/example_complex.py
[2022-05-07 14:24:47,298] {scheduler_job.py:629} INFO - Processing file /home/airflow/.local/lib/python3.6/site-packages/airflow/example_dags/example_complex.py for tasks to queue
[2022-05-07 14:24:47,299] {logging_mixin.py:104} INFO - [2022-05-07 14:24:47,299] {dagbag.py:448} INFO - Filling up the DagBag from /home/airflow/.local/lib/python3.6/site-packages/airflow/example_dags/example_complex.py
[2022-05-07 14:24:47,311] {scheduler_job.py:639} INFO - DAG(s) dict_keys(['example_complex']) retrieved from /home/airflow/.local/lib/python3.6/site-packages/airflow/example_dags/example_complex.py
[2022-05-07 14:24:47,325] {logging_mixin.py:104} INFO - [2022-05-07 14:24:47,325] {dag.py:1818} INFO - Sync 1 DAGs
[2022-05-07 14:24:47,334] {logging_mixin.py:104} INFO - [2022-05-07 14:24:47,334] {dag.py:2273} INFO - Setting next_dagrun for example_complex to None
[2022-05-07 14:24:47,339] {scheduler_job.py:190} INFO - Processing /home/airflow/.local/lib/python3.6/site-packages/airflow/example_dags/example_complex.py took 0.043 seconds
[2022-05-07 14:25:18,102] {scheduler_job.py:182} INFO - Started process (PID=4270) to work on /home/airflow/.local/lib/python3.6/site-packages/airflow/example_dags/example_complex.py
[2022-05-07 14:25:18,102] {scheduler_job.py:629} INFO - Processing file /home/airflow/.local/lib/python3.6/site-packages/airflow/example_dags/example_complex.py for tasks to queue
[2022-05-07 14:25:18,103] {logging_mixin.py:104} INFO - [2022-05-07 14:25:18,103] {dagbag.py:448} INFO - Filling up the DagBag from /home/airflow/.local/lib/python3.6/site-packages/airflow/example_dags/example_complex.py
[2022-05-07 14:25:18,115] {scheduler_job.py:639} INFO - DAG(s) dict_keys(['example_complex']) retrieved from /home/airflow/.local/lib/python3.6/site-packages/airflow/example_dags/example_complex.py
[2022-05-07 14:25:18,129] {logging_mixin.py:104} INFO - [2022-05-07 14:25:18,129] {dag.py:1818} INFO - Sync 1 DAGs
[2022-05-07 14:25:18,138] {logging_mixin.py:104} INFO - [2022-05-07 14:25:18,138] {dag.py:2273} INFO - Setting next_dagrun for example_complex to None
[2022-05-07 14:25:18,143] {scheduler_job.py:190} INFO - Processing /home/airflow/.local/lib/python3.6/site-packages/airflow/example_dags/example_complex.py took 0.043 seconds
[2022-05-07 14:25:48,951] {scheduler_job.py:182} INFO - Started process (PID=4405) to work on /home/airflow/.local/lib/python3.6/site-packages/airflow/example_dags/example_complex.py
[2022-05-07 14:25:48,952] {scheduler_job.py:629} INFO - Processing file /home/airflow/.local/lib/python3.6/site-packages/airflow/example_dags/example_complex.py for tasks to queue
[2022-05-07 14:25:48,953] {logging_mixin.py:104} INFO - [2022-05-07 14:25:48,953] {dagbag.py:448} INFO - Filling up the DagBag from /home/airflow/.local/lib/python3.6/site-packages/airflow/example_dags/example_complex.py
[2022-05-07 14:25:48,968] {scheduler_job.py:639} INFO - DAG(s) dict_keys(['example_complex']) retrieved from /home/airflow/.local/lib/python3.6/site-packages/airflow/example_dags/example_complex.py
[2022-05-07 14:25:48,982] {logging_mixin.py:104} INFO - [2022-05-07 14:25:48,982] {dag.py:1818} INFO - Sync 1 DAGs
[2022-05-07 14:25:48,991] {logging_mixin.py:104} INFO - [2022-05-07 14:25:48,991] {dag.py:2273} INFO - Setting next_dagrun for example_complex to None
[2022-05-07 14:25:48,995] {scheduler_job.py:190} INFO - Processing /home/airflow/.local/lib/python3.6/site-packages/airflow/example_dags/example_complex.py took 0.046 seconds
[2022-05-07 14:26:19,705] {scheduler_job.py:182} INFO - Started process (PID=4540) to work on /home/airflow/.local/lib/python3.6/site-packages/airflow/example_dags/example_complex.py
[2022-05-07 14:26:19,706] {scheduler_job.py:629} INFO - Processing file /home/airflow/.local/lib/python3.6/site-packages/airflow/example_dags/example_complex.py for tasks to queue
[2022-05-07 14:26:19,706] {logging_mixin.py:104} INFO - [2022-05-07 14:26:19,706] {dagbag.py:448} INFO - Filling up the DagBag from /home/airflow/.local/lib/python3.6/site-packages/airflow/example_dags/example_complex.py
[2022-05-07 14:26:19,717] {scheduler_job.py:639} INFO - DAG(s) dict_keys(['example_complex']) retrieved from /home/airflow/.local/lib/python3.6/site-packages/airflow/example_dags/example_complex.py
[2022-05-07 14:26:19,730] {logging_mixin.py:104} INFO - [2022-05-07 14:26:19,730] {dag.py:1818} INFO - Sync 1 DAGs
[2022-05-07 14:26:19,740] {logging_mixin.py:104} INFO - [2022-05-07 14:26:19,740] {dag.py:2273} INFO - Setting next_dagrun for example_complex to None
[2022-05-07 14:26:19,744] {scheduler_job.py:190} INFO - Processing /home/airflow/.local/lib/python3.6/site-packages/airflow/example_dags/example_complex.py took 0.042 seconds
[2022-05-07 14:26:50,441] {scheduler_job.py:182} INFO - Started process (PID=4675) to work on /home/airflow/.local/lib/python3.6/site-packages/airflow/example_dags/example_complex.py
[2022-05-07 14:26:50,442] {scheduler_job.py:629} INFO - Processing file /home/airflow/.local/lib/python3.6/site-packages/airflow/example_dags/example_complex.py for tasks to queue
[2022-05-07 14:26:50,443] {logging_mixin.py:104} INFO - [2022-05-07 14:26:50,443] {dagbag.py:448} INFO - Filling up the DagBag from /home/airflow/.local/lib/python3.6/site-packages/airflow/example_dags/example_complex.py
[2022-05-07 14:26:50,455] {scheduler_job.py:639} INFO - DAG(s) dict_keys(['example_complex']) retrieved from /home/airflow/.local/lib/python3.6/site-packages/airflow/example_dags/example_complex.py
[2022-05-07 14:26:50,468] {logging_mixin.py:104} INFO - [2022-05-07 14:26:50,468] {dag.py:1818} INFO - Sync 1 DAGs
[2022-05-07 14:26:50,475] {logging_mixin.py:104} INFO - [2022-05-07 14:26:50,475] {dag.py:2273} INFO - Setting next_dagrun for example_complex to None
[2022-05-07 14:26:50,480] {scheduler_job.py:190} INFO - Processing /home/airflow/.local/lib/python3.6/site-packages/airflow/example_dags/example_complex.py took 0.040 seconds
[2022-05-07 14:27:21,273] {scheduler_job.py:182} INFO - Started process (PID=4810) to work on /home/airflow/.local/lib/python3.6/site-packages/airflow/example_dags/example_complex.py
[2022-05-07 14:27:21,273] {scheduler_job.py:629} INFO - Processing file /home/airflow/.local/lib/python3.6/site-packages/airflow/example_dags/example_complex.py for tasks to queue
[2022-05-07 14:27:21,274] {logging_mixin.py:104} INFO - [2022-05-07 14:27:21,274] {dagbag.py:448} INFO - Filling up the DagBag from /home/airflow/.local/lib/python3.6/site-packages/airflow/example_dags/example_complex.py
[2022-05-07 14:27:21,285] {scheduler_job.py:639} INFO - DAG(s) dict_keys(['example_complex']) retrieved from /home/airflow/.local/lib/python3.6/site-packages/airflow/example_dags/example_complex.py
[2022-05-07 14:27:21,305] {logging_mixin.py:104} INFO - [2022-05-07 14:27:21,304] {dag.py:1818} INFO - Sync 1 DAGs
[2022-05-07 14:27:21,312] {logging_mixin.py:104} INFO - [2022-05-07 14:27:21,312] {dag.py:2273} INFO - Setting next_dagrun for example_complex to None
[2022-05-07 14:27:21,317] {scheduler_job.py:190} INFO - Processing /home/airflow/.local/lib/python3.6/site-packages/airflow/example_dags/example_complex.py took 0.047 seconds
[2022-05-07 14:27:51,335] {scheduler_job.py:182} INFO - Started process (PID=4948) to work on /home/airflow/.local/lib/python3.6/site-packages/airflow/example_dags/example_complex.py
[2022-05-07 14:27:51,336] {scheduler_job.py:629} INFO - Processing file /home/airflow/.local/lib/python3.6/site-packages/airflow/example_dags/example_complex.py for tasks to queue
[2022-05-07 14:27:51,336] {logging_mixin.py:104} INFO - [2022-05-07 14:27:51,336] {dagbag.py:448} INFO - Filling up the DagBag from /home/airflow/.local/lib/python3.6/site-packages/airflow/example_dags/example_complex.py
[2022-05-07 14:27:51,351] {scheduler_job.py:639} INFO - DAG(s) dict_keys(['example_complex']) retrieved from /home/airflow/.local/lib/python3.6/site-packages/airflow/example_dags/example_complex.py
[2022-05-07 14:27:51,365] {logging_mixin.py:104} INFO - [2022-05-07 14:27:51,365] {dag.py:1818} INFO - Sync 1 DAGs
[2022-05-07 14:27:51,372] {logging_mixin.py:104} INFO - [2022-05-07 14:27:51,372] {dag.py:2273} INFO - Setting next_dagrun for example_complex to None
[2022-05-07 14:27:51,378] {scheduler_job.py:190} INFO - Processing /home/airflow/.local/lib/python3.6/site-packages/airflow/example_dags/example_complex.py took 0.045 seconds
[2022-05-07 14:28:21,425] {scheduler_job.py:182} INFO - Started process (PID=5082) to work on /home/airflow/.local/lib/python3.6/site-packages/airflow/example_dags/example_complex.py
[2022-05-07 14:28:21,426] {scheduler_job.py:629} INFO - Processing file /home/airflow/.local/lib/python3.6/site-packages/airflow/example_dags/example_complex.py for tasks to queue
[2022-05-07 14:28:21,426] {logging_mixin.py:104} INFO - [2022-05-07 14:28:21,426] {dagbag.py:448} INFO - Filling up the DagBag from /home/airflow/.local/lib/python3.6/site-packages/airflow/example_dags/example_complex.py
[2022-05-07 14:28:21,441] {scheduler_job.py:639} INFO - DAG(s) dict_keys(['example_complex']) retrieved from /home/airflow/.local/lib/python3.6/site-packages/airflow/example_dags/example_complex.py
[2022-05-07 14:28:21,458] {logging_mixin.py:104} INFO - [2022-05-07 14:28:21,458] {dag.py:1818} INFO - Sync 1 DAGs
[2022-05-07 14:28:21,465] {logging_mixin.py:104} INFO - [2022-05-07 14:28:21,465] {dag.py:2273} INFO - Setting next_dagrun for example_complex to None
[2022-05-07 14:28:21,470] {scheduler_job.py:190} INFO - Processing /home/airflow/.local/lib/python3.6/site-packages/airflow/example_dags/example_complex.py took 0.047 seconds
[2022-05-07 14:28:52,576] {scheduler_job.py:182} INFO - Started process (PID=5283) to work on /home/airflow/.local/lib/python3.6/site-packages/airflow/example_dags/example_complex.py
[2022-05-07 14:28:52,577] {scheduler_job.py:629} INFO - Processing file /home/airflow/.local/lib/python3.6/site-packages/airflow/example_dags/example_complex.py for tasks to queue
[2022-05-07 14:28:52,578] {logging_mixin.py:104} INFO - [2022-05-07 14:28:52,578] {dagbag.py:448} INFO - Filling up the DagBag from /home/airflow/.local/lib/python3.6/site-packages/airflow/example_dags/example_complex.py
[2022-05-07 14:28:52,589] {scheduler_job.py:639} INFO - DAG(s) dict_keys(['example_complex']) retrieved from /home/airflow/.local/lib/python3.6/site-packages/airflow/example_dags/example_complex.py
[2022-05-07 14:28:52,609] {logging_mixin.py:104} INFO - [2022-05-07 14:28:52,609] {dag.py:1818} INFO - Sync 1 DAGs
[2022-05-07 14:28:52,617] {logging_mixin.py:104} INFO - [2022-05-07 14:28:52,617] {dag.py:2273} INFO - Setting next_dagrun for example_complex to None
[2022-05-07 14:28:52,621] {scheduler_job.py:190} INFO - Processing /home/airflow/.local/lib/python3.6/site-packages/airflow/example_dags/example_complex.py took 0.047 seconds
[2022-05-07 14:29:23,384] {scheduler_job.py:182} INFO - Started process (PID=5418) to work on /home/airflow/.local/lib/python3.6/site-packages/airflow/example_dags/example_complex.py
[2022-05-07 14:29:23,385] {scheduler_job.py:629} INFO - Processing file /home/airflow/.local/lib/python3.6/site-packages/airflow/example_dags/example_complex.py for tasks to queue
[2022-05-07 14:29:23,385] {logging_mixin.py:104} INFO - [2022-05-07 14:29:23,385] {dagbag.py:448} INFO - Filling up the DagBag from /home/airflow/.local/lib/python3.6/site-packages/airflow/example_dags/example_complex.py
[2022-05-07 14:29:23,396] {scheduler_job.py:639} INFO - DAG(s) dict_keys(['example_complex']) retrieved from /home/airflow/.local/lib/python3.6/site-packages/airflow/example_dags/example_complex.py
[2022-05-07 14:29:23,409] {logging_mixin.py:104} INFO - [2022-05-07 14:29:23,409] {dag.py:1818} INFO - Sync 1 DAGs
[2022-05-07 14:29:23,417] {logging_mixin.py:104} INFO - [2022-05-07 14:29:23,416] {dag.py:2273} INFO - Setting next_dagrun for example_complex to None
[2022-05-07 14:29:23,421] {scheduler_job.py:190} INFO - Processing /home/airflow/.local/lib/python3.6/site-packages/airflow/example_dags/example_complex.py took 0.039 seconds
[2022-05-07 14:29:54,167] {scheduler_job.py:182} INFO - Started process (PID=5553) to work on /home/airflow/.local/lib/python3.6/site-packages/airflow/example_dags/example_complex.py
[2022-05-07 14:29:54,168] {scheduler_job.py:629} INFO - Processing file /home/airflow/.local/lib/python3.6/site-packages/airflow/example_dags/example_complex.py for tasks to queue
[2022-05-07 14:29:54,169] {logging_mixin.py:104} INFO - [2022-05-07 14:29:54,169] {dagbag.py:448} INFO - Filling up the DagBag from /home/airflow/.local/lib/python3.6/site-packages/airflow/example_dags/example_complex.py
[2022-05-07 14:29:54,180] {scheduler_job.py:639} INFO - DAG(s) dict_keys(['example_complex']) retrieved from /home/airflow/.local/lib/python3.6/site-packages/airflow/example_dags/example_complex.py
[2022-05-07 14:29:54,195] {logging_mixin.py:104} INFO - [2022-05-07 14:29:54,195] {dag.py:1818} INFO - Sync 1 DAGs
[2022-05-07 14:29:54,203] {logging_mixin.py:104} INFO - [2022-05-07 14:29:54,203] {dag.py:2273} INFO - Setting next_dagrun for example_complex to None
[2022-05-07 14:29:54,207] {scheduler_job.py:190} INFO - Processing /home/airflow/.local/lib/python3.6/site-packages/airflow/example_dags/example_complex.py took 0.042 seconds
[2022-05-07 14:30:24,909] {scheduler_job.py:182} INFO - Started process (PID=5688) to work on /home/airflow/.local/lib/python3.6/site-packages/airflow/example_dags/example_complex.py
[2022-05-07 14:30:24,910] {scheduler_job.py:629} INFO - Processing file /home/airflow/.local/lib/python3.6/site-packages/airflow/example_dags/example_complex.py for tasks to queue
[2022-05-07 14:30:24,911] {logging_mixin.py:104} INFO - [2022-05-07 14:30:24,911] {dagbag.py:448} INFO - Filling up the DagBag from /home/airflow/.local/lib/python3.6/site-packages/airflow/example_dags/example_complex.py
[2022-05-07 14:30:24,922] {scheduler_job.py:639} INFO - DAG(s) dict_keys(['example_complex']) retrieved from /home/airflow/.local/lib/python3.6/site-packages/airflow/example_dags/example_complex.py
[2022-05-07 14:30:24,939] {logging_mixin.py:104} INFO - [2022-05-07 14:30:24,939] {dag.py:1818} INFO - Sync 1 DAGs
[2022-05-07 14:30:24,946] {logging_mixin.py:104} INFO - [2022-05-07 14:30:24,946] {dag.py:2273} INFO - Setting next_dagrun for example_complex to None
[2022-05-07 14:30:24,950] {scheduler_job.py:190} INFO - Processing /home/airflow/.local/lib/python3.6/site-packages/airflow/example_dags/example_complex.py took 0.043 seconds
[2022-05-07 14:30:55,672] {scheduler_job.py:182} INFO - Started process (PID=5825) to work on /home/airflow/.local/lib/python3.6/site-packages/airflow/example_dags/example_complex.py
[2022-05-07 14:30:55,673] {scheduler_job.py:629} INFO - Processing file /home/airflow/.local/lib/python3.6/site-packages/airflow/example_dags/example_complex.py for tasks to queue
[2022-05-07 14:30:55,673] {logging_mixin.py:104} INFO - [2022-05-07 14:30:55,673] {dagbag.py:448} INFO - Filling up the DagBag from /home/airflow/.local/lib/python3.6/site-packages/airflow/example_dags/example_complex.py
[2022-05-07 14:30:55,684] {scheduler_job.py:639} INFO - DAG(s) dict_keys(['example_complex']) retrieved from /home/airflow/.local/lib/python3.6/site-packages/airflow/example_dags/example_complex.py
[2022-05-07 14:30:55,699] {logging_mixin.py:104} INFO - [2022-05-07 14:30:55,699] {dag.py:1818} INFO - Sync 1 DAGs
[2022-05-07 14:30:55,707] {logging_mixin.py:104} INFO - [2022-05-07 14:30:55,707] {dag.py:2273} INFO - Setting next_dagrun for example_complex to None
[2022-05-07 14:30:55,712] {scheduler_job.py:190} INFO - Processing /home/airflow/.local/lib/python3.6/site-packages/airflow/example_dags/example_complex.py took 0.041 seconds
[2022-05-07 14:31:26,502] {scheduler_job.py:182} INFO - Started process (PID=5958) to work on /home/airflow/.local/lib/python3.6/site-packages/airflow/example_dags/example_complex.py
[2022-05-07 14:31:26,503] {scheduler_job.py:629} INFO - Processing file /home/airflow/.local/lib/python3.6/site-packages/airflow/example_dags/example_complex.py for tasks to queue
[2022-05-07 14:31:26,503] {logging_mixin.py:104} INFO - [2022-05-07 14:31:26,503] {dagbag.py:448} INFO - Filling up the DagBag from /home/airflow/.local/lib/python3.6/site-packages/airflow/example_dags/example_complex.py
[2022-05-07 14:31:26,513] {scheduler_job.py:639} INFO - DAG(s) dict_keys(['example_complex']) retrieved from /home/airflow/.local/lib/python3.6/site-packages/airflow/example_dags/example_complex.py
[2022-05-07 14:31:26,526] {logging_mixin.py:104} INFO - [2022-05-07 14:31:26,526] {dag.py:1818} INFO - Sync 1 DAGs
[2022-05-07 14:31:26,535] {logging_mixin.py:104} INFO - [2022-05-07 14:31:26,535] {dag.py:2273} INFO - Setting next_dagrun for example_complex to None
[2022-05-07 14:31:26,540] {scheduler_job.py:190} INFO - Processing /home/airflow/.local/lib/python3.6/site-packages/airflow/example_dags/example_complex.py took 0.040 seconds
[2022-05-07 14:31:56,698] {scheduler_job.py:182} INFO - Started process (PID=6095) to work on /home/airflow/.local/lib/python3.6/site-packages/airflow/example_dags/example_complex.py
[2022-05-07 14:31:56,698] {scheduler_job.py:629} INFO - Processing file /home/airflow/.local/lib/python3.6/site-packages/airflow/example_dags/example_complex.py for tasks to queue
[2022-05-07 14:31:56,699] {logging_mixin.py:104} INFO - [2022-05-07 14:31:56,699] {dagbag.py:448} INFO - Filling up the DagBag from /home/airflow/.local/lib/python3.6/site-packages/airflow/example_dags/example_complex.py
[2022-05-07 14:31:56,707] {scheduler_job.py:639} INFO - DAG(s) dict_keys(['example_complex']) retrieved from /home/airflow/.local/lib/python3.6/site-packages/airflow/example_dags/example_complex.py
[2022-05-07 14:31:56,726] {logging_mixin.py:104} INFO - [2022-05-07 14:31:56,726] {dag.py:1818} INFO - Sync 1 DAGs
[2022-05-07 14:31:56,733] {logging_mixin.py:104} INFO - [2022-05-07 14:31:56,733] {dag.py:2273} INFO - Setting next_dagrun for example_complex to None
[2022-05-07 14:31:56,737] {scheduler_job.py:190} INFO - Processing /home/airflow/.local/lib/python3.6/site-packages/airflow/example_dags/example_complex.py took 0.041 seconds
[2022-05-07 14:32:26,817] {scheduler_job.py:182} INFO - Started process (PID=6230) to work on /home/airflow/.local/lib/python3.6/site-packages/airflow/example_dags/example_complex.py
[2022-05-07 14:32:26,817] {scheduler_job.py:629} INFO - Processing file /home/airflow/.local/lib/python3.6/site-packages/airflow/example_dags/example_complex.py for tasks to queue
[2022-05-07 14:32:26,818] {logging_mixin.py:104} INFO - [2022-05-07 14:32:26,818] {dagbag.py:448} INFO - Filling up the DagBag from /home/airflow/.local/lib/python3.6/site-packages/airflow/example_dags/example_complex.py
[2022-05-07 14:32:26,829] {scheduler_job.py:639} INFO - DAG(s) dict_keys(['example_complex']) retrieved from /home/airflow/.local/lib/python3.6/site-packages/airflow/example_dags/example_complex.py
[2022-05-07 14:32:26,846] {logging_mixin.py:104} INFO - [2022-05-07 14:32:26,846] {dag.py:1818} INFO - Sync 1 DAGs
[2022-05-07 14:32:26,854] {logging_mixin.py:104} INFO - [2022-05-07 14:32:26,853] {dag.py:2273} INFO - Setting next_dagrun for example_complex to None
[2022-05-07 14:32:26,858] {scheduler_job.py:190} INFO - Processing /home/airflow/.local/lib/python3.6/site-packages/airflow/example_dags/example_complex.py took 0.044 seconds
[2022-05-07 14:32:56,940] {scheduler_job.py:182} INFO - Started process (PID=6365) to work on /home/airflow/.local/lib/python3.6/site-packages/airflow/example_dags/example_complex.py
[2022-05-07 14:32:56,941] {scheduler_job.py:629} INFO - Processing file /home/airflow/.local/lib/python3.6/site-packages/airflow/example_dags/example_complex.py for tasks to queue
[2022-05-07 14:32:56,941] {logging_mixin.py:104} INFO - [2022-05-07 14:32:56,941] {dagbag.py:448} INFO - Filling up the DagBag from /home/airflow/.local/lib/python3.6/site-packages/airflow/example_dags/example_complex.py
[2022-05-07 14:32:56,954] {scheduler_job.py:639} INFO - DAG(s) dict_keys(['example_complex']) retrieved from /home/airflow/.local/lib/python3.6/site-packages/airflow/example_dags/example_complex.py
[2022-05-07 14:32:56,976] {logging_mixin.py:104} INFO - [2022-05-07 14:32:56,976] {dag.py:1818} INFO - Sync 1 DAGs
[2022-05-07 14:32:56,985] {logging_mixin.py:104} INFO - [2022-05-07 14:32:56,985] {dag.py:2273} INFO - Setting next_dagrun for example_complex to None
[2022-05-07 14:32:56,990] {scheduler_job.py:190} INFO - Processing /home/airflow/.local/lib/python3.6/site-packages/airflow/example_dags/example_complex.py took 0.053 seconds
[2022-05-07 14:33:27,890] {scheduler_job.py:182} INFO - Started process (PID=6497) to work on /home/airflow/.local/lib/python3.6/site-packages/airflow/example_dags/example_complex.py
[2022-05-07 14:33:27,891] {scheduler_job.py:629} INFO - Processing file /home/airflow/.local/lib/python3.6/site-packages/airflow/example_dags/example_complex.py for tasks to queue
[2022-05-07 14:33:27,892] {logging_mixin.py:104} INFO - [2022-05-07 14:33:27,892] {dagbag.py:448} INFO - Filling up the DagBag from /home/airflow/.local/lib/python3.6/site-packages/airflow/example_dags/example_complex.py
[2022-05-07 14:33:27,902] {scheduler_job.py:639} INFO - DAG(s) dict_keys(['example_complex']) retrieved from /home/airflow/.local/lib/python3.6/site-packages/airflow/example_dags/example_complex.py
[2022-05-07 14:33:27,915] {logging_mixin.py:104} INFO - [2022-05-07 14:33:27,915] {dag.py:1818} INFO - Sync 1 DAGs
[2022-05-07 14:33:27,924] {logging_mixin.py:104} INFO - [2022-05-07 14:33:27,924] {dag.py:2273} INFO - Setting next_dagrun for example_complex to None
[2022-05-07 14:33:27,929] {scheduler_job.py:190} INFO - Processing /home/airflow/.local/lib/python3.6/site-packages/airflow/example_dags/example_complex.py took 0.041 seconds
[2022-05-07 14:33:58,607] {scheduler_job.py:182} INFO - Started process (PID=6632) to work on /home/airflow/.local/lib/python3.6/site-packages/airflow/example_dags/example_complex.py
[2022-05-07 14:33:58,608] {scheduler_job.py:629} INFO - Processing file /home/airflow/.local/lib/python3.6/site-packages/airflow/example_dags/example_complex.py for tasks to queue
[2022-05-07 14:33:58,608] {logging_mixin.py:104} INFO - [2022-05-07 14:33:58,608] {dagbag.py:448} INFO - Filling up the DagBag from /home/airflow/.local/lib/python3.6/site-packages/airflow/example_dags/example_complex.py
[2022-05-07 14:33:58,619] {scheduler_job.py:639} INFO - DAG(s) dict_keys(['example_complex']) retrieved from /home/airflow/.local/lib/python3.6/site-packages/airflow/example_dags/example_complex.py
[2022-05-07 14:33:58,633] {logging_mixin.py:104} INFO - [2022-05-07 14:33:58,633] {dag.py:1818} INFO - Sync 1 DAGs
[2022-05-07 14:33:58,641] {logging_mixin.py:104} INFO - [2022-05-07 14:33:58,641] {dag.py:2273} INFO - Setting next_dagrun for example_complex to None
[2022-05-07 14:33:58,645] {scheduler_job.py:190} INFO - Processing /home/airflow/.local/lib/python3.6/site-packages/airflow/example_dags/example_complex.py took 0.040 seconds
[2022-05-07 14:34:29,358] {scheduler_job.py:182} INFO - Started process (PID=6767) to work on /home/airflow/.local/lib/python3.6/site-packages/airflow/example_dags/example_complex.py
[2022-05-07 14:34:29,359] {scheduler_job.py:629} INFO - Processing file /home/airflow/.local/lib/python3.6/site-packages/airflow/example_dags/example_complex.py for tasks to queue
[2022-05-07 14:34:29,359] {logging_mixin.py:104} INFO - [2022-05-07 14:34:29,359] {dagbag.py:448} INFO - Filling up the DagBag from /home/airflow/.local/lib/python3.6/site-packages/airflow/example_dags/example_complex.py
[2022-05-07 14:34:29,372] {scheduler_job.py:639} INFO - DAG(s) dict_keys(['example_complex']) retrieved from /home/airflow/.local/lib/python3.6/site-packages/airflow/example_dags/example_complex.py
[2022-05-07 14:34:29,390] {logging_mixin.py:104} INFO - [2022-05-07 14:34:29,390] {dag.py:1818} INFO - Sync 1 DAGs
[2022-05-07 14:34:29,397] {logging_mixin.py:104} INFO - [2022-05-07 14:34:29,397] {dag.py:2273} INFO - Setting next_dagrun for example_complex to None
[2022-05-07 14:34:29,402] {scheduler_job.py:190} INFO - Processing /home/airflow/.local/lib/python3.6/site-packages/airflow/example_dags/example_complex.py took 0.046 seconds
[2022-05-07 14:35:00,071] {scheduler_job.py:182} INFO - Started process (PID=6902) to work on /home/airflow/.local/lib/python3.6/site-packages/airflow/example_dags/example_complex.py
[2022-05-07 14:35:00,072] {scheduler_job.py:629} INFO - Processing file /home/airflow/.local/lib/python3.6/site-packages/airflow/example_dags/example_complex.py for tasks to queue
[2022-05-07 14:35:00,072] {logging_mixin.py:104} INFO - [2022-05-07 14:35:00,072] {dagbag.py:448} INFO - Filling up the DagBag from /home/airflow/.local/lib/python3.6/site-packages/airflow/example_dags/example_complex.py
[2022-05-07 14:35:00,082] {scheduler_job.py:639} INFO - DAG(s) dict_keys(['example_complex']) retrieved from /home/airflow/.local/lib/python3.6/site-packages/airflow/example_dags/example_complex.py
[2022-05-07 14:35:00,100] {logging_mixin.py:104} INFO - [2022-05-07 14:35:00,100] {dag.py:1818} INFO - Sync 1 DAGs
[2022-05-07 14:35:00,107] {logging_mixin.py:104} INFO - [2022-05-07 14:35:00,107] {dag.py:2273} INFO - Setting next_dagrun for example_complex to None
[2022-05-07 14:35:00,111] {scheduler_job.py:190} INFO - Processing /home/airflow/.local/lib/python3.6/site-packages/airflow/example_dags/example_complex.py took 0.043 seconds
[2022-05-07 14:35:30,852] {scheduler_job.py:182} INFO - Started process (PID=7038) to work on /home/airflow/.local/lib/python3.6/site-packages/airflow/example_dags/example_complex.py
[2022-05-07 14:35:30,853] {scheduler_job.py:629} INFO - Processing file /home/airflow/.local/lib/python3.6/site-packages/airflow/example_dags/example_complex.py for tasks to queue
[2022-05-07 14:35:30,854] {logging_mixin.py:104} INFO - [2022-05-07 14:35:30,854] {dagbag.py:448} INFO - Filling up the DagBag from /home/airflow/.local/lib/python3.6/site-packages/airflow/example_dags/example_complex.py
[2022-05-07 14:35:30,865] {scheduler_job.py:639} INFO - DAG(s) dict_keys(['example_complex']) retrieved from /home/airflow/.local/lib/python3.6/site-packages/airflow/example_dags/example_complex.py
[2022-05-07 14:35:30,879] {logging_mixin.py:104} INFO - [2022-05-07 14:35:30,879] {dag.py:1818} INFO - Sync 1 DAGs
[2022-05-07 14:35:30,888] {logging_mixin.py:104} INFO - [2022-05-07 14:35:30,888] {dag.py:2273} INFO - Setting next_dagrun for example_complex to None
[2022-05-07 14:35:30,892] {scheduler_job.py:190} INFO - Processing /home/airflow/.local/lib/python3.6/site-packages/airflow/example_dags/example_complex.py took 0.043 seconds
[2022-05-07 14:36:00,939] {scheduler_job.py:182} INFO - Started process (PID=7172) to work on /home/airflow/.local/lib/python3.6/site-packages/airflow/example_dags/example_complex.py
[2022-05-07 14:36:00,940] {scheduler_job.py:629} INFO - Processing file /home/airflow/.local/lib/python3.6/site-packages/airflow/example_dags/example_complex.py for tasks to queue
[2022-05-07 14:36:00,940] {logging_mixin.py:104} INFO - [2022-05-07 14:36:00,940] {dagbag.py:448} INFO - Filling up the DagBag from /home/airflow/.local/lib/python3.6/site-packages/airflow/example_dags/example_complex.py
[2022-05-07 14:36:00,952] {scheduler_job.py:639} INFO - DAG(s) dict_keys(['example_complex']) retrieved from /home/airflow/.local/lib/python3.6/site-packages/airflow/example_dags/example_complex.py
[2022-05-07 14:36:00,967] {logging_mixin.py:104} INFO - [2022-05-07 14:36:00,966] {dag.py:1818} INFO - Sync 1 DAGs
[2022-05-07 14:36:00,978] {logging_mixin.py:104} INFO - [2022-05-07 14:36:00,978] {dag.py:2273} INFO - Setting next_dagrun for example_complex to None
[2022-05-07 14:36:00,984] {scheduler_job.py:190} INFO - Processing /home/airflow/.local/lib/python3.6/site-packages/airflow/example_dags/example_complex.py took 0.047 seconds
[2022-05-07 14:36:31,009] {scheduler_job.py:182} INFO - Started process (PID=7308) to work on /home/airflow/.local/lib/python3.6/site-packages/airflow/example_dags/example_complex.py
[2022-05-07 14:36:31,010] {scheduler_job.py:629} INFO - Processing file /home/airflow/.local/lib/python3.6/site-packages/airflow/example_dags/example_complex.py for tasks to queue
[2022-05-07 14:36:31,010] {logging_mixin.py:104} INFO - [2022-05-07 14:36:31,010] {dagbag.py:448} INFO - Filling up the DagBag from /home/airflow/.local/lib/python3.6/site-packages/airflow/example_dags/example_complex.py
[2022-05-07 14:36:31,020] {scheduler_job.py:639} INFO - DAG(s) dict_keys(['example_complex']) retrieved from /home/airflow/.local/lib/python3.6/site-packages/airflow/example_dags/example_complex.py
[2022-05-07 14:36:31,040] {logging_mixin.py:104} INFO - [2022-05-07 14:36:31,040] {dag.py:1818} INFO - Sync 1 DAGs
[2022-05-07 14:36:31,048] {logging_mixin.py:104} INFO - [2022-05-07 14:36:31,048] {dag.py:2273} INFO - Setting next_dagrun for example_complex to None
[2022-05-07 14:36:31,054] {scheduler_job.py:190} INFO - Processing /home/airflow/.local/lib/python3.6/site-packages/airflow/example_dags/example_complex.py took 0.046 seconds
[2022-05-07 14:37:01,068] {scheduler_job.py:182} INFO - Started process (PID=7443) to work on /home/airflow/.local/lib/python3.6/site-packages/airflow/example_dags/example_complex.py
[2022-05-07 14:37:01,069] {scheduler_job.py:629} INFO - Processing file /home/airflow/.local/lib/python3.6/site-packages/airflow/example_dags/example_complex.py for tasks to queue
[2022-05-07 14:37:01,069] {logging_mixin.py:104} INFO - [2022-05-07 14:37:01,069] {dagbag.py:448} INFO - Filling up the DagBag from /home/airflow/.local/lib/python3.6/site-packages/airflow/example_dags/example_complex.py
[2022-05-07 14:37:01,080] {scheduler_job.py:639} INFO - DAG(s) dict_keys(['example_complex']) retrieved from /home/airflow/.local/lib/python3.6/site-packages/airflow/example_dags/example_complex.py
[2022-05-07 14:37:01,093] {logging_mixin.py:104} INFO - [2022-05-07 14:37:01,093] {dag.py:1818} INFO - Sync 1 DAGs
[2022-05-07 14:37:01,103] {logging_mixin.py:104} INFO - [2022-05-07 14:37:01,103] {dag.py:2273} INFO - Setting next_dagrun for example_complex to None
[2022-05-07 14:37:01,107] {scheduler_job.py:190} INFO - Processing /home/airflow/.local/lib/python3.6/site-packages/airflow/example_dags/example_complex.py took 0.041 seconds
[2022-05-07 14:37:32,096] {scheduler_job.py:182} INFO - Started process (PID=7578) to work on /home/airflow/.local/lib/python3.6/site-packages/airflow/example_dags/example_complex.py
[2022-05-07 14:37:32,097] {scheduler_job.py:629} INFO - Processing file /home/airflow/.local/lib/python3.6/site-packages/airflow/example_dags/example_complex.py for tasks to queue
[2022-05-07 14:37:32,097] {logging_mixin.py:104} INFO - [2022-05-07 14:37:32,097] {dagbag.py:448} INFO - Filling up the DagBag from /home/airflow/.local/lib/python3.6/site-packages/airflow/example_dags/example_complex.py
[2022-05-07 14:37:32,112] {scheduler_job.py:639} INFO - DAG(s) dict_keys(['example_complex']) retrieved from /home/airflow/.local/lib/python3.6/site-packages/airflow/example_dags/example_complex.py
[2022-05-07 14:37:32,130] {logging_mixin.py:104} INFO - [2022-05-07 14:37:32,130] {dag.py:1818} INFO - Sync 1 DAGs
[2022-05-07 14:37:32,139] {logging_mixin.py:104} INFO - [2022-05-07 14:37:32,138] {dag.py:2273} INFO - Setting next_dagrun for example_complex to None
[2022-05-07 14:37:32,145] {scheduler_job.py:190} INFO - Processing /home/airflow/.local/lib/python3.6/site-packages/airflow/example_dags/example_complex.py took 0.051 seconds
[2022-05-07 14:38:02,807] {scheduler_job.py:182} INFO - Started process (PID=7713) to work on /home/airflow/.local/lib/python3.6/site-packages/airflow/example_dags/example_complex.py
[2022-05-07 14:38:02,808] {scheduler_job.py:629} INFO - Processing file /home/airflow/.local/lib/python3.6/site-packages/airflow/example_dags/example_complex.py for tasks to queue
[2022-05-07 14:38:02,808] {logging_mixin.py:104} INFO - [2022-05-07 14:38:02,808] {dagbag.py:448} INFO - Filling up the DagBag from /home/airflow/.local/lib/python3.6/site-packages/airflow/example_dags/example_complex.py
[2022-05-07 14:38:02,818] {scheduler_job.py:639} INFO - DAG(s) dict_keys(['example_complex']) retrieved from /home/airflow/.local/lib/python3.6/site-packages/airflow/example_dags/example_complex.py
[2022-05-07 14:38:02,837] {logging_mixin.py:104} INFO - [2022-05-07 14:38:02,837] {dag.py:1818} INFO - Sync 1 DAGs
[2022-05-07 14:38:02,845] {logging_mixin.py:104} INFO - [2022-05-07 14:38:02,845] {dag.py:2273} INFO - Setting next_dagrun for example_complex to None
[2022-05-07 14:38:02,850] {scheduler_job.py:190} INFO - Processing /home/airflow/.local/lib/python3.6/site-packages/airflow/example_dags/example_complex.py took 0.046 seconds
[2022-05-07 14:38:33,529] {scheduler_job.py:182} INFO - Started process (PID=7848) to work on /home/airflow/.local/lib/python3.6/site-packages/airflow/example_dags/example_complex.py
[2022-05-07 14:38:33,530] {scheduler_job.py:629} INFO - Processing file /home/airflow/.local/lib/python3.6/site-packages/airflow/example_dags/example_complex.py for tasks to queue
[2022-05-07 14:38:33,531] {logging_mixin.py:104} INFO - [2022-05-07 14:38:33,531] {dagbag.py:448} INFO - Filling up the DagBag from /home/airflow/.local/lib/python3.6/site-packages/airflow/example_dags/example_complex.py
[2022-05-07 14:38:33,541] {scheduler_job.py:639} INFO - DAG(s) dict_keys(['example_complex']) retrieved from /home/airflow/.local/lib/python3.6/site-packages/airflow/example_dags/example_complex.py
[2022-05-07 14:38:33,558] {logging_mixin.py:104} INFO - [2022-05-07 14:38:33,558] {dag.py:1818} INFO - Sync 1 DAGs
[2022-05-07 14:38:33,566] {logging_mixin.py:104} INFO - [2022-05-07 14:38:33,566] {dag.py:2273} INFO - Setting next_dagrun for example_complex to None
[2022-05-07 14:38:33,570] {scheduler_job.py:190} INFO - Processing /home/airflow/.local/lib/python3.6/site-packages/airflow/example_dags/example_complex.py took 0.044 seconds
[2022-05-07 14:39:04,365] {scheduler_job.py:182} INFO - Started process (PID=7982) to work on /home/airflow/.local/lib/python3.6/site-packages/airflow/example_dags/example_complex.py
[2022-05-07 14:39:04,366] {scheduler_job.py:629} INFO - Processing file /home/airflow/.local/lib/python3.6/site-packages/airflow/example_dags/example_complex.py for tasks to queue
[2022-05-07 14:39:04,366] {logging_mixin.py:104} INFO - [2022-05-07 14:39:04,366] {dagbag.py:448} INFO - Filling up the DagBag from /home/airflow/.local/lib/python3.6/site-packages/airflow/example_dags/example_complex.py
[2022-05-07 14:39:04,377] {scheduler_job.py:639} INFO - DAG(s) dict_keys(['example_complex']) retrieved from /home/airflow/.local/lib/python3.6/site-packages/airflow/example_dags/example_complex.py
[2022-05-07 14:39:04,395] {logging_mixin.py:104} INFO - [2022-05-07 14:39:04,395] {dag.py:1818} INFO - Sync 1 DAGs
[2022-05-07 14:39:04,402] {logging_mixin.py:104} INFO - [2022-05-07 14:39:04,402] {dag.py:2273} INFO - Setting next_dagrun for example_complex to None
[2022-05-07 14:39:04,406] {scheduler_job.py:190} INFO - Processing /home/airflow/.local/lib/python3.6/site-packages/airflow/example_dags/example_complex.py took 0.044 seconds
[2022-05-07 14:39:35,087] {scheduler_job.py:182} INFO - Started process (PID=8117) to work on /home/airflow/.local/lib/python3.6/site-packages/airflow/example_dags/example_complex.py
[2022-05-07 14:39:35,088] {scheduler_job.py:629} INFO - Processing file /home/airflow/.local/lib/python3.6/site-packages/airflow/example_dags/example_complex.py for tasks to queue
[2022-05-07 14:39:35,089] {logging_mixin.py:104} INFO - [2022-05-07 14:39:35,089] {dagbag.py:448} INFO - Filling up the DagBag from /home/airflow/.local/lib/python3.6/site-packages/airflow/example_dags/example_complex.py
[2022-05-07 14:39:35,098] {scheduler_job.py:639} INFO - DAG(s) dict_keys(['example_complex']) retrieved from /home/airflow/.local/lib/python3.6/site-packages/airflow/example_dags/example_complex.py
[2022-05-07 14:39:35,117] {logging_mixin.py:104} INFO - [2022-05-07 14:39:35,117] {dag.py:1818} INFO - Sync 1 DAGs
[2022-05-07 14:39:35,125] {logging_mixin.py:104} INFO - [2022-05-07 14:39:35,125] {dag.py:2273} INFO - Setting next_dagrun for example_complex to None
[2022-05-07 14:39:35,130] {scheduler_job.py:190} INFO - Processing /home/airflow/.local/lib/python3.6/site-packages/airflow/example_dags/example_complex.py took 0.045 seconds
[2022-05-07 14:40:05,859] {scheduler_job.py:182} INFO - Started process (PID=8252) to work on /home/airflow/.local/lib/python3.6/site-packages/airflow/example_dags/example_complex.py
[2022-05-07 14:40:05,860] {scheduler_job.py:629} INFO - Processing file /home/airflow/.local/lib/python3.6/site-packages/airflow/example_dags/example_complex.py for tasks to queue
[2022-05-07 14:40:05,860] {logging_mixin.py:104} INFO - [2022-05-07 14:40:05,860] {dagbag.py:448} INFO - Filling up the DagBag from /home/airflow/.local/lib/python3.6/site-packages/airflow/example_dags/example_complex.py
[2022-05-07 14:40:05,871] {scheduler_job.py:639} INFO - DAG(s) dict_keys(['example_complex']) retrieved from /home/airflow/.local/lib/python3.6/site-packages/airflow/example_dags/example_complex.py
[2022-05-07 14:40:05,890] {logging_mixin.py:104} INFO - [2022-05-07 14:40:05,890] {dag.py:1818} INFO - Sync 1 DAGs
[2022-05-07 14:40:05,898] {logging_mixin.py:104} INFO - [2022-05-07 14:40:05,898] {dag.py:2273} INFO - Setting next_dagrun for example_complex to None
[2022-05-07 14:40:05,905] {scheduler_job.py:190} INFO - Processing /home/airflow/.local/lib/python3.6/site-packages/airflow/example_dags/example_complex.py took 0.048 seconds
[2022-05-07 14:40:36,596] {scheduler_job.py:182} INFO - Started process (PID=8387) to work on /home/airflow/.local/lib/python3.6/site-packages/airflow/example_dags/example_complex.py
[2022-05-07 14:40:36,597] {scheduler_job.py:629} INFO - Processing file /home/airflow/.local/lib/python3.6/site-packages/airflow/example_dags/example_complex.py for tasks to queue
[2022-05-07 14:40:36,598] {logging_mixin.py:104} INFO - [2022-05-07 14:40:36,598] {dagbag.py:448} INFO - Filling up the DagBag from /home/airflow/.local/lib/python3.6/site-packages/airflow/example_dags/example_complex.py
[2022-05-07 14:40:36,608] {scheduler_job.py:639} INFO - DAG(s) dict_keys(['example_complex']) retrieved from /home/airflow/.local/lib/python3.6/site-packages/airflow/example_dags/example_complex.py
[2022-05-07 14:40:36,627] {logging_mixin.py:104} INFO - [2022-05-07 14:40:36,627] {dag.py:1818} INFO - Sync 1 DAGs
[2022-05-07 14:40:36,635] {logging_mixin.py:104} INFO - [2022-05-07 14:40:36,634] {dag.py:2273} INFO - Setting next_dagrun for example_complex to None
[2022-05-07 14:40:36,639] {scheduler_job.py:190} INFO - Processing /home/airflow/.local/lib/python3.6/site-packages/airflow/example_dags/example_complex.py took 0.045 seconds
[2022-05-07 14:41:07,324] {scheduler_job.py:182} INFO - Started process (PID=8522) to work on /home/airflow/.local/lib/python3.6/site-packages/airflow/example_dags/example_complex.py
[2022-05-07 14:41:07,325] {scheduler_job.py:629} INFO - Processing file /home/airflow/.local/lib/python3.6/site-packages/airflow/example_dags/example_complex.py for tasks to queue
[2022-05-07 14:41:07,325] {logging_mixin.py:104} INFO - [2022-05-07 14:41:07,325] {dagbag.py:448} INFO - Filling up the DagBag from /home/airflow/.local/lib/python3.6/site-packages/airflow/example_dags/example_complex.py
[2022-05-07 14:41:07,337] {scheduler_job.py:639} INFO - DAG(s) dict_keys(['example_complex']) retrieved from /home/airflow/.local/lib/python3.6/site-packages/airflow/example_dags/example_complex.py
[2022-05-07 14:41:07,357] {logging_mixin.py:104} INFO - [2022-05-07 14:41:07,357] {dag.py:1818} INFO - Sync 1 DAGs
[2022-05-07 14:41:07,364] {logging_mixin.py:104} INFO - [2022-05-07 14:41:07,364] {dag.py:2273} INFO - Setting next_dagrun for example_complex to None
[2022-05-07 14:41:07,369] {scheduler_job.py:190} INFO - Processing /home/airflow/.local/lib/python3.6/site-packages/airflow/example_dags/example_complex.py took 0.046 seconds
[2022-05-07 14:41:38,070] {scheduler_job.py:182} INFO - Started process (PID=8657) to work on /home/airflow/.local/lib/python3.6/site-packages/airflow/example_dags/example_complex.py
[2022-05-07 14:41:38,071] {scheduler_job.py:629} INFO - Processing file /home/airflow/.local/lib/python3.6/site-packages/airflow/example_dags/example_complex.py for tasks to queue
[2022-05-07 14:41:38,071] {logging_mixin.py:104} INFO - [2022-05-07 14:41:38,071] {dagbag.py:448} INFO - Filling up the DagBag from /home/airflow/.local/lib/python3.6/site-packages/airflow/example_dags/example_complex.py
[2022-05-07 14:41:38,083] {scheduler_job.py:639} INFO - DAG(s) dict_keys(['example_complex']) retrieved from /home/airflow/.local/lib/python3.6/site-packages/airflow/example_dags/example_complex.py
[2022-05-07 14:41:38,103] {logging_mixin.py:104} INFO - [2022-05-07 14:41:38,103] {dag.py:1818} INFO - Sync 1 DAGs
[2022-05-07 14:41:38,110] {logging_mixin.py:104} INFO - [2022-05-07 14:41:38,110] {dag.py:2273} INFO - Setting next_dagrun for example_complex to None
[2022-05-07 14:41:38,115] {scheduler_job.py:190} INFO - Processing /home/airflow/.local/lib/python3.6/site-packages/airflow/example_dags/example_complex.py took 0.047 seconds
[2022-05-07 14:42:08,810] {scheduler_job.py:182} INFO - Started process (PID=8792) to work on /home/airflow/.local/lib/python3.6/site-packages/airflow/example_dags/example_complex.py
[2022-05-07 14:42:08,811] {scheduler_job.py:629} INFO - Processing file /home/airflow/.local/lib/python3.6/site-packages/airflow/example_dags/example_complex.py for tasks to queue
[2022-05-07 14:42:08,812] {logging_mixin.py:104} INFO - [2022-05-07 14:42:08,812] {dagbag.py:448} INFO - Filling up the DagBag from /home/airflow/.local/lib/python3.6/site-packages/airflow/example_dags/example_complex.py
[2022-05-07 14:42:08,821] {scheduler_job.py:639} INFO - DAG(s) dict_keys(['example_complex']) retrieved from /home/airflow/.local/lib/python3.6/site-packages/airflow/example_dags/example_complex.py
[2022-05-07 14:42:08,835] {logging_mixin.py:104} INFO - [2022-05-07 14:42:08,835] {dag.py:1818} INFO - Sync 1 DAGs
[2022-05-07 14:42:08,844] {logging_mixin.py:104} INFO - [2022-05-07 14:42:08,844] {dag.py:2273} INFO - Setting next_dagrun for example_complex to None
[2022-05-07 14:42:08,849] {scheduler_job.py:190} INFO - Processing /home/airflow/.local/lib/python3.6/site-packages/airflow/example_dags/example_complex.py took 0.040 seconds
[2022-05-07 14:42:39,566] {scheduler_job.py:182} INFO - Started process (PID=8927) to work on /home/airflow/.local/lib/python3.6/site-packages/airflow/example_dags/example_complex.py
[2022-05-07 14:42:39,567] {scheduler_job.py:629} INFO - Processing file /home/airflow/.local/lib/python3.6/site-packages/airflow/example_dags/example_complex.py for tasks to queue
[2022-05-07 14:42:39,567] {logging_mixin.py:104} INFO - [2022-05-07 14:42:39,567] {dagbag.py:448} INFO - Filling up the DagBag from /home/airflow/.local/lib/python3.6/site-packages/airflow/example_dags/example_complex.py
[2022-05-07 14:42:39,580] {scheduler_job.py:639} INFO - DAG(s) dict_keys(['example_complex']) retrieved from /home/airflow/.local/lib/python3.6/site-packages/airflow/example_dags/example_complex.py
[2022-05-07 14:42:39,598] {logging_mixin.py:104} INFO - [2022-05-07 14:42:39,598] {dag.py:1818} INFO - Sync 1 DAGs
[2022-05-07 14:42:39,606] {logging_mixin.py:104} INFO - [2022-05-07 14:42:39,606] {dag.py:2273} INFO - Setting next_dagrun for example_complex to None
[2022-05-07 14:42:39,610] {scheduler_job.py:190} INFO - Processing /home/airflow/.local/lib/python3.6/site-packages/airflow/example_dags/example_complex.py took 0.047 seconds
[2022-05-07 14:43:10,299] {scheduler_job.py:182} INFO - Started process (PID=9062) to work on /home/airflow/.local/lib/python3.6/site-packages/airflow/example_dags/example_complex.py
[2022-05-07 14:43:10,300] {scheduler_job.py:629} INFO - Processing file /home/airflow/.local/lib/python3.6/site-packages/airflow/example_dags/example_complex.py for tasks to queue
[2022-05-07 14:43:10,301] {logging_mixin.py:104} INFO - [2022-05-07 14:43:10,301] {dagbag.py:448} INFO - Filling up the DagBag from /home/airflow/.local/lib/python3.6/site-packages/airflow/example_dags/example_complex.py
[2022-05-07 14:43:10,312] {scheduler_job.py:639} INFO - DAG(s) dict_keys(['example_complex']) retrieved from /home/airflow/.local/lib/python3.6/site-packages/airflow/example_dags/example_complex.py
[2022-05-07 14:43:10,329] {logging_mixin.py:104} INFO - [2022-05-07 14:43:10,329] {dag.py:1818} INFO - Sync 1 DAGs
[2022-05-07 14:43:10,337] {logging_mixin.py:104} INFO - [2022-05-07 14:43:10,337] {dag.py:2273} INFO - Setting next_dagrun for example_complex to None
[2022-05-07 14:43:10,342] {scheduler_job.py:190} INFO - Processing /home/airflow/.local/lib/python3.6/site-packages/airflow/example_dags/example_complex.py took 0.045 seconds
[2022-05-07 14:43:41,082] {scheduler_job.py:182} INFO - Started process (PID=9198) to work on /home/airflow/.local/lib/python3.6/site-packages/airflow/example_dags/example_complex.py
[2022-05-07 14:43:41,084] {scheduler_job.py:629} INFO - Processing file /home/airflow/.local/lib/python3.6/site-packages/airflow/example_dags/example_complex.py for tasks to queue
[2022-05-07 14:43:41,084] {logging_mixin.py:104} INFO - [2022-05-07 14:43:41,084] {dagbag.py:448} INFO - Filling up the DagBag from /home/airflow/.local/lib/python3.6/site-packages/airflow/example_dags/example_complex.py
[2022-05-07 14:43:41,099] {scheduler_job.py:639} INFO - DAG(s) dict_keys(['example_complex']) retrieved from /home/airflow/.local/lib/python3.6/site-packages/airflow/example_dags/example_complex.py
[2022-05-07 14:43:41,120] {logging_mixin.py:104} INFO - [2022-05-07 14:43:41,120] {dag.py:1818} INFO - Sync 1 DAGs
[2022-05-07 14:43:41,128] {logging_mixin.py:104} INFO - [2022-05-07 14:43:41,128] {dag.py:2273} INFO - Setting next_dagrun for example_complex to None
[2022-05-07 14:43:41,132] {scheduler_job.py:190} INFO - Processing /home/airflow/.local/lib/python3.6/site-packages/airflow/example_dags/example_complex.py took 0.052 seconds
[2022-05-07 14:44:11,852] {scheduler_job.py:182} INFO - Started process (PID=9332) to work on /home/airflow/.local/lib/python3.6/site-packages/airflow/example_dags/example_complex.py
[2022-05-07 14:44:11,852] {scheduler_job.py:629} INFO - Processing file /home/airflow/.local/lib/python3.6/site-packages/airflow/example_dags/example_complex.py for tasks to queue
[2022-05-07 14:44:11,853] {logging_mixin.py:104} INFO - [2022-05-07 14:44:11,853] {dagbag.py:448} INFO - Filling up the DagBag from /home/airflow/.local/lib/python3.6/site-packages/airflow/example_dags/example_complex.py
[2022-05-07 14:44:11,863] {scheduler_job.py:639} INFO - DAG(s) dict_keys(['example_complex']) retrieved from /home/airflow/.local/lib/python3.6/site-packages/airflow/example_dags/example_complex.py
[2022-05-07 14:44:11,881] {logging_mixin.py:104} INFO - [2022-05-07 14:44:11,881] {dag.py:1818} INFO - Sync 1 DAGs
[2022-05-07 14:44:11,888] {logging_mixin.py:104} INFO - [2022-05-07 14:44:11,888] {dag.py:2273} INFO - Setting next_dagrun for example_complex to None
[2022-05-07 14:44:11,892] {scheduler_job.py:190} INFO - Processing /home/airflow/.local/lib/python3.6/site-packages/airflow/example_dags/example_complex.py took 0.042 seconds
[2022-05-07 14:44:42,628] {scheduler_job.py:182} INFO - Started process (PID=9468) to work on /home/airflow/.local/lib/python3.6/site-packages/airflow/example_dags/example_complex.py
[2022-05-07 14:44:42,628] {scheduler_job.py:629} INFO - Processing file /home/airflow/.local/lib/python3.6/site-packages/airflow/example_dags/example_complex.py for tasks to queue
[2022-05-07 14:44:42,629] {logging_mixin.py:104} INFO - [2022-05-07 14:44:42,629] {dagbag.py:448} INFO - Filling up the DagBag from /home/airflow/.local/lib/python3.6/site-packages/airflow/example_dags/example_complex.py
[2022-05-07 14:44:42,640] {scheduler_job.py:639} INFO - DAG(s) dict_keys(['example_complex']) retrieved from /home/airflow/.local/lib/python3.6/site-packages/airflow/example_dags/example_complex.py
[2022-05-07 14:44:42,657] {logging_mixin.py:104} INFO - [2022-05-07 14:44:42,657] {dag.py:1818} INFO - Sync 1 DAGs
[2022-05-07 14:44:42,664] {logging_mixin.py:104} INFO - [2022-05-07 14:44:42,664] {dag.py:2273} INFO - Setting next_dagrun for example_complex to None
[2022-05-07 14:44:42,669] {scheduler_job.py:190} INFO - Processing /home/airflow/.local/lib/python3.6/site-packages/airflow/example_dags/example_complex.py took 0.043 seconds
[2022-05-07 14:45:13,349] {scheduler_job.py:182} INFO - Started process (PID=9602) to work on /home/airflow/.local/lib/python3.6/site-packages/airflow/example_dags/example_complex.py
[2022-05-07 14:45:13,350] {scheduler_job.py:629} INFO - Processing file /home/airflow/.local/lib/python3.6/site-packages/airflow/example_dags/example_complex.py for tasks to queue
[2022-05-07 14:45:13,350] {logging_mixin.py:104} INFO - [2022-05-07 14:45:13,350] {dagbag.py:448} INFO - Filling up the DagBag from /home/airflow/.local/lib/python3.6/site-packages/airflow/example_dags/example_complex.py
[2022-05-07 14:45:13,361] {scheduler_job.py:639} INFO - DAG(s) dict_keys(['example_complex']) retrieved from /home/airflow/.local/lib/python3.6/site-packages/airflow/example_dags/example_complex.py
[2022-05-07 14:45:13,375] {logging_mixin.py:104} INFO - [2022-05-07 14:45:13,374] {dag.py:1818} INFO - Sync 1 DAGs
[2022-05-07 14:45:13,384] {logging_mixin.py:104} INFO - [2022-05-07 14:45:13,384] {dag.py:2273} INFO - Setting next_dagrun for example_complex to None
[2022-05-07 14:45:13,388] {scheduler_job.py:190} INFO - Processing /home/airflow/.local/lib/python3.6/site-packages/airflow/example_dags/example_complex.py took 0.042 seconds
[2022-05-07 14:45:44,103] {scheduler_job.py:182} INFO - Started process (PID=9737) to work on /home/airflow/.local/lib/python3.6/site-packages/airflow/example_dags/example_complex.py
[2022-05-07 14:45:44,104] {scheduler_job.py:629} INFO - Processing file /home/airflow/.local/lib/python3.6/site-packages/airflow/example_dags/example_complex.py for tasks to queue
[2022-05-07 14:45:44,105] {logging_mixin.py:104} INFO - [2022-05-07 14:45:44,104] {dagbag.py:448} INFO - Filling up the DagBag from /home/airflow/.local/lib/python3.6/site-packages/airflow/example_dags/example_complex.py
[2022-05-07 14:45:44,116] {scheduler_job.py:639} INFO - DAG(s) dict_keys(['example_complex']) retrieved from /home/airflow/.local/lib/python3.6/site-packages/airflow/example_dags/example_complex.py
[2022-05-07 14:45:44,130] {logging_mixin.py:104} INFO - [2022-05-07 14:45:44,130] {dag.py:1818} INFO - Sync 1 DAGs
[2022-05-07 14:45:44,140] {logging_mixin.py:104} INFO - [2022-05-07 14:45:44,140] {dag.py:2273} INFO - Setting next_dagrun for example_complex to None
[2022-05-07 14:45:44,144] {scheduler_job.py:190} INFO - Processing /home/airflow/.local/lib/python3.6/site-packages/airflow/example_dags/example_complex.py took 0.044 seconds
[2022-05-07 14:46:14,847] {scheduler_job.py:182} INFO - Started process (PID=9872) to work on /home/airflow/.local/lib/python3.6/site-packages/airflow/example_dags/example_complex.py
[2022-05-07 14:46:14,849] {scheduler_job.py:629} INFO - Processing file /home/airflow/.local/lib/python3.6/site-packages/airflow/example_dags/example_complex.py for tasks to queue
[2022-05-07 14:46:14,849] {logging_mixin.py:104} INFO - [2022-05-07 14:46:14,849] {dagbag.py:448} INFO - Filling up the DagBag from /home/airflow/.local/lib/python3.6/site-packages/airflow/example_dags/example_complex.py
[2022-05-07 14:46:14,860] {scheduler_job.py:639} INFO - DAG(s) dict_keys(['example_complex']) retrieved from /home/airflow/.local/lib/python3.6/site-packages/airflow/example_dags/example_complex.py
[2022-05-07 14:46:14,880] {logging_mixin.py:104} INFO - [2022-05-07 14:46:14,880] {dag.py:1818} INFO - Sync 1 DAGs
[2022-05-07 14:46:14,888] {logging_mixin.py:104} INFO - [2022-05-07 14:46:14,888] {dag.py:2273} INFO - Setting next_dagrun for example_complex to None
[2022-05-07 14:46:14,893] {scheduler_job.py:190} INFO - Processing /home/airflow/.local/lib/python3.6/site-packages/airflow/example_dags/example_complex.py took 0.048 seconds
[2022-05-07 14:46:45,612] {scheduler_job.py:182} INFO - Started process (PID=10007) to work on /home/airflow/.local/lib/python3.6/site-packages/airflow/example_dags/example_complex.py
[2022-05-07 14:46:45,613] {scheduler_job.py:629} INFO - Processing file /home/airflow/.local/lib/python3.6/site-packages/airflow/example_dags/example_complex.py for tasks to queue
[2022-05-07 14:46:45,614] {logging_mixin.py:104} INFO - [2022-05-07 14:46:45,614] {dagbag.py:448} INFO - Filling up the DagBag from /home/airflow/.local/lib/python3.6/site-packages/airflow/example_dags/example_complex.py
[2022-05-07 14:46:45,625] {scheduler_job.py:639} INFO - DAG(s) dict_keys(['example_complex']) retrieved from /home/airflow/.local/lib/python3.6/site-packages/airflow/example_dags/example_complex.py
[2022-05-07 14:46:45,638] {logging_mixin.py:104} INFO - [2022-05-07 14:46:45,638] {dag.py:1818} INFO - Sync 1 DAGs
[2022-05-07 14:46:45,648] {logging_mixin.py:104} INFO - [2022-05-07 14:46:45,648] {dag.py:2273} INFO - Setting next_dagrun for example_complex to None
[2022-05-07 14:46:45,652] {scheduler_job.py:190} INFO - Processing /home/airflow/.local/lib/python3.6/site-packages/airflow/example_dags/example_complex.py took 0.042 seconds
[2022-05-07 14:47:16,410] {scheduler_job.py:182} INFO - Started process (PID=10142) to work on /home/airflow/.local/lib/python3.6/site-packages/airflow/example_dags/example_complex.py
[2022-05-07 14:47:16,411] {scheduler_job.py:629} INFO - Processing file /home/airflow/.local/lib/python3.6/site-packages/airflow/example_dags/example_complex.py for tasks to queue
[2022-05-07 14:47:16,412] {logging_mixin.py:104} INFO - [2022-05-07 14:47:16,412] {dagbag.py:448} INFO - Filling up the DagBag from /home/airflow/.local/lib/python3.6/site-packages/airflow/example_dags/example_complex.py
[2022-05-07 14:47:16,422] {scheduler_job.py:639} INFO - DAG(s) dict_keys(['example_complex']) retrieved from /home/airflow/.local/lib/python3.6/site-packages/airflow/example_dags/example_complex.py
[2022-05-07 14:47:16,436] {logging_mixin.py:104} INFO - [2022-05-07 14:47:16,436] {dag.py:1818} INFO - Sync 1 DAGs
[2022-05-07 14:47:16,445] {logging_mixin.py:104} INFO - [2022-05-07 14:47:16,445] {dag.py:2273} INFO - Setting next_dagrun for example_complex to None
[2022-05-07 14:47:16,449] {scheduler_job.py:190} INFO - Processing /home/airflow/.local/lib/python3.6/site-packages/airflow/example_dags/example_complex.py took 0.041 seconds
[2022-05-07 14:47:46,479] {scheduler_job.py:182} INFO - Started process (PID=10277) to work on /home/airflow/.local/lib/python3.6/site-packages/airflow/example_dags/example_complex.py
[2022-05-07 14:47:46,480] {scheduler_job.py:629} INFO - Processing file /home/airflow/.local/lib/python3.6/site-packages/airflow/example_dags/example_complex.py for tasks to queue
[2022-05-07 14:47:46,480] {logging_mixin.py:104} INFO - [2022-05-07 14:47:46,480] {dagbag.py:448} INFO - Filling up the DagBag from /home/airflow/.local/lib/python3.6/site-packages/airflow/example_dags/example_complex.py
[2022-05-07 14:47:46,492] {scheduler_job.py:639} INFO - DAG(s) dict_keys(['example_complex']) retrieved from /home/airflow/.local/lib/python3.6/site-packages/airflow/example_dags/example_complex.py
[2022-05-07 14:47:46,510] {logging_mixin.py:104} INFO - [2022-05-07 14:47:46,510] {dag.py:1818} INFO - Sync 1 DAGs
[2022-05-07 14:47:46,517] {logging_mixin.py:104} INFO - [2022-05-07 14:47:46,517] {dag.py:2273} INFO - Setting next_dagrun for example_complex to None
[2022-05-07 14:47:46,521] {scheduler_job.py:190} INFO - Processing /home/airflow/.local/lib/python3.6/site-packages/airflow/example_dags/example_complex.py took 0.045 seconds
[2022-05-07 14:48:17,227] {scheduler_job.py:182} INFO - Started process (PID=10412) to work on /home/airflow/.local/lib/python3.6/site-packages/airflow/example_dags/example_complex.py
[2022-05-07 14:48:17,228] {scheduler_job.py:629} INFO - Processing file /home/airflow/.local/lib/python3.6/site-packages/airflow/example_dags/example_complex.py for tasks to queue
[2022-05-07 14:48:17,229] {logging_mixin.py:104} INFO - [2022-05-07 14:48:17,229] {dagbag.py:448} INFO - Filling up the DagBag from /home/airflow/.local/lib/python3.6/site-packages/airflow/example_dags/example_complex.py
[2022-05-07 14:48:17,240] {scheduler_job.py:639} INFO - DAG(s) dict_keys(['example_complex']) retrieved from /home/airflow/.local/lib/python3.6/site-packages/airflow/example_dags/example_complex.py
[2022-05-07 14:48:17,259] {logging_mixin.py:104} INFO - [2022-05-07 14:48:17,258] {dag.py:1818} INFO - Sync 1 DAGs
[2022-05-07 14:48:17,268] {logging_mixin.py:104} INFO - [2022-05-07 14:48:17,268] {dag.py:2273} INFO - Setting next_dagrun for example_complex to None
[2022-05-07 14:48:17,273] {scheduler_job.py:190} INFO - Processing /home/airflow/.local/lib/python3.6/site-packages/airflow/example_dags/example_complex.py took 0.048 seconds
[2022-05-07 14:48:47,952] {scheduler_job.py:182} INFO - Started process (PID=10547) to work on /home/airflow/.local/lib/python3.6/site-packages/airflow/example_dags/example_complex.py
[2022-05-07 14:48:47,953] {scheduler_job.py:629} INFO - Processing file /home/airflow/.local/lib/python3.6/site-packages/airflow/example_dags/example_complex.py for tasks to queue
[2022-05-07 14:48:47,953] {logging_mixin.py:104} INFO - [2022-05-07 14:48:47,953] {dagbag.py:448} INFO - Filling up the DagBag from /home/airflow/.local/lib/python3.6/site-packages/airflow/example_dags/example_complex.py
[2022-05-07 14:48:47,964] {scheduler_job.py:639} INFO - DAG(s) dict_keys(['example_complex']) retrieved from /home/airflow/.local/lib/python3.6/site-packages/airflow/example_dags/example_complex.py
[2022-05-07 14:48:47,983] {logging_mixin.py:104} INFO - [2022-05-07 14:48:47,983] {dag.py:1818} INFO - Sync 1 DAGs
[2022-05-07 14:48:47,990] {logging_mixin.py:104} INFO - [2022-05-07 14:48:47,990] {dag.py:2273} INFO - Setting next_dagrun for example_complex to None
[2022-05-07 14:48:47,994] {scheduler_job.py:190} INFO - Processing /home/airflow/.local/lib/python3.6/site-packages/airflow/example_dags/example_complex.py took 0.045 seconds
[2022-05-07 14:49:18,695] {scheduler_job.py:182} INFO - Started process (PID=10682) to work on /home/airflow/.local/lib/python3.6/site-packages/airflow/example_dags/example_complex.py
[2022-05-07 14:49:18,696] {scheduler_job.py:629} INFO - Processing file /home/airflow/.local/lib/python3.6/site-packages/airflow/example_dags/example_complex.py for tasks to queue
[2022-05-07 14:49:18,697] {logging_mixin.py:104} INFO - [2022-05-07 14:49:18,697] {dagbag.py:448} INFO - Filling up the DagBag from /home/airflow/.local/lib/python3.6/site-packages/airflow/example_dags/example_complex.py
[2022-05-07 14:49:18,708] {scheduler_job.py:639} INFO - DAG(s) dict_keys(['example_complex']) retrieved from /home/airflow/.local/lib/python3.6/site-packages/airflow/example_dags/example_complex.py
[2022-05-07 14:49:18,722] {logging_mixin.py:104} INFO - [2022-05-07 14:49:18,722] {dag.py:1818} INFO - Sync 1 DAGs
[2022-05-07 14:49:18,731] {logging_mixin.py:104} INFO - [2022-05-07 14:49:18,731] {dag.py:2273} INFO - Setting next_dagrun for example_complex to None
[2022-05-07 14:49:18,736] {scheduler_job.py:190} INFO - Processing /home/airflow/.local/lib/python3.6/site-packages/airflow/example_dags/example_complex.py took 0.043 seconds
[2022-05-07 14:49:49,439] {scheduler_job.py:182} INFO - Started process (PID=10818) to work on /home/airflow/.local/lib/python3.6/site-packages/airflow/example_dags/example_complex.py
[2022-05-07 14:49:49,440] {scheduler_job.py:629} INFO - Processing file /home/airflow/.local/lib/python3.6/site-packages/airflow/example_dags/example_complex.py for tasks to queue
[2022-05-07 14:49:49,441] {logging_mixin.py:104} INFO - [2022-05-07 14:49:49,441] {dagbag.py:448} INFO - Filling up the DagBag from /home/airflow/.local/lib/python3.6/site-packages/airflow/example_dags/example_complex.py
[2022-05-07 14:49:49,452] {scheduler_job.py:639} INFO - DAG(s) dict_keys(['example_complex']) retrieved from /home/airflow/.local/lib/python3.6/site-packages/airflow/example_dags/example_complex.py
[2022-05-07 14:49:49,469] {logging_mixin.py:104} INFO - [2022-05-07 14:49:49,469] {dag.py:1818} INFO - Sync 1 DAGs
[2022-05-07 14:49:49,477] {logging_mixin.py:104} INFO - [2022-05-07 14:49:49,477] {dag.py:2273} INFO - Setting next_dagrun for example_complex to None
[2022-05-07 14:49:49,481] {scheduler_job.py:190} INFO - Processing /home/airflow/.local/lib/python3.6/site-packages/airflow/example_dags/example_complex.py took 0.044 seconds
[2022-05-07 14:50:20,180] {scheduler_job.py:182} INFO - Started process (PID=10952) to work on /home/airflow/.local/lib/python3.6/site-packages/airflow/example_dags/example_complex.py
[2022-05-07 14:50:20,181] {scheduler_job.py:629} INFO - Processing file /home/airflow/.local/lib/python3.6/site-packages/airflow/example_dags/example_complex.py for tasks to queue
[2022-05-07 14:50:20,182] {logging_mixin.py:104} INFO - [2022-05-07 14:50:20,181] {dagbag.py:448} INFO - Filling up the DagBag from /home/airflow/.local/lib/python3.6/site-packages/airflow/example_dags/example_complex.py
[2022-05-07 14:50:20,193] {scheduler_job.py:639} INFO - DAG(s) dict_keys(['example_complex']) retrieved from /home/airflow/.local/lib/python3.6/site-packages/airflow/example_dags/example_complex.py
[2022-05-07 14:50:20,210] {logging_mixin.py:104} INFO - [2022-05-07 14:50:20,210] {dag.py:1818} INFO - Sync 1 DAGs
[2022-05-07 14:50:20,218] {logging_mixin.py:104} INFO - [2022-05-07 14:50:20,217] {dag.py:2273} INFO - Setting next_dagrun for example_complex to None
[2022-05-07 14:50:20,222] {scheduler_job.py:190} INFO - Processing /home/airflow/.local/lib/python3.6/site-packages/airflow/example_dags/example_complex.py took 0.044 seconds
[2022-05-07 14:50:50,898] {scheduler_job.py:182} INFO - Started process (PID=11087) to work on /home/airflow/.local/lib/python3.6/site-packages/airflow/example_dags/example_complex.py
[2022-05-07 14:50:50,899] {scheduler_job.py:629} INFO - Processing file /home/airflow/.local/lib/python3.6/site-packages/airflow/example_dags/example_complex.py for tasks to queue
[2022-05-07 14:50:50,899] {logging_mixin.py:104} INFO - [2022-05-07 14:50:50,899] {dagbag.py:448} INFO - Filling up the DagBag from /home/airflow/.local/lib/python3.6/site-packages/airflow/example_dags/example_complex.py
[2022-05-07 14:50:50,911] {scheduler_job.py:639} INFO - DAG(s) dict_keys(['example_complex']) retrieved from /home/airflow/.local/lib/python3.6/site-packages/airflow/example_dags/example_complex.py
[2022-05-07 14:50:50,925] {logging_mixin.py:104} INFO - [2022-05-07 14:50:50,925] {dag.py:1818} INFO - Sync 1 DAGs
[2022-05-07 14:50:50,932] {logging_mixin.py:104} INFO - [2022-05-07 14:50:50,932] {dag.py:2273} INFO - Setting next_dagrun for example_complex to None
[2022-05-07 14:50:50,937] {scheduler_job.py:190} INFO - Processing /home/airflow/.local/lib/python3.6/site-packages/airflow/example_dags/example_complex.py took 0.041 seconds
[2022-05-07 14:51:21,628] {scheduler_job.py:182} INFO - Started process (PID=11222) to work on /home/airflow/.local/lib/python3.6/site-packages/airflow/example_dags/example_complex.py
[2022-05-07 14:51:21,629] {scheduler_job.py:629} INFO - Processing file /home/airflow/.local/lib/python3.6/site-packages/airflow/example_dags/example_complex.py for tasks to queue
[2022-05-07 14:51:21,630] {logging_mixin.py:104} INFO - [2022-05-07 14:51:21,630] {dagbag.py:448} INFO - Filling up the DagBag from /home/airflow/.local/lib/python3.6/site-packages/airflow/example_dags/example_complex.py
[2022-05-07 14:51:21,641] {scheduler_job.py:639} INFO - DAG(s) dict_keys(['example_complex']) retrieved from /home/airflow/.local/lib/python3.6/site-packages/airflow/example_dags/example_complex.py
[2022-05-07 14:51:21,654] {logging_mixin.py:104} INFO - [2022-05-07 14:51:21,654] {dag.py:1818} INFO - Sync 1 DAGs
[2022-05-07 14:51:21,664] {logging_mixin.py:104} INFO - [2022-05-07 14:51:21,664] {dag.py:2273} INFO - Setting next_dagrun for example_complex to None
[2022-05-07 14:51:21,668] {scheduler_job.py:190} INFO - Processing /home/airflow/.local/lib/python3.6/site-packages/airflow/example_dags/example_complex.py took 0.042 seconds
[2022-05-07 14:51:52,383] {scheduler_job.py:182} INFO - Started process (PID=11357) to work on /home/airflow/.local/lib/python3.6/site-packages/airflow/example_dags/example_complex.py
[2022-05-07 14:51:52,384] {scheduler_job.py:629} INFO - Processing file /home/airflow/.local/lib/python3.6/site-packages/airflow/example_dags/example_complex.py for tasks to queue
[2022-05-07 14:51:52,384] {logging_mixin.py:104} INFO - [2022-05-07 14:51:52,384] {dagbag.py:448} INFO - Filling up the DagBag from /home/airflow/.local/lib/python3.6/site-packages/airflow/example_dags/example_complex.py
[2022-05-07 14:51:52,396] {scheduler_job.py:639} INFO - DAG(s) dict_keys(['example_complex']) retrieved from /home/airflow/.local/lib/python3.6/site-packages/airflow/example_dags/example_complex.py
[2022-05-07 14:51:52,417] {logging_mixin.py:104} INFO - [2022-05-07 14:51:52,416] {dag.py:1818} INFO - Sync 1 DAGs
[2022-05-07 14:51:52,425] {logging_mixin.py:104} INFO - [2022-05-07 14:51:52,425] {dag.py:2273} INFO - Setting next_dagrun for example_complex to None
[2022-05-07 14:51:52,429] {scheduler_job.py:190} INFO - Processing /home/airflow/.local/lib/python3.6/site-packages/airflow/example_dags/example_complex.py took 0.048 seconds
[2022-05-07 14:52:23,115] {scheduler_job.py:182} INFO - Started process (PID=11492) to work on /home/airflow/.local/lib/python3.6/site-packages/airflow/example_dags/example_complex.py
[2022-05-07 14:52:23,116] {scheduler_job.py:629} INFO - Processing file /home/airflow/.local/lib/python3.6/site-packages/airflow/example_dags/example_complex.py for tasks to queue
[2022-05-07 14:52:23,117] {logging_mixin.py:104} INFO - [2022-05-07 14:52:23,117] {dagbag.py:448} INFO - Filling up the DagBag from /home/airflow/.local/lib/python3.6/site-packages/airflow/example_dags/example_complex.py
[2022-05-07 14:52:23,128] {scheduler_job.py:639} INFO - DAG(s) dict_keys(['example_complex']) retrieved from /home/airflow/.local/lib/python3.6/site-packages/airflow/example_dags/example_complex.py
[2022-05-07 14:52:23,142] {logging_mixin.py:104} INFO - [2022-05-07 14:52:23,142] {dag.py:1818} INFO - Sync 1 DAGs
[2022-05-07 14:52:23,151] {logging_mixin.py:104} INFO - [2022-05-07 14:52:23,151] {dag.py:2273} INFO - Setting next_dagrun for example_complex to None
[2022-05-07 14:52:23,156] {scheduler_job.py:190} INFO - Processing /home/airflow/.local/lib/python3.6/site-packages/airflow/example_dags/example_complex.py took 0.042 seconds
[2022-05-07 14:52:53,835] {scheduler_job.py:182} INFO - Started process (PID=11627) to work on /home/airflow/.local/lib/python3.6/site-packages/airflow/example_dags/example_complex.py
[2022-05-07 14:52:53,836] {scheduler_job.py:629} INFO - Processing file /home/airflow/.local/lib/python3.6/site-packages/airflow/example_dags/example_complex.py for tasks to queue
[2022-05-07 14:52:53,836] {logging_mixin.py:104} INFO - [2022-05-07 14:52:53,836] {dagbag.py:448} INFO - Filling up the DagBag from /home/airflow/.local/lib/python3.6/site-packages/airflow/example_dags/example_complex.py
[2022-05-07 14:52:53,847] {scheduler_job.py:639} INFO - DAG(s) dict_keys(['example_complex']) retrieved from /home/airflow/.local/lib/python3.6/site-packages/airflow/example_dags/example_complex.py
[2022-05-07 14:52:53,865] {logging_mixin.py:104} INFO - [2022-05-07 14:52:53,865] {dag.py:1818} INFO - Sync 1 DAGs
[2022-05-07 14:52:53,873] {logging_mixin.py:104} INFO - [2022-05-07 14:52:53,873] {dag.py:2273} INFO - Setting next_dagrun for example_complex to None
[2022-05-07 14:52:53,877] {scheduler_job.py:190} INFO - Processing /home/airflow/.local/lib/python3.6/site-packages/airflow/example_dags/example_complex.py took 0.045 seconds
[2022-05-07 14:53:24,609] {scheduler_job.py:182} INFO - Started process (PID=11762) to work on /home/airflow/.local/lib/python3.6/site-packages/airflow/example_dags/example_complex.py
[2022-05-07 14:53:24,610] {scheduler_job.py:629} INFO - Processing file /home/airflow/.local/lib/python3.6/site-packages/airflow/example_dags/example_complex.py for tasks to queue
[2022-05-07 14:53:24,611] {logging_mixin.py:104} INFO - [2022-05-07 14:53:24,611] {dagbag.py:448} INFO - Filling up the DagBag from /home/airflow/.local/lib/python3.6/site-packages/airflow/example_dags/example_complex.py
[2022-05-07 14:53:24,623] {scheduler_job.py:639} INFO - DAG(s) dict_keys(['example_complex']) retrieved from /home/airflow/.local/lib/python3.6/site-packages/airflow/example_dags/example_complex.py
[2022-05-07 14:53:24,637] {logging_mixin.py:104} INFO - [2022-05-07 14:53:24,637] {dag.py:1818} INFO - Sync 1 DAGs
[2022-05-07 14:53:24,645] {logging_mixin.py:104} INFO - [2022-05-07 14:53:24,645] {dag.py:2273} INFO - Setting next_dagrun for example_complex to None
[2022-05-07 14:53:24,649] {scheduler_job.py:190} INFO - Processing /home/airflow/.local/lib/python3.6/site-packages/airflow/example_dags/example_complex.py took 0.042 seconds
[2022-05-07 14:53:55,365] {scheduler_job.py:182} INFO - Started process (PID=11897) to work on /home/airflow/.local/lib/python3.6/site-packages/airflow/example_dags/example_complex.py
[2022-05-07 14:53:55,365] {scheduler_job.py:629} INFO - Processing file /home/airflow/.local/lib/python3.6/site-packages/airflow/example_dags/example_complex.py for tasks to queue
[2022-05-07 14:53:55,366] {logging_mixin.py:104} INFO - [2022-05-07 14:53:55,366] {dagbag.py:448} INFO - Filling up the DagBag from /home/airflow/.local/lib/python3.6/site-packages/airflow/example_dags/example_complex.py
[2022-05-07 14:53:55,379] {scheduler_job.py:639} INFO - DAG(s) dict_keys(['example_complex']) retrieved from /home/airflow/.local/lib/python3.6/site-packages/airflow/example_dags/example_complex.py
[2022-05-07 14:53:55,392] {logging_mixin.py:104} INFO - [2022-05-07 14:53:55,392] {dag.py:1818} INFO - Sync 1 DAGs
[2022-05-07 14:53:55,399] {logging_mixin.py:104} INFO - [2022-05-07 14:53:55,399] {dag.py:2273} INFO - Setting next_dagrun for example_complex to None
[2022-05-07 14:53:55,403] {scheduler_job.py:190} INFO - Processing /home/airflow/.local/lib/python3.6/site-packages/airflow/example_dags/example_complex.py took 0.041 seconds
[2022-05-07 14:54:25,982] {scheduler_job.py:182} INFO - Started process (PID=12032) to work on /home/airflow/.local/lib/python3.6/site-packages/airflow/example_dags/example_complex.py
[2022-05-07 14:54:25,983] {scheduler_job.py:629} INFO - Processing file /home/airflow/.local/lib/python3.6/site-packages/airflow/example_dags/example_complex.py for tasks to queue
[2022-05-07 14:54:25,984] {logging_mixin.py:104} INFO - [2022-05-07 14:54:25,984] {dagbag.py:448} INFO - Filling up the DagBag from /home/airflow/.local/lib/python3.6/site-packages/airflow/example_dags/example_complex.py
[2022-05-07 14:54:25,994] {scheduler_job.py:639} INFO - DAG(s) dict_keys(['example_complex']) retrieved from /home/airflow/.local/lib/python3.6/site-packages/airflow/example_dags/example_complex.py
[2022-05-07 14:54:26,013] {logging_mixin.py:104} INFO - [2022-05-07 14:54:26,013] {dag.py:1818} INFO - Sync 1 DAGs
[2022-05-07 14:54:26,020] {logging_mixin.py:104} INFO - [2022-05-07 14:54:26,020] {dag.py:2273} INFO - Setting next_dagrun for example_complex to None
[2022-05-07 14:54:26,025] {scheduler_job.py:190} INFO - Processing /home/airflow/.local/lib/python3.6/site-packages/airflow/example_dags/example_complex.py took 0.045 seconds
