[2022-05-07 14:14:00,625] {scheduler_job.py:182} INFO - Started process (PID=251) to work on /home/airflow/.local/lib/python3.6/site-packages/airflow/example_dags/tutorial.py
[2022-05-07 14:14:00,626] {scheduler_job.py:629} INFO - Processing file /home/airflow/.local/lib/python3.6/site-packages/airflow/example_dags/tutorial.py for tasks to queue
[2022-05-07 14:14:00,626] {logging_mixin.py:104} INFO - [2022-05-07 14:14:00,626] {dagbag.py:448} INFO - Filling up the DagBag from /home/airflow/.local/lib/python3.6/site-packages/airflow/example_dags/tutorial.py
[2022-05-07 14:14:00,633] {scheduler_job.py:639} INFO - DAG(s) dict_keys(['tutorial']) retrieved from /home/airflow/.local/lib/python3.6/site-packages/airflow/example_dags/tutorial.py
[2022-05-07 14:14:00,648] {logging_mixin.py:104} INFO - [2022-05-07 14:14:00,648] {dag.py:1818} INFO - Sync 1 DAGs
[2022-05-07 14:14:00,658] {logging_mixin.py:104} INFO - [2022-05-07 14:14:00,658] {dag.py:2273} INFO - Setting next_dagrun for tutorial to 2022-05-05 00:00:00+00:00
[2022-05-07 14:14:00,664] {scheduler_job.py:190} INFO - Processing /home/airflow/.local/lib/python3.6/site-packages/airflow/example_dags/tutorial.py took 0.040 seconds
[2022-05-07 14:14:31,525] {scheduler_job.py:182} INFO - Started process (PID=879) to work on /home/airflow/.local/lib/python3.6/site-packages/airflow/example_dags/tutorial.py
[2022-05-07 14:14:31,526] {scheduler_job.py:629} INFO - Processing file /home/airflow/.local/lib/python3.6/site-packages/airflow/example_dags/tutorial.py for tasks to queue
[2022-05-07 14:14:31,526] {logging_mixin.py:104} INFO - [2022-05-07 14:14:31,526] {dagbag.py:448} INFO - Filling up the DagBag from /home/airflow/.local/lib/python3.6/site-packages/airflow/example_dags/tutorial.py
[2022-05-07 14:14:31,533] {scheduler_job.py:639} INFO - DAG(s) dict_keys(['tutorial']) retrieved from /home/airflow/.local/lib/python3.6/site-packages/airflow/example_dags/tutorial.py
[2022-05-07 14:14:31,547] {logging_mixin.py:104} INFO - [2022-05-07 14:14:31,547] {dag.py:1818} INFO - Sync 1 DAGs
[2022-05-07 14:14:31,555] {logging_mixin.py:104} INFO - [2022-05-07 14:14:31,555] {dag.py:2273} INFO - Setting next_dagrun for tutorial to 2022-05-05 00:00:00+00:00
[2022-05-07 14:14:31,559] {scheduler_job.py:190} INFO - Processing /home/airflow/.local/lib/python3.6/site-packages/airflow/example_dags/tutorial.py took 0.036 seconds
[2022-05-07 14:15:02,384] {scheduler_job.py:182} INFO - Started process (PID=1204) to work on /home/airflow/.local/lib/python3.6/site-packages/airflow/example_dags/tutorial.py
[2022-05-07 14:15:02,384] {scheduler_job.py:629} INFO - Processing file /home/airflow/.local/lib/python3.6/site-packages/airflow/example_dags/tutorial.py for tasks to queue
[2022-05-07 14:15:02,385] {logging_mixin.py:104} INFO - [2022-05-07 14:15:02,385] {dagbag.py:448} INFO - Filling up the DagBag from /home/airflow/.local/lib/python3.6/site-packages/airflow/example_dags/tutorial.py
[2022-05-07 14:15:02,391] {scheduler_job.py:639} INFO - DAG(s) dict_keys(['tutorial']) retrieved from /home/airflow/.local/lib/python3.6/site-packages/airflow/example_dags/tutorial.py
[2022-05-07 14:15:02,404] {logging_mixin.py:104} INFO - [2022-05-07 14:15:02,404] {dag.py:1818} INFO - Sync 1 DAGs
[2022-05-07 14:15:02,413] {logging_mixin.py:104} INFO - [2022-05-07 14:15:02,413] {dag.py:2273} INFO - Setting next_dagrun for tutorial to 2022-05-05 00:00:00+00:00
[2022-05-07 14:15:02,417] {scheduler_job.py:190} INFO - Processing /home/airflow/.local/lib/python3.6/site-packages/airflow/example_dags/tutorial.py took 0.036 seconds
[2022-05-07 14:15:33,319] {scheduler_job.py:182} INFO - Started process (PID=1532) to work on /home/airflow/.local/lib/python3.6/site-packages/airflow/example_dags/tutorial.py
[2022-05-07 14:15:33,320] {scheduler_job.py:629} INFO - Processing file /home/airflow/.local/lib/python3.6/site-packages/airflow/example_dags/tutorial.py for tasks to queue
[2022-05-07 14:15:33,320] {logging_mixin.py:104} INFO - [2022-05-07 14:15:33,320] {dagbag.py:448} INFO - Filling up the DagBag from /home/airflow/.local/lib/python3.6/site-packages/airflow/example_dags/tutorial.py
[2022-05-07 14:15:33,327] {scheduler_job.py:639} INFO - DAG(s) dict_keys(['tutorial']) retrieved from /home/airflow/.local/lib/python3.6/site-packages/airflow/example_dags/tutorial.py
[2022-05-07 14:15:33,339] {logging_mixin.py:104} INFO - [2022-05-07 14:15:33,339] {dag.py:1818} INFO - Sync 1 DAGs
[2022-05-07 14:15:33,348] {logging_mixin.py:104} INFO - [2022-05-07 14:15:33,348] {dag.py:2273} INFO - Setting next_dagrun for tutorial to 2022-05-05 00:00:00+00:00
[2022-05-07 14:15:33,353] {scheduler_job.py:190} INFO - Processing /home/airflow/.local/lib/python3.6/site-packages/airflow/example_dags/tutorial.py took 0.036 seconds
[2022-05-07 14:16:04,177] {scheduler_job.py:182} INFO - Started process (PID=1759) to work on /home/airflow/.local/lib/python3.6/site-packages/airflow/example_dags/tutorial.py
[2022-05-07 14:16:04,178] {scheduler_job.py:629} INFO - Processing file /home/airflow/.local/lib/python3.6/site-packages/airflow/example_dags/tutorial.py for tasks to queue
[2022-05-07 14:16:04,178] {logging_mixin.py:104} INFO - [2022-05-07 14:16:04,178] {dagbag.py:448} INFO - Filling up the DagBag from /home/airflow/.local/lib/python3.6/site-packages/airflow/example_dags/tutorial.py
[2022-05-07 14:16:04,185] {scheduler_job.py:639} INFO - DAG(s) dict_keys(['tutorial']) retrieved from /home/airflow/.local/lib/python3.6/site-packages/airflow/example_dags/tutorial.py
[2022-05-07 14:16:04,201] {logging_mixin.py:104} INFO - [2022-05-07 14:16:04,201] {dag.py:1818} INFO - Sync 1 DAGs
[2022-05-07 14:16:04,211] {logging_mixin.py:104} INFO - [2022-05-07 14:16:04,211] {dag.py:2273} INFO - Setting next_dagrun for tutorial to 2022-05-05 00:00:00+00:00
[2022-05-07 14:16:04,216] {scheduler_job.py:190} INFO - Processing /home/airflow/.local/lib/python3.6/site-packages/airflow/example_dags/tutorial.py took 0.041 seconds
[2022-05-07 14:16:34,919] {scheduler_job.py:182} INFO - Started process (PID=1998) to work on /home/airflow/.local/lib/python3.6/site-packages/airflow/example_dags/tutorial.py
[2022-05-07 14:16:34,920] {scheduler_job.py:629} INFO - Processing file /home/airflow/.local/lib/python3.6/site-packages/airflow/example_dags/tutorial.py for tasks to queue
[2022-05-07 14:16:34,920] {logging_mixin.py:104} INFO - [2022-05-07 14:16:34,920] {dagbag.py:448} INFO - Filling up the DagBag from /home/airflow/.local/lib/python3.6/site-packages/airflow/example_dags/tutorial.py
[2022-05-07 14:16:34,928] {scheduler_job.py:639} INFO - DAG(s) dict_keys(['tutorial']) retrieved from /home/airflow/.local/lib/python3.6/site-packages/airflow/example_dags/tutorial.py
[2022-05-07 14:16:34,943] {logging_mixin.py:104} INFO - [2022-05-07 14:16:34,943] {dag.py:1818} INFO - Sync 1 DAGs
[2022-05-07 14:16:34,950] {logging_mixin.py:104} INFO - [2022-05-07 14:16:34,950] {dag.py:2273} INFO - Setting next_dagrun for tutorial to 2022-05-05 00:00:00+00:00
[2022-05-07 14:16:34,957] {scheduler_job.py:190} INFO - Processing /home/airflow/.local/lib/python3.6/site-packages/airflow/example_dags/tutorial.py took 0.040 seconds
[2022-05-07 14:17:05,677] {scheduler_job.py:182} INFO - Started process (PID=2133) to work on /home/airflow/.local/lib/python3.6/site-packages/airflow/example_dags/tutorial.py
[2022-05-07 14:17:05,677] {scheduler_job.py:629} INFO - Processing file /home/airflow/.local/lib/python3.6/site-packages/airflow/example_dags/tutorial.py for tasks to queue
[2022-05-07 14:17:05,678] {logging_mixin.py:104} INFO - [2022-05-07 14:17:05,678] {dagbag.py:448} INFO - Filling up the DagBag from /home/airflow/.local/lib/python3.6/site-packages/airflow/example_dags/tutorial.py
[2022-05-07 14:17:05,686] {scheduler_job.py:639} INFO - DAG(s) dict_keys(['tutorial']) retrieved from /home/airflow/.local/lib/python3.6/site-packages/airflow/example_dags/tutorial.py
[2022-05-07 14:17:05,701] {logging_mixin.py:104} INFO - [2022-05-07 14:17:05,701] {dag.py:1818} INFO - Sync 1 DAGs
[2022-05-07 14:17:05,709] {logging_mixin.py:104} INFO - [2022-05-07 14:17:05,709] {dag.py:2273} INFO - Setting next_dagrun for tutorial to 2022-05-05 00:00:00+00:00
[2022-05-07 14:17:05,714] {scheduler_job.py:190} INFO - Processing /home/airflow/.local/lib/python3.6/site-packages/airflow/example_dags/tutorial.py took 0.039 seconds
[2022-05-07 14:17:36,454] {scheduler_job.py:182} INFO - Started process (PID=2270) to work on /home/airflow/.local/lib/python3.6/site-packages/airflow/example_dags/tutorial.py
[2022-05-07 14:17:36,455] {scheduler_job.py:629} INFO - Processing file /home/airflow/.local/lib/python3.6/site-packages/airflow/example_dags/tutorial.py for tasks to queue
[2022-05-07 14:17:36,456] {logging_mixin.py:104} INFO - [2022-05-07 14:17:36,455] {dagbag.py:448} INFO - Filling up the DagBag from /home/airflow/.local/lib/python3.6/site-packages/airflow/example_dags/tutorial.py
[2022-05-07 14:17:36,463] {scheduler_job.py:639} INFO - DAG(s) dict_keys(['tutorial']) retrieved from /home/airflow/.local/lib/python3.6/site-packages/airflow/example_dags/tutorial.py
[2022-05-07 14:17:36,474] {logging_mixin.py:104} INFO - [2022-05-07 14:17:36,474] {dag.py:1818} INFO - Sync 1 DAGs
[2022-05-07 14:17:36,484] {logging_mixin.py:104} INFO - [2022-05-07 14:17:36,484] {dag.py:2273} INFO - Setting next_dagrun for tutorial to 2022-05-05 00:00:00+00:00
[2022-05-07 14:17:36,487] {scheduler_job.py:190} INFO - Processing /home/airflow/.local/lib/python3.6/site-packages/airflow/example_dags/tutorial.py took 0.035 seconds
[2022-05-07 14:18:07,222] {scheduler_job.py:182} INFO - Started process (PID=2403) to work on /home/airflow/.local/lib/python3.6/site-packages/airflow/example_dags/tutorial.py
[2022-05-07 14:18:07,223] {scheduler_job.py:629} INFO - Processing file /home/airflow/.local/lib/python3.6/site-packages/airflow/example_dags/tutorial.py for tasks to queue
[2022-05-07 14:18:07,223] {logging_mixin.py:104} INFO - [2022-05-07 14:18:07,223] {dagbag.py:448} INFO - Filling up the DagBag from /home/airflow/.local/lib/python3.6/site-packages/airflow/example_dags/tutorial.py
[2022-05-07 14:18:07,231] {scheduler_job.py:639} INFO - DAG(s) dict_keys(['tutorial']) retrieved from /home/airflow/.local/lib/python3.6/site-packages/airflow/example_dags/tutorial.py
[2022-05-07 14:18:07,246] {logging_mixin.py:104} INFO - [2022-05-07 14:18:07,246] {dag.py:1818} INFO - Sync 1 DAGs
[2022-05-07 14:18:07,254] {logging_mixin.py:104} INFO - [2022-05-07 14:18:07,254] {dag.py:2273} INFO - Setting next_dagrun for tutorial to 2022-05-05 00:00:00+00:00
[2022-05-07 14:18:07,258] {scheduler_job.py:190} INFO - Processing /home/airflow/.local/lib/python3.6/site-packages/airflow/example_dags/tutorial.py took 0.038 seconds
[2022-05-07 14:18:38,017] {scheduler_job.py:182} INFO - Started process (PID=2538) to work on /home/airflow/.local/lib/python3.6/site-packages/airflow/example_dags/tutorial.py
[2022-05-07 14:18:38,018] {scheduler_job.py:629} INFO - Processing file /home/airflow/.local/lib/python3.6/site-packages/airflow/example_dags/tutorial.py for tasks to queue
[2022-05-07 14:18:38,018] {logging_mixin.py:104} INFO - [2022-05-07 14:18:38,018] {dagbag.py:448} INFO - Filling up the DagBag from /home/airflow/.local/lib/python3.6/site-packages/airflow/example_dags/tutorial.py
[2022-05-07 14:18:38,025] {scheduler_job.py:639} INFO - DAG(s) dict_keys(['tutorial']) retrieved from /home/airflow/.local/lib/python3.6/site-packages/airflow/example_dags/tutorial.py
[2022-05-07 14:18:38,040] {logging_mixin.py:104} INFO - [2022-05-07 14:18:38,040] {dag.py:1818} INFO - Sync 1 DAGs
[2022-05-07 14:18:38,047] {logging_mixin.py:104} INFO - [2022-05-07 14:18:38,047] {dag.py:2273} INFO - Setting next_dagrun for tutorial to 2022-05-05 00:00:00+00:00
[2022-05-07 14:18:38,051] {scheduler_job.py:190} INFO - Processing /home/airflow/.local/lib/python3.6/site-packages/airflow/example_dags/tutorial.py took 0.036 seconds
[2022-05-07 14:19:09,001] {scheduler_job.py:182} INFO - Started process (PID=2673) to work on /home/airflow/.local/lib/python3.6/site-packages/airflow/example_dags/tutorial.py
[2022-05-07 14:19:09,002] {scheduler_job.py:629} INFO - Processing file /home/airflow/.local/lib/python3.6/site-packages/airflow/example_dags/tutorial.py for tasks to queue
[2022-05-07 14:19:09,003] {logging_mixin.py:104} INFO - [2022-05-07 14:19:09,003] {dagbag.py:448} INFO - Filling up the DagBag from /home/airflow/.local/lib/python3.6/site-packages/airflow/example_dags/tutorial.py
[2022-05-07 14:19:09,010] {scheduler_job.py:639} INFO - DAG(s) dict_keys(['tutorial']) retrieved from /home/airflow/.local/lib/python3.6/site-packages/airflow/example_dags/tutorial.py
[2022-05-07 14:19:09,021] {logging_mixin.py:104} INFO - [2022-05-07 14:19:09,021] {dag.py:1818} INFO - Sync 1 DAGs
[2022-05-07 14:19:09,028] {logging_mixin.py:104} INFO - [2022-05-07 14:19:09,028] {dag.py:2273} INFO - Setting next_dagrun for tutorial to 2022-05-05 00:00:00+00:00
[2022-05-07 14:19:09,032] {scheduler_job.py:190} INFO - Processing /home/airflow/.local/lib/python3.6/site-packages/airflow/example_dags/tutorial.py took 0.034 seconds
[2022-05-07 14:19:39,711] {scheduler_job.py:182} INFO - Started process (PID=2808) to work on /home/airflow/.local/lib/python3.6/site-packages/airflow/example_dags/tutorial.py
[2022-05-07 14:19:39,712] {scheduler_job.py:629} INFO - Processing file /home/airflow/.local/lib/python3.6/site-packages/airflow/example_dags/tutorial.py for tasks to queue
[2022-05-07 14:19:39,712] {logging_mixin.py:104} INFO - [2022-05-07 14:19:39,712] {dagbag.py:448} INFO - Filling up the DagBag from /home/airflow/.local/lib/python3.6/site-packages/airflow/example_dags/tutorial.py
[2022-05-07 14:19:39,720] {scheduler_job.py:639} INFO - DAG(s) dict_keys(['tutorial']) retrieved from /home/airflow/.local/lib/python3.6/site-packages/airflow/example_dags/tutorial.py
[2022-05-07 14:19:39,734] {logging_mixin.py:104} INFO - [2022-05-07 14:19:39,734] {dag.py:1818} INFO - Sync 1 DAGs
[2022-05-07 14:19:39,742] {logging_mixin.py:104} INFO - [2022-05-07 14:19:39,742] {dag.py:2273} INFO - Setting next_dagrun for tutorial to 2022-05-05 00:00:00+00:00
[2022-05-07 14:19:39,746] {scheduler_job.py:190} INFO - Processing /home/airflow/.local/lib/python3.6/site-packages/airflow/example_dags/tutorial.py took 0.037 seconds
[2022-05-07 14:20:10,497] {scheduler_job.py:182} INFO - Started process (PID=2945) to work on /home/airflow/.local/lib/python3.6/site-packages/airflow/example_dags/tutorial.py
[2022-05-07 14:20:10,498] {scheduler_job.py:629} INFO - Processing file /home/airflow/.local/lib/python3.6/site-packages/airflow/example_dags/tutorial.py for tasks to queue
[2022-05-07 14:20:10,499] {logging_mixin.py:104} INFO - [2022-05-07 14:20:10,498] {dagbag.py:448} INFO - Filling up the DagBag from /home/airflow/.local/lib/python3.6/site-packages/airflow/example_dags/tutorial.py
[2022-05-07 14:20:10,504] {scheduler_job.py:639} INFO - DAG(s) dict_keys(['tutorial']) retrieved from /home/airflow/.local/lib/python3.6/site-packages/airflow/example_dags/tutorial.py
[2022-05-07 14:20:10,520] {logging_mixin.py:104} INFO - [2022-05-07 14:20:10,519] {dag.py:1818} INFO - Sync 1 DAGs
[2022-05-07 14:20:10,529] {logging_mixin.py:104} INFO - [2022-05-07 14:20:10,529] {dag.py:2273} INFO - Setting next_dagrun for tutorial to 2022-05-05 00:00:00+00:00
[2022-05-07 14:20:10,533] {scheduler_job.py:190} INFO - Processing /home/airflow/.local/lib/python3.6/site-packages/airflow/example_dags/tutorial.py took 0.038 seconds
[2022-05-07 14:20:41,257] {scheduler_job.py:182} INFO - Started process (PID=3078) to work on /home/airflow/.local/lib/python3.6/site-packages/airflow/example_dags/tutorial.py
[2022-05-07 14:20:41,258] {scheduler_job.py:629} INFO - Processing file /home/airflow/.local/lib/python3.6/site-packages/airflow/example_dags/tutorial.py for tasks to queue
[2022-05-07 14:20:41,258] {logging_mixin.py:104} INFO - [2022-05-07 14:20:41,258] {dagbag.py:448} INFO - Filling up the DagBag from /home/airflow/.local/lib/python3.6/site-packages/airflow/example_dags/tutorial.py
[2022-05-07 14:20:41,264] {scheduler_job.py:639} INFO - DAG(s) dict_keys(['tutorial']) retrieved from /home/airflow/.local/lib/python3.6/site-packages/airflow/example_dags/tutorial.py
[2022-05-07 14:20:41,276] {logging_mixin.py:104} INFO - [2022-05-07 14:20:41,276] {dag.py:1818} INFO - Sync 1 DAGs
[2022-05-07 14:20:41,285] {logging_mixin.py:104} INFO - [2022-05-07 14:20:41,284] {dag.py:2273} INFO - Setting next_dagrun for tutorial to 2022-05-05 00:00:00+00:00
[2022-05-07 14:20:41,289] {scheduler_job.py:190} INFO - Processing /home/airflow/.local/lib/python3.6/site-packages/airflow/example_dags/tutorial.py took 0.035 seconds
[2022-05-07 14:21:12,012] {scheduler_job.py:182} INFO - Started process (PID=3213) to work on /home/airflow/.local/lib/python3.6/site-packages/airflow/example_dags/tutorial.py
[2022-05-07 14:21:12,012] {scheduler_job.py:629} INFO - Processing file /home/airflow/.local/lib/python3.6/site-packages/airflow/example_dags/tutorial.py for tasks to queue
[2022-05-07 14:21:12,013] {logging_mixin.py:104} INFO - [2022-05-07 14:21:12,013] {dagbag.py:448} INFO - Filling up the DagBag from /home/airflow/.local/lib/python3.6/site-packages/airflow/example_dags/tutorial.py
[2022-05-07 14:21:12,018] {scheduler_job.py:639} INFO - DAG(s) dict_keys(['tutorial']) retrieved from /home/airflow/.local/lib/python3.6/site-packages/airflow/example_dags/tutorial.py
[2022-05-07 14:21:12,032] {logging_mixin.py:104} INFO - [2022-05-07 14:21:12,032] {dag.py:1818} INFO - Sync 1 DAGs
[2022-05-07 14:21:12,042] {logging_mixin.py:104} INFO - [2022-05-07 14:21:12,042] {dag.py:2273} INFO - Setting next_dagrun for tutorial to 2022-05-05 00:00:00+00:00
[2022-05-07 14:21:12,046] {scheduler_job.py:190} INFO - Processing /home/airflow/.local/lib/python3.6/site-packages/airflow/example_dags/tutorial.py took 0.037 seconds
[2022-05-07 14:21:42,775] {scheduler_job.py:182} INFO - Started process (PID=3348) to work on /home/airflow/.local/lib/python3.6/site-packages/airflow/example_dags/tutorial.py
[2022-05-07 14:21:42,776] {scheduler_job.py:629} INFO - Processing file /home/airflow/.local/lib/python3.6/site-packages/airflow/example_dags/tutorial.py for tasks to queue
[2022-05-07 14:21:42,776] {logging_mixin.py:104} INFO - [2022-05-07 14:21:42,776] {dagbag.py:448} INFO - Filling up the DagBag from /home/airflow/.local/lib/python3.6/site-packages/airflow/example_dags/tutorial.py
[2022-05-07 14:21:42,784] {scheduler_job.py:639} INFO - DAG(s) dict_keys(['tutorial']) retrieved from /home/airflow/.local/lib/python3.6/site-packages/airflow/example_dags/tutorial.py
[2022-05-07 14:21:42,797] {logging_mixin.py:104} INFO - [2022-05-07 14:21:42,797] {dag.py:1818} INFO - Sync 1 DAGs
[2022-05-07 14:21:42,804] {logging_mixin.py:104} INFO - [2022-05-07 14:21:42,804] {dag.py:2273} INFO - Setting next_dagrun for tutorial to 2022-05-05 00:00:00+00:00
[2022-05-07 14:21:42,808] {scheduler_job.py:190} INFO - Processing /home/airflow/.local/lib/python3.6/site-packages/airflow/example_dags/tutorial.py took 0.035 seconds
[2022-05-07 14:22:13,548] {scheduler_job.py:182} INFO - Started process (PID=3483) to work on /home/airflow/.local/lib/python3.6/site-packages/airflow/example_dags/tutorial.py
[2022-05-07 14:22:13,549] {scheduler_job.py:629} INFO - Processing file /home/airflow/.local/lib/python3.6/site-packages/airflow/example_dags/tutorial.py for tasks to queue
[2022-05-07 14:22:13,549] {logging_mixin.py:104} INFO - [2022-05-07 14:22:13,549] {dagbag.py:448} INFO - Filling up the DagBag from /home/airflow/.local/lib/python3.6/site-packages/airflow/example_dags/tutorial.py
[2022-05-07 14:22:13,556] {scheduler_job.py:639} INFO - DAG(s) dict_keys(['tutorial']) retrieved from /home/airflow/.local/lib/python3.6/site-packages/airflow/example_dags/tutorial.py
[2022-05-07 14:22:13,570] {logging_mixin.py:104} INFO - [2022-05-07 14:22:13,570] {dag.py:1818} INFO - Sync 1 DAGs
[2022-05-07 14:22:13,577] {logging_mixin.py:104} INFO - [2022-05-07 14:22:13,577] {dag.py:2273} INFO - Setting next_dagrun for tutorial to 2022-05-05 00:00:00+00:00
[2022-05-07 14:22:13,581] {scheduler_job.py:190} INFO - Processing /home/airflow/.local/lib/python3.6/site-packages/airflow/example_dags/tutorial.py took 0.035 seconds
[2022-05-07 14:22:44,306] {scheduler_job.py:182} INFO - Started process (PID=3618) to work on /home/airflow/.local/lib/python3.6/site-packages/airflow/example_dags/tutorial.py
[2022-05-07 14:22:44,307] {scheduler_job.py:629} INFO - Processing file /home/airflow/.local/lib/python3.6/site-packages/airflow/example_dags/tutorial.py for tasks to queue
[2022-05-07 14:22:44,307] {logging_mixin.py:104} INFO - [2022-05-07 14:22:44,307] {dagbag.py:448} INFO - Filling up the DagBag from /home/airflow/.local/lib/python3.6/site-packages/airflow/example_dags/tutorial.py
[2022-05-07 14:22:44,315] {scheduler_job.py:639} INFO - DAG(s) dict_keys(['tutorial']) retrieved from /home/airflow/.local/lib/python3.6/site-packages/airflow/example_dags/tutorial.py
[2022-05-07 14:22:44,326] {logging_mixin.py:104} INFO - [2022-05-07 14:22:44,325] {dag.py:1818} INFO - Sync 1 DAGs
[2022-05-07 14:22:44,335] {logging_mixin.py:104} INFO - [2022-05-07 14:22:44,335] {dag.py:2273} INFO - Setting next_dagrun for tutorial to 2022-05-05 00:00:00+00:00
[2022-05-07 14:22:44,339] {scheduler_job.py:190} INFO - Processing /home/airflow/.local/lib/python3.6/site-packages/airflow/example_dags/tutorial.py took 0.036 seconds
[2022-05-07 14:23:15,085] {scheduler_job.py:182} INFO - Started process (PID=3753) to work on /home/airflow/.local/lib/python3.6/site-packages/airflow/example_dags/tutorial.py
[2022-05-07 14:23:15,087] {scheduler_job.py:629} INFO - Processing file /home/airflow/.local/lib/python3.6/site-packages/airflow/example_dags/tutorial.py for tasks to queue
[2022-05-07 14:23:15,087] {logging_mixin.py:104} INFO - [2022-05-07 14:23:15,087] {dagbag.py:448} INFO - Filling up the DagBag from /home/airflow/.local/lib/python3.6/site-packages/airflow/example_dags/tutorial.py
[2022-05-07 14:23:15,093] {scheduler_job.py:639} INFO - DAG(s) dict_keys(['tutorial']) retrieved from /home/airflow/.local/lib/python3.6/site-packages/airflow/example_dags/tutorial.py
[2022-05-07 14:23:15,106] {logging_mixin.py:104} INFO - [2022-05-07 14:23:15,106] {dag.py:1818} INFO - Sync 1 DAGs
[2022-05-07 14:23:15,115] {logging_mixin.py:104} INFO - [2022-05-07 14:23:15,115] {dag.py:2273} INFO - Setting next_dagrun for tutorial to 2022-05-05 00:00:00+00:00
[2022-05-07 14:23:15,120] {scheduler_job.py:190} INFO - Processing /home/airflow/.local/lib/python3.6/site-packages/airflow/example_dags/tutorial.py took 0.037 seconds
[2022-05-07 14:23:45,874] {scheduler_job.py:182} INFO - Started process (PID=3890) to work on /home/airflow/.local/lib/python3.6/site-packages/airflow/example_dags/tutorial.py
[2022-05-07 14:23:45,875] {scheduler_job.py:629} INFO - Processing file /home/airflow/.local/lib/python3.6/site-packages/airflow/example_dags/tutorial.py for tasks to queue
[2022-05-07 14:23:45,875] {logging_mixin.py:104} INFO - [2022-05-07 14:23:45,875] {dagbag.py:448} INFO - Filling up the DagBag from /home/airflow/.local/lib/python3.6/site-packages/airflow/example_dags/tutorial.py
[2022-05-07 14:23:45,882] {scheduler_job.py:639} INFO - DAG(s) dict_keys(['tutorial']) retrieved from /home/airflow/.local/lib/python3.6/site-packages/airflow/example_dags/tutorial.py
[2022-05-07 14:23:45,897] {logging_mixin.py:104} INFO - [2022-05-07 14:23:45,896] {dag.py:1818} INFO - Sync 1 DAGs
[2022-05-07 14:23:45,905] {logging_mixin.py:104} INFO - [2022-05-07 14:23:45,905] {dag.py:2273} INFO - Setting next_dagrun for tutorial to 2022-05-05 00:00:00+00:00
[2022-05-07 14:23:45,909] {scheduler_job.py:190} INFO - Processing /home/airflow/.local/lib/python3.6/site-packages/airflow/example_dags/tutorial.py took 0.037 seconds
[2022-05-07 14:24:16,624] {scheduler_job.py:182} INFO - Started process (PID=4023) to work on /home/airflow/.local/lib/python3.6/site-packages/airflow/example_dags/tutorial.py
[2022-05-07 14:24:16,625] {scheduler_job.py:629} INFO - Processing file /home/airflow/.local/lib/python3.6/site-packages/airflow/example_dags/tutorial.py for tasks to queue
[2022-05-07 14:24:16,625] {logging_mixin.py:104} INFO - [2022-05-07 14:24:16,625] {dagbag.py:448} INFO - Filling up the DagBag from /home/airflow/.local/lib/python3.6/site-packages/airflow/example_dags/tutorial.py
[2022-05-07 14:24:16,631] {scheduler_job.py:639} INFO - DAG(s) dict_keys(['tutorial']) retrieved from /home/airflow/.local/lib/python3.6/site-packages/airflow/example_dags/tutorial.py
[2022-05-07 14:24:16,641] {logging_mixin.py:104} INFO - [2022-05-07 14:24:16,641] {dag.py:1818} INFO - Sync 1 DAGs
[2022-05-07 14:24:16,650] {logging_mixin.py:104} INFO - [2022-05-07 14:24:16,650] {dag.py:2273} INFO - Setting next_dagrun for tutorial to 2022-05-05 00:00:00+00:00
[2022-05-07 14:24:16,654] {scheduler_job.py:190} INFO - Processing /home/airflow/.local/lib/python3.6/site-packages/airflow/example_dags/tutorial.py took 0.032 seconds
[2022-05-07 14:24:47,407] {scheduler_job.py:182} INFO - Started process (PID=4158) to work on /home/airflow/.local/lib/python3.6/site-packages/airflow/example_dags/tutorial.py
[2022-05-07 14:24:47,408] {scheduler_job.py:629} INFO - Processing file /home/airflow/.local/lib/python3.6/site-packages/airflow/example_dags/tutorial.py for tasks to queue
[2022-05-07 14:24:47,408] {logging_mixin.py:104} INFO - [2022-05-07 14:24:47,408] {dagbag.py:448} INFO - Filling up the DagBag from /home/airflow/.local/lib/python3.6/site-packages/airflow/example_dags/tutorial.py
[2022-05-07 14:24:47,415] {scheduler_job.py:639} INFO - DAG(s) dict_keys(['tutorial']) retrieved from /home/airflow/.local/lib/python3.6/site-packages/airflow/example_dags/tutorial.py
[2022-05-07 14:24:47,432] {logging_mixin.py:104} INFO - [2022-05-07 14:24:47,432] {dag.py:1818} INFO - Sync 1 DAGs
[2022-05-07 14:24:47,442] {logging_mixin.py:104} INFO - [2022-05-07 14:24:47,441] {dag.py:2273} INFO - Setting next_dagrun for tutorial to 2022-05-05 00:00:00+00:00
[2022-05-07 14:24:47,447] {scheduler_job.py:190} INFO - Processing /home/airflow/.local/lib/python3.6/site-packages/airflow/example_dags/tutorial.py took 0.042 seconds
[2022-05-07 14:25:18,247] {scheduler_job.py:182} INFO - Started process (PID=4293) to work on /home/airflow/.local/lib/python3.6/site-packages/airflow/example_dags/tutorial.py
[2022-05-07 14:25:18,248] {scheduler_job.py:629} INFO - Processing file /home/airflow/.local/lib/python3.6/site-packages/airflow/example_dags/tutorial.py for tasks to queue
[2022-05-07 14:25:18,249] {logging_mixin.py:104} INFO - [2022-05-07 14:25:18,249] {dagbag.py:448} INFO - Filling up the DagBag from /home/airflow/.local/lib/python3.6/site-packages/airflow/example_dags/tutorial.py
[2022-05-07 14:25:18,253] {scheduler_job.py:639} INFO - DAG(s) dict_keys(['tutorial']) retrieved from /home/airflow/.local/lib/python3.6/site-packages/airflow/example_dags/tutorial.py
[2022-05-07 14:25:18,267] {logging_mixin.py:104} INFO - [2022-05-07 14:25:18,267] {dag.py:1818} INFO - Sync 1 DAGs
[2022-05-07 14:25:18,274] {logging_mixin.py:104} INFO - [2022-05-07 14:25:18,274] {dag.py:2273} INFO - Setting next_dagrun for tutorial to 2022-05-05 00:00:00+00:00
[2022-05-07 14:25:18,278] {scheduler_job.py:190} INFO - Processing /home/airflow/.local/lib/python3.6/site-packages/airflow/example_dags/tutorial.py took 0.034 seconds
[2022-05-07 14:25:49,060] {scheduler_job.py:182} INFO - Started process (PID=4428) to work on /home/airflow/.local/lib/python3.6/site-packages/airflow/example_dags/tutorial.py
[2022-05-07 14:25:49,061] {scheduler_job.py:629} INFO - Processing file /home/airflow/.local/lib/python3.6/site-packages/airflow/example_dags/tutorial.py for tasks to queue
[2022-05-07 14:25:49,061] {logging_mixin.py:104} INFO - [2022-05-07 14:25:49,061] {dagbag.py:448} INFO - Filling up the DagBag from /home/airflow/.local/lib/python3.6/site-packages/airflow/example_dags/tutorial.py
[2022-05-07 14:25:49,067] {scheduler_job.py:639} INFO - DAG(s) dict_keys(['tutorial']) retrieved from /home/airflow/.local/lib/python3.6/site-packages/airflow/example_dags/tutorial.py
[2022-05-07 14:25:49,081] {logging_mixin.py:104} INFO - [2022-05-07 14:25:49,081] {dag.py:1818} INFO - Sync 1 DAGs
[2022-05-07 14:25:49,090] {logging_mixin.py:104} INFO - [2022-05-07 14:25:49,090] {dag.py:2273} INFO - Setting next_dagrun for tutorial to 2022-05-05 00:00:00+00:00
[2022-05-07 14:25:49,094] {scheduler_job.py:190} INFO - Processing /home/airflow/.local/lib/python3.6/site-packages/airflow/example_dags/tutorial.py took 0.036 seconds
[2022-05-07 14:26:19,806] {scheduler_job.py:182} INFO - Started process (PID=4563) to work on /home/airflow/.local/lib/python3.6/site-packages/airflow/example_dags/tutorial.py
[2022-05-07 14:26:19,807] {scheduler_job.py:629} INFO - Processing file /home/airflow/.local/lib/python3.6/site-packages/airflow/example_dags/tutorial.py for tasks to queue
[2022-05-07 14:26:19,808] {logging_mixin.py:104} INFO - [2022-05-07 14:26:19,808] {dagbag.py:448} INFO - Filling up the DagBag from /home/airflow/.local/lib/python3.6/site-packages/airflow/example_dags/tutorial.py
[2022-05-07 14:26:19,817] {scheduler_job.py:639} INFO - DAG(s) dict_keys(['tutorial']) retrieved from /home/airflow/.local/lib/python3.6/site-packages/airflow/example_dags/tutorial.py
[2022-05-07 14:26:19,829] {logging_mixin.py:104} INFO - [2022-05-07 14:26:19,829] {dag.py:1818} INFO - Sync 1 DAGs
[2022-05-07 14:26:19,839] {logging_mixin.py:104} INFO - [2022-05-07 14:26:19,839] {dag.py:2273} INFO - Setting next_dagrun for tutorial to 2022-05-05 00:00:00+00:00
[2022-05-07 14:26:19,843] {scheduler_job.py:190} INFO - Processing /home/airflow/.local/lib/python3.6/site-packages/airflow/example_dags/tutorial.py took 0.038 seconds
[2022-05-07 14:26:50,591] {scheduler_job.py:182} INFO - Started process (PID=4700) to work on /home/airflow/.local/lib/python3.6/site-packages/airflow/example_dags/tutorial.py
[2022-05-07 14:26:50,592] {scheduler_job.py:629} INFO - Processing file /home/airflow/.local/lib/python3.6/site-packages/airflow/example_dags/tutorial.py for tasks to queue
[2022-05-07 14:26:50,593] {logging_mixin.py:104} INFO - [2022-05-07 14:26:50,593] {dagbag.py:448} INFO - Filling up the DagBag from /home/airflow/.local/lib/python3.6/site-packages/airflow/example_dags/tutorial.py
[2022-05-07 14:26:50,598] {scheduler_job.py:639} INFO - DAG(s) dict_keys(['tutorial']) retrieved from /home/airflow/.local/lib/python3.6/site-packages/airflow/example_dags/tutorial.py
[2022-05-07 14:26:50,609] {logging_mixin.py:104} INFO - [2022-05-07 14:26:50,609] {dag.py:1818} INFO - Sync 1 DAGs
[2022-05-07 14:26:50,619] {logging_mixin.py:104} INFO - [2022-05-07 14:26:50,619] {dag.py:2273} INFO - Setting next_dagrun for tutorial to 2022-05-05 00:00:00+00:00
[2022-05-07 14:26:50,623] {scheduler_job.py:190} INFO - Processing /home/airflow/.local/lib/python3.6/site-packages/airflow/example_dags/tutorial.py took 0.035 seconds
[2022-05-07 14:27:21,376] {scheduler_job.py:182} INFO - Started process (PID=4833) to work on /home/airflow/.local/lib/python3.6/site-packages/airflow/example_dags/tutorial.py
[2022-05-07 14:27:21,377] {scheduler_job.py:629} INFO - Processing file /home/airflow/.local/lib/python3.6/site-packages/airflow/example_dags/tutorial.py for tasks to queue
[2022-05-07 14:27:21,377] {logging_mixin.py:104} INFO - [2022-05-07 14:27:21,377] {dagbag.py:448} INFO - Filling up the DagBag from /home/airflow/.local/lib/python3.6/site-packages/airflow/example_dags/tutorial.py
[2022-05-07 14:27:21,384] {scheduler_job.py:639} INFO - DAG(s) dict_keys(['tutorial']) retrieved from /home/airflow/.local/lib/python3.6/site-packages/airflow/example_dags/tutorial.py
[2022-05-07 14:27:21,398] {logging_mixin.py:104} INFO - [2022-05-07 14:27:21,398] {dag.py:1818} INFO - Sync 1 DAGs
[2022-05-07 14:27:21,406] {logging_mixin.py:104} INFO - [2022-05-07 14:27:21,405] {dag.py:2273} INFO - Setting next_dagrun for tutorial to 2022-05-05 00:00:00+00:00
[2022-05-07 14:27:21,409] {scheduler_job.py:190} INFO - Processing /home/airflow/.local/lib/python3.6/site-packages/airflow/example_dags/tutorial.py took 0.036 seconds
[2022-05-07 14:27:51,431] {scheduler_job.py:182} INFO - Started process (PID=4965) to work on /home/airflow/.local/lib/python3.6/site-packages/airflow/example_dags/tutorial.py
[2022-05-07 14:27:51,432] {scheduler_job.py:629} INFO - Processing file /home/airflow/.local/lib/python3.6/site-packages/airflow/example_dags/tutorial.py for tasks to queue
[2022-05-07 14:27:51,432] {logging_mixin.py:104} INFO - [2022-05-07 14:27:51,432] {dagbag.py:448} INFO - Filling up the DagBag from /home/airflow/.local/lib/python3.6/site-packages/airflow/example_dags/tutorial.py
[2022-05-07 14:27:51,438] {scheduler_job.py:639} INFO - DAG(s) dict_keys(['tutorial']) retrieved from /home/airflow/.local/lib/python3.6/site-packages/airflow/example_dags/tutorial.py
[2022-05-07 14:27:51,451] {logging_mixin.py:104} INFO - [2022-05-07 14:27:51,451] {dag.py:1818} INFO - Sync 1 DAGs
[2022-05-07 14:27:51,461] {logging_mixin.py:104} INFO - [2022-05-07 14:27:51,461] {dag.py:2273} INFO - Setting next_dagrun for tutorial to 2022-05-05 00:00:00+00:00
[2022-05-07 14:27:51,465] {scheduler_job.py:190} INFO - Processing /home/airflow/.local/lib/python3.6/site-packages/airflow/example_dags/tutorial.py took 0.036 seconds
[2022-05-07 14:28:21,524] {scheduler_job.py:182} INFO - Started process (PID=5100) to work on /home/airflow/.local/lib/python3.6/site-packages/airflow/example_dags/tutorial.py
[2022-05-07 14:28:21,525] {scheduler_job.py:629} INFO - Processing file /home/airflow/.local/lib/python3.6/site-packages/airflow/example_dags/tutorial.py for tasks to queue
[2022-05-07 14:28:21,526] {logging_mixin.py:104} INFO - [2022-05-07 14:28:21,526] {dagbag.py:448} INFO - Filling up the DagBag from /home/airflow/.local/lib/python3.6/site-packages/airflow/example_dags/tutorial.py
[2022-05-07 14:28:21,532] {scheduler_job.py:639} INFO - DAG(s) dict_keys(['tutorial']) retrieved from /home/airflow/.local/lib/python3.6/site-packages/airflow/example_dags/tutorial.py
[2022-05-07 14:28:21,547] {logging_mixin.py:104} INFO - [2022-05-07 14:28:21,547] {dag.py:1818} INFO - Sync 1 DAGs
[2022-05-07 14:28:21,556] {logging_mixin.py:104} INFO - [2022-05-07 14:28:21,556] {dag.py:2273} INFO - Setting next_dagrun for tutorial to 2022-05-05 00:00:00+00:00
[2022-05-07 14:28:21,561] {scheduler_job.py:190} INFO - Processing /home/airflow/.local/lib/python3.6/site-packages/airflow/example_dags/tutorial.py took 0.039 seconds
[2022-05-07 14:28:52,281] {scheduler_job.py:182} INFO - Started process (PID=5223) to work on /home/airflow/.local/lib/python3.6/site-packages/airflow/example_dags/tutorial.py
[2022-05-07 14:28:52,282] {scheduler_job.py:629} INFO - Processing file /home/airflow/.local/lib/python3.6/site-packages/airflow/example_dags/tutorial.py for tasks to queue
[2022-05-07 14:28:52,282] {logging_mixin.py:104} INFO - [2022-05-07 14:28:52,282] {dagbag.py:448} INFO - Filling up the DagBag from /home/airflow/.local/lib/python3.6/site-packages/airflow/example_dags/tutorial.py
[2022-05-07 14:28:52,288] {scheduler_job.py:639} INFO - DAG(s) dict_keys(['tutorial']) retrieved from /home/airflow/.local/lib/python3.6/site-packages/airflow/example_dags/tutorial.py
[2022-05-07 14:28:52,301] {logging_mixin.py:104} INFO - [2022-05-07 14:28:52,301] {dag.py:1818} INFO - Sync 1 DAGs
[2022-05-07 14:28:52,310] {logging_mixin.py:104} INFO - [2022-05-07 14:28:52,310] {dag.py:2273} INFO - Setting next_dagrun for tutorial to 2022-05-05 00:00:00+00:00
[2022-05-07 14:28:52,314] {scheduler_job.py:190} INFO - Processing /home/airflow/.local/lib/python3.6/site-packages/airflow/example_dags/tutorial.py took 0.035 seconds
[2022-05-07 14:29:23,074] {scheduler_job.py:182} INFO - Started process (PID=5360) to work on /home/airflow/.local/lib/python3.6/site-packages/airflow/example_dags/tutorial.py
[2022-05-07 14:29:23,075] {scheduler_job.py:629} INFO - Processing file /home/airflow/.local/lib/python3.6/site-packages/airflow/example_dags/tutorial.py for tasks to queue
[2022-05-07 14:29:23,075] {logging_mixin.py:104} INFO - [2022-05-07 14:29:23,075] {dagbag.py:448} INFO - Filling up the DagBag from /home/airflow/.local/lib/python3.6/site-packages/airflow/example_dags/tutorial.py
[2022-05-07 14:29:23,081] {scheduler_job.py:639} INFO - DAG(s) dict_keys(['tutorial']) retrieved from /home/airflow/.local/lib/python3.6/site-packages/airflow/example_dags/tutorial.py
[2022-05-07 14:29:23,095] {logging_mixin.py:104} INFO - [2022-05-07 14:29:23,095] {dag.py:1818} INFO - Sync 1 DAGs
[2022-05-07 14:29:23,102] {logging_mixin.py:104} INFO - [2022-05-07 14:29:23,102] {dag.py:2273} INFO - Setting next_dagrun for tutorial to 2022-05-05 00:00:00+00:00
[2022-05-07 14:29:23,106] {scheduler_job.py:190} INFO - Processing /home/airflow/.local/lib/python3.6/site-packages/airflow/example_dags/tutorial.py took 0.035 seconds
[2022-05-07 14:29:53,806] {scheduler_job.py:182} INFO - Started process (PID=5495) to work on /home/airflow/.local/lib/python3.6/site-packages/airflow/example_dags/tutorial.py
[2022-05-07 14:29:53,806] {scheduler_job.py:629} INFO - Processing file /home/airflow/.local/lib/python3.6/site-packages/airflow/example_dags/tutorial.py for tasks to queue
[2022-05-07 14:29:53,807] {logging_mixin.py:104} INFO - [2022-05-07 14:29:53,807] {dagbag.py:448} INFO - Filling up the DagBag from /home/airflow/.local/lib/python3.6/site-packages/airflow/example_dags/tutorial.py
[2022-05-07 14:29:53,813] {scheduler_job.py:639} INFO - DAG(s) dict_keys(['tutorial']) retrieved from /home/airflow/.local/lib/python3.6/site-packages/airflow/example_dags/tutorial.py
[2022-05-07 14:29:53,828] {logging_mixin.py:104} INFO - [2022-05-07 14:29:53,828] {dag.py:1818} INFO - Sync 1 DAGs
[2022-05-07 14:29:53,837] {logging_mixin.py:104} INFO - [2022-05-07 14:29:53,837] {dag.py:2273} INFO - Setting next_dagrun for tutorial to 2022-05-05 00:00:00+00:00
[2022-05-07 14:29:53,841] {scheduler_job.py:190} INFO - Processing /home/airflow/.local/lib/python3.6/site-packages/airflow/example_dags/tutorial.py took 0.038 seconds
[2022-05-07 14:30:24,618] {scheduler_job.py:182} INFO - Started process (PID=5630) to work on /home/airflow/.local/lib/python3.6/site-packages/airflow/example_dags/tutorial.py
[2022-05-07 14:30:24,620] {scheduler_job.py:629} INFO - Processing file /home/airflow/.local/lib/python3.6/site-packages/airflow/example_dags/tutorial.py for tasks to queue
[2022-05-07 14:30:24,620] {logging_mixin.py:104} INFO - [2022-05-07 14:30:24,620] {dagbag.py:448} INFO - Filling up the DagBag from /home/airflow/.local/lib/python3.6/site-packages/airflow/example_dags/tutorial.py
[2022-05-07 14:30:24,627] {scheduler_job.py:639} INFO - DAG(s) dict_keys(['tutorial']) retrieved from /home/airflow/.local/lib/python3.6/site-packages/airflow/example_dags/tutorial.py
[2022-05-07 14:30:24,642] {logging_mixin.py:104} INFO - [2022-05-07 14:30:24,642] {dag.py:1818} INFO - Sync 1 DAGs
[2022-05-07 14:30:24,651] {logging_mixin.py:104} INFO - [2022-05-07 14:30:24,651] {dag.py:2273} INFO - Setting next_dagrun for tutorial to 2022-05-05 00:00:00+00:00
[2022-05-07 14:30:24,655] {scheduler_job.py:190} INFO - Processing /home/airflow/.local/lib/python3.6/site-packages/airflow/example_dags/tutorial.py took 0.039 seconds
[2022-05-07 14:30:55,322] {scheduler_job.py:182} INFO - Started process (PID=5763) to work on /home/airflow/.local/lib/python3.6/site-packages/airflow/example_dags/tutorial.py
[2022-05-07 14:30:55,323] {scheduler_job.py:629} INFO - Processing file /home/airflow/.local/lib/python3.6/site-packages/airflow/example_dags/tutorial.py for tasks to queue
[2022-05-07 14:30:55,324] {logging_mixin.py:104} INFO - [2022-05-07 14:30:55,324] {dagbag.py:448} INFO - Filling up the DagBag from /home/airflow/.local/lib/python3.6/site-packages/airflow/example_dags/tutorial.py
[2022-05-07 14:30:55,330] {scheduler_job.py:639} INFO - DAG(s) dict_keys(['tutorial']) retrieved from /home/airflow/.local/lib/python3.6/site-packages/airflow/example_dags/tutorial.py
[2022-05-07 14:30:55,344] {logging_mixin.py:104} INFO - [2022-05-07 14:30:55,344] {dag.py:1818} INFO - Sync 1 DAGs
[2022-05-07 14:30:55,353] {logging_mixin.py:104} INFO - [2022-05-07 14:30:55,353] {dag.py:2273} INFO - Setting next_dagrun for tutorial to 2022-05-05 00:00:00+00:00
[2022-05-07 14:30:55,357] {scheduler_job.py:190} INFO - Processing /home/airflow/.local/lib/python3.6/site-packages/airflow/example_dags/tutorial.py took 0.037 seconds
[2022-05-07 14:31:26,148] {scheduler_job.py:182} INFO - Started process (PID=5900) to work on /home/airflow/.local/lib/python3.6/site-packages/airflow/example_dags/tutorial.py
[2022-05-07 14:31:26,148] {scheduler_job.py:629} INFO - Processing file /home/airflow/.local/lib/python3.6/site-packages/airflow/example_dags/tutorial.py for tasks to queue
[2022-05-07 14:31:26,149] {logging_mixin.py:104} INFO - [2022-05-07 14:31:26,149] {dagbag.py:448} INFO - Filling up the DagBag from /home/airflow/.local/lib/python3.6/site-packages/airflow/example_dags/tutorial.py
[2022-05-07 14:31:26,155] {scheduler_job.py:639} INFO - DAG(s) dict_keys(['tutorial']) retrieved from /home/airflow/.local/lib/python3.6/site-packages/airflow/example_dags/tutorial.py
[2022-05-07 14:31:26,170] {logging_mixin.py:104} INFO - [2022-05-07 14:31:26,170] {dag.py:1818} INFO - Sync 1 DAGs
[2022-05-07 14:31:26,179] {logging_mixin.py:104} INFO - [2022-05-07 14:31:26,179] {dag.py:2273} INFO - Setting next_dagrun for tutorial to 2022-05-05 00:00:00+00:00
[2022-05-07 14:31:26,183] {scheduler_job.py:190} INFO - Processing /home/airflow/.local/lib/python3.6/site-packages/airflow/example_dags/tutorial.py took 0.037 seconds
[2022-05-07 14:31:56,231] {scheduler_job.py:182} INFO - Started process (PID=6027) to work on /home/airflow/.local/lib/python3.6/site-packages/airflow/example_dags/tutorial.py
[2022-05-07 14:31:56,232] {scheduler_job.py:629} INFO - Processing file /home/airflow/.local/lib/python3.6/site-packages/airflow/example_dags/tutorial.py for tasks to queue
[2022-05-07 14:31:56,232] {logging_mixin.py:104} INFO - [2022-05-07 14:31:56,232] {dagbag.py:448} INFO - Filling up the DagBag from /home/airflow/.local/lib/python3.6/site-packages/airflow/example_dags/tutorial.py
[2022-05-07 14:31:56,239] {scheduler_job.py:639} INFO - DAG(s) dict_keys(['tutorial']) retrieved from /home/airflow/.local/lib/python3.6/site-packages/airflow/example_dags/tutorial.py
[2022-05-07 14:31:56,256] {logging_mixin.py:104} INFO - [2022-05-07 14:31:56,256] {dag.py:1818} INFO - Sync 1 DAGs
[2022-05-07 14:31:56,266] {logging_mixin.py:104} INFO - [2022-05-07 14:31:56,266] {dag.py:2273} INFO - Setting next_dagrun for tutorial to 2022-05-05 00:00:00+00:00
[2022-05-07 14:31:56,270] {scheduler_job.py:190} INFO - Processing /home/airflow/.local/lib/python3.6/site-packages/airflow/example_dags/tutorial.py took 0.041 seconds
[2022-05-07 14:32:26,308] {scheduler_job.py:182} INFO - Started process (PID=6163) to work on /home/airflow/.local/lib/python3.6/site-packages/airflow/example_dags/tutorial.py
[2022-05-07 14:32:26,309] {scheduler_job.py:629} INFO - Processing file /home/airflow/.local/lib/python3.6/site-packages/airflow/example_dags/tutorial.py for tasks to queue
[2022-05-07 14:32:26,309] {logging_mixin.py:104} INFO - [2022-05-07 14:32:26,309] {dagbag.py:448} INFO - Filling up the DagBag from /home/airflow/.local/lib/python3.6/site-packages/airflow/example_dags/tutorial.py
[2022-05-07 14:32:26,316] {scheduler_job.py:639} INFO - DAG(s) dict_keys(['tutorial']) retrieved from /home/airflow/.local/lib/python3.6/site-packages/airflow/example_dags/tutorial.py
[2022-05-07 14:32:26,328] {logging_mixin.py:104} INFO - [2022-05-07 14:32:26,328] {dag.py:1818} INFO - Sync 1 DAGs
[2022-05-07 14:32:26,336] {logging_mixin.py:104} INFO - [2022-05-07 14:32:26,336] {dag.py:2273} INFO - Setting next_dagrun for tutorial to 2022-05-05 00:00:00+00:00
[2022-05-07 14:32:26,340] {scheduler_job.py:190} INFO - Processing /home/airflow/.local/lib/python3.6/site-packages/airflow/example_dags/tutorial.py took 0.035 seconds
[2022-05-07 14:32:56,431] {scheduler_job.py:182} INFO - Started process (PID=6297) to work on /home/airflow/.local/lib/python3.6/site-packages/airflow/example_dags/tutorial.py
[2022-05-07 14:32:56,432] {scheduler_job.py:629} INFO - Processing file /home/airflow/.local/lib/python3.6/site-packages/airflow/example_dags/tutorial.py for tasks to queue
[2022-05-07 14:32:56,433] {logging_mixin.py:104} INFO - [2022-05-07 14:32:56,433] {dagbag.py:448} INFO - Filling up the DagBag from /home/airflow/.local/lib/python3.6/site-packages/airflow/example_dags/tutorial.py
[2022-05-07 14:32:56,439] {scheduler_job.py:639} INFO - DAG(s) dict_keys(['tutorial']) retrieved from /home/airflow/.local/lib/python3.6/site-packages/airflow/example_dags/tutorial.py
[2022-05-07 14:32:56,453] {logging_mixin.py:104} INFO - [2022-05-07 14:32:56,452] {dag.py:1818} INFO - Sync 1 DAGs
[2022-05-07 14:32:56,461] {logging_mixin.py:104} INFO - [2022-05-07 14:32:56,461] {dag.py:2273} INFO - Setting next_dagrun for tutorial to 2022-05-05 00:00:00+00:00
[2022-05-07 14:32:56,465] {scheduler_job.py:190} INFO - Processing /home/airflow/.local/lib/python3.6/site-packages/airflow/example_dags/tutorial.py took 0.037 seconds
[2022-05-07 14:33:26,637] {scheduler_job.py:182} INFO - Started process (PID=6440) to work on /home/airflow/.local/lib/python3.6/site-packages/airflow/example_dags/tutorial.py
[2022-05-07 14:33:26,638] {scheduler_job.py:629} INFO - Processing file /home/airflow/.local/lib/python3.6/site-packages/airflow/example_dags/tutorial.py for tasks to queue
[2022-05-07 14:33:26,638] {logging_mixin.py:104} INFO - [2022-05-07 14:33:26,638] {dagbag.py:448} INFO - Filling up the DagBag from /home/airflow/.local/lib/python3.6/site-packages/airflow/example_dags/tutorial.py
[2022-05-07 14:33:26,643] {scheduler_job.py:639} INFO - DAG(s) dict_keys(['tutorial']) retrieved from /home/airflow/.local/lib/python3.6/site-packages/airflow/example_dags/tutorial.py
[2022-05-07 14:33:26,654] {logging_mixin.py:104} INFO - [2022-05-07 14:33:26,654] {dag.py:1818} INFO - Sync 1 DAGs
[2022-05-07 14:33:26,663] {logging_mixin.py:104} INFO - [2022-05-07 14:33:26,663] {dag.py:2273} INFO - Setting next_dagrun for tutorial to 2022-05-05 00:00:00+00:00
[2022-05-07 14:33:26,667] {scheduler_job.py:190} INFO - Processing /home/airflow/.local/lib/python3.6/site-packages/airflow/example_dags/tutorial.py took 0.032 seconds
[2022-05-07 14:33:57,318] {scheduler_job.py:182} INFO - Started process (PID=6575) to work on /home/airflow/.local/lib/python3.6/site-packages/airflow/example_dags/tutorial.py
[2022-05-07 14:33:57,319] {scheduler_job.py:629} INFO - Processing file /home/airflow/.local/lib/python3.6/site-packages/airflow/example_dags/tutorial.py for tasks to queue
[2022-05-07 14:33:57,319] {logging_mixin.py:104} INFO - [2022-05-07 14:33:57,319] {dagbag.py:448} INFO - Filling up the DagBag from /home/airflow/.local/lib/python3.6/site-packages/airflow/example_dags/tutorial.py
[2022-05-07 14:33:57,325] {scheduler_job.py:639} INFO - DAG(s) dict_keys(['tutorial']) retrieved from /home/airflow/.local/lib/python3.6/site-packages/airflow/example_dags/tutorial.py
[2022-05-07 14:33:57,339] {logging_mixin.py:104} INFO - [2022-05-07 14:33:57,339] {dag.py:1818} INFO - Sync 1 DAGs
[2022-05-07 14:33:57,346] {logging_mixin.py:104} INFO - [2022-05-07 14:33:57,346] {dag.py:2273} INFO - Setting next_dagrun for tutorial to 2022-05-05 00:00:00+00:00
[2022-05-07 14:33:57,350] {scheduler_job.py:190} INFO - Processing /home/airflow/.local/lib/python3.6/site-packages/airflow/example_dags/tutorial.py took 0.035 seconds
[2022-05-07 14:34:28,054] {scheduler_job.py:182} INFO - Started process (PID=6710) to work on /home/airflow/.local/lib/python3.6/site-packages/airflow/example_dags/tutorial.py
[2022-05-07 14:34:28,055] {scheduler_job.py:629} INFO - Processing file /home/airflow/.local/lib/python3.6/site-packages/airflow/example_dags/tutorial.py for tasks to queue
[2022-05-07 14:34:28,056] {logging_mixin.py:104} INFO - [2022-05-07 14:34:28,056] {dagbag.py:448} INFO - Filling up the DagBag from /home/airflow/.local/lib/python3.6/site-packages/airflow/example_dags/tutorial.py
[2022-05-07 14:34:28,062] {scheduler_job.py:639} INFO - DAG(s) dict_keys(['tutorial']) retrieved from /home/airflow/.local/lib/python3.6/site-packages/airflow/example_dags/tutorial.py
[2022-05-07 14:34:28,081] {logging_mixin.py:104} INFO - [2022-05-07 14:34:28,081] {dag.py:1818} INFO - Sync 1 DAGs
[2022-05-07 14:34:28,088] {logging_mixin.py:104} INFO - [2022-05-07 14:34:28,088] {dag.py:2273} INFO - Setting next_dagrun for tutorial to 2022-05-05 00:00:00+00:00
[2022-05-07 14:34:28,093] {scheduler_job.py:190} INFO - Processing /home/airflow/.local/lib/python3.6/site-packages/airflow/example_dags/tutorial.py took 0.041 seconds
[2022-05-07 14:34:58,800] {scheduler_job.py:182} INFO - Started process (PID=6845) to work on /home/airflow/.local/lib/python3.6/site-packages/airflow/example_dags/tutorial.py
[2022-05-07 14:34:58,801] {scheduler_job.py:629} INFO - Processing file /home/airflow/.local/lib/python3.6/site-packages/airflow/example_dags/tutorial.py for tasks to queue
[2022-05-07 14:34:58,802] {logging_mixin.py:104} INFO - [2022-05-07 14:34:58,802] {dagbag.py:448} INFO - Filling up the DagBag from /home/airflow/.local/lib/python3.6/site-packages/airflow/example_dags/tutorial.py
[2022-05-07 14:34:58,808] {scheduler_job.py:639} INFO - DAG(s) dict_keys(['tutorial']) retrieved from /home/airflow/.local/lib/python3.6/site-packages/airflow/example_dags/tutorial.py
[2022-05-07 14:34:58,825] {logging_mixin.py:104} INFO - [2022-05-07 14:34:58,825] {dag.py:1818} INFO - Sync 1 DAGs
[2022-05-07 14:34:58,835] {logging_mixin.py:104} INFO - [2022-05-07 14:34:58,835] {dag.py:2273} INFO - Setting next_dagrun for tutorial to 2022-05-05 00:00:00+00:00
[2022-05-07 14:34:58,840] {scheduler_job.py:190} INFO - Processing /home/airflow/.local/lib/python3.6/site-packages/airflow/example_dags/tutorial.py took 0.041 seconds
[2022-05-07 14:35:29,511] {scheduler_job.py:182} INFO - Started process (PID=6980) to work on /home/airflow/.local/lib/python3.6/site-packages/airflow/example_dags/tutorial.py
[2022-05-07 14:35:29,512] {scheduler_job.py:629} INFO - Processing file /home/airflow/.local/lib/python3.6/site-packages/airflow/example_dags/tutorial.py for tasks to queue
[2022-05-07 14:35:29,513] {logging_mixin.py:104} INFO - [2022-05-07 14:35:29,513] {dagbag.py:448} INFO - Filling up the DagBag from /home/airflow/.local/lib/python3.6/site-packages/airflow/example_dags/tutorial.py
[2022-05-07 14:35:29,519] {scheduler_job.py:639} INFO - DAG(s) dict_keys(['tutorial']) retrieved from /home/airflow/.local/lib/python3.6/site-packages/airflow/example_dags/tutorial.py
[2022-05-07 14:35:29,532] {logging_mixin.py:104} INFO - [2022-05-07 14:35:29,532] {dag.py:1818} INFO - Sync 1 DAGs
[2022-05-07 14:35:29,541] {logging_mixin.py:104} INFO - [2022-05-07 14:35:29,541] {dag.py:2273} INFO - Setting next_dagrun for tutorial to 2022-05-05 00:00:00+00:00
[2022-05-07 14:35:29,545] {scheduler_job.py:190} INFO - Processing /home/airflow/.local/lib/python3.6/site-packages/airflow/example_dags/tutorial.py took 0.036 seconds
[2022-05-07 14:35:59,580] {scheduler_job.py:182} INFO - Started process (PID=7115) to work on /home/airflow/.local/lib/python3.6/site-packages/airflow/example_dags/tutorial.py
[2022-05-07 14:35:59,581] {scheduler_job.py:629} INFO - Processing file /home/airflow/.local/lib/python3.6/site-packages/airflow/example_dags/tutorial.py for tasks to queue
[2022-05-07 14:35:59,581] {logging_mixin.py:104} INFO - [2022-05-07 14:35:59,581] {dagbag.py:448} INFO - Filling up the DagBag from /home/airflow/.local/lib/python3.6/site-packages/airflow/example_dags/tutorial.py
[2022-05-07 14:35:59,588] {scheduler_job.py:639} INFO - DAG(s) dict_keys(['tutorial']) retrieved from /home/airflow/.local/lib/python3.6/site-packages/airflow/example_dags/tutorial.py
[2022-05-07 14:35:59,599] {logging_mixin.py:104} INFO - [2022-05-07 14:35:59,599] {dag.py:1818} INFO - Sync 1 DAGs
[2022-05-07 14:35:59,608] {logging_mixin.py:104} INFO - [2022-05-07 14:35:59,608] {dag.py:2273} INFO - Setting next_dagrun for tutorial to 2022-05-05 00:00:00+00:00
[2022-05-07 14:35:59,612] {scheduler_job.py:190} INFO - Processing /home/airflow/.local/lib/python3.6/site-packages/airflow/example_dags/tutorial.py took 0.035 seconds
[2022-05-07 14:36:29,639] {scheduler_job.py:182} INFO - Started process (PID=7250) to work on /home/airflow/.local/lib/python3.6/site-packages/airflow/example_dags/tutorial.py
[2022-05-07 14:36:29,640] {scheduler_job.py:629} INFO - Processing file /home/airflow/.local/lib/python3.6/site-packages/airflow/example_dags/tutorial.py for tasks to queue
[2022-05-07 14:36:29,641] {logging_mixin.py:104} INFO - [2022-05-07 14:36:29,640] {dagbag.py:448} INFO - Filling up the DagBag from /home/airflow/.local/lib/python3.6/site-packages/airflow/example_dags/tutorial.py
[2022-05-07 14:36:29,647] {scheduler_job.py:639} INFO - DAG(s) dict_keys(['tutorial']) retrieved from /home/airflow/.local/lib/python3.6/site-packages/airflow/example_dags/tutorial.py
[2022-05-07 14:36:29,661] {logging_mixin.py:104} INFO - [2022-05-07 14:36:29,661] {dag.py:1818} INFO - Sync 1 DAGs
[2022-05-07 14:36:29,670] {logging_mixin.py:104} INFO - [2022-05-07 14:36:29,670] {dag.py:2273} INFO - Setting next_dagrun for tutorial to 2022-05-05 00:00:00+00:00
[2022-05-07 14:36:29,674] {scheduler_job.py:190} INFO - Processing /home/airflow/.local/lib/python3.6/site-packages/airflow/example_dags/tutorial.py took 0.036 seconds
[2022-05-07 14:36:59,693] {scheduler_job.py:182} INFO - Started process (PID=7378) to work on /home/airflow/.local/lib/python3.6/site-packages/airflow/example_dags/tutorial.py
[2022-05-07 14:36:59,694] {scheduler_job.py:629} INFO - Processing file /home/airflow/.local/lib/python3.6/site-packages/airflow/example_dags/tutorial.py for tasks to queue
[2022-05-07 14:36:59,694] {logging_mixin.py:104} INFO - [2022-05-07 14:36:59,694] {dagbag.py:448} INFO - Filling up the DagBag from /home/airflow/.local/lib/python3.6/site-packages/airflow/example_dags/tutorial.py
[2022-05-07 14:36:59,700] {scheduler_job.py:639} INFO - DAG(s) dict_keys(['tutorial']) retrieved from /home/airflow/.local/lib/python3.6/site-packages/airflow/example_dags/tutorial.py
[2022-05-07 14:36:59,715] {logging_mixin.py:104} INFO - [2022-05-07 14:36:59,715] {dag.py:1818} INFO - Sync 1 DAGs
[2022-05-07 14:36:59,725] {logging_mixin.py:104} INFO - [2022-05-07 14:36:59,725] {dag.py:2273} INFO - Setting next_dagrun for tutorial to 2022-05-05 00:00:00+00:00
[2022-05-07 14:36:59,729] {scheduler_job.py:190} INFO - Processing /home/airflow/.local/lib/python3.6/site-packages/airflow/example_dags/tutorial.py took 0.038 seconds
[2022-05-07 14:37:29,765] {scheduler_job.py:182} INFO - Started process (PID=7513) to work on /home/airflow/.local/lib/python3.6/site-packages/airflow/example_dags/tutorial.py
[2022-05-07 14:37:29,766] {scheduler_job.py:629} INFO - Processing file /home/airflow/.local/lib/python3.6/site-packages/airflow/example_dags/tutorial.py for tasks to queue
[2022-05-07 14:37:29,766] {logging_mixin.py:104} INFO - [2022-05-07 14:37:29,766] {dagbag.py:448} INFO - Filling up the DagBag from /home/airflow/.local/lib/python3.6/site-packages/airflow/example_dags/tutorial.py
[2022-05-07 14:37:29,772] {scheduler_job.py:639} INFO - DAG(s) dict_keys(['tutorial']) retrieved from /home/airflow/.local/lib/python3.6/site-packages/airflow/example_dags/tutorial.py
[2022-05-07 14:37:29,782] {logging_mixin.py:104} INFO - [2022-05-07 14:37:29,782] {dag.py:1818} INFO - Sync 1 DAGs
[2022-05-07 14:37:29,790] {logging_mixin.py:104} INFO - [2022-05-07 14:37:29,790] {dag.py:2273} INFO - Setting next_dagrun for tutorial to 2022-05-05 00:00:00+00:00
[2022-05-07 14:37:29,795] {scheduler_job.py:190} INFO - Processing /home/airflow/.local/lib/python3.6/site-packages/airflow/example_dags/tutorial.py took 0.032 seconds
[2022-05-07 14:38:00,514] {scheduler_job.py:182} INFO - Started process (PID=7653) to work on /home/airflow/.local/lib/python3.6/site-packages/airflow/example_dags/tutorial.py
[2022-05-07 14:38:00,515] {scheduler_job.py:629} INFO - Processing file /home/airflow/.local/lib/python3.6/site-packages/airflow/example_dags/tutorial.py for tasks to queue
[2022-05-07 14:38:00,515] {logging_mixin.py:104} INFO - [2022-05-07 14:38:00,515] {dagbag.py:448} INFO - Filling up the DagBag from /home/airflow/.local/lib/python3.6/site-packages/airflow/example_dags/tutorial.py
[2022-05-07 14:38:00,522] {scheduler_job.py:639} INFO - DAG(s) dict_keys(['tutorial']) retrieved from /home/airflow/.local/lib/python3.6/site-packages/airflow/example_dags/tutorial.py
[2022-05-07 14:38:00,537] {logging_mixin.py:104} INFO - [2022-05-07 14:38:00,537] {dag.py:1818} INFO - Sync 1 DAGs
[2022-05-07 14:38:00,546] {logging_mixin.py:104} INFO - [2022-05-07 14:38:00,546] {dag.py:2273} INFO - Setting next_dagrun for tutorial to 2022-05-05 00:00:00+00:00
[2022-05-07 14:38:00,550] {scheduler_job.py:190} INFO - Processing /home/airflow/.local/lib/python3.6/site-packages/airflow/example_dags/tutorial.py took 0.038 seconds
[2022-05-07 14:38:31,229] {scheduler_job.py:182} INFO - Started process (PID=7790) to work on /home/airflow/.local/lib/python3.6/site-packages/airflow/example_dags/tutorial.py
[2022-05-07 14:38:31,230] {scheduler_job.py:629} INFO - Processing file /home/airflow/.local/lib/python3.6/site-packages/airflow/example_dags/tutorial.py for tasks to queue
[2022-05-07 14:38:31,231] {logging_mixin.py:104} INFO - [2022-05-07 14:38:31,231] {dagbag.py:448} INFO - Filling up the DagBag from /home/airflow/.local/lib/python3.6/site-packages/airflow/example_dags/tutorial.py
[2022-05-07 14:38:31,236] {scheduler_job.py:639} INFO - DAG(s) dict_keys(['tutorial']) retrieved from /home/airflow/.local/lib/python3.6/site-packages/airflow/example_dags/tutorial.py
[2022-05-07 14:38:31,251] {logging_mixin.py:104} INFO - [2022-05-07 14:38:31,251] {dag.py:1818} INFO - Sync 1 DAGs
[2022-05-07 14:38:31,259] {logging_mixin.py:104} INFO - [2022-05-07 14:38:31,259] {dag.py:2273} INFO - Setting next_dagrun for tutorial to 2022-05-05 00:00:00+00:00
[2022-05-07 14:38:31,263] {scheduler_job.py:190} INFO - Processing /home/airflow/.local/lib/python3.6/site-packages/airflow/example_dags/tutorial.py took 0.036 seconds
[2022-05-07 14:39:02,051] {scheduler_job.py:182} INFO - Started process (PID=7925) to work on /home/airflow/.local/lib/python3.6/site-packages/airflow/example_dags/tutorial.py
[2022-05-07 14:39:02,052] {scheduler_job.py:629} INFO - Processing file /home/airflow/.local/lib/python3.6/site-packages/airflow/example_dags/tutorial.py for tasks to queue
[2022-05-07 14:39:02,052] {logging_mixin.py:104} INFO - [2022-05-07 14:39:02,052] {dagbag.py:448} INFO - Filling up the DagBag from /home/airflow/.local/lib/python3.6/site-packages/airflow/example_dags/tutorial.py
[2022-05-07 14:39:02,059] {scheduler_job.py:639} INFO - DAG(s) dict_keys(['tutorial']) retrieved from /home/airflow/.local/lib/python3.6/site-packages/airflow/example_dags/tutorial.py
[2022-05-07 14:39:02,075] {logging_mixin.py:104} INFO - [2022-05-07 14:39:02,074] {dag.py:1818} INFO - Sync 1 DAGs
[2022-05-07 14:39:02,084] {logging_mixin.py:104} INFO - [2022-05-07 14:39:02,084] {dag.py:2273} INFO - Setting next_dagrun for tutorial to 2022-05-05 00:00:00+00:00
[2022-05-07 14:39:02,088] {scheduler_job.py:190} INFO - Processing /home/airflow/.local/lib/python3.6/site-packages/airflow/example_dags/tutorial.py took 0.039 seconds
[2022-05-07 14:39:32,773] {scheduler_job.py:182} INFO - Started process (PID=8060) to work on /home/airflow/.local/lib/python3.6/site-packages/airflow/example_dags/tutorial.py
[2022-05-07 14:39:32,774] {scheduler_job.py:629} INFO - Processing file /home/airflow/.local/lib/python3.6/site-packages/airflow/example_dags/tutorial.py for tasks to queue
[2022-05-07 14:39:32,774] {logging_mixin.py:104} INFO - [2022-05-07 14:39:32,774] {dagbag.py:448} INFO - Filling up the DagBag from /home/airflow/.local/lib/python3.6/site-packages/airflow/example_dags/tutorial.py
[2022-05-07 14:39:32,779] {scheduler_job.py:639} INFO - DAG(s) dict_keys(['tutorial']) retrieved from /home/airflow/.local/lib/python3.6/site-packages/airflow/example_dags/tutorial.py
[2022-05-07 14:39:32,793] {logging_mixin.py:104} INFO - [2022-05-07 14:39:32,793] {dag.py:1818} INFO - Sync 1 DAGs
[2022-05-07 14:39:32,802] {logging_mixin.py:104} INFO - [2022-05-07 14:39:32,802] {dag.py:2273} INFO - Setting next_dagrun for tutorial to 2022-05-05 00:00:00+00:00
[2022-05-07 14:39:32,806] {scheduler_job.py:190} INFO - Processing /home/airflow/.local/lib/python3.6/site-packages/airflow/example_dags/tutorial.py took 0.035 seconds
[2022-05-07 14:40:03,551] {scheduler_job.py:182} INFO - Started process (PID=8195) to work on /home/airflow/.local/lib/python3.6/site-packages/airflow/example_dags/tutorial.py
[2022-05-07 14:40:03,552] {scheduler_job.py:629} INFO - Processing file /home/airflow/.local/lib/python3.6/site-packages/airflow/example_dags/tutorial.py for tasks to queue
[2022-05-07 14:40:03,552] {logging_mixin.py:104} INFO - [2022-05-07 14:40:03,552] {dagbag.py:448} INFO - Filling up the DagBag from /home/airflow/.local/lib/python3.6/site-packages/airflow/example_dags/tutorial.py
[2022-05-07 14:40:03,559] {scheduler_job.py:639} INFO - DAG(s) dict_keys(['tutorial']) retrieved from /home/airflow/.local/lib/python3.6/site-packages/airflow/example_dags/tutorial.py
[2022-05-07 14:40:03,575] {logging_mixin.py:104} INFO - [2022-05-07 14:40:03,575] {dag.py:1818} INFO - Sync 1 DAGs
[2022-05-07 14:40:03,583] {logging_mixin.py:104} INFO - [2022-05-07 14:40:03,583] {dag.py:2273} INFO - Setting next_dagrun for tutorial to 2022-05-05 00:00:00+00:00
[2022-05-07 14:40:03,587] {scheduler_job.py:190} INFO - Processing /home/airflow/.local/lib/python3.6/site-packages/airflow/example_dags/tutorial.py took 0.037 seconds
[2022-05-07 14:40:34,293] {scheduler_job.py:182} INFO - Started process (PID=8330) to work on /home/airflow/.local/lib/python3.6/site-packages/airflow/example_dags/tutorial.py
[2022-05-07 14:40:34,294] {scheduler_job.py:629} INFO - Processing file /home/airflow/.local/lib/python3.6/site-packages/airflow/example_dags/tutorial.py for tasks to queue
[2022-05-07 14:40:34,295] {logging_mixin.py:104} INFO - [2022-05-07 14:40:34,295] {dagbag.py:448} INFO - Filling up the DagBag from /home/airflow/.local/lib/python3.6/site-packages/airflow/example_dags/tutorial.py
[2022-05-07 14:40:34,301] {scheduler_job.py:639} INFO - DAG(s) dict_keys(['tutorial']) retrieved from /home/airflow/.local/lib/python3.6/site-packages/airflow/example_dags/tutorial.py
[2022-05-07 14:40:34,316] {logging_mixin.py:104} INFO - [2022-05-07 14:40:34,315] {dag.py:1818} INFO - Sync 1 DAGs
[2022-05-07 14:40:34,323] {logging_mixin.py:104} INFO - [2022-05-07 14:40:34,323] {dag.py:2273} INFO - Setting next_dagrun for tutorial to 2022-05-05 00:00:00+00:00
[2022-05-07 14:40:34,327] {scheduler_job.py:190} INFO - Processing /home/airflow/.local/lib/python3.6/site-packages/airflow/example_dags/tutorial.py took 0.035 seconds
[2022-05-07 14:41:05,032] {scheduler_job.py:182} INFO - Started process (PID=8465) to work on /home/airflow/.local/lib/python3.6/site-packages/airflow/example_dags/tutorial.py
[2022-05-07 14:41:05,033] {scheduler_job.py:629} INFO - Processing file /home/airflow/.local/lib/python3.6/site-packages/airflow/example_dags/tutorial.py for tasks to queue
[2022-05-07 14:41:05,033] {logging_mixin.py:104} INFO - [2022-05-07 14:41:05,033] {dagbag.py:448} INFO - Filling up the DagBag from /home/airflow/.local/lib/python3.6/site-packages/airflow/example_dags/tutorial.py
[2022-05-07 14:41:05,039] {scheduler_job.py:639} INFO - DAG(s) dict_keys(['tutorial']) retrieved from /home/airflow/.local/lib/python3.6/site-packages/airflow/example_dags/tutorial.py
[2022-05-07 14:41:05,054] {logging_mixin.py:104} INFO - [2022-05-07 14:41:05,054] {dag.py:1818} INFO - Sync 1 DAGs
[2022-05-07 14:41:05,063] {logging_mixin.py:104} INFO - [2022-05-07 14:41:05,063] {dag.py:2273} INFO - Setting next_dagrun for tutorial to 2022-05-05 00:00:00+00:00
[2022-05-07 14:41:05,067] {scheduler_job.py:190} INFO - Processing /home/airflow/.local/lib/python3.6/site-packages/airflow/example_dags/tutorial.py took 0.037 seconds
[2022-05-07 14:41:35,749] {scheduler_job.py:182} INFO - Started process (PID=8600) to work on /home/airflow/.local/lib/python3.6/site-packages/airflow/example_dags/tutorial.py
[2022-05-07 14:41:35,750] {scheduler_job.py:629} INFO - Processing file /home/airflow/.local/lib/python3.6/site-packages/airflow/example_dags/tutorial.py for tasks to queue
[2022-05-07 14:41:35,750] {logging_mixin.py:104} INFO - [2022-05-07 14:41:35,750] {dagbag.py:448} INFO - Filling up the DagBag from /home/airflow/.local/lib/python3.6/site-packages/airflow/example_dags/tutorial.py
[2022-05-07 14:41:35,759] {scheduler_job.py:639} INFO - DAG(s) dict_keys(['tutorial']) retrieved from /home/airflow/.local/lib/python3.6/site-packages/airflow/example_dags/tutorial.py
[2022-05-07 14:41:35,773] {logging_mixin.py:104} INFO - [2022-05-07 14:41:35,773] {dag.py:1818} INFO - Sync 1 DAGs
[2022-05-07 14:41:35,782] {logging_mixin.py:104} INFO - [2022-05-07 14:41:35,782] {dag.py:2273} INFO - Setting next_dagrun for tutorial to 2022-05-05 00:00:00+00:00
[2022-05-07 14:41:35,786] {scheduler_job.py:190} INFO - Processing /home/airflow/.local/lib/python3.6/site-packages/airflow/example_dags/tutorial.py took 0.038 seconds
[2022-05-07 14:42:06,490] {scheduler_job.py:182} INFO - Started process (PID=8735) to work on /home/airflow/.local/lib/python3.6/site-packages/airflow/example_dags/tutorial.py
[2022-05-07 14:42:06,491] {scheduler_job.py:629} INFO - Processing file /home/airflow/.local/lib/python3.6/site-packages/airflow/example_dags/tutorial.py for tasks to queue
[2022-05-07 14:42:06,492] {logging_mixin.py:104} INFO - [2022-05-07 14:42:06,492] {dagbag.py:448} INFO - Filling up the DagBag from /home/airflow/.local/lib/python3.6/site-packages/airflow/example_dags/tutorial.py
[2022-05-07 14:42:06,499] {scheduler_job.py:639} INFO - DAG(s) dict_keys(['tutorial']) retrieved from /home/airflow/.local/lib/python3.6/site-packages/airflow/example_dags/tutorial.py
[2022-05-07 14:42:06,514] {logging_mixin.py:104} INFO - [2022-05-07 14:42:06,514] {dag.py:1818} INFO - Sync 1 DAGs
[2022-05-07 14:42:06,521] {logging_mixin.py:104} INFO - [2022-05-07 14:42:06,521] {dag.py:2273} INFO - Setting next_dagrun for tutorial to 2022-05-05 00:00:00+00:00
[2022-05-07 14:42:06,525] {scheduler_job.py:190} INFO - Processing /home/airflow/.local/lib/python3.6/site-packages/airflow/example_dags/tutorial.py took 0.037 seconds
[2022-05-07 14:42:37,252] {scheduler_job.py:182} INFO - Started process (PID=8870) to work on /home/airflow/.local/lib/python3.6/site-packages/airflow/example_dags/tutorial.py
[2022-05-07 14:42:37,253] {scheduler_job.py:629} INFO - Processing file /home/airflow/.local/lib/python3.6/site-packages/airflow/example_dags/tutorial.py for tasks to queue
[2022-05-07 14:42:37,253] {logging_mixin.py:104} INFO - [2022-05-07 14:42:37,253] {dagbag.py:448} INFO - Filling up the DagBag from /home/airflow/.local/lib/python3.6/site-packages/airflow/example_dags/tutorial.py
[2022-05-07 14:42:37,260] {scheduler_job.py:639} INFO - DAG(s) dict_keys(['tutorial']) retrieved from /home/airflow/.local/lib/python3.6/site-packages/airflow/example_dags/tutorial.py
[2022-05-07 14:42:37,275] {logging_mixin.py:104} INFO - [2022-05-07 14:42:37,275] {dag.py:1818} INFO - Sync 1 DAGs
[2022-05-07 14:42:37,283] {logging_mixin.py:104} INFO - [2022-05-07 14:42:37,283] {dag.py:2273} INFO - Setting next_dagrun for tutorial to 2022-05-05 00:00:00+00:00
[2022-05-07 14:42:37,287] {scheduler_job.py:190} INFO - Processing /home/airflow/.local/lib/python3.6/site-packages/airflow/example_dags/tutorial.py took 0.038 seconds
[2022-05-07 14:43:07,994] {scheduler_job.py:182} INFO - Started process (PID=9005) to work on /home/airflow/.local/lib/python3.6/site-packages/airflow/example_dags/tutorial.py
[2022-05-07 14:43:07,994] {scheduler_job.py:629} INFO - Processing file /home/airflow/.local/lib/python3.6/site-packages/airflow/example_dags/tutorial.py for tasks to queue
[2022-05-07 14:43:07,995] {logging_mixin.py:104} INFO - [2022-05-07 14:43:07,995] {dagbag.py:448} INFO - Filling up the DagBag from /home/airflow/.local/lib/python3.6/site-packages/airflow/example_dags/tutorial.py
[2022-05-07 14:43:08,001] {scheduler_job.py:639} INFO - DAG(s) dict_keys(['tutorial']) retrieved from /home/airflow/.local/lib/python3.6/site-packages/airflow/example_dags/tutorial.py
[2022-05-07 14:43:08,016] {logging_mixin.py:104} INFO - [2022-05-07 14:43:08,016] {dag.py:1818} INFO - Sync 1 DAGs
[2022-05-07 14:43:08,023] {logging_mixin.py:104} INFO - [2022-05-07 14:43:08,023] {dag.py:2273} INFO - Setting next_dagrun for tutorial to 2022-05-05 00:00:00+00:00
[2022-05-07 14:43:08,027] {scheduler_job.py:190} INFO - Processing /home/airflow/.local/lib/python3.6/site-packages/airflow/example_dags/tutorial.py took 0.036 seconds
[2022-05-07 14:43:38,739] {scheduler_job.py:182} INFO - Started process (PID=9140) to work on /home/airflow/.local/lib/python3.6/site-packages/airflow/example_dags/tutorial.py
[2022-05-07 14:43:38,740] {scheduler_job.py:629} INFO - Processing file /home/airflow/.local/lib/python3.6/site-packages/airflow/example_dags/tutorial.py for tasks to queue
[2022-05-07 14:43:38,740] {logging_mixin.py:104} INFO - [2022-05-07 14:43:38,740] {dagbag.py:448} INFO - Filling up the DagBag from /home/airflow/.local/lib/python3.6/site-packages/airflow/example_dags/tutorial.py
[2022-05-07 14:43:38,746] {scheduler_job.py:639} INFO - DAG(s) dict_keys(['tutorial']) retrieved from /home/airflow/.local/lib/python3.6/site-packages/airflow/example_dags/tutorial.py
[2022-05-07 14:43:38,760] {logging_mixin.py:104} INFO - [2022-05-07 14:43:38,760] {dag.py:1818} INFO - Sync 1 DAGs
[2022-05-07 14:43:38,769] {logging_mixin.py:104} INFO - [2022-05-07 14:43:38,769] {dag.py:2273} INFO - Setting next_dagrun for tutorial to 2022-05-05 00:00:00+00:00
[2022-05-07 14:43:38,773] {scheduler_job.py:190} INFO - Processing /home/airflow/.local/lib/python3.6/site-packages/airflow/example_dags/tutorial.py took 0.036 seconds
[2022-05-07 14:44:09,548] {scheduler_job.py:182} INFO - Started process (PID=9275) to work on /home/airflow/.local/lib/python3.6/site-packages/airflow/example_dags/tutorial.py
[2022-05-07 14:44:09,549] {scheduler_job.py:629} INFO - Processing file /home/airflow/.local/lib/python3.6/site-packages/airflow/example_dags/tutorial.py for tasks to queue
[2022-05-07 14:44:09,549] {logging_mixin.py:104} INFO - [2022-05-07 14:44:09,549] {dagbag.py:448} INFO - Filling up the DagBag from /home/airflow/.local/lib/python3.6/site-packages/airflow/example_dags/tutorial.py
[2022-05-07 14:44:09,556] {scheduler_job.py:639} INFO - DAG(s) dict_keys(['tutorial']) retrieved from /home/airflow/.local/lib/python3.6/site-packages/airflow/example_dags/tutorial.py
[2022-05-07 14:44:09,571] {logging_mixin.py:104} INFO - [2022-05-07 14:44:09,571] {dag.py:1818} INFO - Sync 1 DAGs
[2022-05-07 14:44:09,579] {logging_mixin.py:104} INFO - [2022-05-07 14:44:09,579] {dag.py:2273} INFO - Setting next_dagrun for tutorial to 2022-05-05 00:00:00+00:00
[2022-05-07 14:44:09,583] {scheduler_job.py:190} INFO - Processing /home/airflow/.local/lib/python3.6/site-packages/airflow/example_dags/tutorial.py took 0.037 seconds
[2022-05-07 14:44:40,294] {scheduler_job.py:182} INFO - Started process (PID=9410) to work on /home/airflow/.local/lib/python3.6/site-packages/airflow/example_dags/tutorial.py
[2022-05-07 14:44:40,295] {scheduler_job.py:629} INFO - Processing file /home/airflow/.local/lib/python3.6/site-packages/airflow/example_dags/tutorial.py for tasks to queue
[2022-05-07 14:44:40,296] {logging_mixin.py:104} INFO - [2022-05-07 14:44:40,296] {dagbag.py:448} INFO - Filling up the DagBag from /home/airflow/.local/lib/python3.6/site-packages/airflow/example_dags/tutorial.py
[2022-05-07 14:44:40,305] {scheduler_job.py:639} INFO - DAG(s) dict_keys(['tutorial']) retrieved from /home/airflow/.local/lib/python3.6/site-packages/airflow/example_dags/tutorial.py
[2022-05-07 14:44:40,317] {logging_mixin.py:104} INFO - [2022-05-07 14:44:40,317] {dag.py:1818} INFO - Sync 1 DAGs
[2022-05-07 14:44:40,327] {logging_mixin.py:104} INFO - [2022-05-07 14:44:40,326] {dag.py:2273} INFO - Setting next_dagrun for tutorial to 2022-05-05 00:00:00+00:00
[2022-05-07 14:44:40,330] {scheduler_job.py:190} INFO - Processing /home/airflow/.local/lib/python3.6/site-packages/airflow/example_dags/tutorial.py took 0.038 seconds
[2022-05-07 14:45:11,052] {scheduler_job.py:182} INFO - Started process (PID=9545) to work on /home/airflow/.local/lib/python3.6/site-packages/airflow/example_dags/tutorial.py
[2022-05-07 14:45:11,052] {scheduler_job.py:629} INFO - Processing file /home/airflow/.local/lib/python3.6/site-packages/airflow/example_dags/tutorial.py for tasks to queue
[2022-05-07 14:45:11,053] {logging_mixin.py:104} INFO - [2022-05-07 14:45:11,053] {dagbag.py:448} INFO - Filling up the DagBag from /home/airflow/.local/lib/python3.6/site-packages/airflow/example_dags/tutorial.py
[2022-05-07 14:45:11,059] {scheduler_job.py:639} INFO - DAG(s) dict_keys(['tutorial']) retrieved from /home/airflow/.local/lib/python3.6/site-packages/airflow/example_dags/tutorial.py
[2022-05-07 14:45:11,074] {logging_mixin.py:104} INFO - [2022-05-07 14:45:11,074] {dag.py:1818} INFO - Sync 1 DAGs
[2022-05-07 14:45:11,083] {logging_mixin.py:104} INFO - [2022-05-07 14:45:11,083] {dag.py:2273} INFO - Setting next_dagrun for tutorial to 2022-05-05 00:00:00+00:00
[2022-05-07 14:45:11,087] {scheduler_job.py:190} INFO - Processing /home/airflow/.local/lib/python3.6/site-packages/airflow/example_dags/tutorial.py took 0.038 seconds
[2022-05-07 14:45:41,791] {scheduler_job.py:182} INFO - Started process (PID=9680) to work on /home/airflow/.local/lib/python3.6/site-packages/airflow/example_dags/tutorial.py
[2022-05-07 14:45:41,792] {scheduler_job.py:629} INFO - Processing file /home/airflow/.local/lib/python3.6/site-packages/airflow/example_dags/tutorial.py for tasks to queue
[2022-05-07 14:45:41,792] {logging_mixin.py:104} INFO - [2022-05-07 14:45:41,792] {dagbag.py:448} INFO - Filling up the DagBag from /home/airflow/.local/lib/python3.6/site-packages/airflow/example_dags/tutorial.py
[2022-05-07 14:45:41,798] {scheduler_job.py:639} INFO - DAG(s) dict_keys(['tutorial']) retrieved from /home/airflow/.local/lib/python3.6/site-packages/airflow/example_dags/tutorial.py
[2022-05-07 14:45:41,815] {logging_mixin.py:104} INFO - [2022-05-07 14:45:41,815] {dag.py:1818} INFO - Sync 1 DAGs
[2022-05-07 14:45:41,824] {logging_mixin.py:104} INFO - [2022-05-07 14:45:41,824] {dag.py:2273} INFO - Setting next_dagrun for tutorial to 2022-05-05 00:00:00+00:00
[2022-05-07 14:45:41,828] {scheduler_job.py:190} INFO - Processing /home/airflow/.local/lib/python3.6/site-packages/airflow/example_dags/tutorial.py took 0.039 seconds
[2022-05-07 14:46:12,544] {scheduler_job.py:182} INFO - Started process (PID=9815) to work on /home/airflow/.local/lib/python3.6/site-packages/airflow/example_dags/tutorial.py
[2022-05-07 14:46:12,546] {scheduler_job.py:629} INFO - Processing file /home/airflow/.local/lib/python3.6/site-packages/airflow/example_dags/tutorial.py for tasks to queue
[2022-05-07 14:46:12,546] {logging_mixin.py:104} INFO - [2022-05-07 14:46:12,546] {dagbag.py:448} INFO - Filling up the DagBag from /home/airflow/.local/lib/python3.6/site-packages/airflow/example_dags/tutorial.py
[2022-05-07 14:46:12,551] {scheduler_job.py:639} INFO - DAG(s) dict_keys(['tutorial']) retrieved from /home/airflow/.local/lib/python3.6/site-packages/airflow/example_dags/tutorial.py
[2022-05-07 14:46:12,567] {logging_mixin.py:104} INFO - [2022-05-07 14:46:12,566] {dag.py:1818} INFO - Sync 1 DAGs
[2022-05-07 14:46:12,574] {logging_mixin.py:104} INFO - [2022-05-07 14:46:12,574] {dag.py:2273} INFO - Setting next_dagrun for tutorial to 2022-05-05 00:00:00+00:00
[2022-05-07 14:46:12,578] {scheduler_job.py:190} INFO - Processing /home/airflow/.local/lib/python3.6/site-packages/airflow/example_dags/tutorial.py took 0.035 seconds
[2022-05-07 14:46:43,299] {scheduler_job.py:182} INFO - Started process (PID=9950) to work on /home/airflow/.local/lib/python3.6/site-packages/airflow/example_dags/tutorial.py
[2022-05-07 14:46:43,299] {scheduler_job.py:629} INFO - Processing file /home/airflow/.local/lib/python3.6/site-packages/airflow/example_dags/tutorial.py for tasks to queue
[2022-05-07 14:46:43,299] {logging_mixin.py:104} INFO - [2022-05-07 14:46:43,299] {dagbag.py:448} INFO - Filling up the DagBag from /home/airflow/.local/lib/python3.6/site-packages/airflow/example_dags/tutorial.py
[2022-05-07 14:46:43,305] {scheduler_job.py:639} INFO - DAG(s) dict_keys(['tutorial']) retrieved from /home/airflow/.local/lib/python3.6/site-packages/airflow/example_dags/tutorial.py
[2022-05-07 14:46:43,320] {logging_mixin.py:104} INFO - [2022-05-07 14:46:43,320] {dag.py:1818} INFO - Sync 1 DAGs
[2022-05-07 14:46:43,327] {logging_mixin.py:104} INFO - [2022-05-07 14:46:43,327] {dag.py:2273} INFO - Setting next_dagrun for tutorial to 2022-05-05 00:00:00+00:00
[2022-05-07 14:46:43,331] {scheduler_job.py:190} INFO - Processing /home/airflow/.local/lib/python3.6/site-packages/airflow/example_dags/tutorial.py took 0.033 seconds
[2022-05-07 14:47:14,094] {scheduler_job.py:182} INFO - Started process (PID=10085) to work on /home/airflow/.local/lib/python3.6/site-packages/airflow/example_dags/tutorial.py
[2022-05-07 14:47:14,095] {scheduler_job.py:629} INFO - Processing file /home/airflow/.local/lib/python3.6/site-packages/airflow/example_dags/tutorial.py for tasks to queue
[2022-05-07 14:47:14,095] {logging_mixin.py:104} INFO - [2022-05-07 14:47:14,095] {dagbag.py:448} INFO - Filling up the DagBag from /home/airflow/.local/lib/python3.6/site-packages/airflow/example_dags/tutorial.py
[2022-05-07 14:47:14,101] {scheduler_job.py:639} INFO - DAG(s) dict_keys(['tutorial']) retrieved from /home/airflow/.local/lib/python3.6/site-packages/airflow/example_dags/tutorial.py
[2022-05-07 14:47:14,116] {logging_mixin.py:104} INFO - [2022-05-07 14:47:14,116] {dag.py:1818} INFO - Sync 1 DAGs
[2022-05-07 14:47:14,125] {logging_mixin.py:104} INFO - [2022-05-07 14:47:14,125] {dag.py:2273} INFO - Setting next_dagrun for tutorial to 2022-05-05 00:00:00+00:00
[2022-05-07 14:47:14,129] {scheduler_job.py:190} INFO - Processing /home/airflow/.local/lib/python3.6/site-packages/airflow/example_dags/tutorial.py took 0.037 seconds
[2022-05-07 14:47:44,152] {scheduler_job.py:182} INFO - Started process (PID=10220) to work on /home/airflow/.local/lib/python3.6/site-packages/airflow/example_dags/tutorial.py
[2022-05-07 14:47:44,152] {scheduler_job.py:629} INFO - Processing file /home/airflow/.local/lib/python3.6/site-packages/airflow/example_dags/tutorial.py for tasks to queue
[2022-05-07 14:47:44,153] {logging_mixin.py:104} INFO - [2022-05-07 14:47:44,153] {dagbag.py:448} INFO - Filling up the DagBag from /home/airflow/.local/lib/python3.6/site-packages/airflow/example_dags/tutorial.py
[2022-05-07 14:47:44,159] {scheduler_job.py:639} INFO - DAG(s) dict_keys(['tutorial']) retrieved from /home/airflow/.local/lib/python3.6/site-packages/airflow/example_dags/tutorial.py
[2022-05-07 14:47:44,175] {logging_mixin.py:104} INFO - [2022-05-07 14:47:44,175] {dag.py:1818} INFO - Sync 1 DAGs
[2022-05-07 14:47:44,182] {logging_mixin.py:104} INFO - [2022-05-07 14:47:44,182] {dag.py:2273} INFO - Setting next_dagrun for tutorial to 2022-05-05 00:00:00+00:00
[2022-05-07 14:47:44,186] {scheduler_job.py:190} INFO - Processing /home/airflow/.local/lib/python3.6/site-packages/airflow/example_dags/tutorial.py took 0.036 seconds
[2022-05-07 14:48:14,919] {scheduler_job.py:182} INFO - Started process (PID=10355) to work on /home/airflow/.local/lib/python3.6/site-packages/airflow/example_dags/tutorial.py
[2022-05-07 14:48:14,920] {scheduler_job.py:629} INFO - Processing file /home/airflow/.local/lib/python3.6/site-packages/airflow/example_dags/tutorial.py for tasks to queue
[2022-05-07 14:48:14,921] {logging_mixin.py:104} INFO - [2022-05-07 14:48:14,921] {dagbag.py:448} INFO - Filling up the DagBag from /home/airflow/.local/lib/python3.6/site-packages/airflow/example_dags/tutorial.py
[2022-05-07 14:48:14,928] {scheduler_job.py:639} INFO - DAG(s) dict_keys(['tutorial']) retrieved from /home/airflow/.local/lib/python3.6/site-packages/airflow/example_dags/tutorial.py
[2022-05-07 14:48:14,942] {logging_mixin.py:104} INFO - [2022-05-07 14:48:14,942] {dag.py:1818} INFO - Sync 1 DAGs
[2022-05-07 14:48:14,949] {logging_mixin.py:104} INFO - [2022-05-07 14:48:14,949] {dag.py:2273} INFO - Setting next_dagrun for tutorial to 2022-05-05 00:00:00+00:00
[2022-05-07 14:48:14,953] {scheduler_job.py:190} INFO - Processing /home/airflow/.local/lib/python3.6/site-packages/airflow/example_dags/tutorial.py took 0.036 seconds
[2022-05-07 14:48:45,640] {scheduler_job.py:182} INFO - Started process (PID=10490) to work on /home/airflow/.local/lib/python3.6/site-packages/airflow/example_dags/tutorial.py
[2022-05-07 14:48:45,641] {scheduler_job.py:629} INFO - Processing file /home/airflow/.local/lib/python3.6/site-packages/airflow/example_dags/tutorial.py for tasks to queue
[2022-05-07 14:48:45,641] {logging_mixin.py:104} INFO - [2022-05-07 14:48:45,641] {dagbag.py:448} INFO - Filling up the DagBag from /home/airflow/.local/lib/python3.6/site-packages/airflow/example_dags/tutorial.py
[2022-05-07 14:48:45,647] {scheduler_job.py:639} INFO - DAG(s) dict_keys(['tutorial']) retrieved from /home/airflow/.local/lib/python3.6/site-packages/airflow/example_dags/tutorial.py
[2022-05-07 14:48:45,660] {logging_mixin.py:104} INFO - [2022-05-07 14:48:45,660] {dag.py:1818} INFO - Sync 1 DAGs
[2022-05-07 14:48:45,669] {logging_mixin.py:104} INFO - [2022-05-07 14:48:45,669] {dag.py:2273} INFO - Setting next_dagrun for tutorial to 2022-05-05 00:00:00+00:00
[2022-05-07 14:48:45,673] {scheduler_job.py:190} INFO - Processing /home/airflow/.local/lib/python3.6/site-packages/airflow/example_dags/tutorial.py took 0.034 seconds
[2022-05-07 14:49:16,386] {scheduler_job.py:182} INFO - Started process (PID=10625) to work on /home/airflow/.local/lib/python3.6/site-packages/airflow/example_dags/tutorial.py
[2022-05-07 14:49:16,387] {scheduler_job.py:629} INFO - Processing file /home/airflow/.local/lib/python3.6/site-packages/airflow/example_dags/tutorial.py for tasks to queue
[2022-05-07 14:49:16,387] {logging_mixin.py:104} INFO - [2022-05-07 14:49:16,387] {dagbag.py:448} INFO - Filling up the DagBag from /home/airflow/.local/lib/python3.6/site-packages/airflow/example_dags/tutorial.py
[2022-05-07 14:49:16,393] {scheduler_job.py:639} INFO - DAG(s) dict_keys(['tutorial']) retrieved from /home/airflow/.local/lib/python3.6/site-packages/airflow/example_dags/tutorial.py
[2022-05-07 14:49:16,409] {logging_mixin.py:104} INFO - [2022-05-07 14:49:16,409] {dag.py:1818} INFO - Sync 1 DAGs
[2022-05-07 14:49:16,417] {logging_mixin.py:104} INFO - [2022-05-07 14:49:16,417] {dag.py:2273} INFO - Setting next_dagrun for tutorial to 2022-05-05 00:00:00+00:00
[2022-05-07 14:49:16,421] {scheduler_job.py:190} INFO - Processing /home/airflow/.local/lib/python3.6/site-packages/airflow/example_dags/tutorial.py took 0.037 seconds
[2022-05-07 14:49:47,128] {scheduler_job.py:182} INFO - Started process (PID=10760) to work on /home/airflow/.local/lib/python3.6/site-packages/airflow/example_dags/tutorial.py
[2022-05-07 14:49:47,129] {scheduler_job.py:629} INFO - Processing file /home/airflow/.local/lib/python3.6/site-packages/airflow/example_dags/tutorial.py for tasks to queue
[2022-05-07 14:49:47,130] {logging_mixin.py:104} INFO - [2022-05-07 14:49:47,130] {dagbag.py:448} INFO - Filling up the DagBag from /home/airflow/.local/lib/python3.6/site-packages/airflow/example_dags/tutorial.py
[2022-05-07 14:49:47,136] {scheduler_job.py:639} INFO - DAG(s) dict_keys(['tutorial']) retrieved from /home/airflow/.local/lib/python3.6/site-packages/airflow/example_dags/tutorial.py
[2022-05-07 14:49:47,152] {logging_mixin.py:104} INFO - [2022-05-07 14:49:47,152] {dag.py:1818} INFO - Sync 1 DAGs
[2022-05-07 14:49:47,162] {logging_mixin.py:104} INFO - [2022-05-07 14:49:47,162] {dag.py:2273} INFO - Setting next_dagrun for tutorial to 2022-05-05 00:00:00+00:00
[2022-05-07 14:49:47,166] {scheduler_job.py:190} INFO - Processing /home/airflow/.local/lib/python3.6/site-packages/airflow/example_dags/tutorial.py took 0.039 seconds
[2022-05-07 14:50:17,860] {scheduler_job.py:182} INFO - Started process (PID=10895) to work on /home/airflow/.local/lib/python3.6/site-packages/airflow/example_dags/tutorial.py
[2022-05-07 14:50:17,861] {scheduler_job.py:629} INFO - Processing file /home/airflow/.local/lib/python3.6/site-packages/airflow/example_dags/tutorial.py for tasks to queue
[2022-05-07 14:50:17,862] {logging_mixin.py:104} INFO - [2022-05-07 14:50:17,862] {dagbag.py:448} INFO - Filling up the DagBag from /home/airflow/.local/lib/python3.6/site-packages/airflow/example_dags/tutorial.py
[2022-05-07 14:50:17,868] {scheduler_job.py:639} INFO - DAG(s) dict_keys(['tutorial']) retrieved from /home/airflow/.local/lib/python3.6/site-packages/airflow/example_dags/tutorial.py
[2022-05-07 14:50:17,882] {logging_mixin.py:104} INFO - [2022-05-07 14:50:17,882] {dag.py:1818} INFO - Sync 1 DAGs
[2022-05-07 14:50:17,891] {logging_mixin.py:104} INFO - [2022-05-07 14:50:17,891] {dag.py:2273} INFO - Setting next_dagrun for tutorial to 2022-05-05 00:00:00+00:00
[2022-05-07 14:50:17,895] {scheduler_job.py:190} INFO - Processing /home/airflow/.local/lib/python3.6/site-packages/airflow/example_dags/tutorial.py took 0.036 seconds
[2022-05-07 14:50:48,627] {scheduler_job.py:182} INFO - Started process (PID=11030) to work on /home/airflow/.local/lib/python3.6/site-packages/airflow/example_dags/tutorial.py
[2022-05-07 14:50:48,628] {scheduler_job.py:629} INFO - Processing file /home/airflow/.local/lib/python3.6/site-packages/airflow/example_dags/tutorial.py for tasks to queue
[2022-05-07 14:50:48,628] {logging_mixin.py:104} INFO - [2022-05-07 14:50:48,628] {dagbag.py:448} INFO - Filling up the DagBag from /home/airflow/.local/lib/python3.6/site-packages/airflow/example_dags/tutorial.py
[2022-05-07 14:50:48,634] {scheduler_job.py:639} INFO - DAG(s) dict_keys(['tutorial']) retrieved from /home/airflow/.local/lib/python3.6/site-packages/airflow/example_dags/tutorial.py
[2022-05-07 14:50:48,650] {logging_mixin.py:104} INFO - [2022-05-07 14:50:48,650] {dag.py:1818} INFO - Sync 1 DAGs
[2022-05-07 14:50:48,657] {logging_mixin.py:104} INFO - [2022-05-07 14:50:48,657] {dag.py:2273} INFO - Setting next_dagrun for tutorial to 2022-05-05 00:00:00+00:00
[2022-05-07 14:50:48,661] {scheduler_job.py:190} INFO - Processing /home/airflow/.local/lib/python3.6/site-packages/airflow/example_dags/tutorial.py took 0.036 seconds
[2022-05-07 14:51:19,318] {scheduler_job.py:182} INFO - Started process (PID=11165) to work on /home/airflow/.local/lib/python3.6/site-packages/airflow/example_dags/tutorial.py
[2022-05-07 14:51:19,319] {scheduler_job.py:629} INFO - Processing file /home/airflow/.local/lib/python3.6/site-packages/airflow/example_dags/tutorial.py for tasks to queue
[2022-05-07 14:51:19,320] {logging_mixin.py:104} INFO - [2022-05-07 14:51:19,320] {dagbag.py:448} INFO - Filling up the DagBag from /home/airflow/.local/lib/python3.6/site-packages/airflow/example_dags/tutorial.py
[2022-05-07 14:51:19,326] {scheduler_job.py:639} INFO - DAG(s) dict_keys(['tutorial']) retrieved from /home/airflow/.local/lib/python3.6/site-packages/airflow/example_dags/tutorial.py
[2022-05-07 14:51:19,342] {logging_mixin.py:104} INFO - [2022-05-07 14:51:19,342] {dag.py:1818} INFO - Sync 1 DAGs
[2022-05-07 14:51:19,350] {logging_mixin.py:104} INFO - [2022-05-07 14:51:19,350] {dag.py:2273} INFO - Setting next_dagrun for tutorial to 2022-05-05 00:00:00+00:00
[2022-05-07 14:51:19,354] {scheduler_job.py:190} INFO - Processing /home/airflow/.local/lib/python3.6/site-packages/airflow/example_dags/tutorial.py took 0.038 seconds
[2022-05-07 14:51:50,079] {scheduler_job.py:182} INFO - Started process (PID=11300) to work on /home/airflow/.local/lib/python3.6/site-packages/airflow/example_dags/tutorial.py
[2022-05-07 14:51:50,079] {scheduler_job.py:629} INFO - Processing file /home/airflow/.local/lib/python3.6/site-packages/airflow/example_dags/tutorial.py for tasks to queue
[2022-05-07 14:51:50,080] {logging_mixin.py:104} INFO - [2022-05-07 14:51:50,080] {dagbag.py:448} INFO - Filling up the DagBag from /home/airflow/.local/lib/python3.6/site-packages/airflow/example_dags/tutorial.py
[2022-05-07 14:51:50,086] {scheduler_job.py:639} INFO - DAG(s) dict_keys(['tutorial']) retrieved from /home/airflow/.local/lib/python3.6/site-packages/airflow/example_dags/tutorial.py
[2022-05-07 14:51:50,102] {logging_mixin.py:104} INFO - [2022-05-07 14:51:50,102] {dag.py:1818} INFO - Sync 1 DAGs
[2022-05-07 14:51:50,109] {logging_mixin.py:104} INFO - [2022-05-07 14:51:50,109] {dag.py:2273} INFO - Setting next_dagrun for tutorial to 2022-05-05 00:00:00+00:00
[2022-05-07 14:51:50,113] {scheduler_job.py:190} INFO - Processing /home/airflow/.local/lib/python3.6/site-packages/airflow/example_dags/tutorial.py took 0.037 seconds
[2022-05-07 14:52:20,831] {scheduler_job.py:182} INFO - Started process (PID=11435) to work on /home/airflow/.local/lib/python3.6/site-packages/airflow/example_dags/tutorial.py
[2022-05-07 14:52:20,831] {scheduler_job.py:629} INFO - Processing file /home/airflow/.local/lib/python3.6/site-packages/airflow/example_dags/tutorial.py for tasks to queue
[2022-05-07 14:52:20,832] {logging_mixin.py:104} INFO - [2022-05-07 14:52:20,832] {dagbag.py:448} INFO - Filling up the DagBag from /home/airflow/.local/lib/python3.6/site-packages/airflow/example_dags/tutorial.py
[2022-05-07 14:52:20,838] {scheduler_job.py:639} INFO - DAG(s) dict_keys(['tutorial']) retrieved from /home/airflow/.local/lib/python3.6/site-packages/airflow/example_dags/tutorial.py
[2022-05-07 14:52:20,852] {logging_mixin.py:104} INFO - [2022-05-07 14:52:20,852] {dag.py:1818} INFO - Sync 1 DAGs
[2022-05-07 14:52:20,860] {logging_mixin.py:104} INFO - [2022-05-07 14:52:20,860] {dag.py:2273} INFO - Setting next_dagrun for tutorial to 2022-05-05 00:00:00+00:00
[2022-05-07 14:52:20,864] {scheduler_job.py:190} INFO - Processing /home/airflow/.local/lib/python3.6/site-packages/airflow/example_dags/tutorial.py took 0.036 seconds
[2022-05-07 14:52:51,531] {scheduler_job.py:182} INFO - Started process (PID=11570) to work on /home/airflow/.local/lib/python3.6/site-packages/airflow/example_dags/tutorial.py
[2022-05-07 14:52:51,532] {scheduler_job.py:629} INFO - Processing file /home/airflow/.local/lib/python3.6/site-packages/airflow/example_dags/tutorial.py for tasks to queue
[2022-05-07 14:52:51,532] {logging_mixin.py:104} INFO - [2022-05-07 14:52:51,532] {dagbag.py:448} INFO - Filling up the DagBag from /home/airflow/.local/lib/python3.6/site-packages/airflow/example_dags/tutorial.py
[2022-05-07 14:52:51,538] {scheduler_job.py:639} INFO - DAG(s) dict_keys(['tutorial']) retrieved from /home/airflow/.local/lib/python3.6/site-packages/airflow/example_dags/tutorial.py
[2022-05-07 14:52:51,552] {logging_mixin.py:104} INFO - [2022-05-07 14:52:51,552] {dag.py:1818} INFO - Sync 1 DAGs
[2022-05-07 14:52:51,561] {logging_mixin.py:104} INFO - [2022-05-07 14:52:51,561] {dag.py:2273} INFO - Setting next_dagrun for tutorial to 2022-05-05 00:00:00+00:00
[2022-05-07 14:52:51,565] {scheduler_job.py:190} INFO - Processing /home/airflow/.local/lib/python3.6/site-packages/airflow/example_dags/tutorial.py took 0.036 seconds
[2022-05-07 14:53:22,303] {scheduler_job.py:182} INFO - Started process (PID=11705) to work on /home/airflow/.local/lib/python3.6/site-packages/airflow/example_dags/tutorial.py
[2022-05-07 14:53:22,304] {scheduler_job.py:629} INFO - Processing file /home/airflow/.local/lib/python3.6/site-packages/airflow/example_dags/tutorial.py for tasks to queue
[2022-05-07 14:53:22,304] {logging_mixin.py:104} INFO - [2022-05-07 14:53:22,304] {dagbag.py:448} INFO - Filling up the DagBag from /home/airflow/.local/lib/python3.6/site-packages/airflow/example_dags/tutorial.py
[2022-05-07 14:53:22,310] {scheduler_job.py:639} INFO - DAG(s) dict_keys(['tutorial']) retrieved from /home/airflow/.local/lib/python3.6/site-packages/airflow/example_dags/tutorial.py
[2022-05-07 14:53:22,325] {logging_mixin.py:104} INFO - [2022-05-07 14:53:22,325] {dag.py:1818} INFO - Sync 1 DAGs
[2022-05-07 14:53:22,332] {logging_mixin.py:104} INFO - [2022-05-07 14:53:22,332] {dag.py:2273} INFO - Setting next_dagrun for tutorial to 2022-05-05 00:00:00+00:00
[2022-05-07 14:53:22,336] {scheduler_job.py:190} INFO - Processing /home/airflow/.local/lib/python3.6/site-packages/airflow/example_dags/tutorial.py took 0.035 seconds
[2022-05-07 14:53:53,059] {scheduler_job.py:182} INFO - Started process (PID=11840) to work on /home/airflow/.local/lib/python3.6/site-packages/airflow/example_dags/tutorial.py
[2022-05-07 14:53:53,060] {scheduler_job.py:629} INFO - Processing file /home/airflow/.local/lib/python3.6/site-packages/airflow/example_dags/tutorial.py for tasks to queue
[2022-05-07 14:53:53,060] {logging_mixin.py:104} INFO - [2022-05-07 14:53:53,060] {dagbag.py:448} INFO - Filling up the DagBag from /home/airflow/.local/lib/python3.6/site-packages/airflow/example_dags/tutorial.py
[2022-05-07 14:53:53,066] {scheduler_job.py:639} INFO - DAG(s) dict_keys(['tutorial']) retrieved from /home/airflow/.local/lib/python3.6/site-packages/airflow/example_dags/tutorial.py
[2022-05-07 14:53:53,081] {logging_mixin.py:104} INFO - [2022-05-07 14:53:53,080] {dag.py:1818} INFO - Sync 1 DAGs
[2022-05-07 14:53:53,089] {logging_mixin.py:104} INFO - [2022-05-07 14:53:53,089] {dag.py:2273} INFO - Setting next_dagrun for tutorial to 2022-05-05 00:00:00+00:00
[2022-05-07 14:53:53,093] {scheduler_job.py:190} INFO - Processing /home/airflow/.local/lib/python3.6/site-packages/airflow/example_dags/tutorial.py took 0.035 seconds
[2022-05-07 14:54:23,761] {scheduler_job.py:182} INFO - Started process (PID=11973) to work on /home/airflow/.local/lib/python3.6/site-packages/airflow/example_dags/tutorial.py
[2022-05-07 14:54:23,762] {scheduler_job.py:629} INFO - Processing file /home/airflow/.local/lib/python3.6/site-packages/airflow/example_dags/tutorial.py for tasks to queue
[2022-05-07 14:54:23,762] {logging_mixin.py:104} INFO - [2022-05-07 14:54:23,762] {dagbag.py:448} INFO - Filling up the DagBag from /home/airflow/.local/lib/python3.6/site-packages/airflow/example_dags/tutorial.py
[2022-05-07 14:54:23,769] {scheduler_job.py:639} INFO - DAG(s) dict_keys(['tutorial']) retrieved from /home/airflow/.local/lib/python3.6/site-packages/airflow/example_dags/tutorial.py
[2022-05-07 14:54:23,783] {logging_mixin.py:104} INFO - [2022-05-07 14:54:23,783] {dag.py:1818} INFO - Sync 1 DAGs
[2022-05-07 14:54:23,791] {logging_mixin.py:104} INFO - [2022-05-07 14:54:23,791] {dag.py:2273} INFO - Setting next_dagrun for tutorial to 2022-05-05 00:00:00+00:00
[2022-05-07 14:54:23,795] {scheduler_job.py:190} INFO - Processing /home/airflow/.local/lib/python3.6/site-packages/airflow/example_dags/tutorial.py took 0.036 seconds
