[2022-05-02 14:46:28,123] {scheduler_job.py:182} INFO - Started process (PID=184) to work on /home/airflow/.local/lib/python3.6/site-packages/airflow/example_dags/tutorial.py
[2022-05-02 14:46:28,124] {scheduler_job.py:629} INFO - Processing file /home/airflow/.local/lib/python3.6/site-packages/airflow/example_dags/tutorial.py for tasks to queue
[2022-05-02 14:46:28,124] {logging_mixin.py:104} INFO - [2022-05-02 14:46:28,124] {dagbag.py:448} INFO - Filling up the DagBag from /home/airflow/.local/lib/python3.6/site-packages/airflow/example_dags/tutorial.py
[2022-05-02 14:46:28,130] {scheduler_job.py:639} INFO - DAG(s) dict_keys(['tutorial']) retrieved from /home/airflow/.local/lib/python3.6/site-packages/airflow/example_dags/tutorial.py
[2022-05-02 14:46:28,147] {logging_mixin.py:104} INFO - [2022-05-02 14:46:28,147] {dag.py:1818} INFO - Sync 1 DAGs
[2022-05-02 14:46:28,155] {logging_mixin.py:104} INFO - [2022-05-02 14:46:28,155] {dag.py:2273} INFO - Setting next_dagrun for tutorial to 2022-04-30 00:00:00+00:00
[2022-05-02 14:46:28,161] {scheduler_job.py:190} INFO - Processing /home/airflow/.local/lib/python3.6/site-packages/airflow/example_dags/tutorial.py took 0.040 seconds
[2022-05-02 14:46:59,151] {scheduler_job.py:182} INFO - Started process (PID=818) to work on /home/airflow/.local/lib/python3.6/site-packages/airflow/example_dags/tutorial.py
[2022-05-02 14:46:59,152] {scheduler_job.py:629} INFO - Processing file /home/airflow/.local/lib/python3.6/site-packages/airflow/example_dags/tutorial.py for tasks to queue
[2022-05-02 14:46:59,153] {logging_mixin.py:104} INFO - [2022-05-02 14:46:59,153] {dagbag.py:448} INFO - Filling up the DagBag from /home/airflow/.local/lib/python3.6/site-packages/airflow/example_dags/tutorial.py
[2022-05-02 14:46:59,157] {scheduler_job.py:639} INFO - DAG(s) dict_keys(['tutorial']) retrieved from /home/airflow/.local/lib/python3.6/site-packages/airflow/example_dags/tutorial.py
[2022-05-02 14:46:59,168] {logging_mixin.py:104} INFO - [2022-05-02 14:46:59,168] {dag.py:1818} INFO - Sync 1 DAGs
[2022-05-02 14:46:59,178] {logging_mixin.py:104} INFO - [2022-05-02 14:46:59,178] {dag.py:2273} INFO - Setting next_dagrun for tutorial to 2022-04-30 00:00:00+00:00
[2022-05-02 14:46:59,181] {scheduler_job.py:190} INFO - Processing /home/airflow/.local/lib/python3.6/site-packages/airflow/example_dags/tutorial.py took 0.032 seconds
[2022-05-02 14:47:30,213] {scheduler_job.py:182} INFO - Started process (PID=1146) to work on /home/airflow/.local/lib/python3.6/site-packages/airflow/example_dags/tutorial.py
[2022-05-02 14:47:30,213] {scheduler_job.py:629} INFO - Processing file /home/airflow/.local/lib/python3.6/site-packages/airflow/example_dags/tutorial.py for tasks to queue
[2022-05-02 14:47:30,214] {logging_mixin.py:104} INFO - [2022-05-02 14:47:30,214] {dagbag.py:448} INFO - Filling up the DagBag from /home/airflow/.local/lib/python3.6/site-packages/airflow/example_dags/tutorial.py
[2022-05-02 14:47:30,219] {scheduler_job.py:639} INFO - DAG(s) dict_keys(['tutorial']) retrieved from /home/airflow/.local/lib/python3.6/site-packages/airflow/example_dags/tutorial.py
[2022-05-02 14:47:30,234] {logging_mixin.py:104} INFO - [2022-05-02 14:47:30,234] {dag.py:1818} INFO - Sync 1 DAGs
[2022-05-02 14:47:30,242] {logging_mixin.py:104} INFO - [2022-05-02 14:47:30,242] {dag.py:2273} INFO - Setting next_dagrun for tutorial to 2022-04-30 00:00:00+00:00
[2022-05-02 14:47:30,246] {scheduler_job.py:190} INFO - Processing /home/airflow/.local/lib/python3.6/site-packages/airflow/example_dags/tutorial.py took 0.035 seconds
[2022-05-02 14:48:01,115] {scheduler_job.py:182} INFO - Started process (PID=1473) to work on /home/airflow/.local/lib/python3.6/site-packages/airflow/example_dags/tutorial.py
[2022-05-02 14:48:01,116] {scheduler_job.py:629} INFO - Processing file /home/airflow/.local/lib/python3.6/site-packages/airflow/example_dags/tutorial.py for tasks to queue
[2022-05-02 14:48:01,117] {logging_mixin.py:104} INFO - [2022-05-02 14:48:01,116] {dagbag.py:448} INFO - Filling up the DagBag from /home/airflow/.local/lib/python3.6/site-packages/airflow/example_dags/tutorial.py
[2022-05-02 14:48:01,125] {scheduler_job.py:639} INFO - DAG(s) dict_keys(['tutorial']) retrieved from /home/airflow/.local/lib/python3.6/site-packages/airflow/example_dags/tutorial.py
[2022-05-02 14:48:01,139] {logging_mixin.py:104} INFO - [2022-05-02 14:48:01,139] {dag.py:1818} INFO - Sync 1 DAGs
[2022-05-02 14:48:01,148] {logging_mixin.py:104} INFO - [2022-05-02 14:48:01,148] {dag.py:2273} INFO - Setting next_dagrun for tutorial to 2022-04-30 00:00:00+00:00
[2022-05-02 14:48:01,152] {scheduler_job.py:190} INFO - Processing /home/airflow/.local/lib/python3.6/site-packages/airflow/example_dags/tutorial.py took 0.040 seconds
[2022-05-02 14:48:32,015] {scheduler_job.py:182} INFO - Started process (PID=1699) to work on /home/airflow/.local/lib/python3.6/site-packages/airflow/example_dags/tutorial.py
[2022-05-02 14:48:32,016] {scheduler_job.py:629} INFO - Processing file /home/airflow/.local/lib/python3.6/site-packages/airflow/example_dags/tutorial.py for tasks to queue
[2022-05-02 14:48:32,016] {logging_mixin.py:104} INFO - [2022-05-02 14:48:32,016] {dagbag.py:448} INFO - Filling up the DagBag from /home/airflow/.local/lib/python3.6/site-packages/airflow/example_dags/tutorial.py
[2022-05-02 14:48:32,022] {scheduler_job.py:639} INFO - DAG(s) dict_keys(['tutorial']) retrieved from /home/airflow/.local/lib/python3.6/site-packages/airflow/example_dags/tutorial.py
[2022-05-02 14:48:32,035] {logging_mixin.py:104} INFO - [2022-05-02 14:48:32,035] {dag.py:1818} INFO - Sync 1 DAGs
[2022-05-02 14:48:32,048] {logging_mixin.py:104} INFO - [2022-05-02 14:48:32,048] {dag.py:2273} INFO - Setting next_dagrun for tutorial to 2022-04-30 00:00:00+00:00
[2022-05-02 14:48:32,053] {scheduler_job.py:190} INFO - Processing /home/airflow/.local/lib/python3.6/site-packages/airflow/example_dags/tutorial.py took 0.040 seconds
[2022-05-02 14:49:03,003] {scheduler_job.py:182} INFO - Started process (PID=1939) to work on /home/airflow/.local/lib/python3.6/site-packages/airflow/example_dags/tutorial.py
[2022-05-02 14:49:03,004] {scheduler_job.py:629} INFO - Processing file /home/airflow/.local/lib/python3.6/site-packages/airflow/example_dags/tutorial.py for tasks to queue
[2022-05-02 14:49:03,004] {logging_mixin.py:104} INFO - [2022-05-02 14:49:03,004] {dagbag.py:448} INFO - Filling up the DagBag from /home/airflow/.local/lib/python3.6/site-packages/airflow/example_dags/tutorial.py
[2022-05-02 14:49:03,012] {scheduler_job.py:639} INFO - DAG(s) dict_keys(['tutorial']) retrieved from /home/airflow/.local/lib/python3.6/site-packages/airflow/example_dags/tutorial.py
[2022-05-02 14:49:03,023] {logging_mixin.py:104} INFO - [2022-05-02 14:49:03,023] {dag.py:1818} INFO - Sync 1 DAGs
[2022-05-02 14:49:03,033] {logging_mixin.py:104} INFO - [2022-05-02 14:49:03,033] {dag.py:2273} INFO - Setting next_dagrun for tutorial to 2022-04-30 00:00:00+00:00
[2022-05-02 14:49:03,036] {scheduler_job.py:190} INFO - Processing /home/airflow/.local/lib/python3.6/site-packages/airflow/example_dags/tutorial.py took 0.035 seconds
[2022-05-02 14:49:33,873] {scheduler_job.py:182} INFO - Started process (PID=2074) to work on /home/airflow/.local/lib/python3.6/site-packages/airflow/example_dags/tutorial.py
[2022-05-02 14:49:33,873] {scheduler_job.py:629} INFO - Processing file /home/airflow/.local/lib/python3.6/site-packages/airflow/example_dags/tutorial.py for tasks to queue
[2022-05-02 14:49:33,874] {logging_mixin.py:104} INFO - [2022-05-02 14:49:33,874] {dagbag.py:448} INFO - Filling up the DagBag from /home/airflow/.local/lib/python3.6/site-packages/airflow/example_dags/tutorial.py
[2022-05-02 14:49:33,882] {scheduler_job.py:639} INFO - DAG(s) dict_keys(['tutorial']) retrieved from /home/airflow/.local/lib/python3.6/site-packages/airflow/example_dags/tutorial.py
[2022-05-02 14:49:33,897] {logging_mixin.py:104} INFO - [2022-05-02 14:49:33,897] {dag.py:1818} INFO - Sync 1 DAGs
[2022-05-02 14:49:33,906] {logging_mixin.py:104} INFO - [2022-05-02 14:49:33,906] {dag.py:2273} INFO - Setting next_dagrun for tutorial to 2022-04-30 00:00:00+00:00
[2022-05-02 14:49:33,910] {scheduler_job.py:190} INFO - Processing /home/airflow/.local/lib/python3.6/site-packages/airflow/example_dags/tutorial.py took 0.040 seconds
[2022-05-02 14:50:04,801] {scheduler_job.py:182} INFO - Started process (PID=2209) to work on /home/airflow/.local/lib/python3.6/site-packages/airflow/example_dags/tutorial.py
[2022-05-02 14:50:04,802] {scheduler_job.py:629} INFO - Processing file /home/airflow/.local/lib/python3.6/site-packages/airflow/example_dags/tutorial.py for tasks to queue
[2022-05-02 14:50:04,802] {logging_mixin.py:104} INFO - [2022-05-02 14:50:04,802] {dagbag.py:448} INFO - Filling up the DagBag from /home/airflow/.local/lib/python3.6/site-packages/airflow/example_dags/tutorial.py
[2022-05-02 14:50:04,811] {scheduler_job.py:639} INFO - DAG(s) dict_keys(['tutorial']) retrieved from /home/airflow/.local/lib/python3.6/site-packages/airflow/example_dags/tutorial.py
[2022-05-02 14:50:04,827] {logging_mixin.py:104} INFO - [2022-05-02 14:50:04,827] {dag.py:1818} INFO - Sync 1 DAGs
[2022-05-02 14:50:04,834] {logging_mixin.py:104} INFO - [2022-05-02 14:50:04,834] {dag.py:2273} INFO - Setting next_dagrun for tutorial to 2022-04-30 00:00:00+00:00
[2022-05-02 14:50:04,838] {scheduler_job.py:190} INFO - Processing /home/airflow/.local/lib/python3.6/site-packages/airflow/example_dags/tutorial.py took 0.039 seconds
[2022-05-02 14:50:35,783] {scheduler_job.py:182} INFO - Started process (PID=2346) to work on /home/airflow/.local/lib/python3.6/site-packages/airflow/example_dags/tutorial.py
[2022-05-02 14:50:35,784] {scheduler_job.py:629} INFO - Processing file /home/airflow/.local/lib/python3.6/site-packages/airflow/example_dags/tutorial.py for tasks to queue
[2022-05-02 14:50:35,784] {logging_mixin.py:104} INFO - [2022-05-02 14:50:35,784] {dagbag.py:448} INFO - Filling up the DagBag from /home/airflow/.local/lib/python3.6/site-packages/airflow/example_dags/tutorial.py
[2022-05-02 14:50:35,792] {scheduler_job.py:639} INFO - DAG(s) dict_keys(['tutorial']) retrieved from /home/airflow/.local/lib/python3.6/site-packages/airflow/example_dags/tutorial.py
[2022-05-02 14:50:35,807] {logging_mixin.py:104} INFO - [2022-05-02 14:50:35,807] {dag.py:1818} INFO - Sync 1 DAGs
[2022-05-02 14:50:35,816] {logging_mixin.py:104} INFO - [2022-05-02 14:50:35,816] {dag.py:2273} INFO - Setting next_dagrun for tutorial to 2022-04-30 00:00:00+00:00
[2022-05-02 14:50:35,820] {scheduler_job.py:190} INFO - Processing /home/airflow/.local/lib/python3.6/site-packages/airflow/example_dags/tutorial.py took 0.039 seconds
[2022-05-02 14:51:06,618] {scheduler_job.py:182} INFO - Started process (PID=2479) to work on /home/airflow/.local/lib/python3.6/site-packages/airflow/example_dags/tutorial.py
[2022-05-02 14:51:06,619] {scheduler_job.py:629} INFO - Processing file /home/airflow/.local/lib/python3.6/site-packages/airflow/example_dags/tutorial.py for tasks to queue
[2022-05-02 14:51:06,619] {logging_mixin.py:104} INFO - [2022-05-02 14:51:06,619] {dagbag.py:448} INFO - Filling up the DagBag from /home/airflow/.local/lib/python3.6/site-packages/airflow/example_dags/tutorial.py
[2022-05-02 14:51:06,626] {scheduler_job.py:639} INFO - DAG(s) dict_keys(['tutorial']) retrieved from /home/airflow/.local/lib/python3.6/site-packages/airflow/example_dags/tutorial.py
[2022-05-02 14:51:06,636] {logging_mixin.py:104} INFO - [2022-05-02 14:51:06,636] {dag.py:1818} INFO - Sync 1 DAGs
[2022-05-02 14:51:06,645] {logging_mixin.py:104} INFO - [2022-05-02 14:51:06,645] {dag.py:2273} INFO - Setting next_dagrun for tutorial to 2022-04-30 00:00:00+00:00
[2022-05-02 14:51:06,649] {scheduler_job.py:190} INFO - Processing /home/airflow/.local/lib/python3.6/site-packages/airflow/example_dags/tutorial.py took 0.033 seconds
[2022-05-02 14:51:37,567] {scheduler_job.py:182} INFO - Started process (PID=2616) to work on /home/airflow/.local/lib/python3.6/site-packages/airflow/example_dags/tutorial.py
[2022-05-02 14:51:37,567] {scheduler_job.py:629} INFO - Processing file /home/airflow/.local/lib/python3.6/site-packages/airflow/example_dags/tutorial.py for tasks to queue
[2022-05-02 14:51:37,568] {logging_mixin.py:104} INFO - [2022-05-02 14:51:37,568] {dagbag.py:448} INFO - Filling up the DagBag from /home/airflow/.local/lib/python3.6/site-packages/airflow/example_dags/tutorial.py
[2022-05-02 14:51:37,574] {scheduler_job.py:639} INFO - DAG(s) dict_keys(['tutorial']) retrieved from /home/airflow/.local/lib/python3.6/site-packages/airflow/example_dags/tutorial.py
[2022-05-02 14:51:37,590] {logging_mixin.py:104} INFO - [2022-05-02 14:51:37,590] {dag.py:1818} INFO - Sync 1 DAGs
[2022-05-02 14:51:37,599] {logging_mixin.py:104} INFO - [2022-05-02 14:51:37,599] {dag.py:2273} INFO - Setting next_dagrun for tutorial to 2022-04-30 00:00:00+00:00
[2022-05-02 14:51:37,603] {scheduler_job.py:190} INFO - Processing /home/airflow/.local/lib/python3.6/site-packages/airflow/example_dags/tutorial.py took 0.039 seconds
[2022-05-02 14:52:07,631] {scheduler_job.py:182} INFO - Started process (PID=2754) to work on /home/airflow/.local/lib/python3.6/site-packages/airflow/example_dags/tutorial.py
[2022-05-02 14:52:07,631] {scheduler_job.py:629} INFO - Processing file /home/airflow/.local/lib/python3.6/site-packages/airflow/example_dags/tutorial.py for tasks to queue
[2022-05-02 14:52:07,632] {logging_mixin.py:104} INFO - [2022-05-02 14:52:07,631] {dagbag.py:448} INFO - Filling up the DagBag from /home/airflow/.local/lib/python3.6/site-packages/airflow/example_dags/tutorial.py
[2022-05-02 14:52:07,638] {scheduler_job.py:639} INFO - DAG(s) dict_keys(['tutorial']) retrieved from /home/airflow/.local/lib/python3.6/site-packages/airflow/example_dags/tutorial.py
[2022-05-02 14:52:07,652] {logging_mixin.py:104} INFO - [2022-05-02 14:52:07,652] {dag.py:1818} INFO - Sync 1 DAGs
[2022-05-02 14:52:07,662] {logging_mixin.py:104} INFO - [2022-05-02 14:52:07,662] {dag.py:2273} INFO - Setting next_dagrun for tutorial to 2022-04-30 00:00:00+00:00
[2022-05-02 14:52:07,666] {scheduler_job.py:190} INFO - Processing /home/airflow/.local/lib/python3.6/site-packages/airflow/example_dags/tutorial.py took 0.037 seconds
[2022-05-02 14:52:38,484] {scheduler_job.py:182} INFO - Started process (PID=2884) to work on /home/airflow/.local/lib/python3.6/site-packages/airflow/example_dags/tutorial.py
[2022-05-02 14:52:38,485] {scheduler_job.py:629} INFO - Processing file /home/airflow/.local/lib/python3.6/site-packages/airflow/example_dags/tutorial.py for tasks to queue
[2022-05-02 14:52:38,486] {logging_mixin.py:104} INFO - [2022-05-02 14:52:38,486] {dagbag.py:448} INFO - Filling up the DagBag from /home/airflow/.local/lib/python3.6/site-packages/airflow/example_dags/tutorial.py
[2022-05-02 14:52:38,493] {scheduler_job.py:639} INFO - DAG(s) dict_keys(['tutorial']) retrieved from /home/airflow/.local/lib/python3.6/site-packages/airflow/example_dags/tutorial.py
[2022-05-02 14:52:38,507] {logging_mixin.py:104} INFO - [2022-05-02 14:52:38,506] {dag.py:1818} INFO - Sync 1 DAGs
[2022-05-02 14:52:38,514] {logging_mixin.py:104} INFO - [2022-05-02 14:52:38,514] {dag.py:2273} INFO - Setting next_dagrun for tutorial to 2022-04-30 00:00:00+00:00
[2022-05-02 14:52:38,518] {scheduler_job.py:190} INFO - Processing /home/airflow/.local/lib/python3.6/site-packages/airflow/example_dags/tutorial.py took 0.037 seconds
[2022-05-02 14:53:09,413] {scheduler_job.py:182} INFO - Started process (PID=3019) to work on /home/airflow/.local/lib/python3.6/site-packages/airflow/example_dags/tutorial.py
[2022-05-02 14:53:09,413] {scheduler_job.py:629} INFO - Processing file /home/airflow/.local/lib/python3.6/site-packages/airflow/example_dags/tutorial.py for tasks to queue
[2022-05-02 14:53:09,413] {logging_mixin.py:104} INFO - [2022-05-02 14:53:09,413] {dagbag.py:448} INFO - Filling up the DagBag from /home/airflow/.local/lib/python3.6/site-packages/airflow/example_dags/tutorial.py
[2022-05-02 14:53:09,418] {scheduler_job.py:639} INFO - DAG(s) dict_keys(['tutorial']) retrieved from /home/airflow/.local/lib/python3.6/site-packages/airflow/example_dags/tutorial.py
[2022-05-02 14:53:09,434] {logging_mixin.py:104} INFO - [2022-05-02 14:53:09,434] {dag.py:1818} INFO - Sync 1 DAGs
[2022-05-02 14:53:09,443] {logging_mixin.py:104} INFO - [2022-05-02 14:53:09,443] {dag.py:2273} INFO - Setting next_dagrun for tutorial to 2022-04-30 00:00:00+00:00
[2022-05-02 14:53:09,447] {scheduler_job.py:190} INFO - Processing /home/airflow/.local/lib/python3.6/site-packages/airflow/example_dags/tutorial.py took 0.036 seconds
[2022-05-02 14:53:40,259] {scheduler_job.py:182} INFO - Started process (PID=3154) to work on /home/airflow/.local/lib/python3.6/site-packages/airflow/example_dags/tutorial.py
[2022-05-02 14:53:40,260] {scheduler_job.py:629} INFO - Processing file /home/airflow/.local/lib/python3.6/site-packages/airflow/example_dags/tutorial.py for tasks to queue
[2022-05-02 14:53:40,260] {logging_mixin.py:104} INFO - [2022-05-02 14:53:40,260] {dagbag.py:448} INFO - Filling up the DagBag from /home/airflow/.local/lib/python3.6/site-packages/airflow/example_dags/tutorial.py
[2022-05-02 14:53:40,266] {scheduler_job.py:639} INFO - DAG(s) dict_keys(['tutorial']) retrieved from /home/airflow/.local/lib/python3.6/site-packages/airflow/example_dags/tutorial.py
[2022-05-02 14:53:40,281] {logging_mixin.py:104} INFO - [2022-05-02 14:53:40,281] {dag.py:1818} INFO - Sync 1 DAGs
[2022-05-02 14:53:40,288] {logging_mixin.py:104} INFO - [2022-05-02 14:53:40,288] {dag.py:2273} INFO - Setting next_dagrun for tutorial to 2022-04-30 00:00:00+00:00
[2022-05-02 14:53:40,292] {scheduler_job.py:190} INFO - Processing /home/airflow/.local/lib/python3.6/site-packages/airflow/example_dags/tutorial.py took 0.035 seconds
[2022-05-02 14:54:11,179] {scheduler_job.py:182} INFO - Started process (PID=3288) to work on /home/airflow/.local/lib/python3.6/site-packages/airflow/example_dags/tutorial.py
[2022-05-02 14:54:11,180] {scheduler_job.py:629} INFO - Processing file /home/airflow/.local/lib/python3.6/site-packages/airflow/example_dags/tutorial.py for tasks to queue
[2022-05-02 14:54:11,180] {logging_mixin.py:104} INFO - [2022-05-02 14:54:11,180] {dagbag.py:448} INFO - Filling up the DagBag from /home/airflow/.local/lib/python3.6/site-packages/airflow/example_dags/tutorial.py
[2022-05-02 14:54:11,185] {scheduler_job.py:639} INFO - DAG(s) dict_keys(['tutorial']) retrieved from /home/airflow/.local/lib/python3.6/site-packages/airflow/example_dags/tutorial.py
[2022-05-02 14:54:11,194] {logging_mixin.py:104} INFO - [2022-05-02 14:54:11,194] {dag.py:1818} INFO - Sync 1 DAGs
[2022-05-02 14:54:11,201] {logging_mixin.py:104} INFO - [2022-05-02 14:54:11,201] {dag.py:2273} INFO - Setting next_dagrun for tutorial to 2022-04-30 00:00:00+00:00
[2022-05-02 14:54:11,204] {scheduler_job.py:190} INFO - Processing /home/airflow/.local/lib/python3.6/site-packages/airflow/example_dags/tutorial.py took 0.027 seconds
[2022-05-02 14:54:42,036] {scheduler_job.py:182} INFO - Started process (PID=3424) to work on /home/airflow/.local/lib/python3.6/site-packages/airflow/example_dags/tutorial.py
[2022-05-02 14:54:42,037] {scheduler_job.py:629} INFO - Processing file /home/airflow/.local/lib/python3.6/site-packages/airflow/example_dags/tutorial.py for tasks to queue
[2022-05-02 14:54:42,037] {logging_mixin.py:104} INFO - [2022-05-02 14:54:42,037] {dagbag.py:448} INFO - Filling up the DagBag from /home/airflow/.local/lib/python3.6/site-packages/airflow/example_dags/tutorial.py
[2022-05-02 14:54:42,045] {scheduler_job.py:639} INFO - DAG(s) dict_keys(['tutorial']) retrieved from /home/airflow/.local/lib/python3.6/site-packages/airflow/example_dags/tutorial.py
[2022-05-02 14:54:42,061] {logging_mixin.py:104} INFO - [2022-05-02 14:54:42,061] {dag.py:1818} INFO - Sync 1 DAGs
[2022-05-02 14:54:42,070] {logging_mixin.py:104} INFO - [2022-05-02 14:54:42,070] {dag.py:2273} INFO - Setting next_dagrun for tutorial to 2022-04-30 00:00:00+00:00
[2022-05-02 14:54:42,075] {scheduler_job.py:190} INFO - Processing /home/airflow/.local/lib/python3.6/site-packages/airflow/example_dags/tutorial.py took 0.041 seconds
[2022-05-02 14:55:12,998] {scheduler_job.py:182} INFO - Started process (PID=3561) to work on /home/airflow/.local/lib/python3.6/site-packages/airflow/example_dags/tutorial.py
[2022-05-02 14:55:12,998] {scheduler_job.py:629} INFO - Processing file /home/airflow/.local/lib/python3.6/site-packages/airflow/example_dags/tutorial.py for tasks to queue
[2022-05-02 14:55:12,999] {logging_mixin.py:104} INFO - [2022-05-02 14:55:12,999] {dagbag.py:448} INFO - Filling up the DagBag from /home/airflow/.local/lib/python3.6/site-packages/airflow/example_dags/tutorial.py
[2022-05-02 14:55:13,004] {scheduler_job.py:639} INFO - DAG(s) dict_keys(['tutorial']) retrieved from /home/airflow/.local/lib/python3.6/site-packages/airflow/example_dags/tutorial.py
[2022-05-02 14:55:13,017] {logging_mixin.py:104} INFO - [2022-05-02 14:55:13,017] {dag.py:1818} INFO - Sync 1 DAGs
[2022-05-02 14:55:13,025] {logging_mixin.py:104} INFO - [2022-05-02 14:55:13,025] {dag.py:2273} INFO - Setting next_dagrun for tutorial to 2022-04-30 00:00:00+00:00
[2022-05-02 14:55:13,030] {scheduler_job.py:190} INFO - Processing /home/airflow/.local/lib/python3.6/site-packages/airflow/example_dags/tutorial.py took 0.034 seconds
[2022-05-02 14:55:43,881] {scheduler_job.py:182} INFO - Started process (PID=3694) to work on /home/airflow/.local/lib/python3.6/site-packages/airflow/example_dags/tutorial.py
[2022-05-02 14:55:43,882] {scheduler_job.py:629} INFO - Processing file /home/airflow/.local/lib/python3.6/site-packages/airflow/example_dags/tutorial.py for tasks to queue
[2022-05-02 14:55:43,882] {logging_mixin.py:104} INFO - [2022-05-02 14:55:43,882] {dagbag.py:448} INFO - Filling up the DagBag from /home/airflow/.local/lib/python3.6/site-packages/airflow/example_dags/tutorial.py
[2022-05-02 14:55:43,889] {scheduler_job.py:639} INFO - DAG(s) dict_keys(['tutorial']) retrieved from /home/airflow/.local/lib/python3.6/site-packages/airflow/example_dags/tutorial.py
[2022-05-02 14:55:43,903] {logging_mixin.py:104} INFO - [2022-05-02 14:55:43,903] {dag.py:1818} INFO - Sync 1 DAGs
[2022-05-02 14:55:43,913] {logging_mixin.py:104} INFO - [2022-05-02 14:55:43,913] {dag.py:2273} INFO - Setting next_dagrun for tutorial to 2022-04-30 00:00:00+00:00
[2022-05-02 14:55:43,917] {scheduler_job.py:190} INFO - Processing /home/airflow/.local/lib/python3.6/site-packages/airflow/example_dags/tutorial.py took 0.039 seconds
[2022-05-02 14:56:14,801] {scheduler_job.py:182} INFO - Started process (PID=3829) to work on /home/airflow/.local/lib/python3.6/site-packages/airflow/example_dags/tutorial.py
[2022-05-02 14:56:14,802] {scheduler_job.py:629} INFO - Processing file /home/airflow/.local/lib/python3.6/site-packages/airflow/example_dags/tutorial.py for tasks to queue
[2022-05-02 14:56:14,802] {logging_mixin.py:104} INFO - [2022-05-02 14:56:14,802] {dagbag.py:448} INFO - Filling up the DagBag from /home/airflow/.local/lib/python3.6/site-packages/airflow/example_dags/tutorial.py
[2022-05-02 14:56:14,810] {scheduler_job.py:639} INFO - DAG(s) dict_keys(['tutorial']) retrieved from /home/airflow/.local/lib/python3.6/site-packages/airflow/example_dags/tutorial.py
[2022-05-02 14:56:14,820] {logging_mixin.py:104} INFO - [2022-05-02 14:56:14,820] {dag.py:1818} INFO - Sync 1 DAGs
[2022-05-02 14:56:14,828] {logging_mixin.py:104} INFO - [2022-05-02 14:56:14,828] {dag.py:2273} INFO - Setting next_dagrun for tutorial to 2022-04-30 00:00:00+00:00
[2022-05-02 14:56:14,832] {scheduler_job.py:190} INFO - Processing /home/airflow/.local/lib/python3.6/site-packages/airflow/example_dags/tutorial.py took 0.034 seconds
[2022-05-02 14:56:45,730] {scheduler_job.py:182} INFO - Started process (PID=3964) to work on /home/airflow/.local/lib/python3.6/site-packages/airflow/example_dags/tutorial.py
[2022-05-02 14:56:45,731] {scheduler_job.py:629} INFO - Processing file /home/airflow/.local/lib/python3.6/site-packages/airflow/example_dags/tutorial.py for tasks to queue
[2022-05-02 14:56:45,731] {logging_mixin.py:104} INFO - [2022-05-02 14:56:45,731] {dagbag.py:448} INFO - Filling up the DagBag from /home/airflow/.local/lib/python3.6/site-packages/airflow/example_dags/tutorial.py
[2022-05-02 14:56:45,736] {scheduler_job.py:639} INFO - DAG(s) dict_keys(['tutorial']) retrieved from /home/airflow/.local/lib/python3.6/site-packages/airflow/example_dags/tutorial.py
[2022-05-02 14:56:45,749] {logging_mixin.py:104} INFO - [2022-05-02 14:56:45,749] {dag.py:1818} INFO - Sync 1 DAGs
[2022-05-02 14:56:45,758] {logging_mixin.py:104} INFO - [2022-05-02 14:56:45,758] {dag.py:2273} INFO - Setting next_dagrun for tutorial to 2022-04-30 00:00:00+00:00
[2022-05-02 14:56:45,762] {scheduler_job.py:190} INFO - Processing /home/airflow/.local/lib/python3.6/site-packages/airflow/example_dags/tutorial.py took 0.034 seconds
[2022-05-02 14:57:16,637] {scheduler_job.py:182} INFO - Started process (PID=4101) to work on /home/airflow/.local/lib/python3.6/site-packages/airflow/example_dags/tutorial.py
[2022-05-02 14:57:16,637] {scheduler_job.py:629} INFO - Processing file /home/airflow/.local/lib/python3.6/site-packages/airflow/example_dags/tutorial.py for tasks to queue
[2022-05-02 14:57:16,638] {logging_mixin.py:104} INFO - [2022-05-02 14:57:16,638] {dagbag.py:448} INFO - Filling up the DagBag from /home/airflow/.local/lib/python3.6/site-packages/airflow/example_dags/tutorial.py
[2022-05-02 14:57:16,644] {scheduler_job.py:639} INFO - DAG(s) dict_keys(['tutorial']) retrieved from /home/airflow/.local/lib/python3.6/site-packages/airflow/example_dags/tutorial.py
[2022-05-02 14:57:16,660] {logging_mixin.py:104} INFO - [2022-05-02 14:57:16,660] {dag.py:1818} INFO - Sync 1 DAGs
[2022-05-02 14:57:16,670] {logging_mixin.py:104} INFO - [2022-05-02 14:57:16,670] {dag.py:2273} INFO - Setting next_dagrun for tutorial to 2022-04-30 00:00:00+00:00
[2022-05-02 14:57:16,674] {scheduler_job.py:190} INFO - Processing /home/airflow/.local/lib/python3.6/site-packages/airflow/example_dags/tutorial.py took 0.039 seconds
[2022-05-02 14:57:47,504] {scheduler_job.py:182} INFO - Started process (PID=4234) to work on /home/airflow/.local/lib/python3.6/site-packages/airflow/example_dags/tutorial.py
[2022-05-02 14:57:47,505] {scheduler_job.py:629} INFO - Processing file /home/airflow/.local/lib/python3.6/site-packages/airflow/example_dags/tutorial.py for tasks to queue
[2022-05-02 14:57:47,505] {logging_mixin.py:104} INFO - [2022-05-02 14:57:47,505] {dagbag.py:448} INFO - Filling up the DagBag from /home/airflow/.local/lib/python3.6/site-packages/airflow/example_dags/tutorial.py
[2022-05-02 14:57:47,510] {scheduler_job.py:639} INFO - DAG(s) dict_keys(['tutorial']) retrieved from /home/airflow/.local/lib/python3.6/site-packages/airflow/example_dags/tutorial.py
[2022-05-02 14:57:47,521] {logging_mixin.py:104} INFO - [2022-05-02 14:57:47,521] {dag.py:1818} INFO - Sync 1 DAGs
[2022-05-02 14:57:47,530] {logging_mixin.py:104} INFO - [2022-05-02 14:57:47,530] {dag.py:2273} INFO - Setting next_dagrun for tutorial to 2022-04-30 00:00:00+00:00
[2022-05-02 14:57:47,535] {scheduler_job.py:190} INFO - Processing /home/airflow/.local/lib/python3.6/site-packages/airflow/example_dags/tutorial.py took 0.032 seconds
[2022-05-02 14:58:18,404] {scheduler_job.py:182} INFO - Started process (PID=4369) to work on /home/airflow/.local/lib/python3.6/site-packages/airflow/example_dags/tutorial.py
[2022-05-02 14:58:18,404] {scheduler_job.py:629} INFO - Processing file /home/airflow/.local/lib/python3.6/site-packages/airflow/example_dags/tutorial.py for tasks to queue
[2022-05-02 14:58:18,405] {logging_mixin.py:104} INFO - [2022-05-02 14:58:18,405] {dagbag.py:448} INFO - Filling up the DagBag from /home/airflow/.local/lib/python3.6/site-packages/airflow/example_dags/tutorial.py
[2022-05-02 14:58:18,410] {scheduler_job.py:639} INFO - DAG(s) dict_keys(['tutorial']) retrieved from /home/airflow/.local/lib/python3.6/site-packages/airflow/example_dags/tutorial.py
[2022-05-02 14:58:18,425] {logging_mixin.py:104} INFO - [2022-05-02 14:58:18,425] {dag.py:1818} INFO - Sync 1 DAGs
[2022-05-02 14:58:18,434] {logging_mixin.py:104} INFO - [2022-05-02 14:58:18,433] {dag.py:2273} INFO - Setting next_dagrun for tutorial to 2022-04-30 00:00:00+00:00
[2022-05-02 14:58:18,440] {scheduler_job.py:190} INFO - Processing /home/airflow/.local/lib/python3.6/site-packages/airflow/example_dags/tutorial.py took 0.038 seconds
[2022-05-02 14:58:49,300] {scheduler_job.py:182} INFO - Started process (PID=4504) to work on /home/airflow/.local/lib/python3.6/site-packages/airflow/example_dags/tutorial.py
[2022-05-02 14:58:49,301] {scheduler_job.py:629} INFO - Processing file /home/airflow/.local/lib/python3.6/site-packages/airflow/example_dags/tutorial.py for tasks to queue
[2022-05-02 14:58:49,302] {logging_mixin.py:104} INFO - [2022-05-02 14:58:49,302] {dagbag.py:448} INFO - Filling up the DagBag from /home/airflow/.local/lib/python3.6/site-packages/airflow/example_dags/tutorial.py
[2022-05-02 14:58:49,309] {scheduler_job.py:639} INFO - DAG(s) dict_keys(['tutorial']) retrieved from /home/airflow/.local/lib/python3.6/site-packages/airflow/example_dags/tutorial.py
[2022-05-02 14:58:49,325] {logging_mixin.py:104} INFO - [2022-05-02 14:58:49,325] {dag.py:1818} INFO - Sync 1 DAGs
[2022-05-02 14:58:49,334] {logging_mixin.py:104} INFO - [2022-05-02 14:58:49,334] {dag.py:2273} INFO - Setting next_dagrun for tutorial to 2022-04-30 00:00:00+00:00
[2022-05-02 14:58:49,339] {scheduler_job.py:190} INFO - Processing /home/airflow/.local/lib/python3.6/site-packages/airflow/example_dags/tutorial.py took 0.040 seconds
[2022-05-02 14:59:20,171] {scheduler_job.py:182} INFO - Started process (PID=4639) to work on /home/airflow/.local/lib/python3.6/site-packages/airflow/example_dags/tutorial.py
[2022-05-02 14:59:20,171] {scheduler_job.py:629} INFO - Processing file /home/airflow/.local/lib/python3.6/site-packages/airflow/example_dags/tutorial.py for tasks to queue
[2022-05-02 14:59:20,172] {logging_mixin.py:104} INFO - [2022-05-02 14:59:20,172] {dagbag.py:448} INFO - Filling up the DagBag from /home/airflow/.local/lib/python3.6/site-packages/airflow/example_dags/tutorial.py
[2022-05-02 14:59:20,179] {scheduler_job.py:639} INFO - DAG(s) dict_keys(['tutorial']) retrieved from /home/airflow/.local/lib/python3.6/site-packages/airflow/example_dags/tutorial.py
[2022-05-02 14:59:20,191] {logging_mixin.py:104} INFO - [2022-05-02 14:59:20,191] {dag.py:1818} INFO - Sync 1 DAGs
[2022-05-02 14:59:20,202] {logging_mixin.py:104} INFO - [2022-05-02 14:59:20,202] {dag.py:2273} INFO - Setting next_dagrun for tutorial to 2022-04-30 00:00:00+00:00
[2022-05-02 14:59:20,206] {scheduler_job.py:190} INFO - Processing /home/airflow/.local/lib/python3.6/site-packages/airflow/example_dags/tutorial.py took 0.038 seconds
[2022-05-02 14:59:51,090] {scheduler_job.py:182} INFO - Started process (PID=4774) to work on /home/airflow/.local/lib/python3.6/site-packages/airflow/example_dags/tutorial.py
[2022-05-02 14:59:51,091] {scheduler_job.py:629} INFO - Processing file /home/airflow/.local/lib/python3.6/site-packages/airflow/example_dags/tutorial.py for tasks to queue
[2022-05-02 14:59:51,091] {logging_mixin.py:104} INFO - [2022-05-02 14:59:51,091] {dagbag.py:448} INFO - Filling up the DagBag from /home/airflow/.local/lib/python3.6/site-packages/airflow/example_dags/tutorial.py
[2022-05-02 14:59:51,097] {scheduler_job.py:639} INFO - DAG(s) dict_keys(['tutorial']) retrieved from /home/airflow/.local/lib/python3.6/site-packages/airflow/example_dags/tutorial.py
[2022-05-02 14:59:51,111] {logging_mixin.py:104} INFO - [2022-05-02 14:59:51,111] {dag.py:1818} INFO - Sync 1 DAGs
[2022-05-02 14:59:51,120] {logging_mixin.py:104} INFO - [2022-05-02 14:59:51,120] {dag.py:2273} INFO - Setting next_dagrun for tutorial to 2022-04-30 00:00:00+00:00
[2022-05-02 14:59:51,124] {scheduler_job.py:190} INFO - Processing /home/airflow/.local/lib/python3.6/site-packages/airflow/example_dags/tutorial.py took 0.036 seconds
[2022-05-02 15:00:21,980] {scheduler_job.py:182} INFO - Started process (PID=4909) to work on /home/airflow/.local/lib/python3.6/site-packages/airflow/example_dags/tutorial.py
[2022-05-02 15:00:21,981] {scheduler_job.py:629} INFO - Processing file /home/airflow/.local/lib/python3.6/site-packages/airflow/example_dags/tutorial.py for tasks to queue
[2022-05-02 15:00:21,981] {logging_mixin.py:104} INFO - [2022-05-02 15:00:21,981] {dagbag.py:448} INFO - Filling up the DagBag from /home/airflow/.local/lib/python3.6/site-packages/airflow/example_dags/tutorial.py
[2022-05-02 15:00:21,986] {scheduler_job.py:639} INFO - DAG(s) dict_keys(['tutorial']) retrieved from /home/airflow/.local/lib/python3.6/site-packages/airflow/example_dags/tutorial.py
[2022-05-02 15:00:22,001] {logging_mixin.py:104} INFO - [2022-05-02 15:00:22,001] {dag.py:1818} INFO - Sync 1 DAGs
[2022-05-02 15:00:22,010] {logging_mixin.py:104} INFO - [2022-05-02 15:00:22,010] {dag.py:2273} INFO - Setting next_dagrun for tutorial to 2022-04-30 00:00:00+00:00
[2022-05-02 15:00:22,014] {scheduler_job.py:190} INFO - Processing /home/airflow/.local/lib/python3.6/site-packages/airflow/example_dags/tutorial.py took 0.035 seconds
[2022-05-02 15:00:52,869] {scheduler_job.py:182} INFO - Started process (PID=5044) to work on /home/airflow/.local/lib/python3.6/site-packages/airflow/example_dags/tutorial.py
[2022-05-02 15:00:52,870] {scheduler_job.py:629} INFO - Processing file /home/airflow/.local/lib/python3.6/site-packages/airflow/example_dags/tutorial.py for tasks to queue
[2022-05-02 15:00:52,871] {logging_mixin.py:104} INFO - [2022-05-02 15:00:52,870] {dagbag.py:448} INFO - Filling up the DagBag from /home/airflow/.local/lib/python3.6/site-packages/airflow/example_dags/tutorial.py
[2022-05-02 15:00:52,877] {scheduler_job.py:639} INFO - DAG(s) dict_keys(['tutorial']) retrieved from /home/airflow/.local/lib/python3.6/site-packages/airflow/example_dags/tutorial.py
[2022-05-02 15:00:52,888] {logging_mixin.py:104} INFO - [2022-05-02 15:00:52,888] {dag.py:1818} INFO - Sync 1 DAGs
[2022-05-02 15:00:52,897] {logging_mixin.py:104} INFO - [2022-05-02 15:00:52,897] {dag.py:2273} INFO - Setting next_dagrun for tutorial to 2022-04-30 00:00:00+00:00
[2022-05-02 15:00:52,901] {scheduler_job.py:190} INFO - Processing /home/airflow/.local/lib/python3.6/site-packages/airflow/example_dags/tutorial.py took 0.034 seconds
[2022-05-02 15:01:23,806] {scheduler_job.py:182} INFO - Started process (PID=5179) to work on /home/airflow/.local/lib/python3.6/site-packages/airflow/example_dags/tutorial.py
[2022-05-02 15:01:23,807] {scheduler_job.py:629} INFO - Processing file /home/airflow/.local/lib/python3.6/site-packages/airflow/example_dags/tutorial.py for tasks to queue
[2022-05-02 15:01:23,807] {logging_mixin.py:104} INFO - [2022-05-02 15:01:23,807] {dagbag.py:448} INFO - Filling up the DagBag from /home/airflow/.local/lib/python3.6/site-packages/airflow/example_dags/tutorial.py
[2022-05-02 15:01:23,814] {scheduler_job.py:639} INFO - DAG(s) dict_keys(['tutorial']) retrieved from /home/airflow/.local/lib/python3.6/site-packages/airflow/example_dags/tutorial.py
[2022-05-02 15:01:23,824] {logging_mixin.py:104} INFO - [2022-05-02 15:01:23,824] {dag.py:1818} INFO - Sync 1 DAGs
[2022-05-02 15:01:23,834] {logging_mixin.py:104} INFO - [2022-05-02 15:01:23,834] {dag.py:2273} INFO - Setting next_dagrun for tutorial to 2022-04-30 00:00:00+00:00
[2022-05-02 15:01:23,838] {scheduler_job.py:190} INFO - Processing /home/airflow/.local/lib/python3.6/site-packages/airflow/example_dags/tutorial.py took 0.033 seconds
[2022-05-02 15:01:54,696] {scheduler_job.py:182} INFO - Started process (PID=5314) to work on /home/airflow/.local/lib/python3.6/site-packages/airflow/example_dags/tutorial.py
[2022-05-02 15:01:54,697] {scheduler_job.py:629} INFO - Processing file /home/airflow/.local/lib/python3.6/site-packages/airflow/example_dags/tutorial.py for tasks to queue
[2022-05-02 15:01:54,698] {logging_mixin.py:104} INFO - [2022-05-02 15:01:54,698] {dagbag.py:448} INFO - Filling up the DagBag from /home/airflow/.local/lib/python3.6/site-packages/airflow/example_dags/tutorial.py
[2022-05-02 15:01:54,705] {scheduler_job.py:639} INFO - DAG(s) dict_keys(['tutorial']) retrieved from /home/airflow/.local/lib/python3.6/site-packages/airflow/example_dags/tutorial.py
[2022-05-02 15:01:54,717] {logging_mixin.py:104} INFO - [2022-05-02 15:01:54,717] {dag.py:1818} INFO - Sync 1 DAGs
[2022-05-02 15:01:54,727] {logging_mixin.py:104} INFO - [2022-05-02 15:01:54,727] {dag.py:2273} INFO - Setting next_dagrun for tutorial to 2022-04-30 00:00:00+00:00
[2022-05-02 15:01:54,732] {scheduler_job.py:190} INFO - Processing /home/airflow/.local/lib/python3.6/site-packages/airflow/example_dags/tutorial.py took 0.037 seconds
[2022-05-02 15:02:25,611] {scheduler_job.py:182} INFO - Started process (PID=5449) to work on /home/airflow/.local/lib/python3.6/site-packages/airflow/example_dags/tutorial.py
[2022-05-02 15:02:25,612] {scheduler_job.py:629} INFO - Processing file /home/airflow/.local/lib/python3.6/site-packages/airflow/example_dags/tutorial.py for tasks to queue
[2022-05-02 15:02:25,612] {logging_mixin.py:104} INFO - [2022-05-02 15:02:25,612] {dagbag.py:448} INFO - Filling up the DagBag from /home/airflow/.local/lib/python3.6/site-packages/airflow/example_dags/tutorial.py
[2022-05-02 15:02:25,617] {scheduler_job.py:639} INFO - DAG(s) dict_keys(['tutorial']) retrieved from /home/airflow/.local/lib/python3.6/site-packages/airflow/example_dags/tutorial.py
[2022-05-02 15:02:25,633] {logging_mixin.py:104} INFO - [2022-05-02 15:02:25,633] {dag.py:1818} INFO - Sync 1 DAGs
[2022-05-02 15:02:25,640] {logging_mixin.py:104} INFO - [2022-05-02 15:02:25,640] {dag.py:2273} INFO - Setting next_dagrun for tutorial to 2022-04-30 00:00:00+00:00
[2022-05-02 15:02:25,644] {scheduler_job.py:190} INFO - Processing /home/airflow/.local/lib/python3.6/site-packages/airflow/example_dags/tutorial.py took 0.036 seconds
[2022-05-02 15:02:56,592] {scheduler_job.py:182} INFO - Started process (PID=5586) to work on /home/airflow/.local/lib/python3.6/site-packages/airflow/example_dags/tutorial.py
[2022-05-02 15:02:56,593] {scheduler_job.py:629} INFO - Processing file /home/airflow/.local/lib/python3.6/site-packages/airflow/example_dags/tutorial.py for tasks to queue
[2022-05-02 15:02:56,593] {logging_mixin.py:104} INFO - [2022-05-02 15:02:56,593] {dagbag.py:448} INFO - Filling up the DagBag from /home/airflow/.local/lib/python3.6/site-packages/airflow/example_dags/tutorial.py
[2022-05-02 15:02:56,599] {scheduler_job.py:639} INFO - DAG(s) dict_keys(['tutorial']) retrieved from /home/airflow/.local/lib/python3.6/site-packages/airflow/example_dags/tutorial.py
[2022-05-02 15:02:56,612] {logging_mixin.py:104} INFO - [2022-05-02 15:02:56,612] {dag.py:1818} INFO - Sync 1 DAGs
[2022-05-02 15:02:56,621] {logging_mixin.py:104} INFO - [2022-05-02 15:02:56,620] {dag.py:2273} INFO - Setting next_dagrun for tutorial to 2022-04-30 00:00:00+00:00
[2022-05-02 15:02:56,624] {scheduler_job.py:190} INFO - Processing /home/airflow/.local/lib/python3.6/site-packages/airflow/example_dags/tutorial.py took 0.035 seconds
[2022-05-02 15:03:27,419] {scheduler_job.py:182} INFO - Started process (PID=5719) to work on /home/airflow/.local/lib/python3.6/site-packages/airflow/example_dags/tutorial.py
[2022-05-02 15:03:27,420] {scheduler_job.py:629} INFO - Processing file /home/airflow/.local/lib/python3.6/site-packages/airflow/example_dags/tutorial.py for tasks to queue
[2022-05-02 15:03:27,420] {logging_mixin.py:104} INFO - [2022-05-02 15:03:27,420] {dagbag.py:448} INFO - Filling up the DagBag from /home/airflow/.local/lib/python3.6/site-packages/airflow/example_dags/tutorial.py
[2022-05-02 15:03:27,427] {scheduler_job.py:639} INFO - DAG(s) dict_keys(['tutorial']) retrieved from /home/airflow/.local/lib/python3.6/site-packages/airflow/example_dags/tutorial.py
[2022-05-02 15:03:27,441] {logging_mixin.py:104} INFO - [2022-05-02 15:03:27,441] {dag.py:1818} INFO - Sync 1 DAGs
[2022-05-02 15:03:27,448] {logging_mixin.py:104} INFO - [2022-05-02 15:03:27,448] {dag.py:2273} INFO - Setting next_dagrun for tutorial to 2022-04-30 00:00:00+00:00
[2022-05-02 15:03:27,452] {scheduler_job.py:190} INFO - Processing /home/airflow/.local/lib/python3.6/site-packages/airflow/example_dags/tutorial.py took 0.036 seconds
[2022-05-02 15:03:58,345] {scheduler_job.py:182} INFO - Started process (PID=5854) to work on /home/airflow/.local/lib/python3.6/site-packages/airflow/example_dags/tutorial.py
[2022-05-02 15:03:58,346] {scheduler_job.py:629} INFO - Processing file /home/airflow/.local/lib/python3.6/site-packages/airflow/example_dags/tutorial.py for tasks to queue
[2022-05-02 15:03:58,346] {logging_mixin.py:104} INFO - [2022-05-02 15:03:58,346] {dagbag.py:448} INFO - Filling up the DagBag from /home/airflow/.local/lib/python3.6/site-packages/airflow/example_dags/tutorial.py
[2022-05-02 15:03:58,353] {scheduler_job.py:639} INFO - DAG(s) dict_keys(['tutorial']) retrieved from /home/airflow/.local/lib/python3.6/site-packages/airflow/example_dags/tutorial.py
[2022-05-02 15:03:58,364] {logging_mixin.py:104} INFO - [2022-05-02 15:03:58,364] {dag.py:1818} INFO - Sync 1 DAGs
[2022-05-02 15:03:58,375] {logging_mixin.py:104} INFO - [2022-05-02 15:03:58,375] {dag.py:2273} INFO - Setting next_dagrun for tutorial to 2022-04-30 00:00:00+00:00
[2022-05-02 15:03:58,379] {scheduler_job.py:190} INFO - Processing /home/airflow/.local/lib/python3.6/site-packages/airflow/example_dags/tutorial.py took 0.036 seconds
[2022-05-02 15:04:29,239] {scheduler_job.py:182} INFO - Started process (PID=5989) to work on /home/airflow/.local/lib/python3.6/site-packages/airflow/example_dags/tutorial.py
[2022-05-02 15:04:29,240] {scheduler_job.py:629} INFO - Processing file /home/airflow/.local/lib/python3.6/site-packages/airflow/example_dags/tutorial.py for tasks to queue
[2022-05-02 15:04:29,241] {logging_mixin.py:104} INFO - [2022-05-02 15:04:29,241] {dagbag.py:448} INFO - Filling up the DagBag from /home/airflow/.local/lib/python3.6/site-packages/airflow/example_dags/tutorial.py
[2022-05-02 15:04:29,247] {scheduler_job.py:639} INFO - DAG(s) dict_keys(['tutorial']) retrieved from /home/airflow/.local/lib/python3.6/site-packages/airflow/example_dags/tutorial.py
[2022-05-02 15:04:29,264] {logging_mixin.py:104} INFO - [2022-05-02 15:04:29,264] {dag.py:1818} INFO - Sync 1 DAGs
[2022-05-02 15:04:29,272] {logging_mixin.py:104} INFO - [2022-05-02 15:04:29,272] {dag.py:2273} INFO - Setting next_dagrun for tutorial to 2022-04-30 00:00:00+00:00
[2022-05-02 15:04:29,278] {scheduler_job.py:190} INFO - Processing /home/airflow/.local/lib/python3.6/site-packages/airflow/example_dags/tutorial.py took 0.042 seconds
[2022-05-02 15:05:00,227] {scheduler_job.py:182} INFO - Started process (PID=6124) to work on /home/airflow/.local/lib/python3.6/site-packages/airflow/example_dags/tutorial.py
[2022-05-02 15:05:00,228] {scheduler_job.py:629} INFO - Processing file /home/airflow/.local/lib/python3.6/site-packages/airflow/example_dags/tutorial.py for tasks to queue
[2022-05-02 15:05:00,228] {logging_mixin.py:104} INFO - [2022-05-02 15:05:00,228] {dagbag.py:448} INFO - Filling up the DagBag from /home/airflow/.local/lib/python3.6/site-packages/airflow/example_dags/tutorial.py
[2022-05-02 15:05:00,236] {scheduler_job.py:639} INFO - DAG(s) dict_keys(['tutorial']) retrieved from /home/airflow/.local/lib/python3.6/site-packages/airflow/example_dags/tutorial.py
[2022-05-02 15:05:00,250] {logging_mixin.py:104} INFO - [2022-05-02 15:05:00,250] {dag.py:1818} INFO - Sync 1 DAGs
[2022-05-02 15:05:00,258] {logging_mixin.py:104} INFO - [2022-05-02 15:05:00,258] {dag.py:2273} INFO - Setting next_dagrun for tutorial to 2022-04-30 00:00:00+00:00
[2022-05-02 15:05:00,262] {scheduler_job.py:190} INFO - Processing /home/airflow/.local/lib/python3.6/site-packages/airflow/example_dags/tutorial.py took 0.037 seconds
[2022-05-02 15:05:31,177] {scheduler_job.py:182} INFO - Started process (PID=6259) to work on /home/airflow/.local/lib/python3.6/site-packages/airflow/example_dags/tutorial.py
[2022-05-02 15:05:31,178] {scheduler_job.py:629} INFO - Processing file /home/airflow/.local/lib/python3.6/site-packages/airflow/example_dags/tutorial.py for tasks to queue
[2022-05-02 15:05:31,179] {logging_mixin.py:104} INFO - [2022-05-02 15:05:31,179] {dagbag.py:448} INFO - Filling up the DagBag from /home/airflow/.local/lib/python3.6/site-packages/airflow/example_dags/tutorial.py
[2022-05-02 15:05:31,186] {scheduler_job.py:639} INFO - DAG(s) dict_keys(['tutorial']) retrieved from /home/airflow/.local/lib/python3.6/site-packages/airflow/example_dags/tutorial.py
[2022-05-02 15:05:31,196] {logging_mixin.py:104} INFO - [2022-05-02 15:05:31,196] {dag.py:1818} INFO - Sync 1 DAGs
[2022-05-02 15:05:31,206] {logging_mixin.py:104} INFO - [2022-05-02 15:05:31,206] {dag.py:2273} INFO - Setting next_dagrun for tutorial to 2022-04-30 00:00:00+00:00
[2022-05-02 15:05:31,210] {scheduler_job.py:190} INFO - Processing /home/airflow/.local/lib/python3.6/site-packages/airflow/example_dags/tutorial.py took 0.034 seconds
[2022-05-02 15:06:02,158] {scheduler_job.py:182} INFO - Started process (PID=6396) to work on /home/airflow/.local/lib/python3.6/site-packages/airflow/example_dags/tutorial.py
[2022-05-02 15:06:02,158] {scheduler_job.py:629} INFO - Processing file /home/airflow/.local/lib/python3.6/site-packages/airflow/example_dags/tutorial.py for tasks to queue
[2022-05-02 15:06:02,159] {logging_mixin.py:104} INFO - [2022-05-02 15:06:02,159] {dagbag.py:448} INFO - Filling up the DagBag from /home/airflow/.local/lib/python3.6/site-packages/airflow/example_dags/tutorial.py
[2022-05-02 15:06:02,165] {scheduler_job.py:639} INFO - DAG(s) dict_keys(['tutorial']) retrieved from /home/airflow/.local/lib/python3.6/site-packages/airflow/example_dags/tutorial.py
[2022-05-02 15:06:02,176] {logging_mixin.py:104} INFO - [2022-05-02 15:06:02,176] {dag.py:1818} INFO - Sync 1 DAGs
[2022-05-02 15:06:02,186] {logging_mixin.py:104} INFO - [2022-05-02 15:06:02,186] {dag.py:2273} INFO - Setting next_dagrun for tutorial to 2022-04-30 00:00:00+00:00
[2022-05-02 15:06:02,190] {scheduler_job.py:190} INFO - Processing /home/airflow/.local/lib/python3.6/site-packages/airflow/example_dags/tutorial.py took 0.034 seconds
[2022-05-02 15:06:33,015] {scheduler_job.py:182} INFO - Started process (PID=6529) to work on /home/airflow/.local/lib/python3.6/site-packages/airflow/example_dags/tutorial.py
[2022-05-02 15:06:33,016] {scheduler_job.py:629} INFO - Processing file /home/airflow/.local/lib/python3.6/site-packages/airflow/example_dags/tutorial.py for tasks to queue
[2022-05-02 15:06:33,016] {logging_mixin.py:104} INFO - [2022-05-02 15:06:33,016] {dagbag.py:448} INFO - Filling up the DagBag from /home/airflow/.local/lib/python3.6/site-packages/airflow/example_dags/tutorial.py
[2022-05-02 15:06:33,022] {scheduler_job.py:639} INFO - DAG(s) dict_keys(['tutorial']) retrieved from /home/airflow/.local/lib/python3.6/site-packages/airflow/example_dags/tutorial.py
[2022-05-02 15:06:33,037] {logging_mixin.py:104} INFO - [2022-05-02 15:06:33,037] {dag.py:1818} INFO - Sync 1 DAGs
[2022-05-02 15:06:33,045] {logging_mixin.py:104} INFO - [2022-05-02 15:06:33,045] {dag.py:2273} INFO - Setting next_dagrun for tutorial to 2022-04-30 00:00:00+00:00
[2022-05-02 15:06:33,048] {scheduler_job.py:190} INFO - Processing /home/airflow/.local/lib/python3.6/site-packages/airflow/example_dags/tutorial.py took 0.036 seconds
[2022-05-02 15:07:04,067] {scheduler_job.py:182} INFO - Started process (PID=6666) to work on /home/airflow/.local/lib/python3.6/site-packages/airflow/example_dags/tutorial.py
[2022-05-02 15:07:04,067] {scheduler_job.py:629} INFO - Processing file /home/airflow/.local/lib/python3.6/site-packages/airflow/example_dags/tutorial.py for tasks to queue
[2022-05-02 15:07:04,068] {logging_mixin.py:104} INFO - [2022-05-02 15:07:04,068] {dagbag.py:448} INFO - Filling up the DagBag from /home/airflow/.local/lib/python3.6/site-packages/airflow/example_dags/tutorial.py
[2022-05-02 15:07:04,074] {scheduler_job.py:639} INFO - DAG(s) dict_keys(['tutorial']) retrieved from /home/airflow/.local/lib/python3.6/site-packages/airflow/example_dags/tutorial.py
[2022-05-02 15:07:04,090] {logging_mixin.py:104} INFO - [2022-05-02 15:07:04,090] {dag.py:1818} INFO - Sync 1 DAGs
[2022-05-02 15:07:04,098] {logging_mixin.py:104} INFO - [2022-05-02 15:07:04,098] {dag.py:2273} INFO - Setting next_dagrun for tutorial to 2022-04-30 00:00:00+00:00
[2022-05-02 15:07:04,103] {scheduler_job.py:190} INFO - Processing /home/airflow/.local/lib/python3.6/site-packages/airflow/example_dags/tutorial.py took 0.038 seconds
[2022-05-02 15:07:34,929] {scheduler_job.py:182} INFO - Started process (PID=6799) to work on /home/airflow/.local/lib/python3.6/site-packages/airflow/example_dags/tutorial.py
[2022-05-02 15:07:34,930] {scheduler_job.py:629} INFO - Processing file /home/airflow/.local/lib/python3.6/site-packages/airflow/example_dags/tutorial.py for tasks to queue
[2022-05-02 15:07:34,930] {logging_mixin.py:104} INFO - [2022-05-02 15:07:34,930] {dagbag.py:448} INFO - Filling up the DagBag from /home/airflow/.local/lib/python3.6/site-packages/airflow/example_dags/tutorial.py
[2022-05-02 15:07:34,937] {scheduler_job.py:639} INFO - DAG(s) dict_keys(['tutorial']) retrieved from /home/airflow/.local/lib/python3.6/site-packages/airflow/example_dags/tutorial.py
[2022-05-02 15:07:34,950] {logging_mixin.py:104} INFO - [2022-05-02 15:07:34,950] {dag.py:1818} INFO - Sync 1 DAGs
[2022-05-02 15:07:34,959] {logging_mixin.py:104} INFO - [2022-05-02 15:07:34,959] {dag.py:2273} INFO - Setting next_dagrun for tutorial to 2022-04-30 00:00:00+00:00
[2022-05-02 15:07:34,963] {scheduler_job.py:190} INFO - Processing /home/airflow/.local/lib/python3.6/site-packages/airflow/example_dags/tutorial.py took 0.035 seconds
[2022-05-02 15:08:05,854] {scheduler_job.py:182} INFO - Started process (PID=6934) to work on /home/airflow/.local/lib/python3.6/site-packages/airflow/example_dags/tutorial.py
[2022-05-02 15:08:05,854] {scheduler_job.py:629} INFO - Processing file /home/airflow/.local/lib/python3.6/site-packages/airflow/example_dags/tutorial.py for tasks to queue
[2022-05-02 15:08:05,855] {logging_mixin.py:104} INFO - [2022-05-02 15:08:05,855] {dagbag.py:448} INFO - Filling up the DagBag from /home/airflow/.local/lib/python3.6/site-packages/airflow/example_dags/tutorial.py
[2022-05-02 15:08:05,861] {scheduler_job.py:639} INFO - DAG(s) dict_keys(['tutorial']) retrieved from /home/airflow/.local/lib/python3.6/site-packages/airflow/example_dags/tutorial.py
[2022-05-02 15:08:05,877] {logging_mixin.py:104} INFO - [2022-05-02 15:08:05,877] {dag.py:1818} INFO - Sync 1 DAGs
[2022-05-02 15:08:05,887] {logging_mixin.py:104} INFO - [2022-05-02 15:08:05,887] {dag.py:2273} INFO - Setting next_dagrun for tutorial to 2022-04-30 00:00:00+00:00
[2022-05-02 15:08:05,891] {scheduler_job.py:190} INFO - Processing /home/airflow/.local/lib/python3.6/site-packages/airflow/example_dags/tutorial.py took 0.039 seconds
[2022-05-02 15:08:36,804] {scheduler_job.py:182} INFO - Started process (PID=7071) to work on /home/airflow/.local/lib/python3.6/site-packages/airflow/example_dags/tutorial.py
[2022-05-02 15:08:36,805] {scheduler_job.py:629} INFO - Processing file /home/airflow/.local/lib/python3.6/site-packages/airflow/example_dags/tutorial.py for tasks to queue
[2022-05-02 15:08:36,806] {logging_mixin.py:104} INFO - [2022-05-02 15:08:36,806] {dagbag.py:448} INFO - Filling up the DagBag from /home/airflow/.local/lib/python3.6/site-packages/airflow/example_dags/tutorial.py
[2022-05-02 15:08:36,811] {scheduler_job.py:639} INFO - DAG(s) dict_keys(['tutorial']) retrieved from /home/airflow/.local/lib/python3.6/site-packages/airflow/example_dags/tutorial.py
[2022-05-02 15:08:36,824] {logging_mixin.py:104} INFO - [2022-05-02 15:08:36,824] {dag.py:1818} INFO - Sync 1 DAGs
[2022-05-02 15:08:36,833] {logging_mixin.py:104} INFO - [2022-05-02 15:08:36,833] {dag.py:2273} INFO - Setting next_dagrun for tutorial to 2022-04-30 00:00:00+00:00
[2022-05-02 15:08:36,837] {scheduler_job.py:190} INFO - Processing /home/airflow/.local/lib/python3.6/site-packages/airflow/example_dags/tutorial.py took 0.036 seconds
[2022-05-02 15:09:07,694] {scheduler_job.py:182} INFO - Started process (PID=7206) to work on /home/airflow/.local/lib/python3.6/site-packages/airflow/example_dags/tutorial.py
[2022-05-02 15:09:07,695] {scheduler_job.py:629} INFO - Processing file /home/airflow/.local/lib/python3.6/site-packages/airflow/example_dags/tutorial.py for tasks to queue
[2022-05-02 15:09:07,695] {logging_mixin.py:104} INFO - [2022-05-02 15:09:07,695] {dagbag.py:448} INFO - Filling up the DagBag from /home/airflow/.local/lib/python3.6/site-packages/airflow/example_dags/tutorial.py
[2022-05-02 15:09:07,702] {scheduler_job.py:639} INFO - DAG(s) dict_keys(['tutorial']) retrieved from /home/airflow/.local/lib/python3.6/site-packages/airflow/example_dags/tutorial.py
[2022-05-02 15:09:07,713] {logging_mixin.py:104} INFO - [2022-05-02 15:09:07,713] {dag.py:1818} INFO - Sync 1 DAGs
[2022-05-02 15:09:07,723] {logging_mixin.py:104} INFO - [2022-05-02 15:09:07,723] {dag.py:2273} INFO - Setting next_dagrun for tutorial to 2022-04-30 00:00:00+00:00
[2022-05-02 15:09:07,727] {scheduler_job.py:190} INFO - Processing /home/airflow/.local/lib/python3.6/site-packages/airflow/example_dags/tutorial.py took 0.035 seconds
[2022-05-02 15:09:38,513] {scheduler_job.py:182} INFO - Started process (PID=7339) to work on /home/airflow/.local/lib/python3.6/site-packages/airflow/example_dags/tutorial.py
[2022-05-02 15:09:38,514] {scheduler_job.py:629} INFO - Processing file /home/airflow/.local/lib/python3.6/site-packages/airflow/example_dags/tutorial.py for tasks to queue
[2022-05-02 15:09:38,514] {logging_mixin.py:104} INFO - [2022-05-02 15:09:38,514] {dagbag.py:448} INFO - Filling up the DagBag from /home/airflow/.local/lib/python3.6/site-packages/airflow/example_dags/tutorial.py
[2022-05-02 15:09:38,519] {scheduler_job.py:639} INFO - DAG(s) dict_keys(['tutorial']) retrieved from /home/airflow/.local/lib/python3.6/site-packages/airflow/example_dags/tutorial.py
[2022-05-02 15:09:38,532] {logging_mixin.py:104} INFO - [2022-05-02 15:09:38,532] {dag.py:1818} INFO - Sync 1 DAGs
[2022-05-02 15:09:38,540] {logging_mixin.py:104} INFO - [2022-05-02 15:09:38,540] {dag.py:2273} INFO - Setting next_dagrun for tutorial to 2022-04-30 00:00:00+00:00
[2022-05-02 15:09:38,544] {scheduler_job.py:190} INFO - Processing /home/airflow/.local/lib/python3.6/site-packages/airflow/example_dags/tutorial.py took 0.033 seconds
[2022-05-02 15:10:09,418] {scheduler_job.py:182} INFO - Started process (PID=7474) to work on /home/airflow/.local/lib/python3.6/site-packages/airflow/example_dags/tutorial.py
[2022-05-02 15:10:09,419] {scheduler_job.py:629} INFO - Processing file /home/airflow/.local/lib/python3.6/site-packages/airflow/example_dags/tutorial.py for tasks to queue
[2022-05-02 15:10:09,419] {logging_mixin.py:104} INFO - [2022-05-02 15:10:09,419] {dagbag.py:448} INFO - Filling up the DagBag from /home/airflow/.local/lib/python3.6/site-packages/airflow/example_dags/tutorial.py
[2022-05-02 15:10:09,424] {scheduler_job.py:639} INFO - DAG(s) dict_keys(['tutorial']) retrieved from /home/airflow/.local/lib/python3.6/site-packages/airflow/example_dags/tutorial.py
[2022-05-02 15:10:09,439] {logging_mixin.py:104} INFO - [2022-05-02 15:10:09,439] {dag.py:1818} INFO - Sync 1 DAGs
[2022-05-02 15:10:09,447] {logging_mixin.py:104} INFO - [2022-05-02 15:10:09,447] {dag.py:2273} INFO - Setting next_dagrun for tutorial to 2022-04-30 00:00:00+00:00
[2022-05-02 15:10:09,452] {scheduler_job.py:190} INFO - Processing /home/airflow/.local/lib/python3.6/site-packages/airflow/example_dags/tutorial.py took 0.037 seconds
[2022-05-02 15:10:40,345] {scheduler_job.py:182} INFO - Started process (PID=7609) to work on /home/airflow/.local/lib/python3.6/site-packages/airflow/example_dags/tutorial.py
[2022-05-02 15:10:40,346] {scheduler_job.py:629} INFO - Processing file /home/airflow/.local/lib/python3.6/site-packages/airflow/example_dags/tutorial.py for tasks to queue
[2022-05-02 15:10:40,346] {logging_mixin.py:104} INFO - [2022-05-02 15:10:40,346] {dagbag.py:448} INFO - Filling up the DagBag from /home/airflow/.local/lib/python3.6/site-packages/airflow/example_dags/tutorial.py
[2022-05-02 15:10:40,353] {scheduler_job.py:639} INFO - DAG(s) dict_keys(['tutorial']) retrieved from /home/airflow/.local/lib/python3.6/site-packages/airflow/example_dags/tutorial.py
[2022-05-02 15:10:40,369] {logging_mixin.py:104} INFO - [2022-05-02 15:10:40,369] {dag.py:1818} INFO - Sync 1 DAGs
[2022-05-02 15:10:40,376] {logging_mixin.py:104} INFO - [2022-05-02 15:10:40,376] {dag.py:2273} INFO - Setting next_dagrun for tutorial to 2022-04-30 00:00:00+00:00
[2022-05-02 15:10:40,380] {scheduler_job.py:190} INFO - Processing /home/airflow/.local/lib/python3.6/site-packages/airflow/example_dags/tutorial.py took 0.037 seconds
[2022-05-02 15:11:11,255] {scheduler_job.py:182} INFO - Started process (PID=7744) to work on /home/airflow/.local/lib/python3.6/site-packages/airflow/example_dags/tutorial.py
[2022-05-02 15:11:11,256] {scheduler_job.py:629} INFO - Processing file /home/airflow/.local/lib/python3.6/site-packages/airflow/example_dags/tutorial.py for tasks to queue
[2022-05-02 15:11:11,257] {logging_mixin.py:104} INFO - [2022-05-02 15:11:11,257] {dagbag.py:448} INFO - Filling up the DagBag from /home/airflow/.local/lib/python3.6/site-packages/airflow/example_dags/tutorial.py
[2022-05-02 15:11:11,263] {scheduler_job.py:639} INFO - DAG(s) dict_keys(['tutorial']) retrieved from /home/airflow/.local/lib/python3.6/site-packages/airflow/example_dags/tutorial.py
[2022-05-02 15:11:11,278] {logging_mixin.py:104} INFO - [2022-05-02 15:11:11,278] {dag.py:1818} INFO - Sync 1 DAGs
[2022-05-02 15:11:11,288] {logging_mixin.py:104} INFO - [2022-05-02 15:11:11,288] {dag.py:2273} INFO - Setting next_dagrun for tutorial to 2022-04-30 00:00:00+00:00
[2022-05-02 15:11:11,292] {scheduler_job.py:190} INFO - Processing /home/airflow/.local/lib/python3.6/site-packages/airflow/example_dags/tutorial.py took 0.039 seconds
[2022-05-02 15:11:42,191] {scheduler_job.py:182} INFO - Started process (PID=7879) to work on /home/airflow/.local/lib/python3.6/site-packages/airflow/example_dags/tutorial.py
[2022-05-02 15:11:42,192] {scheduler_job.py:629} INFO - Processing file /home/airflow/.local/lib/python3.6/site-packages/airflow/example_dags/tutorial.py for tasks to queue
[2022-05-02 15:11:42,193] {logging_mixin.py:104} INFO - [2022-05-02 15:11:42,193] {dagbag.py:448} INFO - Filling up the DagBag from /home/airflow/.local/lib/python3.6/site-packages/airflow/example_dags/tutorial.py
[2022-05-02 15:11:42,199] {scheduler_job.py:639} INFO - DAG(s) dict_keys(['tutorial']) retrieved from /home/airflow/.local/lib/python3.6/site-packages/airflow/example_dags/tutorial.py
[2022-05-02 15:11:42,210] {logging_mixin.py:104} INFO - [2022-05-02 15:11:42,210] {dag.py:1818} INFO - Sync 1 DAGs
[2022-05-02 15:11:42,219] {logging_mixin.py:104} INFO - [2022-05-02 15:11:42,219] {dag.py:2273} INFO - Setting next_dagrun for tutorial to 2022-04-30 00:00:00+00:00
[2022-05-02 15:11:42,223] {scheduler_job.py:190} INFO - Processing /home/airflow/.local/lib/python3.6/site-packages/airflow/example_dags/tutorial.py took 0.034 seconds
[2022-05-02 15:12:13,140] {scheduler_job.py:182} INFO - Started process (PID=8014) to work on /home/airflow/.local/lib/python3.6/site-packages/airflow/example_dags/tutorial.py
[2022-05-02 15:12:13,141] {scheduler_job.py:629} INFO - Processing file /home/airflow/.local/lib/python3.6/site-packages/airflow/example_dags/tutorial.py for tasks to queue
[2022-05-02 15:12:13,141] {logging_mixin.py:104} INFO - [2022-05-02 15:12:13,141] {dagbag.py:448} INFO - Filling up the DagBag from /home/airflow/.local/lib/python3.6/site-packages/airflow/example_dags/tutorial.py
[2022-05-02 15:12:13,149] {scheduler_job.py:639} INFO - DAG(s) dict_keys(['tutorial']) retrieved from /home/airflow/.local/lib/python3.6/site-packages/airflow/example_dags/tutorial.py
[2022-05-02 15:12:13,163] {logging_mixin.py:104} INFO - [2022-05-02 15:12:13,162] {dag.py:1818} INFO - Sync 1 DAGs
[2022-05-02 15:12:13,170] {logging_mixin.py:104} INFO - [2022-05-02 15:12:13,170] {dag.py:2273} INFO - Setting next_dagrun for tutorial to 2022-04-30 00:00:00+00:00
[2022-05-02 15:12:13,173] {scheduler_job.py:190} INFO - Processing /home/airflow/.local/lib/python3.6/site-packages/airflow/example_dags/tutorial.py took 0.036 seconds
[2022-05-02 15:12:44,029] {scheduler_job.py:182} INFO - Started process (PID=8149) to work on /home/airflow/.local/lib/python3.6/site-packages/airflow/example_dags/tutorial.py
[2022-05-02 15:12:44,029] {scheduler_job.py:629} INFO - Processing file /home/airflow/.local/lib/python3.6/site-packages/airflow/example_dags/tutorial.py for tasks to queue
[2022-05-02 15:12:44,030] {logging_mixin.py:104} INFO - [2022-05-02 15:12:44,030] {dagbag.py:448} INFO - Filling up the DagBag from /home/airflow/.local/lib/python3.6/site-packages/airflow/example_dags/tutorial.py
[2022-05-02 15:12:44,036] {scheduler_job.py:639} INFO - DAG(s) dict_keys(['tutorial']) retrieved from /home/airflow/.local/lib/python3.6/site-packages/airflow/example_dags/tutorial.py
[2022-05-02 15:12:44,051] {logging_mixin.py:104} INFO - [2022-05-02 15:12:44,051] {dag.py:1818} INFO - Sync 1 DAGs
[2022-05-02 15:12:44,060] {logging_mixin.py:104} INFO - [2022-05-02 15:12:44,060] {dag.py:2273} INFO - Setting next_dagrun for tutorial to 2022-04-30 00:00:00+00:00
[2022-05-02 15:12:44,064] {scheduler_job.py:190} INFO - Processing /home/airflow/.local/lib/python3.6/site-packages/airflow/example_dags/tutorial.py took 0.037 seconds
[2022-05-02 15:13:14,927] {scheduler_job.py:182} INFO - Started process (PID=8284) to work on /home/airflow/.local/lib/python3.6/site-packages/airflow/example_dags/tutorial.py
[2022-05-02 15:13:14,927] {scheduler_job.py:629} INFO - Processing file /home/airflow/.local/lib/python3.6/site-packages/airflow/example_dags/tutorial.py for tasks to queue
[2022-05-02 15:13:14,928] {logging_mixin.py:104} INFO - [2022-05-02 15:13:14,928] {dagbag.py:448} INFO - Filling up the DagBag from /home/airflow/.local/lib/python3.6/site-packages/airflow/example_dags/tutorial.py
[2022-05-02 15:13:14,934] {scheduler_job.py:639} INFO - DAG(s) dict_keys(['tutorial']) retrieved from /home/airflow/.local/lib/python3.6/site-packages/airflow/example_dags/tutorial.py
[2022-05-02 15:13:14,949] {logging_mixin.py:104} INFO - [2022-05-02 15:13:14,949] {dag.py:1818} INFO - Sync 1 DAGs
[2022-05-02 15:13:14,957] {logging_mixin.py:104} INFO - [2022-05-02 15:13:14,957] {dag.py:2273} INFO - Setting next_dagrun for tutorial to 2022-04-30 00:00:00+00:00
[2022-05-02 15:13:14,961] {scheduler_job.py:190} INFO - Processing /home/airflow/.local/lib/python3.6/site-packages/airflow/example_dags/tutorial.py took 0.037 seconds
[2022-05-02 15:13:45,849] {scheduler_job.py:182} INFO - Started process (PID=8419) to work on /home/airflow/.local/lib/python3.6/site-packages/airflow/example_dags/tutorial.py
[2022-05-02 15:13:45,850] {scheduler_job.py:629} INFO - Processing file /home/airflow/.local/lib/python3.6/site-packages/airflow/example_dags/tutorial.py for tasks to queue
[2022-05-02 15:13:45,851] {logging_mixin.py:104} INFO - [2022-05-02 15:13:45,851] {dagbag.py:448} INFO - Filling up the DagBag from /home/airflow/.local/lib/python3.6/site-packages/airflow/example_dags/tutorial.py
[2022-05-02 15:13:45,857] {scheduler_job.py:639} INFO - DAG(s) dict_keys(['tutorial']) retrieved from /home/airflow/.local/lib/python3.6/site-packages/airflow/example_dags/tutorial.py
[2022-05-02 15:13:45,871] {logging_mixin.py:104} INFO - [2022-05-02 15:13:45,871] {dag.py:1818} INFO - Sync 1 DAGs
[2022-05-02 15:13:45,880] {logging_mixin.py:104} INFO - [2022-05-02 15:13:45,880] {dag.py:2273} INFO - Setting next_dagrun for tutorial to 2022-04-30 00:00:00+00:00
[2022-05-02 15:13:45,885] {scheduler_job.py:190} INFO - Processing /home/airflow/.local/lib/python3.6/site-packages/airflow/example_dags/tutorial.py took 0.038 seconds
[2022-05-02 15:14:16,762] {scheduler_job.py:182} INFO - Started process (PID=8554) to work on /home/airflow/.local/lib/python3.6/site-packages/airflow/example_dags/tutorial.py
[2022-05-02 15:14:16,763] {scheduler_job.py:629} INFO - Processing file /home/airflow/.local/lib/python3.6/site-packages/airflow/example_dags/tutorial.py for tasks to queue
[2022-05-02 15:14:16,763] {logging_mixin.py:104} INFO - [2022-05-02 15:14:16,763] {dagbag.py:448} INFO - Filling up the DagBag from /home/airflow/.local/lib/python3.6/site-packages/airflow/example_dags/tutorial.py
[2022-05-02 15:14:16,770] {scheduler_job.py:639} INFO - DAG(s) dict_keys(['tutorial']) retrieved from /home/airflow/.local/lib/python3.6/site-packages/airflow/example_dags/tutorial.py
[2022-05-02 15:14:16,786] {logging_mixin.py:104} INFO - [2022-05-02 15:14:16,786] {dag.py:1818} INFO - Sync 1 DAGs
[2022-05-02 15:14:16,793] {logging_mixin.py:104} INFO - [2022-05-02 15:14:16,793] {dag.py:2273} INFO - Setting next_dagrun for tutorial to 2022-04-30 00:00:00+00:00
[2022-05-02 15:14:16,797] {scheduler_job.py:190} INFO - Processing /home/airflow/.local/lib/python3.6/site-packages/airflow/example_dags/tutorial.py took 0.037 seconds
[2022-05-02 15:14:47,695] {scheduler_job.py:182} INFO - Started process (PID=8689) to work on /home/airflow/.local/lib/python3.6/site-packages/airflow/example_dags/tutorial.py
[2022-05-02 15:14:47,695] {scheduler_job.py:629} INFO - Processing file /home/airflow/.local/lib/python3.6/site-packages/airflow/example_dags/tutorial.py for tasks to queue
[2022-05-02 15:14:47,696] {logging_mixin.py:104} INFO - [2022-05-02 15:14:47,696] {dagbag.py:448} INFO - Filling up the DagBag from /home/airflow/.local/lib/python3.6/site-packages/airflow/example_dags/tutorial.py
[2022-05-02 15:14:47,702] {scheduler_job.py:639} INFO - DAG(s) dict_keys(['tutorial']) retrieved from /home/airflow/.local/lib/python3.6/site-packages/airflow/example_dags/tutorial.py
[2022-05-02 15:14:47,713] {logging_mixin.py:104} INFO - [2022-05-02 15:14:47,713] {dag.py:1818} INFO - Sync 1 DAGs
[2022-05-02 15:14:47,725] {logging_mixin.py:104} INFO - [2022-05-02 15:14:47,725] {dag.py:2273} INFO - Setting next_dagrun for tutorial to 2022-04-30 00:00:00+00:00
[2022-05-02 15:14:47,729] {scheduler_job.py:190} INFO - Processing /home/airflow/.local/lib/python3.6/site-packages/airflow/example_dags/tutorial.py took 0.036 seconds
[2022-05-02 15:15:18,563] {scheduler_job.py:182} INFO - Started process (PID=8824) to work on /home/airflow/.local/lib/python3.6/site-packages/airflow/example_dags/tutorial.py
[2022-05-02 15:15:18,564] {scheduler_job.py:629} INFO - Processing file /home/airflow/.local/lib/python3.6/site-packages/airflow/example_dags/tutorial.py for tasks to queue
[2022-05-02 15:15:18,565] {logging_mixin.py:104} INFO - [2022-05-02 15:15:18,564] {dagbag.py:448} INFO - Filling up the DagBag from /home/airflow/.local/lib/python3.6/site-packages/airflow/example_dags/tutorial.py
[2022-05-02 15:15:18,571] {scheduler_job.py:639} INFO - DAG(s) dict_keys(['tutorial']) retrieved from /home/airflow/.local/lib/python3.6/site-packages/airflow/example_dags/tutorial.py
[2022-05-02 15:15:18,582] {logging_mixin.py:104} INFO - [2022-05-02 15:15:18,582] {dag.py:1818} INFO - Sync 1 DAGs
[2022-05-02 15:15:18,592] {logging_mixin.py:104} INFO - [2022-05-02 15:15:18,592] {dag.py:2273} INFO - Setting next_dagrun for tutorial to 2022-04-30 00:00:00+00:00
[2022-05-02 15:15:18,596] {scheduler_job.py:190} INFO - Processing /home/airflow/.local/lib/python3.6/site-packages/airflow/example_dags/tutorial.py took 0.036 seconds
[2022-05-02 15:15:49,457] {scheduler_job.py:182} INFO - Started process (PID=8959) to work on /home/airflow/.local/lib/python3.6/site-packages/airflow/example_dags/tutorial.py
[2022-05-02 15:15:49,458] {scheduler_job.py:629} INFO - Processing file /home/airflow/.local/lib/python3.6/site-packages/airflow/example_dags/tutorial.py for tasks to queue
[2022-05-02 15:15:49,458] {logging_mixin.py:104} INFO - [2022-05-02 15:15:49,458] {dagbag.py:448} INFO - Filling up the DagBag from /home/airflow/.local/lib/python3.6/site-packages/airflow/example_dags/tutorial.py
[2022-05-02 15:15:49,465] {scheduler_job.py:639} INFO - DAG(s) dict_keys(['tutorial']) retrieved from /home/airflow/.local/lib/python3.6/site-packages/airflow/example_dags/tutorial.py
[2022-05-02 15:15:49,479] {logging_mixin.py:104} INFO - [2022-05-02 15:15:49,478] {dag.py:1818} INFO - Sync 1 DAGs
[2022-05-02 15:15:49,487] {logging_mixin.py:104} INFO - [2022-05-02 15:15:49,487] {dag.py:2273} INFO - Setting next_dagrun for tutorial to 2022-04-30 00:00:00+00:00
[2022-05-02 15:15:49,491] {scheduler_job.py:190} INFO - Processing /home/airflow/.local/lib/python3.6/site-packages/airflow/example_dags/tutorial.py took 0.035 seconds
[2022-05-02 15:16:20,402] {scheduler_job.py:182} INFO - Started process (PID=9094) to work on /home/airflow/.local/lib/python3.6/site-packages/airflow/example_dags/tutorial.py
[2022-05-02 15:16:20,403] {scheduler_job.py:629} INFO - Processing file /home/airflow/.local/lib/python3.6/site-packages/airflow/example_dags/tutorial.py for tasks to queue
[2022-05-02 15:16:20,404] {logging_mixin.py:104} INFO - [2022-05-02 15:16:20,404] {dagbag.py:448} INFO - Filling up the DagBag from /home/airflow/.local/lib/python3.6/site-packages/airflow/example_dags/tutorial.py
[2022-05-02 15:16:20,411] {scheduler_job.py:639} INFO - DAG(s) dict_keys(['tutorial']) retrieved from /home/airflow/.local/lib/python3.6/site-packages/airflow/example_dags/tutorial.py
[2022-05-02 15:16:20,422] {logging_mixin.py:104} INFO - [2022-05-02 15:16:20,422] {dag.py:1818} INFO - Sync 1 DAGs
[2022-05-02 15:16:20,431] {logging_mixin.py:104} INFO - [2022-05-02 15:16:20,431] {dag.py:2273} INFO - Setting next_dagrun for tutorial to 2022-04-30 00:00:00+00:00
[2022-05-02 15:16:20,435] {scheduler_job.py:190} INFO - Processing /home/airflow/.local/lib/python3.6/site-packages/airflow/example_dags/tutorial.py took 0.035 seconds
[2022-05-02 15:16:51,348] {scheduler_job.py:182} INFO - Started process (PID=9229) to work on /home/airflow/.local/lib/python3.6/site-packages/airflow/example_dags/tutorial.py
[2022-05-02 15:16:51,349] {scheduler_job.py:629} INFO - Processing file /home/airflow/.local/lib/python3.6/site-packages/airflow/example_dags/tutorial.py for tasks to queue
[2022-05-02 15:16:51,350] {logging_mixin.py:104} INFO - [2022-05-02 15:16:51,349] {dagbag.py:448} INFO - Filling up the DagBag from /home/airflow/.local/lib/python3.6/site-packages/airflow/example_dags/tutorial.py
[2022-05-02 15:16:51,356] {scheduler_job.py:639} INFO - DAG(s) dict_keys(['tutorial']) retrieved from /home/airflow/.local/lib/python3.6/site-packages/airflow/example_dags/tutorial.py
[2022-05-02 15:16:51,368] {logging_mixin.py:104} INFO - [2022-05-02 15:16:51,368] {dag.py:1818} INFO - Sync 1 DAGs
[2022-05-02 15:16:51,377] {logging_mixin.py:104} INFO - [2022-05-02 15:16:51,376] {dag.py:2273} INFO - Setting next_dagrun for tutorial to 2022-04-30 00:00:00+00:00
[2022-05-02 15:16:51,380] {scheduler_job.py:190} INFO - Processing /home/airflow/.local/lib/python3.6/site-packages/airflow/example_dags/tutorial.py took 0.034 seconds
[2022-05-02 15:17:22,233] {scheduler_job.py:182} INFO - Started process (PID=9364) to work on /home/airflow/.local/lib/python3.6/site-packages/airflow/example_dags/tutorial.py
[2022-05-02 15:17:22,234] {scheduler_job.py:629} INFO - Processing file /home/airflow/.local/lib/python3.6/site-packages/airflow/example_dags/tutorial.py for tasks to queue
[2022-05-02 15:17:22,234] {logging_mixin.py:104} INFO - [2022-05-02 15:17:22,234] {dagbag.py:448} INFO - Filling up the DagBag from /home/airflow/.local/lib/python3.6/site-packages/airflow/example_dags/tutorial.py
[2022-05-02 15:17:22,241] {scheduler_job.py:639} INFO - DAG(s) dict_keys(['tutorial']) retrieved from /home/airflow/.local/lib/python3.6/site-packages/airflow/example_dags/tutorial.py
[2022-05-02 15:17:22,252] {logging_mixin.py:104} INFO - [2022-05-02 15:17:22,252] {dag.py:1818} INFO - Sync 1 DAGs
[2022-05-02 15:17:22,262] {logging_mixin.py:104} INFO - [2022-05-02 15:17:22,262] {dag.py:2273} INFO - Setting next_dagrun for tutorial to 2022-04-30 00:00:00+00:00
[2022-05-02 15:17:22,266] {scheduler_job.py:190} INFO - Processing /home/airflow/.local/lib/python3.6/site-packages/airflow/example_dags/tutorial.py took 0.035 seconds
[2022-05-02 15:17:53,145] {scheduler_job.py:182} INFO - Started process (PID=9499) to work on /home/airflow/.local/lib/python3.6/site-packages/airflow/example_dags/tutorial.py
[2022-05-02 15:17:53,146] {scheduler_job.py:629} INFO - Processing file /home/airflow/.local/lib/python3.6/site-packages/airflow/example_dags/tutorial.py for tasks to queue
[2022-05-02 15:17:53,146] {logging_mixin.py:104} INFO - [2022-05-02 15:17:53,146] {dagbag.py:448} INFO - Filling up the DagBag from /home/airflow/.local/lib/python3.6/site-packages/airflow/example_dags/tutorial.py
[2022-05-02 15:17:53,153] {scheduler_job.py:639} INFO - DAG(s) dict_keys(['tutorial']) retrieved from /home/airflow/.local/lib/python3.6/site-packages/airflow/example_dags/tutorial.py
[2022-05-02 15:17:53,165] {logging_mixin.py:104} INFO - [2022-05-02 15:17:53,164] {dag.py:1818} INFO - Sync 1 DAGs
[2022-05-02 15:17:53,174] {logging_mixin.py:104} INFO - [2022-05-02 15:17:53,174] {dag.py:2273} INFO - Setting next_dagrun for tutorial to 2022-04-30 00:00:00+00:00
[2022-05-02 15:17:53,178] {scheduler_job.py:190} INFO - Processing /home/airflow/.local/lib/python3.6/site-packages/airflow/example_dags/tutorial.py took 0.034 seconds
[2022-05-02 15:18:24,072] {scheduler_job.py:182} INFO - Started process (PID=9634) to work on /home/airflow/.local/lib/python3.6/site-packages/airflow/example_dags/tutorial.py
[2022-05-02 15:18:24,074] {scheduler_job.py:629} INFO - Processing file /home/airflow/.local/lib/python3.6/site-packages/airflow/example_dags/tutorial.py for tasks to queue
[2022-05-02 15:18:24,074] {logging_mixin.py:104} INFO - [2022-05-02 15:18:24,074] {dagbag.py:448} INFO - Filling up the DagBag from /home/airflow/.local/lib/python3.6/site-packages/airflow/example_dags/tutorial.py
[2022-05-02 15:18:24,080] {scheduler_job.py:639} INFO - DAG(s) dict_keys(['tutorial']) retrieved from /home/airflow/.local/lib/python3.6/site-packages/airflow/example_dags/tutorial.py
[2022-05-02 15:18:24,093] {logging_mixin.py:104} INFO - [2022-05-02 15:18:24,092] {dag.py:1818} INFO - Sync 1 DAGs
[2022-05-02 15:18:24,102] {logging_mixin.py:104} INFO - [2022-05-02 15:18:24,101] {dag.py:2273} INFO - Setting next_dagrun for tutorial to 2022-04-30 00:00:00+00:00
[2022-05-02 15:18:24,106] {scheduler_job.py:190} INFO - Processing /home/airflow/.local/lib/python3.6/site-packages/airflow/example_dags/tutorial.py took 0.038 seconds
[2022-05-02 15:18:54,956] {scheduler_job.py:182} INFO - Started process (PID=9769) to work on /home/airflow/.local/lib/python3.6/site-packages/airflow/example_dags/tutorial.py
[2022-05-02 15:18:54,957] {scheduler_job.py:629} INFO - Processing file /home/airflow/.local/lib/python3.6/site-packages/airflow/example_dags/tutorial.py for tasks to queue
[2022-05-02 15:18:54,957] {logging_mixin.py:104} INFO - [2022-05-02 15:18:54,957] {dagbag.py:448} INFO - Filling up the DagBag from /home/airflow/.local/lib/python3.6/site-packages/airflow/example_dags/tutorial.py
[2022-05-02 15:18:54,964] {scheduler_job.py:639} INFO - DAG(s) dict_keys(['tutorial']) retrieved from /home/airflow/.local/lib/python3.6/site-packages/airflow/example_dags/tutorial.py
[2022-05-02 15:18:54,976] {logging_mixin.py:104} INFO - [2022-05-02 15:18:54,976] {dag.py:1818} INFO - Sync 1 DAGs
[2022-05-02 15:18:54,984] {logging_mixin.py:104} INFO - [2022-05-02 15:18:54,984] {dag.py:2273} INFO - Setting next_dagrun for tutorial to 2022-04-30 00:00:00+00:00
[2022-05-02 15:18:54,988] {scheduler_job.py:190} INFO - Processing /home/airflow/.local/lib/python3.6/site-packages/airflow/example_dags/tutorial.py took 0.034 seconds
[2022-05-02 15:19:25,855] {scheduler_job.py:182} INFO - Started process (PID=9904) to work on /home/airflow/.local/lib/python3.6/site-packages/airflow/example_dags/tutorial.py
[2022-05-02 15:19:25,856] {scheduler_job.py:629} INFO - Processing file /home/airflow/.local/lib/python3.6/site-packages/airflow/example_dags/tutorial.py for tasks to queue
[2022-05-02 15:19:25,857] {logging_mixin.py:104} INFO - [2022-05-02 15:19:25,856] {dagbag.py:448} INFO - Filling up the DagBag from /home/airflow/.local/lib/python3.6/site-packages/airflow/example_dags/tutorial.py
[2022-05-02 15:19:25,864] {scheduler_job.py:639} INFO - DAG(s) dict_keys(['tutorial']) retrieved from /home/airflow/.local/lib/python3.6/site-packages/airflow/example_dags/tutorial.py
[2022-05-02 15:19:25,878] {logging_mixin.py:104} INFO - [2022-05-02 15:19:25,878] {dag.py:1818} INFO - Sync 1 DAGs
[2022-05-02 15:19:25,887] {logging_mixin.py:104} INFO - [2022-05-02 15:19:25,887] {dag.py:2273} INFO - Setting next_dagrun for tutorial to 2022-04-30 00:00:00+00:00
[2022-05-02 15:19:25,891] {scheduler_job.py:190} INFO - Processing /home/airflow/.local/lib/python3.6/site-packages/airflow/example_dags/tutorial.py took 0.039 seconds
[2022-05-02 15:19:56,750] {scheduler_job.py:182} INFO - Started process (PID=10039) to work on /home/airflow/.local/lib/python3.6/site-packages/airflow/example_dags/tutorial.py
[2022-05-02 15:19:56,751] {scheduler_job.py:629} INFO - Processing file /home/airflow/.local/lib/python3.6/site-packages/airflow/example_dags/tutorial.py for tasks to queue
[2022-05-02 15:19:56,752] {logging_mixin.py:104} INFO - [2022-05-02 15:19:56,751] {dagbag.py:448} INFO - Filling up the DagBag from /home/airflow/.local/lib/python3.6/site-packages/airflow/example_dags/tutorial.py
[2022-05-02 15:19:56,758] {scheduler_job.py:639} INFO - DAG(s) dict_keys(['tutorial']) retrieved from /home/airflow/.local/lib/python3.6/site-packages/airflow/example_dags/tutorial.py
[2022-05-02 15:19:56,773] {logging_mixin.py:104} INFO - [2022-05-02 15:19:56,773] {dag.py:1818} INFO - Sync 1 DAGs
[2022-05-02 15:19:56,782] {logging_mixin.py:104} INFO - [2022-05-02 15:19:56,782] {dag.py:2273} INFO - Setting next_dagrun for tutorial to 2022-04-30 00:00:00+00:00
[2022-05-02 15:19:56,786] {scheduler_job.py:190} INFO - Processing /home/airflow/.local/lib/python3.6/site-packages/airflow/example_dags/tutorial.py took 0.038 seconds
[2022-05-02 15:20:27,651] {scheduler_job.py:182} INFO - Started process (PID=10174) to work on /home/airflow/.local/lib/python3.6/site-packages/airflow/example_dags/tutorial.py
[2022-05-02 15:20:27,652] {scheduler_job.py:629} INFO - Processing file /home/airflow/.local/lib/python3.6/site-packages/airflow/example_dags/tutorial.py for tasks to queue
[2022-05-02 15:20:27,652] {logging_mixin.py:104} INFO - [2022-05-02 15:20:27,652] {dagbag.py:448} INFO - Filling up the DagBag from /home/airflow/.local/lib/python3.6/site-packages/airflow/example_dags/tutorial.py
[2022-05-02 15:20:27,659] {scheduler_job.py:639} INFO - DAG(s) dict_keys(['tutorial']) retrieved from /home/airflow/.local/lib/python3.6/site-packages/airflow/example_dags/tutorial.py
[2022-05-02 15:20:27,669] {logging_mixin.py:104} INFO - [2022-05-02 15:20:27,669] {dag.py:1818} INFO - Sync 1 DAGs
[2022-05-02 15:20:27,678] {logging_mixin.py:104} INFO - [2022-05-02 15:20:27,678] {dag.py:2273} INFO - Setting next_dagrun for tutorial to 2022-04-30 00:00:00+00:00
[2022-05-02 15:20:27,682] {scheduler_job.py:190} INFO - Processing /home/airflow/.local/lib/python3.6/site-packages/airflow/example_dags/tutorial.py took 0.034 seconds
[2022-05-02 15:20:58,571] {scheduler_job.py:182} INFO - Started process (PID=10309) to work on /home/airflow/.local/lib/python3.6/site-packages/airflow/example_dags/tutorial.py
[2022-05-02 15:20:58,572] {scheduler_job.py:629} INFO - Processing file /home/airflow/.local/lib/python3.6/site-packages/airflow/example_dags/tutorial.py for tasks to queue
[2022-05-02 15:20:58,572] {logging_mixin.py:104} INFO - [2022-05-02 15:20:58,572] {dagbag.py:448} INFO - Filling up the DagBag from /home/airflow/.local/lib/python3.6/site-packages/airflow/example_dags/tutorial.py
[2022-05-02 15:20:58,578] {scheduler_job.py:639} INFO - DAG(s) dict_keys(['tutorial']) retrieved from /home/airflow/.local/lib/python3.6/site-packages/airflow/example_dags/tutorial.py
[2022-05-02 15:20:58,593] {logging_mixin.py:104} INFO - [2022-05-02 15:20:58,593] {dag.py:1818} INFO - Sync 1 DAGs
[2022-05-02 15:20:58,601] {logging_mixin.py:104} INFO - [2022-05-02 15:20:58,601] {dag.py:2273} INFO - Setting next_dagrun for tutorial to 2022-04-30 00:00:00+00:00
[2022-05-02 15:20:58,605] {scheduler_job.py:190} INFO - Processing /home/airflow/.local/lib/python3.6/site-packages/airflow/example_dags/tutorial.py took 0.035 seconds
[2022-05-02 15:21:29,472] {scheduler_job.py:182} INFO - Started process (PID=10444) to work on /home/airflow/.local/lib/python3.6/site-packages/airflow/example_dags/tutorial.py
[2022-05-02 15:21:29,474] {scheduler_job.py:629} INFO - Processing file /home/airflow/.local/lib/python3.6/site-packages/airflow/example_dags/tutorial.py for tasks to queue
[2022-05-02 15:21:29,474] {logging_mixin.py:104} INFO - [2022-05-02 15:21:29,474] {dagbag.py:448} INFO - Filling up the DagBag from /home/airflow/.local/lib/python3.6/site-packages/airflow/example_dags/tutorial.py
[2022-05-02 15:21:29,480] {scheduler_job.py:639} INFO - DAG(s) dict_keys(['tutorial']) retrieved from /home/airflow/.local/lib/python3.6/site-packages/airflow/example_dags/tutorial.py
[2022-05-02 15:21:29,498] {logging_mixin.py:104} INFO - [2022-05-02 15:21:29,498] {dag.py:1818} INFO - Sync 1 DAGs
[2022-05-02 15:21:29,510] {logging_mixin.py:104} INFO - [2022-05-02 15:21:29,510] {dag.py:2273} INFO - Setting next_dagrun for tutorial to 2022-04-30 00:00:00+00:00
[2022-05-02 15:21:29,514] {scheduler_job.py:190} INFO - Processing /home/airflow/.local/lib/python3.6/site-packages/airflow/example_dags/tutorial.py took 0.043 seconds
[2022-05-02 15:22:00,423] {scheduler_job.py:182} INFO - Started process (PID=10579) to work on /home/airflow/.local/lib/python3.6/site-packages/airflow/example_dags/tutorial.py
[2022-05-02 15:22:00,424] {scheduler_job.py:629} INFO - Processing file /home/airflow/.local/lib/python3.6/site-packages/airflow/example_dags/tutorial.py for tasks to queue
[2022-05-02 15:22:00,424] {logging_mixin.py:104} INFO - [2022-05-02 15:22:00,424] {dagbag.py:448} INFO - Filling up the DagBag from /home/airflow/.local/lib/python3.6/site-packages/airflow/example_dags/tutorial.py
[2022-05-02 15:22:00,433] {scheduler_job.py:639} INFO - DAG(s) dict_keys(['tutorial']) retrieved from /home/airflow/.local/lib/python3.6/site-packages/airflow/example_dags/tutorial.py
[2022-05-02 15:22:00,447] {logging_mixin.py:104} INFO - [2022-05-02 15:22:00,447] {dag.py:1818} INFO - Sync 1 DAGs
[2022-05-02 15:22:00,454] {logging_mixin.py:104} INFO - [2022-05-02 15:22:00,454] {dag.py:2273} INFO - Setting next_dagrun for tutorial to 2022-04-30 00:00:00+00:00
[2022-05-02 15:22:00,458] {scheduler_job.py:190} INFO - Processing /home/airflow/.local/lib/python3.6/site-packages/airflow/example_dags/tutorial.py took 0.037 seconds
[2022-05-02 15:22:31,352] {scheduler_job.py:182} INFO - Started process (PID=10714) to work on /home/airflow/.local/lib/python3.6/site-packages/airflow/example_dags/tutorial.py
[2022-05-02 15:22:31,353] {scheduler_job.py:629} INFO - Processing file /home/airflow/.local/lib/python3.6/site-packages/airflow/example_dags/tutorial.py for tasks to queue
[2022-05-02 15:22:31,354] {logging_mixin.py:104} INFO - [2022-05-02 15:22:31,353] {dagbag.py:448} INFO - Filling up the DagBag from /home/airflow/.local/lib/python3.6/site-packages/airflow/example_dags/tutorial.py
[2022-05-02 15:22:31,360] {scheduler_job.py:639} INFO - DAG(s) dict_keys(['tutorial']) retrieved from /home/airflow/.local/lib/python3.6/site-packages/airflow/example_dags/tutorial.py
[2022-05-02 15:22:31,377] {logging_mixin.py:104} INFO - [2022-05-02 15:22:31,377] {dag.py:1818} INFO - Sync 1 DAGs
[2022-05-02 15:22:31,386] {logging_mixin.py:104} INFO - [2022-05-02 15:22:31,386] {dag.py:2273} INFO - Setting next_dagrun for tutorial to 2022-04-30 00:00:00+00:00
[2022-05-02 15:22:31,391] {scheduler_job.py:190} INFO - Processing /home/airflow/.local/lib/python3.6/site-packages/airflow/example_dags/tutorial.py took 0.041 seconds
[2022-05-02 15:23:02,309] {scheduler_job.py:182} INFO - Started process (PID=10849) to work on /home/airflow/.local/lib/python3.6/site-packages/airflow/example_dags/tutorial.py
[2022-05-02 15:23:02,310] {scheduler_job.py:629} INFO - Processing file /home/airflow/.local/lib/python3.6/site-packages/airflow/example_dags/tutorial.py for tasks to queue
[2022-05-02 15:23:02,310] {logging_mixin.py:104} INFO - [2022-05-02 15:23:02,310] {dagbag.py:448} INFO - Filling up the DagBag from /home/airflow/.local/lib/python3.6/site-packages/airflow/example_dags/tutorial.py
[2022-05-02 15:23:02,316] {scheduler_job.py:639} INFO - DAG(s) dict_keys(['tutorial']) retrieved from /home/airflow/.local/lib/python3.6/site-packages/airflow/example_dags/tutorial.py
[2022-05-02 15:23:02,331] {logging_mixin.py:104} INFO - [2022-05-02 15:23:02,331] {dag.py:1818} INFO - Sync 1 DAGs
[2022-05-02 15:23:02,341] {logging_mixin.py:104} INFO - [2022-05-02 15:23:02,341] {dag.py:2273} INFO - Setting next_dagrun for tutorial to 2022-04-30 00:00:00+00:00
[2022-05-02 15:23:02,345] {scheduler_job.py:190} INFO - Processing /home/airflow/.local/lib/python3.6/site-packages/airflow/example_dags/tutorial.py took 0.038 seconds
[2022-05-02 15:23:33,268] {scheduler_job.py:182} INFO - Started process (PID=10986) to work on /home/airflow/.local/lib/python3.6/site-packages/airflow/example_dags/tutorial.py
[2022-05-02 15:23:33,269] {scheduler_job.py:629} INFO - Processing file /home/airflow/.local/lib/python3.6/site-packages/airflow/example_dags/tutorial.py for tasks to queue
[2022-05-02 15:23:33,270] {logging_mixin.py:104} INFO - [2022-05-02 15:23:33,270] {dagbag.py:448} INFO - Filling up the DagBag from /home/airflow/.local/lib/python3.6/site-packages/airflow/example_dags/tutorial.py
[2022-05-02 15:23:33,276] {scheduler_job.py:639} INFO - DAG(s) dict_keys(['tutorial']) retrieved from /home/airflow/.local/lib/python3.6/site-packages/airflow/example_dags/tutorial.py
[2022-05-02 15:23:33,290] {logging_mixin.py:104} INFO - [2022-05-02 15:23:33,290] {dag.py:1818} INFO - Sync 1 DAGs
[2022-05-02 15:23:33,298] {logging_mixin.py:104} INFO - [2022-05-02 15:23:33,298] {dag.py:2273} INFO - Setting next_dagrun for tutorial to 2022-04-30 00:00:00+00:00
[2022-05-02 15:23:33,302] {scheduler_job.py:190} INFO - Processing /home/airflow/.local/lib/python3.6/site-packages/airflow/example_dags/tutorial.py took 0.036 seconds
[2022-05-02 15:24:04,213] {scheduler_job.py:182} INFO - Started process (PID=11121) to work on /home/airflow/.local/lib/python3.6/site-packages/airflow/example_dags/tutorial.py
[2022-05-02 15:24:04,214] {scheduler_job.py:629} INFO - Processing file /home/airflow/.local/lib/python3.6/site-packages/airflow/example_dags/tutorial.py for tasks to queue
[2022-05-02 15:24:04,215] {logging_mixin.py:104} INFO - [2022-05-02 15:24:04,215] {dagbag.py:448} INFO - Filling up the DagBag from /home/airflow/.local/lib/python3.6/site-packages/airflow/example_dags/tutorial.py
[2022-05-02 15:24:04,222] {scheduler_job.py:639} INFO - DAG(s) dict_keys(['tutorial']) retrieved from /home/airflow/.local/lib/python3.6/site-packages/airflow/example_dags/tutorial.py
[2022-05-02 15:24:04,235] {logging_mixin.py:104} INFO - [2022-05-02 15:24:04,235] {dag.py:1818} INFO - Sync 1 DAGs
[2022-05-02 15:24:04,244] {logging_mixin.py:104} INFO - [2022-05-02 15:24:04,244] {dag.py:2273} INFO - Setting next_dagrun for tutorial to 2022-04-30 00:00:00+00:00
[2022-05-02 15:24:04,248] {scheduler_job.py:190} INFO - Processing /home/airflow/.local/lib/python3.6/site-packages/airflow/example_dags/tutorial.py took 0.037 seconds
[2022-05-02 15:24:35,132] {scheduler_job.py:182} INFO - Started process (PID=11256) to work on /home/airflow/.local/lib/python3.6/site-packages/airflow/example_dags/tutorial.py
[2022-05-02 15:24:35,132] {scheduler_job.py:629} INFO - Processing file /home/airflow/.local/lib/python3.6/site-packages/airflow/example_dags/tutorial.py for tasks to queue
[2022-05-02 15:24:35,133] {logging_mixin.py:104} INFO - [2022-05-02 15:24:35,133] {dagbag.py:448} INFO - Filling up the DagBag from /home/airflow/.local/lib/python3.6/site-packages/airflow/example_dags/tutorial.py
[2022-05-02 15:24:35,141] {scheduler_job.py:639} INFO - DAG(s) dict_keys(['tutorial']) retrieved from /home/airflow/.local/lib/python3.6/site-packages/airflow/example_dags/tutorial.py
[2022-05-02 15:24:35,155] {logging_mixin.py:104} INFO - [2022-05-02 15:24:35,155] {dag.py:1818} INFO - Sync 1 DAGs
[2022-05-02 15:24:35,167] {logging_mixin.py:104} INFO - [2022-05-02 15:24:35,167] {dag.py:2273} INFO - Setting next_dagrun for tutorial to 2022-04-30 00:00:00+00:00
[2022-05-02 15:24:35,173] {scheduler_job.py:190} INFO - Processing /home/airflow/.local/lib/python3.6/site-packages/airflow/example_dags/tutorial.py took 0.043 seconds
[2022-05-02 15:25:05,992] {scheduler_job.py:182} INFO - Started process (PID=11389) to work on /home/airflow/.local/lib/python3.6/site-packages/airflow/example_dags/tutorial.py
[2022-05-02 15:25:05,992] {scheduler_job.py:629} INFO - Processing file /home/airflow/.local/lib/python3.6/site-packages/airflow/example_dags/tutorial.py for tasks to queue
[2022-05-02 15:25:05,993] {logging_mixin.py:104} INFO - [2022-05-02 15:25:05,993] {dagbag.py:448} INFO - Filling up the DagBag from /home/airflow/.local/lib/python3.6/site-packages/airflow/example_dags/tutorial.py
[2022-05-02 15:25:06,000] {scheduler_job.py:639} INFO - DAG(s) dict_keys(['tutorial']) retrieved from /home/airflow/.local/lib/python3.6/site-packages/airflow/example_dags/tutorial.py
[2022-05-02 15:25:06,011] {logging_mixin.py:104} INFO - [2022-05-02 15:25:06,011] {dag.py:1818} INFO - Sync 1 DAGs
[2022-05-02 15:25:06,020] {logging_mixin.py:104} INFO - [2022-05-02 15:25:06,020] {dag.py:2273} INFO - Setting next_dagrun for tutorial to 2022-04-30 00:00:00+00:00
[2022-05-02 15:25:06,024] {scheduler_job.py:190} INFO - Processing /home/airflow/.local/lib/python3.6/site-packages/airflow/example_dags/tutorial.py took 0.034 seconds
[2022-05-02 15:25:36,851] {scheduler_job.py:182} INFO - Started process (PID=11524) to work on /home/airflow/.local/lib/python3.6/site-packages/airflow/example_dags/tutorial.py
[2022-05-02 15:25:36,852] {scheduler_job.py:629} INFO - Processing file /home/airflow/.local/lib/python3.6/site-packages/airflow/example_dags/tutorial.py for tasks to queue
[2022-05-02 15:25:36,852] {logging_mixin.py:104} INFO - [2022-05-02 15:25:36,852] {dagbag.py:448} INFO - Filling up the DagBag from /home/airflow/.local/lib/python3.6/site-packages/airflow/example_dags/tutorial.py
[2022-05-02 15:25:36,858] {scheduler_job.py:639} INFO - DAG(s) dict_keys(['tutorial']) retrieved from /home/airflow/.local/lib/python3.6/site-packages/airflow/example_dags/tutorial.py
[2022-05-02 15:25:36,872] {logging_mixin.py:104} INFO - [2022-05-02 15:25:36,872] {dag.py:1818} INFO - Sync 1 DAGs
[2022-05-02 15:25:36,883] {logging_mixin.py:104} INFO - [2022-05-02 15:25:36,883] {dag.py:2273} INFO - Setting next_dagrun for tutorial to 2022-04-30 00:00:00+00:00
[2022-05-02 15:25:36,887] {scheduler_job.py:190} INFO - Processing /home/airflow/.local/lib/python3.6/site-packages/airflow/example_dags/tutorial.py took 0.039 seconds
[2022-05-02 15:26:07,757] {scheduler_job.py:182} INFO - Started process (PID=11659) to work on /home/airflow/.local/lib/python3.6/site-packages/airflow/example_dags/tutorial.py
[2022-05-02 15:26:07,758] {scheduler_job.py:629} INFO - Processing file /home/airflow/.local/lib/python3.6/site-packages/airflow/example_dags/tutorial.py for tasks to queue
[2022-05-02 15:26:07,759] {logging_mixin.py:104} INFO - [2022-05-02 15:26:07,759] {dagbag.py:448} INFO - Filling up the DagBag from /home/airflow/.local/lib/python3.6/site-packages/airflow/example_dags/tutorial.py
[2022-05-02 15:26:07,765] {scheduler_job.py:639} INFO - DAG(s) dict_keys(['tutorial']) retrieved from /home/airflow/.local/lib/python3.6/site-packages/airflow/example_dags/tutorial.py
[2022-05-02 15:26:07,778] {logging_mixin.py:104} INFO - [2022-05-02 15:26:07,778] {dag.py:1818} INFO - Sync 1 DAGs
[2022-05-02 15:26:07,786] {logging_mixin.py:104} INFO - [2022-05-02 15:26:07,786] {dag.py:2273} INFO - Setting next_dagrun for tutorial to 2022-04-30 00:00:00+00:00
[2022-05-02 15:26:07,789] {scheduler_job.py:190} INFO - Processing /home/airflow/.local/lib/python3.6/site-packages/airflow/example_dags/tutorial.py took 0.034 seconds
[2022-05-02 15:26:38,666] {scheduler_job.py:182} INFO - Started process (PID=11794) to work on /home/airflow/.local/lib/python3.6/site-packages/airflow/example_dags/tutorial.py
[2022-05-02 15:26:38,667] {scheduler_job.py:629} INFO - Processing file /home/airflow/.local/lib/python3.6/site-packages/airflow/example_dags/tutorial.py for tasks to queue
[2022-05-02 15:26:38,667] {logging_mixin.py:104} INFO - [2022-05-02 15:26:38,667] {dagbag.py:448} INFO - Filling up the DagBag from /home/airflow/.local/lib/python3.6/site-packages/airflow/example_dags/tutorial.py
[2022-05-02 15:26:38,674] {scheduler_job.py:639} INFO - DAG(s) dict_keys(['tutorial']) retrieved from /home/airflow/.local/lib/python3.6/site-packages/airflow/example_dags/tutorial.py
[2022-05-02 15:26:38,688] {logging_mixin.py:104} INFO - [2022-05-02 15:26:38,688] {dag.py:1818} INFO - Sync 1 DAGs
[2022-05-02 15:26:38,697] {logging_mixin.py:104} INFO - [2022-05-02 15:26:38,697] {dag.py:2273} INFO - Setting next_dagrun for tutorial to 2022-04-30 00:00:00+00:00
[2022-05-02 15:26:38,701] {scheduler_job.py:190} INFO - Processing /home/airflow/.local/lib/python3.6/site-packages/airflow/example_dags/tutorial.py took 0.038 seconds
[2022-05-02 15:27:09,592] {scheduler_job.py:182} INFO - Started process (PID=11929) to work on /home/airflow/.local/lib/python3.6/site-packages/airflow/example_dags/tutorial.py
[2022-05-02 15:27:09,593] {scheduler_job.py:629} INFO - Processing file /home/airflow/.local/lib/python3.6/site-packages/airflow/example_dags/tutorial.py for tasks to queue
[2022-05-02 15:27:09,593] {logging_mixin.py:104} INFO - [2022-05-02 15:27:09,593] {dagbag.py:448} INFO - Filling up the DagBag from /home/airflow/.local/lib/python3.6/site-packages/airflow/example_dags/tutorial.py
[2022-05-02 15:27:09,600] {scheduler_job.py:639} INFO - DAG(s) dict_keys(['tutorial']) retrieved from /home/airflow/.local/lib/python3.6/site-packages/airflow/example_dags/tutorial.py
[2022-05-02 15:27:09,615] {logging_mixin.py:104} INFO - [2022-05-02 15:27:09,615] {dag.py:1818} INFO - Sync 1 DAGs
[2022-05-02 15:27:09,622] {logging_mixin.py:104} INFO - [2022-05-02 15:27:09,622] {dag.py:2273} INFO - Setting next_dagrun for tutorial to 2022-04-30 00:00:00+00:00
[2022-05-02 15:27:09,626] {scheduler_job.py:190} INFO - Processing /home/airflow/.local/lib/python3.6/site-packages/airflow/example_dags/tutorial.py took 0.036 seconds
[2022-05-02 15:27:40,515] {scheduler_job.py:182} INFO - Started process (PID=12064) to work on /home/airflow/.local/lib/python3.6/site-packages/airflow/example_dags/tutorial.py
[2022-05-02 15:27:40,515] {scheduler_job.py:629} INFO - Processing file /home/airflow/.local/lib/python3.6/site-packages/airflow/example_dags/tutorial.py for tasks to queue
[2022-05-02 15:27:40,516] {logging_mixin.py:104} INFO - [2022-05-02 15:27:40,516] {dagbag.py:448} INFO - Filling up the DagBag from /home/airflow/.local/lib/python3.6/site-packages/airflow/example_dags/tutorial.py
[2022-05-02 15:27:40,524] {scheduler_job.py:639} INFO - DAG(s) dict_keys(['tutorial']) retrieved from /home/airflow/.local/lib/python3.6/site-packages/airflow/example_dags/tutorial.py
[2022-05-02 15:27:40,538] {logging_mixin.py:104} INFO - [2022-05-02 15:27:40,538] {dag.py:1818} INFO - Sync 1 DAGs
[2022-05-02 15:27:40,546] {logging_mixin.py:104} INFO - [2022-05-02 15:27:40,546] {dag.py:2273} INFO - Setting next_dagrun for tutorial to 2022-04-30 00:00:00+00:00
[2022-05-02 15:27:40,550] {scheduler_job.py:190} INFO - Processing /home/airflow/.local/lib/python3.6/site-packages/airflow/example_dags/tutorial.py took 0.038 seconds
