[2022-06-25 08:30:31,430] {taskinstance.py:851} INFO - Dependencies all met for <TaskInstance: analyze_json_data.getDate 2022-06-24T00:00:00+00:00 [queued]>
[2022-06-25 08:30:31,439] {taskinstance.py:851} INFO - Dependencies all met for <TaskInstance: analyze_json_data.getDate 2022-06-24T00:00:00+00:00 [queued]>
[2022-06-25 08:30:31,439] {taskinstance.py:1042} INFO - 
--------------------------------------------------------------------------------
[2022-06-25 08:30:31,439] {taskinstance.py:1043} INFO - Starting attempt 1 of 4
[2022-06-25 08:30:31,439] {taskinstance.py:1044} INFO - 
--------------------------------------------------------------------------------
[2022-06-25 08:30:31,449] {taskinstance.py:1063} INFO - Executing <Task(BranchPythonOperator): getDate> on 2022-06-24T00:00:00+00:00
[2022-06-25 08:30:31,453] {standard_task_runner.py:52} INFO - Started process 310 to run task
[2022-06-25 08:30:31,456] {standard_task_runner.py:76} INFO - Running: ['airflow', 'tasks', 'run', 'analyze_json_data', 'getDate', '2022-06-24T00:00:00+00:00', '--job-id', '334', '--pool', 'default_pool', '--raw', '--subdir', 'DAGS_FOLDER/dagRun.py', '--cfg-path', '/tmp/tmph5f8zlgf', '--error-file', '/tmp/tmplap9vbx8']
[2022-06-25 08:30:31,458] {standard_task_runner.py:77} INFO - Job 334: Subtask getDate
[2022-06-25 08:30:31,490] {logging_mixin.py:104} INFO - Running <TaskInstance: analyze_json_data.getDate 2022-06-24T00:00:00+00:00 [running]> on host 1189a6233bd7
[2022-06-25 08:30:31,518] {taskinstance.py:1257} INFO - Exporting the following env vars:
AIRFLOW_CTX_DAG_OWNER=Renato_Otescu
AIRFLOW_CTX_DAG_ID=analyze_json_data
AIRFLOW_CTX_TASK_ID=getDate
AIRFLOW_CTX_EXECUTION_DATE=2022-06-24T00:00:00+00:00
AIRFLOW_CTX_DAG_RUN_ID=scheduled__2022-06-24T00:00:00+00:00
[2022-06-25 08:30:31,525] {python.py:118} INFO - Done. Returned value was: parseJsonFile
[2022-06-25 08:30:31,525] {skipmixin.py:124} INFO - Following branch parseJsonFile
[2022-06-25 08:30:31,532] {skipmixin.py:155} INFO - Skipping tasks []
[2022-06-25 08:30:31,552] {taskinstance.py:1166} INFO - Marking task as SUCCESS. dag_id=analyze_json_data, task_id=getDate, execution_date=20220624T000000, start_date=20220625T083031, end_date=20220625T083031
[2022-06-25 08:30:31,581] {taskinstance.py:1220} INFO - 1 downstream tasks scheduled from follow-on schedule check
[2022-06-25 08:30:31,587] {local_task_job.py:146} INFO - Task exited with return code 0
[2022-06-25 09:12:00,589] {taskinstance.py:851} INFO - Dependencies all met for <TaskInstance: analyze_json_data.getDate 2022-06-24T00:00:00+00:00 [queued]>
[2022-06-25 09:12:00,600] {taskinstance.py:851} INFO - Dependencies all met for <TaskInstance: analyze_json_data.getDate 2022-06-24T00:00:00+00:00 [queued]>
[2022-06-25 09:12:00,601] {taskinstance.py:1042} INFO - 
--------------------------------------------------------------------------------
[2022-06-25 09:12:00,601] {taskinstance.py:1043} INFO - Starting attempt 1 of 4
[2022-06-25 09:12:00,601] {taskinstance.py:1044} INFO - 
--------------------------------------------------------------------------------
[2022-06-25 09:12:00,607] {taskinstance.py:1063} INFO - Executing <Task(BranchPythonOperator): getDate> on 2022-06-24T00:00:00+00:00
[2022-06-25 09:12:00,610] {standard_task_runner.py:52} INFO - Started process 983 to run task
[2022-06-25 09:12:00,613] {standard_task_runner.py:76} INFO - Running: ['airflow', 'tasks', 'run', 'analyze_json_data', 'getDate', '2022-06-24T00:00:00+00:00', '--job-id', '351', '--pool', 'default_pool', '--raw', '--subdir', 'DAGS_FOLDER/dagRun.py', '--cfg-path', '/tmp/tmpckgzwarh', '--error-file', '/tmp/tmp_si3flpb']
[2022-06-25 09:12:00,615] {standard_task_runner.py:77} INFO - Job 351: Subtask getDate
[2022-06-25 09:12:00,643] {logging_mixin.py:104} INFO - Running <TaskInstance: analyze_json_data.getDate 2022-06-24T00:00:00+00:00 [running]> on host bb303642214a
[2022-06-25 09:12:00,673] {taskinstance.py:1257} INFO - Exporting the following env vars:
AIRFLOW_CTX_DAG_OWNER=Renato_Otescu
AIRFLOW_CTX_DAG_ID=analyze_json_data
AIRFLOW_CTX_TASK_ID=getDate
AIRFLOW_CTX_EXECUTION_DATE=2022-06-24T00:00:00+00:00
AIRFLOW_CTX_DAG_RUN_ID=scheduled__2022-06-24T00:00:00+00:00
[2022-06-25 09:12:00,679] {python.py:118} INFO - Done. Returned value was: parseJsonFile
[2022-06-25 09:12:00,679] {skipmixin.py:124} INFO - Following branch parseJsonFile
[2022-06-25 09:12:00,685] {skipmixin.py:155} INFO - Skipping tasks []
[2022-06-25 09:12:00,707] {taskinstance.py:1166} INFO - Marking task as SUCCESS. dag_id=analyze_json_data, task_id=getDate, execution_date=20220624T000000, start_date=20220625T091200, end_date=20220625T091200
[2022-06-25 09:12:00,736] {taskinstance.py:1220} INFO - 1 downstream tasks scheduled from follow-on schedule check
[2022-06-25 09:12:00,743] {local_task_job.py:146} INFO - Task exited with return code 0
