[2022-06-25 09:12:00,576] {taskinstance.py:851} INFO - Dependencies all met for <TaskInstance: analyze_json_data.getDate 2022-06-25T09:11:40.779593+00:00 [queued]>
[2022-06-25 09:12:00,588] {taskinstance.py:851} INFO - Dependencies all met for <TaskInstance: analyze_json_data.getDate 2022-06-25T09:11:40.779593+00:00 [queued]>
[2022-06-25 09:12:00,588] {taskinstance.py:1042} INFO - 
--------------------------------------------------------------------------------
[2022-06-25 09:12:00,588] {taskinstance.py:1043} INFO - Starting attempt 1 of 4
[2022-06-25 09:12:00,588] {taskinstance.py:1044} INFO - 
--------------------------------------------------------------------------------
[2022-06-25 09:12:00,594] {taskinstance.py:1063} INFO - Executing <Task(BranchPythonOperator): getDate> on 2022-06-25T09:11:40.779593+00:00
[2022-06-25 09:12:00,598] {standard_task_runner.py:52} INFO - Started process 982 to run task
[2022-06-25 09:12:00,601] {standard_task_runner.py:76} INFO - Running: ['airflow', 'tasks', 'run', 'analyze_json_data', 'getDate', '2022-06-25T09:11:40.779593+00:00', '--job-id', '350', '--pool', 'default_pool', '--raw', '--subdir', 'DAGS_FOLDER/dagRun.py', '--cfg-path', '/tmp/tmpgxxw4kdj', '--error-file', '/tmp/tmpmdibyjfj']
[2022-06-25 09:12:00,603] {standard_task_runner.py:77} INFO - Job 350: Subtask getDate
[2022-06-25 09:12:00,632] {logging_mixin.py:104} INFO - Running <TaskInstance: analyze_json_data.getDate 2022-06-25T09:11:40.779593+00:00 [running]> on host bb303642214a
[2022-06-25 09:12:00,661] {taskinstance.py:1257} INFO - Exporting the following env vars:
AIRFLOW_CTX_DAG_OWNER=Renato_Otescu
AIRFLOW_CTX_DAG_ID=analyze_json_data
AIRFLOW_CTX_TASK_ID=getDate
AIRFLOW_CTX_EXECUTION_DATE=2022-06-25T09:11:40.779593+00:00
AIRFLOW_CTX_DAG_RUN_ID=manual__2022-06-25T09:11:40.779593+00:00
[2022-06-25 09:12:00,667] {python.py:118} INFO - Done. Returned value was: parseJsonFile
[2022-06-25 09:12:00,667] {skipmixin.py:124} INFO - Following branch parseJsonFile
[2022-06-25 09:12:00,672] {skipmixin.py:155} INFO - Skipping tasks []
[2022-06-25 09:12:00,694] {taskinstance.py:1166} INFO - Marking task as SUCCESS. dag_id=analyze_json_data, task_id=getDate, execution_date=20220625T091140, start_date=20220625T091200, end_date=20220625T091200
[2022-06-25 09:12:00,722] {taskinstance.py:1220} INFO - 1 downstream tasks scheduled from follow-on schedule check
[2022-06-25 09:12:00,731] {local_task_job.py:146} INFO - Task exited with return code 0
