[2022-05-07 14:14:00,247] {scheduler_job.py:182} INFO - Started process (PID=216) to work on /opt/airflow/dags/dagRun.py
[2022-05-07 14:14:00,247] {scheduler_job.py:629} INFO - Processing file /opt/airflow/dags/dagRun.py for tasks to queue
[2022-05-07 14:14:00,248] {logging_mixin.py:104} INFO - [2022-05-07 14:14:00,248] {dagbag.py:448} INFO - Filling up the DagBag from /opt/airflow/dags/dagRun.py
[2022-05-07 14:14:00,583] {scheduler_job.py:639} INFO - DAG(s) dict_keys(['analyze_json_data']) retrieved from /opt/airflow/dags/dagRun.py
[2022-05-07 14:14:00,595] {logging_mixin.py:104} INFO - [2022-05-07 14:14:00,595] {dag.py:1818} INFO - Sync 1 DAGs
[2022-05-07 14:14:00,609] {logging_mixin.py:104} INFO - [2022-05-07 14:14:00,608] {dag.py:2273} INFO - Setting next_dagrun for analyze_json_data to 2022-05-07 00:00:00+00:00
[2022-05-07 14:14:00,613] {scheduler_job.py:190} INFO - Processing /opt/airflow/dags/dagRun.py took 0.369 seconds
[2022-05-07 14:14:31,227] {scheduler_job.py:182} INFO - Started process (PID=844) to work on /opt/airflow/dags/dagRun.py
[2022-05-07 14:14:31,227] {scheduler_job.py:629} INFO - Processing file /opt/airflow/dags/dagRun.py for tasks to queue
[2022-05-07 14:14:31,228] {logging_mixin.py:104} INFO - [2022-05-07 14:14:31,228] {dagbag.py:448} INFO - Filling up the DagBag from /opt/airflow/dags/dagRun.py
[2022-05-07 14:14:31,484] {scheduler_job.py:639} INFO - DAG(s) dict_keys(['analyze_json_data']) retrieved from /opt/airflow/dags/dagRun.py
[2022-05-07 14:14:31,498] {logging_mixin.py:104} INFO - [2022-05-07 14:14:31,498] {dag.py:1818} INFO - Sync 1 DAGs
[2022-05-07 14:14:31,509] {logging_mixin.py:104} INFO - [2022-05-07 14:14:31,509] {dag.py:2273} INFO - Setting next_dagrun for analyze_json_data to 2022-05-07 00:00:00+00:00
[2022-05-07 14:14:31,513] {scheduler_job.py:190} INFO - Processing /opt/airflow/dags/dagRun.py took 0.288 seconds
[2022-05-07 14:15:02,068] {scheduler_job.py:182} INFO - Started process (PID=1169) to work on /opt/airflow/dags/dagRun.py
[2022-05-07 14:15:02,069] {scheduler_job.py:629} INFO - Processing file /opt/airflow/dags/dagRun.py for tasks to queue
[2022-05-07 14:15:02,069] {logging_mixin.py:104} INFO - [2022-05-07 14:15:02,069] {dagbag.py:448} INFO - Filling up the DagBag from /opt/airflow/dags/dagRun.py
[2022-05-07 14:15:02,350] {scheduler_job.py:639} INFO - DAG(s) dict_keys(['analyze_json_data']) retrieved from /opt/airflow/dags/dagRun.py
[2022-05-07 14:15:02,364] {logging_mixin.py:104} INFO - [2022-05-07 14:15:02,364] {dag.py:1818} INFO - Sync 1 DAGs
[2022-05-07 14:15:02,377] {logging_mixin.py:104} INFO - [2022-05-07 14:15:02,377] {dag.py:2273} INFO - Setting next_dagrun for analyze_json_data to 2022-05-07 00:00:00+00:00
[2022-05-07 14:15:02,380] {scheduler_job.py:190} INFO - Processing /opt/airflow/dags/dagRun.py took 0.314 seconds
[2022-05-07 14:15:33,580] {scheduler_job.py:182} INFO - Started process (PID=1577) to work on /opt/airflow/dags/dagRun.py
[2022-05-07 14:15:33,581] {scheduler_job.py:629} INFO - Processing file /opt/airflow/dags/dagRun.py for tasks to queue
[2022-05-07 14:15:33,582] {logging_mixin.py:104} INFO - [2022-05-07 14:15:33,581] {dagbag.py:448} INFO - Filling up the DagBag from /opt/airflow/dags/dagRun.py
[2022-05-07 14:15:33,840] {scheduler_job.py:639} INFO - DAG(s) dict_keys(['analyze_json_data']) retrieved from /opt/airflow/dags/dagRun.py
[2022-05-07 14:15:33,852] {logging_mixin.py:104} INFO - [2022-05-07 14:15:33,851] {dag.py:1818} INFO - Sync 1 DAGs
[2022-05-07 14:15:33,863] {logging_mixin.py:104} INFO - [2022-05-07 14:15:33,863] {dag.py:2273} INFO - Setting next_dagrun for analyze_json_data to 2022-05-07 00:00:00+00:00
[2022-05-07 14:15:33,866] {scheduler_job.py:190} INFO - Processing /opt/airflow/dags/dagRun.py took 0.288 seconds
[2022-05-07 14:16:04,418] {scheduler_job.py:182} INFO - Started process (PID=1804) to work on /opt/airflow/dags/dagRun.py
[2022-05-07 14:16:04,419] {scheduler_job.py:629} INFO - Processing file /opt/airflow/dags/dagRun.py for tasks to queue
[2022-05-07 14:16:04,419] {logging_mixin.py:104} INFO - [2022-05-07 14:16:04,419] {dagbag.py:448} INFO - Filling up the DagBag from /opt/airflow/dags/dagRun.py
[2022-05-07 14:16:04,689] {scheduler_job.py:639} INFO - DAG(s) dict_keys(['analyze_json_data']) retrieved from /opt/airflow/dags/dagRun.py
[2022-05-07 14:16:04,703] {logging_mixin.py:104} INFO - [2022-05-07 14:16:04,703] {dag.py:1818} INFO - Sync 1 DAGs
[2022-05-07 14:16:04,716] {logging_mixin.py:104} INFO - [2022-05-07 14:16:04,716] {dag.py:2273} INFO - Setting next_dagrun for analyze_json_data to 2022-05-07 00:00:00+00:00
[2022-05-07 14:16:04,720] {scheduler_job.py:190} INFO - Processing /opt/airflow/dags/dagRun.py took 0.303 seconds
[2022-05-07 14:16:35,156] {scheduler_job.py:182} INFO - Started process (PID=2043) to work on /opt/airflow/dags/dagRun.py
[2022-05-07 14:16:35,157] {scheduler_job.py:629} INFO - Processing file /opt/airflow/dags/dagRun.py for tasks to queue
[2022-05-07 14:16:35,157] {logging_mixin.py:104} INFO - [2022-05-07 14:16:35,157] {dagbag.py:448} INFO - Filling up the DagBag from /opt/airflow/dags/dagRun.py
[2022-05-07 14:16:35,429] {scheduler_job.py:639} INFO - DAG(s) dict_keys(['analyze_json_data']) retrieved from /opt/airflow/dags/dagRun.py
[2022-05-07 14:16:35,444] {logging_mixin.py:104} INFO - [2022-05-07 14:16:35,444] {dag.py:1818} INFO - Sync 1 DAGs
[2022-05-07 14:16:35,456] {logging_mixin.py:104} INFO - [2022-05-07 14:16:35,456] {dag.py:2273} INFO - Setting next_dagrun for analyze_json_data to 2022-05-07 00:00:00+00:00
[2022-05-07 14:16:35,459] {scheduler_job.py:190} INFO - Processing /opt/airflow/dags/dagRun.py took 0.304 seconds
[2022-05-07 14:17:05,911] {scheduler_job.py:182} INFO - Started process (PID=2178) to work on /opt/airflow/dags/dagRun.py
[2022-05-07 14:17:05,912] {scheduler_job.py:629} INFO - Processing file /opt/airflow/dags/dagRun.py for tasks to queue
[2022-05-07 14:17:05,912] {logging_mixin.py:104} INFO - [2022-05-07 14:17:05,912] {dagbag.py:448} INFO - Filling up the DagBag from /opt/airflow/dags/dagRun.py
[2022-05-07 14:17:06,166] {scheduler_job.py:639} INFO - DAG(s) dict_keys(['analyze_json_data']) retrieved from /opt/airflow/dags/dagRun.py
[2022-05-07 14:17:06,176] {logging_mixin.py:104} INFO - [2022-05-07 14:17:06,176] {dag.py:1818} INFO - Sync 1 DAGs
[2022-05-07 14:17:06,187] {logging_mixin.py:104} INFO - [2022-05-07 14:17:06,187] {dag.py:2273} INFO - Setting next_dagrun for analyze_json_data to 2022-05-07 00:00:00+00:00
[2022-05-07 14:17:06,190] {scheduler_job.py:190} INFO - Processing /opt/airflow/dags/dagRun.py took 0.281 seconds
[2022-05-07 14:17:36,721] {scheduler_job.py:182} INFO - Started process (PID=2313) to work on /opt/airflow/dags/dagRun.py
[2022-05-07 14:17:36,722] {scheduler_job.py:629} INFO - Processing file /opt/airflow/dags/dagRun.py for tasks to queue
[2022-05-07 14:17:36,722] {logging_mixin.py:104} INFO - [2022-05-07 14:17:36,722] {dagbag.py:448} INFO - Filling up the DagBag from /opt/airflow/dags/dagRun.py
[2022-05-07 14:17:36,981] {scheduler_job.py:639} INFO - DAG(s) dict_keys(['analyze_json_data']) retrieved from /opt/airflow/dags/dagRun.py
[2022-05-07 14:17:36,995] {logging_mixin.py:104} INFO - [2022-05-07 14:17:36,995] {dag.py:1818} INFO - Sync 1 DAGs
[2022-05-07 14:17:37,013] {logging_mixin.py:104} INFO - [2022-05-07 14:17:37,013] {dag.py:2273} INFO - Setting next_dagrun for analyze_json_data to 2022-05-07 00:00:00+00:00
[2022-05-07 14:17:37,018] {scheduler_job.py:190} INFO - Processing /opt/airflow/dags/dagRun.py took 0.299 seconds
[2022-05-07 14:18:07,470] {scheduler_job.py:182} INFO - Started process (PID=2448) to work on /opt/airflow/dags/dagRun.py
[2022-05-07 14:18:07,471] {scheduler_job.py:629} INFO - Processing file /opt/airflow/dags/dagRun.py for tasks to queue
[2022-05-07 14:18:07,472] {logging_mixin.py:104} INFO - [2022-05-07 14:18:07,472] {dagbag.py:448} INFO - Filling up the DagBag from /opt/airflow/dags/dagRun.py
[2022-05-07 14:18:07,726] {scheduler_job.py:639} INFO - DAG(s) dict_keys(['analyze_json_data']) retrieved from /opt/airflow/dags/dagRun.py
[2022-05-07 14:18:07,737] {logging_mixin.py:104} INFO - [2022-05-07 14:18:07,737] {dag.py:1818} INFO - Sync 1 DAGs
[2022-05-07 14:18:07,749] {logging_mixin.py:104} INFO - [2022-05-07 14:18:07,749] {dag.py:2273} INFO - Setting next_dagrun for analyze_json_data to 2022-05-07 00:00:00+00:00
[2022-05-07 14:18:07,752] {scheduler_job.py:190} INFO - Processing /opt/airflow/dags/dagRun.py took 0.284 seconds
[2022-05-07 14:18:38,253] {scheduler_job.py:182} INFO - Started process (PID=2585) to work on /opt/airflow/dags/dagRun.py
[2022-05-07 14:18:38,253] {scheduler_job.py:629} INFO - Processing file /opt/airflow/dags/dagRun.py for tasks to queue
[2022-05-07 14:18:38,254] {logging_mixin.py:104} INFO - [2022-05-07 14:18:38,254] {dagbag.py:448} INFO - Filling up the DagBag from /opt/airflow/dags/dagRun.py
[2022-05-07 14:18:38,507] {scheduler_job.py:639} INFO - DAG(s) dict_keys(['analyze_json_data']) retrieved from /opt/airflow/dags/dagRun.py
[2022-05-07 14:18:38,519] {logging_mixin.py:104} INFO - [2022-05-07 14:18:38,519] {dag.py:1818} INFO - Sync 1 DAGs
[2022-05-07 14:18:38,530] {logging_mixin.py:104} INFO - [2022-05-07 14:18:38,530] {dag.py:2273} INFO - Setting next_dagrun for analyze_json_data to 2022-05-07 00:00:00+00:00
[2022-05-07 14:18:38,533] {scheduler_job.py:190} INFO - Processing /opt/airflow/dags/dagRun.py took 0.282 seconds
[2022-05-07 14:19:09,219] {scheduler_job.py:182} INFO - Started process (PID=2718) to work on /opt/airflow/dags/dagRun.py
[2022-05-07 14:19:09,220] {scheduler_job.py:629} INFO - Processing file /opt/airflow/dags/dagRun.py for tasks to queue
[2022-05-07 14:19:09,220] {logging_mixin.py:104} INFO - [2022-05-07 14:19:09,220] {dagbag.py:448} INFO - Filling up the DagBag from /opt/airflow/dags/dagRun.py
[2022-05-07 14:19:09,480] {scheduler_job.py:639} INFO - DAG(s) dict_keys(['analyze_json_data']) retrieved from /opt/airflow/dags/dagRun.py
[2022-05-07 14:19:09,490] {logging_mixin.py:104} INFO - [2022-05-07 14:19:09,490] {dag.py:1818} INFO - Sync 1 DAGs
[2022-05-07 14:19:09,501] {logging_mixin.py:104} INFO - [2022-05-07 14:19:09,501] {dag.py:2273} INFO - Setting next_dagrun for analyze_json_data to 2022-05-07 00:00:00+00:00
[2022-05-07 14:19:09,504] {scheduler_job.py:190} INFO - Processing /opt/airflow/dags/dagRun.py took 0.287 seconds
[2022-05-07 14:19:39,959] {scheduler_job.py:182} INFO - Started process (PID=2853) to work on /opt/airflow/dags/dagRun.py
[2022-05-07 14:19:39,959] {scheduler_job.py:629} INFO - Processing file /opt/airflow/dags/dagRun.py for tasks to queue
[2022-05-07 14:19:39,960] {logging_mixin.py:104} INFO - [2022-05-07 14:19:39,960] {dagbag.py:448} INFO - Filling up the DagBag from /opt/airflow/dags/dagRun.py
[2022-05-07 14:19:40,227] {scheduler_job.py:639} INFO - DAG(s) dict_keys(['analyze_json_data']) retrieved from /opt/airflow/dags/dagRun.py
[2022-05-07 14:19:40,241] {logging_mixin.py:104} INFO - [2022-05-07 14:19:40,241] {dag.py:1818} INFO - Sync 1 DAGs
[2022-05-07 14:19:40,253] {logging_mixin.py:104} INFO - [2022-05-07 14:19:40,253] {dag.py:2273} INFO - Setting next_dagrun for analyze_json_data to 2022-05-07 00:00:00+00:00
[2022-05-07 14:19:40,257] {scheduler_job.py:190} INFO - Processing /opt/airflow/dags/dagRun.py took 0.300 seconds
[2022-05-07 14:20:10,729] {scheduler_job.py:182} INFO - Started process (PID=2988) to work on /opt/airflow/dags/dagRun.py
[2022-05-07 14:20:10,730] {scheduler_job.py:629} INFO - Processing file /opt/airflow/dags/dagRun.py for tasks to queue
[2022-05-07 14:20:10,730] {logging_mixin.py:104} INFO - [2022-05-07 14:20:10,730] {dagbag.py:448} INFO - Filling up the DagBag from /opt/airflow/dags/dagRun.py
[2022-05-07 14:20:10,987] {scheduler_job.py:639} INFO - DAG(s) dict_keys(['analyze_json_data']) retrieved from /opt/airflow/dags/dagRun.py
[2022-05-07 14:20:11,000] {logging_mixin.py:104} INFO - [2022-05-07 14:20:11,000] {dag.py:1818} INFO - Sync 1 DAGs
[2022-05-07 14:20:11,012] {logging_mixin.py:104} INFO - [2022-05-07 14:20:11,012] {dag.py:2273} INFO - Setting next_dagrun for analyze_json_data to 2022-05-07 00:00:00+00:00
[2022-05-07 14:20:11,015] {scheduler_job.py:190} INFO - Processing /opt/airflow/dags/dagRun.py took 0.287 seconds
[2022-05-07 14:20:41,479] {scheduler_job.py:182} INFO - Started process (PID=3123) to work on /opt/airflow/dags/dagRun.py
[2022-05-07 14:20:41,480] {scheduler_job.py:629} INFO - Processing file /opt/airflow/dags/dagRun.py for tasks to queue
[2022-05-07 14:20:41,481] {logging_mixin.py:104} INFO - [2022-05-07 14:20:41,480] {dagbag.py:448} INFO - Filling up the DagBag from /opt/airflow/dags/dagRun.py
[2022-05-07 14:20:41,729] {scheduler_job.py:639} INFO - DAG(s) dict_keys(['analyze_json_data']) retrieved from /opt/airflow/dags/dagRun.py
[2022-05-07 14:20:41,744] {logging_mixin.py:104} INFO - [2022-05-07 14:20:41,744] {dag.py:1818} INFO - Sync 1 DAGs
[2022-05-07 14:20:41,754] {logging_mixin.py:104} INFO - [2022-05-07 14:20:41,754] {dag.py:2273} INFO - Setting next_dagrun for analyze_json_data to 2022-05-07 00:00:00+00:00
[2022-05-07 14:20:41,758] {scheduler_job.py:190} INFO - Processing /opt/airflow/dags/dagRun.py took 0.280 seconds
[2022-05-07 14:21:12,244] {scheduler_job.py:182} INFO - Started process (PID=3258) to work on /opt/airflow/dags/dagRun.py
[2022-05-07 14:21:12,245] {scheduler_job.py:629} INFO - Processing file /opt/airflow/dags/dagRun.py for tasks to queue
[2022-05-07 14:21:12,245] {logging_mixin.py:104} INFO - [2022-05-07 14:21:12,245] {dagbag.py:448} INFO - Filling up the DagBag from /opt/airflow/dags/dagRun.py
[2022-05-07 14:21:12,504] {scheduler_job.py:639} INFO - DAG(s) dict_keys(['analyze_json_data']) retrieved from /opt/airflow/dags/dagRun.py
[2022-05-07 14:21:12,518] {logging_mixin.py:104} INFO - [2022-05-07 14:21:12,518] {dag.py:1818} INFO - Sync 1 DAGs
[2022-05-07 14:21:12,528] {logging_mixin.py:104} INFO - [2022-05-07 14:21:12,528] {dag.py:2273} INFO - Setting next_dagrun for analyze_json_data to 2022-05-07 00:00:00+00:00
[2022-05-07 14:21:12,532] {scheduler_job.py:190} INFO - Processing /opt/airflow/dags/dagRun.py took 0.289 seconds
[2022-05-07 14:21:43,021] {scheduler_job.py:182} INFO - Started process (PID=3393) to work on /opt/airflow/dags/dagRun.py
[2022-05-07 14:21:43,022] {scheduler_job.py:629} INFO - Processing file /opt/airflow/dags/dagRun.py for tasks to queue
[2022-05-07 14:21:43,022] {logging_mixin.py:104} INFO - [2022-05-07 14:21:43,022] {dagbag.py:448} INFO - Filling up the DagBag from /opt/airflow/dags/dagRun.py
[2022-05-07 14:21:43,277] {scheduler_job.py:639} INFO - DAG(s) dict_keys(['analyze_json_data']) retrieved from /opt/airflow/dags/dagRun.py
[2022-05-07 14:21:43,291] {logging_mixin.py:104} INFO - [2022-05-07 14:21:43,291] {dag.py:1818} INFO - Sync 1 DAGs
[2022-05-07 14:21:43,301] {logging_mixin.py:104} INFO - [2022-05-07 14:21:43,301] {dag.py:2273} INFO - Setting next_dagrun for analyze_json_data to 2022-05-07 00:00:00+00:00
[2022-05-07 14:21:43,304] {scheduler_job.py:190} INFO - Processing /opt/airflow/dags/dagRun.py took 0.285 seconds
[2022-05-07 14:22:13,768] {scheduler_job.py:182} INFO - Started process (PID=3528) to work on /opt/airflow/dags/dagRun.py
[2022-05-07 14:22:13,769] {scheduler_job.py:629} INFO - Processing file /opt/airflow/dags/dagRun.py for tasks to queue
[2022-05-07 14:22:13,770] {logging_mixin.py:104} INFO - [2022-05-07 14:22:13,769] {dagbag.py:448} INFO - Filling up the DagBag from /opt/airflow/dags/dagRun.py
[2022-05-07 14:22:14,030] {scheduler_job.py:639} INFO - DAG(s) dict_keys(['analyze_json_data']) retrieved from /opt/airflow/dags/dagRun.py
[2022-05-07 14:22:14,043] {logging_mixin.py:104} INFO - [2022-05-07 14:22:14,043] {dag.py:1818} INFO - Sync 1 DAGs
[2022-05-07 14:22:14,053] {logging_mixin.py:104} INFO - [2022-05-07 14:22:14,053] {dag.py:2273} INFO - Setting next_dagrun for analyze_json_data to 2022-05-07 00:00:00+00:00
[2022-05-07 14:22:14,056] {scheduler_job.py:190} INFO - Processing /opt/airflow/dags/dagRun.py took 0.290 seconds
[2022-05-07 14:22:44,543] {scheduler_job.py:182} INFO - Started process (PID=3663) to work on /opt/airflow/dags/dagRun.py
[2022-05-07 14:22:44,543] {scheduler_job.py:629} INFO - Processing file /opt/airflow/dags/dagRun.py for tasks to queue
[2022-05-07 14:22:44,544] {logging_mixin.py:104} INFO - [2022-05-07 14:22:44,544] {dagbag.py:448} INFO - Filling up the DagBag from /opt/airflow/dags/dagRun.py
[2022-05-07 14:22:44,792] {scheduler_job.py:639} INFO - DAG(s) dict_keys(['analyze_json_data']) retrieved from /opt/airflow/dags/dagRun.py
[2022-05-07 14:22:44,807] {logging_mixin.py:104} INFO - [2022-05-07 14:22:44,806] {dag.py:1818} INFO - Sync 1 DAGs
[2022-05-07 14:22:44,817] {logging_mixin.py:104} INFO - [2022-05-07 14:22:44,817] {dag.py:2273} INFO - Setting next_dagrun for analyze_json_data to 2022-05-07 00:00:00+00:00
[2022-05-07 14:22:44,820] {scheduler_job.py:190} INFO - Processing /opt/airflow/dags/dagRun.py took 0.279 seconds
[2022-05-07 14:23:15,316] {scheduler_job.py:182} INFO - Started process (PID=3798) to work on /opt/airflow/dags/dagRun.py
[2022-05-07 14:23:15,317] {scheduler_job.py:629} INFO - Processing file /opt/airflow/dags/dagRun.py for tasks to queue
[2022-05-07 14:23:15,318] {logging_mixin.py:104} INFO - [2022-05-07 14:23:15,318] {dagbag.py:448} INFO - Filling up the DagBag from /opt/airflow/dags/dagRun.py
[2022-05-07 14:23:15,566] {scheduler_job.py:639} INFO - DAG(s) dict_keys(['analyze_json_data']) retrieved from /opt/airflow/dags/dagRun.py
[2022-05-07 14:23:15,580] {logging_mixin.py:104} INFO - [2022-05-07 14:23:15,579] {dag.py:1818} INFO - Sync 1 DAGs
[2022-05-07 14:23:15,590] {logging_mixin.py:104} INFO - [2022-05-07 14:23:15,590] {dag.py:2273} INFO - Setting next_dagrun for analyze_json_data to 2022-05-07 00:00:00+00:00
[2022-05-07 14:23:15,593] {scheduler_job.py:190} INFO - Processing /opt/airflow/dags/dagRun.py took 0.279 seconds
[2022-05-07 14:23:46,116] {scheduler_job.py:182} INFO - Started process (PID=3933) to work on /opt/airflow/dags/dagRun.py
[2022-05-07 14:23:46,117] {scheduler_job.py:629} INFO - Processing file /opt/airflow/dags/dagRun.py for tasks to queue
[2022-05-07 14:23:46,118] {logging_mixin.py:104} INFO - [2022-05-07 14:23:46,118] {dagbag.py:448} INFO - Filling up the DagBag from /opt/airflow/dags/dagRun.py
[2022-05-07 14:23:46,369] {scheduler_job.py:639} INFO - DAG(s) dict_keys(['analyze_json_data']) retrieved from /opt/airflow/dags/dagRun.py
[2022-05-07 14:23:46,384] {logging_mixin.py:104} INFO - [2022-05-07 14:23:46,383] {dag.py:1818} INFO - Sync 1 DAGs
[2022-05-07 14:23:46,395] {logging_mixin.py:104} INFO - [2022-05-07 14:23:46,395] {dag.py:2273} INFO - Setting next_dagrun for analyze_json_data to 2022-05-07 00:00:00+00:00
[2022-05-07 14:23:46,399] {scheduler_job.py:190} INFO - Processing /opt/airflow/dags/dagRun.py took 0.286 seconds
[2022-05-07 14:24:16,865] {scheduler_job.py:182} INFO - Started process (PID=4068) to work on /opt/airflow/dags/dagRun.py
[2022-05-07 14:24:16,866] {scheduler_job.py:629} INFO - Processing file /opt/airflow/dags/dagRun.py for tasks to queue
[2022-05-07 14:24:16,866] {logging_mixin.py:104} INFO - [2022-05-07 14:24:16,866] {dagbag.py:448} INFO - Filling up the DagBag from /opt/airflow/dags/dagRun.py
[2022-05-07 14:24:17,122] {scheduler_job.py:639} INFO - DAG(s) dict_keys(['analyze_json_data']) retrieved from /opt/airflow/dags/dagRun.py
[2022-05-07 14:24:17,133] {logging_mixin.py:104} INFO - [2022-05-07 14:24:17,133] {dag.py:1818} INFO - Sync 1 DAGs
[2022-05-07 14:24:17,145] {logging_mixin.py:104} INFO - [2022-05-07 14:24:17,145] {dag.py:2273} INFO - Setting next_dagrun for analyze_json_data to 2022-05-07 00:00:00+00:00
[2022-05-07 14:24:17,148] {scheduler_job.py:190} INFO - Processing /opt/airflow/dags/dagRun.py took 0.285 seconds
[2022-05-07 14:24:47,666] {scheduler_job.py:182} INFO - Started process (PID=4203) to work on /opt/airflow/dags/dagRun.py
[2022-05-07 14:24:47,667] {scheduler_job.py:629} INFO - Processing file /opt/airflow/dags/dagRun.py for tasks to queue
[2022-05-07 14:24:47,667] {logging_mixin.py:104} INFO - [2022-05-07 14:24:47,667] {dagbag.py:448} INFO - Filling up the DagBag from /opt/airflow/dags/dagRun.py
[2022-05-07 14:24:47,933] {scheduler_job.py:639} INFO - DAG(s) dict_keys(['analyze_json_data']) retrieved from /opt/airflow/dags/dagRun.py
[2022-05-07 14:24:47,947] {logging_mixin.py:104} INFO - [2022-05-07 14:24:47,947] {dag.py:1818} INFO - Sync 1 DAGs
[2022-05-07 14:24:47,959] {logging_mixin.py:104} INFO - [2022-05-07 14:24:47,959] {dag.py:2273} INFO - Setting next_dagrun for analyze_json_data to 2022-05-07 00:00:00+00:00
[2022-05-07 14:24:47,963] {scheduler_job.py:190} INFO - Processing /opt/airflow/dags/dagRun.py took 0.299 seconds
[2022-05-07 14:25:18,472] {scheduler_job.py:182} INFO - Started process (PID=4338) to work on /opt/airflow/dags/dagRun.py
[2022-05-07 14:25:18,473] {scheduler_job.py:629} INFO - Processing file /opt/airflow/dags/dagRun.py for tasks to queue
[2022-05-07 14:25:18,474] {logging_mixin.py:104} INFO - [2022-05-07 14:25:18,474] {dagbag.py:448} INFO - Filling up the DagBag from /opt/airflow/dags/dagRun.py
[2022-05-07 14:25:18,731] {scheduler_job.py:639} INFO - DAG(s) dict_keys(['analyze_json_data']) retrieved from /opt/airflow/dags/dagRun.py
[2022-05-07 14:25:18,746] {logging_mixin.py:104} INFO - [2022-05-07 14:25:18,746] {dag.py:1818} INFO - Sync 1 DAGs
[2022-05-07 14:25:18,756] {logging_mixin.py:104} INFO - [2022-05-07 14:25:18,756] {dag.py:2273} INFO - Setting next_dagrun for analyze_json_data to 2022-05-07 00:00:00+00:00
[2022-05-07 14:25:18,759] {scheduler_job.py:190} INFO - Processing /opt/airflow/dags/dagRun.py took 0.289 seconds
[2022-05-07 14:25:49,293] {scheduler_job.py:182} INFO - Started process (PID=4473) to work on /opt/airflow/dags/dagRun.py
[2022-05-07 14:25:49,294] {scheduler_job.py:629} INFO - Processing file /opt/airflow/dags/dagRun.py for tasks to queue
[2022-05-07 14:25:49,294] {logging_mixin.py:104} INFO - [2022-05-07 14:25:49,294] {dagbag.py:448} INFO - Filling up the DagBag from /opt/airflow/dags/dagRun.py
[2022-05-07 14:25:49,541] {scheduler_job.py:639} INFO - DAG(s) dict_keys(['analyze_json_data']) retrieved from /opt/airflow/dags/dagRun.py
[2022-05-07 14:25:49,555] {logging_mixin.py:104} INFO - [2022-05-07 14:25:49,555] {dag.py:1818} INFO - Sync 1 DAGs
[2022-05-07 14:25:49,567] {logging_mixin.py:104} INFO - [2022-05-07 14:25:49,567] {dag.py:2273} INFO - Setting next_dagrun for analyze_json_data to 2022-05-07 00:00:00+00:00
[2022-05-07 14:25:49,570] {scheduler_job.py:190} INFO - Processing /opt/airflow/dags/dagRun.py took 0.278 seconds
[2022-05-07 14:26:20,036] {scheduler_job.py:182} INFO - Started process (PID=4608) to work on /opt/airflow/dags/dagRun.py
[2022-05-07 14:26:20,037] {scheduler_job.py:629} INFO - Processing file /opt/airflow/dags/dagRun.py for tasks to queue
[2022-05-07 14:26:20,037] {logging_mixin.py:104} INFO - [2022-05-07 14:26:20,037] {dagbag.py:448} INFO - Filling up the DagBag from /opt/airflow/dags/dagRun.py
[2022-05-07 14:26:20,289] {scheduler_job.py:639} INFO - DAG(s) dict_keys(['analyze_json_data']) retrieved from /opt/airflow/dags/dagRun.py
[2022-05-07 14:26:20,303] {logging_mixin.py:104} INFO - [2022-05-07 14:26:20,302] {dag.py:1818} INFO - Sync 1 DAGs
[2022-05-07 14:26:20,315] {logging_mixin.py:104} INFO - [2022-05-07 14:26:20,315] {dag.py:2273} INFO - Setting next_dagrun for analyze_json_data to 2022-05-07 00:00:00+00:00
[2022-05-07 14:26:20,318] {scheduler_job.py:190} INFO - Processing /opt/airflow/dags/dagRun.py took 0.284 seconds
[2022-05-07 14:26:50,795] {scheduler_job.py:182} INFO - Started process (PID=4743) to work on /opt/airflow/dags/dagRun.py
[2022-05-07 14:26:50,796] {scheduler_job.py:629} INFO - Processing file /opt/airflow/dags/dagRun.py for tasks to queue
[2022-05-07 14:26:50,796] {logging_mixin.py:104} INFO - [2022-05-07 14:26:50,796] {dagbag.py:448} INFO - Filling up the DagBag from /opt/airflow/dags/dagRun.py
[2022-05-07 14:26:51,052] {scheduler_job.py:639} INFO - DAG(s) dict_keys(['analyze_json_data']) retrieved from /opt/airflow/dags/dagRun.py
[2022-05-07 14:26:51,066] {logging_mixin.py:104} INFO - [2022-05-07 14:26:51,066] {dag.py:1818} INFO - Sync 1 DAGs
[2022-05-07 14:26:51,077] {logging_mixin.py:104} INFO - [2022-05-07 14:26:51,077] {dag.py:2273} INFO - Setting next_dagrun for analyze_json_data to 2022-05-07 00:00:00+00:00
[2022-05-07 14:26:51,080] {scheduler_job.py:190} INFO - Processing /opt/airflow/dags/dagRun.py took 0.288 seconds
[2022-05-07 14:27:21,681] {scheduler_job.py:182} INFO - Started process (PID=4878) to work on /opt/airflow/dags/dagRun.py
[2022-05-07 14:27:21,681] {scheduler_job.py:629} INFO - Processing file /opt/airflow/dags/dagRun.py for tasks to queue
[2022-05-07 14:27:21,682] {logging_mixin.py:104} INFO - [2022-05-07 14:27:21,682] {dagbag.py:448} INFO - Filling up the DagBag from /opt/airflow/dags/dagRun.py
[2022-05-07 14:27:21,938] {scheduler_job.py:639} INFO - DAG(s) dict_keys(['analyze_json_data']) retrieved from /opt/airflow/dags/dagRun.py
[2022-05-07 14:27:21,953] {logging_mixin.py:104} INFO - [2022-05-07 14:27:21,953] {dag.py:1818} INFO - Sync 1 DAGs
[2022-05-07 14:27:21,964] {logging_mixin.py:104} INFO - [2022-05-07 14:27:21,964] {dag.py:2273} INFO - Setting next_dagrun for analyze_json_data to 2022-05-07 00:00:00+00:00
[2022-05-07 14:27:21,967] {scheduler_job.py:190} INFO - Processing /opt/airflow/dags/dagRun.py took 0.288 seconds
[2022-05-07 14:27:52,795] {scheduler_job.py:182} INFO - Started process (PID=5020) to work on /opt/airflow/dags/dagRun.py
[2022-05-07 14:27:52,796] {scheduler_job.py:629} INFO - Processing file /opt/airflow/dags/dagRun.py for tasks to queue
[2022-05-07 14:27:52,797] {logging_mixin.py:104} INFO - [2022-05-07 14:27:52,796] {dagbag.py:448} INFO - Filling up the DagBag from /opt/airflow/dags/dagRun.py
[2022-05-07 14:27:53,054] {scheduler_job.py:639} INFO - DAG(s) dict_keys(['analyze_json_data']) retrieved from /opt/airflow/dags/dagRun.py
[2022-05-07 14:27:53,072] {logging_mixin.py:104} INFO - [2022-05-07 14:27:53,072] {dag.py:1818} INFO - Sync 1 DAGs
[2022-05-07 14:27:53,085] {logging_mixin.py:104} INFO - [2022-05-07 14:27:53,085] {dag.py:2273} INFO - Setting next_dagrun for analyze_json_data to 2022-05-07 00:00:00+00:00
[2022-05-07 14:27:53,089] {scheduler_job.py:190} INFO - Processing /opt/airflow/dags/dagRun.py took 0.297 seconds
[2022-05-07 14:28:23,855] {scheduler_job.py:182} INFO - Started process (PID=5155) to work on /opt/airflow/dags/dagRun.py
[2022-05-07 14:28:23,856] {scheduler_job.py:629} INFO - Processing file /opt/airflow/dags/dagRun.py for tasks to queue
[2022-05-07 14:28:23,857] {logging_mixin.py:104} INFO - [2022-05-07 14:28:23,857] {dagbag.py:448} INFO - Filling up the DagBag from /opt/airflow/dags/dagRun.py
[2022-05-07 14:28:24,109] {scheduler_job.py:639} INFO - DAG(s) dict_keys(['analyze_json_data']) retrieved from /opt/airflow/dags/dagRun.py
[2022-05-07 14:28:24,123] {logging_mixin.py:104} INFO - [2022-05-07 14:28:24,123] {dag.py:1818} INFO - Sync 1 DAGs
[2022-05-07 14:28:24,136] {logging_mixin.py:104} INFO - [2022-05-07 14:28:24,136] {dag.py:2273} INFO - Setting next_dagrun for analyze_json_data to 2022-05-07 00:00:00+00:00
[2022-05-07 14:28:24,139] {scheduler_job.py:190} INFO - Processing /opt/airflow/dags/dagRun.py took 0.286 seconds
[2022-05-07 14:28:54,598] {scheduler_job.py:182} INFO - Started process (PID=5290) to work on /opt/airflow/dags/dagRun.py
[2022-05-07 14:28:54,599] {scheduler_job.py:629} INFO - Processing file /opt/airflow/dags/dagRun.py for tasks to queue
[2022-05-07 14:28:54,599] {logging_mixin.py:104} INFO - [2022-05-07 14:28:54,599] {dagbag.py:448} INFO - Filling up the DagBag from /opt/airflow/dags/dagRun.py
[2022-05-07 14:28:54,849] {scheduler_job.py:639} INFO - DAG(s) dict_keys(['analyze_json_data']) retrieved from /opt/airflow/dags/dagRun.py
[2022-05-07 14:28:54,863] {logging_mixin.py:104} INFO - [2022-05-07 14:28:54,863] {dag.py:1818} INFO - Sync 1 DAGs
[2022-05-07 14:28:54,876] {logging_mixin.py:104} INFO - [2022-05-07 14:28:54,876] {dag.py:2273} INFO - Setting next_dagrun for analyze_json_data to 2022-05-07 00:00:00+00:00
[2022-05-07 14:28:54,879] {scheduler_job.py:190} INFO - Processing /opt/airflow/dags/dagRun.py took 0.284 seconds
[2022-05-07 14:29:25,423] {scheduler_job.py:182} INFO - Started process (PID=5425) to work on /opt/airflow/dags/dagRun.py
[2022-05-07 14:29:25,423] {scheduler_job.py:629} INFO - Processing file /opt/airflow/dags/dagRun.py for tasks to queue
[2022-05-07 14:29:25,424] {logging_mixin.py:104} INFO - [2022-05-07 14:29:25,424] {dagbag.py:448} INFO - Filling up the DagBag from /opt/airflow/dags/dagRun.py
[2022-05-07 14:29:25,671] {scheduler_job.py:639} INFO - DAG(s) dict_keys(['analyze_json_data']) retrieved from /opt/airflow/dags/dagRun.py
[2022-05-07 14:29:25,683] {logging_mixin.py:104} INFO - [2022-05-07 14:29:25,683] {dag.py:1818} INFO - Sync 1 DAGs
[2022-05-07 14:29:25,696] {logging_mixin.py:104} INFO - [2022-05-07 14:29:25,696] {dag.py:2273} INFO - Setting next_dagrun for analyze_json_data to 2022-05-07 00:00:00+00:00
[2022-05-07 14:29:25,700] {scheduler_job.py:190} INFO - Processing /opt/airflow/dags/dagRun.py took 0.280 seconds
[2022-05-07 14:29:56,221] {scheduler_job.py:182} INFO - Started process (PID=5560) to work on /opt/airflow/dags/dagRun.py
[2022-05-07 14:29:56,221] {scheduler_job.py:629} INFO - Processing file /opt/airflow/dags/dagRun.py for tasks to queue
[2022-05-07 14:29:56,222] {logging_mixin.py:104} INFO - [2022-05-07 14:29:56,222] {dagbag.py:448} INFO - Filling up the DagBag from /opt/airflow/dags/dagRun.py
[2022-05-07 14:29:56,467] {scheduler_job.py:639} INFO - DAG(s) dict_keys(['analyze_json_data']) retrieved from /opt/airflow/dags/dagRun.py
[2022-05-07 14:29:56,482] {logging_mixin.py:104} INFO - [2022-05-07 14:29:56,482] {dag.py:1818} INFO - Sync 1 DAGs
[2022-05-07 14:29:56,493] {logging_mixin.py:104} INFO - [2022-05-07 14:29:56,493] {dag.py:2273} INFO - Setting next_dagrun for analyze_json_data to 2022-05-07 00:00:00+00:00
[2022-05-07 14:29:56,496] {scheduler_job.py:190} INFO - Processing /opt/airflow/dags/dagRun.py took 0.278 seconds
[2022-05-07 14:30:26,960] {scheduler_job.py:182} INFO - Started process (PID=5695) to work on /opt/airflow/dags/dagRun.py
[2022-05-07 14:30:26,961] {scheduler_job.py:629} INFO - Processing file /opt/airflow/dags/dagRun.py for tasks to queue
[2022-05-07 14:30:26,961] {logging_mixin.py:104} INFO - [2022-05-07 14:30:26,961] {dagbag.py:448} INFO - Filling up the DagBag from /opt/airflow/dags/dagRun.py
[2022-05-07 14:30:27,209] {scheduler_job.py:639} INFO - DAG(s) dict_keys(['analyze_json_data']) retrieved from /opt/airflow/dags/dagRun.py
[2022-05-07 14:30:27,223] {logging_mixin.py:104} INFO - [2022-05-07 14:30:27,223] {dag.py:1818} INFO - Sync 1 DAGs
[2022-05-07 14:30:27,234] {logging_mixin.py:104} INFO - [2022-05-07 14:30:27,234] {dag.py:2273} INFO - Setting next_dagrun for analyze_json_data to 2022-05-07 00:00:00+00:00
[2022-05-07 14:30:27,238] {scheduler_job.py:190} INFO - Processing /opt/airflow/dags/dagRun.py took 0.280 seconds
[2022-05-07 14:30:57,682] {scheduler_job.py:182} INFO - Started process (PID=5830) to work on /opt/airflow/dags/dagRun.py
[2022-05-07 14:30:57,683] {scheduler_job.py:629} INFO - Processing file /opt/airflow/dags/dagRun.py for tasks to queue
[2022-05-07 14:30:57,684] {logging_mixin.py:104} INFO - [2022-05-07 14:30:57,684] {dagbag.py:448} INFO - Filling up the DagBag from /opt/airflow/dags/dagRun.py
[2022-05-07 14:30:57,935] {scheduler_job.py:639} INFO - DAG(s) dict_keys(['analyze_json_data']) retrieved from /opt/airflow/dags/dagRun.py
[2022-05-07 14:30:57,951] {logging_mixin.py:104} INFO - [2022-05-07 14:30:57,951] {dag.py:1818} INFO - Sync 1 DAGs
[2022-05-07 14:30:57,962] {logging_mixin.py:104} INFO - [2022-05-07 14:30:57,962] {dag.py:2273} INFO - Setting next_dagrun for analyze_json_data to 2022-05-07 00:00:00+00:00
[2022-05-07 14:30:57,965] {scheduler_job.py:190} INFO - Processing /opt/airflow/dags/dagRun.py took 0.285 seconds
[2022-05-07 14:31:28,556] {scheduler_job.py:182} INFO - Started process (PID=5965) to work on /opt/airflow/dags/dagRun.py
[2022-05-07 14:31:28,557] {scheduler_job.py:629} INFO - Processing file /opt/airflow/dags/dagRun.py for tasks to queue
[2022-05-07 14:31:28,557] {logging_mixin.py:104} INFO - [2022-05-07 14:31:28,557] {dagbag.py:448} INFO - Filling up the DagBag from /opt/airflow/dags/dagRun.py
[2022-05-07 14:31:28,805] {scheduler_job.py:639} INFO - DAG(s) dict_keys(['analyze_json_data']) retrieved from /opt/airflow/dags/dagRun.py
[2022-05-07 14:31:28,821] {logging_mixin.py:104} INFO - [2022-05-07 14:31:28,821] {dag.py:1818} INFO - Sync 1 DAGs
[2022-05-07 14:31:28,831] {logging_mixin.py:104} INFO - [2022-05-07 14:31:28,831] {dag.py:2273} INFO - Setting next_dagrun for analyze_json_data to 2022-05-07 00:00:00+00:00
[2022-05-07 14:31:28,835] {scheduler_job.py:190} INFO - Processing /opt/airflow/dags/dagRun.py took 0.281 seconds
[2022-05-07 14:31:59,712] {scheduler_job.py:182} INFO - Started process (PID=6100) to work on /opt/airflow/dags/dagRun.py
[2022-05-07 14:31:59,713] {scheduler_job.py:629} INFO - Processing file /opt/airflow/dags/dagRun.py for tasks to queue
[2022-05-07 14:31:59,714] {logging_mixin.py:104} INFO - [2022-05-07 14:31:59,714] {dagbag.py:448} INFO - Filling up the DagBag from /opt/airflow/dags/dagRun.py
[2022-05-07 14:31:59,975] {scheduler_job.py:639} INFO - DAG(s) dict_keys(['analyze_json_data']) retrieved from /opt/airflow/dags/dagRun.py
[2022-05-07 14:31:59,990] {logging_mixin.py:104} INFO - [2022-05-07 14:31:59,989] {dag.py:1818} INFO - Sync 1 DAGs
[2022-05-07 14:32:00,000] {logging_mixin.py:104} INFO - [2022-05-07 14:32:00,000] {dag.py:2273} INFO - Setting next_dagrun for analyze_json_data to 2022-05-07 00:00:00+00:00
[2022-05-07 14:32:00,003] {scheduler_job.py:190} INFO - Processing /opt/airflow/dags/dagRun.py took 0.293 seconds
[2022-05-07 14:32:30,832] {scheduler_job.py:182} INFO - Started process (PID=6235) to work on /opt/airflow/dags/dagRun.py
[2022-05-07 14:32:30,833] {scheduler_job.py:629} INFO - Processing file /opt/airflow/dags/dagRun.py for tasks to queue
[2022-05-07 14:32:30,834] {logging_mixin.py:104} INFO - [2022-05-07 14:32:30,834] {dagbag.py:448} INFO - Filling up the DagBag from /opt/airflow/dags/dagRun.py
[2022-05-07 14:32:31,087] {scheduler_job.py:639} INFO - DAG(s) dict_keys(['analyze_json_data']) retrieved from /opt/airflow/dags/dagRun.py
[2022-05-07 14:32:31,103] {logging_mixin.py:104} INFO - [2022-05-07 14:32:31,103] {dag.py:1818} INFO - Sync 1 DAGs
[2022-05-07 14:32:31,113] {logging_mixin.py:104} INFO - [2022-05-07 14:32:31,113] {dag.py:2273} INFO - Setting next_dagrun for analyze_json_data to 2022-05-07 00:00:00+00:00
[2022-05-07 14:32:31,116] {scheduler_job.py:190} INFO - Processing /opt/airflow/dags/dagRun.py took 0.287 seconds
[2022-05-07 14:33:01,955] {scheduler_job.py:182} INFO - Started process (PID=6370) to work on /opt/airflow/dags/dagRun.py
[2022-05-07 14:33:01,956] {scheduler_job.py:629} INFO - Processing file /opt/airflow/dags/dagRun.py for tasks to queue
[2022-05-07 14:33:01,956] {logging_mixin.py:104} INFO - [2022-05-07 14:33:01,956] {dagbag.py:448} INFO - Filling up the DagBag from /opt/airflow/dags/dagRun.py
[2022-05-07 14:33:02,208] {scheduler_job.py:639} INFO - DAG(s) dict_keys(['analyze_json_data']) retrieved from /opt/airflow/dags/dagRun.py
[2022-05-07 14:33:02,223] {logging_mixin.py:104} INFO - [2022-05-07 14:33:02,223] {dag.py:1818} INFO - Sync 1 DAGs
[2022-05-07 14:33:02,233] {logging_mixin.py:104} INFO - [2022-05-07 14:33:02,233] {dag.py:2273} INFO - Setting next_dagrun for analyze_json_data to 2022-05-07 00:00:00+00:00
[2022-05-07 14:33:02,236] {scheduler_job.py:190} INFO - Processing /opt/airflow/dags/dagRun.py took 0.283 seconds
[2022-05-07 14:33:32,954] {scheduler_job.py:182} INFO - Started process (PID=6505) to work on /opt/airflow/dags/dagRun.py
[2022-05-07 14:33:32,955] {scheduler_job.py:629} INFO - Processing file /opt/airflow/dags/dagRun.py for tasks to queue
[2022-05-07 14:33:32,956] {logging_mixin.py:104} INFO - [2022-05-07 14:33:32,955] {dagbag.py:448} INFO - Filling up the DagBag from /opt/airflow/dags/dagRun.py
[2022-05-07 14:33:33,206] {scheduler_job.py:639} INFO - DAG(s) dict_keys(['analyze_json_data']) retrieved from /opt/airflow/dags/dagRun.py
[2022-05-07 14:33:33,221] {logging_mixin.py:104} INFO - [2022-05-07 14:33:33,220] {dag.py:1818} INFO - Sync 1 DAGs
[2022-05-07 14:33:33,234] {logging_mixin.py:104} INFO - [2022-05-07 14:33:33,234] {dag.py:2273} INFO - Setting next_dagrun for analyze_json_data to 2022-05-07 00:00:00+00:00
[2022-05-07 14:33:33,237] {scheduler_job.py:190} INFO - Processing /opt/airflow/dags/dagRun.py took 0.286 seconds
[2022-05-07 14:34:03,686] {scheduler_job.py:182} INFO - Started process (PID=6640) to work on /opt/airflow/dags/dagRun.py
[2022-05-07 14:34:03,687] {scheduler_job.py:629} INFO - Processing file /opt/airflow/dags/dagRun.py for tasks to queue
[2022-05-07 14:34:03,687] {logging_mixin.py:104} INFO - [2022-05-07 14:34:03,687] {dagbag.py:448} INFO - Filling up the DagBag from /opt/airflow/dags/dagRun.py
[2022-05-07 14:34:03,948] {scheduler_job.py:639} INFO - DAG(s) dict_keys(['analyze_json_data']) retrieved from /opt/airflow/dags/dagRun.py
[2022-05-07 14:34:03,963] {logging_mixin.py:104} INFO - [2022-05-07 14:34:03,963] {dag.py:1818} INFO - Sync 1 DAGs
[2022-05-07 14:34:03,973] {logging_mixin.py:104} INFO - [2022-05-07 14:34:03,973] {dag.py:2273} INFO - Setting next_dagrun for analyze_json_data to 2022-05-07 00:00:00+00:00
[2022-05-07 14:34:03,976] {scheduler_job.py:190} INFO - Processing /opt/airflow/dags/dagRun.py took 0.293 seconds
[2022-05-07 14:34:34,413] {scheduler_job.py:182} INFO - Started process (PID=6775) to work on /opt/airflow/dags/dagRun.py
[2022-05-07 14:34:34,414] {scheduler_job.py:629} INFO - Processing file /opt/airflow/dags/dagRun.py for tasks to queue
[2022-05-07 14:34:34,414] {logging_mixin.py:104} INFO - [2022-05-07 14:34:34,414] {dagbag.py:448} INFO - Filling up the DagBag from /opt/airflow/dags/dagRun.py
[2022-05-07 14:34:34,674] {scheduler_job.py:639} INFO - DAG(s) dict_keys(['analyze_json_data']) retrieved from /opt/airflow/dags/dagRun.py
[2022-05-07 14:34:34,686] {logging_mixin.py:104} INFO - [2022-05-07 14:34:34,686] {dag.py:1818} INFO - Sync 1 DAGs
[2022-05-07 14:34:34,696] {logging_mixin.py:104} INFO - [2022-05-07 14:34:34,696] {dag.py:2273} INFO - Setting next_dagrun for analyze_json_data to 2022-05-07 00:00:00+00:00
[2022-05-07 14:34:34,700] {scheduler_job.py:190} INFO - Processing /opt/airflow/dags/dagRun.py took 0.289 seconds
[2022-05-07 14:35:05,133] {scheduler_job.py:182} INFO - Started process (PID=6910) to work on /opt/airflow/dags/dagRun.py
[2022-05-07 14:35:05,134] {scheduler_job.py:629} INFO - Processing file /opt/airflow/dags/dagRun.py for tasks to queue
[2022-05-07 14:35:05,135] {logging_mixin.py:104} INFO - [2022-05-07 14:35:05,134] {dagbag.py:448} INFO - Filling up the DagBag from /opt/airflow/dags/dagRun.py
[2022-05-07 14:35:05,379] {scheduler_job.py:639} INFO - DAG(s) dict_keys(['analyze_json_data']) retrieved from /opt/airflow/dags/dagRun.py
[2022-05-07 14:35:05,395] {logging_mixin.py:104} INFO - [2022-05-07 14:35:05,395] {dag.py:1818} INFO - Sync 1 DAGs
[2022-05-07 14:35:05,405] {logging_mixin.py:104} INFO - [2022-05-07 14:35:05,405] {dag.py:2273} INFO - Setting next_dagrun for analyze_json_data to 2022-05-07 00:00:00+00:00
[2022-05-07 14:35:05,409] {scheduler_job.py:190} INFO - Processing /opt/airflow/dags/dagRun.py took 0.278 seconds
[2022-05-07 14:35:35,910] {scheduler_job.py:182} INFO - Started process (PID=7045) to work on /opt/airflow/dags/dagRun.py
[2022-05-07 14:35:35,911] {scheduler_job.py:629} INFO - Processing file /opt/airflow/dags/dagRun.py for tasks to queue
[2022-05-07 14:35:35,911] {logging_mixin.py:104} INFO - [2022-05-07 14:35:35,911] {dagbag.py:448} INFO - Filling up the DagBag from /opt/airflow/dags/dagRun.py
[2022-05-07 14:35:36,173] {scheduler_job.py:639} INFO - DAG(s) dict_keys(['analyze_json_data']) retrieved from /opt/airflow/dags/dagRun.py
[2022-05-07 14:35:36,187] {logging_mixin.py:104} INFO - [2022-05-07 14:35:36,187] {dag.py:1818} INFO - Sync 1 DAGs
[2022-05-07 14:35:36,199] {logging_mixin.py:104} INFO - [2022-05-07 14:35:36,199] {dag.py:2273} INFO - Setting next_dagrun for analyze_json_data to 2022-05-07 00:00:00+00:00
[2022-05-07 14:35:36,202] {scheduler_job.py:190} INFO - Processing /opt/airflow/dags/dagRun.py took 0.294 seconds
[2022-05-07 14:36:07,003] {scheduler_job.py:182} INFO - Started process (PID=7180) to work on /opt/airflow/dags/dagRun.py
[2022-05-07 14:36:07,004] {scheduler_job.py:629} INFO - Processing file /opt/airflow/dags/dagRun.py for tasks to queue
[2022-05-07 14:36:07,005] {logging_mixin.py:104} INFO - [2022-05-07 14:36:07,005] {dagbag.py:448} INFO - Filling up the DagBag from /opt/airflow/dags/dagRun.py
[2022-05-07 14:36:07,258] {scheduler_job.py:639} INFO - DAG(s) dict_keys(['analyze_json_data']) retrieved from /opt/airflow/dags/dagRun.py
[2022-05-07 14:36:07,271] {logging_mixin.py:104} INFO - [2022-05-07 14:36:07,271] {dag.py:1818} INFO - Sync 1 DAGs
[2022-05-07 14:36:07,281] {logging_mixin.py:104} INFO - [2022-05-07 14:36:07,281] {dag.py:2273} INFO - Setting next_dagrun for analyze_json_data to 2022-05-07 00:00:00+00:00
[2022-05-07 14:36:07,285] {scheduler_job.py:190} INFO - Processing /opt/airflow/dags/dagRun.py took 0.283 seconds
[2022-05-07 14:36:38,078] {scheduler_job.py:182} INFO - Started process (PID=7315) to work on /opt/airflow/dags/dagRun.py
[2022-05-07 14:36:38,078] {scheduler_job.py:629} INFO - Processing file /opt/airflow/dags/dagRun.py for tasks to queue
[2022-05-07 14:36:38,079] {logging_mixin.py:104} INFO - [2022-05-07 14:36:38,079] {dagbag.py:448} INFO - Filling up the DagBag from /opt/airflow/dags/dagRun.py
[2022-05-07 14:36:38,349] {scheduler_job.py:639} INFO - DAG(s) dict_keys(['analyze_json_data']) retrieved from /opt/airflow/dags/dagRun.py
[2022-05-07 14:36:38,363] {logging_mixin.py:104} INFO - [2022-05-07 14:36:38,363] {dag.py:1818} INFO - Sync 1 DAGs
[2022-05-07 14:36:38,375] {logging_mixin.py:104} INFO - [2022-05-07 14:36:38,375] {dag.py:2273} INFO - Setting next_dagrun for analyze_json_data to 2022-05-07 00:00:00+00:00
[2022-05-07 14:36:38,378] {scheduler_job.py:190} INFO - Processing /opt/airflow/dags/dagRun.py took 0.303 seconds
[2022-05-07 14:37:09,142] {scheduler_job.py:182} INFO - Started process (PID=7450) to work on /opt/airflow/dags/dagRun.py
[2022-05-07 14:37:09,143] {scheduler_job.py:629} INFO - Processing file /opt/airflow/dags/dagRun.py for tasks to queue
[2022-05-07 14:37:09,143] {logging_mixin.py:104} INFO - [2022-05-07 14:37:09,143] {dagbag.py:448} INFO - Filling up the DagBag from /opt/airflow/dags/dagRun.py
[2022-05-07 14:37:09,407] {scheduler_job.py:639} INFO - DAG(s) dict_keys(['analyze_json_data']) retrieved from /opt/airflow/dags/dagRun.py
[2022-05-07 14:37:09,420] {logging_mixin.py:104} INFO - [2022-05-07 14:37:09,420] {dag.py:1818} INFO - Sync 1 DAGs
[2022-05-07 14:37:09,431] {logging_mixin.py:104} INFO - [2022-05-07 14:37:09,431] {dag.py:2273} INFO - Setting next_dagrun for analyze_json_data to 2022-05-07 00:00:00+00:00
[2022-05-07 14:37:09,435] {scheduler_job.py:190} INFO - Processing /opt/airflow/dags/dagRun.py took 0.296 seconds
[2022-05-07 14:37:40,166] {scheduler_job.py:182} INFO - Started process (PID=7585) to work on /opt/airflow/dags/dagRun.py
[2022-05-07 14:37:40,167] {scheduler_job.py:629} INFO - Processing file /opt/airflow/dags/dagRun.py for tasks to queue
[2022-05-07 14:37:40,167] {logging_mixin.py:104} INFO - [2022-05-07 14:37:40,167] {dagbag.py:448} INFO - Filling up the DagBag from /opt/airflow/dags/dagRun.py
[2022-05-07 14:37:40,412] {scheduler_job.py:639} INFO - DAG(s) dict_keys(['analyze_json_data']) retrieved from /opt/airflow/dags/dagRun.py
[2022-05-07 14:37:40,425] {logging_mixin.py:104} INFO - [2022-05-07 14:37:40,425] {dag.py:1818} INFO - Sync 1 DAGs
[2022-05-07 14:37:40,437] {logging_mixin.py:104} INFO - [2022-05-07 14:37:40,437] {dag.py:2273} INFO - Setting next_dagrun for analyze_json_data to 2022-05-07 00:00:00+00:00
[2022-05-07 14:37:40,440] {scheduler_job.py:190} INFO - Processing /opt/airflow/dags/dagRun.py took 0.276 seconds
[2022-05-07 14:38:10,882] {scheduler_job.py:182} INFO - Started process (PID=7720) to work on /opt/airflow/dags/dagRun.py
[2022-05-07 14:38:10,883] {scheduler_job.py:629} INFO - Processing file /opt/airflow/dags/dagRun.py for tasks to queue
[2022-05-07 14:38:10,883] {logging_mixin.py:104} INFO - [2022-05-07 14:38:10,883] {dagbag.py:448} INFO - Filling up the DagBag from /opt/airflow/dags/dagRun.py
[2022-05-07 14:38:11,136] {scheduler_job.py:639} INFO - DAG(s) dict_keys(['analyze_json_data']) retrieved from /opt/airflow/dags/dagRun.py
[2022-05-07 14:38:11,151] {logging_mixin.py:104} INFO - [2022-05-07 14:38:11,151] {dag.py:1818} INFO - Sync 1 DAGs
[2022-05-07 14:38:11,164] {logging_mixin.py:104} INFO - [2022-05-07 14:38:11,164] {dag.py:2273} INFO - Setting next_dagrun for analyze_json_data to 2022-05-07 00:00:00+00:00
[2022-05-07 14:38:11,168] {scheduler_job.py:190} INFO - Processing /opt/airflow/dags/dagRun.py took 0.288 seconds
[2022-05-07 14:38:41,603] {scheduler_job.py:182} INFO - Started process (PID=7855) to work on /opt/airflow/dags/dagRun.py
[2022-05-07 14:38:41,604] {scheduler_job.py:629} INFO - Processing file /opt/airflow/dags/dagRun.py for tasks to queue
[2022-05-07 14:38:41,605] {logging_mixin.py:104} INFO - [2022-05-07 14:38:41,605] {dagbag.py:448} INFO - Filling up the DagBag from /opt/airflow/dags/dagRun.py
[2022-05-07 14:38:41,861] {scheduler_job.py:639} INFO - DAG(s) dict_keys(['analyze_json_data']) retrieved from /opt/airflow/dags/dagRun.py
[2022-05-07 14:38:41,876] {logging_mixin.py:104} INFO - [2022-05-07 14:38:41,876] {dag.py:1818} INFO - Sync 1 DAGs
[2022-05-07 14:38:41,887] {logging_mixin.py:104} INFO - [2022-05-07 14:38:41,887] {dag.py:2273} INFO - Setting next_dagrun for analyze_json_data to 2022-05-07 00:00:00+00:00
[2022-05-07 14:38:41,891] {scheduler_job.py:190} INFO - Processing /opt/airflow/dags/dagRun.py took 0.290 seconds
[2022-05-07 14:39:12,394] {scheduler_job.py:182} INFO - Started process (PID=7990) to work on /opt/airflow/dags/dagRun.py
[2022-05-07 14:39:12,395] {scheduler_job.py:629} INFO - Processing file /opt/airflow/dags/dagRun.py for tasks to queue
[2022-05-07 14:39:12,395] {logging_mixin.py:104} INFO - [2022-05-07 14:39:12,395] {dagbag.py:448} INFO - Filling up the DagBag from /opt/airflow/dags/dagRun.py
[2022-05-07 14:39:12,645] {scheduler_job.py:639} INFO - DAG(s) dict_keys(['analyze_json_data']) retrieved from /opt/airflow/dags/dagRun.py
[2022-05-07 14:39:12,659] {logging_mixin.py:104} INFO - [2022-05-07 14:39:12,659] {dag.py:1818} INFO - Sync 1 DAGs
[2022-05-07 14:39:12,670] {logging_mixin.py:104} INFO - [2022-05-07 14:39:12,670] {dag.py:2273} INFO - Setting next_dagrun for analyze_json_data to 2022-05-07 00:00:00+00:00
[2022-05-07 14:39:12,673] {scheduler_job.py:190} INFO - Processing /opt/airflow/dags/dagRun.py took 0.282 seconds
[2022-05-07 14:39:43,164] {scheduler_job.py:182} INFO - Started process (PID=8125) to work on /opt/airflow/dags/dagRun.py
[2022-05-07 14:39:43,164] {scheduler_job.py:629} INFO - Processing file /opt/airflow/dags/dagRun.py for tasks to queue
[2022-05-07 14:39:43,165] {logging_mixin.py:104} INFO - [2022-05-07 14:39:43,165] {dagbag.py:448} INFO - Filling up the DagBag from /opt/airflow/dags/dagRun.py
[2022-05-07 14:39:43,422] {scheduler_job.py:639} INFO - DAG(s) dict_keys(['analyze_json_data']) retrieved from /opt/airflow/dags/dagRun.py
[2022-05-07 14:39:43,437] {logging_mixin.py:104} INFO - [2022-05-07 14:39:43,437] {dag.py:1818} INFO - Sync 1 DAGs
[2022-05-07 14:39:43,449] {logging_mixin.py:104} INFO - [2022-05-07 14:39:43,449] {dag.py:2273} INFO - Setting next_dagrun for analyze_json_data to 2022-05-07 00:00:00+00:00
[2022-05-07 14:39:43,452] {scheduler_job.py:190} INFO - Processing /opt/airflow/dags/dagRun.py took 0.291 seconds
[2022-05-07 14:40:13,936] {scheduler_job.py:182} INFO - Started process (PID=8260) to work on /opt/airflow/dags/dagRun.py
[2022-05-07 14:40:13,937] {scheduler_job.py:629} INFO - Processing file /opt/airflow/dags/dagRun.py for tasks to queue
[2022-05-07 14:40:13,937] {logging_mixin.py:104} INFO - [2022-05-07 14:40:13,937] {dagbag.py:448} INFO - Filling up the DagBag from /opt/airflow/dags/dagRun.py
[2022-05-07 14:40:14,185] {scheduler_job.py:639} INFO - DAG(s) dict_keys(['analyze_json_data']) retrieved from /opt/airflow/dags/dagRun.py
[2022-05-07 14:40:14,200] {logging_mixin.py:104} INFO - [2022-05-07 14:40:14,200] {dag.py:1818} INFO - Sync 1 DAGs
[2022-05-07 14:40:14,213] {logging_mixin.py:104} INFO - [2022-05-07 14:40:14,212] {dag.py:2273} INFO - Setting next_dagrun for analyze_json_data to 2022-05-07 00:00:00+00:00
[2022-05-07 14:40:14,216] {scheduler_job.py:190} INFO - Processing /opt/airflow/dags/dagRun.py took 0.282 seconds
[2022-05-07 14:40:44,675] {scheduler_job.py:182} INFO - Started process (PID=8395) to work on /opt/airflow/dags/dagRun.py
[2022-05-07 14:40:44,677] {scheduler_job.py:629} INFO - Processing file /opt/airflow/dags/dagRun.py for tasks to queue
[2022-05-07 14:40:44,677] {logging_mixin.py:104} INFO - [2022-05-07 14:40:44,677] {dagbag.py:448} INFO - Filling up the DagBag from /opt/airflow/dags/dagRun.py
[2022-05-07 14:40:44,930] {scheduler_job.py:639} INFO - DAG(s) dict_keys(['analyze_json_data']) retrieved from /opt/airflow/dags/dagRun.py
[2022-05-07 14:40:44,943] {logging_mixin.py:104} INFO - [2022-05-07 14:40:44,943] {dag.py:1818} INFO - Sync 1 DAGs
[2022-05-07 14:40:44,954] {logging_mixin.py:104} INFO - [2022-05-07 14:40:44,954] {dag.py:2273} INFO - Setting next_dagrun for analyze_json_data to 2022-05-07 00:00:00+00:00
[2022-05-07 14:40:44,957] {scheduler_job.py:190} INFO - Processing /opt/airflow/dags/dagRun.py took 0.284 seconds
[2022-05-07 14:41:15,404] {scheduler_job.py:182} INFO - Started process (PID=8530) to work on /opt/airflow/dags/dagRun.py
[2022-05-07 14:41:15,405] {scheduler_job.py:629} INFO - Processing file /opt/airflow/dags/dagRun.py for tasks to queue
[2022-05-07 14:41:15,406] {logging_mixin.py:104} INFO - [2022-05-07 14:41:15,405] {dagbag.py:448} INFO - Filling up the DagBag from /opt/airflow/dags/dagRun.py
[2022-05-07 14:41:15,650] {scheduler_job.py:639} INFO - DAG(s) dict_keys(['analyze_json_data']) retrieved from /opt/airflow/dags/dagRun.py
[2022-05-07 14:41:15,664] {logging_mixin.py:104} INFO - [2022-05-07 14:41:15,664] {dag.py:1818} INFO - Sync 1 DAGs
[2022-05-07 14:41:15,675] {logging_mixin.py:104} INFO - [2022-05-07 14:41:15,675] {dag.py:2273} INFO - Setting next_dagrun for analyze_json_data to 2022-05-07 00:00:00+00:00
[2022-05-07 14:41:15,678] {scheduler_job.py:190} INFO - Processing /opt/airflow/dags/dagRun.py took 0.276 seconds
[2022-05-07 14:41:46,144] {scheduler_job.py:182} INFO - Started process (PID=8665) to work on /opt/airflow/dags/dagRun.py
[2022-05-07 14:41:46,145] {scheduler_job.py:629} INFO - Processing file /opt/airflow/dags/dagRun.py for tasks to queue
[2022-05-07 14:41:46,145] {logging_mixin.py:104} INFO - [2022-05-07 14:41:46,145] {dagbag.py:448} INFO - Filling up the DagBag from /opt/airflow/dags/dagRun.py
[2022-05-07 14:41:46,394] {scheduler_job.py:639} INFO - DAG(s) dict_keys(['analyze_json_data']) retrieved from /opt/airflow/dags/dagRun.py
[2022-05-07 14:41:46,408] {logging_mixin.py:104} INFO - [2022-05-07 14:41:46,408] {dag.py:1818} INFO - Sync 1 DAGs
[2022-05-07 14:41:46,421] {logging_mixin.py:104} INFO - [2022-05-07 14:41:46,421] {dag.py:2273} INFO - Setting next_dagrun for analyze_json_data to 2022-05-07 00:00:00+00:00
[2022-05-07 14:41:46,424] {scheduler_job.py:190} INFO - Processing /opt/airflow/dags/dagRun.py took 0.283 seconds
[2022-05-07 14:42:16,887] {scheduler_job.py:182} INFO - Started process (PID=8800) to work on /opt/airflow/dags/dagRun.py
[2022-05-07 14:42:16,888] {scheduler_job.py:629} INFO - Processing file /opt/airflow/dags/dagRun.py for tasks to queue
[2022-05-07 14:42:16,888] {logging_mixin.py:104} INFO - [2022-05-07 14:42:16,888] {dagbag.py:448} INFO - Filling up the DagBag from /opt/airflow/dags/dagRun.py
[2022-05-07 14:42:17,134] {scheduler_job.py:639} INFO - DAG(s) dict_keys(['analyze_json_data']) retrieved from /opt/airflow/dags/dagRun.py
[2022-05-07 14:42:17,147] {logging_mixin.py:104} INFO - [2022-05-07 14:42:17,147] {dag.py:1818} INFO - Sync 1 DAGs
[2022-05-07 14:42:17,158] {logging_mixin.py:104} INFO - [2022-05-07 14:42:17,158] {dag.py:2273} INFO - Setting next_dagrun for analyze_json_data to 2022-05-07 00:00:00+00:00
[2022-05-07 14:42:17,161] {scheduler_job.py:190} INFO - Processing /opt/airflow/dags/dagRun.py took 0.276 seconds
[2022-05-07 14:42:47,637] {scheduler_job.py:182} INFO - Started process (PID=8935) to work on /opt/airflow/dags/dagRun.py
[2022-05-07 14:42:47,638] {scheduler_job.py:629} INFO - Processing file /opt/airflow/dags/dagRun.py for tasks to queue
[2022-05-07 14:42:47,639] {logging_mixin.py:104} INFO - [2022-05-07 14:42:47,639] {dagbag.py:448} INFO - Filling up the DagBag from /opt/airflow/dags/dagRun.py
[2022-05-07 14:42:47,893] {scheduler_job.py:639} INFO - DAG(s) dict_keys(['analyze_json_data']) retrieved from /opt/airflow/dags/dagRun.py
[2022-05-07 14:42:47,908] {logging_mixin.py:104} INFO - [2022-05-07 14:42:47,908] {dag.py:1818} INFO - Sync 1 DAGs
[2022-05-07 14:42:47,919] {logging_mixin.py:104} INFO - [2022-05-07 14:42:47,919] {dag.py:2273} INFO - Setting next_dagrun for analyze_json_data to 2022-05-07 00:00:00+00:00
[2022-05-07 14:42:47,922] {scheduler_job.py:190} INFO - Processing /opt/airflow/dags/dagRun.py took 0.288 seconds
[2022-05-07 14:43:18,329] {scheduler_job.py:182} INFO - Started process (PID=9070) to work on /opt/airflow/dags/dagRun.py
[2022-05-07 14:43:18,330] {scheduler_job.py:629} INFO - Processing file /opt/airflow/dags/dagRun.py for tasks to queue
[2022-05-07 14:43:18,330] {logging_mixin.py:104} INFO - [2022-05-07 14:43:18,330] {dagbag.py:448} INFO - Filling up the DagBag from /opt/airflow/dags/dagRun.py
[2022-05-07 14:43:18,579] {scheduler_job.py:639} INFO - DAG(s) dict_keys(['analyze_json_data']) retrieved from /opt/airflow/dags/dagRun.py
[2022-05-07 14:43:18,593] {logging_mixin.py:104} INFO - [2022-05-07 14:43:18,593] {dag.py:1818} INFO - Sync 1 DAGs
[2022-05-07 14:43:18,605] {logging_mixin.py:104} INFO - [2022-05-07 14:43:18,605] {dag.py:2273} INFO - Setting next_dagrun for analyze_json_data to 2022-05-07 00:00:00+00:00
[2022-05-07 14:43:18,608] {scheduler_job.py:190} INFO - Processing /opt/airflow/dags/dagRun.py took 0.282 seconds
[2022-05-07 14:43:49,151] {scheduler_job.py:182} INFO - Started process (PID=9205) to work on /opt/airflow/dags/dagRun.py
[2022-05-07 14:43:49,153] {scheduler_job.py:629} INFO - Processing file /opt/airflow/dags/dagRun.py for tasks to queue
[2022-05-07 14:43:49,153] {logging_mixin.py:104} INFO - [2022-05-07 14:43:49,153] {dagbag.py:448} INFO - Filling up the DagBag from /opt/airflow/dags/dagRun.py
[2022-05-07 14:43:49,402] {scheduler_job.py:639} INFO - DAG(s) dict_keys(['analyze_json_data']) retrieved from /opt/airflow/dags/dagRun.py
[2022-05-07 14:43:49,417] {logging_mixin.py:104} INFO - [2022-05-07 14:43:49,417] {dag.py:1818} INFO - Sync 1 DAGs
[2022-05-07 14:43:49,429] {logging_mixin.py:104} INFO - [2022-05-07 14:43:49,429] {dag.py:2273} INFO - Setting next_dagrun for analyze_json_data to 2022-05-07 00:00:00+00:00
[2022-05-07 14:43:49,433] {scheduler_job.py:190} INFO - Processing /opt/airflow/dags/dagRun.py took 0.284 seconds
[2022-05-07 14:44:19,927] {scheduler_job.py:182} INFO - Started process (PID=9340) to work on /opt/airflow/dags/dagRun.py
[2022-05-07 14:44:19,928] {scheduler_job.py:629} INFO - Processing file /opt/airflow/dags/dagRun.py for tasks to queue
[2022-05-07 14:44:19,929] {logging_mixin.py:104} INFO - [2022-05-07 14:44:19,928] {dagbag.py:448} INFO - Filling up the DagBag from /opt/airflow/dags/dagRun.py
[2022-05-07 14:44:20,175] {scheduler_job.py:639} INFO - DAG(s) dict_keys(['analyze_json_data']) retrieved from /opt/airflow/dags/dagRun.py
[2022-05-07 14:44:20,190] {logging_mixin.py:104} INFO - [2022-05-07 14:44:20,190] {dag.py:1818} INFO - Sync 1 DAGs
[2022-05-07 14:44:20,200] {logging_mixin.py:104} INFO - [2022-05-07 14:44:20,200] {dag.py:2273} INFO - Setting next_dagrun for analyze_json_data to 2022-05-07 00:00:00+00:00
[2022-05-07 14:44:20,203] {scheduler_job.py:190} INFO - Processing /opt/airflow/dags/dagRun.py took 0.278 seconds
[2022-05-07 14:44:50,657] {scheduler_job.py:182} INFO - Started process (PID=9475) to work on /opt/airflow/dags/dagRun.py
[2022-05-07 14:44:50,658] {scheduler_job.py:629} INFO - Processing file /opt/airflow/dags/dagRun.py for tasks to queue
[2022-05-07 14:44:50,659] {logging_mixin.py:104} INFO - [2022-05-07 14:44:50,658] {dagbag.py:448} INFO - Filling up the DagBag from /opt/airflow/dags/dagRun.py
[2022-05-07 14:44:50,905] {scheduler_job.py:639} INFO - DAG(s) dict_keys(['analyze_json_data']) retrieved from /opt/airflow/dags/dagRun.py
[2022-05-07 14:44:50,919] {logging_mixin.py:104} INFO - [2022-05-07 14:44:50,919] {dag.py:1818} INFO - Sync 1 DAGs
[2022-05-07 14:44:50,929] {logging_mixin.py:104} INFO - [2022-05-07 14:44:50,929] {dag.py:2273} INFO - Setting next_dagrun for analyze_json_data to 2022-05-07 00:00:00+00:00
[2022-05-07 14:44:50,933] {scheduler_job.py:190} INFO - Processing /opt/airflow/dags/dagRun.py took 0.278 seconds
[2022-05-07 14:45:21,425] {scheduler_job.py:182} INFO - Started process (PID=9610) to work on /opt/airflow/dags/dagRun.py
[2022-05-07 14:45:21,425] {scheduler_job.py:629} INFO - Processing file /opt/airflow/dags/dagRun.py for tasks to queue
[2022-05-07 14:45:21,426] {logging_mixin.py:104} INFO - [2022-05-07 14:45:21,426] {dagbag.py:448} INFO - Filling up the DagBag from /opt/airflow/dags/dagRun.py
[2022-05-07 14:45:21,676] {scheduler_job.py:639} INFO - DAG(s) dict_keys(['analyze_json_data']) retrieved from /opt/airflow/dags/dagRun.py
[2022-05-07 14:45:21,690] {logging_mixin.py:104} INFO - [2022-05-07 14:45:21,690] {dag.py:1818} INFO - Sync 1 DAGs
[2022-05-07 14:45:21,700] {logging_mixin.py:104} INFO - [2022-05-07 14:45:21,700] {dag.py:2273} INFO - Setting next_dagrun for analyze_json_data to 2022-05-07 00:00:00+00:00
[2022-05-07 14:45:21,703] {scheduler_job.py:190} INFO - Processing /opt/airflow/dags/dagRun.py took 0.281 seconds
[2022-05-07 14:45:52,172] {scheduler_job.py:182} INFO - Started process (PID=9745) to work on /opt/airflow/dags/dagRun.py
[2022-05-07 14:45:52,173] {scheduler_job.py:629} INFO - Processing file /opt/airflow/dags/dagRun.py for tasks to queue
[2022-05-07 14:45:52,173] {logging_mixin.py:104} INFO - [2022-05-07 14:45:52,173] {dagbag.py:448} INFO - Filling up the DagBag from /opt/airflow/dags/dagRun.py
[2022-05-07 14:45:52,428] {scheduler_job.py:639} INFO - DAG(s) dict_keys(['analyze_json_data']) retrieved from /opt/airflow/dags/dagRun.py
[2022-05-07 14:45:52,440] {logging_mixin.py:104} INFO - [2022-05-07 14:45:52,440] {dag.py:1818} INFO - Sync 1 DAGs
[2022-05-07 14:45:52,452] {logging_mixin.py:104} INFO - [2022-05-07 14:45:52,452] {dag.py:2273} INFO - Setting next_dagrun for analyze_json_data to 2022-05-07 00:00:00+00:00
[2022-05-07 14:45:52,456] {scheduler_job.py:190} INFO - Processing /opt/airflow/dags/dagRun.py took 0.286 seconds
[2022-05-07 14:46:22,921] {scheduler_job.py:182} INFO - Started process (PID=9880) to work on /opt/airflow/dags/dagRun.py
[2022-05-07 14:46:22,923] {scheduler_job.py:629} INFO - Processing file /opt/airflow/dags/dagRun.py for tasks to queue
[2022-05-07 14:46:22,923] {logging_mixin.py:104} INFO - [2022-05-07 14:46:22,923] {dagbag.py:448} INFO - Filling up the DagBag from /opt/airflow/dags/dagRun.py
[2022-05-07 14:46:23,173] {scheduler_job.py:639} INFO - DAG(s) dict_keys(['analyze_json_data']) retrieved from /opt/airflow/dags/dagRun.py
[2022-05-07 14:46:23,187] {logging_mixin.py:104} INFO - [2022-05-07 14:46:23,187] {dag.py:1818} INFO - Sync 1 DAGs
[2022-05-07 14:46:23,198] {logging_mixin.py:104} INFO - [2022-05-07 14:46:23,198] {dag.py:2273} INFO - Setting next_dagrun for analyze_json_data to 2022-05-07 00:00:00+00:00
[2022-05-07 14:46:23,201] {scheduler_job.py:190} INFO - Processing /opt/airflow/dags/dagRun.py took 0.281 seconds
[2022-05-07 14:46:53,682] {scheduler_job.py:182} INFO - Started process (PID=10015) to work on /opt/airflow/dags/dagRun.py
[2022-05-07 14:46:53,683] {scheduler_job.py:629} INFO - Processing file /opt/airflow/dags/dagRun.py for tasks to queue
[2022-05-07 14:46:53,683] {logging_mixin.py:104} INFO - [2022-05-07 14:46:53,683] {dagbag.py:448} INFO - Filling up the DagBag from /opt/airflow/dags/dagRun.py
[2022-05-07 14:46:53,933] {scheduler_job.py:639} INFO - DAG(s) dict_keys(['analyze_json_data']) retrieved from /opt/airflow/dags/dagRun.py
[2022-05-07 14:46:53,947] {logging_mixin.py:104} INFO - [2022-05-07 14:46:53,947] {dag.py:1818} INFO - Sync 1 DAGs
[2022-05-07 14:46:53,959] {logging_mixin.py:104} INFO - [2022-05-07 14:46:53,959] {dag.py:2273} INFO - Setting next_dagrun for analyze_json_data to 2022-05-07 00:00:00+00:00
[2022-05-07 14:46:53,963] {scheduler_job.py:190} INFO - Processing /opt/airflow/dags/dagRun.py took 0.283 seconds
[2022-05-07 14:47:24,480] {scheduler_job.py:182} INFO - Started process (PID=10150) to work on /opt/airflow/dags/dagRun.py
[2022-05-07 14:47:24,481] {scheduler_job.py:629} INFO - Processing file /opt/airflow/dags/dagRun.py for tasks to queue
[2022-05-07 14:47:24,482] {logging_mixin.py:104} INFO - [2022-05-07 14:47:24,482] {dagbag.py:448} INFO - Filling up the DagBag from /opt/airflow/dags/dagRun.py
[2022-05-07 14:47:24,729] {scheduler_job.py:639} INFO - DAG(s) dict_keys(['analyze_json_data']) retrieved from /opt/airflow/dags/dagRun.py
[2022-05-07 14:47:24,743] {logging_mixin.py:104} INFO - [2022-05-07 14:47:24,743] {dag.py:1818} INFO - Sync 1 DAGs
[2022-05-07 14:47:24,756] {logging_mixin.py:104} INFO - [2022-05-07 14:47:24,756] {dag.py:2273} INFO - Setting next_dagrun for analyze_json_data to 2022-05-07 00:00:00+00:00
[2022-05-07 14:47:24,759] {scheduler_job.py:190} INFO - Processing /opt/airflow/dags/dagRun.py took 0.281 seconds
[2022-05-07 14:47:55,553] {scheduler_job.py:182} INFO - Started process (PID=10285) to work on /opt/airflow/dags/dagRun.py
[2022-05-07 14:47:55,553] {scheduler_job.py:629} INFO - Processing file /opt/airflow/dags/dagRun.py for tasks to queue
[2022-05-07 14:47:55,554] {logging_mixin.py:104} INFO - [2022-05-07 14:47:55,554] {dagbag.py:448} INFO - Filling up the DagBag from /opt/airflow/dags/dagRun.py
[2022-05-07 14:47:55,807] {scheduler_job.py:639} INFO - DAG(s) dict_keys(['analyze_json_data']) retrieved from /opt/airflow/dags/dagRun.py
[2022-05-07 14:47:55,822] {logging_mixin.py:104} INFO - [2022-05-07 14:47:55,822] {dag.py:1818} INFO - Sync 1 DAGs
[2022-05-07 14:47:55,834] {logging_mixin.py:104} INFO - [2022-05-07 14:47:55,834] {dag.py:2273} INFO - Setting next_dagrun for analyze_json_data to 2022-05-07 00:00:00+00:00
[2022-05-07 14:47:55,838] {scheduler_job.py:190} INFO - Processing /opt/airflow/dags/dagRun.py took 0.287 seconds
[2022-05-07 14:48:26,302] {scheduler_job.py:182} INFO - Started process (PID=10420) to work on /opt/airflow/dags/dagRun.py
[2022-05-07 14:48:26,302] {scheduler_job.py:629} INFO - Processing file /opt/airflow/dags/dagRun.py for tasks to queue
[2022-05-07 14:48:26,303] {logging_mixin.py:104} INFO - [2022-05-07 14:48:26,303] {dagbag.py:448} INFO - Filling up the DagBag from /opt/airflow/dags/dagRun.py
[2022-05-07 14:48:26,549] {scheduler_job.py:639} INFO - DAG(s) dict_keys(['analyze_json_data']) retrieved from /opt/airflow/dags/dagRun.py
[2022-05-07 14:48:26,562] {logging_mixin.py:104} INFO - [2022-05-07 14:48:26,562] {dag.py:1818} INFO - Sync 1 DAGs
[2022-05-07 14:48:26,574] {logging_mixin.py:104} INFO - [2022-05-07 14:48:26,574] {dag.py:2273} INFO - Setting next_dagrun for analyze_json_data to 2022-05-07 00:00:00+00:00
[2022-05-07 14:48:26,577] {scheduler_job.py:190} INFO - Processing /opt/airflow/dags/dagRun.py took 0.278 seconds
[2022-05-07 14:48:57,032] {scheduler_job.py:182} INFO - Started process (PID=10555) to work on /opt/airflow/dags/dagRun.py
[2022-05-07 14:48:57,033] {scheduler_job.py:629} INFO - Processing file /opt/airflow/dags/dagRun.py for tasks to queue
[2022-05-07 14:48:57,033] {logging_mixin.py:104} INFO - [2022-05-07 14:48:57,033] {dagbag.py:448} INFO - Filling up the DagBag from /opt/airflow/dags/dagRun.py
[2022-05-07 14:48:57,284] {scheduler_job.py:639} INFO - DAG(s) dict_keys(['analyze_json_data']) retrieved from /opt/airflow/dags/dagRun.py
[2022-05-07 14:48:57,299] {logging_mixin.py:104} INFO - [2022-05-07 14:48:57,299] {dag.py:1818} INFO - Sync 1 DAGs
[2022-05-07 14:48:57,311] {logging_mixin.py:104} INFO - [2022-05-07 14:48:57,311] {dag.py:2273} INFO - Setting next_dagrun for analyze_json_data to 2022-05-07 00:00:00+00:00
[2022-05-07 14:48:57,315] {scheduler_job.py:190} INFO - Processing /opt/airflow/dags/dagRun.py took 0.285 seconds
[2022-05-07 14:49:27,767] {scheduler_job.py:182} INFO - Started process (PID=10690) to work on /opt/airflow/dags/dagRun.py
[2022-05-07 14:49:27,768] {scheduler_job.py:629} INFO - Processing file /opt/airflow/dags/dagRun.py for tasks to queue
[2022-05-07 14:49:27,768] {logging_mixin.py:104} INFO - [2022-05-07 14:49:27,768] {dagbag.py:448} INFO - Filling up the DagBag from /opt/airflow/dags/dagRun.py
[2022-05-07 14:49:28,029] {scheduler_job.py:639} INFO - DAG(s) dict_keys(['analyze_json_data']) retrieved from /opt/airflow/dags/dagRun.py
[2022-05-07 14:49:28,043] {logging_mixin.py:104} INFO - [2022-05-07 14:49:28,043] {dag.py:1818} INFO - Sync 1 DAGs
[2022-05-07 14:49:28,055] {logging_mixin.py:104} INFO - [2022-05-07 14:49:28,055] {dag.py:2273} INFO - Setting next_dagrun for analyze_json_data to 2022-05-07 00:00:00+00:00
[2022-05-07 14:49:28,058] {scheduler_job.py:190} INFO - Processing /opt/airflow/dags/dagRun.py took 0.293 seconds
[2022-05-07 14:49:58,514] {scheduler_job.py:182} INFO - Started process (PID=10825) to work on /opt/airflow/dags/dagRun.py
[2022-05-07 14:49:58,515] {scheduler_job.py:629} INFO - Processing file /opt/airflow/dags/dagRun.py for tasks to queue
[2022-05-07 14:49:58,515] {logging_mixin.py:104} INFO - [2022-05-07 14:49:58,515] {dagbag.py:448} INFO - Filling up the DagBag from /opt/airflow/dags/dagRun.py
[2022-05-07 14:49:58,762] {scheduler_job.py:639} INFO - DAG(s) dict_keys(['analyze_json_data']) retrieved from /opt/airflow/dags/dagRun.py
[2022-05-07 14:49:58,778] {logging_mixin.py:104} INFO - [2022-05-07 14:49:58,778] {dag.py:1818} INFO - Sync 1 DAGs
[2022-05-07 14:49:58,788] {logging_mixin.py:104} INFO - [2022-05-07 14:49:58,788] {dag.py:2273} INFO - Setting next_dagrun for analyze_json_data to 2022-05-07 00:00:00+00:00
[2022-05-07 14:49:58,792] {scheduler_job.py:190} INFO - Processing /opt/airflow/dags/dagRun.py took 0.280 seconds
[2022-05-07 14:50:29,259] {scheduler_job.py:182} INFO - Started process (PID=10960) to work on /opt/airflow/dags/dagRun.py
[2022-05-07 14:50:29,259] {scheduler_job.py:629} INFO - Processing file /opt/airflow/dags/dagRun.py for tasks to queue
[2022-05-07 14:50:29,260] {logging_mixin.py:104} INFO - [2022-05-07 14:50:29,260] {dagbag.py:448} INFO - Filling up the DagBag from /opt/airflow/dags/dagRun.py
[2022-05-07 14:50:29,504] {scheduler_job.py:639} INFO - DAG(s) dict_keys(['analyze_json_data']) retrieved from /opt/airflow/dags/dagRun.py
[2022-05-07 14:50:29,519] {logging_mixin.py:104} INFO - [2022-05-07 14:50:29,519] {dag.py:1818} INFO - Sync 1 DAGs
[2022-05-07 14:50:29,532] {logging_mixin.py:104} INFO - [2022-05-07 14:50:29,532] {dag.py:2273} INFO - Setting next_dagrun for analyze_json_data to 2022-05-07 00:00:00+00:00
[2022-05-07 14:50:29,535] {scheduler_job.py:190} INFO - Processing /opt/airflow/dags/dagRun.py took 0.279 seconds
[2022-05-07 14:50:59,972] {scheduler_job.py:182} INFO - Started process (PID=11095) to work on /opt/airflow/dags/dagRun.py
[2022-05-07 14:50:59,973] {scheduler_job.py:629} INFO - Processing file /opt/airflow/dags/dagRun.py for tasks to queue
[2022-05-07 14:50:59,974] {logging_mixin.py:104} INFO - [2022-05-07 14:50:59,974] {dagbag.py:448} INFO - Filling up the DagBag from /opt/airflow/dags/dagRun.py
[2022-05-07 14:51:00,223] {scheduler_job.py:639} INFO - DAG(s) dict_keys(['analyze_json_data']) retrieved from /opt/airflow/dags/dagRun.py
[2022-05-07 14:51:00,236] {logging_mixin.py:104} INFO - [2022-05-07 14:51:00,236] {dag.py:1818} INFO - Sync 1 DAGs
[2022-05-07 14:51:00,248] {logging_mixin.py:104} INFO - [2022-05-07 14:51:00,248] {dag.py:2273} INFO - Setting next_dagrun for analyze_json_data to 2022-05-07 00:00:00+00:00
[2022-05-07 14:51:00,254] {scheduler_job.py:190} INFO - Processing /opt/airflow/dags/dagRun.py took 0.284 seconds
[2022-05-07 14:51:30,706] {scheduler_job.py:182} INFO - Started process (PID=11230) to work on /opt/airflow/dags/dagRun.py
[2022-05-07 14:51:30,707] {scheduler_job.py:629} INFO - Processing file /opt/airflow/dags/dagRun.py for tasks to queue
[2022-05-07 14:51:30,708] {logging_mixin.py:104} INFO - [2022-05-07 14:51:30,708] {dagbag.py:448} INFO - Filling up the DagBag from /opt/airflow/dags/dagRun.py
[2022-05-07 14:51:30,966] {scheduler_job.py:639} INFO - DAG(s) dict_keys(['analyze_json_data']) retrieved from /opt/airflow/dags/dagRun.py
[2022-05-07 14:51:30,980] {logging_mixin.py:104} INFO - [2022-05-07 14:51:30,980] {dag.py:1818} INFO - Sync 1 DAGs
[2022-05-07 14:51:30,993] {logging_mixin.py:104} INFO - [2022-05-07 14:51:30,993] {dag.py:2273} INFO - Setting next_dagrun for analyze_json_data to 2022-05-07 00:00:00+00:00
[2022-05-07 14:51:30,996] {scheduler_job.py:190} INFO - Processing /opt/airflow/dags/dagRun.py took 0.292 seconds
[2022-05-07 14:52:01,457] {scheduler_job.py:182} INFO - Started process (PID=11365) to work on /opt/airflow/dags/dagRun.py
[2022-05-07 14:52:01,458] {scheduler_job.py:629} INFO - Processing file /opt/airflow/dags/dagRun.py for tasks to queue
[2022-05-07 14:52:01,458] {logging_mixin.py:104} INFO - [2022-05-07 14:52:01,458] {dagbag.py:448} INFO - Filling up the DagBag from /opt/airflow/dags/dagRun.py
[2022-05-07 14:52:01,703] {scheduler_job.py:639} INFO - DAG(s) dict_keys(['analyze_json_data']) retrieved from /opt/airflow/dags/dagRun.py
[2022-05-07 14:52:01,716] {logging_mixin.py:104} INFO - [2022-05-07 14:52:01,716] {dag.py:1818} INFO - Sync 1 DAGs
[2022-05-07 14:52:01,728] {logging_mixin.py:104} INFO - [2022-05-07 14:52:01,728] {dag.py:2273} INFO - Setting next_dagrun for analyze_json_data to 2022-05-07 00:00:00+00:00
[2022-05-07 14:52:01,731] {scheduler_job.py:190} INFO - Processing /opt/airflow/dags/dagRun.py took 0.277 seconds
[2022-05-07 14:52:32,191] {scheduler_job.py:182} INFO - Started process (PID=11500) to work on /opt/airflow/dags/dagRun.py
[2022-05-07 14:52:32,192] {scheduler_job.py:629} INFO - Processing file /opt/airflow/dags/dagRun.py for tasks to queue
[2022-05-07 14:52:32,192] {logging_mixin.py:104} INFO - [2022-05-07 14:52:32,192] {dagbag.py:448} INFO - Filling up the DagBag from /opt/airflow/dags/dagRun.py
[2022-05-07 14:52:32,440] {scheduler_job.py:639} INFO - DAG(s) dict_keys(['analyze_json_data']) retrieved from /opt/airflow/dags/dagRun.py
[2022-05-07 14:52:32,455] {logging_mixin.py:104} INFO - [2022-05-07 14:52:32,455] {dag.py:1818} INFO - Sync 1 DAGs
[2022-05-07 14:52:32,465] {logging_mixin.py:104} INFO - [2022-05-07 14:52:32,465] {dag.py:2273} INFO - Setting next_dagrun for analyze_json_data to 2022-05-07 00:00:00+00:00
[2022-05-07 14:52:32,469] {scheduler_job.py:190} INFO - Processing /opt/airflow/dags/dagRun.py took 0.280 seconds
[2022-05-07 14:53:02,912] {scheduler_job.py:182} INFO - Started process (PID=11635) to work on /opt/airflow/dags/dagRun.py
[2022-05-07 14:53:02,913] {scheduler_job.py:629} INFO - Processing file /opt/airflow/dags/dagRun.py for tasks to queue
[2022-05-07 14:53:02,913] {logging_mixin.py:104} INFO - [2022-05-07 14:53:02,913] {dagbag.py:448} INFO - Filling up the DagBag from /opt/airflow/dags/dagRun.py
[2022-05-07 14:53:03,161] {scheduler_job.py:639} INFO - DAG(s) dict_keys(['analyze_json_data']) retrieved from /opt/airflow/dags/dagRun.py
[2022-05-07 14:53:03,175] {logging_mixin.py:104} INFO - [2022-05-07 14:53:03,175] {dag.py:1818} INFO - Sync 1 DAGs
[2022-05-07 14:53:03,186] {logging_mixin.py:104} INFO - [2022-05-07 14:53:03,186] {dag.py:2273} INFO - Setting next_dagrun for analyze_json_data to 2022-05-07 00:00:00+00:00
[2022-05-07 14:53:03,189] {scheduler_job.py:190} INFO - Processing /opt/airflow/dags/dagRun.py took 0.279 seconds
[2022-05-07 14:53:33,684] {scheduler_job.py:182} INFO - Started process (PID=11770) to work on /opt/airflow/dags/dagRun.py
[2022-05-07 14:53:33,685] {scheduler_job.py:629} INFO - Processing file /opt/airflow/dags/dagRun.py for tasks to queue
[2022-05-07 14:53:33,685] {logging_mixin.py:104} INFO - [2022-05-07 14:53:33,685] {dagbag.py:448} INFO - Filling up the DagBag from /opt/airflow/dags/dagRun.py
[2022-05-07 14:53:33,929] {scheduler_job.py:639} INFO - DAG(s) dict_keys(['analyze_json_data']) retrieved from /opt/airflow/dags/dagRun.py
[2022-05-07 14:53:33,943] {logging_mixin.py:104} INFO - [2022-05-07 14:53:33,943] {dag.py:1818} INFO - Sync 1 DAGs
[2022-05-07 14:53:33,954] {logging_mixin.py:104} INFO - [2022-05-07 14:53:33,954] {dag.py:2273} INFO - Setting next_dagrun for analyze_json_data to 2022-05-07 00:00:00+00:00
[2022-05-07 14:53:33,957] {scheduler_job.py:190} INFO - Processing /opt/airflow/dags/dagRun.py took 0.276 seconds
[2022-05-07 14:54:04,415] {scheduler_job.py:182} INFO - Started process (PID=11905) to work on /opt/airflow/dags/dagRun.py
[2022-05-07 14:54:04,416] {scheduler_job.py:629} INFO - Processing file /opt/airflow/dags/dagRun.py for tasks to queue
[2022-05-07 14:54:04,416] {logging_mixin.py:104} INFO - [2022-05-07 14:54:04,416] {dagbag.py:448} INFO - Filling up the DagBag from /opt/airflow/dags/dagRun.py
[2022-05-07 14:54:04,661] {scheduler_job.py:639} INFO - DAG(s) dict_keys(['analyze_json_data']) retrieved from /opt/airflow/dags/dagRun.py
[2022-05-07 14:54:04,674] {logging_mixin.py:104} INFO - [2022-05-07 14:54:04,674] {dag.py:1818} INFO - Sync 1 DAGs
[2022-05-07 14:54:04,686] {logging_mixin.py:104} INFO - [2022-05-07 14:54:04,686] {dag.py:2273} INFO - Setting next_dagrun for analyze_json_data to 2022-05-07 00:00:00+00:00
[2022-05-07 14:54:04,689] {scheduler_job.py:190} INFO - Processing /opt/airflow/dags/dagRun.py took 0.277 seconds
