[2022-04-19 15:05:13,128] {taskinstance.py:851} INFO - Dependencies all met for <TaskInstance: analyze_json_data.parseJsonFile 2022-04-19T15:05:10.267375+00:00 [queued]>
[2022-04-19 15:05:13,142] {taskinstance.py:851} INFO - Dependencies all met for <TaskInstance: analyze_json_data.parseJsonFile 2022-04-19T15:05:10.267375+00:00 [queued]>
[2022-04-19 15:05:13,143] {taskinstance.py:1042} INFO - 
--------------------------------------------------------------------------------
[2022-04-19 15:05:13,143] {taskinstance.py:1043} INFO - Starting attempt 1 of 4
[2022-04-19 15:05:13,143] {taskinstance.py:1044} INFO - 
--------------------------------------------------------------------------------
[2022-04-19 15:05:13,149] {taskinstance.py:1063} INFO - Executing <Task(BranchPythonOperator): parseJsonFile> on 2022-04-19T15:05:10.267375+00:00
[2022-04-19 15:05:13,153] {standard_task_runner.py:52} INFO - Started process 7587 to run task
[2022-04-19 15:05:13,156] {standard_task_runner.py:76} INFO - Running: ['airflow', 'tasks', 'run', 'analyze_json_data', 'parseJsonFile', '2022-04-19T15:05:10.267375+00:00', '--job-id', '222', '--pool', 'default_pool', '--raw', '--subdir', 'DAGS_FOLDER/dagRun.py', '--cfg-path', '/tmp/tmpw7qih47w', '--error-file', '/tmp/tmpbdh8x6io']
[2022-04-19 15:05:13,158] {standard_task_runner.py:77} INFO - Job 222: Subtask parseJsonFile
[2022-04-19 15:05:13,188] {logging_mixin.py:104} INFO - Running <TaskInstance: analyze_json_data.parseJsonFile 2022-04-19T15:05:10.267375+00:00 [running]> on host 79776f5a39da
[2022-04-19 15:05:13,217] {taskinstance.py:1257} INFO - Exporting the following env vars:
AIRFLOW_CTX_DAG_OWNER=Renato_Otescu
AIRFLOW_CTX_DAG_ID=analyze_json_data
AIRFLOW_CTX_TASK_ID=parseJsonFile
AIRFLOW_CTX_EXECUTION_DATE=2022-04-19T15:05:10.267375+00:00
AIRFLOW_CTX_DAG_RUN_ID=manual__2022-04-19T15:05:10.267375+00:00
[2022-04-19 15:05:13,228] {s3.py:793} INFO - Downloading source S3 file from Bucket airflow-raw with path countyData.json
[2022-04-19 15:05:13,228] {base_aws.py:362} INFO - Airflow Connection: aws_conn_id=aws_default
[2022-04-19 15:05:13,229] {crypto.py:82} WARNING - empty cryptography key - values will not be stored encrypted.
[2022-04-19 15:05:13,229] {base_aws.py:171} INFO - Credentials retrieved from extra_config['s3_config_file']
[2022-04-19 15:05:13,229] {base_aws.py:81} INFO - Creating session with aws_access_key_id=AKIA2RNRZHIUSS5EYBCG region_name=None
[2022-04-19 15:05:13,240] {base_aws.py:151} INFO - role_arn is None
[2022-04-19 15:05:13,900] {base_aws.py:362} INFO - Airflow Connection: aws_conn_id=aws_default
[2022-04-19 15:05:13,901] {base_aws.py:171} INFO - Credentials retrieved from extra_config['s3_config_file']
[2022-04-19 15:05:13,901] {base_aws.py:81} INFO - Creating session with aws_access_key_id=AKIA2RNRZHIUSS5EYBCG region_name=None
[2022-04-19 15:05:13,911] {base_aws.py:151} INFO - role_arn is None
[2022-04-19 15:05:19,115] {python.py:118} INFO - Done. Returned value was: processParsedData
[2022-04-19 15:05:19,115] {skipmixin.py:124} INFO - Following branch processParsedData
[2022-04-19 15:05:19,121] {skipmixin.py:155} INFO - Skipping tasks []
[2022-04-19 15:05:19,142] {taskinstance.py:1166} INFO - Marking task as SUCCESS. dag_id=analyze_json_data, task_id=parseJsonFile, execution_date=20220419T150510, start_date=20220419T150513, end_date=20220419T150519
[2022-04-19 15:05:19,169] {taskinstance.py:1220} INFO - 1 downstream tasks scheduled from follow-on schedule check
[2022-04-19 15:05:19,211] {local_task_job.py:146} INFO - Task exited with return code 0
